abb313GPIA.col.b n_loops: 100 n_threads: 1
Sun Dec 25 03:36:37 EST 2005 /home/thanhvu/nfs/Classic/1225_SameAsPATCHONLY_w_somechangestoprintSol/LogGCP100//1135499796/abb313GPIA.col.b_1135499796.log
Single e3308cd38d8c5eb9b3fc1f01b7fcc13b /home/thanhvu/nfs/Classic/1225_SameAsPATCHONLY_w_somechangestoprintSol/a.out
nthreads: 1 colors: 10 vertices: 1557 edges 53356 colors_table: () bestIndex: 21 seed: 1135499797
43.92
nthreads: 1 colors: 9 vertices: 1557 edges 53356 colors_table: () bestIndex: 863 seed: 1135499841
72.25
nthreads: 1 colors: 9 vertices: 1557 edges 53356 colors_table: () bestIndex: 43 seed: 1135499915
49.90
nthreads: 1 colors: 9 vertices: 1557 edges 53356 colors_table: () bestIndex: 615 seed: 1135499966
65.72
nthreads: 1 colors: 10 vertices: 1557 edges 53356 colors_table: () bestIndex: 48 seed: 1135500032
45.47
nthreads: 1 colors: 10 vertices: 1557 edges 53356 colors_table: () bestIndex: 70 seed: 1135500079
45.66
nthreads: 1 colors: 9 vertices: 1557 edges 53356 colors_table: () bestIndex: 150 seed: 1135500126
53.17
nthreads: 1 colors: 9 vertices: 1557 edges 53356 colors_table: () bestIndex: 475 seed: 1135500180
61.72
nthreads: 1 colors: 9 vertices: 1557 edges 53356 colors_table: () bestIndex: 905 seed: 1135500243
74.33
nthreads: 1 colors: 10 vertices: 1557 edges 53356 colors_table: () bestIndex: 27 seed: 1135500318
43.64
nthreads: 1 colors: 10 vertices: 1557 edges 53356 colors_table: () bestIndex: 46 seed: 1135500363
44.06
nthreads: 1 colors: 9 vertices: 1557 edges 53356 colors_table: () bestIndex: 478 seed: 1135500408
61.76
nthreads: 1 colors: 10 vertices: 1557 edges 53356 colors_table: () bestIndex: 129 seed: 1135500470
45.80
nthreads: 1 colors: 9 vertices: 1557 edges 53356 colors_table: () bestIndex: 289 seed: 1135500517
57.49
nthreads: 1 colors: 9 vertices: 1557 edges 53356 colors_table: () bestIndex: 72 seed: 1135500576
50.79
nthreads: 1 colors: 9 vertices: 1557 edges 53356 colors_table: () bestIndex: 1241 seed: 1135500628
84.70
nthreads: 1 colors: 9 vertices: 1557 edges 53356 colors_table: () bestIndex: 515 seed: 1135500713
63.38
nthreads: 1 colors: 9 vertices: 1557 edges 53356 colors_table: () bestIndex: 601 seed: 1135500778
65.15
nthreads: 1 colors: 9 vertices: 1557 edges 53356 colors_table: () bestIndex: 483 seed: 1135500844
62.04
nthreads: 1 colors: 10 vertices: 1557 edges 53356 colors_table: () bestIndex: 31 seed: 1135500907
44.90
nthreads: 1 colors: 10 vertices: 1557 edges 53356 colors_table: () bestIndex: 70 seed: 1135500953
45.83
nthreads: 1 colors: 9 vertices: 1557 edges 53356 colors_table: () bestIndex: 178 seed: 1135501000
53.62
nthreads: 1 colors: 9 vertices: 1557 edges 53356 colors_table: () bestIndex: 429 seed: 1135501054
60.54
nthreads: 1 colors: 10 vertices: 1557 edges 53356 colors_table: () bestIndex: 43 seed: 1135501116
44.09
nthreads: 1 colors: 9 vertices: 1557 edges 53356 colors_table: () bestIndex: 34 seed: 1135501161
49.89
nthreads: 1 colors: 9 vertices: 1557 edges 53356 colors_table: () bestIndex: 108 seed: 1135501212
51.50
nthreads: 1 colors: 9 vertices: 1557 edges 53356 colors_table: () bestIndex: 314 seed: 1135501264
56.95
nthreads: 1 colors: 9 vertices: 1557 edges 53356 colors_table: () bestIndex: 673 seed: 1135501322
67.29
nthreads: 1 colors: 9 vertices: 1557 edges 53356 colors_table: () bestIndex: 131 seed: 1135501391
51.47
nthreads: 1 colors: 10 vertices: 1557 edges 53356 colors_table: () bestIndex: 24 seed: 1135501443
43.74
nthreads: 1 colors: 10 vertices: 1557 edges 53356 colors_table: () bestIndex: 30 seed: 1135501488
46.15
nthreads: 1 colors: 10 vertices: 1557 edges 53356 colors_table: () bestIndex: 49 seed: 1135501535
45.27
nthreads: 1 colors: 10 vertices: 1557 edges 53356 colors_table: () bestIndex: 50 seed: 1135501581
45.86
nthreads: 1 colors: 9 vertices: 1557 edges 53356 colors_table: () bestIndex: 94 seed: 1135501628
50.73
nthreads: 1 colors: 10 vertices: 1557 edges 53356 colors_table: () bestIndex: 38 seed: 1135501680
47.64
nthreads: 1 colors: 10 vertices: 1557 edges 53356 colors_table: () bestIndex: 21 seed: 1135501729
42.89
nthreads: 1 colors: 9 vertices: 1557 edges 53356 colors_table: () bestIndex: 196 seed: 1135501773
54.05
nthreads: 1 colors: 9 vertices: 1557 edges 53356 colors_table: () bestIndex: 1512 seed: 1135501828
93.18
nthreads: 1 colors: 9 vertices: 1557 edges 53356 colors_table: () bestIndex: 409 seed: 1135501922
60.15
nthreads: 1 colors: 9 vertices: 1557 edges 53356 colors_table: () bestIndex: 1358 seed: 1135501983
86.15
nthreads: 1 colors: 9 vertices: 1557 edges 53356 colors_table: () bestIndex: 756 seed: 1135502070
70.06
nthreads: 1 colors: 10 vertices: 1557 edges 53356 colors_table: () bestIndex: 59 seed: 1135502141
44.22
nthreads: 1 colors: 9 vertices: 1557 edges 53356 colors_table: () bestIndex: 16 seed: 1135502187
48.87
nthreads: 1 colors: 9 vertices: 1557 edges 53356 colors_table: () bestIndex: 611 seed: 1135502236
65.88
nthreads: 1 colors: 10 vertices: 1557 edges 53356 colors_table: () bestIndex: 76 seed: 1135502303
46.92
nthreads: 1 colors: 9 vertices: 1557 edges 53356 colors_table: () bestIndex: 380 seed: 1135502351
58.69
nthreads: 1 colors: 9 vertices: 1557 edges 53356 colors_table: () bestIndex: 283 seed: 1135502411
56.24
nthreads: 1 colors: 9 vertices: 1557 edges 53356 colors_table: () bestIndex: 711 seed: 1135502468
68.32
nthreads: 1 colors: 9 vertices: 1557 edges 53356 colors_table: () bestIndex: 1199 seed: 1135502538
82.48
nthreads: 1 colors: 9 vertices: 1557 edges 53356 colors_table: () bestIndex: 403 seed: 1135502621
59.66
nthreads: 1 colors: 10 vertices: 1557 edges 53356 colors_table: () bestIndex: 21 seed: 1135502682
42.24
nthreads: 1 colors: 9 vertices: 1557 edges 53356 colors_table: () bestIndex: 886 seed: 1135502725
73.91
nthreads: 1 colors: 10 vertices: 1557 edges 53356 colors_table: () bestIndex: 35 seed: 1135502800
45.81
nthreads: 1 colors: 9 vertices: 1557 edges 53356 colors_table: () bestIndex: 468 seed: 1135502847
61.56
nthreads: 1 colors: 10 vertices: 1557 edges 53356 colors_table: () bestIndex: 225 seed: 1135502909
50.41
nthreads: 1 colors: 9 vertices: 1557 edges 53356 colors_table: () bestIndex: 110 seed: 1135502961
51.54
nthreads: 1 colors: 9 vertices: 1557 edges 53356 colors_table: () bestIndex: 560 seed: 1135503013
64.35
nthreads: 1 colors: 9 vertices: 1557 edges 53356 colors_table: () bestIndex: 40 seed: 1135503079
49.29
nthreads: 1 colors: 9 vertices: 1557 edges 53356 colors_table: () bestIndex: 617 seed: 1135503129
65.40
nthreads: 1 colors: 10 vertices: 1557 edges 53356 colors_table: () bestIndex: 31 seed: 1135503195
47.63
nthreads: 1 colors: 9 vertices: 1557 edges 53356 colors_table: () bestIndex: 1175 seed: 1135503244
82.77
nthreads: 1 colors: 10 vertices: 1557 edges 53356 colors_table: () bestIndex: 55 seed: 1135503328
44.93
nthreads: 1 colors: 10 vertices: 1557 edges 53356 colors_table: () bestIndex: 55 seed: 1135503374
47.08
nthreads: 1 colors: 10 vertices: 1557 edges 53356 colors_table: () bestIndex: 34 seed: 1135503422
45.83
nthreads: 1 colors: 10 vertices: 1557 edges 53356 colors_table: () bestIndex: 42 seed: 1135503469
45.36
nthreads: 1 colors: 10 vertices: 1557 edges 53356 colors_table: () bestIndex: 31 seed: 1135503515
44.59
nthreads: 1 colors: 9 vertices: 1557 edges 53356 colors_table: () bestIndex: 1052 seed: 1135503561
79.72
nthreads: 1 colors: 10 vertices: 1557 edges 53356 colors_table: () bestIndex: 30 seed: 1135503642
44.65
nthreads: 1 colors: 9 vertices: 1557 edges 53356 colors_table: () bestIndex: 75 seed: 1135503687
50.87
nthreads: 1 colors: 10 vertices: 1557 edges 53356 colors_table: () bestIndex: 40 seed: 1135503739
45.19
nthreads: 1 colors: 10 vertices: 1557 edges 53356 colors_table: () bestIndex: 190 seed: 1135503785
47.92
nthreads: 1 colors: 10 vertices: 1557 edges 53356 colors_table: () bestIndex: 33 seed: 1135503834
45.30
nthreads: 1 colors: 10 vertices: 1557 edges 53356 colors_table: () bestIndex: 33 seed: 1135503881
42.94
nthreads: 1 colors: 10 vertices: 1557 edges 53356 colors_table: () bestIndex: 46 seed: 1135503925
46.26
nthreads: 1 colors: 9 vertices: 1557 edges 53356 colors_table: () bestIndex: 502 seed: 1135503972
62.83
nthreads: 1 colors: 9 vertices: 1557 edges 53356 colors_table: () bestIndex: 1335 seed: 1135504036
86.48
nthreads: 1 colors: 9 vertices: 1557 edges 53356 colors_table: () bestIndex: 51 seed: 1135504123
49.91
nthreads: 1 colors: 9 vertices: 1557 edges 53356 colors_table: () bestIndex: 587 seed: 1135504174
65.82
nthreads: 1 colors: 9 vertices: 1557 edges 53356 colors_table: () bestIndex: 122 seed: 1135504241
52.38
nthreads: 1 colors: 10 vertices: 1557 edges 53356 colors_table: () bestIndex: 39 seed: 1135504294
44.22
nthreads: 1 colors: 9 vertices: 1557 edges 53356 colors_table: () bestIndex: 441 seed: 1135504340
60.26
nthreads: 1 colors: 9 vertices: 1557 edges 53356 colors_table: () bestIndex: 897 seed: 1135504401
74.63
nthreads: 1 colors: 9 vertices: 1557 edges 53356 colors_table: () bestIndex: 63 seed: 1135504477
49.91
nthreads: 1 colors: 9 vertices: 1557 edges 53356 colors_table: () bestIndex: 219 seed: 1135504527
54.10
nthreads: 1 colors: 9 vertices: 1557 edges 53356 colors_table: () bestIndex: 1483 seed: 1135504583
92.92
nthreads: 1 colors: 9 vertices: 1557 edges 53356 colors_table: () bestIndex: 252 seed: 1135504677
56.17
nthreads: 1 colors: 10 vertices: 1557 edges 53356 colors_table: () bestIndex: 21 seed: 1135504734
44.20
nthreads: 1 colors: 9 vertices: 1557 edges 53356 colors_table: () bestIndex: 373 seed: 1135504779
58.62
nthreads: 1 colors: 9 vertices: 1557 edges 53356 colors_table: () bestIndex: 94 seed: 1135504839
50.74
nthreads: 1 colors: 10 vertices: 1557 edges 53356 colors_table: () bestIndex: 57 seed: 1135504890
45.47
nthreads: 1 colors: 10 vertices: 1557 edges 53356 colors_table: () bestIndex: 36 seed: 1135504937
44.70
nthreads: 1 colors: 9 vertices: 1557 edges 53356 colors_table: () bestIndex: 25 seed: 1135504983
48.89
nthreads: 1 colors: 9 vertices: 1557 edges 53356 colors_table: () bestIndex: 39 seed: 1135505032
49.39
nthreads: 1 colors: 10 vertices: 1557 edges 53356 colors_table: () bestIndex: 229 seed: 1135505083
50.78
nthreads: 1 colors: 10 vertices: 1557 edges 53356 colors_table: () bestIndex: 21 seed: 1135505135
43.38
nthreads: 1 colors: 10 vertices: 1557 edges 53356 colors_table: () bestIndex: 28 seed: 1135505179
44.34
nthreads: 1 colors: 9 vertices: 1557 edges 53356 colors_table: () bestIndex: 318 seed: 1135505224
57.22
nthreads: 1 colors: 9 vertices: 1557 edges 53356 colors_table: () bestIndex: 27 seed: 1135505283
49.39
nthreads: 1 colors: 9 vertices: 1557 edges 53356 colors_table: () bestIndex: 83 seed: 1135505333
51.13
nthreads: 1 colors: 10 vertices: 1557 edges 53356 colors_table: () bestIndex: 238 seed: 1135505385
51.44
