ash958GPIA.col.b n_loops: 100 n_threads: 1
Sun Dec 25 05:53:24 EST 2005 /home/thanhvu/nfs/Classic/1225_SameAsPATCHONLY_w_somechangestoprintSol/LogGCP100//1135499796/ash958GPIA.col.b_1135508004.log
Single e3308cd38d8c5eb9b3fc1f01b7fcc13b /home/thanhvu/nfs/Classic/1225_SameAsPATCHONLY_w_somechangestoprintSol/a.out
nthreads: 1 colors: 5 vertices: 1916 edges 12506 colors_table: () bestIndex: 3 seed: 1135508004
36.66
nthreads: 1 colors: 4 vertices: 1916 edges 12506 colors_table: () bestIndex: 35 seed: 1135508041
41.02
nthreads: 1 colors: 4 vertices: 1916 edges 12506 colors_table: () bestIndex: 41 seed: 1135508083
39.63
nthreads: 1 colors: 4 vertices: 1916 edges 12506 colors_table: () bestIndex: 90 seed: 1135508124
40.70
nthreads: 1 colors: 4 vertices: 1916 edges 12506 colors_table: () bestIndex: 137 seed: 1135508166
42.57
nthreads: 1 colors: 4 vertices: 1916 edges 12506 colors_table: () bestIndex: 29 seed: 1135508209
40.32
nthreads: 1 colors: 4 vertices: 1916 edges 12506 colors_table: () bestIndex: 11 seed: 1135508251
39.75
nthreads: 1 colors: 5 vertices: 1916 edges 12506 colors_table: () bestIndex: 4 seed: 1135508292
37.17
nthreads: 1 colors: 4 vertices: 1916 edges 12506 colors_table: () bestIndex: 20 seed: 1135508330
40.59
nthreads: 1 colors: 4 vertices: 1916 edges 12506 colors_table: () bestIndex: 121 seed: 1135508371
42.99
nthreads: 1 colors: 4 vertices: 1916 edges 12506 colors_table: () bestIndex: 9 seed: 1135508415
39.76
nthreads: 1 colors: 5 vertices: 1916 edges 12506 colors_table: () bestIndex: 10 seed: 1135508456
35.73
nthreads: 1 colors: 4 vertices: 1916 edges 12506 colors_table: () bestIndex: 30 seed: 1135508493
39.30
nthreads: 1 colors: 5 vertices: 1916 edges 12506 colors_table: () bestIndex: 6 seed: 1135508533
35.29
nthreads: 1 colors: 4 vertices: 1916 edges 12506 colors_table: () bestIndex: 1503 seed: 1135508569
74.00
nthreads: 1 colors: 4 vertices: 1916 edges 12506 colors_table: () bestIndex: 31 seed: 1135508644
39.34
nthreads: 1 colors: 5 vertices: 1916 edges 12506 colors_table: () bestIndex: 3 seed: 1135508685
35.31
nthreads: 1 colors: 5 vertices: 1916 edges 12506 colors_table: () bestIndex: 4 seed: 1135508721
36.61
nthreads: 1 colors: 4 vertices: 1916 edges 12506 colors_table: () bestIndex: 204 seed: 1135508759
44.58
nthreads: 1 colors: 4 vertices: 1916 edges 12506 colors_table: () bestIndex: 22 seed: 1135508804
39.23
nthreads: 1 colors: 4 vertices: 1916 edges 12506 colors_table: () bestIndex: 31 seed: 1135508845
39.46
nthreads: 1 colors: 4 vertices: 1916 edges 12506 colors_table: () bestIndex: 14 seed: 1135508885
38.89
nthreads: 1 colors: 4 vertices: 1916 edges 12506 colors_table: () bestIndex: 16 seed: 1135508925
40.55
nthreads: 1 colors: 4 vertices: 1916 edges 12506 colors_table: () bestIndex: 14 seed: 1135508967
40.12
nthreads: 1 colors: 4 vertices: 1916 edges 12506 colors_table: () bestIndex: 14 seed: 1135509008
38.99
nthreads: 1 colors: 5 vertices: 1916 edges 12506 colors_table: () bestIndex: 2 seed: 1135509048
35.35
nthreads: 1 colors: 4 vertices: 1916 edges 12506 colors_table: () bestIndex: 31 seed: 1135509084
40.52
nthreads: 1 colors: 5 vertices: 1916 edges 12506 colors_table: () bestIndex: 3 seed: 1135509126
36.03
nthreads: 1 colors: 5 vertices: 1916 edges 12506 colors_table: () bestIndex: 2 seed: 1135509163
35.22
nthreads: 1 colors: 4 vertices: 1916 edges 12506 colors_table: () bestIndex: 25 seed: 1135509199
39.27
nthreads: 1 colors: 4 vertices: 1916 edges 12506 colors_table: () bestIndex: 249 seed: 1135509239
44.45
nthreads: 1 colors: 4 vertices: 1916 edges 12506 colors_table: () bestIndex: 8 seed: 1135509285
39.69
nthreads: 1 colors: 5 vertices: 1916 edges 12506 colors_table: () bestIndex: 3 seed: 1135509325
35.55
nthreads: 1 colors: 5 vertices: 1916 edges 12506 colors_table: () bestIndex: 31 seed: 1135509362
36.05
nthreads: 1 colors: 4 vertices: 1916 edges 12506 colors_table: () bestIndex: 312 seed: 1135509399
45.99
nthreads: 1 colors: 4 vertices: 1916 edges 12506 colors_table: () bestIndex: 316 seed: 1135509446
47.97
nthreads: 1 colors: 4 vertices: 1916 edges 12506 colors_table: () bestIndex: 8 seed: 1135509495
39.71
nthreads: 1 colors: 4 vertices: 1916 edges 12506 colors_table: () bestIndex: 77 seed: 1135509536
40.91
nthreads: 1 colors: 5 vertices: 1916 edges 12506 colors_table: () bestIndex: 5 seed: 1135509578
35.81
nthreads: 1 colors: 5 vertices: 1916 edges 12506 colors_table: () bestIndex: 3 seed: 1135509615
36.37
nthreads: 1 colors: 5 vertices: 1916 edges 12506 colors_table: () bestIndex: 2 seed: 1135509652
36.41
nthreads: 1 colors: 5 vertices: 1916 edges 12506 colors_table: () bestIndex: 3 seed: 1135509689
36.41
nthreads: 1 colors: 4 vertices: 1916 edges 12506 colors_table: () bestIndex: 75 seed: 1135509727
40.51
nthreads: 1 colors: 4 vertices: 1916 edges 12506 colors_table: () bestIndex: 24 seed: 1135509768
40.70
nthreads: 1 colors: 5 vertices: 1916 edges 12506 colors_table: () bestIndex: 4 seed: 1135509810
35.54
nthreads: 1 colors: 4 vertices: 1916 edges 12506 colors_table: () bestIndex: 63 seed: 1135509847
41.02
nthreads: 1 colors: 4 vertices: 1916 edges 12506 colors_table: () bestIndex: 27 seed: 1135509889
40.56
nthreads: 1 colors: 4 vertices: 1916 edges 12506 colors_table: () bestIndex: 71 seed: 1135509930
41.52
nthreads: 1 colors: 5 vertices: 1916 edges 12506 colors_table: () bestIndex: 3 seed: 1135509973
35.21
nthreads: 1 colors: 4 vertices: 1916 edges 12506 colors_table: () bestIndex: 175 seed: 1135510009
42.72
nthreads: 1 colors: 5 vertices: 1916 edges 12506 colors_table: () bestIndex: 5 seed: 1135510053
36.71
nthreads: 1 colors: 4 vertices: 1916 edges 12506 colors_table: () bestIndex: 28 seed: 1135510090
39.99
nthreads: 1 colors: 5 vertices: 1916 edges 12506 colors_table: () bestIndex: 3 seed: 1135510132
35.28
nthreads: 1 colors: 5 vertices: 1916 edges 12506 colors_table: () bestIndex: 6 seed: 1135510168
36.50
nthreads: 1 colors: 5 vertices: 1916 edges 12506 colors_table: () bestIndex: 5 seed: 1135510205
35.35
nthreads: 1 colors: 4 vertices: 1916 edges 12506 colors_table: () bestIndex: 303 seed: 1135510242
46.34
nthreads: 1 colors: 4 vertices: 1916 edges 12506 colors_table: () bestIndex: 14 seed: 1135510289
39.46
nthreads: 1 colors: 5 vertices: 1916 edges 12506 colors_table: () bestIndex: 3 seed: 1135510330
36.51
nthreads: 1 colors: 4 vertices: 1916 edges 12506 colors_table: () bestIndex: 16 seed: 1135510367
40.28
nthreads: 1 colors: 4 vertices: 1916 edges 12506 colors_table: () bestIndex: 15 seed: 1135510408
40.12
nthreads: 1 colors: 5 vertices: 1916 edges 12506 colors_table: () bestIndex: 4 seed: 1135510449
36.85
nthreads: 1 colors: 5 vertices: 1916 edges 12506 colors_table: () bestIndex: 25 seed: 1135510487
36.92
nthreads: 1 colors: 4 vertices: 1916 edges 12506 colors_table: () bestIndex: 11 seed: 1135510525
40.30
nthreads: 1 colors: 4 vertices: 1916 edges 12506 colors_table: () bestIndex: 364 seed: 1135510567
48.59
nthreads: 1 colors: 4 vertices: 1916 edges 12506 colors_table: () bestIndex: 26 seed: 1135510616
40.20
nthreads: 1 colors: 4 vertices: 1916 edges 12506 colors_table: () bestIndex: 11 seed: 1135510657
40.95
nthreads: 1 colors: 4 vertices: 1916 edges 12506 colors_table: () bestIndex: 174 seed: 1135510699
43.79
nthreads: 1 colors: 5 vertices: 1916 edges 12506 colors_table: () bestIndex: 10 seed: 1135510744
36.78
nthreads: 1 colors: 4 vertices: 1916 edges 12506 colors_table: () bestIndex: 16 seed: 1135510782
40.48
nthreads: 1 colors: 4 vertices: 1916 edges 12506 colors_table: () bestIndex: 10 seed: 1135510824
39.91
nthreads: 1 colors: 5 vertices: 1916 edges 12506 colors_table: () bestIndex: 5 seed: 1135510864
36.77
nthreads: 1 colors: 4 vertices: 1916 edges 12506 colors_table: () bestIndex: 189 seed: 1135510902
44.91
nthreads: 1 colors: 5 vertices: 1916 edges 12506 colors_table: () bestIndex: 3 seed: 1135510948
36.86
nthreads: 1 colors: 4 vertices: 1916 edges 12506 colors_table: () bestIndex: 57 seed: 1135510986
41.21
nthreads: 1 colors: 5 vertices: 1916 edges 12506 colors_table: () bestIndex: 2 seed: 1135511028
36.63
nthreads: 1 colors: 4 vertices: 1916 edges 12506 colors_table: () bestIndex: 8 seed: 1135511066
40.36
nthreads: 1 colors: 4 vertices: 1916 edges 12506 colors_table: () bestIndex: 14 seed: 1135511107
40.47
nthreads: 1 colors: 5 vertices: 1916 edges 12506 colors_table: () bestIndex: 14 seed: 1135511149
37.56
nthreads: 1 colors: 5 vertices: 1916 edges 12506 colors_table: () bestIndex: 3 seed: 1135511187
35.85
nthreads: 1 colors: 4 vertices: 1916 edges 12506 colors_table: () bestIndex: 34 seed: 1135511224
40.26
nthreads: 1 colors: 4 vertices: 1916 edges 12506 colors_table: () bestIndex: 18 seed: 1135511266
40.05
nthreads: 1 colors: 5 vertices: 1916 edges 12506 colors_table: () bestIndex: 4 seed: 1135511307
36.92
nthreads: 1 colors: 4 vertices: 1916 edges 12506 colors_table: () bestIndex: 901 seed: 1135511345
61.99
nthreads: 1 colors: 5 vertices: 1916 edges 12506 colors_table: () bestIndex: 3 seed: 1135511408
36.54
nthreads: 1 colors: 4 vertices: 1916 edges 12506 colors_table: () bestIndex: 41 seed: 1135511445
40.90
nthreads: 1 colors: 5 vertices: 1916 edges 12506 colors_table: () bestIndex: 7 seed: 1135511487
37.52
nthreads: 1 colors: 5 vertices: 1916 edges 12506 colors_table: () bestIndex: 50 seed: 1135511526
37.93
nthreads: 1 colors: 5 vertices: 1916 edges 12506 colors_table: () bestIndex: 7 seed: 1135511565
37.18
nthreads: 1 colors: 4 vertices: 1916 edges 12506 colors_table: () bestIndex: 10 seed: 1135511603
40.77
nthreads: 1 colors: 5 vertices: 1916 edges 12506 colors_table: () bestIndex: 2 seed: 1135511645
36.13
nthreads: 1 colors: 4 vertices: 1916 edges 12506 colors_table: () bestIndex: 989 seed: 1135511682
64.24
nthreads: 1 colors: 5 vertices: 1916 edges 12506 colors_table: () bestIndex: 3 seed: 1135511747
37.01
nthreads: 1 colors: 4 vertices: 1916 edges 12506 colors_table: () bestIndex: 24 seed: 1135511785
39.98
nthreads: 1 colors: 5 vertices: 1916 edges 12506 colors_table: () bestIndex: 5 seed: 1135511826
36.48
nthreads: 1 colors: 5 vertices: 1916 edges 12506 colors_table: () bestIndex: 5 seed: 1135511863
36.78
nthreads: 1 colors: 4 vertices: 1916 edges 12506 colors_table: () bestIndex: 118 seed: 1135511901
43.30
nthreads: 1 colors: 5 vertices: 1916 edges 12506 colors_table: () bestIndex: 2 seed: 1135511946
35.97
nthreads: 1 colors: 5 vertices: 1916 edges 12506 colors_table: () bestIndex: 3 seed: 1135511983
37.01
nthreads: 1 colors: 5 vertices: 1916 edges 12506 colors_table: () bestIndex: 5 seed: 1135512021
36.78
nthreads: 1 colors: 5 vertices: 1916 edges 12506 colors_table: () bestIndex: 3 seed: 1135512058
36.88
