DSJC1000.1.col.b n_loops: 100 n_threads: 1
Sun Dec 25 07:01:36 EST 2005 /home/thanhvu/nfs/Classic/1225_SameAsPATCHONLY_w_somechangestoprintSol/LogGCP100//1135499796/DSJC1000.1.col.b_1135512096.log
Single e3308cd38d8c5eb9b3fc1f01b7fcc13b /home/thanhvu/nfs/Classic/1225_SameAsPATCHONLY_w_somechangestoprintSol/a.out
nthreads: 1 colors: 21 vertices: 1000 edges 49629 colors_table: () bestIndex: 832 seed: 1135512096
65.41
nthreads: 1 colors: 21 vertices: 1000 edges 49629 colors_table: () bestIndex: 349 seed: 1135512163
53.62
nthreads: 1 colors: 22 vertices: 1000 edges 49629 colors_table: () bestIndex: 80 seed: 1135512217
41.13
nthreads: 1 colors: 21 vertices: 1000 edges 49629 colors_table: () bestIndex: 642 seed: 1135512260
61.28
nthreads: 1 colors: 21 vertices: 1000 edges 49629 colors_table: () bestIndex: 364 seed: 1135512322
53.56
nthreads: 1 colors: 21 vertices: 1000 edges 49629 colors_table: () bestIndex: 653 seed: 1135512376
60.98
nthreads: 1 colors: 21 vertices: 1000 edges 49629 colors_table: () bestIndex: 810 seed: 1135512438
65.15
nthreads: 1 colors: 21 vertices: 1000 edges 49629 colors_table: () bestIndex: 583 seed: 1135512505
59.14
nthreads: 1 colors: 21 vertices: 1000 edges 49629 colors_table: () bestIndex: 213 seed: 1135512565
49.60
nthreads: 1 colors: 21 vertices: 1000 edges 49629 colors_table: () bestIndex: 1491 seed: 1135512615
81.39
nthreads: 1 colors: 21 vertices: 1000 edges 49629 colors_table: () bestIndex: 708 seed: 1135512698
62.09
nthreads: 1 colors: 21 vertices: 1000 edges 49629 colors_table: () bestIndex: 248 seed: 1135512761
50.66
nthreads: 1 colors: 22 vertices: 1000 edges 49629 colors_table: () bestIndex: 61 seed: 1135512813
41.26
nthreads: 1 colors: 21 vertices: 1000 edges 49629 colors_table: () bestIndex: 1094 seed: 1135512855
71.99
nthreads: 1 colors: 21 vertices: 1000 edges 49629 colors_table: () bestIndex: 1226 seed: 1135512928
75.59
nthreads: 1 colors: 21 vertices: 1000 edges 49629 colors_table: () bestIndex: 1459 seed: 1135513005
81.49
nthreads: 1 colors: 21 vertices: 1000 edges 49629 colors_table: () bestIndex: 303 seed: 1135513087
52.14
nthreads: 1 colors: 21 vertices: 1000 edges 49629 colors_table: () bestIndex: 1463 seed: 1135513140
81.70
nthreads: 1 colors: 21 vertices: 1000 edges 49629 colors_table: () bestIndex: 1459 seed: 1135513223
80.30
nthreads: 1 colors: 21 vertices: 1000 edges 49629 colors_table: () bestIndex: 1006 seed: 1135513304
69.37
nthreads: 1 colors: 22 vertices: 1000 edges 49629 colors_table: () bestIndex: 61 seed: 1135513375
41.30
nthreads: 1 colors: 21 vertices: 1000 edges 49629 colors_table: () bestIndex: 1346 seed: 1135513417
78.32
nthreads: 1 colors: 21 vertices: 1000 edges 49629 colors_table: () bestIndex: 248 seed: 1135513496
50.15
nthreads: 1 colors: 21 vertices: 1000 edges 49629 colors_table: () bestIndex: 560 seed: 1135513547
58.00
nthreads: 1 colors: 22 vertices: 1000 edges 49629 colors_table: () bestIndex: 61 seed: 1135513606
39.17
nthreads: 1 colors: 21 vertices: 1000 edges 49629 colors_table: () bestIndex: 1144 seed: 1135513647
73.95
nthreads: 1 colors: 21 vertices: 1000 edges 49629 colors_table: () bestIndex: 857 seed: 1135513722
65.16
nthreads: 1 colors: 21 vertices: 1000 edges 49629 colors_table: () bestIndex: 1557 seed: 1135513788
82.81
nthreads: 1 colors: 21 vertices: 1000 edges 49629 colors_table: () bestIndex: 652 seed: 1135513872
61.88
nthreads: 1 colors: 21 vertices: 1000 edges 49629 colors_table: () bestIndex: 654 seed: 1135513935
60.35
nthreads: 1 colors: 21 vertices: 1000 edges 49629 colors_table: () bestIndex: 347 seed: 1135513996
53.40
nthreads: 1 colors: 21 vertices: 1000 edges 49629 colors_table: () bestIndex: 710 seed: 1135514050
62.09
nthreads: 1 colors: 21 vertices: 1000 edges 49629 colors_table: () bestIndex: 1474 seed: 1135514113
81.75
nthreads: 1 colors: 22 vertices: 1000 edges 49629 colors_table: () bestIndex: 63 seed: 1135514196
40.88
nthreads: 1 colors: 21 vertices: 1000 edges 49629 colors_table: () bestIndex: 1423 seed: 1135514238
81.06
nthreads: 1 colors: 21 vertices: 1000 edges 49629 colors_table: () bestIndex: 1511 seed: 1135514320
83.05
nthreads: 1 colors: 21 vertices: 1000 edges 49629 colors_table: () bestIndex: 1008 seed: 1135514404
69.86
nthreads: 1 colors: 22 vertices: 1000 edges 49629 colors_table: () bestIndex: 63 seed: 1135514475
40.68
nthreads: 1 colors: 21 vertices: 1000 edges 49629 colors_table: () bestIndex: 1287 seed: 1135514517
76.65
nthreads: 1 colors: 21 vertices: 1000 edges 49629 colors_table: () bestIndex: 439 seed: 1135514595
55.54
nthreads: 1 colors: 21 vertices: 1000 edges 49629 colors_table: () bestIndex: 1258 seed: 1135514651
77.25
nthreads: 1 colors: 22 vertices: 1000 edges 49629 colors_table: () bestIndex: 63 seed: 1135514729
41.80
nthreads: 1 colors: 21 vertices: 1000 edges 49629 colors_table: () bestIndex: 979 seed: 1135514772
69.31
nthreads: 1 colors: 22 vertices: 1000 edges 49629 colors_table: () bestIndex: 63 seed: 1135514842
39.81
nthreads: 1 colors: 21 vertices: 1000 edges 49629 colors_table: () bestIndex: 754 seed: 1135514883
63.83
nthreads: 1 colors: 21 vertices: 1000 edges 49629 colors_table: () bestIndex: 1133 seed: 1135514948
72.52
nthreads: 1 colors: 21 vertices: 1000 edges 49629 colors_table: () bestIndex: 602 seed: 1135515022
59.28
nthreads: 1 colors: 21 vertices: 1000 edges 49629 colors_table: () bestIndex: 1129 seed: 1135515082
72.65
nthreads: 1 colors: 22 vertices: 1000 edges 49629 colors_table: () bestIndex: 86 seed: 1135515156
42.21
nthreads: 1 colors: 22 vertices: 1000 edges 49629 colors_table: () bestIndex: 63 seed: 1135515199
40.10
nthreads: 1 colors: 21 vertices: 1000 edges 49629 colors_table: () bestIndex: 395 seed: 1135515240
54.18
nthreads: 1 colors: 22 vertices: 1000 edges 49629 colors_table: () bestIndex: 80 seed: 1135515295
42.01
nthreads: 1 colors: 21 vertices: 1000 edges 49629 colors_table: () bestIndex: 699 seed: 1135515338
61.56
nthreads: 1 colors: 22 vertices: 1000 edges 49629 colors_table: () bestIndex: 61 seed: 1135515401
39.42
nthreads: 1 colors: 22 vertices: 1000 edges 49629 colors_table: () bestIndex: 62 seed: 1135515441
41.33
nthreads: 1 colors: 22 vertices: 1000 edges 49629 colors_table: () bestIndex: 66 seed: 1135515484
40.02
nthreads: 1 colors: 22 vertices: 1000 edges 49629 colors_table: () bestIndex: 61 seed: 1135515525
39.66
nthreads: 1 colors: 21 vertices: 1000 edges 49629 colors_table: () bestIndex: 911 seed: 1135515565
67.21
nthreads: 1 colors: 22 vertices: 1000 edges 49629 colors_table: () bestIndex: 63 seed: 1135515634
38.77
nthreads: 1 colors: 21 vertices: 1000 edges 49629 colors_table: () bestIndex: 544 seed: 1135515673
58.14
nthreads: 1 colors: 22 vertices: 1000 edges 49629 colors_table: () bestIndex: 62 seed: 1135515733
40.18
nthreads: 1 colors: 22 vertices: 1000 edges 49629 colors_table: () bestIndex: 62 seed: 1135515774
39.18
nthreads: 1 colors: 21 vertices: 1000 edges 49629 colors_table: () bestIndex: 538 seed: 1135515814
57.72
nthreads: 1 colors: 21 vertices: 1000 edges 49629 colors_table: () bestIndex: 1392 seed: 1135515873
80.41
nthreads: 1 colors: 22 vertices: 1000 edges 49629 colors_table: () bestIndex: 62 seed: 1135515954
40.90
nthreads: 1 colors: 21 vertices: 1000 edges 49629 colors_table: () bestIndex: 336 seed: 1135515996
52.61
nthreads: 1 colors: 22 vertices: 1000 edges 49629 colors_table: () bestIndex: 65 seed: 1135516050
41.25
nthreads: 1 colors: 21 vertices: 1000 edges 49629 colors_table: () bestIndex: 1004 seed: 1135516092
68.73
nthreads: 1 colors: 21 vertices: 1000 edges 49629 colors_table: () bestIndex: 310 seed: 1135516162
52.64
nthreads: 1 colors: 21 vertices: 1000 edges 49629 colors_table: () bestIndex: 1374 seed: 1135516215
79.52
nthreads: 1 colors: 22 vertices: 1000 edges 49629 colors_table: () bestIndex: 61 seed: 1135516296
39.27
nthreads: 1 colors: 22 vertices: 1000 edges 49629 colors_table: () bestIndex: 64 seed: 1135516336
39.51
nthreads: 1 colors: 21 vertices: 1000 edges 49629 colors_table: () bestIndex: 792 seed: 1135516377
64.57
nthreads: 1 colors: 21 vertices: 1000 edges 49629 colors_table: () bestIndex: 908 seed: 1135516442
67.55
nthreads: 1 colors: 21 vertices: 1000 edges 49629 colors_table: () bestIndex: 497 seed: 1135516511
56.90
nthreads: 1 colors: 22 vertices: 1000 edges 49629 colors_table: () bestIndex: 61 seed: 1135516569
40.14
nthreads: 1 colors: 22 vertices: 1000 edges 49629 colors_table: () bestIndex: 61 seed: 1135516610
40.46
nthreads: 1 colors: 21 vertices: 1000 edges 49629 colors_table: () bestIndex: 1000 seed: 1135516651
70.10
nthreads: 1 colors: 22 vertices: 1000 edges 49629 colors_table: () bestIndex: 68 seed: 1135516723
40.58
nthreads: 1 colors: 21 vertices: 1000 edges 49629 colors_table: () bestIndex: 993 seed: 1135516764
69.75
nthreads: 1 colors: 22 vertices: 1000 edges 49629 colors_table: () bestIndex: 61 seed: 1135516835
41.02
nthreads: 1 colors: 22 vertices: 1000 edges 49629 colors_table: () bestIndex: 61 seed: 1135516877
40.59
nthreads: 1 colors: 21 vertices: 1000 edges 49629 colors_table: () bestIndex: 1240 seed: 1135516919
76.36
nthreads: 1 colors: 21 vertices: 1000 edges 49629 colors_table: () bestIndex: 981 seed: 1135516996
69.44
nthreads: 1 colors: 21 vertices: 1000 edges 49629 colors_table: () bestIndex: 1305 seed: 1135517066
76.73
nthreads: 1 colors: 21 vertices: 1000 edges 49629 colors_table: () bestIndex: 498 seed: 1135517144
56.76
nthreads: 1 colors: 22 vertices: 1000 edges 49629 colors_table: () bestIndex: 62 seed: 1135517202
41.41
nthreads: 1 colors: 21 vertices: 1000 edges 49629 colors_table: () bestIndex: 623 seed: 1135517244
60.34
nthreads: 1 colors: 22 vertices: 1000 edges 49629 colors_table: () bestIndex: 63 seed: 1135517306
40.75
nthreads: 1 colors: 21 vertices: 1000 edges 49629 colors_table: () bestIndex: 1130 seed: 1135517347
72.41
nthreads: 1 colors: 21 vertices: 1000 edges 49629 colors_table: () bestIndex: 663 seed: 1135517421
61.29
nthreads: 1 colors: 22 vertices: 1000 edges 49629 colors_table: () bestIndex: 67 seed: 1135517483
40.25
nthreads: 1 colors: 21 vertices: 1000 edges 49629 colors_table: () bestIndex: 355 seed: 1135517525
53.35
nthreads: 1 colors: 21 vertices: 1000 edges 49629 colors_table: () bestIndex: 1384 seed: 1135517579
78.91
nthreads: 1 colors: 21 vertices: 1000 edges 49629 colors_table: () bestIndex: 386 seed: 1135517659
53.92
nthreads: 1 colors: 21 vertices: 1000 edges 49629 colors_table: () bestIndex: 1183 seed: 1135517714
75.10
nthreads: 1 colors: 22 vertices: 1000 edges 49629 colors_table: () bestIndex: 86 seed: 1135517790
42.43
nthreads: 1 colors: 21 vertices: 1000 edges 49629 colors_table: () bestIndex: 879 seed: 1135517833
67.11
nthreads: 1 colors: 22 vertices: 1000 edges 49629 colors_table: () bestIndex: 62 seed: 1135517901
41.75
nthreads: 1 colors: 21 vertices: 1000 edges 49629 colors_table: () bestIndex: 487 seed: 1135517944
57.09
