1-FullIns_5.col.b n_loops: 100 n_threads: 1
Thu Jul 20 03:46:18 EDT 2006 /home/thanhvu/nfs/Classic/1225_SameAsPATCHONLY_w_somechangestoprintSol/log_dir//1153381331/1-FullIns_5.col.b_1153381577.log
Single cedf232c677ebdd3c298dee92578679f /home/thanhvu/nfs/Classic/1225_SameAsPATCHONLY_w_somechangestoprintSol/a.out
nthreads: 1 colors: 6 vertices: 282 edges 3247 colors_table: () bestIndex: 0 seed: 1153381578
4.54
nthreads: 1 colors: 6 vertices: 282 edges 3247 colors_table: () bestIndex: 0 seed: 1153381583
4.55
nthreads: 1 colors: 6 vertices: 282 edges 3247 colors_table: () bestIndex: 0 seed: 1153381589
4.53
nthreads: 1 colors: 6 vertices: 282 edges 3247 colors_table: () bestIndex: 0 seed: 1153381594
4.55
nthreads: 1 colors: 6 vertices: 282 edges 3247 colors_table: () bestIndex: 0 seed: 1153381600
4.51
nthreads: 1 colors: 6 vertices: 282 edges 3247 colors_table: () bestIndex: 0 seed: 1153381605
4.53
nthreads: 1 colors: 6 vertices: 282 edges 3247 colors_table: () bestIndex: 0 seed: 1153381611
4.57
nthreads: 1 colors: 6 vertices: 282 edges 3247 colors_table: () bestIndex: 0 seed: 1153381617
4.46
nthreads: 1 colors: 6 vertices: 282 edges 3247 colors_table: () bestIndex: 0 seed: 1153381622
4.56
nthreads: 1 colors: 6 vertices: 282 edges 3247 colors_table: () bestIndex: 0 seed: 1153381628
4.54
nthreads: 1 colors: 6 vertices: 282 edges 3247 colors_table: () bestIndex: 0 seed: 1153381633
4.57
nthreads: 1 colors: 6 vertices: 282 edges 3247 colors_table: () bestIndex: 0 seed: 1153381639
4.56
nthreads: 1 colors: 6 vertices: 282 edges 3247 colors_table: () bestIndex: 0 seed: 1153381645
4.52
nthreads: 1 colors: 6 vertices: 282 edges 3247 colors_table: () bestIndex: 0 seed: 1153381650
4.54
nthreads: 1 colors: 6 vertices: 282 edges 3247 colors_table: () bestIndex: 0 seed: 1153381656
4.53
nthreads: 1 colors: 6 vertices: 282 edges 3247 colors_table: () bestIndex: 0 seed: 1153381661
4.58
nthreads: 1 colors: 6 vertices: 282 edges 3247 colors_table: () bestIndex: 0 seed: 1153381667
4.52
nthreads: 1 colors: 6 vertices: 282 edges 3247 colors_table: () bestIndex: 0 seed: 1153381672
4.52
nthreads: 1 colors: 6 vertices: 282 edges 3247 colors_table: () bestIndex: 0 seed: 1153381678
4.55
nthreads: 1 colors: 6 vertices: 282 edges 3247 colors_table: () bestIndex: 0 seed: 1153381684
4.57
nthreads: 1 colors: 6 vertices: 282 edges 3247 colors_table: () bestIndex: 0 seed: 1153381689
4.57
nthreads: 1 colors: 6 vertices: 282 edges 3247 colors_table: () bestIndex: 0 seed: 1153381695
4.60
nthreads: 1 colors: 6 vertices: 282 edges 3247 colors_table: () bestIndex: 0 seed: 1153381700
4.57
nthreads: 1 colors: 6 vertices: 282 edges 3247 colors_table: () bestIndex: 0 seed: 1153381706
4.49
nthreads: 1 colors: 6 vertices: 282 edges 3247 colors_table: () bestIndex: 0 seed: 1153381712
4.54
nthreads: 1 colors: 6 vertices: 282 edges 3247 colors_table: () bestIndex: 0 seed: 1153381717
4.50
nthreads: 1 colors: 6 vertices: 282 edges 3247 colors_table: () bestIndex: 0 seed: 1153381723
4.54
nthreads: 1 colors: 6 vertices: 282 edges 3247 colors_table: () bestIndex: 0 seed: 1153381728
4.55
nthreads: 1 colors: 6 vertices: 282 edges 3247 colors_table: () bestIndex: 0 seed: 1153381734
4.55
nthreads: 1 colors: 6 vertices: 282 edges 3247 colors_table: () bestIndex: 0 seed: 1153381739
4.54
nthreads: 1 colors: 6 vertices: 282 edges 3247 colors_table: () bestIndex: 0 seed: 1153381745
4.54
nthreads: 1 colors: 6 vertices: 282 edges 3247 colors_table: () bestIndex: 0 seed: 1153381751
4.51
nthreads: 1 colors: 6 vertices: 282 edges 3247 colors_table: () bestIndex: 0 seed: 1153381756
4.54
nthreads: 1 colors: 6 vertices: 282 edges 3247 colors_table: () bestIndex: 0 seed: 1153381762
4.55
nthreads: 1 colors: 6 vertices: 282 edges 3247 colors_table: () bestIndex: 0 seed: 1153381767
4.49
nthreads: 1 colors: 6 vertices: 282 edges 3247 colors_table: () bestIndex: 0 seed: 1153381773
4.53
nthreads: 1 colors: 6 vertices: 282 edges 3247 colors_table: () bestIndex: 0 seed: 1153381778
4.54
nthreads: 1 colors: 6 vertices: 282 edges 3247 colors_table: () bestIndex: 0 seed: 1153381784
4.54
nthreads: 1 colors: 6 vertices: 282 edges 3247 colors_table: () bestIndex: 0 seed: 1153381790
4.53
nthreads: 1 colors: 6 vertices: 282 edges 3247 colors_table: () bestIndex: 0 seed: 1153381795
4.54
nthreads: 1 colors: 6 vertices: 282 edges 3247 colors_table: () bestIndex: 0 seed: 1153381801
4.53
nthreads: 1 colors: 6 vertices: 282 edges 3247 colors_table: () bestIndex: 0 seed: 1153381806
4.53
nthreads: 1 colors: 6 vertices: 282 edges 3247 colors_table: () bestIndex: 0 seed: 1153381812
4.57
nthreads: 1 colors: 6 vertices: 282 edges 3247 colors_table: () bestIndex: 0 seed: 1153381817
4.52
nthreads: 1 colors: 6 vertices: 282 edges 3247 colors_table: () bestIndex: 0 seed: 1153381823
4.51
nthreads: 1 colors: 6 vertices: 282 edges 3247 colors_table: () bestIndex: 0 seed: 1153381829
4.51
nthreads: 1 colors: 6 vertices: 282 edges 3247 colors_table: () bestIndex: 0 seed: 1153381834
4.51
nthreads: 1 colors: 6 vertices: 282 edges 3247 colors_table: () bestIndex: 0 seed: 1153381840
4.51
nthreads: 1 colors: 6 vertices: 282 edges 3247 colors_table: () bestIndex: 0 seed: 1153381845
4.55
nthreads: 1 colors: 6 vertices: 282 edges 3247 colors_table: () bestIndex: 0 seed: 1153381851
4.53
nthreads: 1 colors: 6 vertices: 282 edges 3247 colors_table: () bestIndex: 0 seed: 1153381856
4.51
nthreads: 1 colors: 6 vertices: 282 edges 3247 colors_table: () bestIndex: 0 seed: 1153381862
4.54
nthreads: 1 colors: 6 vertices: 282 edges 3247 colors_table: () bestIndex: 0 seed: 1153381868
4.51
nthreads: 1 colors: 6 vertices: 282 edges 3247 colors_table: () bestIndex: 0 seed: 1153381873
4.50
nthreads: 1 colors: 6 vertices: 282 edges 3247 colors_table: () bestIndex: 0 seed: 1153381879
4.54
nthreads: 1 colors: 6 vertices: 282 edges 3247 colors_table: () bestIndex: 0 seed: 1153381884
4.52
nthreads: 1 colors: 6 vertices: 282 edges 3247 colors_table: () bestIndex: 0 seed: 1153381890
4.57
nthreads: 1 colors: 6 vertices: 282 edges 3247 colors_table: () bestIndex: 0 seed: 1153381895
4.50
nthreads: 1 colors: 6 vertices: 282 edges 3247 colors_table: () bestIndex: 0 seed: 1153381901
4.52
nthreads: 1 colors: 6 vertices: 282 edges 3247 colors_table: () bestIndex: 0 seed: 1153381906
4.50
nthreads: 1 colors: 6 vertices: 282 edges 3247 colors_table: () bestIndex: 0 seed: 1153381912
4.49
nthreads: 1 colors: 6 vertices: 282 edges 3247 colors_table: () bestIndex: 0 seed: 1153381918
4.52
nthreads: 1 colors: 6 vertices: 282 edges 3247 colors_table: () bestIndex: 0 seed: 1153381923
4.52
nthreads: 1 colors: 6 vertices: 282 edges 3247 colors_table: () bestIndex: 0 seed: 1153381929
4.55
nthreads: 1 colors: 6 vertices: 282 edges 3247 colors_table: () bestIndex: 0 seed: 1153381934
4.54
nthreads: 1 colors: 6 vertices: 282 edges 3247 colors_table: () bestIndex: 0 seed: 1153381940
4.52
nthreads: 1 colors: 6 vertices: 282 edges 3247 colors_table: () bestIndex: 0 seed: 1153381945
4.56
nthreads: 1 colors: 6 vertices: 282 edges 3247 colors_table: () bestIndex: 0 seed: 1153381951
4.52
nthreads: 1 colors: 6 vertices: 282 edges 3247 colors_table: () bestIndex: 0 seed: 1153381957
4.54
nthreads: 1 colors: 6 vertices: 282 edges 3247 colors_table: () bestIndex: 0 seed: 1153381962
4.50
nthreads: 1 colors: 6 vertices: 282 edges 3247 colors_table: () bestIndex: 0 seed: 1153381968
4.55
nthreads: 1 colors: 6 vertices: 282 edges 3247 colors_table: () bestIndex: 0 seed: 1153381973
4.55
nthreads: 1 colors: 6 vertices: 282 edges 3247 colors_table: () bestIndex: 0 seed: 1153381979
4.51
nthreads: 1 colors: 6 vertices: 282 edges 3247 colors_table: () bestIndex: 0 seed: 1153381984
4.52
nthreads: 1 colors: 6 vertices: 282 edges 3247 colors_table: () bestIndex: 0 seed: 1153381990
4.51
nthreads: 1 colors: 6 vertices: 282 edges 3247 colors_table: () bestIndex: 0 seed: 1153381995
4.54
nthreads: 1 colors: 6 vertices: 282 edges 3247 colors_table: () bestIndex: 0 seed: 1153382001
4.55
nthreads: 1 colors: 6 vertices: 282 edges 3247 colors_table: () bestIndex: 0 seed: 1153382007
4.55
nthreads: 1 colors: 6 vertices: 282 edges 3247 colors_table: () bestIndex: 0 seed: 1153382012
4.58
nthreads: 1 colors: 6 vertices: 282 edges 3247 colors_table: () bestIndex: 0 seed: 1153382018
4.54
nthreads: 1 colors: 6 vertices: 282 edges 3247 colors_table: () bestIndex: 0 seed: 1153382023
4.51
nthreads: 1 colors: 6 vertices: 282 edges 3247 colors_table: () bestIndex: 0 seed: 1153382029
4.54
nthreads: 1 colors: 6 vertices: 282 edges 3247 colors_table: () bestIndex: 0 seed: 1153382035
4.58
nthreads: 1 colors: 6 vertices: 282 edges 3247 colors_table: () bestIndex: 0 seed: 1153382040
4.53
nthreads: 1 colors: 6 vertices: 282 edges 3247 colors_table: () bestIndex: 0 seed: 1153382046
4.57
nthreads: 1 colors: 6 vertices: 282 edges 3247 colors_table: () bestIndex: 0 seed: 1153382051
4.55
nthreads: 1 colors: 6 vertices: 282 edges 3247 colors_table: () bestIndex: 0 seed: 1153382057
4.52
nthreads: 1 colors: 6 vertices: 282 edges 3247 colors_table: () bestIndex: 0 seed: 1153382063
4.52
nthreads: 1 colors: 6 vertices: 282 edges 3247 colors_table: () bestIndex: 0 seed: 1153382068
4.51
nthreads: 1 colors: 6 vertices: 282 edges 3247 colors_table: () bestIndex: 0 seed: 1153382074
4.52
nthreads: 1 colors: 6 vertices: 282 edges 3247 colors_table: () bestIndex: 0 seed: 1153382079
4.52
nthreads: 1 colors: 6 vertices: 282 edges 3247 colors_table: () bestIndex: 0 seed: 1153382085
4.54
nthreads: 1 colors: 6 vertices: 282 edges 3247 colors_table: () bestIndex: 0 seed: 1153382090
4.51
nthreads: 1 colors: 6 vertices: 282 edges 3247 colors_table: () bestIndex: 0 seed: 1153382096
4.52
nthreads: 1 colors: 6 vertices: 282 edges 3247 colors_table: () bestIndex: 0 seed: 1153382101
4.54
nthreads: 1 colors: 6 vertices: 282 edges 3247 colors_table: () bestIndex: 0 seed: 1153382107
4.51
nthreads: 1 colors: 6 vertices: 282 edges 3247 colors_table: () bestIndex: 0 seed: 1153382113
4.53
nthreads: 1 colors: 6 vertices: 282 edges 3247 colors_table: () bestIndex: 0 seed: 1153382118
4.56
nthreads: 1 colors: 6 vertices: 282 edges 3247 colors_table: () bestIndex: 0 seed: 1153382124
4.52
nthreads: 1 colors: 6 vertices: 282 edges 3247 colors_table: () bestIndex: 0 seed: 1153382129
4.52
