1-FullIns_3.col.b n_loops: 100 n_threads: 1
Thu Jul 20 03:42:11 EDT 2006 /home/thanhvu/nfs/Classic/1225_SameAsPATCHONLY_w_somechangestoprintSol/log_dir//1153381331/1-FullIns_3.col.b_1153381331.log
Single cedf232c677ebdd3c298dee92578679f /home/thanhvu/nfs/Classic/1225_SameAsPATCHONLY_w_somechangestoprintSol/a.out
nthreads: 1 colors: 4 vertices: 30 edges 100 colors_table: () bestIndex: 0 seed: 1153381331
0.07
nthreads: 1 colors: 4 vertices: 30 edges 100 colors_table: () bestIndex: 0 seed: 1153381332
0.03
nthreads: 1 colors: 4 vertices: 30 edges 100 colors_table: () bestIndex: 0 seed: 1153381333
0.03
nthreads: 1 colors: 4 vertices: 30 edges 100 colors_table: () bestIndex: 0 seed: 1153381334
0.03
nthreads: 1 colors: 4 vertices: 30 edges 100 colors_table: () bestIndex: 0 seed: 1153381335
0.03
nthreads: 1 colors: 4 vertices: 30 edges 100 colors_table: () bestIndex: 0 seed: 1153381336
0.03
nthreads: 1 colors: 4 vertices: 30 edges 100 colors_table: () bestIndex: 0 seed: 1153381337
0.03
nthreads: 1 colors: 4 vertices: 30 edges 100 colors_table: () bestIndex: 0 seed: 1153381338
0.03
nthreads: 1 colors: 4 vertices: 30 edges 100 colors_table: () bestIndex: 0 seed: 1153381339
0.03
nthreads: 1 colors: 4 vertices: 30 edges 100 colors_table: () bestIndex: 0 seed: 1153381341
0.03
nthreads: 1 colors: 4 vertices: 30 edges 100 colors_table: () bestIndex: 0 seed: 1153381342
0.03
nthreads: 1 colors: 4 vertices: 30 edges 100 colors_table: () bestIndex: 0 seed: 1153381343
0.03
nthreads: 1 colors: 4 vertices: 30 edges 100 colors_table: () bestIndex: 0 seed: 1153381344
0.03
nthreads: 1 colors: 4 vertices: 30 edges 100 colors_table: () bestIndex: 0 seed: 1153381345
0.03
nthreads: 1 colors: 4 vertices: 30 edges 100 colors_table: () bestIndex: 0 seed: 1153381346
0.03
nthreads: 1 colors: 4 vertices: 30 edges 100 colors_table: () bestIndex: 0 seed: 1153381347
0.03
nthreads: 1 colors: 4 vertices: 30 edges 100 colors_table: () bestIndex: 0 seed: 1153381348
0.03
nthreads: 1 colors: 4 vertices: 30 edges 100 colors_table: () bestIndex: 0 seed: 1153381349
0.03
nthreads: 1 colors: 4 vertices: 30 edges 100 colors_table: () bestIndex: 0 seed: 1153381350
0.03
nthreads: 1 colors: 4 vertices: 30 edges 100 colors_table: () bestIndex: 0 seed: 1153381351
0.03
nthreads: 1 colors: 4 vertices: 30 edges 100 colors_table: () bestIndex: 0 seed: 1153381352
0.03
nthreads: 1 colors: 4 vertices: 30 edges 100 colors_table: () bestIndex: 0 seed: 1153381353
0.03
nthreads: 1 colors: 4 vertices: 30 edges 100 colors_table: () bestIndex: 0 seed: 1153381354
0.03
nthreads: 1 colors: 4 vertices: 30 edges 100 colors_table: () bestIndex: 0 seed: 1153381355
0.03
nthreads: 1 colors: 4 vertices: 30 edges 100 colors_table: () bestIndex: 0 seed: 1153381357
0.05
nthreads: 1 colors: 4 vertices: 30 edges 100 colors_table: () bestIndex: 0 seed: 1153381358
0.03
nthreads: 1 colors: 4 vertices: 30 edges 100 colors_table: () bestIndex: 0 seed: 1153381359
0.03
nthreads: 1 colors: 4 vertices: 30 edges 100 colors_table: () bestIndex: 0 seed: 1153381360
0.03
nthreads: 1 colors: 4 vertices: 30 edges 100 colors_table: () bestIndex: 0 seed: 1153381361
0.03
nthreads: 1 colors: 4 vertices: 30 edges 100 colors_table: () bestIndex: 0 seed: 1153381362
0.03
nthreads: 1 colors: 4 vertices: 30 edges 100 colors_table: () bestIndex: 0 seed: 1153381363
0.03
nthreads: 1 colors: 4 vertices: 30 edges 100 colors_table: () bestIndex: 0 seed: 1153381364
0.03
nthreads: 1 colors: 4 vertices: 30 edges 100 colors_table: () bestIndex: 0 seed: 1153381365
0.03
nthreads: 1 colors: 4 vertices: 30 edges 100 colors_table: () bestIndex: 0 seed: 1153381366
0.03
nthreads: 1 colors: 4 vertices: 30 edges 100 colors_table: () bestIndex: 0 seed: 1153381367
0.03
nthreads: 1 colors: 4 vertices: 30 edges 100 colors_table: () bestIndex: 0 seed: 1153381368
0.03
nthreads: 1 colors: 4 vertices: 30 edges 100 colors_table: () bestIndex: 0 seed: 1153381369
0.03
nthreads: 1 colors: 4 vertices: 30 edges 100 colors_table: () bestIndex: 0 seed: 1153381370
0.03
nthreads: 1 colors: 4 vertices: 30 edges 100 colors_table: () bestIndex: 0 seed: 1153381372
0.03
nthreads: 1 colors: 4 vertices: 30 edges 100 colors_table: () bestIndex: 0 seed: 1153381373
0.03
nthreads: 1 colors: 4 vertices: 30 edges 100 colors_table: () bestIndex: 0 seed: 1153381374
0.03
nthreads: 1 colors: 4 vertices: 30 edges 100 colors_table: () bestIndex: 0 seed: 1153381375
0.03
nthreads: 1 colors: 4 vertices: 30 edges 100 colors_table: () bestIndex: 0 seed: 1153381376
0.03
nthreads: 1 colors: 4 vertices: 30 edges 100 colors_table: () bestIndex: 0 seed: 1153381377
0.03
nthreads: 1 colors: 4 vertices: 30 edges 100 colors_table: () bestIndex: 0 seed: 1153381378
0.03
nthreads: 1 colors: 4 vertices: 30 edges 100 colors_table: () bestIndex: 0 seed: 1153381379
0.03
nthreads: 1 colors: 4 vertices: 30 edges 100 colors_table: () bestIndex: 0 seed: 1153381380
0.03
nthreads: 1 colors: 4 vertices: 30 edges 100 colors_table: () bestIndex: 0 seed: 1153381381
0.03
nthreads: 1 colors: 4 vertices: 30 edges 100 colors_table: () bestIndex: 0 seed: 1153381382
0.03
nthreads: 1 colors: 4 vertices: 30 edges 100 colors_table: () bestIndex: 0 seed: 1153381383
0.03
nthreads: 1 colors: 4 vertices: 30 edges 100 colors_table: () bestIndex: 0 seed: 1153381384
0.03
nthreads: 1 colors: 4 vertices: 30 edges 100 colors_table: () bestIndex: 0 seed: 1153381385
0.03
nthreads: 1 colors: 4 vertices: 30 edges 100 colors_table: () bestIndex: 0 seed: 1153381387
0.03
nthreads: 1 colors: 4 vertices: 30 edges 100 colors_table: () bestIndex: 0 seed: 1153381388
0.03
nthreads: 1 colors: 4 vertices: 30 edges 100 colors_table: () bestIndex: 0 seed: 1153381389
0.03
nthreads: 1 colors: 4 vertices: 30 edges 100 colors_table: () bestIndex: 0 seed: 1153381390
0.03
nthreads: 1 colors: 4 vertices: 30 edges 100 colors_table: () bestIndex: 0 seed: 1153381391
0.03
nthreads: 1 colors: 4 vertices: 30 edges 100 colors_table: () bestIndex: 0 seed: 1153381392
0.03
nthreads: 1 colors: 4 vertices: 30 edges 100 colors_table: () bestIndex: 0 seed: 1153381393
0.03
nthreads: 1 colors: 4 vertices: 30 edges 100 colors_table: () bestIndex: 0 seed: 1153381394
0.03
nthreads: 1 colors: 4 vertices: 30 edges 100 colors_table: () bestIndex: 0 seed: 1153381395
0.03
nthreads: 1 colors: 4 vertices: 30 edges 100 colors_table: () bestIndex: 0 seed: 1153381396
0.03
nthreads: 1 colors: 4 vertices: 30 edges 100 colors_table: () bestIndex: 0 seed: 1153381397
0.03
nthreads: 1 colors: 4 vertices: 30 edges 100 colors_table: () bestIndex: 0 seed: 1153381398
0.03
nthreads: 1 colors: 4 vertices: 30 edges 100 colors_table: () bestIndex: 0 seed: 1153381399
0.03
nthreads: 1 colors: 4 vertices: 30 edges 100 colors_table: () bestIndex: 0 seed: 1153381400
0.03
nthreads: 1 colors: 4 vertices: 30 edges 100 colors_table: () bestIndex: 0 seed: 1153381402
0.03
nthreads: 1 colors: 4 vertices: 30 edges 100 colors_table: () bestIndex: 0 seed: 1153381403
0.03
nthreads: 1 colors: 4 vertices: 30 edges 100 colors_table: () bestIndex: 0 seed: 1153381404
0.03
nthreads: 1 colors: 4 vertices: 30 edges 100 colors_table: () bestIndex: 0 seed: 1153381405
0.03
nthreads: 1 colors: 4 vertices: 30 edges 100 colors_table: () bestIndex: 0 seed: 1153381406
0.03
nthreads: 1 colors: 4 vertices: 30 edges 100 colors_table: () bestIndex: 0 seed: 1153381407
0.12
nthreads: 1 colors: 4 vertices: 30 edges 100 colors_table: () bestIndex: 0 seed: 1153381408
0.03
nthreads: 1 colors: 4 vertices: 30 edges 100 colors_table: () bestIndex: 0 seed: 1153381409
0.03
nthreads: 1 colors: 4 vertices: 30 edges 100 colors_table: () bestIndex: 0 seed: 1153381410
0.03
nthreads: 1 colors: 4 vertices: 30 edges 100 colors_table: () bestIndex: 0 seed: 1153381411
0.03
nthreads: 1 colors: 4 vertices: 30 edges 100 colors_table: () bestIndex: 0 seed: 1153381412
0.03
nthreads: 1 colors: 4 vertices: 30 edges 100 colors_table: () bestIndex: 0 seed: 1153381413
0.03
nthreads: 1 colors: 4 vertices: 30 edges 100 colors_table: () bestIndex: 0 seed: 1153381414
0.03
nthreads: 1 colors: 4 vertices: 30 edges 100 colors_table: () bestIndex: 0 seed: 1153381416
0.03
nthreads: 1 colors: 4 vertices: 30 edges 100 colors_table: () bestIndex: 0 seed: 1153381417
0.03
nthreads: 1 colors: 4 vertices: 30 edges 100 colors_table: () bestIndex: 0 seed: 1153381418
0.05
nthreads: 1 colors: 4 vertices: 30 edges 100 colors_table: () bestIndex: 0 seed: 1153381419
0.04
nthreads: 1 colors: 4 vertices: 30 edges 100 colors_table: () bestIndex: 0 seed: 1153381420
0.03
nthreads: 1 colors: 4 vertices: 30 edges 100 colors_table: () bestIndex: 0 seed: 1153381421
0.03
nthreads: 1 colors: 4 vertices: 30 edges 100 colors_table: () bestIndex: 0 seed: 1153381422
0.03
nthreads: 1 colors: 4 vertices: 30 edges 100 colors_table: () bestIndex: 0 seed: 1153381423
0.03
nthreads: 1 colors: 4 vertices: 30 edges 100 colors_table: () bestIndex: 0 seed: 1153381424
0.03
nthreads: 1 colors: 4 vertices: 30 edges 100 colors_table: () bestIndex: 0 seed: 1153381425
0.03
nthreads: 1 colors: 4 vertices: 30 edges 100 colors_table: () bestIndex: 0 seed: 1153381426
0.03
nthreads: 1 colors: 4 vertices: 30 edges 100 colors_table: () bestIndex: 0 seed: 1153381427
0.03
nthreads: 1 colors: 4 vertices: 30 edges 100 colors_table: () bestIndex: 0 seed: 1153381428
0.03
nthreads: 1 colors: 4 vertices: 30 edges 100 colors_table: () bestIndex: 0 seed: 1153381429
0.03
nthreads: 1 colors: 4 vertices: 30 edges 100 colors_table: () bestIndex: 0 seed: 1153381431
0.03
nthreads: 1 colors: 4 vertices: 30 edges 100 colors_table: () bestIndex: 0 seed: 1153381432
0.03
nthreads: 1 colors: 4 vertices: 30 edges 100 colors_table: () bestIndex: 0 seed: 1153381433
0.03
nthreads: 1 colors: 4 vertices: 30 edges 100 colors_table: () bestIndex: 0 seed: 1153381434
0.03
nthreads: 1 colors: 4 vertices: 30 edges 100 colors_table: () bestIndex: 0 seed: 1153381435
0.03
nthreads: 1 colors: 4 vertices: 30 edges 100 colors_table: () bestIndex: 0 seed: 1153381436
0.03
nthreads: 1 colors: 4 vertices: 30 edges 100 colors_table: () bestIndex: 0 seed: 1153381437
0.03
