3-Insertions_3.col.b n_loops: 100 n_threads: 1
Thu Jul 20 02:47:01 EDT 2006 /home/thanhvu/nfs/Classic/1225_SameAsPATCHONLY_w_somechangestoprintSol/log_dir//1153371616/3-Insertions_3.col.b_1153378021.log
Single cedf232c677ebdd3c298dee92578679f /home/thanhvu/nfs/Classic/1225_SameAsPATCHONLY_w_somechangestoprintSol/a.out
Command exited with non-zero status 10
0.06
Command exited with non-zero status 10
0.01
Command exited with non-zero status 10
0.01
Command exited with non-zero status 10
0.01
Command exited with non-zero status 10
0.01
Command exited with non-zero status 10
0.01
Command exited with non-zero status 10
0.01
Command exited with non-zero status 10
0.01
Command exited with non-zero status 10
0.01
Command exited with non-zero status 10
0.01
Command exited with non-zero status 10
0.01
Command exited with non-zero status 10
0.01
Command exited with non-zero status 10
0.01
Command exited with non-zero status 10
0.01
Command exited with non-zero status 10
0.01
Command exited with non-zero status 10
0.01
Command exited with non-zero status 10
0.01
Command exited with non-zero status 10
0.01
Command exited with non-zero status 10
0.01
Command exited with non-zero status 10
0.01
Command exited with non-zero status 10
0.01
Command exited with non-zero status 10
0.01
Command exited with non-zero status 10
0.01
Command exited with non-zero status 10
0.01
Command exited with non-zero status 10
0.01
Command exited with non-zero status 10
0.01
Command exited with non-zero status 10
0.01
Command exited with non-zero status 10
0.01
Command exited with non-zero status 10
0.01
Command exited with non-zero status 10
0.01
Command exited with non-zero status 10
0.01
Command exited with non-zero status 10
0.01
Command exited with non-zero status 10
0.01
Command exited with non-zero status 10
0.01
Command exited with non-zero status 10
0.01
Command exited with non-zero status 10
0.01
Command exited with non-zero status 10
0.01
Command exited with non-zero status 10
0.01
Command exited with non-zero status 10
0.01
Command exited with non-zero status 10
0.01
Command exited with non-zero status 10
0.01
Command exited with non-zero status 10
0.01
Command exited with non-zero status 10
0.01
Command exited with non-zero status 10
0.01
Command exited with non-zero status 10
0.01
Command exited with non-zero status 10
0.01
Command exited with non-zero status 10
0.01
Command exited with non-zero status 10
0.01
Command exited with non-zero status 10
0.01
Command exited with non-zero status 10
0.01
Command exited with non-zero status 10
0.01
Command exited with non-zero status 10
0.01
Command exited with non-zero status 10
0.01
Command exited with non-zero status 10
0.01
Command exited with non-zero status 10
0.01
Command exited with non-zero status 10
0.01
Command exited with non-zero status 10
0.01
Command exited with non-zero status 10
0.01
Command exited with non-zero status 10
0.01
Command exited with non-zero status 10
0.01
Command exited with non-zero status 10
0.01
Command exited with non-zero status 10
0.01
Command exited with non-zero status 10
0.01
Command exited with non-zero status 10
0.01
Command exited with non-zero status 10
0.01
Command exited with non-zero status 10
0.01
Command exited with non-zero status 10
0.01
Command exited with non-zero status 10
0.01
Command exited with non-zero status 10
0.01
Command exited with non-zero status 10
0.01
Command exited with non-zero status 10
0.01
Command exited with non-zero status 10
0.01
Command exited with non-zero status 10
0.01
Command exited with non-zero status 10
0.01
Command exited with non-zero status 10
0.01
Command exited with non-zero status 10
0.01
Command exited with non-zero status 10
0.01
Command exited with non-zero status 10
0.01
Command exited with non-zero status 10
0.01
Command exited with non-zero status 10
0.01
Command exited with non-zero status 10
0.01
Command exited with non-zero status 10
0.01
Command exited with non-zero status 10
0.01
Command exited with non-zero status 10
0.01
Command exited with non-zero status 10
0.01
Command exited with non-zero status 10
0.01
Command exited with non-zero status 10
0.01
Command exited with non-zero status 10
0.01
Command exited with non-zero status 10
0.01
Command exited with non-zero status 10
0.01
Command exited with non-zero status 10
0.01
Command exited with non-zero status 10
0.01
Command exited with non-zero status 10
0.01
Command exited with non-zero status 10
0.01
Command exited with non-zero status 10
0.01
Command exited with non-zero status 10
0.01
Command exited with non-zero status 10
0.01
Command exited with non-zero status 10
0.01
Command exited with non-zero status 10
0.01
Command exited with non-zero status 10
0.01
