5-FullIns_4.col.b n_loops: 100 n_threads: 1
Thu Jul 20 04:11:09 EDT 2006 /home/thanhvu/nfs/Classic/1225_SameAsPATCHONLY_w_somechangestoprintSol/log_dir//1153382539/5-FullIns_4.col.b_1153383069.log
Single cedf232c677ebdd3c298dee92578679f /home/thanhvu/nfs/Classic/1225_SameAsPATCHONLY_w_somechangestoprintSol/a.out
nthreads: 1 colors: 9 vertices: 1085 edges 11395 colors_table: () bestIndex: 0 seed: 1153383070
25.80
nthreads: 1 colors: 9 vertices: 1085 edges 11395 colors_table: () bestIndex: 0 seed: 1153383096
26.12
nthreads: 1 colors: 9 vertices: 1085 edges 11395 colors_table: () bestIndex: 0 seed: 1153383123
26.15
nthreads: 1 colors: 9 vertices: 1085 edges 11395 colors_table: () bestIndex: 0 seed: 1153383151
26.23
nthreads: 1 colors: 9 vertices: 1085 edges 11395 colors_table: () bestIndex: 0 seed: 1153383178
26.17
nthreads: 1 colors: 9 vertices: 1085 edges 11395 colors_table: () bestIndex: 0 seed: 1153383205
26.11
nthreads: 1 colors: 9 vertices: 1085 edges 11395 colors_table: () bestIndex: 0 seed: 1153383232
26.20
nthreads: 1 colors: 9 vertices: 1085 edges 11395 colors_table: () bestIndex: 0 seed: 1153383260
26.14
nthreads: 1 colors: 9 vertices: 1085 edges 11395 colors_table: () bestIndex: 0 seed: 1153383287
25.97
nthreads: 1 colors: 9 vertices: 1085 edges 11395 colors_table: () bestIndex: 0 seed: 1153383314
26.13
nthreads: 1 colors: 9 vertices: 1085 edges 11395 colors_table: () bestIndex: 0 seed: 1153383341
26.21
nthreads: 1 colors: 9 vertices: 1085 edges 11395 colors_table: () bestIndex: 0 seed: 1153383368
26.11
nthreads: 1 colors: 9 vertices: 1085 edges 11395 colors_table: () bestIndex: 0 seed: 1153383395
26.11
nthreads: 1 colors: 9 vertices: 1085 edges 11395 colors_table: () bestIndex: 0 seed: 1153383422
26.12
nthreads: 1 colors: 9 vertices: 1085 edges 11395 colors_table: () bestIndex: 0 seed: 1153383450
26.08
nthreads: 1 colors: 9 vertices: 1085 edges 11395 colors_table: () bestIndex: 0 seed: 1153383477
26.14
nthreads: 1 colors: 9 vertices: 1085 edges 11395 colors_table: () bestIndex: 0 seed: 1153383504
26.11
nthreads: 1 colors: 9 vertices: 1085 edges 11395 colors_table: () bestIndex: 0 seed: 1153383531
26.13
nthreads: 1 colors: 9 vertices: 1085 edges 11395 colors_table: () bestIndex: 0 seed: 1153383558
26.12
nthreads: 1 colors: 9 vertices: 1085 edges 11395 colors_table: () bestIndex: 0 seed: 1153383585
26.21
nthreads: 1 colors: 9 vertices: 1085 edges 11395 colors_table: () bestIndex: 0 seed: 1153383613
26.16
nthreads: 1 colors: 9 vertices: 1085 edges 11395 colors_table: () bestIndex: 0 seed: 1153383640
26.19
nthreads: 1 colors: 9 vertices: 1085 edges 11395 colors_table: () bestIndex: 0 seed: 1153383667
26.12
nthreads: 1 colors: 9 vertices: 1085 edges 11395 colors_table: () bestIndex: 0 seed: 1153383694
26.10
nthreads: 1 colors: 9 vertices: 1085 edges 11395 colors_table: () bestIndex: 0 seed: 1153383721
26.11
nthreads: 1 colors: 9 vertices: 1085 edges 11395 colors_table: () bestIndex: 0 seed: 1153383749
26.24
nthreads: 1 colors: 9 vertices: 1085 edges 11395 colors_table: () bestIndex: 0 seed: 1153383776
26.10
nthreads: 1 colors: 9 vertices: 1085 edges 11395 colors_table: () bestIndex: 0 seed: 1153383803
26.15
nthreads: 1 colors: 9 vertices: 1085 edges 11395 colors_table: () bestIndex: 0 seed: 1153383830
26.13
nthreads: 1 colors: 9 vertices: 1085 edges 11395 colors_table: () bestIndex: 0 seed: 1153383857
26.05
nthreads: 1 colors: 9 vertices: 1085 edges 11395 colors_table: () bestIndex: 0 seed: 1153383884
26.10
nthreads: 1 colors: 9 vertices: 1085 edges 11395 colors_table: () bestIndex: 0 seed: 1153383912
26.13
nthreads: 1 colors: 9 vertices: 1085 edges 11395 colors_table: () bestIndex: 0 seed: 1153383939
26.12
nthreads: 1 colors: 9 vertices: 1085 edges 11395 colors_table: () bestIndex: 0 seed: 1153383966
26.09
nthreads: 1 colors: 9 vertices: 1085 edges 11395 colors_table: () bestIndex: 0 seed: 1153383993
26.09
nthreads: 1 colors: 9 vertices: 1085 edges 11395 colors_table: () bestIndex: 0 seed: 1153384020
26.19
nthreads: 1 colors: 9 vertices: 1085 edges 11395 colors_table: () bestIndex: 0 seed: 1153384047
26.13
nthreads: 1 colors: 9 vertices: 1085 edges 11395 colors_table: () bestIndex: 0 seed: 1153384075
26.13
nthreads: 1 colors: 9 vertices: 1085 edges 11395 colors_table: () bestIndex: 0 seed: 1153384102
26.10
nthreads: 1 colors: 9 vertices: 1085 edges 11395 colors_table: () bestIndex: 0 seed: 1153384129
26.12
nthreads: 1 colors: 9 vertices: 1085 edges 11395 colors_table: () bestIndex: 0 seed: 1153384156
26.12
nthreads: 1 colors: 9 vertices: 1085 edges 11395 colors_table: () bestIndex: 0 seed: 1153384183
26.09
nthreads: 1 colors: 9 vertices: 1085 edges 11395 colors_table: () bestIndex: 0 seed: 1153384210
25.88
nthreads: 1 colors: 9 vertices: 1085 edges 11395 colors_table: () bestIndex: 0 seed: 1153384237
26.08
nthreads: 1 colors: 9 vertices: 1085 edges 11395 colors_table: () bestIndex: 0 seed: 1153384264
26.13
nthreads: 1 colors: 9 vertices: 1085 edges 11395 colors_table: () bestIndex: 0 seed: 1153384292
26.13
nthreads: 1 colors: 9 vertices: 1085 edges 11395 colors_table: () bestIndex: 0 seed: 1153384319
26.12
nthreads: 1 colors: 9 vertices: 1085 edges 11395 colors_table: () bestIndex: 0 seed: 1153384346
26.18
nthreads: 1 colors: 9 vertices: 1085 edges 11395 colors_table: () bestIndex: 0 seed: 1153384373
26.10
nthreads: 1 colors: 9 vertices: 1085 edges 11395 colors_table: () bestIndex: 0 seed: 1153384400
26.20
nthreads: 1 colors: 9 vertices: 1085 edges 11395 colors_table: () bestIndex: 0 seed: 1153384427
26.15
nthreads: 1 colors: 9 vertices: 1085 edges 11395 colors_table: () bestIndex: 0 seed: 1153384455
26.13
nthreads: 1 colors: 9 vertices: 1085 edges 11395 colors_table: () bestIndex: 0 seed: 1153384482
26.12
nthreads: 1 colors: 9 vertices: 1085 edges 11395 colors_table: () bestIndex: 0 seed: 1153384509
26.14
nthreads: 1 colors: 9 vertices: 1085 edges 11395 colors_table: () bestIndex: 0 seed: 1153384536
26.09
nthreads: 1 colors: 9 vertices: 1085 edges 11395 colors_table: () bestIndex: 0 seed: 1153384563
26.16
nthreads: 1 colors: 9 vertices: 1085 edges 11395 colors_table: () bestIndex: 0 seed: 1153384591
26.12
nthreads: 1 colors: 9 vertices: 1085 edges 11395 colors_table: () bestIndex: 0 seed: 1153384618
26.14
nthreads: 1 colors: 9 vertices: 1085 edges 11395 colors_table: () bestIndex: 0 seed: 1153384645
26.13
nthreads: 1 colors: 9 vertices: 1085 edges 11395 colors_table: () bestIndex: 0 seed: 1153384672
26.08
nthreads: 1 colors: 9 vertices: 1085 edges 11395 colors_table: () bestIndex: 0 seed: 1153384699
26.14
nthreads: 1 colors: 9 vertices: 1085 edges 11395 colors_table: () bestIndex: 0 seed: 1153384726
26.16
nthreads: 1 colors: 9 vertices: 1085 edges 11395 colors_table: () bestIndex: 0 seed: 1153384754
26.17
nthreads: 1 colors: 9 vertices: 1085 edges 11395 colors_table: () bestIndex: 0 seed: 1153384781
26.17
nthreads: 1 colors: 9 vertices: 1085 edges 11395 colors_table: () bestIndex: 0 seed: 1153384808
26.12
nthreads: 1 colors: 9 vertices: 1085 edges 11395 colors_table: () bestIndex: 0 seed: 1153384835
26.13
nthreads: 1 colors: 9 vertices: 1085 edges 11395 colors_table: () bestIndex: 0 seed: 1153384862
26.12
nthreads: 1 colors: 9 vertices: 1085 edges 11395 colors_table: () bestIndex: 0 seed: 1153384889
26.12
nthreads: 1 colors: 9 vertices: 1085 edges 11395 colors_table: () bestIndex: 0 seed: 1153384917
26.12
nthreads: 1 colors: 9 vertices: 1085 edges 11395 colors_table: () bestIndex: 0 seed: 1153384944
26.09
nthreads: 1 colors: 9 vertices: 1085 edges 11395 colors_table: () bestIndex: 0 seed: 1153384971
26.12
nthreads: 1 colors: 9 vertices: 1085 edges 11395 colors_table: () bestIndex: 0 seed: 1153384998
26.09
nthreads: 1 colors: 9 vertices: 1085 edges 11395 colors_table: () bestIndex: 0 seed: 1153385025
26.10
nthreads: 1 colors: 9 vertices: 1085 edges 11395 colors_table: () bestIndex: 0 seed: 1153385052
26.08
nthreads: 1 colors: 9 vertices: 1085 edges 11395 colors_table: () bestIndex: 0 seed: 1153385079
26.12
nthreads: 1 colors: 9 vertices: 1085 edges 11395 colors_table: () bestIndex: 0 seed: 1153385107
26.14
nthreads: 1 colors: 9 vertices: 1085 edges 11395 colors_table: () bestIndex: 0 seed: 1153385134
26.10
nthreads: 1 colors: 9 vertices: 1085 edges 11395 colors_table: () bestIndex: 0 seed: 1153385161
26.16
nthreads: 1 colors: 9 vertices: 1085 edges 11395 colors_table: () bestIndex: 0 seed: 1153385188
26.14
nthreads: 1 colors: 9 vertices: 1085 edges 11395 colors_table: () bestIndex: 0 seed: 1153385215
26.07
nthreads: 1 colors: 9 vertices: 1085 edges 11395 colors_table: () bestIndex: 0 seed: 1153385242
26.10
nthreads: 1 colors: 9 vertices: 1085 edges 11395 colors_table: () bestIndex: 0 seed: 1153385270
26.18
nthreads: 1 colors: 9 vertices: 1085 edges 11395 colors_table: () bestIndex: 0 seed: 1153385297
26.13
nthreads: 1 colors: 9 vertices: 1085 edges 11395 colors_table: () bestIndex: 0 seed: 1153385324
26.16
nthreads: 1 colors: 9 vertices: 1085 edges 11395 colors_table: () bestIndex: 0 seed: 1153385351
26.05
nthreads: 1 colors: 9 vertices: 1085 edges 11395 colors_table: () bestIndex: 0 seed: 1153385378
26.11
nthreads: 1 colors: 9 vertices: 1085 edges 11395 colors_table: () bestIndex: 0 seed: 1153385405
26.09
nthreads: 1 colors: 9 vertices: 1085 edges 11395 colors_table: () bestIndex: 0 seed: 1153385433
26.14
nthreads: 1 colors: 9 vertices: 1085 edges 11395 colors_table: () bestIndex: 0 seed: 1153385460
26.06
nthreads: 1 colors: 9 vertices: 1085 edges 11395 colors_table: () bestIndex: 0 seed: 1153385487
26.12
nthreads: 1 colors: 9 vertices: 1085 edges 11395 colors_table: () bestIndex: 0 seed: 1153385514
26.06
nthreads: 1 colors: 9 vertices: 1085 edges 11395 colors_table: () bestIndex: 0 seed: 1153385541
26.11
nthreads: 1 colors: 9 vertices: 1085 edges 11395 colors_table: () bestIndex: 0 seed: 1153385568
26.19
nthreads: 1 colors: 9 vertices: 1085 edges 11395 colors_table: () bestIndex: 0 seed: 1153385595
26.14
nthreads: 1 colors: 9 vertices: 1085 edges 11395 colors_table: () bestIndex: 0 seed: 1153385623
26.22
nthreads: 1 colors: 9 vertices: 1085 edges 11395 colors_table: () bestIndex: 0 seed: 1153385650
26.16
nthreads: 1 colors: 9 vertices: 1085 edges 11395 colors_table: () bestIndex: 0 seed: 1153385677
26.14
nthreads: 1 colors: 9 vertices: 1085 edges 11395 colors_table: () bestIndex: 0 seed: 1153385704
26.08
nthreads: 1 colors: 9 vertices: 1085 edges 11395 colors_table: () bestIndex: 0 seed: 1153385731
26.14
nthreads: 1 colors: 9 vertices: 1085 edges 11395 colors_table: () bestIndex: 0 seed: 1153385759
26.24
