abb313GPIA.col.b n_loops: 100 n_threads: 1
Thu Jul 20 02:52:19 EDT 2006 /home/thanhvu/nfs/Classic/1225_SameAsPATCHONLY_w_somechangestoprintSol/log_dir//1153371616/abb313GPIA.col.b_1153378339.log
Single cedf232c677ebdd3c298dee92578679f /home/thanhvu/nfs/Classic/1225_SameAsPATCHONLY_w_somechangestoprintSol/a.out
nthreads: 1 colors: 9 vertices: 1557 edges 53356 colors_table: () bestIndex: 80 seed: 1153378339
51.70
nthreads: 1 colors: 10 vertices: 1557 edges 53356 colors_table: () bestIndex: 122 seed: 1153378392
47.33
nthreads: 1 colors: 10 vertices: 1557 edges 53356 colors_table: () bestIndex: 21 seed: 1153378440
44.00
nthreads: 1 colors: 9 vertices: 1557 edges 53356 colors_table: () bestIndex: 204 seed: 1153378485
54.81
nthreads: 1 colors: 9 vertices: 1557 edges 53356 colors_table: () bestIndex: 833 seed: 1153378541
73.21
nthreads: 1 colors: 9 vertices: 1557 edges 53356 colors_table: () bestIndex: 118 seed: 1153378615
52.76
nthreads: 1 colors: 9 vertices: 1557 edges 53356 colors_table: () bestIndex: 555 seed: 1153378669
65.00
nthreads: 1 colors: 10 vertices: 1557 edges 53356 colors_table: () bestIndex: 71 seed: 1153378735
45.15
nthreads: 1 colors: 9 vertices: 1557 edges 53356 colors_table: () bestIndex: 189 seed: 1153378781
54.86
nthreads: 1 colors: 10 vertices: 1557 edges 53356 colors_table: () bestIndex: 101 seed: 1153378837
45.59
nthreads: 1 colors: 9 vertices: 1557 edges 53356 colors_table: () bestIndex: 431 seed: 1153378884
62.52
nthreads: 1 colors: 10 vertices: 1557 edges 53356 colors_table: () bestIndex: 39 seed: 1153378947
45.02
nthreads: 1 colors: 10 vertices: 1557 edges 53356 colors_table: () bestIndex: 25 seed: 1153378993
46.16
nthreads: 1 colors: 9 vertices: 1557 edges 53356 colors_table: () bestIndex: 857 seed: 1153379041
73.65
nthreads: 1 colors: 10 vertices: 1557 edges 53356 colors_table: () bestIndex: 73 seed: 1153379115
45.59
nthreads: 1 colors: 9 vertices: 1557 edges 53356 colors_table: () bestIndex: 596 seed: 1153379162
66.72
nthreads: 1 colors: 10 vertices: 1557 edges 53356 colors_table: () bestIndex: 42 seed: 1153379230
45.19
nthreads: 1 colors: 10 vertices: 1557 edges 53356 colors_table: () bestIndex: 78 seed: 1153379276
48.47
nthreads: 1 colors: 9 vertices: 1557 edges 53356 colors_table: () bestIndex: 174 seed: 1153379325
54.83
nthreads: 1 colors: 9 vertices: 1557 edges 53356 colors_table: () bestIndex: 510 seed: 1153379381
63.43
nthreads: 1 colors: 10 vertices: 1557 edges 53356 colors_table: () bestIndex: 21 seed: 1153379446
43.08
nthreads: 1 colors: 10 vertices: 1557 edges 53356 colors_table: () bestIndex: 40 seed: 1153379490
46.14
nthreads: 1 colors: 9 vertices: 1557 edges 53356 colors_table: () bestIndex: 1465 seed: 1153379537
91.33
nthreads: 1 colors: 10 vertices: 1557 edges 53356 colors_table: () bestIndex: 24 seed: 1153379629
44.12
nthreads: 1 colors: 10 vertices: 1557 edges 53356 colors_table: () bestIndex: 46 seed: 1153379675
44.95
nthreads: 1 colors: 10 vertices: 1557 edges 53356 colors_table: () bestIndex: 28 seed: 1153379721
43.21
nthreads: 1 colors: 10 vertices: 1557 edges 53356 colors_table: () bestIndex: 91 seed: 1153379765
46.71
nthreads: 1 colors: 10 vertices: 1557 edges 53356 colors_table: () bestIndex: 72 seed: 1153379813
46.25
nthreads: 1 colors: 10 vertices: 1557 edges 53356 colors_table: () bestIndex: 28 seed: 1153379860
45.31
nthreads: 1 colors: 9 vertices: 1557 edges 53356 colors_table: () bestIndex: 482 seed: 1153379906
63.69
nthreads: 1 colors: 10 vertices: 1557 edges 53356 colors_table: () bestIndex: 37 seed: 1153379971
44.91
nthreads: 1 colors: 9 vertices: 1557 edges 53356 colors_table: () bestIndex: 1217 seed: 1153380017
83.53
nthreads: 1 colors: 10 vertices: 1557 edges 53356 colors_table: () bestIndex: 168 seed: 1153380102
47.08
nthreads: 1 colors: 10 vertices: 1557 edges 53356 colors_table: () bestIndex: 77 seed: 1153380150
48.64
nthreads: 1 colors: 9 vertices: 1557 edges 53356 colors_table: () bestIndex: 454 seed: 1153380199
61.99
nthreads: 1 colors: 10 vertices: 1557 edges 53356 colors_table: () bestIndex: 42 seed: 1153380262
44.31
nthreads: 1 colors: 10 vertices: 1557 edges 53356 colors_table: () bestIndex: 153 seed: 1153380308
47.67
nthreads: 1 colors: 10 vertices: 1557 edges 53356 colors_table: () bestIndex: 59 seed: 1153380356
45.58
nthreads: 1 colors: 9 vertices: 1557 edges 53356 colors_table: () bestIndex: 284 seed: 1153380403
57.14
nthreads: 1 colors: 10 vertices: 1557 edges 53356 colors_table: () bestIndex: 56 seed: 1153380461
46.39
nthreads: 1 colors: 9 vertices: 1557 edges 53356 colors_table: () bestIndex: 74 seed: 1153380509
50.96
nthreads: 1 colors: 10 vertices: 1557 edges 53356 colors_table: () bestIndex: 146 seed: 1153380561
50.18
nthreads: 1 colors: 9 vertices: 1557 edges 53356 colors_table: () bestIndex: 599 seed: 1153380612
66.07
nthreads: 1 colors: 9 vertices: 1557 edges 53356 colors_table: () bestIndex: 144 seed: 1153380679
53.53
nthreads: 1 colors: 9 vertices: 1557 edges 53356 colors_table: () bestIndex: 601 seed: 1153380734
66.87
nthreads: 1 colors: 10 vertices: 1557 edges 53356 colors_table: () bestIndex: 30 seed: 1153380801
45.28
nthreads: 1 colors: 10 vertices: 1557 edges 53356 colors_table: () bestIndex: 54 seed: 1153380848
46.09
nthreads: 1 colors: 10 vertices: 1557 edges 53356 colors_table: () bestIndex: 26 seed: 1153380895
44.37
nthreads: 1 colors: 10 vertices: 1557 edges 53356 colors_table: () bestIndex: 223 seed: 1153380940
51.84
nthreads: 1 colors: 10 vertices: 1557 edges 53356 colors_table: () bestIndex: 76 seed: 1153380993
46.86
nthreads: 1 colors: 9 vertices: 1557 edges 53356 colors_table: () bestIndex: 324 seed: 1153381041
58.30
nthreads: 1 colors: 10 vertices: 1557 edges 53356 colors_table: () bestIndex: 66 seed: 1153381100
44.66
nthreads: 1 colors: 9 vertices: 1557 edges 53356 colors_table: () bestIndex: 95 seed: 1153381146
51.60
nthreads: 1 colors: 10 vertices: 1557 edges 53356 colors_table: () bestIndex: 52 seed: 1153381199
48.39
nthreads: 1 colors: 9 vertices: 1557 edges 53356 colors_table: () bestIndex: 433 seed: 1153381248
61.50
nthreads: 1 colors: 10 vertices: 1557 edges 53356 colors_table: () bestIndex: 32 seed: 1153381311
45.15
nthreads: 1 colors: 10 vertices: 1557 edges 53356 colors_table: () bestIndex: 193 seed: 1153381357
51.05
nthreads: 1 colors: 9 vertices: 1557 edges 53356 colors_table: () bestIndex: 471 seed: 1153381409
62.88
nthreads: 1 colors: 9 vertices: 1557 edges 53356 colors_table: () bestIndex: 815 seed: 1153381473
72.52
nthreads: 1 colors: 10 vertices: 1557 edges 53356 colors_table: () bestIndex: 21 seed: 1153381547
45.07
nthreads: 1 colors: 9 vertices: 1557 edges 53356 colors_table: () bestIndex: 132 seed: 1153381593
53.99
nthreads: 1 colors: 9 vertices: 1557 edges 53356 colors_table: () bestIndex: 483 seed: 1153381648
62.66
nthreads: 1 colors: 10 vertices: 1557 edges 53356 colors_table: () bestIndex: 115 seed: 1153381711
46.66
nthreads: 1 colors: 10 vertices: 1557 edges 53356 colors_table: () bestIndex: 108 seed: 1153381759
47.09
nthreads: 1 colors: 9 vertices: 1557 edges 53356 colors_table: () bestIndex: 197 seed: 1153381807
54.58
nthreads: 1 colors: 10 vertices: 1557 edges 53356 colors_table: () bestIndex: 135 seed: 1153381863
47.99
nthreads: 1 colors: 9 vertices: 1557 edges 53356 colors_table: () bestIndex: 243 seed: 1153381912
55.86
nthreads: 1 colors: 9 vertices: 1557 edges 53356 colors_table: () bestIndex: 1113 seed: 1153381969
81.55
nthreads: 1 colors: 9 vertices: 1557 edges 53356 colors_table: () bestIndex: 405 seed: 1153382051
60.94
nthreads: 1 colors: 10 vertices: 1557 edges 53356 colors_table: () bestIndex: 53 seed: 1153382113
45.74
nthreads: 1 colors: 10 vertices: 1557 edges 53356 colors_table: () bestIndex: 31 seed: 1153382160
44.97
nthreads: 1 colors: 9 vertices: 1557 edges 53356 colors_table: () bestIndex: 1314 seed: 1153382206
87.02
nthreads: 1 colors: 10 vertices: 1557 edges 53356 colors_table: () bestIndex: 34 seed: 1153382294
45.50
nthreads: 1 colors: 10 vertices: 1557 edges 53356 colors_table: () bestIndex: 315 seed: 1153382341
54.10
nthreads: 1 colors: 9 vertices: 1557 edges 53356 colors_table: () bestIndex: 1425 seed: 1153382396
92.11
nthreads: 1 colors: 10 vertices: 1557 edges 53356 colors_table: () bestIndex: 24 seed: 1153382489
44.71
nthreads: 1 colors: 9 vertices: 1557 edges 53356 colors_table: () bestIndex: 174 seed: 1153382535
53.98
nthreads: 1 colors: 10 vertices: 1557 edges 53356 colors_table: () bestIndex: 28 seed: 1153382590
45.28
nthreads: 1 colors: 9 vertices: 1557 edges 53356 colors_table: () bestIndex: 266 seed: 1153382636
56.75
nthreads: 1 colors: 9 vertices: 1557 edges 53356 colors_table: () bestIndex: 1416 seed: 1153382694
90.64
nthreads: 1 colors: 9 vertices: 1557 edges 53356 colors_table: () bestIndex: 267 seed: 1153382786
55.90
nthreads: 1 colors: 10 vertices: 1557 edges 53356 colors_table: () bestIndex: 31 seed: 1153382843
46.62
nthreads: 1 colors: 10 vertices: 1557 edges 53356 colors_table: () bestIndex: 56 seed: 1153382890
45.50
nthreads: 1 colors: 10 vertices: 1557 edges 53356 colors_table: () bestIndex: 48 seed: 1153382937
45.46
nthreads: 1 colors: 10 vertices: 1557 edges 53356 colors_table: () bestIndex: 59 seed: 1153382983
45.44
nthreads: 1 colors: 10 vertices: 1557 edges 53356 colors_table: () bestIndex: 277 seed: 1153383030
51.09
nthreads: 1 colors: 10 vertices: 1557 edges 53356 colors_table: () bestIndex: 27 seed: 1153383082
46.83
nthreads: 1 colors: 10 vertices: 1557 edges 53356 colors_table: () bestIndex: 26 seed: 1153383130
46.04
nthreads: 1 colors: 9 vertices: 1557 edges 53356 colors_table: () bestIndex: 1306 seed: 1153383177
85.81
nthreads: 1 colors: 9 vertices: 1557 edges 53356 colors_table: () bestIndex: 374 seed: 1153383264
60.43
nthreads: 1 colors: 10 vertices: 1557 edges 53356 colors_table: () bestIndex: 103 seed: 1153383325
46.16
nthreads: 1 colors: 10 vertices: 1557 edges 53356 colors_table: () bestIndex: 59 seed: 1153383372
44.87
nthreads: 1 colors: 9 vertices: 1557 edges 53356 colors_table: () bestIndex: 868 seed: 1153383418
73.41
nthreads: 1 colors: 9 vertices: 1557 edges 53356 colors_table: () bestIndex: 750 seed: 1153383493
71.25
nthreads: 1 colors: 9 vertices: 1557 edges 53356 colors_table: () bestIndex: 1148 seed: 1153383565
82.36
nthreads: 1 colors: 9 vertices: 1557 edges 53356 colors_table: () bestIndex: 1000 seed: 1153383648
77.72
nthreads: 1 colors: 9 vertices: 1557 edges 53356 colors_table: () bestIndex: 166 seed: 1153383727
53.88
nthreads: 1 colors: 9 vertices: 1557 edges 53356 colors_table: () bestIndex: 139 seed: 1153383782
52.95
nthreads: 1 colors: 9 vertices: 1557 edges 53356 colors_table: () bestIndex: 862 seed: 1153383836
74.61
nthreads: 1 colors: 9 vertices: 1557 edges 53356 colors_table: () bestIndex: 149 seed: 1153383912
53.32
