ash958GPIA.col.b n_loops: 100 n_threads: 1
Thu Jul 20 05:40:39 EDT 2006 /home/thanhvu/nfs/Classic/1225_SameAsPATCHONLY_w_somechangestoprintSol/log_dir//1153371616/ash958GPIA.col.b_1153388439.log
Single cedf232c677ebdd3c298dee92578679f /home/thanhvu/nfs/Classic/1225_SameAsPATCHONLY_w_somechangestoprintSol/a.out
nthreads: 1 colors: 5 vertices: 1916 edges 12506 colors_table: () bestIndex: 10 seed: 1153388439
36.01
nthreads: 1 colors: 4 vertices: 1916 edges 12506 colors_table: () bestIndex: 13 seed: 1153388476
39.64
nthreads: 1 colors: 4 vertices: 1916 edges 12506 colors_table: () bestIndex: 73 seed: 1153388517
40.80
nthreads: 1 colors: 4 vertices: 1916 edges 12506 colors_table: () bestIndex: 160 seed: 1153388558
43.21
nthreads: 1 colors: 5 vertices: 1916 edges 12506 colors_table: () bestIndex: 3 seed: 1153388603
35.76
nthreads: 1 colors: 4 vertices: 1916 edges 12506 colors_table: () bestIndex: 17 seed: 1153388639
39.58
nthreads: 1 colors: 5 vertices: 1916 edges 12506 colors_table: () bestIndex: 2 seed: 1153388680
35.70
nthreads: 1 colors: 5 vertices: 1916 edges 12506 colors_table: () bestIndex: 7 seed: 1153388717
35.83
nthreads: 1 colors: 4 vertices: 1916 edges 12506 colors_table: () bestIndex: 30 seed: 1153388754
39.72
nthreads: 1 colors: 5 vertices: 1916 edges 12506 colors_table: () bestIndex: 2 seed: 1153388794
35.81
nthreads: 1 colors: 4 vertices: 1916 edges 12506 colors_table: () bestIndex: 24 seed: 1153388831
39.66
nthreads: 1 colors: 4 vertices: 1916 edges 12506 colors_table: () bestIndex: 74 seed: 1153388872
40.91
nthreads: 1 colors: 4 vertices: 1916 edges 12506 colors_table: () bestIndex: 78 seed: 1153388914
40.78
nthreads: 1 colors: 5 vertices: 1916 edges 12506 colors_table: () bestIndex: 2 seed: 1153388956
35.78
nthreads: 1 colors: 4 vertices: 1916 edges 12506 colors_table: () bestIndex: 18 seed: 1153388993
39.64
nthreads: 1 colors: 4 vertices: 1916 edges 12506 colors_table: () bestIndex: 496 seed: 1153389033
51.14
nthreads: 1 colors: 4 vertices: 1916 edges 12506 colors_table: () bestIndex: 24 seed: 1153389085
39.90
nthreads: 1 colors: 4 vertices: 1916 edges 12506 colors_table: () bestIndex: 23 seed: 1153389126
39.63
nthreads: 1 colors: 5 vertices: 1916 edges 12506 colors_table: () bestIndex: 4 seed: 1153389167
35.74
nthreads: 1 colors: 4 vertices: 1916 edges 12506 colors_table: () bestIndex: 35 seed: 1153389204
39.92
nthreads: 1 colors: 4 vertices: 1916 edges 12506 colors_table: () bestIndex: 994 seed: 1153389245
62.72
nthreads: 1 colors: 4 vertices: 1916 edges 12506 colors_table: () bestIndex: 30 seed: 1153389309
40.09
nthreads: 1 colors: 4 vertices: 1916 edges 12506 colors_table: () bestIndex: 19 seed: 1153389350
39.68
nthreads: 1 colors: 5 vertices: 1916 edges 12506 colors_table: () bestIndex: 3 seed: 1153389390
35.76
nthreads: 1 colors: 5 vertices: 1916 edges 12506 colors_table: () bestIndex: 5 seed: 1153389427
36.02
nthreads: 1 colors: 5 vertices: 1916 edges 12506 colors_table: () bestIndex: 4 seed: 1153389464
35.75
nthreads: 1 colors: 4 vertices: 1916 edges 12506 colors_table: () bestIndex: 87 seed: 1153389501
41.29
nthreads: 1 colors: 4 vertices: 1916 edges 12506 colors_table: () bestIndex: 16 seed: 1153389543
39.84
nthreads: 1 colors: 4 vertices: 1916 edges 12506 colors_table: () bestIndex: 63 seed: 1153389584
40.72
nthreads: 1 colors: 5 vertices: 1916 edges 12506 colors_table: () bestIndex: 14 seed: 1153389626
36.03
nthreads: 1 colors: 5 vertices: 1916 edges 12506 colors_table: () bestIndex: 5 seed: 1153389663
35.67
nthreads: 1 colors: 4 vertices: 1916 edges 12506 colors_table: () bestIndex: 43 seed: 1153389700
40.27
nthreads: 1 colors: 5 vertices: 1916 edges 12506 colors_table: () bestIndex: 5 seed: 1153389741
35.87
nthreads: 1 colors: 5 vertices: 1916 edges 12506 colors_table: () bestIndex: 4 seed: 1153389778
35.77
nthreads: 1 colors: 4 vertices: 1916 edges 12506 colors_table: () bestIndex: 41 seed: 1153389815
40.13
nthreads: 1 colors: 4 vertices: 1916 edges 12506 colors_table: () bestIndex: 361 seed: 1153389856
47.76
nthreads: 1 colors: 4 vertices: 1916 edges 12506 colors_table: () bestIndex: 27 seed: 1153389905
39.84
nthreads: 1 colors: 5 vertices: 1916 edges 12506 colors_table: () bestIndex: 4 seed: 1153389946
35.58
nthreads: 1 colors: 5 vertices: 1916 edges 12506 colors_table: () bestIndex: 5 seed: 1153389982
35.74
nthreads: 1 colors: 4 vertices: 1916 edges 12506 colors_table: () bestIndex: 12 seed: 1153390019
39.35
nthreads: 1 colors: 5 vertices: 1916 edges 12506 colors_table: () bestIndex: 24 seed: 1153390060
36.26
nthreads: 1 colors: 4 vertices: 1916 edges 12506 colors_table: () bestIndex: 32 seed: 1153390097
39.96
nthreads: 1 colors: 5 vertices: 1916 edges 12506 colors_table: () bestIndex: 5 seed: 1153390138
36.08
nthreads: 1 colors: 5 vertices: 1916 edges 12506 colors_table: () bestIndex: 4 seed: 1153390175
35.83
nthreads: 1 colors: 4 vertices: 1916 edges 12506 colors_table: () bestIndex: 23 seed: 1153390212
39.76
nthreads: 1 colors: 4 vertices: 1916 edges 12506 colors_table: () bestIndex: 22 seed: 1153390253
39.60
nthreads: 1 colors: 5 vertices: 1916 edges 12506 colors_table: () bestIndex: 5 seed: 1153390293
35.71
nthreads: 1 colors: 4 vertices: 1916 edges 12506 colors_table: () bestIndex: 18 seed: 1153390330
39.53
nthreads: 1 colors: 5 vertices: 1916 edges 12506 colors_table: () bestIndex: 5 seed: 1153390371
36.07
nthreads: 1 colors: 4 vertices: 1916 edges 12506 colors_table: () bestIndex: 110 seed: 1153390408
45.28
nthreads: 1 colors: 4 vertices: 1916 edges 12506 colors_table: () bestIndex: 251 seed: 1153390454
45.09
nthreads: 1 colors: 5 vertices: 1916 edges 12506 colors_table: () bestIndex: 7 seed: 1153390500
35.85
nthreads: 1 colors: 4 vertices: 1916 edges 12506 colors_table: () bestIndex: 17 seed: 1153390537
39.56
nthreads: 1 colors: 5 vertices: 1916 edges 12506 colors_table: () bestIndex: 3 seed: 1153390578
35.73
nthreads: 1 colors: 5 vertices: 1916 edges 12506 colors_table: () bestIndex: 3 seed: 1153390614
35.70
nthreads: 1 colors: 4 vertices: 1916 edges 12506 colors_table: () bestIndex: 69 seed: 1153390651
40.76
nthreads: 1 colors: 5 vertices: 1916 edges 12506 colors_table: () bestIndex: 12 seed: 1153390693
36.06
nthreads: 1 colors: 4 vertices: 1916 edges 12506 colors_table: () bestIndex: 29 seed: 1153390730
39.83
nthreads: 1 colors: 5 vertices: 1916 edges 12506 colors_table: () bestIndex: 3 seed: 1153390771
35.72
nthreads: 1 colors: 4 vertices: 1916 edges 12506 colors_table: () bestIndex: 649 seed: 1153390808
54.42
nthreads: 1 colors: 4 vertices: 1916 edges 12506 colors_table: () bestIndex: 92 seed: 1153390863
41.55
nthreads: 1 colors: 5 vertices: 1916 edges 12506 colors_table: () bestIndex: 4 seed: 1153390906
35.83
nthreads: 1 colors: 4 vertices: 1916 edges 12506 colors_table: () bestIndex: 8 seed: 1153390943
39.41
nthreads: 1 colors: 4 vertices: 1916 edges 12506 colors_table: () bestIndex: 43 seed: 1153390983
40.06
nthreads: 1 colors: 5 vertices: 1916 edges 12506 colors_table: () bestIndex: 2 seed: 1153391024
35.75
nthreads: 1 colors: 4 vertices: 1916 edges 12506 colors_table: () bestIndex: 20 seed: 1153391061
39.63
nthreads: 1 colors: 5 vertices: 1916 edges 12506 colors_table: () bestIndex: 2 seed: 1153391102
35.72
nthreads: 1 colors: 4 vertices: 1916 edges 12506 colors_table: () bestIndex: 10 seed: 1153391138
39.35
nthreads: 1 colors: 5 vertices: 1916 edges 12506 colors_table: () bestIndex: 47 seed: 1153391179
36.74
nthreads: 1 colors: 4 vertices: 1916 edges 12506 colors_table: () bestIndex: 45 seed: 1153391217
40.52
nthreads: 1 colors: 5 vertices: 1916 edges 12506 colors_table: () bestIndex: 4 seed: 1153391258
35.69
nthreads: 1 colors: 4 vertices: 1916 edges 12506 colors_table: () bestIndex: 18 seed: 1153391295
39.63
nthreads: 1 colors: 4 vertices: 1916 edges 12506 colors_table: () bestIndex: 14 seed: 1153391336
39.47
nthreads: 1 colors: 4 vertices: 1916 edges 12506 colors_table: () bestIndex: 12 seed: 1153391376
39.54
nthreads: 1 colors: 5 vertices: 1916 edges 12506 colors_table: () bestIndex: 5 seed: 1153391417
36.16
nthreads: 1 colors: 4 vertices: 1916 edges 12506 colors_table: () bestIndex: 655 seed: 1153391454
55.02
nthreads: 1 colors: 5 vertices: 1916 edges 12506 colors_table: () bestIndex: 3 seed: 1153391510
35.60
nthreads: 1 colors: 4 vertices: 1916 edges 12506 colors_table: () bestIndex: 23 seed: 1153391547
39.70
nthreads: 1 colors: 5 vertices: 1916 edges 12506 colors_table: () bestIndex: 3 seed: 1153391587
35.88
nthreads: 1 colors: 4 vertices: 1916 edges 12506 colors_table: () bestIndex: 15 seed: 1153391624
39.74
nthreads: 1 colors: 5 vertices: 1916 edges 12506 colors_table: () bestIndex: 3 seed: 1153391665
35.85
nthreads: 1 colors: 4 vertices: 1916 edges 12506 colors_table: () bestIndex: 90 seed: 1153391702
41.35
nthreads: 1 colors: 4 vertices: 1916 edges 12506 colors_table: () bestIndex: 55 seed: 1153391744
40.34
nthreads: 1 colors: 5 vertices: 1916 edges 12506 colors_table: () bestIndex: 13 seed: 1153391786
35.91
nthreads: 1 colors: 5 vertices: 1916 edges 12506 colors_table: () bestIndex: 3 seed: 1153391823
35.71
nthreads: 1 colors: 4 vertices: 1916 edges 12506 colors_table: () bestIndex: 19 seed: 1153391859
39.57
nthreads: 1 colors: 4 vertices: 1916 edges 12506 colors_table: () bestIndex: 284 seed: 1153391900
46.00
nthreads: 1 colors: 5 vertices: 1916 edges 12506 colors_table: () bestIndex: 4 seed: 1153391947
35.69
nthreads: 1 colors: 5 vertices: 1916 edges 12506 colors_table: () bestIndex: 4 seed: 1153391984
35.93
nthreads: 1 colors: 5 vertices: 1916 edges 12506 colors_table: () bestIndex: 6 seed: 1153392021
35.82
nthreads: 1 colors: 4 vertices: 1916 edges 12506 colors_table: () bestIndex: 242 seed: 1153392058
45.15
nthreads: 1 colors: 5 vertices: 1916 edges 12506 colors_table: () bestIndex: 5 seed: 1153392104
35.68
nthreads: 1 colors: 5 vertices: 1916 edges 12506 colors_table: () bestIndex: 7 seed: 1153392141
35.90
nthreads: 1 colors: 4 vertices: 1916 edges 12506 colors_table: () bestIndex: 206 seed: 1153392177
43.87
nthreads: 1 colors: 4 vertices: 1916 edges 12506 colors_table: () bestIndex: 19 seed: 1153392222
39.68
nthreads: 1 colors: 4 vertices: 1916 edges 12506 colors_table: () bestIndex: 25 seed: 1153392263
39.81
nthreads: 1 colors: 4 vertices: 1916 edges 12506 colors_table: () bestIndex: 23 seed: 1153392304
39.97
nthreads: 1 colors: 4 vertices: 1916 edges 12506 colors_table: () bestIndex: 11 seed: 1153392345
39.44
nthreads: 1 colors: 5 vertices: 1916 edges 12506 colors_table: () bestIndex: 13 seed: 1153392385
36.00
nthreads: 1 colors: 4 vertices: 1916 edges 12506 colors_table: () bestIndex: 9 seed: 1153392422
39.42
