david.col.b n_loops: 100 n_threads: 1
Thu Jul 20 06:47:43 EDT 2006 /home/thanhvu/nfs/Classic/1225_SameAsPATCHONLY_w_somechangestoprintSol/log_dir//1153371616/david.col.b_1153392463.log
Single cedf232c677ebdd3c298dee92578679f /home/thanhvu/nfs/Classic/1225_SameAsPATCHONLY_w_somechangestoprintSol/a.out
nthreads: 1 colors: 11 vertices: 87 edges 406 colors_table: () bestIndex: 0 seed: 1153392463
0.47
nthreads: 1 colors: 11 vertices: 87 edges 406 colors_table: () bestIndex: 0 seed: 1153392465
0.44
nthreads: 1 colors: 11 vertices: 87 edges 406 colors_table: () bestIndex: 0 seed: 1153392466
0.44
nthreads: 1 colors: 11 vertices: 87 edges 406 colors_table: () bestIndex: 0 seed: 1153392468
0.43
nthreads: 1 colors: 11 vertices: 87 edges 406 colors_table: () bestIndex: 0 seed: 1153392469
0.43
nthreads: 1 colors: 11 vertices: 87 edges 406 colors_table: () bestIndex: 0 seed: 1153392471
0.44
nthreads: 1 colors: 11 vertices: 87 edges 406 colors_table: () bestIndex: 0 seed: 1153392472
0.43
nthreads: 1 colors: 11 vertices: 87 edges 406 colors_table: () bestIndex: 0 seed: 1153392473
0.43
nthreads: 1 colors: 11 vertices: 87 edges 406 colors_table: () bestIndex: 0 seed: 1153392475
0.43
nthreads: 1 colors: 11 vertices: 87 edges 406 colors_table: () bestIndex: 0 seed: 1153392476
0.44
nthreads: 1 colors: 11 vertices: 87 edges 406 colors_table: () bestIndex: 0 seed: 1153392478
0.43
nthreads: 1 colors: 11 vertices: 87 edges 406 colors_table: () bestIndex: 0 seed: 1153392479
0.43
nthreads: 1 colors: 11 vertices: 87 edges 406 colors_table: () bestIndex: 0 seed: 1153392481
0.44
nthreads: 1 colors: 11 vertices: 87 edges 406 colors_table: () bestIndex: 0 seed: 1153392482
0.44
nthreads: 1 colors: 11 vertices: 87 edges 406 colors_table: () bestIndex: 0 seed: 1153392484
0.44
nthreads: 1 colors: 11 vertices: 87 edges 406 colors_table: () bestIndex: 0 seed: 1153392485
0.44
nthreads: 1 colors: 11 vertices: 87 edges 406 colors_table: () bestIndex: 0 seed: 1153392487
0.43
nthreads: 1 colors: 11 vertices: 87 edges 406 colors_table: () bestIndex: 0 seed: 1153392488
0.44
nthreads: 1 colors: 11 vertices: 87 edges 406 colors_table: () bestIndex: 0 seed: 1153392490
0.43
nthreads: 1 colors: 11 vertices: 87 edges 406 colors_table: () bestIndex: 0 seed: 1153392491
0.44
nthreads: 1 colors: 11 vertices: 87 edges 406 colors_table: () bestIndex: 0 seed: 1153392493
0.43
nthreads: 1 colors: 11 vertices: 87 edges 406 colors_table: () bestIndex: 0 seed: 1153392494
0.45
nthreads: 1 colors: 11 vertices: 87 edges 406 colors_table: () bestIndex: 0 seed: 1153392496
0.43
nthreads: 1 colors: 11 vertices: 87 edges 406 colors_table: () bestIndex: 0 seed: 1153392497
0.43
nthreads: 1 colors: 11 vertices: 87 edges 406 colors_table: () bestIndex: 0 seed: 1153392499
0.44
nthreads: 1 colors: 11 vertices: 87 edges 406 colors_table: () bestIndex: 0 seed: 1153392500
0.43
nthreads: 1 colors: 11 vertices: 87 edges 406 colors_table: () bestIndex: 0 seed: 1153392502
0.44
nthreads: 1 colors: 11 vertices: 87 edges 406 colors_table: () bestIndex: 0 seed: 1153392503
0.45
nthreads: 1 colors: 11 vertices: 87 edges 406 colors_table: () bestIndex: 0 seed: 1153392505
0.43
nthreads: 1 colors: 11 vertices: 87 edges 406 colors_table: () bestIndex: 0 seed: 1153392506
0.44
nthreads: 1 colors: 11 vertices: 87 edges 406 colors_table: () bestIndex: 0 seed: 1153392508
0.44
nthreads: 1 colors: 11 vertices: 87 edges 406 colors_table: () bestIndex: 0 seed: 1153392509
0.44
nthreads: 1 colors: 11 vertices: 87 edges 406 colors_table: () bestIndex: 0 seed: 1153392511
0.44
nthreads: 1 colors: 11 vertices: 87 edges 406 colors_table: () bestIndex: 0 seed: 1153392512
0.43
nthreads: 1 colors: 11 vertices: 87 edges 406 colors_table: () bestIndex: 0 seed: 1153392513
0.43
nthreads: 1 colors: 11 vertices: 87 edges 406 colors_table: () bestIndex: 0 seed: 1153392515
0.43
nthreads: 1 colors: 11 vertices: 87 edges 406 colors_table: () bestIndex: 0 seed: 1153392516
0.44
nthreads: 1 colors: 11 vertices: 87 edges 406 colors_table: () bestIndex: 0 seed: 1153392518
0.43
nthreads: 1 colors: 11 vertices: 87 edges 406 colors_table: () bestIndex: 0 seed: 1153392519
0.46
nthreads: 1 colors: 11 vertices: 87 edges 406 colors_table: () bestIndex: 0 seed: 1153392521
0.43
nthreads: 1 colors: 11 vertices: 87 edges 406 colors_table: () bestIndex: 0 seed: 1153392522
0.43
nthreads: 1 colors: 11 vertices: 87 edges 406 colors_table: () bestIndex: 0 seed: 1153392524
0.43
nthreads: 1 colors: 11 vertices: 87 edges 406 colors_table: () bestIndex: 0 seed: 1153392525
0.43
nthreads: 1 colors: 11 vertices: 87 edges 406 colors_table: () bestIndex: 0 seed: 1153392527
0.43
nthreads: 1 colors: 11 vertices: 87 edges 406 colors_table: () bestIndex: 0 seed: 1153392528
0.43
nthreads: 1 colors: 11 vertices: 87 edges 406 colors_table: () bestIndex: 0 seed: 1153392530
0.44
nthreads: 1 colors: 11 vertices: 87 edges 406 colors_table: () bestIndex: 0 seed: 1153392531
0.43
nthreads: 1 colors: 11 vertices: 87 edges 406 colors_table: () bestIndex: 0 seed: 1153392533
0.43
nthreads: 1 colors: 11 vertices: 87 edges 406 colors_table: () bestIndex: 0 seed: 1153392534
0.43
nthreads: 1 colors: 11 vertices: 87 edges 406 colors_table: () bestIndex: 0 seed: 1153392536
0.43
nthreads: 1 colors: 11 vertices: 87 edges 406 colors_table: () bestIndex: 0 seed: 1153392537
0.44
nthreads: 1 colors: 11 vertices: 87 edges 406 colors_table: () bestIndex: 0 seed: 1153392539
0.44
nthreads: 1 colors: 11 vertices: 87 edges 406 colors_table: () bestIndex: 0 seed: 1153392540
0.43
nthreads: 1 colors: 11 vertices: 87 edges 406 colors_table: () bestIndex: 0 seed: 1153392542
0.44
nthreads: 1 colors: 11 vertices: 87 edges 406 colors_table: () bestIndex: 0 seed: 1153392543
0.43
nthreads: 1 colors: 11 vertices: 87 edges 406 colors_table: () bestIndex: 0 seed: 1153392544
0.43
nthreads: 1 colors: 11 vertices: 87 edges 406 colors_table: () bestIndex: 0 seed: 1153392546
0.45
nthreads: 1 colors: 11 vertices: 87 edges 406 colors_table: () bestIndex: 0 seed: 1153392547
0.44
nthreads: 1 colors: 11 vertices: 87 edges 406 colors_table: () bestIndex: 0 seed: 1153392549
0.43
nthreads: 1 colors: 11 vertices: 87 edges 406 colors_table: () bestIndex: 0 seed: 1153392550
0.43
nthreads: 1 colors: 11 vertices: 87 edges 406 colors_table: () bestIndex: 0 seed: 1153392552
0.44
nthreads: 1 colors: 11 vertices: 87 edges 406 colors_table: () bestIndex: 0 seed: 1153392553
0.43
nthreads: 1 colors: 11 vertices: 87 edges 406 colors_table: () bestIndex: 0 seed: 1153392555
0.44
nthreads: 1 colors: 11 vertices: 87 edges 406 colors_table: () bestIndex: 0 seed: 1153392556
0.43
nthreads: 1 colors: 11 vertices: 87 edges 406 colors_table: () bestIndex: 0 seed: 1153392558
0.44
nthreads: 1 colors: 11 vertices: 87 edges 406 colors_table: () bestIndex: 0 seed: 1153392559
0.43
nthreads: 1 colors: 11 vertices: 87 edges 406 colors_table: () bestIndex: 0 seed: 1153392561
0.44
nthreads: 1 colors: 11 vertices: 87 edges 406 colors_table: () bestIndex: 0 seed: 1153392562
0.43
nthreads: 1 colors: 11 vertices: 87 edges 406 colors_table: () bestIndex: 0 seed: 1153392564
0.43
nthreads: 1 colors: 11 vertices: 87 edges 406 colors_table: () bestIndex: 0 seed: 1153392565
0.44
nthreads: 1 colors: 11 vertices: 87 edges 406 colors_table: () bestIndex: 0 seed: 1153392567
0.43
nthreads: 1 colors: 11 vertices: 87 edges 406 colors_table: () bestIndex: 0 seed: 1153392568
0.44
nthreads: 1 colors: 11 vertices: 87 edges 406 colors_table: () bestIndex: 0 seed: 1153392570
0.44
nthreads: 1 colors: 11 vertices: 87 edges 406 colors_table: () bestIndex: 0 seed: 1153392571
0.44
nthreads: 1 colors: 11 vertices: 87 edges 406 colors_table: () bestIndex: 0 seed: 1153392573
0.43
nthreads: 1 colors: 11 vertices: 87 edges 406 colors_table: () bestIndex: 0 seed: 1153392574
0.43
nthreads: 1 colors: 11 vertices: 87 edges 406 colors_table: () bestIndex: 0 seed: 1153392576
0.44
nthreads: 1 colors: 11 vertices: 87 edges 406 colors_table: () bestIndex: 0 seed: 1153392577
0.43
nthreads: 1 colors: 11 vertices: 87 edges 406 colors_table: () bestIndex: 0 seed: 1153392578
0.43
nthreads: 1 colors: 11 vertices: 87 edges 406 colors_table: () bestIndex: 0 seed: 1153392580
0.44
nthreads: 1 colors: 11 vertices: 87 edges 406 colors_table: () bestIndex: 0 seed: 1153392581
0.45
nthreads: 1 colors: 11 vertices: 87 edges 406 colors_table: () bestIndex: 0 seed: 1153392583
0.43
nthreads: 1 colors: 11 vertices: 87 edges 406 colors_table: () bestIndex: 0 seed: 1153392584
0.44
nthreads: 1 colors: 11 vertices: 87 edges 406 colors_table: () bestIndex: 0 seed: 1153392586
0.44
nthreads: 1 colors: 11 vertices: 87 edges 406 colors_table: () bestIndex: 0 seed: 1153392587
0.43
nthreads: 1 colors: 11 vertices: 87 edges 406 colors_table: () bestIndex: 0 seed: 1153392589
0.43
nthreads: 1 colors: 11 vertices: 87 edges 406 colors_table: () bestIndex: 0 seed: 1153392590
0.44
nthreads: 1 colors: 11 vertices: 87 edges 406 colors_table: () bestIndex: 0 seed: 1153392592
0.45
nthreads: 1 colors: 11 vertices: 87 edges 406 colors_table: () bestIndex: 0 seed: 1153392593
0.44
nthreads: 1 colors: 11 vertices: 87 edges 406 colors_table: () bestIndex: 0 seed: 1153392595
0.43
nthreads: 1 colors: 11 vertices: 87 edges 406 colors_table: () bestIndex: 0 seed: 1153392596
0.44
nthreads: 1 colors: 11 vertices: 87 edges 406 colors_table: () bestIndex: 0 seed: 1153392598
0.43
nthreads: 1 colors: 11 vertices: 87 edges 406 colors_table: () bestIndex: 0 seed: 1153392599
0.44
nthreads: 1 colors: 11 vertices: 87 edges 406 colors_table: () bestIndex: 0 seed: 1153392601
0.45
nthreads: 1 colors: 11 vertices: 87 edges 406 colors_table: () bestIndex: 0 seed: 1153392602
0.44
nthreads: 1 colors: 11 vertices: 87 edges 406 colors_table: () bestIndex: 0 seed: 1153392604
0.43
nthreads: 1 colors: 11 vertices: 87 edges 406 colors_table: () bestIndex: 0 seed: 1153392605
0.44
nthreads: 1 colors: 11 vertices: 87 edges 406 colors_table: () bestIndex: 0 seed: 1153392607
0.44
nthreads: 1 colors: 11 vertices: 87 edges 406 colors_table: () bestIndex: 0 seed: 1153392608
0.43
nthreads: 1 colors: 11 vertices: 87 edges 406 colors_table: () bestIndex: 0 seed: 1153392610
0.43
