DSJC1000.5.col.b n_loops: 100 n_threads: 1
Thu Jul 20 05:13:08 EDT 2006 /home/thanhvu/nfs/Classic/1225_SameAsPATCHONLY_w_somechangestoprintSol/log_dir//1153378380/DSJC1000.5.col.b_1153386788.log
Single cedf232c677ebdd3c298dee92578679f /home/thanhvu/nfs/Classic/1225_SameAsPATCHONLY_w_somechangestoprintSol/a.out
nthreads: 1 colors: 93 vertices: 1000 edges 249826 colors_table: () bestIndex: 650 seed: 1153386788
156.05
nthreads: 1 colors: 92 vertices: 1000 edges 249826 colors_table: () bestIndex: 1024 seed: 1153386945
183.96
nthreads: 1 colors: 92 vertices: 1000 edges 249826 colors_table: () bestIndex: 1640 seed: 1153387130
225.56
nthreads: 1 colors: 92 vertices: 1000 edges 249826 colors_table: () bestIndex: 1145 seed: 1153387357
191.51
nthreads: 1 colors: 92 vertices: 1000 edges 249826 colors_table: () bestIndex: 1623 seed: 1153387549
226.80
nthreads: 1 colors: 92 vertices: 1000 edges 249826 colors_table: () bestIndex: 1580 seed: 1153387777
224.54
nthreads: 1 colors: 91 vertices: 1000 edges 249826 colors_table: () bestIndex: 1081 seed: 1153388003
187.15
nthreads: 1 colors: 92 vertices: 1000 edges 249826 colors_table: () bestIndex: 807 seed: 1153388191
168.41
nthreads: 1 colors: 92 vertices: 1000 edges 249826 colors_table: () bestIndex: 2022 seed: 1153388360
252.83
nthreads: 1 colors: 91 vertices: 1000 edges 249826 colors_table: () bestIndex: 1351 seed: 1153388614
206.33
nthreads: 1 colors: 92 vertices: 1000 edges 249826 colors_table: () bestIndex: 724 seed: 1153388821
162.81
nthreads: 1 colors: 92 vertices: 1000 edges 249826 colors_table: () bestIndex: 838 seed: 1153388985
169.94
nthreads: 1 colors: 92 vertices: 1000 edges 249826 colors_table: () bestIndex: 1141 seed: 1153389156
192.71
nthreads: 1 colors: 92 vertices: 1000 edges 249826 colors_table: () bestIndex: 1303 seed: 1153389350
204.10
nthreads: 1 colors: 92 vertices: 1000 edges 249826 colors_table: () bestIndex: 841 seed: 1153389555
169.92
nthreads: 1 colors: 92 vertices: 1000 edges 249826 colors_table: () bestIndex: 1116 seed: 1153389726
189.24
nthreads: 1 colors: 92 vertices: 1000 edges 249826 colors_table: () bestIndex: 656 seed: 1153389916
156.15
nthreads: 1 colors: 92 vertices: 1000 edges 249826 colors_table: () bestIndex: 1534 seed: 1153390073
219.97
nthreads: 1 colors: 91 vertices: 1000 edges 249826 colors_table: () bestIndex: 2370 seed: 1153390294
279.38
nthreads: 1 colors: 91 vertices: 1000 edges 249826 colors_table: () bestIndex: 1803 seed: 1153390575
238.30
nthreads: 1 colors: 92 vertices: 1000 edges 249826 colors_table: () bestIndex: 996 seed: 1153390814
181.10
nthreads: 1 colors: 92 vertices: 1000 edges 249826 colors_table: () bestIndex: 671 seed: 1153390996
157.57
nthreads: 1 colors: 93 vertices: 1000 edges 249826 colors_table: () bestIndex: 760 seed: 1153391155
163.92
nthreads: 1 colors: 91 vertices: 1000 edges 249826 colors_table: () bestIndex: 1444 seed: 1153391320
210.54
nthreads: 1 colors: 92 vertices: 1000 edges 249826 colors_table: () bestIndex: 1566 seed: 1153391531
222.44
nthreads: 1 colors: 92 vertices: 1000 edges 249826 colors_table: () bestIndex: 755 seed: 1153391755
164.14
nthreads: 1 colors: 92 vertices: 1000 edges 249826 colors_table: () bestIndex: 753 seed: 1153391920
164.01
nthreads: 1 colors: 92 vertices: 1000 edges 249826 colors_table: () bestIndex: 1734 seed: 1153392085
234.37
nthreads: 1 colors: 92 vertices: 1000 edges 249826 colors_table: () bestIndex: 1475 seed: 1153392320
210.80
nthreads: 1 colors: 92 vertices: 1000 edges 249826 colors_table: () bestIndex: 594 seed: 1153392532
153.36
nthreads: 1 colors: 91 vertices: 1000 edges 249826 colors_table: () bestIndex: 1601 seed: 1153392686
225.12
nthreads: 1 colors: 92 vertices: 1000 edges 249826 colors_table: () bestIndex: 1225 seed: 1153392912
198.35
nthreads: 1 colors: 92 vertices: 1000 edges 249826 colors_table: () bestIndex: 604 seed: 1153393112
152.60
nthreads: 1 colors: 91 vertices: 1000 edges 249826 colors_table: () bestIndex: 1312 seed: 1153393265
203.00
nthreads: 1 colors: 92 vertices: 1000 edges 249826 colors_table: () bestIndex: 785 seed: 1153393469
165.71
nthreads: 1 colors: 93 vertices: 1000 edges 249826 colors_table: () bestIndex: 888 seed: 1153393636
172.58
nthreads: 1 colors: 92 vertices: 1000 edges 249826 colors_table: () bestIndex: 1330 seed: 1153393810
206.90
nthreads: 1 colors: 93 vertices: 1000 edges 249826 colors_table: () bestIndex: 471 seed: 1153394018
142.90
nthreads: 1 colors: 92 vertices: 1000 edges 249826 colors_table: () bestIndex: 704 seed: 1153394162
161.58
nthreads: 1 colors: 92 vertices: 1000 edges 249826 colors_table: () bestIndex: 2007 seed: 1153394324
255.44
nthreads: 1 colors: 93 vertices: 1000 edges 249826 colors_table: () bestIndex: 419 seed: 1153394581
139.10
nthreads: 1 colors: 92 vertices: 1000 edges 249826 colors_table: () bestIndex: 1681 seed: 1153394721
230.31
nthreads: 1 colors: 93 vertices: 1000 edges 249826 colors_table: () bestIndex: 654 seed: 1153394952
156.81
nthreads: 1 colors: 92 vertices: 1000 edges 249826 colors_table: () bestIndex: 1667 seed: 1153395110
230.14
nthreads: 1 colors: 92 vertices: 1000 edges 249826 colors_table: () bestIndex: 1769 seed: 1153395341
235.33
nthreads: 1 colors: 92 vertices: 1000 edges 249826 colors_table: () bestIndex: 1149 seed: 1153395577
193.03
nthreads: 1 colors: 92 vertices: 1000 edges 249826 colors_table: () bestIndex: 596 seed: 1153395771
153.69
nthreads: 1 colors: 92 vertices: 1000 edges 249826 colors_table: () bestIndex: 1721 seed: 1153395926
232.76
nthreads: 1 colors: 92 vertices: 1000 edges 249826 colors_table: () bestIndex: 659 seed: 1153396160
159.52
nthreads: 1 colors: 91 vertices: 1000 edges 249826 colors_table: () bestIndex: 2142 seed: 1153396320
262.82
nthreads: 1 colors: 93 vertices: 1000 edges 249826 colors_table: () bestIndex: 490 seed: 1153396584
144.82
nthreads: 1 colors: 92 vertices: 1000 edges 249826 colors_table: () bestIndex: 1129 seed: 1153396730
189.51
nthreads: 1 colors: 92 vertices: 1000 edges 249826 colors_table: () bestIndex: 1857 seed: 1153396921
242.58
nthreads: 1 colors: 92 vertices: 1000 edges 249826 colors_table: () bestIndex: 1807 seed: 1153397164
239.08
nthreads: 1 colors: 92 vertices: 1000 edges 249826 colors_table: () bestIndex: 869 seed: 1153397404
172.32
nthreads: 1 colors: 92 vertices: 1000 edges 249826 colors_table: () bestIndex: 1227 seed: 1153397578
193.74
nthreads: 1 colors: 93 vertices: 1000 edges 249826 colors_table: () bestIndex: 572 seed: 1153397772
149.09
nthreads: 1 colors: 91 vertices: 1000 edges 249826 colors_table: () bestIndex: 2568 seed: 1153397923
290.65
nthreads: 1 colors: 92 vertices: 1000 edges 249826 colors_table: () bestIndex: 941 seed: 1153398214
176.49
nthreads: 1 colors: 92 vertices: 1000 edges 249826 colors_table: () bestIndex: 602 seed: 1153398392
153.61
nthreads: 1 colors: 92 vertices: 1000 edges 249826 colors_table: () bestIndex: 1542 seed: 1153398546
219.85
nthreads: 1 colors: 91 vertices: 1000 edges 249826 colors_table: () bestIndex: 2712 seed: 1153398767
288.74
nthreads: 1 colors: 92 vertices: 1000 edges 249826 colors_table: () bestIndex: 955 seed: 1153399057
177.36
nthreads: 1 colors: 91 vertices: 1000 edges 249826 colors_table: () bestIndex: 2481 seed: 1153399235
290.47
nthreads: 1 colors: 92 vertices: 1000 edges 249826 colors_table: () bestIndex: 1654 seed: 1153399527
228.52
nthreads: 1 colors: 92 vertices: 1000 edges 249826 colors_table: () bestIndex: 424 seed: 1153399756
139.29
nthreads: 1 colors: 92 vertices: 1000 edges 249826 colors_table: () bestIndex: 1257 seed: 1153399897
202.04
nthreads: 1 colors: 92 vertices: 1000 edges 249826 colors_table: () bestIndex: 1166 seed: 1153400100
194.51
nthreads: 1 colors: 92 vertices: 1000 edges 249826 colors_table: () bestIndex: 995 seed: 1153400295
182.58
nthreads: 1 colors: 92 vertices: 1000 edges 249826 colors_table: () bestIndex: 1633 seed: 1153400479
226.05
nthreads: 1 colors: 92 vertices: 1000 edges 249826 colors_table: () bestIndex: 1044 seed: 1153400706
186.19
nthreads: 1 colors: 92 vertices: 1000 edges 249826 colors_table: () bestIndex: 1346 seed: 1153400893
207.34
nthreads: 1 colors: 93 vertices: 1000 edges 249826 colors_table: () bestIndex: 693 seed: 1153401101
161.79
nthreads: 1 colors: 92 vertices: 1000 edges 249826 colors_table: () bestIndex: 1586 seed: 1153401264
223.47
nthreads: 1 colors: 92 vertices: 1000 edges 249826 colors_table: () bestIndex: 684 seed: 1153401489
159.27
nthreads: 1 colors: 91 vertices: 1000 edges 249826 colors_table: () bestIndex: 1156 seed: 1153401649
193.76
nthreads: 1 colors: 92 vertices: 1000 edges 249826 colors_table: () bestIndex: 646 seed: 1153401844
155.46
nthreads: 1 colors: 92 vertices: 1000 edges 249826 colors_table: () bestIndex: 1169 seed: 1153402000
194.93
nthreads: 1 colors: 92 vertices: 1000 edges 249826 colors_table: () bestIndex: 842 seed: 1153402196
171.43
nthreads: 1 colors: 92 vertices: 1000 edges 249826 colors_table: () bestIndex: 1066 seed: 1153402369
186.12
nthreads: 1 colors: 93 vertices: 1000 edges 249826 colors_table: () bestIndex: 443 seed: 1153402556
141.49
nthreads: 1 colors: 92 vertices: 1000 edges 249826 colors_table: () bestIndex: 1574 seed: 1153402698
222.63
nthreads: 1 colors: 91 vertices: 1000 edges 249826 colors_table: () bestIndex: 2013 seed: 1153402922
254.29
nthreads: 1 colors: 91 vertices: 1000 edges 249826 colors_table: () bestIndex: 1677 seed: 1153403177
231.45
nthreads: 1 colors: 91 vertices: 1000 edges 249826 colors_table: () bestIndex: 1772 seed: 1153403410
237.80
nthreads: 1 colors: 92 vertices: 1000 edges 249826 colors_table: () bestIndex: 1188 seed: 1153403649
195.28
nthreads: 1 colors: 92 vertices: 1000 edges 249826 colors_table: () bestIndex: 1807 seed: 1153403845
239.11
nthreads: 1 colors: 92 vertices: 1000 edges 249826 colors_table: () bestIndex: 1217 seed: 1153404085
197.32
nthreads: 1 colors: 93 vertices: 1000 edges 249826 colors_table: () bestIndex: 435 seed: 1153404283
140.96
nthreads: 1 colors: 92 vertices: 1000 edges 249826 colors_table: () bestIndex: 1561 seed: 1153404425
223.49
nthreads: 1 colors: 92 vertices: 1000 edges 249826 colors_table: () bestIndex: 1812 seed: 1153404650
241.19
nthreads: 1 colors: 92 vertices: 1000 edges 249826 colors_table: () bestIndex: 1805 seed: 1153404892
239.80
nthreads: 1 colors: 92 vertices: 1000 edges 249826 colors_table: () bestIndex: 2228 seed: 1153405133
268.53
nthreads: 1 colors: 92 vertices: 1000 edges 249826 colors_table: () bestIndex: 636 seed: 1153405402
154.55
nthreads: 1 colors: 91 vertices: 1000 edges 249826 colors_table: () bestIndex: 2640 seed: 1153405558
289.21
nthreads: 1 colors: 92 vertices: 1000 edges 249826 colors_table: () bestIndex: 1154 seed: 1153405848
191.75
nthreads: 1 colors: 92 vertices: 1000 edges 249826 colors_table: () bestIndex: 1869 seed: 1153406041
243.38
nthreads: 1 colors: 92 vertices: 1000 edges 249826 colors_table: () bestIndex: 1129 seed: 1153406285
190.41
nthreads: 1 colors: 92 vertices: 1000 edges 249826 colors_table: () bestIndex: 535 seed: 1153406477
147.99
nthreads: 1 colors: 92 vertices: 1000 edges 249826 colors_table: () bestIndex: 1044 seed: 1153406626
183.72
