DSJC125.1.col.b n_loops: 100 n_threads: 1
Thu Jul 20 22:23:09 EDT 2006 /home/thanhvu/nfs/Classic/1225_SameAsPATCHONLY_w_somechangestoprintSol/log_dir//1153378380/DSJC125.1.col.b_1153448589.log
Single cedf232c677ebdd3c298dee92578679f /home/thanhvu/nfs/Classic/1225_SameAsPATCHONLY_w_somechangestoprintSol/a.out
nthreads: 1 colors: 5 vertices: 125 edges 736 colors_table: () bestIndex: 318 seed: 1153448589
1.22
nthreads: 1 colors: 6 vertices: 125 edges 736 colors_table: () bestIndex: 41 seed: 1153448591
0.67
nthreads: 1 colors: 6 vertices: 125 edges 736 colors_table: () bestIndex: 41 seed: 1153448593
0.64
nthreads: 1 colors: 6 vertices: 125 edges 736 colors_table: () bestIndex: 41 seed: 1153448595
0.67
nthreads: 1 colors: 6 vertices: 125 edges 736 colors_table: () bestIndex: 41 seed: 1153448596
0.69
nthreads: 1 colors: 5 vertices: 125 edges 736 colors_table: () bestIndex: 157 seed: 1153448598
1.00
nthreads: 1 colors: 6 vertices: 125 edges 736 colors_table: () bestIndex: 41 seed: 1153448600
0.67
nthreads: 1 colors: 5 vertices: 125 edges 736 colors_table: () bestIndex: 33 seed: 1153448602
0.83
nthreads: 1 colors: 5 vertices: 125 edges 736 colors_table: () bestIndex: 326 seed: 1153448603
1.29
nthreads: 1 colors: 5 vertices: 125 edges 736 colors_table: () bestIndex: 377 seed: 1153448606
1.42
nthreads: 1 colors: 6 vertices: 125 edges 736 colors_table: () bestIndex: 41 seed: 1153448608
0.68
nthreads: 1 colors: 6 vertices: 125 edges 736 colors_table: () bestIndex: 41 seed: 1153448610
0.64
nthreads: 1 colors: 5 vertices: 125 edges 736 colors_table: () bestIndex: 150 seed: 1153448612
0.98
nthreads: 1 colors: 5 vertices: 125 edges 736 colors_table: () bestIndex: 101 seed: 1153448614
0.92
nthreads: 1 colors: 6 vertices: 125 edges 736 colors_table: () bestIndex: 41 seed: 1153448615
0.70
nthreads: 1 colors: 6 vertices: 125 edges 736 colors_table: () bestIndex: 41 seed: 1153448617
0.69
nthreads: 1 colors: 5 vertices: 125 edges 736 colors_table: () bestIndex: 68 seed: 1153448619
0.85
nthreads: 1 colors: 6 vertices: 125 edges 736 colors_table: () bestIndex: 41 seed: 1153448621
0.67
nthreads: 1 colors: 5 vertices: 125 edges 736 colors_table: () bestIndex: 393 seed: 1153448622
1.33
nthreads: 1 colors: 6 vertices: 125 edges 736 colors_table: () bestIndex: 41 seed: 1153448625
0.66
nthreads: 1 colors: 6 vertices: 125 edges 736 colors_table: () bestIndex: 41 seed: 1153448626
0.66
nthreads: 1 colors: 5 vertices: 125 edges 736 colors_table: () bestIndex: 249 seed: 1153448628
1.15
nthreads: 1 colors: 6 vertices: 125 edges 736 colors_table: () bestIndex: 41 seed: 1153448630
0.70
nthreads: 1 colors: 6 vertices: 125 edges 736 colors_table: () bestIndex: 41 seed: 1153448632
0.69
nthreads: 1 colors: 6 vertices: 125 edges 736 colors_table: () bestIndex: 41 seed: 1153448634
0.66
nthreads: 1 colors: 5 vertices: 125 edges 736 colors_table: () bestIndex: 219 seed: 1153448635
1.09
nthreads: 1 colors: 5 vertices: 125 edges 736 colors_table: () bestIndex: 245 seed: 1153448637
1.14
nthreads: 1 colors: 6 vertices: 125 edges 736 colors_table: () bestIndex: 41 seed: 1153448640
0.66
nthreads: 1 colors: 5 vertices: 125 edges 736 colors_table: () bestIndex: 52 seed: 1153448641
0.82
nthreads: 1 colors: 5 vertices: 125 edges 736 colors_table: () bestIndex: 110 seed: 1153448643
0.92
nthreads: 1 colors: 5 vertices: 125 edges 736 colors_table: () bestIndex: 278 seed: 1153448645
1.18
nthreads: 1 colors: 6 vertices: 125 edges 736 colors_table: () bestIndex: 41 seed: 1153448647
0.67
nthreads: 1 colors: 5 vertices: 125 edges 736 colors_table: () bestIndex: 81 seed: 1153448649
0.86
nthreads: 1 colors: 6 vertices: 125 edges 736 colors_table: () bestIndex: 41 seed: 1153448651
0.69
nthreads: 1 colors: 5 vertices: 125 edges 736 colors_table: () bestIndex: 112 seed: 1153448653
0.91
nthreads: 1 colors: 6 vertices: 125 edges 736 colors_table: () bestIndex: 41 seed: 1153448654
0.66
nthreads: 1 colors: 5 vertices: 125 edges 736 colors_table: () bestIndex: 27 seed: 1153448656
0.79
nthreads: 1 colors: 5 vertices: 125 edges 736 colors_table: () bestIndex: 316 seed: 1153448658
1.26
nthreads: 1 colors: 5 vertices: 125 edges 736 colors_table: () bestIndex: 45 seed: 1153448660
0.83
nthreads: 1 colors: 6 vertices: 125 edges 736 colors_table: () bestIndex: 41 seed: 1153448662
0.66
nthreads: 1 colors: 6 vertices: 125 edges 736 colors_table: () bestIndex: 41 seed: 1153448664
0.68
nthreads: 1 colors: 6 vertices: 125 edges 736 colors_table: () bestIndex: 41 seed: 1153448665
0.69
nthreads: 1 colors: 6 vertices: 125 edges 736 colors_table: () bestIndex: 41 seed: 1153448667
0.67
nthreads: 1 colors: 5 vertices: 125 edges 736 colors_table: () bestIndex: 42 seed: 1153448669
0.81
nthreads: 1 colors: 5 vertices: 125 edges 736 colors_table: () bestIndex: 218 seed: 1153448671
1.11
nthreads: 1 colors: 6 vertices: 125 edges 736 colors_table: () bestIndex: 41 seed: 1153448673
0.68
nthreads: 1 colors: 6 vertices: 125 edges 736 colors_table: () bestIndex: 41 seed: 1153448674
0.68
nthreads: 1 colors: 5 vertices: 125 edges 736 colors_table: () bestIndex: 39 seed: 1153448676
0.80
nthreads: 1 colors: 5 vertices: 125 edges 736 colors_table: () bestIndex: 37 seed: 1153448678
0.78
nthreads: 1 colors: 6 vertices: 125 edges 736 colors_table: () bestIndex: 41 seed: 1153448680
0.65
nthreads: 1 colors: 6 vertices: 125 edges 736 colors_table: () bestIndex: 41 seed: 1153448681
0.64
nthreads: 1 colors: 5 vertices: 125 edges 736 colors_table: () bestIndex: 69 seed: 1153448683
0.85
nthreads: 1 colors: 6 vertices: 125 edges 736 colors_table: () bestIndex: 41 seed: 1153448685
0.66
nthreads: 1 colors: 5 vertices: 125 edges 736 colors_table: () bestIndex: 45 seed: 1153448687
0.83
nthreads: 1 colors: 5 vertices: 125 edges 736 colors_table: () bestIndex: 80 seed: 1153448688
0.89
nthreads: 1 colors: 6 vertices: 125 edges 736 colors_table: () bestIndex: 41 seed: 1153448690
0.67
nthreads: 1 colors: 5 vertices: 125 edges 736 colors_table: () bestIndex: 312 seed: 1153448692
1.27
nthreads: 1 colors: 6 vertices: 125 edges 736 colors_table: () bestIndex: 41 seed: 1153448694
0.66
nthreads: 1 colors: 6 vertices: 125 edges 736 colors_table: () bestIndex: 41 seed: 1153448696
0.68
nthreads: 1 colors: 5 vertices: 125 edges 736 colors_table: () bestIndex: 333 seed: 1153448698
1.29
nthreads: 1 colors: 5 vertices: 125 edges 736 colors_table: () bestIndex: 180 seed: 1153448700
1.04
nthreads: 1 colors: 5 vertices: 125 edges 736 colors_table: () bestIndex: 118 seed: 1153448702
0.95
nthreads: 1 colors: 6 vertices: 125 edges 736 colors_table: () bestIndex: 41 seed: 1153448704
0.69
nthreads: 1 colors: 5 vertices: 125 edges 736 colors_table: () bestIndex: 311 seed: 1153448706
1.25
nthreads: 1 colors: 6 vertices: 125 edges 736 colors_table: () bestIndex: 41 seed: 1153448708
0.67
nthreads: 1 colors: 5 vertices: 125 edges 736 colors_table: () bestIndex: 142 seed: 1153448710
0.94
nthreads: 1 colors: 5 vertices: 125 edges 736 colors_table: () bestIndex: 114 seed: 1153448712
0.90
nthreads: 1 colors: 6 vertices: 125 edges 736 colors_table: () bestIndex: 41 seed: 1153448714
0.66
nthreads: 1 colors: 6 vertices: 125 edges 736 colors_table: () bestIndex: 41 seed: 1153448715
0.66
nthreads: 1 colors: 6 vertices: 125 edges 736 colors_table: () bestIndex: 41 seed: 1153448717
0.67
nthreads: 1 colors: 5 vertices: 125 edges 736 colors_table: () bestIndex: 328 seed: 1153448719
1.27
nthreads: 1 colors: 5 vertices: 125 edges 736 colors_table: () bestIndex: 33 seed: 1153448721
0.78
nthreads: 1 colors: 5 vertices: 125 edges 736 colors_table: () bestIndex: 374 seed: 1153448723
1.35
nthreads: 1 colors: 5 vertices: 125 edges 736 colors_table: () bestIndex: 325 seed: 1153448725
1.28
nthreads: 1 colors: 6 vertices: 125 edges 736 colors_table: () bestIndex: 41 seed: 1153448727
0.71
nthreads: 1 colors: 6 vertices: 125 edges 736 colors_table: () bestIndex: 41 seed: 1153448729
0.64
nthreads: 1 colors: 6 vertices: 125 edges 736 colors_table: () bestIndex: 41 seed: 1153448731
0.66
nthreads: 1 colors: 5 vertices: 125 edges 736 colors_table: () bestIndex: 60 seed: 1153448732
0.86
nthreads: 1 colors: 5 vertices: 125 edges 736 colors_table: () bestIndex: 345 seed: 1153448734
1.30
nthreads: 1 colors: 5 vertices: 125 edges 736 colors_table: () bestIndex: 45 seed: 1153448737
0.81
nthreads: 1 colors: 6 vertices: 125 edges 736 colors_table: () bestIndex: 41 seed: 1153448738
0.71
nthreads: 1 colors: 6 vertices: 125 edges 736 colors_table: () bestIndex: 41 seed: 1153448740
0.65
nthreads: 1 colors: 6 vertices: 125 edges 736 colors_table: () bestIndex: 41 seed: 1153448742
0.66
nthreads: 1 colors: 6 vertices: 125 edges 736 colors_table: () bestIndex: 41 seed: 1153448743
0.65
nthreads: 1 colors: 5 vertices: 125 edges 736 colors_table: () bestIndex: 145 seed: 1153448745
0.97
nthreads: 1 colors: 5 vertices: 125 edges 736 colors_table: () bestIndex: 207 seed: 1153448747
1.06
nthreads: 1 colors: 6 vertices: 125 edges 736 colors_table: () bestIndex: 41 seed: 1153448749
0.69
nthreads: 1 colors: 5 vertices: 125 edges 736 colors_table: () bestIndex: 135 seed: 1153448751
0.96
nthreads: 1 colors: 5 vertices: 125 edges 736 colors_table: () bestIndex: 220 seed: 1153448753
1.11
nthreads: 1 colors: 5 vertices: 125 edges 736 colors_table: () bestIndex: 124 seed: 1153448755
0.93
nthreads: 1 colors: 6 vertices: 125 edges 736 colors_table: () bestIndex: 41 seed: 1153448757
0.66
nthreads: 1 colors: 5 vertices: 125 edges 736 colors_table: () bestIndex: 47 seed: 1153448759
0.80
nthreads: 1 colors: 5 vertices: 125 edges 736 colors_table: () bestIndex: 36 seed: 1153448760
0.78
nthreads: 1 colors: 6 vertices: 125 edges 736 colors_table: () bestIndex: 41 seed: 1153448762
0.69
nthreads: 1 colors: 6 vertices: 125 edges 736 colors_table: () bestIndex: 41 seed: 1153448764
0.63
nthreads: 1 colors: 6 vertices: 125 edges 736 colors_table: () bestIndex: 41 seed: 1153448766
0.66
nthreads: 1 colors: 5 vertices: 125 edges 736 colors_table: () bestIndex: 135 seed: 1153448767
0.98
nthreads: 1 colors: 6 vertices: 125 edges 736 colors_table: () bestIndex: 41 seed: 1153448769
0.66
nthreads: 1 colors: 6 vertices: 125 edges 736 colors_table: () bestIndex: 41 seed: 1153448771
0.72
nthreads: 1 colors: 6 vertices: 125 edges 736 colors_table: () bestIndex: 41 seed: 1153448773
0.67
