DSJC500.5.col.b n_loops: 100 n_threads: 1
Fri Jul 21 00:19:19 EDT 2006 /home/thanhvu/nfs/Classic/1225_SameAsPATCHONLY_w_somechangestoprintSol/log_dir//1153378380/DSJC500.5.col.b_1153455559.log
Single cedf232c677ebdd3c298dee92578679f /home/thanhvu/nfs/Classic/1225_SameAsPATCHONLY_w_somechangestoprintSol/a.out
nthreads: 1 colors: 51 vertices: 500 edges 62624 colors_table: () bestIndex: 1118 seed: 1153455559
90.58
nthreads: 1 colors: 51 vertices: 500 edges 62624 colors_table: () bestIndex: 718 seed: 1153455650
77.08
nthreads: 1 colors: 51 vertices: 500 edges 62624 colors_table: () bestIndex: 809 seed: 1153455729
80.43
nthreads: 1 colors: 52 vertices: 500 edges 62624 colors_table: () bestIndex: 287 seed: 1153455810
63.17
nthreads: 1 colors: 51 vertices: 500 edges 62624 colors_table: () bestIndex: 864 seed: 1153455874
81.44
nthreads: 1 colors: 51 vertices: 500 edges 62624 colors_table: () bestIndex: 480 seed: 1153455957
69.21
nthreads: 1 colors: 51 vertices: 500 edges 62624 colors_table: () bestIndex: 750 seed: 1153456027
78.11
nthreads: 1 colors: 51 vertices: 500 edges 62624 colors_table: () bestIndex: 480 seed: 1153456106
69.64
nthreads: 1 colors: 51 vertices: 500 edges 62624 colors_table: () bestIndex: 1655 seed: 1153456177
104.69
nthreads: 1 colors: 51 vertices: 500 edges 62624 colors_table: () bestIndex: 571 seed: 1153456282
71.05
nthreads: 1 colors: 51 vertices: 500 edges 62624 colors_table: () bestIndex: 1655 seed: 1153456354
104.73
nthreads: 1 colors: 51 vertices: 500 edges 62624 colors_table: () bestIndex: 1269 seed: 1153456460
96.77
nthreads: 1 colors: 51 vertices: 500 edges 62624 colors_table: () bestIndex: 1066 seed: 1153456558
89.90
nthreads: 1 colors: 51 vertices: 500 edges 62624 colors_table: () bestIndex: 589 seed: 1153456649
72.56
nthreads: 1 colors: 51 vertices: 500 edges 62624 colors_table: () bestIndex: 920 seed: 1153456722
83.84
nthreads: 1 colors: 51 vertices: 500 edges 62624 colors_table: () bestIndex: 1739 seed: 1153456807
105.45
nthreads: 1 colors: 51 vertices: 500 edges 62624 colors_table: () bestIndex: 806 seed: 1153456914
79.73
nthreads: 1 colors: 51 vertices: 500 edges 62624 colors_table: () bestIndex: 596 seed: 1153456994
74.36
nthreads: 1 colors: 52 vertices: 500 edges 62624 colors_table: () bestIndex: 423 seed: 1153457070
66.80
nthreads: 1 colors: 51 vertices: 500 edges 62624 colors_table: () bestIndex: 877 seed: 1153457138
83.48
nthreads: 1 colors: 52 vertices: 500 edges 62624 colors_table: () bestIndex: 143 seed: 1153457222
57.68
nthreads: 1 colors: 51 vertices: 500 edges 62624 colors_table: () bestIndex: 543 seed: 1153457281
72.48
nthreads: 1 colors: 51 vertices: 500 edges 62624 colors_table: () bestIndex: 1585 seed: 1153457354
104.44
nthreads: 1 colors: 51 vertices: 500 edges 62624 colors_table: () bestIndex: 822 seed: 1153457460
82.60
nthreads: 1 colors: 51 vertices: 500 edges 62624 colors_table: () bestIndex: 316 seed: 1153457543
63.20
nthreads: 1 colors: 51 vertices: 500 edges 62624 colors_table: () bestIndex: 453 seed: 1153457608
68.81
nthreads: 1 colors: 51 vertices: 500 edges 62624 colors_table: () bestIndex: 872 seed: 1153457677
83.95
nthreads: 1 colors: 51 vertices: 500 edges 62624 colors_table: () bestIndex: 542 seed: 1153457762
71.54
nthreads: 1 colors: 51 vertices: 500 edges 62624 colors_table: () bestIndex: 565 seed: 1153457835
72.44
nthreads: 1 colors: 51 vertices: 500 edges 62624 colors_table: () bestIndex: 1152 seed: 1153457908
92.60
nthreads: 1 colors: 51 vertices: 500 edges 62624 colors_table: () bestIndex: 363 seed: 1153458002
65.12
nthreads: 1 colors: 51 vertices: 500 edges 62624 colors_table: () bestIndex: 842 seed: 1153458068
81.76
nthreads: 1 colors: 51 vertices: 500 edges 62624 colors_table: () bestIndex: 341 seed: 1153458151
64.64
nthreads: 1 colors: 51 vertices: 500 edges 62624 colors_table: () bestIndex: 551 seed: 1153458217
71.16
nthreads: 1 colors: 51 vertices: 500 edges 62624 colors_table: () bestIndex: 1067 seed: 1153458289
90.23
nthreads: 1 colors: 52 vertices: 500 edges 62624 colors_table: () bestIndex: 329 seed: 1153458380
63.44
nthreads: 1 colors: 51 vertices: 500 edges 62624 colors_table: () bestIndex: 563 seed: 1153458444
71.15
nthreads: 1 colors: 51 vertices: 500 edges 62624 colors_table: () bestIndex: 1314 seed: 1153458517
97.89
nthreads: 1 colors: 52 vertices: 500 edges 62624 colors_table: () bestIndex: 263 seed: 1153458616
62.04
nthreads: 1 colors: 51 vertices: 500 edges 62624 colors_table: () bestIndex: 1818 seed: 1153458679
103.64
nthreads: 1 colors: 51 vertices: 500 edges 62624 colors_table: () bestIndex: 488 seed: 1153458783
69.99
nthreads: 1 colors: 51 vertices: 500 edges 62624 colors_table: () bestIndex: 342 seed: 1153458854
64.29
nthreads: 1 colors: 51 vertices: 500 edges 62624 colors_table: () bestIndex: 1079 seed: 1153458920
90.62
nthreads: 1 colors: 51 vertices: 500 edges 62624 colors_table: () bestIndex: 1473 seed: 1153459011
103.47
nthreads: 1 colors: 51 vertices: 500 edges 62624 colors_table: () bestIndex: 1353 seed: 1153459116
99.66
nthreads: 1 colors: 51 vertices: 500 edges 62624 colors_table: () bestIndex: 489 seed: 1153459216
69.57
nthreads: 1 colors: 51 vertices: 500 edges 62624 colors_table: () bestIndex: 1329 seed: 1153459287
98.37
nthreads: 1 colors: 51 vertices: 500 edges 62624 colors_table: () bestIndex: 625 seed: 1153459386
75.44
nthreads: 1 colors: 51 vertices: 500 edges 62624 colors_table: () bestIndex: 1641 seed: 1153459463
105.45
nthreads: 1 colors: 51 vertices: 500 edges 62624 colors_table: () bestIndex: 1617 seed: 1153459569
105.50
nthreads: 1 colors: 51 vertices: 500 edges 62624 colors_table: () bestIndex: 667 seed: 1153459676
75.31
nthreads: 1 colors: 51 vertices: 500 edges 62624 colors_table: () bestIndex: 1239 seed: 1153459752
96.42
nthreads: 1 colors: 51 vertices: 500 edges 62624 colors_table: () bestIndex: 445 seed: 1153459850
68.09
nthreads: 1 colors: 51 vertices: 500 edges 62624 colors_table: () bestIndex: 263 seed: 1153459919
61.89
nthreads: 1 colors: 51 vertices: 500 edges 62624 colors_table: () bestIndex: 685 seed: 1153459982
76.59
nthreads: 1 colors: 51 vertices: 500 edges 62624 colors_table: () bestIndex: 937 seed: 1153460059
85.89
nthreads: 1 colors: 51 vertices: 500 edges 62624 colors_table: () bestIndex: 410 seed: 1153460146
67.66
nthreads: 1 colors: 51 vertices: 500 edges 62624 colors_table: () bestIndex: 689 seed: 1153460215
77.13
nthreads: 1 colors: 51 vertices: 500 edges 62624 colors_table: () bestIndex: 1431 seed: 1153460293
102.17
nthreads: 1 colors: 51 vertices: 500 edges 62624 colors_table: () bestIndex: 1173 seed: 1153460396
93.87
nthreads: 1 colors: 52 vertices: 500 edges 62624 colors_table: () bestIndex: 454 seed: 1153460491
68.49
nthreads: 1 colors: 51 vertices: 500 edges 62624 colors_table: () bestIndex: 1009 seed: 1153460560
88.85
nthreads: 1 colors: 51 vertices: 500 edges 62624 colors_table: () bestIndex: 835 seed: 1153460650
81.38
nthreads: 1 colors: 51 vertices: 500 edges 62624 colors_table: () bestIndex: 1001 seed: 1153460733
88.59
nthreads: 1 colors: 52 vertices: 500 edges 62624 colors_table: () bestIndex: 118 seed: 1153460822
56.42
nthreads: 1 colors: 51 vertices: 500 edges 62624 colors_table: () bestIndex: 1369 seed: 1153460880
101.55
nthreads: 1 colors: 51 vertices: 500 edges 62624 colors_table: () bestIndex: 705 seed: 1153460982
76.43
nthreads: 1 colors: 51 vertices: 500 edges 62624 colors_table: () bestIndex: 485 seed: 1153461060
69.74
nthreads: 1 colors: 51 vertices: 500 edges 62624 colors_table: () bestIndex: 449 seed: 1153461130
67.15
nthreads: 1 colors: 52 vertices: 500 edges 62624 colors_table: () bestIndex: 216 seed: 1153461199
59.95
nthreads: 1 colors: 51 vertices: 500 edges 62624 colors_table: () bestIndex: 685 seed: 1153461260
77.18
nthreads: 1 colors: 51 vertices: 500 edges 62624 colors_table: () bestIndex: 232 seed: 1153461338
61.21
nthreads: 1 colors: 51 vertices: 500 edges 62624 colors_table: () bestIndex: 1361 seed: 1153461400
100.24
nthreads: 1 colors: 51 vertices: 500 edges 62624 colors_table: () bestIndex: 1548 seed: 1153461501
105.08
nthreads: 1 colors: 51 vertices: 500 edges 62624 colors_table: () bestIndex: 1387 seed: 1153461607
100.09
nthreads: 1 colors: 51 vertices: 500 edges 62624 colors_table: () bestIndex: 1523 seed: 1153461708
104.80
nthreads: 1 colors: 51 vertices: 500 edges 62624 colors_table: () bestIndex: 311 seed: 1153461814
63.19
nthreads: 1 colors: 51 vertices: 500 edges 62624 colors_table: () bestIndex: 455 seed: 1153461878
69.19
nthreads: 1 colors: 52 vertices: 500 edges 62624 colors_table: () bestIndex: 270 seed: 1153461949
61.34
nthreads: 1 colors: 51 vertices: 500 edges 62624 colors_table: () bestIndex: 907 seed: 1153462011
84.65
nthreads: 1 colors: 51 vertices: 500 edges 62624 colors_table: () bestIndex: 836 seed: 1153462097
81.22
nthreads: 1 colors: 51 vertices: 500 edges 62624 colors_table: () bestIndex: 1065 seed: 1153462179
90.63
nthreads: 1 colors: 51 vertices: 500 edges 62624 colors_table: () bestIndex: 991 seed: 1153462271
86.02
nthreads: 1 colors: 52 vertices: 500 edges 62624 colors_table: () bestIndex: 174 seed: 1153462358
58.70
nthreads: 1 colors: 51 vertices: 500 edges 62624 colors_table: () bestIndex: 597 seed: 1153462417
73.30
nthreads: 1 colors: 51 vertices: 500 edges 62624 colors_table: () bestIndex: 911 seed: 1153462492
85.02
nthreads: 1 colors: 51 vertices: 500 edges 62624 colors_table: () bestIndex: 1390 seed: 1153462578
100.04
nthreads: 1 colors: 50 vertices: 500 edges 62624 colors_table: () bestIndex: 2078 seed: 1153462679
103.77
nthreads: 1 colors: 50 vertices: 500 edges 62624 colors_table: () bestIndex: 1773 seed: 1153462784
105.02
nthreads: 1 colors: 51 vertices: 500 edges 62624 colors_table: () bestIndex: 639 seed: 1153462890
75.49
nthreads: 1 colors: 51 vertices: 500 edges 62624 colors_table: () bestIndex: 429 seed: 1153462966
67.61
nthreads: 1 colors: 52 vertices: 500 edges 62624 colors_table: () bestIndex: 230 seed: 1153463035
60.21
nthreads: 1 colors: 52 vertices: 500 edges 62624 colors_table: () bestIndex: 211 seed: 1153463096
60.24
nthreads: 1 colors: 52 vertices: 500 edges 62624 colors_table: () bestIndex: 197 seed: 1153463157
58.78
nthreads: 1 colors: 51 vertices: 500 edges 62624 colors_table: () bestIndex: 1023 seed: 1153463217
87.93
nthreads: 1 colors: 52 vertices: 500 edges 62624 colors_table: () bestIndex: 336 seed: 1153463306
64.00
nthreads: 1 colors: 52 vertices: 500 edges 62624 colors_table: () bestIndex: 149 seed: 1153463371
57.54
nthreads: 1 colors: 51 vertices: 500 edges 62624 colors_table: () bestIndex: 720 seed: 1153463429
78.52
nthreads: 1 colors: 51 vertices: 500 edges 62624 colors_table: () bestIndex: 855 seed: 1153463509
81.50
nthreads: 1 colors: 51 vertices: 500 edges 62624 colors_table: () bestIndex: 294 seed: 1153463592
62.06
