DSJR500.1c.col.b n_loops: 100 n_threads: 1
Fri Jul 21 06:05:22 EDT 2006 /home/thanhvu/nfs/Classic/1225_SameAsPATCHONLY_w_somechangestoprintSol/log_dir//1153378380/DSJR500.1c.col.b_1153476322.log
Single cedf232c677ebdd3c298dee92578679f /home/thanhvu/nfs/Classic/1225_SameAsPATCHONLY_w_somechangestoprintSol/a.out
nthreads: 1 colors: 86 vertices: 500 edges 121275 colors_table: () bestIndex: 403 seed: 1153476322
94.90
nthreads: 1 colors: 85 vertices: 500 edges 121275 colors_table: () bestIndex: 1878 seed: 1153476418
145.20
nthreads: 1 colors: 85 vertices: 500 edges 121275 colors_table: () bestIndex: 565 seed: 1153476564
101.48
nthreads: 1 colors: 85 vertices: 500 edges 121275 colors_table: () bestIndex: 668 seed: 1153476667
107.72
nthreads: 1 colors: 86 vertices: 500 edges 121275 colors_table: () bestIndex: 506 seed: 1153476775
100.19
nthreads: 1 colors: 85 vertices: 500 edges 121275 colors_table: () bestIndex: 463 seed: 1153476877
97.84
nthreads: 1 colors: 86 vertices: 500 edges 121275 colors_table: () bestIndex: 494 seed: 1153476975
98.62
nthreads: 1 colors: 85 vertices: 500 edges 121275 colors_table: () bestIndex: 849 seed: 1153477075
116.90
nthreads: 1 colors: 86 vertices: 500 edges 121275 colors_table: () bestIndex: 401 seed: 1153477193
90.21
nthreads: 1 colors: 85 vertices: 500 edges 121275 colors_table: () bestIndex: 627 seed: 1153477284
105.35
nthreads: 1 colors: 85 vertices: 500 edges 121275 colors_table: () bestIndex: 735 seed: 1153477390
110.14
nthreads: 1 colors: 85 vertices: 500 edges 121275 colors_table: () bestIndex: 511 seed: 1153477503
98.47
nthreads: 1 colors: 85 vertices: 500 edges 121275 colors_table: () bestIndex: 790 seed: 1153477602
113.53
nthreads: 1 colors: 85 vertices: 500 edges 121275 colors_table: () bestIndex: 639 seed: 1153477717
106.61
nthreads: 1 colors: 85 vertices: 500 edges 121275 colors_table: () bestIndex: 553 seed: 1153477824
101.47
nthreads: 1 colors: 85 vertices: 500 edges 121275 colors_table: () bestIndex: 1297 seed: 1153477927
137.76
nthreads: 1 colors: 85 vertices: 500 edges 121275 colors_table: () bestIndex: 597 seed: 1153478065
103.32
nthreads: 1 colors: 85 vertices: 500 edges 121275 colors_table: () bestIndex: 764 seed: 1153478170
112.25
nthreads: 1 colors: 85 vertices: 500 edges 121275 colors_table: () bestIndex: 1200 seed: 1153478283
132.88
nthreads: 1 colors: 85 vertices: 500 edges 121275 colors_table: () bestIndex: 626 seed: 1153478417
105.68
nthreads: 1 colors: 86 vertices: 500 edges 121275 colors_table: () bestIndex: 406 seed: 1153478524
94.64
nthreads: 1 colors: 85 vertices: 500 edges 121275 colors_table: () bestIndex: 466 seed: 1153478619
98.12
nthreads: 1 colors: 85 vertices: 500 edges 121275 colors_table: () bestIndex: 1041 seed: 1153478718
125.16
nthreads: 1 colors: 85 vertices: 500 edges 121275 colors_table: () bestIndex: 827 seed: 1153478845
115.28
nthreads: 1 colors: 86 vertices: 500 edges 121275 colors_table: () bestIndex: 598 seed: 1153478961
104.10
nthreads: 1 colors: 85 vertices: 500 edges 121275 colors_table: () bestIndex: 509 seed: 1153479066
99.92
nthreads: 1 colors: 85 vertices: 500 edges 121275 colors_table: () bestIndex: 780 seed: 1153479167
112.74
nthreads: 1 colors: 85 vertices: 500 edges 121275 colors_table: () bestIndex: 765 seed: 1153479281
113.48
nthreads: 1 colors: 85 vertices: 500 edges 121275 colors_table: () bestIndex: 632 seed: 1153479395
104.40
nthreads: 1 colors: 85 vertices: 500 edges 121275 colors_table: () bestIndex: 2110 seed: 1153479501
146.04
nthreads: 1 colors: 85 vertices: 500 edges 121275 colors_table: () bestIndex: 951 seed: 1153479648
121.66
nthreads: 1 colors: 86 vertices: 500 edges 121275 colors_table: () bestIndex: 480 seed: 1153479770
98.28
nthreads: 1 colors: 85 vertices: 500 edges 121275 colors_table: () bestIndex: 520 seed: 1153479870
99.76
nthreads: 1 colors: 85 vertices: 500 edges 121275 colors_table: () bestIndex: 1175 seed: 1153479970
131.90
nthreads: 1 colors: 86 vertices: 500 edges 121275 colors_table: () bestIndex: 401 seed: 1153480103
95.38
nthreads: 1 colors: 85 vertices: 500 edges 121275 colors_table: () bestIndex: 1279 seed: 1153480200
136.47
nthreads: 1 colors: 85 vertices: 500 edges 121275 colors_table: () bestIndex: 1883 seed: 1153480337
146.94
nthreads: 1 colors: 85 vertices: 500 edges 121275 colors_table: () bestIndex: 789 seed: 1153480485
114.00
nthreads: 1 colors: 85 vertices: 500 edges 121275 colors_table: () bestIndex: 571 seed: 1153480600
103.27
nthreads: 1 colors: 85 vertices: 500 edges 121275 colors_table: () bestIndex: 1184 seed: 1153480704
131.69
nthreads: 1 colors: 85 vertices: 500 edges 121275 colors_table: () bestIndex: 1105 seed: 1153480837
129.41
nthreads: 1 colors: 85 vertices: 500 edges 121275 colors_table: () bestIndex: 1365 seed: 1153480968
140.44
nthreads: 1 colors: 85 vertices: 500 edges 121275 colors_table: () bestIndex: 591 seed: 1153481109
103.38
nthreads: 1 colors: 85 vertices: 500 edges 121275 colors_table: () bestIndex: 455 seed: 1153481213
96.28
nthreads: 1 colors: 85 vertices: 500 edges 121275 colors_table: () bestIndex: 844 seed: 1153481311
116.30
nthreads: 1 colors: 85 vertices: 500 edges 121275 colors_table: () bestIndex: 493 seed: 1153481428
98.76
nthreads: 1 colors: 85 vertices: 500 edges 121275 colors_table: () bestIndex: 502 seed: 1153481528
99.41
nthreads: 1 colors: 85 vertices: 500 edges 121275 colors_table: () bestIndex: 483 seed: 1153481628
98.46
nthreads: 1 colors: 85 vertices: 500 edges 121275 colors_table: () bestIndex: 1066 seed: 1153481728
126.91
nthreads: 1 colors: 85 vertices: 500 edges 121275 colors_table: () bestIndex: 593 seed: 1153481856
102.93
nthreads: 1 colors: 85 vertices: 500 edges 121275 colors_table: () bestIndex: 581 seed: 1153481960
103.63
nthreads: 1 colors: 85 vertices: 500 edges 121275 colors_table: () bestIndex: 866 seed: 1153482064
117.10
nthreads: 1 colors: 85 vertices: 500 edges 121275 colors_table: () bestIndex: 484 seed: 1153482182
98.62
nthreads: 1 colors: 85 vertices: 500 edges 121275 colors_table: () bestIndex: 715 seed: 1153482282
108.89
nthreads: 1 colors: 86 vertices: 500 edges 121275 colors_table: () bestIndex: 586 seed: 1153482392
99.62
nthreads: 1 colors: 85 vertices: 500 edges 121275 colors_table: () bestIndex: 900 seed: 1153482492
118.27
nthreads: 1 colors: 85 vertices: 500 edges 121275 colors_table: () bestIndex: 864 seed: 1153482612
116.78
nthreads: 1 colors: 85 vertices: 500 edges 121275 colors_table: () bestIndex: 553 seed: 1153482730
101.69
nthreads: 1 colors: 85 vertices: 500 edges 121275 colors_table: () bestIndex: 1413 seed: 1153482832
142.04
nthreads: 1 colors: 85 vertices: 500 edges 121275 colors_table: () bestIndex: 1274 seed: 1153482975
136.26
nthreads: 1 colors: 85 vertices: 500 edges 121275 colors_table: () bestIndex: 822 seed: 1153483113
114.04
nthreads: 1 colors: 86 vertices: 500 edges 121275 colors_table: () bestIndex: 542 seed: 1153483228
98.27
nthreads: 1 colors: 85 vertices: 500 edges 121275 colors_table: () bestIndex: 459 seed: 1153483327
96.41
nthreads: 1 colors: 85 vertices: 500 edges 121275 colors_table: () bestIndex: 983 seed: 1153483424
122.59
nthreads: 1 colors: 85 vertices: 500 edges 121275 colors_table: () bestIndex: 1489 seed: 1153483548
146.89
nthreads: 1 colors: 85 vertices: 500 edges 121275 colors_table: () bestIndex: 487 seed: 1153483696
99.17
nthreads: 1 colors: 86 vertices: 500 edges 121275 colors_table: () bestIndex: 423 seed: 1153483796
92.35
nthreads: 1 colors: 85 vertices: 500 edges 121275 colors_table: () bestIndex: 523 seed: 1153483889
100.44
nthreads: 1 colors: 85 vertices: 500 edges 121275 colors_table: () bestIndex: 1777 seed: 1153483991
144.63
nthreads: 1 colors: 86 vertices: 500 edges 121275 colors_table: () bestIndex: 1061 seed: 1153484137
126.14
nthreads: 1 colors: 85 vertices: 500 edges 121275 colors_table: () bestIndex: 1072 seed: 1153484264
126.17
nthreads: 1 colors: 85 vertices: 500 edges 121275 colors_table: () bestIndex: 1288 seed: 1153484391
137.55
nthreads: 1 colors: 85 vertices: 500 edges 121275 colors_table: () bestIndex: 450 seed: 1153484529
96.41
nthreads: 1 colors: 85 vertices: 500 edges 121275 colors_table: () bestIndex: 534 seed: 1153484627
101.09
nthreads: 1 colors: 85 vertices: 500 edges 121275 colors_table: () bestIndex: 1046 seed: 1153484729
126.30
nthreads: 1 colors: 86 vertices: 500 edges 121275 colors_table: () bestIndex: 492 seed: 1153484856
94.08
nthreads: 1 colors: 85 vertices: 500 edges 121275 colors_table: () bestIndex: 799 seed: 1153484951
113.75
nthreads: 1 colors: 86 vertices: 500 edges 121275 colors_table: () bestIndex: 483 seed: 1153485066
98.18
nthreads: 1 colors: 85 vertices: 500 edges 121275 colors_table: () bestIndex: 864 seed: 1153485165
115.97
nthreads: 1 colors: 85 vertices: 500 edges 121275 colors_table: () bestIndex: 500 seed: 1153485282
99.10
nthreads: 1 colors: 85 vertices: 500 edges 121275 colors_table: () bestIndex: 1411 seed: 1153485382
143.27
nthreads: 1 colors: 85 vertices: 500 edges 121275 colors_table: () bestIndex: 750 seed: 1153485527
112.49
nthreads: 1 colors: 86 vertices: 500 edges 121275 colors_table: () bestIndex: 450 seed: 1153485640
95.08
nthreads: 1 colors: 85 vertices: 500 edges 121275 colors_table: () bestIndex: 715 seed: 1153485736
109.54
nthreads: 1 colors: 85 vertices: 500 edges 121275 colors_table: () bestIndex: 559 seed: 1153485847
101.70
nthreads: 1 colors: 85 vertices: 500 edges 121275 colors_table: () bestIndex: 404 seed: 1153485950
94.64
nthreads: 1 colors: 85 vertices: 500 edges 121275 colors_table: () bestIndex: 1570 seed: 1153486045
147.83
nthreads: 1 colors: 85 vertices: 500 edges 121275 colors_table: () bestIndex: 818 seed: 1153486194
115.03
nthreads: 1 colors: 85 vertices: 500 edges 121275 colors_table: () bestIndex: 786 seed: 1153486310
112.39
nthreads: 1 colors: 86 vertices: 500 edges 121275 colors_table: () bestIndex: 401 seed: 1153486424
94.13
nthreads: 1 colors: 85 vertices: 500 edges 121275 colors_table: () bestIndex: 496 seed: 1153486519
98.19
nthreads: 1 colors: 86 vertices: 500 edges 121275 colors_table: () bestIndex: 440 seed: 1153486618
94.82
nthreads: 1 colors: 85 vertices: 500 edges 121275 colors_table: () bestIndex: 723 seed: 1153486714
110.45
nthreads: 1 colors: 85 vertices: 500 edges 121275 colors_table: () bestIndex: 571 seed: 1153486825
102.08
nthreads: 1 colors: 85 vertices: 500 edges 121275 colors_table: () bestIndex: 577 seed: 1153486928
102.70
nthreads: 1 colors: 85 vertices: 500 edges 121275 colors_table: () bestIndex: 381 seed: 1153487032
94.03
nthreads: 1 colors: 85 vertices: 500 edges 121275 colors_table: () bestIndex: 1796 seed: 1153487127
147.57
nthreads: 1 colors: 85 vertices: 500 edges 121275 colors_table: () bestIndex: 1187 seed: 1153487276
131.98
nthreads: 1 colors: 85 vertices: 500 edges 121275 colors_table: () bestIndex: 739 seed: 1153487409
110.75
nthreads: 1 colors: 85 vertices: 500 edges 121275 colors_table: () bestIndex: 1490 seed: 1153487520
146.97
