DSJR500.5.col.b n_loops: 100 n_threads: 1
Fri Jul 21 09:39:28 EDT 2006 /home/thanhvu/nfs/Classic/1225_SameAsPATCHONLY_w_somechangestoprintSol/log_dir//1153378380/DSJR500.5.col.b_1153489168.log
Single cedf232c677ebdd3c298dee92578679f /home/thanhvu/nfs/Classic/1225_SameAsPATCHONLY_w_somechangestoprintSol/a.out
nthreads: 1 colors: 129 vertices: 500 edges 58862 colors_table: () bestIndex: 1967 seed: 1153489168
127.45
nthreads: 1 colors: 128 vertices: 500 edges 58862 colors_table: () bestIndex: 1155 seed: 1153489297
113.56
nthreads: 1 colors: 130 vertices: 500 edges 58862 colors_table: () bestIndex: 741 seed: 1153489411
95.75
nthreads: 1 colors: 129 vertices: 500 edges 58862 colors_table: () bestIndex: 1333 seed: 1153489508
121.25
nthreads: 1 colors: 129 vertices: 500 edges 58862 colors_table: () bestIndex: 1509 seed: 1153489630
127.38
nthreads: 1 colors: 129 vertices: 500 edges 58862 colors_table: () bestIndex: 751 seed: 1153489759
96.49
nthreads: 1 colors: 130 vertices: 500 edges 58862 colors_table: () bestIndex: 1023 seed: 1153489856
107.39
nthreads: 1 colors: 129 vertices: 500 edges 58862 colors_table: () bestIndex: 1394 seed: 1153489965
122.85
nthreads: 1 colors: 129 vertices: 500 edges 58862 colors_table: () bestIndex: 1540 seed: 1153490089
127.88
nthreads: 1 colors: 128 vertices: 500 edges 58862 colors_table: () bestIndex: 1247 seed: 1153490217
117.12
nthreads: 1 colors: 129 vertices: 500 edges 58862 colors_table: () bestIndex: 1869 seed: 1153490336
128.00
nthreads: 1 colors: 129 vertices: 500 edges 58862 colors_table: () bestIndex: 887 seed: 1153490465
101.73
nthreads: 1 colors: 129 vertices: 500 edges 58862 colors_table: () bestIndex: 2241 seed: 1153490567
127.57
nthreads: 1 colors: 129 vertices: 500 edges 58862 colors_table: () bestIndex: 878 seed: 1153490696
101.28
nthreads: 1 colors: 129 vertices: 500 edges 58862 colors_table: () bestIndex: 985 seed: 1153490798
106.23
nthreads: 1 colors: 129 vertices: 500 edges 58862 colors_table: () bestIndex: 1282 seed: 1153490905
118.02
nthreads: 1 colors: 129 vertices: 500 edges 58862 colors_table: () bestIndex: 1911 seed: 1153491024
127.40
nthreads: 1 colors: 129 vertices: 500 edges 58862 colors_table: () bestIndex: 1654 seed: 1153491153
128.00
nthreads: 1 colors: 129 vertices: 500 edges 58862 colors_table: () bestIndex: 1089 seed: 1153491282
110.62
nthreads: 1 colors: 129 vertices: 500 edges 58862 colors_table: () bestIndex: 1364 seed: 1153491394
121.46
nthreads: 1 colors: 129 vertices: 500 edges 58862 colors_table: () bestIndex: 2708 seed: 1153491516
127.37
nthreads: 1 colors: 129 vertices: 500 edges 58862 colors_table: () bestIndex: 1197 seed: 1153491644
114.50
nthreads: 1 colors: 130 vertices: 500 edges 58862 colors_table: () bestIndex: 889 seed: 1153491760
101.54
nthreads: 1 colors: 129 vertices: 500 edges 58862 colors_table: () bestIndex: 1218 seed: 1153491862
115.35
nthreads: 1 colors: 129 vertices: 500 edges 58862 colors_table: () bestIndex: 2347 seed: 1153491979
127.54
nthreads: 1 colors: 130 vertices: 500 edges 58862 colors_table: () bestIndex: 794 seed: 1153492107
97.53
nthreads: 1 colors: 130 vertices: 500 edges 58862 colors_table: () bestIndex: 792 seed: 1153492206
97.74
nthreads: 1 colors: 129 vertices: 500 edges 58862 colors_table: () bestIndex: 2316 seed: 1153492305
127.15
nthreads: 1 colors: 130 vertices: 500 edges 58862 colors_table: () bestIndex: 800 seed: 1153492433
98.37
nthreads: 1 colors: 130 vertices: 500 edges 58862 colors_table: () bestIndex: 854 seed: 1153492532
99.95
nthreads: 1 colors: 129 vertices: 500 edges 58862 colors_table: () bestIndex: 2046 seed: 1153492633
127.93
nthreads: 1 colors: 129 vertices: 500 edges 58862 colors_table: () bestIndex: 1689 seed: 1153492762
126.90
nthreads: 1 colors: 129 vertices: 500 edges 58862 colors_table: () bestIndex: 1655 seed: 1153492890
127.37
nthreads: 1 colors: 129 vertices: 500 edges 58862 colors_table: () bestIndex: 1496 seed: 1153493018
127.82
nthreads: 1 colors: 129 vertices: 500 edges 58862 colors_table: () bestIndex: 1238 seed: 1153493147
116.11
nthreads: 1 colors: 129 vertices: 500 edges 58862 colors_table: () bestIndex: 1541 seed: 1153493264
127.92
nthreads: 1 colors: 129 vertices: 500 edges 58862 colors_table: () bestIndex: 1313 seed: 1153493393
119.33
nthreads: 1 colors: 130 vertices: 500 edges 58862 colors_table: () bestIndex: 921 seed: 1153493514
103.19
nthreads: 1 colors: 130 vertices: 500 edges 58862 colors_table: () bestIndex: 838 seed: 1153493618
99.29
nthreads: 1 colors: 129 vertices: 500 edges 58862 colors_table: () bestIndex: 1544 seed: 1153493718
128.03
nthreads: 1 colors: 129 vertices: 500 edges 58862 colors_table: () bestIndex: 1066 seed: 1153493847
109.13
nthreads: 1 colors: 130 vertices: 500 edges 58862 colors_table: () bestIndex: 794 seed: 1153493957
97.79
nthreads: 1 colors: 129 vertices: 500 edges 58862 colors_table: () bestIndex: 1257 seed: 1153494056
117.21
nthreads: 1 colors: 129 vertices: 500 edges 58862 colors_table: () bestIndex: 2228 seed: 1153494174
127.89
nthreads: 1 colors: 129 vertices: 500 edges 58862 colors_table: () bestIndex: 1161 seed: 1153494303
113.22
nthreads: 1 colors: 129 vertices: 500 edges 58862 colors_table: () bestIndex: 2090 seed: 1153494418
127.86
nthreads: 1 colors: 129 vertices: 500 edges 58862 colors_table: () bestIndex: 788 seed: 1153494546
97.70
nthreads: 1 colors: 129 vertices: 500 edges 58862 colors_table: () bestIndex: 1458 seed: 1153494645
126.38
nthreads: 1 colors: 129 vertices: 500 edges 58862 colors_table: () bestIndex: 1648 seed: 1153494773
127.42
nthreads: 1 colors: 129 vertices: 500 edges 58862 colors_table: () bestIndex: 1255 seed: 1153494901
117.15
nthreads: 1 colors: 129 vertices: 500 edges 58862 colors_table: () bestIndex: 1354 seed: 1153495019
121.61
nthreads: 1 colors: 129 vertices: 500 edges 58862 colors_table: () bestIndex: 853 seed: 1153495142
100.45
nthreads: 1 colors: 129 vertices: 500 edges 58862 colors_table: () bestIndex: 1304 seed: 1153495243
119.14
nthreads: 1 colors: 129 vertices: 500 edges 58862 colors_table: () bestIndex: 814 seed: 1153495363
98.83
nthreads: 1 colors: 129 vertices: 500 edges 58862 colors_table: () bestIndex: 799 seed: 1153495463
98.57
nthreads: 1 colors: 129 vertices: 500 edges 58862 colors_table: () bestIndex: 1453 seed: 1153495563
125.59
nthreads: 1 colors: 129 vertices: 500 edges 58862 colors_table: () bestIndex: 2038 seed: 1153495689
127.63
nthreads: 1 colors: 130 vertices: 500 edges 58862 colors_table: () bestIndex: 1063 seed: 1153495818
108.01
nthreads: 1 colors: 129 vertices: 500 edges 58862 colors_table: () bestIndex: 845 seed: 1153495927
100.11
nthreads: 1 colors: 130 vertices: 500 edges 58862 colors_table: () bestIndex: 744 seed: 1153496028
95.67
nthreads: 1 colors: 129 vertices: 500 edges 58862 colors_table: () bestIndex: 1396 seed: 1153496125
122.90
nthreads: 1 colors: 129 vertices: 500 edges 58862 colors_table: () bestIndex: 2048 seed: 1153496249
127.82
nthreads: 1 colors: 130 vertices: 500 edges 58862 colors_table: () bestIndex: 741 seed: 1153496378
95.19
nthreads: 1 colors: 129 vertices: 500 edges 58862 colors_table: () bestIndex: 1564 seed: 1153496474
127.73
nthreads: 1 colors: 129 vertices: 500 edges 58862 colors_table: () bestIndex: 1992 seed: 1153496603
127.43
nthreads: 1 colors: 130 vertices: 500 edges 58862 colors_table: () bestIndex: 766 seed: 1153496731
96.67
nthreads: 1 colors: 130 vertices: 500 edges 58862 colors_table: () bestIndex: 752 seed: 1153496829
95.50
nthreads: 1 colors: 130 vertices: 500 edges 58862 colors_table: () bestIndex: 816 seed: 1153496925
99.24
nthreads: 1 colors: 130 vertices: 500 edges 58862 colors_table: () bestIndex: 757 seed: 1153497025
95.81
nthreads: 1 colors: 129 vertices: 500 edges 58862 colors_table: () bestIndex: 1981 seed: 1153497122
127.97
nthreads: 1 colors: 129 vertices: 500 edges 58862 colors_table: () bestIndex: 2062 seed: 1153497251
127.31
nthreads: 1 colors: 130 vertices: 500 edges 58862 colors_table: () bestIndex: 880 seed: 1153497380
101.66
nthreads: 1 colors: 129 vertices: 500 edges 58862 colors_table: () bestIndex: 1001 seed: 1153497482
106.29
nthreads: 1 colors: 129 vertices: 500 edges 58862 colors_table: () bestIndex: 1484 seed: 1153497590
127.59
nthreads: 1 colors: 130 vertices: 500 edges 58862 colors_table: () bestIndex: 777 seed: 1153497718
96.51
nthreads: 1 colors: 129 vertices: 500 edges 58862 colors_table: () bestIndex: 1342 seed: 1153497816
121.05
nthreads: 1 colors: 129 vertices: 500 edges 58862 colors_table: () bestIndex: 1744 seed: 1153497938
127.12
nthreads: 1 colors: 130 vertices: 500 edges 58862 colors_table: () bestIndex: 839 seed: 1153498066
99.57
nthreads: 1 colors: 129 vertices: 500 edges 58862 colors_table: () bestIndex: 2144 seed: 1153498166
127.26
nthreads: 1 colors: 129 vertices: 500 edges 58862 colors_table: () bestIndex: 1109 seed: 1153498295
110.94
nthreads: 1 colors: 129 vertices: 500 edges 58862 colors_table: () bestIndex: 1616 seed: 1153498407
127.66
nthreads: 1 colors: 130 vertices: 500 edges 58862 colors_table: () bestIndex: 835 seed: 1153498535
98.94
nthreads: 1 colors: 129 vertices: 500 edges 58862 colors_table: () bestIndex: 1385 seed: 1153498635
123.30
nthreads: 1 colors: 129 vertices: 500 edges 58862 colors_table: () bestIndex: 1138 seed: 1153498760
112.04
nthreads: 1 colors: 129 vertices: 500 edges 58862 colors_table: () bestIndex: 1743 seed: 1153498873
128.12
nthreads: 1 colors: 130 vertices: 500 edges 58862 colors_table: () bestIndex: 796 seed: 1153499002
97.51
nthreads: 1 colors: 129 vertices: 500 edges 58862 colors_table: () bestIndex: 1959 seed: 1153499100
127.87
nthreads: 1 colors: 129 vertices: 500 edges 58862 colors_table: () bestIndex: 1525 seed: 1153499229
127.31
nthreads: 1 colors: 129 vertices: 500 edges 58862 colors_table: () bestIndex: 2113 seed: 1153499358
127.69
nthreads: 1 colors: 130 vertices: 500 edges 58862 colors_table: () bestIndex: 828 seed: 1153499486
98.94
nthreads: 1 colors: 129 vertices: 500 edges 58862 colors_table: () bestIndex: 1461 seed: 1153499586
125.74
nthreads: 1 colors: 129 vertices: 500 edges 58862 colors_table: () bestIndex: 1015 seed: 1153499713
107.32
nthreads: 1 colors: 129 vertices: 500 edges 58862 colors_table: () bestIndex: 961 seed: 1153499821
105.22
nthreads: 1 colors: 130 vertices: 500 edges 58862 colors_table: () bestIndex: 867 seed: 1153499928
100.32
nthreads: 1 colors: 129 vertices: 500 edges 58862 colors_table: () bestIndex: 1603 seed: 1153500029
127.30
nthreads: 1 colors: 130 vertices: 500 edges 58862 colors_table: () bestIndex: 756 seed: 1153500157
96.03
nthreads: 1 colors: 129 vertices: 500 edges 58862 colors_table: () bestIndex: 1216 seed: 1153500254
115.23
nthreads: 1 colors: 129 vertices: 500 edges 58862 colors_table: () bestIndex: 1398 seed: 1153500370
123.62
nthreads: 1 colors: 129 vertices: 500 edges 58862 colors_table: () bestIndex: 1067 seed: 1153500495
109.32
nthreads: 1 colors: 129 vertices: 500 edges 58862 colors_table: () bestIndex: 1077 seed: 1153500605
110.03
