homer.col.b n_loops: 100 n_threads: 1
Thu Jul 20 06:53:03 EDT 2006 /home/thanhvu/nfs/Classic/1225_SameAsPATCHONLY_w_somechangestoprintSol/log_dir//1153371616/homer.col.b_1153392783.log
Single cedf232c677ebdd3c298dee92578679f /home/thanhvu/nfs/Classic/1225_SameAsPATCHONLY_w_somechangestoprintSol/a.out
nthreads: 1 colors: 13 vertices: 561 edges 1628 colors_table: () bestIndex: 0 seed: 1153392783
17.51
nthreads: 1 colors: 13 vertices: 561 edges 1628 colors_table: () bestIndex: 0 seed: 1153392802
17.41
nthreads: 1 colors: 13 vertices: 561 edges 1628 colors_table: () bestIndex: 0 seed: 1153392820
17.50
nthreads: 1 colors: 13 vertices: 561 edges 1628 colors_table: () bestIndex: 0 seed: 1153392839
17.44
nthreads: 1 colors: 13 vertices: 561 edges 1628 colors_table: () bestIndex: 0 seed: 1153392857
17.42
nthreads: 1 colors: 13 vertices: 561 edges 1628 colors_table: () bestIndex: 0 seed: 1153392876
17.44
nthreads: 1 colors: 13 vertices: 561 edges 1628 colors_table: () bestIndex: 0 seed: 1153392894
17.44
nthreads: 1 colors: 13 vertices: 561 edges 1628 colors_table: () bestIndex: 0 seed: 1153392913
17.37
nthreads: 1 colors: 13 vertices: 561 edges 1628 colors_table: () bestIndex: 0 seed: 1153392931
17.37
nthreads: 1 colors: 13 vertices: 561 edges 1628 colors_table: () bestIndex: 0 seed: 1153392949
17.45
nthreads: 1 colors: 13 vertices: 561 edges 1628 colors_table: () bestIndex: 0 seed: 1153392968
17.40
nthreads: 1 colors: 13 vertices: 561 edges 1628 colors_table: () bestIndex: 0 seed: 1153392986
17.43
nthreads: 1 colors: 13 vertices: 561 edges 1628 colors_table: () bestIndex: 0 seed: 1153393005
17.47
nthreads: 1 colors: 13 vertices: 561 edges 1628 colors_table: () bestIndex: 0 seed: 1153393023
17.46
nthreads: 1 colors: 13 vertices: 561 edges 1628 colors_table: () bestIndex: 0 seed: 1153393042
17.42
nthreads: 1 colors: 13 vertices: 561 edges 1628 colors_table: () bestIndex: 0 seed: 1153393060
17.41
nthreads: 1 colors: 13 vertices: 561 edges 1628 colors_table: () bestIndex: 0 seed: 1153393079
17.43
nthreads: 1 colors: 13 vertices: 561 edges 1628 colors_table: () bestIndex: 0 seed: 1153393097
17.41
nthreads: 1 colors: 13 vertices: 561 edges 1628 colors_table: () bestIndex: 0 seed: 1153393116
17.66
nthreads: 1 colors: 13 vertices: 561 edges 1628 colors_table: () bestIndex: 0 seed: 1153393134
17.45
nthreads: 1 colors: 13 vertices: 561 edges 1628 colors_table: () bestIndex: 0 seed: 1153393153
17.44
nthreads: 1 colors: 13 vertices: 561 edges 1628 colors_table: () bestIndex: 0 seed: 1153393171
17.46
nthreads: 1 colors: 13 vertices: 561 edges 1628 colors_table: () bestIndex: 0 seed: 1153393190
17.44
nthreads: 1 colors: 13 vertices: 561 edges 1628 colors_table: () bestIndex: 0 seed: 1153393208
17.43
nthreads: 1 colors: 13 vertices: 561 edges 1628 colors_table: () bestIndex: 0 seed: 1153393227
17.44
nthreads: 1 colors: 13 vertices: 561 edges 1628 colors_table: () bestIndex: 0 seed: 1153393245
17.43
nthreads: 1 colors: 13 vertices: 561 edges 1628 colors_table: () bestIndex: 0 seed: 1153393264
17.43
nthreads: 1 colors: 13 vertices: 561 edges 1628 colors_table: () bestIndex: 0 seed: 1153393282
17.42
nthreads: 1 colors: 13 vertices: 561 edges 1628 colors_table: () bestIndex: 0 seed: 1153393301
17.48
nthreads: 1 colors: 13 vertices: 561 edges 1628 colors_table: () bestIndex: 0 seed: 1153393319
17.40
nthreads: 1 colors: 13 vertices: 561 edges 1628 colors_table: () bestIndex: 0 seed: 1153393338
17.44
nthreads: 1 colors: 13 vertices: 561 edges 1628 colors_table: () bestIndex: 0 seed: 1153393356
17.40
nthreads: 1 colors: 13 vertices: 561 edges 1628 colors_table: () bestIndex: 0 seed: 1153393374
17.38
nthreads: 1 colors: 13 vertices: 561 edges 1628 colors_table: () bestIndex: 0 seed: 1153393393
17.37
nthreads: 1 colors: 13 vertices: 561 edges 1628 colors_table: () bestIndex: 0 seed: 1153393411
17.41
nthreads: 1 colors: 13 vertices: 561 edges 1628 colors_table: () bestIndex: 0 seed: 1153393430
17.40
nthreads: 1 colors: 13 vertices: 561 edges 1628 colors_table: () bestIndex: 0 seed: 1153393448
17.46
nthreads: 1 colors: 13 vertices: 561 edges 1628 colors_table: () bestIndex: 0 seed: 1153393467
17.50
nthreads: 1 colors: 13 vertices: 561 edges 1628 colors_table: () bestIndex: 0 seed: 1153393485
17.45
nthreads: 1 colors: 13 vertices: 561 edges 1628 colors_table: () bestIndex: 0 seed: 1153393504
17.45
nthreads: 1 colors: 13 vertices: 561 edges 1628 colors_table: () bestIndex: 0 seed: 1153393522
17.41
nthreads: 1 colors: 13 vertices: 561 edges 1628 colors_table: () bestIndex: 0 seed: 1153393541
17.45
nthreads: 1 colors: 13 vertices: 561 edges 1628 colors_table: () bestIndex: 0 seed: 1153393559
17.41
nthreads: 1 colors: 13 vertices: 561 edges 1628 colors_table: () bestIndex: 0 seed: 1153393578
17.38
nthreads: 1 colors: 13 vertices: 561 edges 1628 colors_table: () bestIndex: 0 seed: 1153393596
17.38
nthreads: 1 colors: 13 vertices: 561 edges 1628 colors_table: () bestIndex: 0 seed: 1153393614
17.45
nthreads: 1 colors: 13 vertices: 561 edges 1628 colors_table: () bestIndex: 0 seed: 1153393633
17.48
nthreads: 1 colors: 13 vertices: 561 edges 1628 colors_table: () bestIndex: 0 seed: 1153393651
17.38
nthreads: 1 colors: 13 vertices: 561 edges 1628 colors_table: () bestIndex: 0 seed: 1153393670
17.38
nthreads: 1 colors: 13 vertices: 561 edges 1628 colors_table: () bestIndex: 0 seed: 1153393688
17.45
nthreads: 1 colors: 13 vertices: 561 edges 1628 colors_table: () bestIndex: 0 seed: 1153393707
17.37
nthreads: 1 colors: 13 vertices: 561 edges 1628 colors_table: () bestIndex: 0 seed: 1153393725
17.45
nthreads: 1 colors: 13 vertices: 561 edges 1628 colors_table: () bestIndex: 0 seed: 1153393744
17.40
nthreads: 1 colors: 13 vertices: 561 edges 1628 colors_table: () bestIndex: 0 seed: 1153393762
17.44
nthreads: 1 colors: 13 vertices: 561 edges 1628 colors_table: () bestIndex: 0 seed: 1153393781
17.42
nthreads: 1 colors: 13 vertices: 561 edges 1628 colors_table: () bestIndex: 0 seed: 1153393799
17.47
nthreads: 1 colors: 13 vertices: 561 edges 1628 colors_table: () bestIndex: 0 seed: 1153393818
17.41
nthreads: 1 colors: 13 vertices: 561 edges 1628 colors_table: () bestIndex: 0 seed: 1153393836
17.42
nthreads: 1 colors: 13 vertices: 561 edges 1628 colors_table: () bestIndex: 0 seed: 1153393855
17.44
nthreads: 1 colors: 13 vertices: 561 edges 1628 colors_table: () bestIndex: 0 seed: 1153393873
17.45
nthreads: 1 colors: 13 vertices: 561 edges 1628 colors_table: () bestIndex: 0 seed: 1153393891
17.47
nthreads: 1 colors: 13 vertices: 561 edges 1628 colors_table: () bestIndex: 0 seed: 1153393910
17.44
nthreads: 1 colors: 13 vertices: 561 edges 1628 colors_table: () bestIndex: 0 seed: 1153393928
17.51
nthreads: 1 colors: 13 vertices: 561 edges 1628 colors_table: () bestIndex: 0 seed: 1153393947
17.45
nthreads: 1 colors: 13 vertices: 561 edges 1628 colors_table: () bestIndex: 0 seed: 1153393966
17.48
nthreads: 1 colors: 13 vertices: 561 edges 1628 colors_table: () bestIndex: 0 seed: 1153393984
17.41
nthreads: 1 colors: 13 vertices: 561 edges 1628 colors_table: () bestIndex: 0 seed: 1153394002
17.44
nthreads: 1 colors: 13 vertices: 561 edges 1628 colors_table: () bestIndex: 0 seed: 1153394021
17.41
nthreads: 1 colors: 13 vertices: 561 edges 1628 colors_table: () bestIndex: 0 seed: 1153394039
17.42
nthreads: 1 colors: 13 vertices: 561 edges 1628 colors_table: () bestIndex: 0 seed: 1153394058
17.43
nthreads: 1 colors: 13 vertices: 561 edges 1628 colors_table: () bestIndex: 0 seed: 1153394076
17.39
nthreads: 1 colors: 13 vertices: 561 edges 1628 colors_table: () bestIndex: 0 seed: 1153394095
17.44
nthreads: 1 colors: 13 vertices: 561 edges 1628 colors_table: () bestIndex: 0 seed: 1153394113
17.44
nthreads: 1 colors: 13 vertices: 561 edges 1628 colors_table: () bestIndex: 0 seed: 1153394132
17.37
nthreads: 1 colors: 13 vertices: 561 edges 1628 colors_table: () bestIndex: 0 seed: 1153394150
17.50
nthreads: 1 colors: 13 vertices: 561 edges 1628 colors_table: () bestIndex: 0 seed: 1153394169
17.46
nthreads: 1 colors: 13 vertices: 561 edges 1628 colors_table: () bestIndex: 0 seed: 1153394187
17.37
nthreads: 1 colors: 13 vertices: 561 edges 1628 colors_table: () bestIndex: 0 seed: 1153394206
17.51
nthreads: 1 colors: 13 vertices: 561 edges 1628 colors_table: () bestIndex: 0 seed: 1153394224
17.45
nthreads: 1 colors: 13 vertices: 561 edges 1628 colors_table: () bestIndex: 0 seed: 1153394243
17.52
nthreads: 1 colors: 13 vertices: 561 edges 1628 colors_table: () bestIndex: 0 seed: 1153394261
17.39
nthreads: 1 colors: 13 vertices: 561 edges 1628 colors_table: () bestIndex: 0 seed: 1153394280
17.42
nthreads: 1 colors: 13 vertices: 561 edges 1628 colors_table: () bestIndex: 0 seed: 1153394298
17.41
nthreads: 1 colors: 13 vertices: 561 edges 1628 colors_table: () bestIndex: 0 seed: 1153394317
17.47
nthreads: 1 colors: 13 vertices: 561 edges 1628 colors_table: () bestIndex: 0 seed: 1153394335
17.43
nthreads: 1 colors: 13 vertices: 561 edges 1628 colors_table: () bestIndex: 0 seed: 1153394354
17.55
nthreads: 1 colors: 13 vertices: 561 edges 1628 colors_table: () bestIndex: 0 seed: 1153394372
17.41
nthreads: 1 colors: 13 vertices: 561 edges 1628 colors_table: () bestIndex: 0 seed: 1153394391
17.45
nthreads: 1 colors: 13 vertices: 561 edges 1628 colors_table: () bestIndex: 0 seed: 1153394409
17.44
nthreads: 1 colors: 13 vertices: 561 edges 1628 colors_table: () bestIndex: 0 seed: 1153394428
17.42
nthreads: 1 colors: 13 vertices: 561 edges 1628 colors_table: () bestIndex: 0 seed: 1153394446
17.48
nthreads: 1 colors: 13 vertices: 561 edges 1628 colors_table: () bestIndex: 0 seed: 1153394465
17.41
nthreads: 1 colors: 13 vertices: 561 edges 1628 colors_table: () bestIndex: 0 seed: 1153394483
17.41
nthreads: 1 colors: 13 vertices: 561 edges 1628 colors_table: () bestIndex: 0 seed: 1153394501
17.49
nthreads: 1 colors: 13 vertices: 561 edges 1628 colors_table: () bestIndex: 0 seed: 1153394520
17.46
nthreads: 1 colors: 13 vertices: 561 edges 1628 colors_table: () bestIndex: 0 seed: 1153394538
17.49
nthreads: 1 colors: 13 vertices: 561 edges 1628 colors_table: () bestIndex: 0 seed: 1153394557
17.43
nthreads: 1 colors: 13 vertices: 561 edges 1628 colors_table: () bestIndex: 0 seed: 1153394575
17.46
nthreads: 1 colors: 13 vertices: 561 edges 1628 colors_table: () bestIndex: 0 seed: 1153394594
17.45
nthreads: 1 colors: 13 vertices: 561 edges 1628 colors_table: () bestIndex: 0 seed: 1153394612
17.44
