inithx.i.3.col.b n_loops: 100 n_threads: 1
Thu Jul 20 12:57:14 EDT 2006 /home/thanhvu/nfs/Classic/1225_SameAsPATCHONLY_w_somechangestoprintSol/log_dir//1153382539/inithx.i.3.col.b_1153414634.log
Single cedf232c677ebdd3c298dee92578679f /home/thanhvu/nfs/Classic/1225_SameAsPATCHONLY_w_somechangestoprintSol/a.out
nthreads: 1 colors: 31 vertices: 621 edges 13969 colors_table: () bestIndex: 0 seed: 1153414634
62.92
nthreads: 1 colors: 31 vertices: 621 edges 13969 colors_table: () bestIndex: 0 seed: 1153414698
63.61
nthreads: 1 colors: 31 vertices: 621 edges 13969 colors_table: () bestIndex: 0 seed: 1153414763
63.48
nthreads: 1 colors: 31 vertices: 621 edges 13969 colors_table: () bestIndex: 0 seed: 1153414827
63.63
nthreads: 1 colors: 31 vertices: 621 edges 13969 colors_table: () bestIndex: 0 seed: 1153414892
63.45
nthreads: 1 colors: 31 vertices: 621 edges 13969 colors_table: () bestIndex: 0 seed: 1153414956
63.17
nthreads: 1 colors: 31 vertices: 621 edges 13969 colors_table: () bestIndex: 0 seed: 1153415020
63.40
nthreads: 1 colors: 31 vertices: 621 edges 13969 colors_table: () bestIndex: 0 seed: 1153415085
62.95
nthreads: 1 colors: 31 vertices: 621 edges 13969 colors_table: () bestIndex: 0 seed: 1153415149
63.21
nthreads: 1 colors: 31 vertices: 621 edges 13969 colors_table: () bestIndex: 0 seed: 1153415213
63.63
nthreads: 1 colors: 31 vertices: 621 edges 13969 colors_table: () bestIndex: 0 seed: 1153415278
63.61
nthreads: 1 colors: 31 vertices: 621 edges 13969 colors_table: () bestIndex: 0 seed: 1153415343
62.97
nthreads: 1 colors: 31 vertices: 621 edges 13969 colors_table: () bestIndex: 0 seed: 1153415407
63.24
nthreads: 1 colors: 31 vertices: 621 edges 13969 colors_table: () bestIndex: 0 seed: 1153415471
63.54
nthreads: 1 colors: 31 vertices: 621 edges 13969 colors_table: () bestIndex: 0 seed: 1153415535
62.67
nthreads: 1 colors: 31 vertices: 621 edges 13969 colors_table: () bestIndex: 0 seed: 1153415599
62.68
nthreads: 1 colors: 31 vertices: 621 edges 13969 colors_table: () bestIndex: 0 seed: 1153415663
63.34
nthreads: 1 colors: 31 vertices: 621 edges 13969 colors_table: () bestIndex: 0 seed: 1153415727
63.60
nthreads: 1 colors: 31 vertices: 621 edges 13969 colors_table: () bestIndex: 0 seed: 1153415792
62.55
nthreads: 1 colors: 31 vertices: 621 edges 13969 colors_table: () bestIndex: 0 seed: 1153415855
63.61
nthreads: 1 colors: 31 vertices: 621 edges 13969 colors_table: () bestIndex: 0 seed: 1153415920
63.04
nthreads: 1 colors: 31 vertices: 621 edges 13969 colors_table: () bestIndex: 0 seed: 1153415984
62.81
nthreads: 1 colors: 31 vertices: 621 edges 13969 colors_table: () bestIndex: 0 seed: 1153416048
62.31
nthreads: 1 colors: 31 vertices: 621 edges 13969 colors_table: () bestIndex: 0 seed: 1153416111
62.87
nthreads: 1 colors: 31 vertices: 621 edges 13969 colors_table: () bestIndex: 0 seed: 1153416175
63.39
nthreads: 1 colors: 31 vertices: 621 edges 13969 colors_table: () bestIndex: 0 seed: 1153416240
63.40
nthreads: 1 colors: 31 vertices: 621 edges 13969 colors_table: () bestIndex: 0 seed: 1153416304
63.42
nthreads: 1 colors: 31 vertices: 621 edges 13969 colors_table: () bestIndex: 0 seed: 1153416369
64.46
nthreads: 1 colors: 31 vertices: 621 edges 13969 colors_table: () bestIndex: 0 seed: 1153416434
64.25
nthreads: 1 colors: 31 vertices: 621 edges 13969 colors_table: () bestIndex: 0 seed: 1153416499
63.57
nthreads: 1 colors: 31 vertices: 621 edges 13969 colors_table: () bestIndex: 0 seed: 1153416564
62.46
nthreads: 1 colors: 31 vertices: 621 edges 13969 colors_table: () bestIndex: 0 seed: 1153416628
62.89
nthreads: 1 colors: 31 vertices: 621 edges 13969 colors_table: () bestIndex: 0 seed: 1153416691
62.30
nthreads: 1 colors: 31 vertices: 621 edges 13969 colors_table: () bestIndex: 0 seed: 1153416755
63.29
nthreads: 1 colors: 31 vertices: 621 edges 13969 colors_table: () bestIndex: 0 seed: 1153416819
63.36
nthreads: 1 colors: 31 vertices: 621 edges 13969 colors_table: () bestIndex: 0 seed: 1153416884
62.52
nthreads: 1 colors: 31 vertices: 621 edges 13969 colors_table: () bestIndex: 0 seed: 1153416947
62.77
nthreads: 1 colors: 31 vertices: 621 edges 13969 colors_table: () bestIndex: 0 seed: 1153417011
63.65
nthreads: 1 colors: 31 vertices: 621 edges 13969 colors_table: () bestIndex: 0 seed: 1153417076
63.58
nthreads: 1 colors: 31 vertices: 621 edges 13969 colors_table: () bestIndex: 0 seed: 1153417140
63.36
nthreads: 1 colors: 31 vertices: 621 edges 13969 colors_table: () bestIndex: 0 seed: 1153417205
63.33
nthreads: 1 colors: 31 vertices: 621 edges 13969 colors_table: () bestIndex: 0 seed: 1153417269
63.69
nthreads: 1 colors: 31 vertices: 621 edges 13969 colors_table: () bestIndex: 0 seed: 1153417334
63.61
nthreads: 1 colors: 31 vertices: 621 edges 13969 colors_table: () bestIndex: 0 seed: 1153417398
63.47
nthreads: 1 colors: 31 vertices: 621 edges 13969 colors_table: () bestIndex: 0 seed: 1153417463
63.36
nthreads: 1 colors: 31 vertices: 621 edges 13969 colors_table: () bestIndex: 0 seed: 1153417527
63.33
nthreads: 1 colors: 31 vertices: 621 edges 13969 colors_table: () bestIndex: 0 seed: 1153417592
63.07
nthreads: 1 colors: 31 vertices: 621 edges 13969 colors_table: () bestIndex: 0 seed: 1153417656
63.22
nthreads: 1 colors: 31 vertices: 621 edges 13969 colors_table: () bestIndex: 0 seed: 1153417720
63.50
nthreads: 1 colors: 31 vertices: 621 edges 13969 colors_table: () bestIndex: 0 seed: 1153417785
63.85
nthreads: 1 colors: 31 vertices: 621 edges 13969 colors_table: () bestIndex: 0 seed: 1153417850
63.75
nthreads: 1 colors: 31 vertices: 621 edges 13969 colors_table: () bestIndex: 0 seed: 1153417914
63.61
nthreads: 1 colors: 31 vertices: 621 edges 13969 colors_table: () bestIndex: 0 seed: 1153417979
63.26
nthreads: 1 colors: 31 vertices: 621 edges 13969 colors_table: () bestIndex: 0 seed: 1153418043
63.56
nthreads: 1 colors: 31 vertices: 621 edges 13969 colors_table: () bestIndex: 0 seed: 1153418108
63.59
nthreads: 1 colors: 31 vertices: 621 edges 13969 colors_table: () bestIndex: 0 seed: 1153418173
63.07
nthreads: 1 colors: 31 vertices: 621 edges 13969 colors_table: () bestIndex: 0 seed: 1153418237
63.65
nthreads: 1 colors: 31 vertices: 621 edges 13969 colors_table: () bestIndex: 0 seed: 1153418301
63.64
nthreads: 1 colors: 31 vertices: 621 edges 13969 colors_table: () bestIndex: 0 seed: 1153418366
63.64
nthreads: 1 colors: 31 vertices: 621 edges 13969 colors_table: () bestIndex: 0 seed: 1153418431
63.63
nthreads: 1 colors: 31 vertices: 621 edges 13969 colors_table: () bestIndex: 0 seed: 1153418495
63.35
nthreads: 1 colors: 31 vertices: 621 edges 13969 colors_table: () bestIndex: 0 seed: 1153418560
63.01
nthreads: 1 colors: 31 vertices: 621 edges 13969 colors_table: () bestIndex: 0 seed: 1153418624
63.79
nthreads: 1 colors: 31 vertices: 621 edges 13969 colors_table: () bestIndex: 0 seed: 1153418689
63.57
nthreads: 1 colors: 31 vertices: 621 edges 13969 colors_table: () bestIndex: 0 seed: 1153418753
63.41
nthreads: 1 colors: 31 vertices: 621 edges 13969 colors_table: () bestIndex: 0 seed: 1153418818
63.17
nthreads: 1 colors: 31 vertices: 621 edges 13969 colors_table: () bestIndex: 0 seed: 1153418882
63.40
nthreads: 1 colors: 31 vertices: 621 edges 13969 colors_table: () bestIndex: 0 seed: 1153418946
63.07
nthreads: 1 colors: 31 vertices: 621 edges 13969 colors_table: () bestIndex: 0 seed: 1153419010
64.27
nthreads: 1 colors: 31 vertices: 621 edges 13969 colors_table: () bestIndex: 0 seed: 1153419076
63.36
nthreads: 1 colors: 31 vertices: 621 edges 13969 colors_table: () bestIndex: 0 seed: 1153419140
63.40
nthreads: 1 colors: 31 vertices: 621 edges 13969 colors_table: () bestIndex: 0 seed: 1153419205
63.30
nthreads: 1 colors: 31 vertices: 621 edges 13969 colors_table: () bestIndex: 0 seed: 1153419269
62.92
nthreads: 1 colors: 31 vertices: 621 edges 13969 colors_table: () bestIndex: 0 seed: 1153419333
63.61
nthreads: 1 colors: 31 vertices: 621 edges 13969 colors_table: () bestIndex: 0 seed: 1153419398
63.25
nthreads: 1 colors: 31 vertices: 621 edges 13969 colors_table: () bestIndex: 0 seed: 1153419462
62.85
nthreads: 1 colors: 31 vertices: 621 edges 13969 colors_table: () bestIndex: 0 seed: 1153419526
63.79
nthreads: 1 colors: 31 vertices: 621 edges 13969 colors_table: () bestIndex: 0 seed: 1153419591
63.83
nthreads: 1 colors: 31 vertices: 621 edges 13969 colors_table: () bestIndex: 0 seed: 1153419655
63.43
nthreads: 1 colors: 31 vertices: 621 edges 13969 colors_table: () bestIndex: 0 seed: 1153419720
62.97
nthreads: 1 colors: 31 vertices: 621 edges 13969 colors_table: () bestIndex: 0 seed: 1153419784
63.00
nthreads: 1 colors: 31 vertices: 621 edges 13969 colors_table: () bestIndex: 0 seed: 1153419848
63.63
nthreads: 1 colors: 31 vertices: 621 edges 13969 colors_table: () bestIndex: 0 seed: 1153419913
63.63
nthreads: 1 colors: 31 vertices: 621 edges 13969 colors_table: () bestIndex: 0 seed: 1153419977
64.12
nthreads: 1 colors: 31 vertices: 621 edges 13969 colors_table: () bestIndex: 0 seed: 1153420043
63.62
nthreads: 1 colors: 31 vertices: 621 edges 13969 colors_table: () bestIndex: 0 seed: 1153420107
63.52
nthreads: 1 colors: 31 vertices: 621 edges 13969 colors_table: () bestIndex: 0 seed: 1153420172
63.58
nthreads: 1 colors: 31 vertices: 621 edges 13969 colors_table: () bestIndex: 0 seed: 1153420236
63.85
nthreads: 1 colors: 31 vertices: 621 edges 13969 colors_table: () bestIndex: 0 seed: 1153420301
63.61
nthreads: 1 colors: 31 vertices: 621 edges 13969 colors_table: () bestIndex: 0 seed: 1153420366
63.15
nthreads: 1 colors: 31 vertices: 621 edges 13969 colors_table: () bestIndex: 0 seed: 1153420430
62.84
nthreads: 1 colors: 31 vertices: 621 edges 13969 colors_table: () bestIndex: 0 seed: 1153420494
63.71
nthreads: 1 colors: 31 vertices: 621 edges 13969 colors_table: () bestIndex: 0 seed: 1153420559
62.76
nthreads: 1 colors: 31 vertices: 621 edges 13969 colors_table: () bestIndex: 0 seed: 1153420623
63.90
nthreads: 1 colors: 31 vertices: 621 edges 13969 colors_table: () bestIndex: 0 seed: 1153420688
63.65
nthreads: 1 colors: 31 vertices: 621 edges 13969 colors_table: () bestIndex: 0 seed: 1153420752
63.61
nthreads: 1 colors: 31 vertices: 621 edges 13969 colors_table: () bestIndex: 0 seed: 1153420817
63.59
nthreads: 1 colors: 31 vertices: 621 edges 13969 colors_table: () bestIndex: 0 seed: 1153420881
63.36
nthreads: 1 colors: 31 vertices: 621 edges 13969 colors_table: () bestIndex: 0 seed: 1153420946
63.67
nthreads: 1 colors: 31 vertices: 621 edges 13969 colors_table: () bestIndex: 0 seed: 1153421011
63.49
