le450_15b.col.b n_loops: 100 n_threads: 1
Thu Jul 20 08:12:55 EDT 2006 /home/thanhvu/nfs/Classic/1225_SameAsPATCHONLY_w_somechangestoprintSol/log_dir//1153380225/le450_15b.col.b_1153397575.log
Single cedf232c677ebdd3c298dee92578679f /home/thanhvu/nfs/Classic/1225_SameAsPATCHONLY_w_somechangestoprintSol/a.out
nthreads: 1 colors: 15 vertices: 450 edges 8169 colors_table: () bestIndex: 521 seed: 1153397575
24.79
nthreads: 1 colors: 15 vertices: 450 edges 8169 colors_table: () bestIndex: 115 seed: 1153397601
19.89
nthreads: 1 colors: 15 vertices: 450 edges 8169 colors_table: () bestIndex: 250 seed: 1153397622
21.57
nthreads: 1 colors: 15 vertices: 450 edges 8169 colors_table: () bestIndex: 97 seed: 1153397644
19.66
nthreads: 1 colors: 15 vertices: 450 edges 8169 colors_table: () bestIndex: 162 seed: 1153397665
20.50
nthreads: 1 colors: 15 vertices: 450 edges 8169 colors_table: () bestIndex: 362 seed: 1153397686
22.92
nthreads: 1 colors: 15 vertices: 450 edges 8169 colors_table: () bestIndex: 289 seed: 1153397710
22.04
nthreads: 1 colors: 15 vertices: 450 edges 8169 colors_table: () bestIndex: 359 seed: 1153397733
22.72
nthreads: 1 colors: 15 vertices: 450 edges 8169 colors_table: () bestIndex: 111 seed: 1153397757
19.87
nthreads: 1 colors: 15 vertices: 450 edges 8169 colors_table: () bestIndex: 249 seed: 1153397778
21.56
nthreads: 1 colors: 15 vertices: 450 edges 8169 colors_table: () bestIndex: 227 seed: 1153397801
21.31
nthreads: 1 colors: 15 vertices: 450 edges 8169 colors_table: () bestIndex: 464 seed: 1153397823
24.07
nthreads: 1 colors: 15 vertices: 450 edges 8169 colors_table: () bestIndex: 156 seed: 1153397848
20.40
nthreads: 1 colors: 15 vertices: 450 edges 8169 colors_table: () bestIndex: 233 seed: 1153397869
21.44
nthreads: 1 colors: 15 vertices: 450 edges 8169 colors_table: () bestIndex: 302 seed: 1153397892
22.19
nthreads: 1 colors: 15 vertices: 450 edges 8169 colors_table: () bestIndex: 390 seed: 1153397915
23.32
nthreads: 1 colors: 15 vertices: 450 edges 8169 colors_table: () bestIndex: 109 seed: 1153397939
19.77
nthreads: 1 colors: 15 vertices: 450 edges 8169 colors_table: () bestIndex: 535 seed: 1153397960
24.94
nthreads: 1 colors: 15 vertices: 450 edges 8169 colors_table: () bestIndex: 462 seed: 1153397986
24.17
nthreads: 1 colors: 15 vertices: 450 edges 8169 colors_table: () bestIndex: 171 seed: 1153398011
20.57
nthreads: 1 colors: 15 vertices: 450 edges 8169 colors_table: () bestIndex: 426 seed: 1153398033
23.76
nthreads: 1 colors: 15 vertices: 450 edges 8169 colors_table: () bestIndex: 197 seed: 1153398058
20.96
nthreads: 1 colors: 15 vertices: 450 edges 8169 colors_table: () bestIndex: 220 seed: 1153398080
21.14
nthreads: 1 colors: 15 vertices: 450 edges 8169 colors_table: () bestIndex: 274 seed: 1153398102
21.89
nthreads: 1 colors: 15 vertices: 450 edges 8169 colors_table: () bestIndex: 150 seed: 1153398125
20.30
nthreads: 1 colors: 15 vertices: 450 edges 8169 colors_table: () bestIndex: 103 seed: 1153398146
19.78
nthreads: 1 colors: 15 vertices: 450 edges 8169 colors_table: () bestIndex: 178 seed: 1153398167
20.68
nthreads: 1 colors: 15 vertices: 450 edges 8169 colors_table: () bestIndex: 503 seed: 1153398189
24.65
nthreads: 1 colors: 15 vertices: 450 edges 8169 colors_table: () bestIndex: 166 seed: 1153398214
20.59
nthreads: 1 colors: 15 vertices: 450 edges 8169 colors_table: () bestIndex: 242 seed: 1153398236
21.42
nthreads: 1 colors: 15 vertices: 450 edges 8169 colors_table: () bestIndex: 148 seed: 1153398258
20.36
nthreads: 1 colors: 15 vertices: 450 edges 8169 colors_table: () bestIndex: 217 seed: 1153398280
21.13
nthreads: 1 colors: 15 vertices: 450 edges 8169 colors_table: () bestIndex: 341 seed: 1153398302
22.73
nthreads: 1 colors: 15 vertices: 450 edges 8169 colors_table: () bestIndex: 357 seed: 1153398326
22.94
nthreads: 1 colors: 15 vertices: 450 edges 8169 colors_table: () bestIndex: 507 seed: 1153398350
24.67
nthreads: 1 colors: 15 vertices: 450 edges 8169 colors_table: () bestIndex: 304 seed: 1153398375
22.23
nthreads: 1 colors: 15 vertices: 450 edges 8169 colors_table: () bestIndex: 227 seed: 1153398398
21.37
nthreads: 1 colors: 15 vertices: 450 edges 8169 colors_table: () bestIndex: 295 seed: 1153398421
22.11
nthreads: 1 colors: 15 vertices: 450 edges 8169 colors_table: () bestIndex: 728 seed: 1153398444
27.42
nthreads: 1 colors: 15 vertices: 450 edges 8169 colors_table: () bestIndex: 461 seed: 1153398472
24.21
nthreads: 1 colors: 15 vertices: 450 edges 8169 colors_table: () bestIndex: 292 seed: 1153398498
22.06
nthreads: 1 colors: 15 vertices: 450 edges 8169 colors_table: () bestIndex: 298 seed: 1153398521
22.13
nthreads: 1 colors: 15 vertices: 450 edges 8169 colors_table: () bestIndex: 239 seed: 1153398544
21.32
nthreads: 1 colors: 15 vertices: 450 edges 8169 colors_table: () bestIndex: 306 seed: 1153398566
22.15
nthreads: 1 colors: 15 vertices: 450 edges 8169 colors_table: () bestIndex: 147 seed: 1153398589
20.20
nthreads: 1 colors: 15 vertices: 450 edges 8169 colors_table: () bestIndex: 1214 seed: 1153398611
33.23
nthreads: 1 colors: 15 vertices: 450 edges 8169 colors_table: () bestIndex: 209 seed: 1153398645
21.10
nthreads: 1 colors: 15 vertices: 450 edges 8169 colors_table: () bestIndex: 392 seed: 1153398667
23.26
nthreads: 1 colors: 15 vertices: 450 edges 8169 colors_table: () bestIndex: 161 seed: 1153398691
20.53
nthreads: 1 colors: 15 vertices: 450 edges 8169 colors_table: () bestIndex: 256 seed: 1153398713
21.60
nthreads: 1 colors: 15 vertices: 450 edges 8169 colors_table: () bestIndex: 165 seed: 1153398735
20.52
nthreads: 1 colors: 15 vertices: 450 edges 8169 colors_table: () bestIndex: 320 seed: 1153398757
22.40
nthreads: 1 colors: 15 vertices: 450 edges 8169 colors_table: () bestIndex: 490 seed: 1153398780
24.53
nthreads: 1 colors: 15 vertices: 450 edges 8169 colors_table: () bestIndex: 136 seed: 1153398806
20.23
nthreads: 1 colors: 15 vertices: 450 edges 8169 colors_table: () bestIndex: 202 seed: 1153398827
21.01
nthreads: 1 colors: 15 vertices: 450 edges 8169 colors_table: () bestIndex: 339 seed: 1153398849
22.64
nthreads: 1 colors: 15 vertices: 450 edges 8169 colors_table: () bestIndex: 271 seed: 1153398873
21.76
nthreads: 1 colors: 15 vertices: 450 edges 8169 colors_table: () bestIndex: 189 seed: 1153398896
20.86
nthreads: 1 colors: 15 vertices: 450 edges 8169 colors_table: () bestIndex: 441 seed: 1153398918
23.80
nthreads: 1 colors: 15 vertices: 450 edges 8169 colors_table: () bestIndex: 278 seed: 1153398942
21.89
nthreads: 1 colors: 15 vertices: 450 edges 8169 colors_table: () bestIndex: 636 seed: 1153398965
26.19
nthreads: 1 colors: 15 vertices: 450 edges 8169 colors_table: () bestIndex: 192 seed: 1153398992
20.86
nthreads: 1 colors: 15 vertices: 450 edges 8169 colors_table: () bestIndex: 179 seed: 1153399014
20.68
nthreads: 1 colors: 15 vertices: 450 edges 8169 colors_table: () bestIndex: 442 seed: 1153399036
23.97
nthreads: 1 colors: 15 vertices: 450 edges 8169 colors_table: () bestIndex: 169 seed: 1153399061
20.57
nthreads: 1 colors: 15 vertices: 450 edges 8169 colors_table: () bestIndex: 243 seed: 1153399083
21.48
nthreads: 1 colors: 15 vertices: 450 edges 8169 colors_table: () bestIndex: 357 seed: 1153399105
22.99
nthreads: 1 colors: 15 vertices: 450 edges 8169 colors_table: () bestIndex: 187 seed: 1153399129
20.77
nthreads: 1 colors: 15 vertices: 450 edges 8169 colors_table: () bestIndex: 308 seed: 1153399151
22.19
nthreads: 1 colors: 15 vertices: 450 edges 8169 colors_table: () bestIndex: 137 seed: 1153399174
20.17
nthreads: 1 colors: 15 vertices: 450 edges 8169 colors_table: () bestIndex: 111 seed: 1153399195
19.85
nthreads: 1 colors: 15 vertices: 450 edges 8169 colors_table: () bestIndex: 136 seed: 1153399216
20.14
nthreads: 1 colors: 15 vertices: 450 edges 8169 colors_table: () bestIndex: 372 seed: 1153399237
23.01
nthreads: 1 colors: 15 vertices: 450 edges 8169 colors_table: () bestIndex: 272 seed: 1153399261
21.80
nthreads: 1 colors: 15 vertices: 450 edges 8169 colors_table: () bestIndex: 113 seed: 1153399284
19.99
nthreads: 1 colors: 15 vertices: 450 edges 8169 colors_table: () bestIndex: 131 seed: 1153399305
20.07
nthreads: 1 colors: 15 vertices: 450 edges 8169 colors_table: () bestIndex: 267 seed: 1153399326
21.85
nthreads: 1 colors: 15 vertices: 450 edges 8169 colors_table: () bestIndex: 196 seed: 1153399349
20.83
nthreads: 1 colors: 15 vertices: 450 edges 8169 colors_table: () bestIndex: 302 seed: 1153399371
22.19
nthreads: 1 colors: 15 vertices: 450 edges 8169 colors_table: () bestIndex: 166 seed: 1153399394
20.55
nthreads: 1 colors: 15 vertices: 450 edges 8169 colors_table: () bestIndex: 189 seed: 1153399416
20.96
nthreads: 1 colors: 15 vertices: 450 edges 8169 colors_table: () bestIndex: 151 seed: 1153399438
20.38
nthreads: 1 colors: 15 vertices: 450 edges 8169 colors_table: () bestIndex: 179 seed: 1153399459
20.61
nthreads: 1 colors: 15 vertices: 450 edges 8169 colors_table: () bestIndex: 193 seed: 1153399481
20.84
nthreads: 1 colors: 15 vertices: 450 edges 8169 colors_table: () bestIndex: 311 seed: 1153399503
22.30
nthreads: 1 colors: 15 vertices: 450 edges 8169 colors_table: () bestIndex: 364 seed: 1153399526
22.90
nthreads: 1 colors: 15 vertices: 450 edges 8169 colors_table: () bestIndex: 271 seed: 1153399550
21.78
nthreads: 1 colors: 15 vertices: 450 edges 8169 colors_table: () bestIndex: 231 seed: 1153399573
21.35
nthreads: 1 colors: 15 vertices: 450 edges 8169 colors_table: () bestIndex: 318 seed: 1153399595
22.40
nthreads: 1 colors: 15 vertices: 450 edges 8169 colors_table: () bestIndex: 113 seed: 1153399618
19.84
nthreads: 1 colors: 15 vertices: 450 edges 8169 colors_table: () bestIndex: 260 seed: 1153399639
21.67
nthreads: 1 colors: 15 vertices: 450 edges 8169 colors_table: () bestIndex: 252 seed: 1153399662
21.60
nthreads: 1 colors: 15 vertices: 450 edges 8169 colors_table: () bestIndex: 134 seed: 1153399685
20.29
nthreads: 1 colors: 15 vertices: 450 edges 8169 colors_table: () bestIndex: 289 seed: 1153399706
21.95
nthreads: 1 colors: 15 vertices: 450 edges 8169 colors_table: () bestIndex: 195 seed: 1153399729
20.87
nthreads: 1 colors: 15 vertices: 450 edges 8169 colors_table: () bestIndex: 258 seed: 1153399751
21.66
nthreads: 1 colors: 15 vertices: 450 edges 8169 colors_table: () bestIndex: 235 seed: 1153399774
21.35
nthreads: 1 colors: 15 vertices: 450 edges 8169 colors_table: () bestIndex: 668 seed: 1153399796
26.49
nthreads: 1 colors: 15 vertices: 450 edges 8169 colors_table: () bestIndex: 173 seed: 1153399823
20.54
nthreads: 1 colors: 15 vertices: 450 edges 8169 colors_table: () bestIndex: 217 seed: 1153399845
21.26
