le450_15a.col.b n_loops: 100 n_threads: 1
Thu Jul 20 07:32:33 EDT 2006 /home/thanhvu/nfs/Classic/1225_SameAsPATCHONLY_w_somechangestoprintSol/log_dir//1153380225/le450_15a.col.b_1153395152.log
Single cedf232c677ebdd3c298dee92578679f /home/thanhvu/nfs/Classic/1225_SameAsPATCHONLY_w_somechangestoprintSol/a.out
nthreads: 1 colors: 15 vertices: 450 edges 8168 colors_table: () bestIndex: 213 seed: 1153395153
21.61
nthreads: 1 colors: 15 vertices: 450 edges 8168 colors_table: () bestIndex: 171 seed: 1153395175
21.03
nthreads: 1 colors: 15 vertices: 450 edges 8168 colors_table: () bestIndex: 1035 seed: 1153395197
31.35
nthreads: 1 colors: 15 vertices: 450 edges 8168 colors_table: () bestIndex: 347 seed: 1153395230
23.08
nthreads: 1 colors: 15 vertices: 450 edges 8168 colors_table: () bestIndex: 317 seed: 1153395254
22.79
nthreads: 1 colors: 15 vertices: 450 edges 8168 colors_table: () bestIndex: 463 seed: 1153395278
24.55
nthreads: 1 colors: 15 vertices: 450 edges 8168 colors_table: () bestIndex: 357 seed: 1153395303
23.22
nthreads: 1 colors: 15 vertices: 450 edges 8168 colors_table: () bestIndex: 283 seed: 1153395327
22.34
nthreads: 1 colors: 15 vertices: 450 edges 8168 colors_table: () bestIndex: 306 seed: 1153395351
22.54
nthreads: 1 colors: 15 vertices: 450 edges 8168 colors_table: () bestIndex: 190 seed: 1153395374
21.12
nthreads: 1 colors: 15 vertices: 450 edges 8168 colors_table: () bestIndex: 149 seed: 1153395396
20.79
nthreads: 1 colors: 15 vertices: 450 edges 8168 colors_table: () bestIndex: 200 seed: 1153395418
21.57
nthreads: 1 colors: 15 vertices: 450 edges 8168 colors_table: () bestIndex: 554 seed: 1153395441
25.59
nthreads: 1 colors: 15 vertices: 450 edges 8168 colors_table: () bestIndex: 227 seed: 1153395467
21.60
nthreads: 1 colors: 15 vertices: 450 edges 8168 colors_table: () bestIndex: 186 seed: 1153395490
21.12
nthreads: 1 colors: 15 vertices: 450 edges 8168 colors_table: () bestIndex: 670 seed: 1153395512
27.12
nthreads: 1 colors: 15 vertices: 450 edges 8168 colors_table: () bestIndex: 610 seed: 1153395540
26.37
nthreads: 1 colors: 15 vertices: 450 edges 8168 colors_table: () bestIndex: 119 seed: 1153395568
20.32
nthreads: 1 colors: 15 vertices: 450 edges 8168 colors_table: () bestIndex: 525 seed: 1153395589
25.32
nthreads: 1 colors: 15 vertices: 450 edges 8168 colors_table: () bestIndex: 216 seed: 1153395615
21.43
nthreads: 1 colors: 15 vertices: 450 edges 8168 colors_table: () bestIndex: 137 seed: 1153395638
20.61
nthreads: 1 colors: 15 vertices: 450 edges 8168 colors_table: () bestIndex: 244 seed: 1153395659
21.88
nthreads: 1 colors: 15 vertices: 450 edges 8168 colors_table: () bestIndex: 152 seed: 1153395682
20.70
nthreads: 1 colors: 15 vertices: 450 edges 8168 colors_table: () bestIndex: 493 seed: 1153395704
24.89
nthreads: 1 colors: 15 vertices: 450 edges 8168 colors_table: () bestIndex: 1080 seed: 1153395730
32.22
nthreads: 1 colors: 15 vertices: 450 edges 8168 colors_table: () bestIndex: 412 seed: 1153395763
23.82
nthreads: 1 colors: 15 vertices: 450 edges 8168 colors_table: () bestIndex: 354 seed: 1153395788
23.11
nthreads: 1 colors: 15 vertices: 450 edges 8168 colors_table: () bestIndex: 510 seed: 1153395812
25.13
nthreads: 1 colors: 15 vertices: 450 edges 8168 colors_table: () bestIndex: 560 seed: 1153395838
25.82
nthreads: 1 colors: 15 vertices: 450 edges 8168 colors_table: () bestIndex: 530 seed: 1153395865
25.47
nthreads: 1 colors: 15 vertices: 450 edges 8168 colors_table: () bestIndex: 371 seed: 1153395892
23.48
nthreads: 1 colors: 15 vertices: 450 edges 8168 colors_table: () bestIndex: 304 seed: 1153395916
22.66
nthreads: 1 colors: 15 vertices: 450 edges 8168 colors_table: () bestIndex: 208 seed: 1153395940
21.35
nthreads: 1 colors: 15 vertices: 450 edges 8168 colors_table: () bestIndex: 154 seed: 1153395962
20.85
nthreads: 1 colors: 15 vertices: 450 edges 8168 colors_table: () bestIndex: 291 seed: 1153395984
22.33
nthreads: 1 colors: 15 vertices: 450 edges 8168 colors_table: () bestIndex: 338 seed: 1153396007
22.97
nthreads: 1 colors: 15 vertices: 450 edges 8168 colors_table: () bestIndex: 222 seed: 1153396031
21.67
nthreads: 1 colors: 15 vertices: 450 edges 8168 colors_table: () bestIndex: 256 seed: 1153396054
22.09
nthreads: 1 colors: 15 vertices: 450 edges 8168 colors_table: () bestIndex: 276 seed: 1153396077
22.18
nthreads: 1 colors: 15 vertices: 450 edges 8168 colors_table: () bestIndex: 425 seed: 1153396100
24.03
nthreads: 1 colors: 15 vertices: 450 edges 8168 colors_table: () bestIndex: 167 seed: 1153396125
20.88
nthreads: 1 colors: 15 vertices: 450 edges 8168 colors_table: () bestIndex: 138 seed: 1153396147
20.48
nthreads: 1 colors: 15 vertices: 450 edges 8168 colors_table: () bestIndex: 687 seed: 1153396169
27.52
nthreads: 1 colors: 15 vertices: 450 edges 8168 colors_table: () bestIndex: 738 seed: 1153396197
27.97
nthreads: 1 colors: 15 vertices: 450 edges 8168 colors_table: () bestIndex: 224 seed: 1153396226
21.56
nthreads: 1 colors: 15 vertices: 450 edges 8168 colors_table: () bestIndex: 490 seed: 1153396249
24.74
nthreads: 1 colors: 15 vertices: 450 edges 8168 colors_table: () bestIndex: 195 seed: 1153396275
21.34
nthreads: 1 colors: 15 vertices: 450 edges 8168 colors_table: () bestIndex: 412 seed: 1153396297
24.03
nthreads: 1 colors: 15 vertices: 450 edges 8168 colors_table: () bestIndex: 226 seed: 1153396322
21.59
nthreads: 1 colors: 15 vertices: 450 edges 8168 colors_table: () bestIndex: 697 seed: 1153396345
27.39
nthreads: 1 colors: 15 vertices: 450 edges 8168 colors_table: () bestIndex: 282 seed: 1153396373
22.37
nthreads: 1 colors: 15 vertices: 450 edges 8168 colors_table: () bestIndex: 381 seed: 1153396397
23.51
nthreads: 1 colors: 15 vertices: 450 edges 8168 colors_table: () bestIndex: 560 seed: 1153396421
25.74
nthreads: 1 colors: 15 vertices: 450 edges 8168 colors_table: () bestIndex: 348 seed: 1153396448
23.17
nthreads: 1 colors: 15 vertices: 450 edges 8168 colors_table: () bestIndex: 212 seed: 1153396472
21.49
nthreads: 1 colors: 15 vertices: 450 edges 8168 colors_table: () bestIndex: 132 seed: 1153396495
20.54
nthreads: 1 colors: 15 vertices: 450 edges 8168 colors_table: () bestIndex: 844 seed: 1153396516
29.38
nthreads: 1 colors: 15 vertices: 450 edges 8168 colors_table: () bestIndex: 125 seed: 1153396547
20.41
nthreads: 1 colors: 15 vertices: 450 edges 8168 colors_table: () bestIndex: 275 seed: 1153396568
22.30
nthreads: 1 colors: 15 vertices: 450 edges 8168 colors_table: () bestIndex: 118 seed: 1153396591
20.23
nthreads: 1 colors: 15 vertices: 450 edges 8168 colors_table: () bestIndex: 255 seed: 1153396612
22.07
nthreads: 1 colors: 15 vertices: 450 edges 8168 colors_table: () bestIndex: 228 seed: 1153396636
21.68
nthreads: 1 colors: 15 vertices: 450 edges 8168 colors_table: () bestIndex: 235 seed: 1153396658
21.81
nthreads: 1 colors: 15 vertices: 450 edges 8168 colors_table: () bestIndex: 130 seed: 1153396681
20.50
nthreads: 1 colors: 15 vertices: 450 edges 8168 colors_table: () bestIndex: 311 seed: 1153396703
22.50
nthreads: 1 colors: 15 vertices: 450 edges 8168 colors_table: () bestIndex: 127 seed: 1153396726
20.41
nthreads: 1 colors: 15 vertices: 450 edges 8168 colors_table: () bestIndex: 334 seed: 1153396748
23.08
nthreads: 1 colors: 15 vertices: 450 edges 8168 colors_table: () bestIndex: 245 seed: 1153396772
21.84
nthreads: 1 colors: 15 vertices: 450 edges 8168 colors_table: () bestIndex: 394 seed: 1153396795
23.64
nthreads: 1 colors: 15 vertices: 450 edges 8168 colors_table: () bestIndex: 163 seed: 1153396819
20.89
nthreads: 1 colors: 15 vertices: 450 edges 8168 colors_table: () bestIndex: 247 seed: 1153396841
21.86
nthreads: 1 colors: 15 vertices: 450 edges 8168 colors_table: () bestIndex: 332 seed: 1153396864
22.97
nthreads: 1 colors: 15 vertices: 450 edges 8168 colors_table: () bestIndex: 275 seed: 1153396888
22.19
nthreads: 1 colors: 15 vertices: 450 edges 8168 colors_table: () bestIndex: 108 seed: 1153396911
20.17
nthreads: 1 colors: 15 vertices: 450 edges 8168 colors_table: () bestIndex: 263 seed: 1153396932
22.00
nthreads: 1 colors: 15 vertices: 450 edges 8168 colors_table: () bestIndex: 188 seed: 1153396955
21.34
nthreads: 1 colors: 15 vertices: 450 edges 8168 colors_table: () bestIndex: 130 seed: 1153396978
20.49
nthreads: 1 colors: 15 vertices: 450 edges 8168 colors_table: () bestIndex: 138 seed: 1153396999
20.56
nthreads: 1 colors: 15 vertices: 450 edges 8168 colors_table: () bestIndex: 294 seed: 1153397021
22.48
nthreads: 1 colors: 15 vertices: 450 edges 8168 colors_table: () bestIndex: 358 seed: 1153397044
23.35
nthreads: 1 colors: 15 vertices: 450 edges 8168 colors_table: () bestIndex: 1085 seed: 1153397069
32.34
nthreads: 1 colors: 15 vertices: 450 edges 8168 colors_table: () bestIndex: 261 seed: 1153397102
22.06
nthreads: 1 colors: 15 vertices: 450 edges 8168 colors_table: () bestIndex: 176 seed: 1153397125
20.98
nthreads: 1 colors: 15 vertices: 450 edges 8168 colors_table: () bestIndex: 612 seed: 1153397147
26.52
nthreads: 1 colors: 15 vertices: 450 edges 8168 colors_table: () bestIndex: 290 seed: 1153397175
22.39
nthreads: 1 colors: 15 vertices: 450 edges 8168 colors_table: () bestIndex: 251 seed: 1153397198
21.97
nthreads: 1 colors: 15 vertices: 450 edges 8168 colors_table: () bestIndex: 171 seed: 1153397221
20.98
nthreads: 1 colors: 15 vertices: 450 edges 8168 colors_table: () bestIndex: 778 seed: 1153397243
28.42
nthreads: 1 colors: 15 vertices: 450 edges 8168 colors_table: () bestIndex: 127 seed: 1153397273
20.38
nthreads: 1 colors: 15 vertices: 450 edges 8168 colors_table: () bestIndex: 190 seed: 1153397294
21.16
nthreads: 1 colors: 15 vertices: 450 edges 8168 colors_table: () bestIndex: 126 seed: 1153397316
20.42
nthreads: 1 colors: 15 vertices: 450 edges 8168 colors_table: () bestIndex: 1202 seed: 1153397338
33.71
nthreads: 1 colors: 15 vertices: 450 edges 8168 colors_table: () bestIndex: 235 seed: 1153397372
21.80
nthreads: 1 colors: 15 vertices: 450 edges 8168 colors_table: () bestIndex: 187 seed: 1153397395
21.20
nthreads: 1 colors: 15 vertices: 450 edges 8168 colors_table: () bestIndex: 224 seed: 1153397417
21.61
nthreads: 1 colors: 15 vertices: 450 edges 8168 colors_table: () bestIndex: 1028 seed: 1153397440
31.58
nthreads: 1 colors: 15 vertices: 450 edges 8168 colors_table: () bestIndex: 619 seed: 1153397473
26.52
nthreads: 1 colors: 15 vertices: 450 edges 8168 colors_table: () bestIndex: 295 seed: 1153397500
22.59
nthreads: 1 colors: 15 vertices: 450 edges 8168 colors_table: () bestIndex: 505 seed: 1153397524
25.08
nthreads: 1 colors: 15 vertices: 450 edges 8168 colors_table: () bestIndex: 415 seed: 1153397550
23.95
