le450_25b.col.b n_loops: 100 n_threads: 1
Thu Jul 20 11:20:30 EDT 2006 /home/thanhvu/nfs/Classic/1225_SameAsPATCHONLY_w_somechangestoprintSol/log_dir//1153380225/le450_25b.col.b_1153408830.log
Single cedf232c677ebdd3c298dee92578679f /home/thanhvu/nfs/Classic/1225_SameAsPATCHONLY_w_somechangestoprintSol/a.out
nthreads: 1 colors: 25 vertices: 450 edges 8263 colors_table: () bestIndex: 0 seed: 1153408830
22.05
nthreads: 1 colors: 25 vertices: 450 edges 8263 colors_table: () bestIndex: 0 seed: 1153408853
22.04
nthreads: 1 colors: 25 vertices: 450 edges 8263 colors_table: () bestIndex: 0 seed: 1153408876
22.03
nthreads: 1 colors: 25 vertices: 450 edges 8263 colors_table: () bestIndex: 0 seed: 1153408899
22.04
nthreads: 1 colors: 25 vertices: 450 edges 8263 colors_table: () bestIndex: 0 seed: 1153408922
22.05
nthreads: 1 colors: 25 vertices: 450 edges 8263 colors_table: () bestIndex: 0 seed: 1153408946
22.04
nthreads: 1 colors: 25 vertices: 450 edges 8263 colors_table: () bestIndex: 0 seed: 1153408969
22.04
nthreads: 1 colors: 25 vertices: 450 edges 8263 colors_table: () bestIndex: 0 seed: 1153408992
22.05
nthreads: 1 colors: 25 vertices: 450 edges 8263 colors_table: () bestIndex: 0 seed: 1153409015
22.04
nthreads: 1 colors: 25 vertices: 450 edges 8263 colors_table: () bestIndex: 0 seed: 1153409038
22.03
nthreads: 1 colors: 25 vertices: 450 edges 8263 colors_table: () bestIndex: 0 seed: 1153409061
22.04
nthreads: 1 colors: 25 vertices: 450 edges 8263 colors_table: () bestIndex: 0 seed: 1153409084
22.05
nthreads: 1 colors: 25 vertices: 450 edges 8263 colors_table: () bestIndex: 0 seed: 1153409107
22.05
nthreads: 1 colors: 25 vertices: 450 edges 8263 colors_table: () bestIndex: 0 seed: 1153409130
22.03
nthreads: 1 colors: 25 vertices: 450 edges 8263 colors_table: () bestIndex: 0 seed: 1153409153
22.04
nthreads: 1 colors: 25 vertices: 450 edges 8263 colors_table: () bestIndex: 0 seed: 1153409176
22.06
nthreads: 1 colors: 25 vertices: 450 edges 8263 colors_table: () bestIndex: 0 seed: 1153409199
22.06
nthreads: 1 colors: 25 vertices: 450 edges 8263 colors_table: () bestIndex: 0 seed: 1153409222
22.04
nthreads: 1 colors: 25 vertices: 450 edges 8263 colors_table: () bestIndex: 0 seed: 1153409245
22.06
nthreads: 1 colors: 25 vertices: 450 edges 8263 colors_table: () bestIndex: 0 seed: 1153409268
22.03
nthreads: 1 colors: 25 vertices: 450 edges 8263 colors_table: () bestIndex: 0 seed: 1153409291
22.04
nthreads: 1 colors: 25 vertices: 450 edges 8263 colors_table: () bestIndex: 0 seed: 1153409315
22.04
nthreads: 1 colors: 25 vertices: 450 edges 8263 colors_table: () bestIndex: 0 seed: 1153409338
22.04
nthreads: 1 colors: 25 vertices: 450 edges 8263 colors_table: () bestIndex: 0 seed: 1153409361
22.04
nthreads: 1 colors: 25 vertices: 450 edges 8263 colors_table: () bestIndex: 0 seed: 1153409384
22.03
nthreads: 1 colors: 25 vertices: 450 edges 8263 colors_table: () bestIndex: 0 seed: 1153409407
22.02
nthreads: 1 colors: 25 vertices: 450 edges 8263 colors_table: () bestIndex: 0 seed: 1153409430
22.03
nthreads: 1 colors: 25 vertices: 450 edges 8263 colors_table: () bestIndex: 0 seed: 1153409453
22.03
nthreads: 1 colors: 25 vertices: 450 edges 8263 colors_table: () bestIndex: 0 seed: 1153409476
22.06
nthreads: 1 colors: 25 vertices: 450 edges 8263 colors_table: () bestIndex: 0 seed: 1153409499
22.05
nthreads: 1 colors: 25 vertices: 450 edges 8263 colors_table: () bestIndex: 0 seed: 1153409522
22.04
nthreads: 1 colors: 25 vertices: 450 edges 8263 colors_table: () bestIndex: 0 seed: 1153409545
22.04
nthreads: 1 colors: 25 vertices: 450 edges 8263 colors_table: () bestIndex: 0 seed: 1153409568
22.06
nthreads: 1 colors: 25 vertices: 450 edges 8263 colors_table: () bestIndex: 0 seed: 1153409591
22.04
nthreads: 1 colors: 25 vertices: 450 edges 8263 colors_table: () bestIndex: 0 seed: 1153409614
22.05
nthreads: 1 colors: 25 vertices: 450 edges 8263 colors_table: () bestIndex: 0 seed: 1153409637
22.03
nthreads: 1 colors: 25 vertices: 450 edges 8263 colors_table: () bestIndex: 0 seed: 1153409660
22.06
nthreads: 1 colors: 25 vertices: 450 edges 8263 colors_table: () bestIndex: 0 seed: 1153409684
22.07
nthreads: 1 colors: 25 vertices: 450 edges 8263 colors_table: () bestIndex: 0 seed: 1153409707
22.05
nthreads: 1 colors: 25 vertices: 450 edges 8263 colors_table: () bestIndex: 0 seed: 1153409730
22.04
nthreads: 1 colors: 25 vertices: 450 edges 8263 colors_table: () bestIndex: 0 seed: 1153409753
22.06
nthreads: 1 colors: 25 vertices: 450 edges 8263 colors_table: () bestIndex: 0 seed: 1153409776
22.03
nthreads: 1 colors: 25 vertices: 450 edges 8263 colors_table: () bestIndex: 0 seed: 1153409799
22.05
nthreads: 1 colors: 25 vertices: 450 edges 8263 colors_table: () bestIndex: 0 seed: 1153409822
22.03
nthreads: 1 colors: 25 vertices: 450 edges 8263 colors_table: () bestIndex: 0 seed: 1153409845
22.05
nthreads: 1 colors: 25 vertices: 450 edges 8263 colors_table: () bestIndex: 0 seed: 1153409868
22.04
nthreads: 1 colors: 25 vertices: 450 edges 8263 colors_table: () bestIndex: 0 seed: 1153409891
22.05
nthreads: 1 colors: 25 vertices: 450 edges 8263 colors_table: () bestIndex: 0 seed: 1153409914
22.03
nthreads: 1 colors: 25 vertices: 450 edges 8263 colors_table: () bestIndex: 0 seed: 1153409937
22.04
nthreads: 1 colors: 25 vertices: 450 edges 8263 colors_table: () bestIndex: 0 seed: 1153409960
22.04
nthreads: 1 colors: 25 vertices: 450 edges 8263 colors_table: () bestIndex: 0 seed: 1153409983
22.04
nthreads: 1 colors: 25 vertices: 450 edges 8263 colors_table: () bestIndex: 0 seed: 1153410006
22.05
nthreads: 1 colors: 25 vertices: 450 edges 8263 colors_table: () bestIndex: 0 seed: 1153410029
22.05
nthreads: 1 colors: 25 vertices: 450 edges 8263 colors_table: () bestIndex: 0 seed: 1153410053
22.05
nthreads: 1 colors: 25 vertices: 450 edges 8263 colors_table: () bestIndex: 0 seed: 1153410076
22.04
nthreads: 1 colors: 25 vertices: 450 edges 8263 colors_table: () bestIndex: 0 seed: 1153410099
22.06
nthreads: 1 colors: 25 vertices: 450 edges 8263 colors_table: () bestIndex: 0 seed: 1153410122
22.04
nthreads: 1 colors: 25 vertices: 450 edges 8263 colors_table: () bestIndex: 0 seed: 1153410145
22.06
nthreads: 1 colors: 25 vertices: 450 edges 8263 colors_table: () bestIndex: 0 seed: 1153410168
22.05
nthreads: 1 colors: 25 vertices: 450 edges 8263 colors_table: () bestIndex: 0 seed: 1153410191
22.04
nthreads: 1 colors: 25 vertices: 450 edges 8263 colors_table: () bestIndex: 0 seed: 1153410214
22.04
nthreads: 1 colors: 25 vertices: 450 edges 8263 colors_table: () bestIndex: 0 seed: 1153410237
22.06
nthreads: 1 colors: 25 vertices: 450 edges 8263 colors_table: () bestIndex: 0 seed: 1153410260
22.04
nthreads: 1 colors: 25 vertices: 450 edges 8263 colors_table: () bestIndex: 0 seed: 1153410283
22.03
nthreads: 1 colors: 25 vertices: 450 edges 8263 colors_table: () bestIndex: 0 seed: 1153410306
22.05
nthreads: 1 colors: 25 vertices: 450 edges 8263 colors_table: () bestIndex: 0 seed: 1153410329
22.06
nthreads: 1 colors: 25 vertices: 450 edges 8263 colors_table: () bestIndex: 0 seed: 1153410352
22.04
nthreads: 1 colors: 25 vertices: 450 edges 8263 colors_table: () bestIndex: 0 seed: 1153410375
22.03
nthreads: 1 colors: 25 vertices: 450 edges 8263 colors_table: () bestIndex: 0 seed: 1153410399
22.04
nthreads: 1 colors: 25 vertices: 450 edges 8263 colors_table: () bestIndex: 0 seed: 1153410422
22.05
nthreads: 1 colors: 25 vertices: 450 edges 8263 colors_table: () bestIndex: 0 seed: 1153410445
22.03
nthreads: 1 colors: 25 vertices: 450 edges 8263 colors_table: () bestIndex: 0 seed: 1153410468
22.03
nthreads: 1 colors: 25 vertices: 450 edges 8263 colors_table: () bestIndex: 0 seed: 1153410491
22.05
nthreads: 1 colors: 25 vertices: 450 edges 8263 colors_table: () bestIndex: 0 seed: 1153410514
22.04
nthreads: 1 colors: 25 vertices: 450 edges 8263 colors_table: () bestIndex: 0 seed: 1153410537
22.03
nthreads: 1 colors: 25 vertices: 450 edges 8263 colors_table: () bestIndex: 0 seed: 1153410560
22.06
nthreads: 1 colors: 25 vertices: 450 edges 8263 colors_table: () bestIndex: 0 seed: 1153410583
22.06
nthreads: 1 colors: 25 vertices: 450 edges 8263 colors_table: () bestIndex: 0 seed: 1153410606
22.03
nthreads: 1 colors: 25 vertices: 450 edges 8263 colors_table: () bestIndex: 0 seed: 1153410629
22.06
nthreads: 1 colors: 25 vertices: 450 edges 8263 colors_table: () bestIndex: 0 seed: 1153410652
22.04
nthreads: 1 colors: 25 vertices: 450 edges 8263 colors_table: () bestIndex: 0 seed: 1153410675
22.04
nthreads: 1 colors: 25 vertices: 450 edges 8263 colors_table: () bestIndex: 0 seed: 1153410698
22.03
nthreads: 1 colors: 25 vertices: 450 edges 8263 colors_table: () bestIndex: 0 seed: 1153410721
22.03
nthreads: 1 colors: 25 vertices: 450 edges 8263 colors_table: () bestIndex: 0 seed: 1153410744
22.04
nthreads: 1 colors: 25 vertices: 450 edges 8263 colors_table: () bestIndex: 0 seed: 1153410767
22.04
nthreads: 1 colors: 25 vertices: 450 edges 8263 colors_table: () bestIndex: 0 seed: 1153410791
22.05
nthreads: 1 colors: 25 vertices: 450 edges 8263 colors_table: () bestIndex: 0 seed: 1153410814
22.04
nthreads: 1 colors: 25 vertices: 450 edges 8263 colors_table: () bestIndex: 0 seed: 1153410837
22.04
nthreads: 1 colors: 25 vertices: 450 edges 8263 colors_table: () bestIndex: 0 seed: 1153410860
22.04
nthreads: 1 colors: 25 vertices: 450 edges 8263 colors_table: () bestIndex: 0 seed: 1153410883
22.03
nthreads: 1 colors: 25 vertices: 450 edges 8263 colors_table: () bestIndex: 0 seed: 1153410906
22.03
nthreads: 1 colors: 25 vertices: 450 edges 8263 colors_table: () bestIndex: 0 seed: 1153410929
22.04
nthreads: 1 colors: 25 vertices: 450 edges 8263 colors_table: () bestIndex: 0 seed: 1153410952
22.04
nthreads: 1 colors: 25 vertices: 450 edges 8263 colors_table: () bestIndex: 0 seed: 1153410975
22.04
nthreads: 1 colors: 25 vertices: 450 edges 8263 colors_table: () bestIndex: 0 seed: 1153410998
22.03
nthreads: 1 colors: 25 vertices: 450 edges 8263 colors_table: () bestIndex: 0 seed: 1153411021
22.04
nthreads: 1 colors: 25 vertices: 450 edges 8263 colors_table: () bestIndex: 0 seed: 1153411044
22.03
nthreads: 1 colors: 25 vertices: 450 edges 8263 colors_table: () bestIndex: 0 seed: 1153411067
22.04
nthreads: 1 colors: 25 vertices: 450 edges 8263 colors_table: () bestIndex: 0 seed: 1153411090
22.02
nthreads: 1 colors: 25 vertices: 450 edges 8263 colors_table: () bestIndex: 0 seed: 1153411113
22.04
