le450_5d.col.b n_loops: 100 n_threads: 1
Thu Jul 20 15:10:23 EDT 2006 /home/thanhvu/nfs/Classic/1225_SameAsPATCHONLY_w_somechangestoprintSol/log_dir//1153380225/le450_5d.col.b_1153422623.log
Single cedf232c677ebdd3c298dee92578679f /home/thanhvu/nfs/Classic/1225_SameAsPATCHONLY_w_somechangestoprintSol/a.out
nthreads: 1 colors: 5 vertices: 450 edges 9757 colors_table: () bestIndex: 38 seed: 1153422623
18.39
nthreads: 1 colors: 5 vertices: 450 edges 9757 colors_table: () bestIndex: 202 seed: 1153422642
20.53
nthreads: 1 colors: 5 vertices: 450 edges 9757 colors_table: () bestIndex: 97 seed: 1153422664
19.24
nthreads: 1 colors: 5 vertices: 450 edges 9757 colors_table: () bestIndex: 39 seed: 1153422684
18.57
nthreads: 1 colors: 5 vertices: 450 edges 9757 colors_table: () bestIndex: 121 seed: 1153422704
19.42
nthreads: 1 colors: 5 vertices: 450 edges 9757 colors_table: () bestIndex: 68 seed: 1153422724
19.00
nthreads: 1 colors: 5 vertices: 450 edges 9757 colors_table: () bestIndex: 146 seed: 1153422744
19.74
nthreads: 1 colors: 5 vertices: 450 edges 9757 colors_table: () bestIndex: 22 seed: 1153422765
18.38
nthreads: 1 colors: 5 vertices: 450 edges 9757 colors_table: () bestIndex: 91 seed: 1153422784
19.17
nthreads: 1 colors: 5 vertices: 450 edges 9757 colors_table: () bestIndex: 68 seed: 1153422805
19.07
nthreads: 1 colors: 5 vertices: 450 edges 9757 colors_table: () bestIndex: 35 seed: 1153422825
18.58
nthreads: 1 colors: 5 vertices: 450 edges 9757 colors_table: () bestIndex: 215 seed: 1153422844
20.72
nthreads: 1 colors: 5 vertices: 450 edges 9757 colors_table: () bestIndex: 25 seed: 1153422866
18.43
nthreads: 1 colors: 5 vertices: 450 edges 9757 colors_table: () bestIndex: 181 seed: 1153422885
20.17
nthreads: 1 colors: 5 vertices: 450 edges 9757 colors_table: () bestIndex: 153 seed: 1153422907
19.95
nthreads: 1 colors: 5 vertices: 450 edges 9757 colors_table: () bestIndex: 22 seed: 1153422928
18.21
nthreads: 1 colors: 5 vertices: 450 edges 9757 colors_table: () bestIndex: 21 seed: 1153422947
18.44
nthreads: 1 colors: 5 vertices: 450 edges 9757 colors_table: () bestIndex: 75 seed: 1153422966
19.02
nthreads: 1 colors: 5 vertices: 450 edges 9757 colors_table: () bestIndex: 154 seed: 1153422986
19.91
nthreads: 1 colors: 5 vertices: 450 edges 9757 colors_table: () bestIndex: 71 seed: 1153423007
19.05
nthreads: 1 colors: 5 vertices: 450 edges 9757 colors_table: () bestIndex: 21 seed: 1153423027
18.41
nthreads: 1 colors: 5 vertices: 450 edges 9757 colors_table: () bestIndex: 37 seed: 1153423047
18.50
nthreads: 1 colors: 5 vertices: 450 edges 9757 colors_table: () bestIndex: 109 seed: 1153423066
19.42
nthreads: 1 colors: 5 vertices: 450 edges 9757 colors_table: () bestIndex: 42 seed: 1153423087
18.66
nthreads: 1 colors: 5 vertices: 450 edges 9757 colors_table: () bestIndex: 45 seed: 1153423106
18.51
nthreads: 1 colors: 5 vertices: 450 edges 9757 colors_table: () bestIndex: 154 seed: 1153423126
19.90
nthreads: 1 colors: 5 vertices: 450 edges 9757 colors_table: () bestIndex: 169 seed: 1153423147
20.11
nthreads: 1 colors: 5 vertices: 450 edges 9757 colors_table: () bestIndex: 89 seed: 1153423168
19.18
nthreads: 1 colors: 5 vertices: 450 edges 9757 colors_table: () bestIndex: 109 seed: 1153423188
19.33
nthreads: 1 colors: 5 vertices: 450 edges 9757 colors_table: () bestIndex: 26 seed: 1153423209
18.73
nthreads: 1 colors: 5 vertices: 450 edges 9757 colors_table: () bestIndex: 248 seed: 1153423228
21.01
nthreads: 1 colors: 5 vertices: 450 edges 9757 colors_table: () bestIndex: 32 seed: 1153423250
18.46
nthreads: 1 colors: 5 vertices: 450 edges 9757 colors_table: () bestIndex: 29 seed: 1153423270
18.54
nthreads: 1 colors: 5 vertices: 450 edges 9757 colors_table: () bestIndex: 324 seed: 1153423289
21.82
nthreads: 1 colors: 5 vertices: 450 edges 9757 colors_table: () bestIndex: 39 seed: 1153423312
18.59
nthreads: 1 colors: 5 vertices: 450 edges 9757 colors_table: () bestIndex: 67 seed: 1153423332
18.94
nthreads: 1 colors: 5 vertices: 450 edges 9757 colors_table: () bestIndex: 160 seed: 1153423352
20.19
nthreads: 1 colors: 5 vertices: 450 edges 9757 colors_table: () bestIndex: 54 seed: 1153423373
18.95
nthreads: 1 colors: 5 vertices: 450 edges 9757 colors_table: () bestIndex: 67 seed: 1153423393
18.82
nthreads: 1 colors: 5 vertices: 450 edges 9757 colors_table: () bestIndex: 94 seed: 1153423413
19.29
nthreads: 1 colors: 5 vertices: 450 edges 9757 colors_table: () bestIndex: 205 seed: 1153423433
20.52
nthreads: 1 colors: 5 vertices: 450 edges 9757 colors_table: () bestIndex: 62 seed: 1153423455
18.90
nthreads: 1 colors: 5 vertices: 450 edges 9757 colors_table: () bestIndex: 187 seed: 1153423475
20.40
nthreads: 1 colors: 5 vertices: 450 edges 9757 colors_table: () bestIndex: 39 seed: 1153423496
18.80
nthreads: 1 colors: 5 vertices: 450 edges 9757 colors_table: () bestIndex: 21 seed: 1153423516
18.50
nthreads: 1 colors: 5 vertices: 450 edges 9757 colors_table: () bestIndex: 87 seed: 1153423535
18.98
nthreads: 1 colors: 5 vertices: 450 edges 9757 colors_table: () bestIndex: 129 seed: 1153423555
19.53
nthreads: 1 colors: 5 vertices: 450 edges 9757 colors_table: () bestIndex: 57 seed: 1153423576
18.90
nthreads: 1 colors: 5 vertices: 450 edges 9757 colors_table: () bestIndex: 88 seed: 1153423596
19.22
nthreads: 1 colors: 5 vertices: 450 edges 9757 colors_table: () bestIndex: 62 seed: 1153423616
19.03
nthreads: 1 colors: 5 vertices: 450 edges 9757 colors_table: () bestIndex: 65 seed: 1153423636
18.78
nthreads: 1 colors: 5 vertices: 450 edges 9757 colors_table: () bestIndex: 37 seed: 1153423656
18.53
nthreads: 1 colors: 5 vertices: 450 edges 9757 colors_table: () bestIndex: 69 seed: 1153423675
19.02
nthreads: 1 colors: 5 vertices: 450 edges 9757 colors_table: () bestIndex: 328 seed: 1153423695
21.92
nthreads: 1 colors: 5 vertices: 450 edges 9757 colors_table: () bestIndex: 75 seed: 1153423718
19.12
nthreads: 1 colors: 5 vertices: 450 edges 9757 colors_table: () bestIndex: 171 seed: 1153423738
20.11
nthreads: 1 colors: 5 vertices: 450 edges 9757 colors_table: () bestIndex: 62 seed: 1153423760
18.83
nthreads: 1 colors: 5 vertices: 450 edges 9757 colors_table: () bestIndex: 58 seed: 1153423779
18.94
nthreads: 1 colors: 5 vertices: 450 edges 9757 colors_table: () bestIndex: 215 seed: 1153423799
20.71
nthreads: 1 colors: 5 vertices: 450 edges 9757 colors_table: () bestIndex: 50 seed: 1153423821
18.60
nthreads: 1 colors: 5 vertices: 450 edges 9757 colors_table: () bestIndex: 95 seed: 1153423841
19.22
nthreads: 1 colors: 5 vertices: 450 edges 9757 colors_table: () bestIndex: 21 seed: 1153423861
18.37
nthreads: 1 colors: 5 vertices: 450 edges 9757 colors_table: () bestIndex: 87 seed: 1153423880
19.06
nthreads: 1 colors: 5 vertices: 450 edges 9757 colors_table: () bestIndex: 103 seed: 1153423901
19.33
nthreads: 1 colors: 5 vertices: 450 edges 9757 colors_table: () bestIndex: 37 seed: 1153423921
18.31
nthreads: 1 colors: 5 vertices: 450 edges 9757 colors_table: () bestIndex: 43 seed: 1153423940
18.72
nthreads: 1 colors: 5 vertices: 450 edges 9757 colors_table: () bestIndex: 49 seed: 1153423960
18.72
nthreads: 1 colors: 5 vertices: 450 edges 9757 colors_table: () bestIndex: 49 seed: 1153423980
18.66
nthreads: 1 colors: 5 vertices: 450 edges 9757 colors_table: () bestIndex: 61 seed: 1153423999
18.87
nthreads: 1 colors: 5 vertices: 450 edges 9757 colors_table: () bestIndex: 183 seed: 1153424019
20.38
nthreads: 1 colors: 5 vertices: 450 edges 9757 colors_table: () bestIndex: 82 seed: 1153424041
19.20
nthreads: 1 colors: 5 vertices: 450 edges 9757 colors_table: () bestIndex: 140 seed: 1153424061
19.66
nthreads: 1 colors: 5 vertices: 450 edges 9757 colors_table: () bestIndex: 60 seed: 1153424082
18.59
nthreads: 1 colors: 5 vertices: 450 edges 9757 colors_table: () bestIndex: 47 seed: 1153424101
18.63
nthreads: 1 colors: 5 vertices: 450 edges 9757 colors_table: () bestIndex: 125 seed: 1153424121
19.45
nthreads: 1 colors: 5 vertices: 450 edges 9757 colors_table: () bestIndex: 101 seed: 1153424141
19.41
nthreads: 1 colors: 5 vertices: 450 edges 9757 colors_table: () bestIndex: 73 seed: 1153424162
19.01
nthreads: 1 colors: 5 vertices: 450 edges 9757 colors_table: () bestIndex: 166 seed: 1153424182
20.17
nthreads: 1 colors: 5 vertices: 450 edges 9757 colors_table: () bestIndex: 199 seed: 1153424203
20.47
nthreads: 1 colors: 5 vertices: 450 edges 9757 colors_table: () bestIndex: 113 seed: 1153424224
19.52
nthreads: 1 colors: 5 vertices: 450 edges 9757 colors_table: () bestIndex: 46 seed: 1153424245
18.57
nthreads: 1 colors: 5 vertices: 450 edges 9757 colors_table: () bestIndex: 85 seed: 1153424265
19.32
nthreads: 1 colors: 5 vertices: 450 edges 9757 colors_table: () bestIndex: 21 seed: 1153424285
18.23
nthreads: 1 colors: 5 vertices: 450 edges 9757 colors_table: () bestIndex: 118 seed: 1153424304
19.54
nthreads: 1 colors: 5 vertices: 450 edges 9757 colors_table: () bestIndex: 31 seed: 1153424325
18.72
nthreads: 1 colors: 5 vertices: 450 edges 9757 colors_table: () bestIndex: 44 seed: 1153424344
18.48
nthreads: 1 colors: 5 vertices: 450 edges 9757 colors_table: () bestIndex: 41 seed: 1153424364
18.58
nthreads: 1 colors: 5 vertices: 450 edges 9757 colors_table: () bestIndex: 167 seed: 1153424383
20.00
nthreads: 1 colors: 5 vertices: 450 edges 9757 colors_table: () bestIndex: 93 seed: 1153424405
19.24
nthreads: 1 colors: 5 vertices: 450 edges 9757 colors_table: () bestIndex: 21 seed: 1153424425
18.39
nthreads: 1 colors: 5 vertices: 450 edges 9757 colors_table: () bestIndex: 72 seed: 1153424444
19.06
nthreads: 1 colors: 5 vertices: 450 edges 9757 colors_table: () bestIndex: 108 seed: 1153424464
19.26
nthreads: 1 colors: 5 vertices: 450 edges 9757 colors_table: () bestIndex: 224 seed: 1153424485
20.73
nthreads: 1 colors: 5 vertices: 450 edges 9757 colors_table: () bestIndex: 51 seed: 1153424506
18.54
nthreads: 1 colors: 5 vertices: 450 edges 9757 colors_table: () bestIndex: 109 seed: 1153424526
19.47
nthreads: 1 colors: 5 vertices: 450 edges 9757 colors_table: () bestIndex: 539 seed: 1153424546
24.42
nthreads: 1 colors: 5 vertices: 450 edges 9757 colors_table: () bestIndex: 81 seed: 1153424572
18.97
nthreads: 1 colors: 5 vertices: 450 edges 9757 colors_table: () bestIndex: 146 seed: 1153424592
19.76
nthreads: 1 colors: 5 vertices: 450 edges 9757 colors_table: () bestIndex: 121 seed: 1153424613
19.59
nthreads: 1 colors: 5 vertices: 450 edges 9757 colors_table: () bestIndex: 85 seed: 1153424633
18.90
