le450_25d.col.b n_loops: 100 n_threads: 1
Thu Jul 20 12:53:53 EDT 2006 /home/thanhvu/nfs/Classic/1225_SameAsPATCHONLY_w_somechangestoprintSol/log_dir//1153380225/le450_25d.col.b_1153414433.log
Single cedf232c677ebdd3c298dee92578679f /home/thanhvu/nfs/Classic/1225_SameAsPATCHONLY_w_somechangestoprintSol/a.out
nthreads: 1 colors: 26 vertices: 450 edges 17425 colors_table: () bestIndex: 197 seed: 1153414433
27.53
nthreads: 1 colors: 26 vertices: 450 edges 17425 colors_table: () bestIndex: 388 seed: 1153414462
30.81
nthreads: 1 colors: 26 vertices: 450 edges 17425 colors_table: () bestIndex: 257 seed: 1153414494
28.17
nthreads: 1 colors: 26 vertices: 450 edges 17425 colors_table: () bestIndex: 315 seed: 1153414523
28.92
nthreads: 1 colors: 26 vertices: 450 edges 17425 colors_table: () bestIndex: 370 seed: 1153414553
30.34
nthreads: 1 colors: 26 vertices: 450 edges 17425 colors_table: () bestIndex: 623 seed: 1153414584
34.62
nthreads: 1 colors: 26 vertices: 450 edges 17425 colors_table: () bestIndex: 351 seed: 1153414620
29.97
nthreads: 1 colors: 26 vertices: 450 edges 17425 colors_table: () bestIndex: 244 seed: 1153414651
28.67
nthreads: 1 colors: 26 vertices: 450 edges 17425 colors_table: () bestIndex: 642 seed: 1153414680
35.61
nthreads: 1 colors: 26 vertices: 450 edges 17425 colors_table: () bestIndex: 208 seed: 1153414717
27.98
nthreads: 1 colors: 26 vertices: 450 edges 17425 colors_table: () bestIndex: 263 seed: 1153414746
28.93
nthreads: 1 colors: 26 vertices: 450 edges 17425 colors_table: () bestIndex: 279 seed: 1153414776
29.32
nthreads: 1 colors: 26 vertices: 450 edges 17425 colors_table: () bestIndex: 294 seed: 1153414806
29.54
nthreads: 1 colors: 26 vertices: 450 edges 17425 colors_table: () bestIndex: 1017 seed: 1153414837
41.85
nthreads: 1 colors: 26 vertices: 450 edges 17425 colors_table: () bestIndex: 924 seed: 1153414880
40.53
nthreads: 1 colors: 26 vertices: 450 edges 17425 colors_table: () bestIndex: 315 seed: 1153414921
29.95
nthreads: 1 colors: 26 vertices: 450 edges 17425 colors_table: () bestIndex: 210 seed: 1153414952
27.78
nthreads: 1 colors: 26 vertices: 450 edges 17425 colors_table: () bestIndex: 604 seed: 1153414981
34.31
nthreads: 1 colors: 26 vertices: 450 edges 17425 colors_table: () bestIndex: 344 seed: 1153415016
29.83
nthreads: 1 colors: 26 vertices: 450 edges 17425 colors_table: () bestIndex: 747 seed: 1153415047
36.25
nthreads: 1 colors: 26 vertices: 450 edges 17425 colors_table: () bestIndex: 328 seed: 1153415085
29.53
nthreads: 1 colors: 26 vertices: 450 edges 17425 colors_table: () bestIndex: 312 seed: 1153415115
29.28
nthreads: 1 colors: 26 vertices: 450 edges 17425 colors_table: () bestIndex: 331 seed: 1153415145
30.16
nthreads: 1 colors: 26 vertices: 450 edges 17425 colors_table: () bestIndex: 310 seed: 1153415177
29.61
nthreads: 1 colors: 26 vertices: 450 edges 17425 colors_table: () bestIndex: 444 seed: 1153415207
31.91
nthreads: 1 colors: 26 vertices: 450 edges 17425 colors_table: () bestIndex: 849 seed: 1153415240
39.45
nthreads: 1 colors: 26 vertices: 450 edges 17425 colors_table: () bestIndex: 802 seed: 1153415281
37.58
nthreads: 1 colors: 26 vertices: 450 edges 17425 colors_table: () bestIndex: 383 seed: 1153415319
30.82
nthreads: 1 colors: 26 vertices: 450 edges 17425 colors_table: () bestIndex: 289 seed: 1153415351
29.25
nthreads: 1 colors: 26 vertices: 450 edges 17425 colors_table: () bestIndex: 755 seed: 1153415381
37.54
nthreads: 1 colors: 26 vertices: 450 edges 17425 colors_table: () bestIndex: 351 seed: 1153415420
30.43
nthreads: 1 colors: 26 vertices: 450 edges 17425 colors_table: () bestIndex: 563 seed: 1153415451
33.36
nthreads: 1 colors: 26 vertices: 450 edges 17425 colors_table: () bestIndex: 237 seed: 1153415486
28.60
nthreads: 1 colors: 26 vertices: 450 edges 17425 colors_table: () bestIndex: 500 seed: 1153415515
33.18
nthreads: 1 colors: 26 vertices: 450 edges 17425 colors_table: () bestIndex: 662 seed: 1153415550
35.52
nthreads: 1 colors: 26 vertices: 450 edges 17425 colors_table: () bestIndex: 329 seed: 1153415586
29.98
nthreads: 1 colors: 26 vertices: 450 edges 17425 colors_table: () bestIndex: 357 seed: 1153415617
30.34
nthreads: 1 colors: 26 vertices: 450 edges 17425 colors_table: () bestIndex: 196 seed: 1153415648
27.43
nthreads: 1 colors: 26 vertices: 450 edges 17425 colors_table: () bestIndex: 246 seed: 1153415677
28.57
nthreads: 1 colors: 26 vertices: 450 edges 17425 colors_table: () bestIndex: 476 seed: 1153415706
32.64
nthreads: 1 colors: 26 vertices: 450 edges 17425 colors_table: () bestIndex: 449 seed: 1153415740
32.15
nthreads: 1 colors: 26 vertices: 450 edges 17425 colors_table: () bestIndex: 785 seed: 1153415773
38.03
nthreads: 1 colors: 26 vertices: 450 edges 17425 colors_table: () bestIndex: 262 seed: 1153415812
28.74
nthreads: 1 colors: 26 vertices: 450 edges 17425 colors_table: () bestIndex: 439 seed: 1153415842
31.65
nthreads: 1 colors: 26 vertices: 450 edges 17425 colors_table: () bestIndex: 229 seed: 1153415875
28.58
nthreads: 1 colors: 26 vertices: 450 edges 17425 colors_table: () bestIndex: 282 seed: 1153415904
29.41
nthreads: 1 colors: 26 vertices: 450 edges 17425 colors_table: () bestIndex: 484 seed: 1153415935
32.91
nthreads: 1 colors: 26 vertices: 450 edges 17425 colors_table: () bestIndex: 383 seed: 1153415969
30.75
nthreads: 1 colors: 26 vertices: 450 edges 17425 colors_table: () bestIndex: 351 seed: 1153416000
30.27
nthreads: 1 colors: 26 vertices: 450 edges 17425 colors_table: () bestIndex: 459 seed: 1153416032
32.24
nthreads: 1 colors: 26 vertices: 450 edges 17425 colors_table: () bestIndex: 268 seed: 1153416065
28.60
nthreads: 1 colors: 26 vertices: 450 edges 17425 colors_table: () bestIndex: 516 seed: 1153416095
32.87
nthreads: 1 colors: 26 vertices: 450 edges 17425 colors_table: () bestIndex: 588 seed: 1153416129
34.24
nthreads: 1 colors: 26 vertices: 450 edges 17425 colors_table: () bestIndex: 442 seed: 1153416164
31.57
nthreads: 1 colors: 26 vertices: 450 edges 17425 colors_table: () bestIndex: 289 seed: 1153416196
29.05
nthreads: 1 colors: 26 vertices: 450 edges 17425 colors_table: () bestIndex: 542 seed: 1153416226
33.91
nthreads: 1 colors: 26 vertices: 450 edges 17425 colors_table: () bestIndex: 238 seed: 1153416261
28.55
nthreads: 1 colors: 26 vertices: 450 edges 17425 colors_table: () bestIndex: 206 seed: 1153416291
27.66
nthreads: 1 colors: 26 vertices: 450 edges 17425 colors_table: () bestIndex: 326 seed: 1153416320
29.55
nthreads: 1 colors: 26 vertices: 450 edges 17425 colors_table: () bestIndex: 215 seed: 1153416350
28.14
nthreads: 1 colors: 26 vertices: 450 edges 17425 colors_table: () bestIndex: 217 seed: 1153416379
28.10
nthreads: 1 colors: 26 vertices: 450 edges 17425 colors_table: () bestIndex: 222 seed: 1153416408
28.25
nthreads: 1 colors: 26 vertices: 450 edges 17425 colors_table: () bestIndex: 457 seed: 1153416438
32.43
nthreads: 1 colors: 26 vertices: 450 edges 17425 colors_table: () bestIndex: 669 seed: 1153416471
35.63
nthreads: 1 colors: 26 vertices: 450 edges 17425 colors_table: () bestIndex: 322 seed: 1153416508
29.96
nthreads: 1 colors: 26 vertices: 450 edges 17425 colors_table: () bestIndex: 301 seed: 1153416539
29.48
nthreads: 1 colors: 26 vertices: 450 edges 17425 colors_table: () bestIndex: 298 seed: 1153416569
29.56
nthreads: 1 colors: 26 vertices: 450 edges 17425 colors_table: () bestIndex: 426 seed: 1153416600
31.97
nthreads: 1 colors: 26 vertices: 450 edges 17425 colors_table: () bestIndex: 463 seed: 1153416633
32.69
nthreads: 1 colors: 26 vertices: 450 edges 17425 colors_table: () bestIndex: 184 seed: 1153416667
27.03
nthreads: 1 colors: 26 vertices: 450 edges 17425 colors_table: () bestIndex: 253 seed: 1153416695
28.56
nthreads: 1 colors: 26 vertices: 450 edges 17425 colors_table: () bestIndex: 391 seed: 1153416724
31.65
nthreads: 1 colors: 26 vertices: 450 edges 17425 colors_table: () bestIndex: 409 seed: 1153416757
31.25
nthreads: 1 colors: 26 vertices: 450 edges 17425 colors_table: () bestIndex: 198 seed: 1153416789
27.58
nthreads: 1 colors: 26 vertices: 450 edges 17425 colors_table: () bestIndex: 392 seed: 1153416818
30.37
nthreads: 1 colors: 26 vertices: 450 edges 17425 colors_table: () bestIndex: 383 seed: 1153416849
31.34
nthreads: 1 colors: 26 vertices: 450 edges 17425 colors_table: () bestIndex: 585 seed: 1153416881
34.48
nthreads: 1 colors: 26 vertices: 450 edges 17425 colors_table: () bestIndex: 439 seed: 1153416917
32.04
nthreads: 1 colors: 26 vertices: 450 edges 17425 colors_table: () bestIndex: 310 seed: 1153416950
30.35
nthreads: 1 colors: 26 vertices: 450 edges 17425 colors_table: () bestIndex: 567 seed: 1153416981
33.49
nthreads: 1 colors: 26 vertices: 450 edges 17425 colors_table: () bestIndex: 522 seed: 1153417016
33.08
nthreads: 1 colors: 26 vertices: 450 edges 17425 colors_table: () bestIndex: 255 seed: 1153417050
28.60
nthreads: 1 colors: 26 vertices: 450 edges 17425 colors_table: () bestIndex: 337 seed: 1153417080
29.77
nthreads: 1 colors: 26 vertices: 450 edges 17425 colors_table: () bestIndex: 1052 seed: 1153417110
42.59
nthreads: 1 colors: 26 vertices: 450 edges 17425 colors_table: () bestIndex: 324 seed: 1153417154
29.03
nthreads: 1 colors: 26 vertices: 450 edges 17425 colors_table: () bestIndex: 216 seed: 1153417184
27.78
nthreads: 1 colors: 26 vertices: 450 edges 17425 colors_table: () bestIndex: 499 seed: 1153417213
32.41
nthreads: 1 colors: 26 vertices: 450 edges 17425 colors_table: () bestIndex: 288 seed: 1153417246
29.35
nthreads: 1 colors: 26 vertices: 450 edges 17425 colors_table: () bestIndex: 1051 seed: 1153417277
42.07
nthreads: 1 colors: 26 vertices: 450 edges 17425 colors_table: () bestIndex: 300 seed: 1153417320
29.59
nthreads: 1 colors: 26 vertices: 450 edges 17425 colors_table: () bestIndex: 512 seed: 1153417350
33.38
nthreads: 1 colors: 26 vertices: 450 edges 17425 colors_table: () bestIndex: 423 seed: 1153417385
31.31
nthreads: 1 colors: 26 vertices: 450 edges 17425 colors_table: () bestIndex: 437 seed: 1153417417
31.88
nthreads: 1 colors: 26 vertices: 450 edges 17425 colors_table: () bestIndex: 392 seed: 1153417450
30.96
nthreads: 1 colors: 26 vertices: 450 edges 17425 colors_table: () bestIndex: 559 seed: 1153417482
34.09
nthreads: 1 colors: 26 vertices: 450 edges 17425 colors_table: () bestIndex: 289 seed: 1153417517
29.29
nthreads: 1 colors: 26 vertices: 450 edges 17425 colors_table: () bestIndex: 688 seed: 1153417547
36.58
nthreads: 1 colors: 26 vertices: 450 edges 17425 colors_table: () bestIndex: 240 seed: 1153417585
28.36
nthreads: 1 colors: 26 vertices: 450 edges 17425 colors_table: () bestIndex: 388 seed: 1153417614
30.73
nthreads: 1 colors: 26 vertices: 450 edges 17425 colors_table: () bestIndex: 649 seed: 1153417646
35.51
