mug100_1.col.b n_loops: 100 n_threads: 1
Thu Jul 20 14:44:35 EDT 2006 /home/thanhvu/nfs/Classic/1225_SameAsPATCHONLY_w_somechangestoprintSol/log_dir//1153382539/mug100_1.col.b_1153421075.log
Single cedf232c677ebdd3c298dee92578679f /home/thanhvu/nfs/Classic/1225_SameAsPATCHONLY_w_somechangestoprintSol/a.out
nthreads: 1 colors: 4 vertices: 100 edges 166 colors_table: () bestIndex: 0 seed: 1153421075
0.30
nthreads: 1 colors: 4 vertices: 100 edges 166 colors_table: () bestIndex: 0 seed: 1153421077
0.28
nthreads: 1 colors: 4 vertices: 100 edges 166 colors_table: () bestIndex: 0 seed: 1153421078
0.28
nthreads: 1 colors: 4 vertices: 100 edges 166 colors_table: () bestIndex: 0 seed: 1153421079
0.28
nthreads: 1 colors: 4 vertices: 100 edges 166 colors_table: () bestIndex: 0 seed: 1153421081
0.28
nthreads: 1 colors: 4 vertices: 100 edges 166 colors_table: () bestIndex: 0 seed: 1153421082
0.28
nthreads: 1 colors: 4 vertices: 100 edges 166 colors_table: () bestIndex: 0 seed: 1153421083
0.28
nthreads: 1 colors: 4 vertices: 100 edges 166 colors_table: () bestIndex: 0 seed: 1153421085
0.29
nthreads: 1 colors: 4 vertices: 100 edges 166 colors_table: () bestIndex: 0 seed: 1153421086
0.28
nthreads: 1 colors: 4 vertices: 100 edges 166 colors_table: () bestIndex: 0 seed: 1153421087
0.28
nthreads: 1 colors: 4 vertices: 100 edges 166 colors_table: () bestIndex: 0 seed: 1153421089
0.28
nthreads: 1 colors: 4 vertices: 100 edges 166 colors_table: () bestIndex: 0 seed: 1153421090
0.28
nthreads: 1 colors: 4 vertices: 100 edges 166 colors_table: () bestIndex: 0 seed: 1153421091
0.28
nthreads: 1 colors: 4 vertices: 100 edges 166 colors_table: () bestIndex: 0 seed: 1153421093
0.28
nthreads: 1 colors: 4 vertices: 100 edges 166 colors_table: () bestIndex: 0 seed: 1153421094
0.29
nthreads: 1 colors: 4 vertices: 100 edges 166 colors_table: () bestIndex: 0 seed: 1153421095
0.28
nthreads: 1 colors: 4 vertices: 100 edges 166 colors_table: () bestIndex: 0 seed: 1153421096
0.28
nthreads: 1 colors: 4 vertices: 100 edges 166 colors_table: () bestIndex: 0 seed: 1153421098
0.28
nthreads: 1 colors: 4 vertices: 100 edges 166 colors_table: () bestIndex: 0 seed: 1153421099
0.28
nthreads: 1 colors: 4 vertices: 100 edges 166 colors_table: () bestIndex: 0 seed: 1153421100
0.29
nthreads: 1 colors: 4 vertices: 100 edges 166 colors_table: () bestIndex: 0 seed: 1153421102
0.28
nthreads: 1 colors: 4 vertices: 100 edges 166 colors_table: () bestIndex: 0 seed: 1153421103
0.28
nthreads: 1 colors: 4 vertices: 100 edges 166 colors_table: () bestIndex: 0 seed: 1153421104
0.28
nthreads: 1 colors: 4 vertices: 100 edges 166 colors_table: () bestIndex: 0 seed: 1153421106
0.28
nthreads: 1 colors: 4 vertices: 100 edges 166 colors_table: () bestIndex: 0 seed: 1153421107
0.27
nthreads: 1 colors: 4 vertices: 100 edges 166 colors_table: () bestIndex: 0 seed: 1153421108
0.29
nthreads: 1 colors: 4 vertices: 100 edges 166 colors_table: () bestIndex: 0 seed: 1153421110
0.28
nthreads: 1 colors: 4 vertices: 100 edges 166 colors_table: () bestIndex: 0 seed: 1153421111
0.28
nthreads: 1 colors: 4 vertices: 100 edges 166 colors_table: () bestIndex: 0 seed: 1153421112
0.28
nthreads: 1 colors: 4 vertices: 100 edges 166 colors_table: () bestIndex: 0 seed: 1153421114
0.28
nthreads: 1 colors: 4 vertices: 100 edges 166 colors_table: () bestIndex: 0 seed: 1153421115
0.29
nthreads: 1 colors: 4 vertices: 100 edges 166 colors_table: () bestIndex: 0 seed: 1153421116
0.27
nthreads: 1 colors: 4 vertices: 100 edges 166 colors_table: () bestIndex: 0 seed: 1153421118
0.28
nthreads: 1 colors: 4 vertices: 100 edges 166 colors_table: () bestIndex: 0 seed: 1153421119
0.28
nthreads: 1 colors: 4 vertices: 100 edges 166 colors_table: () bestIndex: 0 seed: 1153421120
0.28
nthreads: 1 colors: 4 vertices: 100 edges 166 colors_table: () bestIndex: 0 seed: 1153421122
0.28
nthreads: 1 colors: 4 vertices: 100 edges 166 colors_table: () bestIndex: 0 seed: 1153421123
0.29
nthreads: 1 colors: 4 vertices: 100 edges 166 colors_table: () bestIndex: 0 seed: 1153421124
0.28
nthreads: 1 colors: 4 vertices: 100 edges 166 colors_table: () bestIndex: 0 seed: 1153421126
0.29
nthreads: 1 colors: 4 vertices: 100 edges 166 colors_table: () bestIndex: 0 seed: 1153421127
0.28
nthreads: 1 colors: 4 vertices: 100 edges 166 colors_table: () bestIndex: 0 seed: 1153421128
0.28
nthreads: 1 colors: 4 vertices: 100 edges 166 colors_table: () bestIndex: 0 seed: 1153421129
0.28
nthreads: 1 colors: 4 vertices: 100 edges 166 colors_table: () bestIndex: 0 seed: 1153421131
0.27
nthreads: 1 colors: 4 vertices: 100 edges 166 colors_table: () bestIndex: 0 seed: 1153421132
0.28
nthreads: 1 colors: 4 vertices: 100 edges 166 colors_table: () bestIndex: 0 seed: 1153421133
0.28
nthreads: 1 colors: 4 vertices: 100 edges 166 colors_table: () bestIndex: 0 seed: 1153421135
0.28
nthreads: 1 colors: 4 vertices: 100 edges 166 colors_table: () bestIndex: 0 seed: 1153421136
0.27
nthreads: 1 colors: 4 vertices: 100 edges 166 colors_table: () bestIndex: 0 seed: 1153421137
0.28
nthreads: 1 colors: 4 vertices: 100 edges 166 colors_table: () bestIndex: 0 seed: 1153421139
0.28
nthreads: 1 colors: 4 vertices: 100 edges 166 colors_table: () bestIndex: 0 seed: 1153421140
0.28
nthreads: 1 colors: 4 vertices: 100 edges 166 colors_table: () bestIndex: 0 seed: 1153421141
0.27
nthreads: 1 colors: 4 vertices: 100 edges 166 colors_table: () bestIndex: 0 seed: 1153421143
0.28
nthreads: 1 colors: 4 vertices: 100 edges 166 colors_table: () bestIndex: 0 seed: 1153421144
0.27
nthreads: 1 colors: 4 vertices: 100 edges 166 colors_table: () bestIndex: 0 seed: 1153421145
0.28
nthreads: 1 colors: 4 vertices: 100 edges 166 colors_table: () bestIndex: 0 seed: 1153421147
0.28
nthreads: 1 colors: 4 vertices: 100 edges 166 colors_table: () bestIndex: 0 seed: 1153421148
0.28
nthreads: 1 colors: 4 vertices: 100 edges 166 colors_table: () bestIndex: 0 seed: 1153421149
0.28
nthreads: 1 colors: 4 vertices: 100 edges 166 colors_table: () bestIndex: 0 seed: 1153421151
0.27
nthreads: 1 colors: 4 vertices: 100 edges 166 colors_table: () bestIndex: 0 seed: 1153421152
0.28
nthreads: 1 colors: 4 vertices: 100 edges 166 colors_table: () bestIndex: 0 seed: 1153421153
0.28
nthreads: 1 colors: 4 vertices: 100 edges 166 colors_table: () bestIndex: 0 seed: 1153421155
0.28
nthreads: 1 colors: 4 vertices: 100 edges 166 colors_table: () bestIndex: 0 seed: 1153421156
0.28
nthreads: 1 colors: 4 vertices: 100 edges 166 colors_table: () bestIndex: 0 seed: 1153421157
0.28
nthreads: 1 colors: 4 vertices: 100 edges 166 colors_table: () bestIndex: 0 seed: 1153421159
0.28
nthreads: 1 colors: 4 vertices: 100 edges 166 colors_table: () bestIndex: 0 seed: 1153421160
0.28
nthreads: 1 colors: 4 vertices: 100 edges 166 colors_table: () bestIndex: 0 seed: 1153421161
0.28
nthreads: 1 colors: 4 vertices: 100 edges 166 colors_table: () bestIndex: 0 seed: 1153421162
0.28
nthreads: 1 colors: 4 vertices: 100 edges 166 colors_table: () bestIndex: 0 seed: 1153421164
0.27
nthreads: 1 colors: 4 vertices: 100 edges 166 colors_table: () bestIndex: 0 seed: 1153421165
0.29
nthreads: 1 colors: 4 vertices: 100 edges 166 colors_table: () bestIndex: 0 seed: 1153421166
0.29
nthreads: 1 colors: 4 vertices: 100 edges 166 colors_table: () bestIndex: 0 seed: 1153421168
0.28
nthreads: 1 colors: 4 vertices: 100 edges 166 colors_table: () bestIndex: 0 seed: 1153421169
0.28
nthreads: 1 colors: 4 vertices: 100 edges 166 colors_table: () bestIndex: 0 seed: 1153421170
0.27
nthreads: 1 colors: 4 vertices: 100 edges 166 colors_table: () bestIndex: 0 seed: 1153421172
0.28
nthreads: 1 colors: 4 vertices: 100 edges 166 colors_table: () bestIndex: 0 seed: 1153421173
0.28
nthreads: 1 colors: 4 vertices: 100 edges 166 colors_table: () bestIndex: 0 seed: 1153421174
0.28
nthreads: 1 colors: 4 vertices: 100 edges 166 colors_table: () bestIndex: 0 seed: 1153421176
0.28
nthreads: 1 colors: 4 vertices: 100 edges 166 colors_table: () bestIndex: 0 seed: 1153421177
0.28
nthreads: 1 colors: 4 vertices: 100 edges 166 colors_table: () bestIndex: 0 seed: 1153421178
0.28
nthreads: 1 colors: 4 vertices: 100 edges 166 colors_table: () bestIndex: 0 seed: 1153421180
0.27
nthreads: 1 colors: 4 vertices: 100 edges 166 colors_table: () bestIndex: 0 seed: 1153421181
0.30
nthreads: 1 colors: 4 vertices: 100 edges 166 colors_table: () bestIndex: 0 seed: 1153421182
0.28
nthreads: 1 colors: 4 vertices: 100 edges 166 colors_table: () bestIndex: 0 seed: 1153421184
0.28
nthreads: 1 colors: 4 vertices: 100 edges 166 colors_table: () bestIndex: 0 seed: 1153421185
0.28
nthreads: 1 colors: 4 vertices: 100 edges 166 colors_table: () bestIndex: 0 seed: 1153421186
0.27
nthreads: 1 colors: 4 vertices: 100 edges 166 colors_table: () bestIndex: 0 seed: 1153421188
0.28
nthreads: 1 colors: 4 vertices: 100 edges 166 colors_table: () bestIndex: 0 seed: 1153421189
0.28
nthreads: 1 colors: 4 vertices: 100 edges 166 colors_table: () bestIndex: 0 seed: 1153421190
0.28
nthreads: 1 colors: 4 vertices: 100 edges 166 colors_table: () bestIndex: 0 seed: 1153421192
0.28
nthreads: 1 colors: 4 vertices: 100 edges 166 colors_table: () bestIndex: 0 seed: 1153421193
0.28
nthreads: 1 colors: 4 vertices: 100 edges 166 colors_table: () bestIndex: 0 seed: 1153421194
0.27
nthreads: 1 colors: 4 vertices: 100 edges 166 colors_table: () bestIndex: 0 seed: 1153421195
0.28
nthreads: 1 colors: 4 vertices: 100 edges 166 colors_table: () bestIndex: 0 seed: 1153421197
0.27
nthreads: 1 colors: 4 vertices: 100 edges 166 colors_table: () bestIndex: 0 seed: 1153421198
0.28
nthreads: 1 colors: 4 vertices: 100 edges 166 colors_table: () bestIndex: 0 seed: 1153421199
0.28
nthreads: 1 colors: 4 vertices: 100 edges 166 colors_table: () bestIndex: 0 seed: 1153421201
0.28
nthreads: 1 colors: 4 vertices: 100 edges 166 colors_table: () bestIndex: 0 seed: 1153421202
0.27
nthreads: 1 colors: 4 vertices: 100 edges 166 colors_table: () bestIndex: 0 seed: 1153421203
0.27
nthreads: 1 colors: 4 vertices: 100 edges 166 colors_table: () bestIndex: 0 seed: 1153421205
0.28
nthreads: 1 colors: 4 vertices: 100 edges 166 colors_table: () bestIndex: 0 seed: 1153421206
0.28
