mulsol.i.5.col.b n_loops: 100 n_threads: 1
Thu Jul 20 16:51:36 EDT 2006 /home/thanhvu/nfs/Classic/1225_SameAsPATCHONLY_w_somechangestoprintSol/log_dir//1153380225/mulsol.i.5.col.b_1153428696.log
Single cedf232c677ebdd3c298dee92578679f /home/thanhvu/nfs/Classic/1225_SameAsPATCHONLY_w_somechangestoprintSol/a.out
nthreads: 1 colors: 31 vertices: 186 edges 3973 colors_table: () bestIndex: 0 seed: 1153428696
5.08
nthreads: 1 colors: 31 vertices: 186 edges 3973 colors_table: () bestIndex: 0 seed: 1153428702
4.41
nthreads: 1 colors: 31 vertices: 186 edges 3973 colors_table: () bestIndex: 0 seed: 1153428708
4.56
nthreads: 1 colors: 31 vertices: 186 edges 3973 colors_table: () bestIndex: 0 seed: 1153428713
5.04
nthreads: 1 colors: 31 vertices: 186 edges 3973 colors_table: () bestIndex: 0 seed: 1153428719
5.22
nthreads: 1 colors: 31 vertices: 186 edges 3973 colors_table: () bestIndex: 0 seed: 1153428725
4.39
nthreads: 1 colors: 31 vertices: 186 edges 3973 colors_table: () bestIndex: 0 seed: 1153428731
5.08
nthreads: 1 colors: 31 vertices: 186 edges 3973 colors_table: () bestIndex: 0 seed: 1153428737
5.07
nthreads: 1 colors: 31 vertices: 186 edges 3973 colors_table: () bestIndex: 0 seed: 1153428743
5.07
nthreads: 1 colors: 31 vertices: 186 edges 3973 colors_table: () bestIndex: 0 seed: 1153428749
4.97
nthreads: 1 colors: 31 vertices: 186 edges 3973 colors_table: () bestIndex: 0 seed: 1153428755
5.11
nthreads: 1 colors: 31 vertices: 186 edges 3973 colors_table: () bestIndex: 0 seed: 1153428761
5.09
nthreads: 1 colors: 31 vertices: 186 edges 3973 colors_table: () bestIndex: 0 seed: 1153428767
4.97
nthreads: 1 colors: 31 vertices: 186 edges 3973 colors_table: () bestIndex: 0 seed: 1153428773
5.14
nthreads: 1 colors: 31 vertices: 186 edges 3973 colors_table: () bestIndex: 0 seed: 1153428779
4.97
nthreads: 1 colors: 31 vertices: 186 edges 3973 colors_table: () bestIndex: 0 seed: 1153428785
4.96
nthreads: 1 colors: 31 vertices: 186 edges 3973 colors_table: () bestIndex: 0 seed: 1153428791
5.14
nthreads: 1 colors: 31 vertices: 186 edges 3973 colors_table: () bestIndex: 0 seed: 1153428798
4.96
nthreads: 1 colors: 31 vertices: 186 edges 3973 colors_table: () bestIndex: 0 seed: 1153428804
5.08
nthreads: 1 colors: 31 vertices: 186 edges 3973 colors_table: () bestIndex: 0 seed: 1153428810
4.44
nthreads: 1 colors: 31 vertices: 186 edges 3973 colors_table: () bestIndex: 0 seed: 1153428815
4.68
nthreads: 1 colors: 31 vertices: 186 edges 3973 colors_table: () bestIndex: 0 seed: 1153428821
4.98
nthreads: 1 colors: 31 vertices: 186 edges 3973 colors_table: () bestIndex: 0 seed: 1153428827
4.96
nthreads: 1 colors: 31 vertices: 186 edges 3973 colors_table: () bestIndex: 0 seed: 1153428833
4.96
nthreads: 1 colors: 31 vertices: 186 edges 3973 colors_table: () bestIndex: 0 seed: 1153428839
4.99
nthreads: 1 colors: 31 vertices: 186 edges 3973 colors_table: () bestIndex: 0 seed: 1153428845
5.08
nthreads: 1 colors: 31 vertices: 186 edges 3973 colors_table: () bestIndex: 0 seed: 1153428851
4.96
nthreads: 1 colors: 31 vertices: 186 edges 3973 colors_table: () bestIndex: 0 seed: 1153428857
5.08
nthreads: 1 colors: 31 vertices: 186 edges 3973 colors_table: () bestIndex: 0 seed: 1153428863
5.07
nthreads: 1 colors: 31 vertices: 186 edges 3973 colors_table: () bestIndex: 0 seed: 1153428869
5.08
nthreads: 1 colors: 31 vertices: 186 edges 3973 colors_table: () bestIndex: 0 seed: 1153428875
5.10
nthreads: 1 colors: 31 vertices: 186 edges 3973 colors_table: () bestIndex: 0 seed: 1153428881
5.08
nthreads: 1 colors: 31 vertices: 186 edges 3973 colors_table: () bestIndex: 0 seed: 1153428887
4.96
nthreads: 1 colors: 31 vertices: 186 edges 3973 colors_table: () bestIndex: 0 seed: 1153428893
5.08
nthreads: 1 colors: 31 vertices: 186 edges 3973 colors_table: () bestIndex: 0 seed: 1153428899
4.95
nthreads: 1 colors: 31 vertices: 186 edges 3973 colors_table: () bestIndex: 0 seed: 1153428905
5.00
nthreads: 1 colors: 31 vertices: 186 edges 3973 colors_table: () bestIndex: 0 seed: 1153428911
4.68
nthreads: 1 colors: 31 vertices: 186 edges 3973 colors_table: () bestIndex: 0 seed: 1153428917
4.74
nthreads: 1 colors: 31 vertices: 186 edges 3973 colors_table: () bestIndex: 0 seed: 1153428923
4.59
nthreads: 1 colors: 31 vertices: 186 edges 3973 colors_table: () bestIndex: 0 seed: 1153428929
4.96
nthreads: 1 colors: 31 vertices: 186 edges 3973 colors_table: () bestIndex: 0 seed: 1153428935
4.97
nthreads: 1 colors: 31 vertices: 186 edges 3973 colors_table: () bestIndex: 0 seed: 1153428941
5.07
nthreads: 1 colors: 31 vertices: 186 edges 3973 colors_table: () bestIndex: 0 seed: 1153428947
5.11
nthreads: 1 colors: 31 vertices: 186 edges 3973 colors_table: () bestIndex: 0 seed: 1153428953
4.96
nthreads: 1 colors: 31 vertices: 186 edges 3973 colors_table: () bestIndex: 0 seed: 1153428959
5.07
nthreads: 1 colors: 31 vertices: 186 edges 3973 colors_table: () bestIndex: 0 seed: 1153428965
4.69
nthreads: 1 colors: 31 vertices: 186 edges 3973 colors_table: () bestIndex: 0 seed: 1153428971
5.10
nthreads: 1 colors: 31 vertices: 186 edges 3973 colors_table: () bestIndex: 0 seed: 1153428977
5.08
nthreads: 1 colors: 31 vertices: 186 edges 3973 colors_table: () bestIndex: 0 seed: 1153428983
4.46
nthreads: 1 colors: 31 vertices: 186 edges 3973 colors_table: () bestIndex: 0 seed: 1153428988
4.41
nthreads: 1 colors: 31 vertices: 186 edges 3973 colors_table: () bestIndex: 0 seed: 1153428994
5.04
nthreads: 1 colors: 31 vertices: 186 edges 3973 colors_table: () bestIndex: 0 seed: 1153429000
5.11
nthreads: 1 colors: 31 vertices: 186 edges 3973 colors_table: () bestIndex: 0 seed: 1153429006
4.68
nthreads: 1 colors: 31 vertices: 186 edges 3973 colors_table: () bestIndex: 0 seed: 1153429012
5.07
nthreads: 1 colors: 31 vertices: 186 edges 3973 colors_table: () bestIndex: 0 seed: 1153429018
5.08
nthreads: 1 colors: 31 vertices: 186 edges 3973 colors_table: () bestIndex: 0 seed: 1153429024
5.08
nthreads: 1 colors: 31 vertices: 186 edges 3973 colors_table: () bestIndex: 0 seed: 1153429030
5.21
nthreads: 1 colors: 31 vertices: 186 edges 3973 colors_table: () bestIndex: 0 seed: 1153429036
4.98
nthreads: 1 colors: 31 vertices: 186 edges 3973 colors_table: () bestIndex: 0 seed: 1153429042
4.96
nthreads: 1 colors: 31 vertices: 186 edges 3973 colors_table: () bestIndex: 0 seed: 1153429048
5.08
nthreads: 1 colors: 31 vertices: 186 edges 3973 colors_table: () bestIndex: 0 seed: 1153429054
5.08
nthreads: 1 colors: 31 vertices: 186 edges 3973 colors_table: () bestIndex: 0 seed: 1153429060
4.97
nthreads: 1 colors: 31 vertices: 186 edges 3973 colors_table: () bestIndex: 0 seed: 1153429066
4.97
nthreads: 1 colors: 31 vertices: 186 edges 3973 colors_table: () bestIndex: 0 seed: 1153429072
5.02
nthreads: 1 colors: 31 vertices: 186 edges 3973 colors_table: () bestIndex: 0 seed: 1153429078
4.48
nthreads: 1 colors: 31 vertices: 186 edges 3973 colors_table: () bestIndex: 0 seed: 1153429084
5.08
nthreads: 1 colors: 31 vertices: 186 edges 3973 colors_table: () bestIndex: 0 seed: 1153429090
4.40
nthreads: 1 colors: 31 vertices: 186 edges 3973 colors_table: () bestIndex: 0 seed: 1153429095
5.07
nthreads: 1 colors: 31 vertices: 186 edges 3973 colors_table: () bestIndex: 0 seed: 1153429101
5.07
nthreads: 1 colors: 31 vertices: 186 edges 3973 colors_table: () bestIndex: 0 seed: 1153429107
4.68
nthreads: 1 colors: 31 vertices: 186 edges 3973 colors_table: () bestIndex: 0 seed: 1153429113
4.76
nthreads: 1 colors: 31 vertices: 186 edges 3973 colors_table: () bestIndex: 0 seed: 1153429119
4.96
nthreads: 1 colors: 31 vertices: 186 edges 3973 colors_table: () bestIndex: 0 seed: 1153429125
4.69
nthreads: 1 colors: 31 vertices: 186 edges 3973 colors_table: () bestIndex: 0 seed: 1153429131
5.17
nthreads: 1 colors: 31 vertices: 186 edges 3973 colors_table: () bestIndex: 0 seed: 1153429137
5.08
nthreads: 1 colors: 31 vertices: 186 edges 3973 colors_table: () bestIndex: 0 seed: 1153429143
4.69
nthreads: 1 colors: 31 vertices: 186 edges 3973 colors_table: () bestIndex: 0 seed: 1153429149
5.08
nthreads: 1 colors: 31 vertices: 186 edges 3973 colors_table: () bestIndex: 0 seed: 1153429155
5.07
nthreads: 1 colors: 31 vertices: 186 edges 3973 colors_table: () bestIndex: 0 seed: 1153429161
5.09
nthreads: 1 colors: 31 vertices: 186 edges 3973 colors_table: () bestIndex: 0 seed: 1153429167
4.97
nthreads: 1 colors: 31 vertices: 186 edges 3973 colors_table: () bestIndex: 0 seed: 1153429173
4.96
nthreads: 1 colors: 31 vertices: 186 edges 3973 colors_table: () bestIndex: 0 seed: 1153429179
5.08
nthreads: 1 colors: 31 vertices: 186 edges 3973 colors_table: () bestIndex: 0 seed: 1153429185
5.08
nthreads: 1 colors: 31 vertices: 186 edges 3973 colors_table: () bestIndex: 0 seed: 1153429191
5.07
nthreads: 1 colors: 31 vertices: 186 edges 3973 colors_table: () bestIndex: 0 seed: 1153429197
5.07
nthreads: 1 colors: 31 vertices: 186 edges 3973 colors_table: () bestIndex: 0 seed: 1153429203
5.08
nthreads: 1 colors: 31 vertices: 186 edges 3973 colors_table: () bestIndex: 0 seed: 1153429209
5.11
nthreads: 1 colors: 31 vertices: 186 edges 3973 colors_table: () bestIndex: 0 seed: 1153429216
4.84
nthreads: 1 colors: 31 vertices: 186 edges 3973 colors_table: () bestIndex: 0 seed: 1153429221
4.68
nthreads: 1 colors: 31 vertices: 186 edges 3973 colors_table: () bestIndex: 0 seed: 1153429227
5.08
nthreads: 1 colors: 31 vertices: 186 edges 3973 colors_table: () bestIndex: 0 seed: 1153429233
5.08
nthreads: 1 colors: 31 vertices: 186 edges 3973 colors_table: () bestIndex: 0 seed: 1153429239
5.01
nthreads: 1 colors: 31 vertices: 186 edges 3973 colors_table: () bestIndex: 0 seed: 1153429245
4.71
nthreads: 1 colors: 31 vertices: 186 edges 3973 colors_table: () bestIndex: 0 seed: 1153429251
5.01
nthreads: 1 colors: 31 vertices: 186 edges 3973 colors_table: () bestIndex: 0 seed: 1153429257
4.96
nthreads: 1 colors: 31 vertices: 186 edges 3973 colors_table: () bestIndex: 0 seed: 1153429263
5.08
nthreads: 1 colors: 31 vertices: 186 edges 3973 colors_table: () bestIndex: 0 seed: 1153429269
4.96
nthreads: 1 colors: 31 vertices: 186 edges 3973 colors_table: () bestIndex: 0 seed: 1153429275
5.05
nthreads: 1 colors: 31 vertices: 186 edges 3973 colors_table: () bestIndex: 0 seed: 1153429281
5.15
nthreads: 1 colors: 31 vertices: 186 edges 3973 colors_table: () bestIndex: 0 seed: 1153429287
5.08
