mulsol.i.4.col.b n_loops: 100 n_threads: 1
Thu Jul 20 16:41:35 EDT 2006 /home/thanhvu/nfs/Classic/1225_SameAsPATCHONLY_w_somechangestoprintSol/log_dir//1153380225/mulsol.i.4.col.b_1153428095.log
Single cedf232c677ebdd3c298dee92578679f /home/thanhvu/nfs/Classic/1225_SameAsPATCHONLY_w_somechangestoprintSol/a.out
nthreads: 1 colors: 31 vertices: 185 edges 3946 colors_table: () bestIndex: 0 seed: 1153428096
5.02
nthreads: 1 colors: 31 vertices: 185 edges 3946 colors_table: () bestIndex: 0 seed: 1153428102
5.02
nthreads: 1 colors: 31 vertices: 185 edges 3946 colors_table: () bestIndex: 0 seed: 1153428108
5.01
nthreads: 1 colors: 31 vertices: 185 edges 3946 colors_table: () bestIndex: 0 seed: 1153428114
4.90
nthreads: 1 colors: 31 vertices: 185 edges 3946 colors_table: () bestIndex: 0 seed: 1153428120
4.98
nthreads: 1 colors: 31 vertices: 185 edges 3946 colors_table: () bestIndex: 0 seed: 1153428126
4.91
nthreads: 1 colors: 31 vertices: 185 edges 3946 colors_table: () bestIndex: 0 seed: 1153428131
4.92
nthreads: 1 colors: 31 vertices: 185 edges 3946 colors_table: () bestIndex: 0 seed: 1153428137
5.02
nthreads: 1 colors: 31 vertices: 185 edges 3946 colors_table: () bestIndex: 0 seed: 1153428143
5.05
nthreads: 1 colors: 31 vertices: 185 edges 3946 colors_table: () bestIndex: 0 seed: 1153428149
4.92
nthreads: 1 colors: 31 vertices: 185 edges 3946 colors_table: () bestIndex: 0 seed: 1153428155
5.01
nthreads: 1 colors: 31 vertices: 185 edges 3946 colors_table: () bestIndex: 0 seed: 1153428161
5.07
nthreads: 1 colors: 31 vertices: 185 edges 3946 colors_table: () bestIndex: 0 seed: 1153428168
5.04
nthreads: 1 colors: 31 vertices: 185 edges 3946 colors_table: () bestIndex: 0 seed: 1153428174
4.91
nthreads: 1 colors: 31 vertices: 185 edges 3946 colors_table: () bestIndex: 0 seed: 1153428180
4.91
nthreads: 1 colors: 31 vertices: 185 edges 3946 colors_table: () bestIndex: 0 seed: 1153428185
5.02
nthreads: 1 colors: 31 vertices: 185 edges 3946 colors_table: () bestIndex: 0 seed: 1153428191
5.02
nthreads: 1 colors: 31 vertices: 185 edges 3946 colors_table: () bestIndex: 0 seed: 1153428198
4.96
nthreads: 1 colors: 31 vertices: 185 edges 3946 colors_table: () bestIndex: 0 seed: 1153428204
4.90
nthreads: 1 colors: 31 vertices: 185 edges 3946 colors_table: () bestIndex: 0 seed: 1153428209
5.01
nthreads: 1 colors: 31 vertices: 185 edges 3946 colors_table: () bestIndex: 0 seed: 1153428215
5.16
nthreads: 1 colors: 31 vertices: 185 edges 3946 colors_table: () bestIndex: 0 seed: 1153428222
5.00
nthreads: 1 colors: 31 vertices: 185 edges 3946 colors_table: () bestIndex: 0 seed: 1153428228
4.92
nthreads: 1 colors: 31 vertices: 185 edges 3946 colors_table: () bestIndex: 0 seed: 1153428234
4.90
nthreads: 1 colors: 31 vertices: 185 edges 3946 colors_table: () bestIndex: 0 seed: 1153428240
5.02
nthreads: 1 colors: 31 vertices: 185 edges 3946 colors_table: () bestIndex: 0 seed: 1153428246
5.03
nthreads: 1 colors: 31 vertices: 185 edges 3946 colors_table: () bestIndex: 0 seed: 1153428252
4.90
nthreads: 1 colors: 31 vertices: 185 edges 3946 colors_table: () bestIndex: 0 seed: 1153428258
5.02
nthreads: 1 colors: 31 vertices: 185 edges 3946 colors_table: () bestIndex: 0 seed: 1153428264
4.90
nthreads: 1 colors: 31 vertices: 185 edges 3946 colors_table: () bestIndex: 0 seed: 1153428270
5.02
nthreads: 1 colors: 31 vertices: 185 edges 3946 colors_table: () bestIndex: 0 seed: 1153428276
5.02
nthreads: 1 colors: 31 vertices: 185 edges 3946 colors_table: () bestIndex: 0 seed: 1153428282
4.92
nthreads: 1 colors: 31 vertices: 185 edges 3946 colors_table: () bestIndex: 0 seed: 1153428288
5.02
nthreads: 1 colors: 31 vertices: 185 edges 3946 colors_table: () bestIndex: 0 seed: 1153428294
4.90
nthreads: 1 colors: 31 vertices: 185 edges 3946 colors_table: () bestIndex: 0 seed: 1153428299
4.97
nthreads: 1 colors: 31 vertices: 185 edges 3946 colors_table: () bestIndex: 0 seed: 1153428305
5.02
nthreads: 1 colors: 31 vertices: 185 edges 3946 colors_table: () bestIndex: 0 seed: 1153428312
5.02
nthreads: 1 colors: 31 vertices: 185 edges 3946 colors_table: () bestIndex: 0 seed: 1153428318
5.05
nthreads: 1 colors: 31 vertices: 185 edges 3946 colors_table: () bestIndex: 0 seed: 1153428324
5.04
nthreads: 1 colors: 31 vertices: 185 edges 3946 colors_table: () bestIndex: 0 seed: 1153428330
5.01
nthreads: 1 colors: 31 vertices: 185 edges 3946 colors_table: () bestIndex: 0 seed: 1153428336
5.02
nthreads: 1 colors: 31 vertices: 185 edges 3946 colors_table: () bestIndex: 0 seed: 1153428342
5.01
nthreads: 1 colors: 31 vertices: 185 edges 3946 colors_table: () bestIndex: 0 seed: 1153428348
4.90
nthreads: 1 colors: 31 vertices: 185 edges 3946 colors_table: () bestIndex: 0 seed: 1153428354
5.02
nthreads: 1 colors: 31 vertices: 185 edges 3946 colors_table: () bestIndex: 0 seed: 1153428360
5.01
nthreads: 1 colors: 31 vertices: 185 edges 3946 colors_table: () bestIndex: 0 seed: 1153428366
5.01
nthreads: 1 colors: 31 vertices: 185 edges 3946 colors_table: () bestIndex: 0 seed: 1153428372
4.91
nthreads: 1 colors: 31 vertices: 185 edges 3946 colors_table: () bestIndex: 0 seed: 1153428378
4.98
nthreads: 1 colors: 31 vertices: 185 edges 3946 colors_table: () bestIndex: 0 seed: 1153428384
5.03
nthreads: 1 colors: 31 vertices: 185 edges 3946 colors_table: () bestIndex: 0 seed: 1153428390
5.01
nthreads: 1 colors: 31 vertices: 185 edges 3946 colors_table: () bestIndex: 0 seed: 1153428396
4.91
nthreads: 1 colors: 31 vertices: 185 edges 3946 colors_table: () bestIndex: 0 seed: 1153428402
5.02
nthreads: 1 colors: 31 vertices: 185 edges 3946 colors_table: () bestIndex: 0 seed: 1153428408
4.90
nthreads: 1 colors: 31 vertices: 185 edges 3946 colors_table: () bestIndex: 0 seed: 1153428414
4.95
nthreads: 1 colors: 31 vertices: 185 edges 3946 colors_table: () bestIndex: 0 seed: 1153428420
5.02
nthreads: 1 colors: 31 vertices: 185 edges 3946 colors_table: () bestIndex: 0 seed: 1153428426
4.91
nthreads: 1 colors: 31 vertices: 185 edges 3946 colors_table: () bestIndex: 0 seed: 1153428432
5.02
nthreads: 1 colors: 31 vertices: 185 edges 3946 colors_table: () bestIndex: 0 seed: 1153428438
4.93
nthreads: 1 colors: 31 vertices: 185 edges 3946 colors_table: () bestIndex: 0 seed: 1153428444
4.96
nthreads: 1 colors: 31 vertices: 185 edges 3946 colors_table: () bestIndex: 0 seed: 1153428450
5.02
nthreads: 1 colors: 31 vertices: 185 edges 3946 colors_table: () bestIndex: 0 seed: 1153428456
4.93
nthreads: 1 colors: 31 vertices: 185 edges 3946 colors_table: () bestIndex: 0 seed: 1153428462
5.00
nthreads: 1 colors: 31 vertices: 185 edges 3946 colors_table: () bestIndex: 0 seed: 1153428468
4.93
nthreads: 1 colors: 31 vertices: 185 edges 3946 colors_table: () bestIndex: 0 seed: 1153428474
5.01
nthreads: 1 colors: 31 vertices: 185 edges 3946 colors_table: () bestIndex: 0 seed: 1153428480
5.16
nthreads: 1 colors: 31 vertices: 185 edges 3946 colors_table: () bestIndex: 0 seed: 1153428486
5.02
nthreads: 1 colors: 31 vertices: 185 edges 3946 colors_table: () bestIndex: 0 seed: 1153428492
5.06
nthreads: 1 colors: 31 vertices: 185 edges 3946 colors_table: () bestIndex: 0 seed: 1153428498
5.02
nthreads: 1 colors: 31 vertices: 185 edges 3946 colors_table: () bestIndex: 0 seed: 1153428504
4.94
nthreads: 1 colors: 31 vertices: 185 edges 3946 colors_table: () bestIndex: 0 seed: 1153428510
4.90
nthreads: 1 colors: 31 vertices: 185 edges 3946 colors_table: () bestIndex: 0 seed: 1153428516
5.02
nthreads: 1 colors: 31 vertices: 185 edges 3946 colors_table: () bestIndex: 0 seed: 1153428522
4.92
nthreads: 1 colors: 31 vertices: 185 edges 3946 colors_table: () bestIndex: 0 seed: 1153428528
4.90
nthreads: 1 colors: 31 vertices: 185 edges 3946 colors_table: () bestIndex: 0 seed: 1153428534
4.91
nthreads: 1 colors: 31 vertices: 185 edges 3946 colors_table: () bestIndex: 0 seed: 1153428540
5.02
nthreads: 1 colors: 31 vertices: 185 edges 3946 colors_table: () bestIndex: 0 seed: 1153428546
5.07
nthreads: 1 colors: 31 vertices: 185 edges 3946 colors_table: () bestIndex: 0 seed: 1153428552
5.02
nthreads: 1 colors: 31 vertices: 185 edges 3946 colors_table: () bestIndex: 0 seed: 1153428558
4.91
nthreads: 1 colors: 31 vertices: 185 edges 3946 colors_table: () bestIndex: 0 seed: 1153428564
5.03
nthreads: 1 colors: 31 vertices: 185 edges 3946 colors_table: () bestIndex: 0 seed: 1153428570
5.02
nthreads: 1 colors: 31 vertices: 185 edges 3946 colors_table: () bestIndex: 0 seed: 1153428576
5.01
nthreads: 1 colors: 31 vertices: 185 edges 3946 colors_table: () bestIndex: 0 seed: 1153428582
4.90
nthreads: 1 colors: 31 vertices: 185 edges 3946 colors_table: () bestIndex: 0 seed: 1153428588
5.06
nthreads: 1 colors: 31 vertices: 185 edges 3946 colors_table: () bestIndex: 0 seed: 1153428594
4.93
nthreads: 1 colors: 31 vertices: 185 edges 3946 colors_table: () bestIndex: 0 seed: 1153428600
5.02
nthreads: 1 colors: 31 vertices: 185 edges 3946 colors_table: () bestIndex: 0 seed: 1153428606
5.04
nthreads: 1 colors: 31 vertices: 185 edges 3946 colors_table: () bestIndex: 0 seed: 1153428612
4.97
nthreads: 1 colors: 31 vertices: 185 edges 3946 colors_table: () bestIndex: 0 seed: 1153428618
4.91
nthreads: 1 colors: 31 vertices: 185 edges 3946 colors_table: () bestIndex: 0 seed: 1153428624
5.01
nthreads: 1 colors: 31 vertices: 185 edges 3946 colors_table: () bestIndex: 0 seed: 1153428630
5.00
nthreads: 1 colors: 31 vertices: 185 edges 3946 colors_table: () bestIndex: 0 seed: 1153428636
5.05
nthreads: 1 colors: 31 vertices: 185 edges 3946 colors_table: () bestIndex: 0 seed: 1153428642
5.02
nthreads: 1 colors: 31 vertices: 185 edges 3946 colors_table: () bestIndex: 0 seed: 1153428648
4.91
nthreads: 1 colors: 31 vertices: 185 edges 3946 colors_table: () bestIndex: 0 seed: 1153428654
4.91
nthreads: 1 colors: 31 vertices: 185 edges 3946 colors_table: () bestIndex: 0 seed: 1153428660
5.02
nthreads: 1 colors: 31 vertices: 185 edges 3946 colors_table: () bestIndex: 0 seed: 1153428666
5.02
nthreads: 1 colors: 31 vertices: 185 edges 3946 colors_table: () bestIndex: 0 seed: 1153428672
4.90
nthreads: 1 colors: 31 vertices: 185 edges 3946 colors_table: () bestIndex: 0 seed: 1153428678
5.02
nthreads: 1 colors: 31 vertices: 185 edges 3946 colors_table: () bestIndex: 0 seed: 1153428684
4.92
nthreads: 1 colors: 31 vertices: 185 edges 3946 colors_table: () bestIndex: 0 seed: 1153428690
5.01
