myciel3.col.b n_loops: 100 n_threads: 1
Thu Jul 20 17:01:34 EDT 2006 /home/thanhvu/nfs/Classic/1225_SameAsPATCHONLY_w_somechangestoprintSol/log_dir//1153380225/myciel3.col.b_1153429293.log
Single cedf232c677ebdd3c298dee92578679f /home/thanhvu/nfs/Classic/1225_SameAsPATCHONLY_w_somechangestoprintSol/a.out
nthreads: 1 colors: 4 vertices: 11 edges 20 colors_table: () bestIndex: 0 seed: 1153429294
0.01
nthreads: 1 colors: 4 vertices: 11 edges 20 colors_table: () bestIndex: 0 seed: 1153429295
0.01
nthreads: 1 colors: 4 vertices: 11 edges 20 colors_table: () bestIndex: 0 seed: 1153429296
0.01
nthreads: 1 colors: 4 vertices: 11 edges 20 colors_table: () bestIndex: 0 seed: 1153429297
0.01
nthreads: 1 colors: 4 vertices: 11 edges 20 colors_table: () bestIndex: 0 seed: 1153429298
0.01
nthreads: 1 colors: 4 vertices: 11 edges 20 colors_table: () bestIndex: 0 seed: 1153429299
0.01
nthreads: 1 colors: 4 vertices: 11 edges 20 colors_table: () bestIndex: 0 seed: 1153429300
0.01
nthreads: 1 colors: 4 vertices: 11 edges 20 colors_table: () bestIndex: 0 seed: 1153429301
0.01
nthreads: 1 colors: 4 vertices: 11 edges 20 colors_table: () bestIndex: 0 seed: 1153429302
0.01
nthreads: 1 colors: 4 vertices: 11 edges 20 colors_table: () bestIndex: 0 seed: 1153429303
0.01
nthreads: 1 colors: 4 vertices: 11 edges 20 colors_table: () bestIndex: 0 seed: 1153429304
0.01
nthreads: 1 colors: 4 vertices: 11 edges 20 colors_table: () bestIndex: 0 seed: 1153429305
0.01
nthreads: 1 colors: 4 vertices: 11 edges 20 colors_table: () bestIndex: 0 seed: 1153429306
0.01
nthreads: 1 colors: 4 vertices: 11 edges 20 colors_table: () bestIndex: 0 seed: 1153429307
0.01
nthreads: 1 colors: 4 vertices: 11 edges 20 colors_table: () bestIndex: 0 seed: 1153429308
0.01
nthreads: 1 colors: 4 vertices: 11 edges 20 colors_table: () bestIndex: 0 seed: 1153429309
0.01
nthreads: 1 colors: 4 vertices: 11 edges 20 colors_table: () bestIndex: 0 seed: 1153429310
0.01
nthreads: 1 colors: 4 vertices: 11 edges 20 colors_table: () bestIndex: 0 seed: 1153429311
0.01
nthreads: 1 colors: 4 vertices: 11 edges 20 colors_table: () bestIndex: 0 seed: 1153429312
0.01
nthreads: 1 colors: 4 vertices: 11 edges 20 colors_table: () bestIndex: 0 seed: 1153429313
0.01
nthreads: 1 colors: 4 vertices: 11 edges 20 colors_table: () bestIndex: 0 seed: 1153429314
0.01
nthreads: 1 colors: 4 vertices: 11 edges 20 colors_table: () bestIndex: 0 seed: 1153429315
0.01
nthreads: 1 colors: 4 vertices: 11 edges 20 colors_table: () bestIndex: 0 seed: 1153429316
0.01
nthreads: 1 colors: 4 vertices: 11 edges 20 colors_table: () bestIndex: 0 seed: 1153429317
0.01
nthreads: 1 colors: 4 vertices: 11 edges 20 colors_table: () bestIndex: 0 seed: 1153429318
0.01
nthreads: 1 colors: 4 vertices: 11 edges 20 colors_table: () bestIndex: 0 seed: 1153429319
0.01
nthreads: 1 colors: 4 vertices: 11 edges 20 colors_table: () bestIndex: 0 seed: 1153429320
0.01
nthreads: 1 colors: 4 vertices: 11 edges 20 colors_table: () bestIndex: 0 seed: 1153429321
0.01
nthreads: 1 colors: 4 vertices: 11 edges 20 colors_table: () bestIndex: 0 seed: 1153429322
0.01
nthreads: 1 colors: 4 vertices: 11 edges 20 colors_table: () bestIndex: 0 seed: 1153429323
0.01
nthreads: 1 colors: 4 vertices: 11 edges 20 colors_table: () bestIndex: 0 seed: 1153429324
0.01
nthreads: 1 colors: 4 vertices: 11 edges 20 colors_table: () bestIndex: 0 seed: 1153429325
0.01
nthreads: 1 colors: 4 vertices: 11 edges 20 colors_table: () bestIndex: 0 seed: 1153429326
0.01
nthreads: 1 colors: 4 vertices: 11 edges 20 colors_table: () bestIndex: 0 seed: 1153429328
0.01
nthreads: 1 colors: 4 vertices: 11 edges 20 colors_table: () bestIndex: 0 seed: 1153429329
0.01
nthreads: 1 colors: 4 vertices: 11 edges 20 colors_table: () bestIndex: 0 seed: 1153429330
0.01
nthreads: 1 colors: 4 vertices: 11 edges 20 colors_table: () bestIndex: 0 seed: 1153429331
0.01
nthreads: 1 colors: 4 vertices: 11 edges 20 colors_table: () bestIndex: 0 seed: 1153429332
0.01
nthreads: 1 colors: 4 vertices: 11 edges 20 colors_table: () bestIndex: 0 seed: 1153429333
0.01
nthreads: 1 colors: 4 vertices: 11 edges 20 colors_table: () bestIndex: 0 seed: 1153429334
0.03
nthreads: 1 colors: 4 vertices: 11 edges 20 colors_table: () bestIndex: 0 seed: 1153429335
0.01
nthreads: 1 colors: 4 vertices: 11 edges 20 colors_table: () bestIndex: 0 seed: 1153429336
0.01
nthreads: 1 colors: 4 vertices: 11 edges 20 colors_table: () bestIndex: 0 seed: 1153429337
0.01
nthreads: 1 colors: 4 vertices: 11 edges 20 colors_table: () bestIndex: 0 seed: 1153429338
0.01
nthreads: 1 colors: 4 vertices: 11 edges 20 colors_table: () bestIndex: 0 seed: 1153429339
0.01
nthreads: 1 colors: 4 vertices: 11 edges 20 colors_table: () bestIndex: 0 seed: 1153429340
0.01
nthreads: 1 colors: 4 vertices: 11 edges 20 colors_table: () bestIndex: 0 seed: 1153429341
0.01
nthreads: 1 colors: 4 vertices: 11 edges 20 colors_table: () bestIndex: 0 seed: 1153429342
0.01
nthreads: 1 colors: 4 vertices: 11 edges 20 colors_table: () bestIndex: 0 seed: 1153429343
0.01
nthreads: 1 colors: 4 vertices: 11 edges 20 colors_table: () bestIndex: 0 seed: 1153429344
0.01
nthreads: 1 colors: 4 vertices: 11 edges 20 colors_table: () bestIndex: 0 seed: 1153429345
0.01
nthreads: 1 colors: 4 vertices: 11 edges 20 colors_table: () bestIndex: 0 seed: 1153429346
0.01
nthreads: 1 colors: 4 vertices: 11 edges 20 colors_table: () bestIndex: 0 seed: 1153429347
0.01
nthreads: 1 colors: 4 vertices: 11 edges 20 colors_table: () bestIndex: 0 seed: 1153429348
0.01
nthreads: 1 colors: 4 vertices: 11 edges 20 colors_table: () bestIndex: 0 seed: 1153429349
0.01
nthreads: 1 colors: 4 vertices: 11 edges 20 colors_table: () bestIndex: 0 seed: 1153429350
0.01
nthreads: 1 colors: 4 vertices: 11 edges 20 colors_table: () bestIndex: 0 seed: 1153429351
0.01
nthreads: 1 colors: 4 vertices: 11 edges 20 colors_table: () bestIndex: 0 seed: 1153429352
0.01
nthreads: 1 colors: 4 vertices: 11 edges 20 colors_table: () bestIndex: 0 seed: 1153429353
0.01
nthreads: 1 colors: 4 vertices: 11 edges 20 colors_table: () bestIndex: 0 seed: 1153429354
0.01
nthreads: 1 colors: 4 vertices: 11 edges 20 colors_table: () bestIndex: 0 seed: 1153429355
0.01
nthreads: 1 colors: 4 vertices: 11 edges 20 colors_table: () bestIndex: 0 seed: 1153429356
0.01
nthreads: 1 colors: 4 vertices: 11 edges 20 colors_table: () bestIndex: 0 seed: 1153429357
0.01
nthreads: 1 colors: 4 vertices: 11 edges 20 colors_table: () bestIndex: 0 seed: 1153429358
0.01
nthreads: 1 colors: 4 vertices: 11 edges 20 colors_table: () bestIndex: 0 seed: 1153429359
0.01
nthreads: 1 colors: 4 vertices: 11 edges 20 colors_table: () bestIndex: 0 seed: 1153429360
0.01
nthreads: 1 colors: 4 vertices: 11 edges 20 colors_table: () bestIndex: 0 seed: 1153429361
0.01
nthreads: 1 colors: 4 vertices: 11 edges 20 colors_table: () bestIndex: 0 seed: 1153429363
0.01
nthreads: 1 colors: 4 vertices: 11 edges 20 colors_table: () bestIndex: 0 seed: 1153429364
0.01
nthreads: 1 colors: 4 vertices: 11 edges 20 colors_table: () bestIndex: 0 seed: 1153429365
0.01
nthreads: 1 colors: 4 vertices: 11 edges 20 colors_table: () bestIndex: 0 seed: 1153429366
0.01
nthreads: 1 colors: 4 vertices: 11 edges 20 colors_table: () bestIndex: 0 seed: 1153429367
0.01
nthreads: 1 colors: 4 vertices: 11 edges 20 colors_table: () bestIndex: 0 seed: 1153429368
0.01
nthreads: 1 colors: 4 vertices: 11 edges 20 colors_table: () bestIndex: 0 seed: 1153429369
0.01
nthreads: 1 colors: 4 vertices: 11 edges 20 colors_table: () bestIndex: 0 seed: 1153429370
0.01
nthreads: 1 colors: 4 vertices: 11 edges 20 colors_table: () bestIndex: 0 seed: 1153429371
0.01
nthreads: 1 colors: 4 vertices: 11 edges 20 colors_table: () bestIndex: 0 seed: 1153429372
0.01
nthreads: 1 colors: 4 vertices: 11 edges 20 colors_table: () bestIndex: 0 seed: 1153429373
0.01
nthreads: 1 colors: 4 vertices: 11 edges 20 colors_table: () bestIndex: 0 seed: 1153429374
0.01
nthreads: 1 colors: 4 vertices: 11 edges 20 colors_table: () bestIndex: 0 seed: 1153429375
0.01
nthreads: 1 colors: 4 vertices: 11 edges 20 colors_table: () bestIndex: 0 seed: 1153429376
0.01
nthreads: 1 colors: 4 vertices: 11 edges 20 colors_table: () bestIndex: 0 seed: 1153429377
0.01
nthreads: 1 colors: 4 vertices: 11 edges 20 colors_table: () bestIndex: 0 seed: 1153429378
0.03
nthreads: 1 colors: 4 vertices: 11 edges 20 colors_table: () bestIndex: 0 seed: 1153429379
0.01
nthreads: 1 colors: 4 vertices: 11 edges 20 colors_table: () bestIndex: 0 seed: 1153429380
0.01
nthreads: 1 colors: 4 vertices: 11 edges 20 colors_table: () bestIndex: 0 seed: 1153429381
0.01
nthreads: 1 colors: 4 vertices: 11 edges 20 colors_table: () bestIndex: 0 seed: 1153429382
0.01
nthreads: 1 colors: 4 vertices: 11 edges 20 colors_table: () bestIndex: 0 seed: 1153429383
0.01
nthreads: 1 colors: 4 vertices: 11 edges 20 colors_table: () bestIndex: 0 seed: 1153429384
0.01
nthreads: 1 colors: 4 vertices: 11 edges 20 colors_table: () bestIndex: 0 seed: 1153429385
0.01
nthreads: 1 colors: 4 vertices: 11 edges 20 colors_table: () bestIndex: 0 seed: 1153429386
0.02
nthreads: 1 colors: 4 vertices: 11 edges 20 colors_table: () bestIndex: 0 seed: 1153429387
0.01
nthreads: 1 colors: 4 vertices: 11 edges 20 colors_table: () bestIndex: 0 seed: 1153429388
0.01
nthreads: 1 colors: 4 vertices: 11 edges 20 colors_table: () bestIndex: 0 seed: 1153429389
0.01
nthreads: 1 colors: 4 vertices: 11 edges 20 colors_table: () bestIndex: 0 seed: 1153429390
0.01
nthreads: 1 colors: 4 vertices: 11 edges 20 colors_table: () bestIndex: 0 seed: 1153429391
0.01
nthreads: 1 colors: 4 vertices: 11 edges 20 colors_table: () bestIndex: 0 seed: 1153429392
0.01
nthreads: 1 colors: 4 vertices: 11 edges 20 colors_table: () bestIndex: 0 seed: 1153429393
0.01
nthreads: 1 colors: 4 vertices: 11 edges 20 colors_table: () bestIndex: 0 seed: 1153429394
0.01
nthreads: 1 colors: 4 vertices: 11 edges 20 colors_table: () bestIndex: 0 seed: 1153429395
0.01
