myciel5.col.b n_loops: 100 n_threads: 1
Thu Jul 20 17:05:00 EDT 2006 /home/thanhvu/nfs/Classic/1225_SameAsPATCHONLY_w_somechangestoprintSol/log_dir//1153380225/myciel5.col.b_1153429500.log
Single cedf232c677ebdd3c298dee92578679f /home/thanhvu/nfs/Classic/1225_SameAsPATCHONLY_w_somechangestoprintSol/a.out
nthreads: 1 colors: 6 vertices: 47 edges 236 colors_table: () bestIndex: 0 seed: 1153429500
0.08
nthreads: 1 colors: 6 vertices: 47 edges 236 colors_table: () bestIndex: 0 seed: 1153429501
0.05
nthreads: 1 colors: 6 vertices: 47 edges 236 colors_table: () bestIndex: 0 seed: 1153429502
0.05
nthreads: 1 colors: 6 vertices: 47 edges 236 colors_table: () bestIndex: 0 seed: 1153429503
0.05
nthreads: 1 colors: 6 vertices: 47 edges 236 colors_table: () bestIndex: 0 seed: 1153429504
0.05
nthreads: 1 colors: 6 vertices: 47 edges 236 colors_table: () bestIndex: 0 seed: 1153429505
0.05
nthreads: 1 colors: 6 vertices: 47 edges 236 colors_table: () bestIndex: 0 seed: 1153429506
0.05
nthreads: 1 colors: 6 vertices: 47 edges 236 colors_table: () bestIndex: 0 seed: 1153429508
0.05
nthreads: 1 colors: 6 vertices: 47 edges 236 colors_table: () bestIndex: 0 seed: 1153429509
0.05
nthreads: 1 colors: 6 vertices: 47 edges 236 colors_table: () bestIndex: 0 seed: 1153429510
0.05
nthreads: 1 colors: 6 vertices: 47 edges 236 colors_table: () bestIndex: 0 seed: 1153429511
0.05
nthreads: 1 colors: 6 vertices: 47 edges 236 colors_table: () bestIndex: 0 seed: 1153429512
0.05
nthreads: 1 colors: 6 vertices: 47 edges 236 colors_table: () bestIndex: 0 seed: 1153429513
0.05
nthreads: 1 colors: 6 vertices: 47 edges 236 colors_table: () bestIndex: 0 seed: 1153429514
0.05
nthreads: 1 colors: 6 vertices: 47 edges 236 colors_table: () bestIndex: 0 seed: 1153429515
0.05
nthreads: 1 colors: 6 vertices: 47 edges 236 colors_table: () bestIndex: 0 seed: 1153429516
0.05
nthreads: 1 colors: 6 vertices: 47 edges 236 colors_table: () bestIndex: 0 seed: 1153429517
0.05
nthreads: 1 colors: 6 vertices: 47 edges 236 colors_table: () bestIndex: 0 seed: 1153429518
0.05
nthreads: 1 colors: 6 vertices: 47 edges 236 colors_table: () bestIndex: 0 seed: 1153429519
0.05
nthreads: 1 colors: 6 vertices: 47 edges 236 colors_table: () bestIndex: 0 seed: 1153429520
0.05
nthreads: 1 colors: 6 vertices: 47 edges 236 colors_table: () bestIndex: 0 seed: 1153429521
0.05
nthreads: 1 colors: 6 vertices: 47 edges 236 colors_table: () bestIndex: 0 seed: 1153429522
0.05
nthreads: 1 colors: 6 vertices: 47 edges 236 colors_table: () bestIndex: 0 seed: 1153429524
0.05
nthreads: 1 colors: 6 vertices: 47 edges 236 colors_table: () bestIndex: 0 seed: 1153429525
0.05
nthreads: 1 colors: 6 vertices: 47 edges 236 colors_table: () bestIndex: 0 seed: 1153429526
0.05
nthreads: 1 colors: 6 vertices: 47 edges 236 colors_table: () bestIndex: 0 seed: 1153429527
0.05
nthreads: 1 colors: 6 vertices: 47 edges 236 colors_table: () bestIndex: 0 seed: 1153429528
0.05
nthreads: 1 colors: 6 vertices: 47 edges 236 colors_table: () bestIndex: 0 seed: 1153429529
0.05
nthreads: 1 colors: 6 vertices: 47 edges 236 colors_table: () bestIndex: 0 seed: 1153429530
0.05
nthreads: 1 colors: 6 vertices: 47 edges 236 colors_table: () bestIndex: 0 seed: 1153429531
0.05
nthreads: 1 colors: 6 vertices: 47 edges 236 colors_table: () bestIndex: 0 seed: 1153429532
0.05
nthreads: 1 colors: 6 vertices: 47 edges 236 colors_table: () bestIndex: 0 seed: 1153429533
0.05
nthreads: 1 colors: 6 vertices: 47 edges 236 colors_table: () bestIndex: 0 seed: 1153429534
0.05
nthreads: 1 colors: 6 vertices: 47 edges 236 colors_table: () bestIndex: 0 seed: 1153429535
0.05
nthreads: 1 colors: 6 vertices: 47 edges 236 colors_table: () bestIndex: 0 seed: 1153429536
0.05
nthreads: 1 colors: 6 vertices: 47 edges 236 colors_table: () bestIndex: 0 seed: 1153429537
0.05
nthreads: 1 colors: 6 vertices: 47 edges 236 colors_table: () bestIndex: 0 seed: 1153429539
0.05
nthreads: 1 colors: 6 vertices: 47 edges 236 colors_table: () bestIndex: 0 seed: 1153429540
0.05
nthreads: 1 colors: 6 vertices: 47 edges 236 colors_table: () bestIndex: 0 seed: 1153429541
0.05
nthreads: 1 colors: 6 vertices: 47 edges 236 colors_table: () bestIndex: 0 seed: 1153429542
0.07
nthreads: 1 colors: 6 vertices: 47 edges 236 colors_table: () bestIndex: 0 seed: 1153429543
0.05
nthreads: 1 colors: 6 vertices: 47 edges 236 colors_table: () bestIndex: 0 seed: 1153429544
0.05
nthreads: 1 colors: 6 vertices: 47 edges 236 colors_table: () bestIndex: 0 seed: 1153429545
0.05
nthreads: 1 colors: 6 vertices: 47 edges 236 colors_table: () bestIndex: 0 seed: 1153429546
0.05
nthreads: 1 colors: 6 vertices: 47 edges 236 colors_table: () bestIndex: 0 seed: 1153429547
0.05
nthreads: 1 colors: 6 vertices: 47 edges 236 colors_table: () bestIndex: 0 seed: 1153429548
0.05
nthreads: 1 colors: 6 vertices: 47 edges 236 colors_table: () bestIndex: 0 seed: 1153429549
0.05
nthreads: 1 colors: 6 vertices: 47 edges 236 colors_table: () bestIndex: 0 seed: 1153429550
0.05
nthreads: 1 colors: 6 vertices: 47 edges 236 colors_table: () bestIndex: 0 seed: 1153429551
0.05
nthreads: 1 colors: 6 vertices: 47 edges 236 colors_table: () bestIndex: 0 seed: 1153429552
0.05
nthreads: 1 colors: 6 vertices: 47 edges 236 colors_table: () bestIndex: 0 seed: 1153429554
0.05
nthreads: 1 colors: 6 vertices: 47 edges 236 colors_table: () bestIndex: 0 seed: 1153429555
0.05
nthreads: 1 colors: 6 vertices: 47 edges 236 colors_table: () bestIndex: 0 seed: 1153429556
0.05
nthreads: 1 colors: 6 vertices: 47 edges 236 colors_table: () bestIndex: 0 seed: 1153429557
0.07
nthreads: 1 colors: 6 vertices: 47 edges 236 colors_table: () bestIndex: 0 seed: 1153429558
0.05
nthreads: 1 colors: 6 vertices: 47 edges 236 colors_table: () bestIndex: 0 seed: 1153429559
0.05
nthreads: 1 colors: 6 vertices: 47 edges 236 colors_table: () bestIndex: 0 seed: 1153429560
0.05
nthreads: 1 colors: 6 vertices: 47 edges 236 colors_table: () bestIndex: 0 seed: 1153429561
0.05
nthreads: 1 colors: 6 vertices: 47 edges 236 colors_table: () bestIndex: 0 seed: 1153429562
0.05
nthreads: 1 colors: 6 vertices: 47 edges 236 colors_table: () bestIndex: 0 seed: 1153429563
0.05
nthreads: 1 colors: 6 vertices: 47 edges 236 colors_table: () bestIndex: 0 seed: 1153429564
0.05
nthreads: 1 colors: 6 vertices: 47 edges 236 colors_table: () bestIndex: 0 seed: 1153429565
0.05
nthreads: 1 colors: 6 vertices: 47 edges 236 colors_table: () bestIndex: 0 seed: 1153429566
0.05
nthreads: 1 colors: 6 vertices: 47 edges 236 colors_table: () bestIndex: 0 seed: 1153429567
0.06
nthreads: 1 colors: 6 vertices: 47 edges 236 colors_table: () bestIndex: 0 seed: 1153429568
0.05
nthreads: 1 colors: 6 vertices: 47 edges 236 colors_table: () bestIndex: 0 seed: 1153429570
0.05
nthreads: 1 colors: 6 vertices: 47 edges 236 colors_table: () bestIndex: 0 seed: 1153429571
0.05
nthreads: 1 colors: 6 vertices: 47 edges 236 colors_table: () bestIndex: 0 seed: 1153429572
0.05
nthreads: 1 colors: 6 vertices: 47 edges 236 colors_table: () bestIndex: 0 seed: 1153429573
0.05
nthreads: 1 colors: 6 vertices: 47 edges 236 colors_table: () bestIndex: 0 seed: 1153429574
0.05
nthreads: 1 colors: 6 vertices: 47 edges 236 colors_table: () bestIndex: 0 seed: 1153429575
0.05
nthreads: 1 colors: 6 vertices: 47 edges 236 colors_table: () bestIndex: 0 seed: 1153429576
0.05
nthreads: 1 colors: 6 vertices: 47 edges 236 colors_table: () bestIndex: 0 seed: 1153429577
0.05
nthreads: 1 colors: 6 vertices: 47 edges 236 colors_table: () bestIndex: 0 seed: 1153429578
0.05
nthreads: 1 colors: 6 vertices: 47 edges 236 colors_table: () bestIndex: 0 seed: 1153429579
0.05
nthreads: 1 colors: 6 vertices: 47 edges 236 colors_table: () bestIndex: 0 seed: 1153429580
0.05
nthreads: 1 colors: 6 vertices: 47 edges 236 colors_table: () bestIndex: 0 seed: 1153429581
0.05
nthreads: 1 colors: 6 vertices: 47 edges 236 colors_table: () bestIndex: 0 seed: 1153429582
0.05
nthreads: 1 colors: 6 vertices: 47 edges 236 colors_table: () bestIndex: 0 seed: 1153429583
0.05
nthreads: 1 colors: 6 vertices: 47 edges 236 colors_table: () bestIndex: 0 seed: 1153429585
0.05
nthreads: 1 colors: 6 vertices: 47 edges 236 colors_table: () bestIndex: 0 seed: 1153429586
0.05
nthreads: 1 colors: 6 vertices: 47 edges 236 colors_table: () bestIndex: 0 seed: 1153429587
0.06
nthreads: 1 colors: 6 vertices: 47 edges 236 colors_table: () bestIndex: 0 seed: 1153429588
0.05
nthreads: 1 colors: 6 vertices: 47 edges 236 colors_table: () bestIndex: 0 seed: 1153429589
0.05
nthreads: 1 colors: 6 vertices: 47 edges 236 colors_table: () bestIndex: 0 seed: 1153429590
0.05
nthreads: 1 colors: 6 vertices: 47 edges 236 colors_table: () bestIndex: 0 seed: 1153429591
0.05
nthreads: 1 colors: 6 vertices: 47 edges 236 colors_table: () bestIndex: 0 seed: 1153429592
0.04
nthreads: 1 colors: 6 vertices: 47 edges 236 colors_table: () bestIndex: 0 seed: 1153429593
0.05
nthreads: 1 colors: 6 vertices: 47 edges 236 colors_table: () bestIndex: 0 seed: 1153429594
0.05
nthreads: 1 colors: 6 vertices: 47 edges 236 colors_table: () bestIndex: 0 seed: 1153429595
0.05
nthreads: 1 colors: 6 vertices: 47 edges 236 colors_table: () bestIndex: 0 seed: 1153429596
0.05
nthreads: 1 colors: 6 vertices: 47 edges 236 colors_table: () bestIndex: 0 seed: 1153429597
0.05
nthreads: 1 colors: 6 vertices: 47 edges 236 colors_table: () bestIndex: 0 seed: 1153429598
0.05
nthreads: 1 colors: 6 vertices: 47 edges 236 colors_table: () bestIndex: 0 seed: 1153429599
0.05
nthreads: 1 colors: 6 vertices: 47 edges 236 colors_table: () bestIndex: 0 seed: 1153429601
0.05
nthreads: 1 colors: 6 vertices: 47 edges 236 colors_table: () bestIndex: 0 seed: 1153429602
0.05
nthreads: 1 colors: 6 vertices: 47 edges 236 colors_table: () bestIndex: 0 seed: 1153429603
0.05
nthreads: 1 colors: 6 vertices: 47 edges 236 colors_table: () bestIndex: 0 seed: 1153429604
0.05
nthreads: 1 colors: 6 vertices: 47 edges 236 colors_table: () bestIndex: 0 seed: 1153429605
0.05
nthreads: 1 colors: 6 vertices: 47 edges 236 colors_table: () bestIndex: 0 seed: 1153429606
0.05
