queen9_9.col.b n_loops: 100 n_threads: 1
Thu Jul 20 17:42:45 EDT 2006 /home/thanhvu/nfs/Classic/1225_SameAsPATCHONLY_w_somechangestoprintSol/log_dir//1153380225/queen9_9.col.b_1153431765.log
Single cedf232c677ebdd3c298dee92578679f /home/thanhvu/nfs/Classic/1225_SameAsPATCHONLY_w_somechangestoprintSol/a.out
nthreads: 1 colors: 10 vertices: 81 edges 1056 colors_table: () bestIndex: 88 seed: 1153431765
0.39
nthreads: 1 colors: 10 vertices: 81 edges 1056 colors_table: () bestIndex: 30 seed: 1153431767
0.33
nthreads: 1 colors: 10 vertices: 81 edges 1056 colors_table: () bestIndex: 33 seed: 1153431768
0.33
nthreads: 1 colors: 10 vertices: 81 edges 1056 colors_table: () bestIndex: 81 seed: 1153431769
0.38
nthreads: 1 colors: 10 vertices: 81 edges 1056 colors_table: () bestIndex: 48 seed: 1153431771
0.35
nthreads: 1 colors: 10 vertices: 81 edges 1056 colors_table: () bestIndex: 22 seed: 1153431772
0.32
nthreads: 1 colors: 10 vertices: 81 edges 1056 colors_table: () bestIndex: 45 seed: 1153431774
0.34
nthreads: 1 colors: 10 vertices: 81 edges 1056 colors_table: () bestIndex: 58 seed: 1153431775
0.36
nthreads: 1 colors: 10 vertices: 81 edges 1056 colors_table: () bestIndex: 42 seed: 1153431776
0.34
nthreads: 1 colors: 10 vertices: 81 edges 1056 colors_table: () bestIndex: 21 seed: 1153431778
0.32
nthreads: 1 colors: 10 vertices: 81 edges 1056 colors_table: () bestIndex: 27 seed: 1153431779
0.31
nthreads: 1 colors: 10 vertices: 81 edges 1056 colors_table: () bestIndex: 27 seed: 1153431780
0.32
nthreads: 1 colors: 10 vertices: 81 edges 1056 colors_table: () bestIndex: 34 seed: 1153431782
0.33
nthreads: 1 colors: 10 vertices: 81 edges 1056 colors_table: () bestIndex: 45 seed: 1153431783
0.34
nthreads: 1 colors: 10 vertices: 81 edges 1056 colors_table: () bestIndex: 32 seed: 1153431784
0.34
nthreads: 1 colors: 10 vertices: 81 edges 1056 colors_table: () bestIndex: 70 seed: 1153431786
0.37
nthreads: 1 colors: 10 vertices: 81 edges 1056 colors_table: () bestIndex: 42 seed: 1153431787
0.35
nthreads: 1 colors: 10 vertices: 81 edges 1056 colors_table: () bestIndex: 22 seed: 1153431788
0.32
nthreads: 1 colors: 10 vertices: 81 edges 1056 colors_table: () bestIndex: 23 seed: 1153431790
0.32
nthreads: 1 colors: 10 vertices: 81 edges 1056 colors_table: () bestIndex: 36 seed: 1153431791
0.34
nthreads: 1 colors: 10 vertices: 81 edges 1056 colors_table: () bestIndex: 46 seed: 1153431793
0.34
nthreads: 1 colors: 10 vertices: 81 edges 1056 colors_table: () bestIndex: 39 seed: 1153431794
0.34
nthreads: 1 colors: 10 vertices: 81 edges 1056 colors_table: () bestIndex: 29 seed: 1153431795
0.32
nthreads: 1 colors: 10 vertices: 81 edges 1056 colors_table: () bestIndex: 34 seed: 1153431797
0.34
nthreads: 1 colors: 10 vertices: 81 edges 1056 colors_table: () bestIndex: 22 seed: 1153431798
0.32
nthreads: 1 colors: 10 vertices: 81 edges 1056 colors_table: () bestIndex: 25 seed: 1153431799
0.33
nthreads: 1 colors: 10 vertices: 81 edges 1056 colors_table: () bestIndex: 28 seed: 1153431801
0.33
nthreads: 1 colors: 10 vertices: 81 edges 1056 colors_table: () bestIndex: 23 seed: 1153431802
0.32
nthreads: 1 colors: 10 vertices: 81 edges 1056 colors_table: () bestIndex: 84 seed: 1153431803
0.38
nthreads: 1 colors: 10 vertices: 81 edges 1056 colors_table: () bestIndex: 29 seed: 1153431805
0.33
nthreads: 1 colors: 10 vertices: 81 edges 1056 colors_table: () bestIndex: 36 seed: 1153431806
0.33
nthreads: 1 colors: 10 vertices: 81 edges 1056 colors_table: () bestIndex: 61 seed: 1153431807
0.36
nthreads: 1 colors: 10 vertices: 81 edges 1056 colors_table: () bestIndex: 51 seed: 1153431809
0.35
nthreads: 1 colors: 10 vertices: 81 edges 1056 colors_table: () bestIndex: 30 seed: 1153431810
0.32
nthreads: 1 colors: 10 vertices: 81 edges 1056 colors_table: () bestIndex: 58 seed: 1153431811
0.36
nthreads: 1 colors: 10 vertices: 81 edges 1056 colors_table: () bestIndex: 26 seed: 1153431813
0.32
nthreads: 1 colors: 10 vertices: 81 edges 1056 colors_table: () bestIndex: 29 seed: 1153431814
0.32
nthreads: 1 colors: 10 vertices: 81 edges 1056 colors_table: () bestIndex: 58 seed: 1153431816
0.37
nthreads: 1 colors: 10 vertices: 81 edges 1056 colors_table: () bestIndex: 36 seed: 1153431817
0.33
nthreads: 1 colors: 10 vertices: 81 edges 1056 colors_table: () bestIndex: 36 seed: 1153431818
0.34
nthreads: 1 colors: 10 vertices: 81 edges 1056 colors_table: () bestIndex: 35 seed: 1153431820
0.34
nthreads: 1 colors: 10 vertices: 81 edges 1056 colors_table: () bestIndex: 88 seed: 1153431821
0.40
nthreads: 1 colors: 10 vertices: 81 edges 1056 colors_table: () bestIndex: 85 seed: 1153431822
0.39
nthreads: 1 colors: 10 vertices: 81 edges 1056 colors_table: () bestIndex: 57 seed: 1153431824
0.37
nthreads: 1 colors: 10 vertices: 81 edges 1056 colors_table: () bestIndex: 28 seed: 1153431825
0.33
nthreads: 1 colors: 10 vertices: 81 edges 1056 colors_table: () bestIndex: 29 seed: 1153431827
0.33
nthreads: 1 colors: 10 vertices: 81 edges 1056 colors_table: () bestIndex: 26 seed: 1153431828
0.32
nthreads: 1 colors: 10 vertices: 81 edges 1056 colors_table: () bestIndex: 26 seed: 1153431829
0.31
nthreads: 1 colors: 10 vertices: 81 edges 1056 colors_table: () bestIndex: 57 seed: 1153431831
0.35
nthreads: 1 colors: 10 vertices: 81 edges 1056 colors_table: () bestIndex: 31 seed: 1153431832
0.33
nthreads: 1 colors: 10 vertices: 81 edges 1056 colors_table: () bestIndex: 42 seed: 1153431833
0.33
nthreads: 1 colors: 10 vertices: 81 edges 1056 colors_table: () bestIndex: 21 seed: 1153431835
0.32
nthreads: 1 colors: 10 vertices: 81 edges 1056 colors_table: () bestIndex: 83 seed: 1153431836
0.39
nthreads: 1 colors: 10 vertices: 81 edges 1056 colors_table: () bestIndex: 25 seed: 1153431837
0.32
nthreads: 1 colors: 10 vertices: 81 edges 1056 colors_table: () bestIndex: 40 seed: 1153431839
0.34
nthreads: 1 colors: 10 vertices: 81 edges 1056 colors_table: () bestIndex: 63 seed: 1153431840
0.37
nthreads: 1 colors: 10 vertices: 81 edges 1056 colors_table: () bestIndex: 45 seed: 1153431842
0.35
nthreads: 1 colors: 10 vertices: 81 edges 1056 colors_table: () bestIndex: 24 seed: 1153431843
0.32
nthreads: 1 colors: 10 vertices: 81 edges 1056 colors_table: () bestIndex: 25 seed: 1153431844
0.32
nthreads: 1 colors: 10 vertices: 81 edges 1056 colors_table: () bestIndex: 21 seed: 1153431846
0.32
nthreads: 1 colors: 10 vertices: 81 edges 1056 colors_table: () bestIndex: 25 seed: 1153431847
0.32
nthreads: 1 colors: 10 vertices: 81 edges 1056 colors_table: () bestIndex: 32 seed: 1153431848
0.33
nthreads: 1 colors: 10 vertices: 81 edges 1056 colors_table: () bestIndex: 25 seed: 1153431850
0.32
nthreads: 1 colors: 10 vertices: 81 edges 1056 colors_table: () bestIndex: 32 seed: 1153431851
0.33
nthreads: 1 colors: 10 vertices: 81 edges 1056 colors_table: () bestIndex: 21 seed: 1153431852
0.32
nthreads: 1 colors: 10 vertices: 81 edges 1056 colors_table: () bestIndex: 51 seed: 1153431854
0.35
nthreads: 1 colors: 10 vertices: 81 edges 1056 colors_table: () bestIndex: 36 seed: 1153431855
0.34
nthreads: 1 colors: 10 vertices: 81 edges 1056 colors_table: () bestIndex: 57 seed: 1153431856
0.36
nthreads: 1 colors: 10 vertices: 81 edges 1056 colors_table: () bestIndex: 24 seed: 1153431858
0.32
nthreads: 1 colors: 10 vertices: 81 edges 1056 colors_table: () bestIndex: 90 seed: 1153431859
0.39
nthreads: 1 colors: 10 vertices: 81 edges 1056 colors_table: () bestIndex: 22 seed: 1153431860
0.32
nthreads: 1 colors: 10 vertices: 81 edges 1056 colors_table: () bestIndex: 24 seed: 1153431862
0.32
nthreads: 1 colors: 10 vertices: 81 edges 1056 colors_table: () bestIndex: 24 seed: 1153431863
0.32
nthreads: 1 colors: 10 vertices: 81 edges 1056 colors_table: () bestIndex: 33 seed: 1153431864
0.32
nthreads: 1 colors: 10 vertices: 81 edges 1056 colors_table: () bestIndex: 59 seed: 1153431866
0.36
nthreads: 1 colors: 10 vertices: 81 edges 1056 colors_table: () bestIndex: 43 seed: 1153431867
0.34
nthreads: 1 colors: 10 vertices: 81 edges 1056 colors_table: () bestIndex: 98 seed: 1153431869
0.40
nthreads: 1 colors: 10 vertices: 81 edges 1056 colors_table: () bestIndex: 31 seed: 1153431870
0.33
nthreads: 1 colors: 10 vertices: 81 edges 1056 colors_table: () bestIndex: 36 seed: 1153431871
0.36
nthreads: 1 colors: 10 vertices: 81 edges 1056 colors_table: () bestIndex: 31 seed: 1153431873
0.33
nthreads: 1 colors: 10 vertices: 81 edges 1056 colors_table: () bestIndex: 23 seed: 1153431874
0.32
nthreads: 1 colors: 10 vertices: 81 edges 1056 colors_table: () bestIndex: 34 seed: 1153431875
0.33
nthreads: 1 colors: 10 vertices: 81 edges 1056 colors_table: () bestIndex: 21 seed: 1153431877
0.31
nthreads: 1 colors: 10 vertices: 81 edges 1056 colors_table: () bestIndex: 21 seed: 1153431878
0.32
nthreads: 1 colors: 10 vertices: 81 edges 1056 colors_table: () bestIndex: 21 seed: 1153431879
0.32
nthreads: 1 colors: 10 vertices: 81 edges 1056 colors_table: () bestIndex: 52 seed: 1153431881
0.35
nthreads: 1 colors: 10 vertices: 81 edges 1056 colors_table: () bestIndex: 46 seed: 1153431882
0.34
nthreads: 1 colors: 10 vertices: 81 edges 1056 colors_table: () bestIndex: 49 seed: 1153431884
0.35
nthreads: 1 colors: 10 vertices: 81 edges 1056 colors_table: () bestIndex: 32 seed: 1153431885
0.33
nthreads: 1 colors: 10 vertices: 81 edges 1056 colors_table: () bestIndex: 25 seed: 1153431886
0.32
nthreads: 1 colors: 10 vertices: 81 edges 1056 colors_table: () bestIndex: 60 seed: 1153431888
0.37
nthreads: 1 colors: 10 vertices: 81 edges 1056 colors_table: () bestIndex: 45 seed: 1153431889
0.35
nthreads: 1 colors: 10 vertices: 81 edges 1056 colors_table: () bestIndex: 40 seed: 1153431890
0.34
nthreads: 1 colors: 10 vertices: 81 edges 1056 colors_table: () bestIndex: 26 seed: 1153431892
0.32
nthreads: 1 colors: 10 vertices: 81 edges 1056 colors_table: () bestIndex: 35 seed: 1153431893
0.33
nthreads: 1 colors: 10 vertices: 81 edges 1056 colors_table: () bestIndex: 21 seed: 1153431894
0.32
nthreads: 1 colors: 10 vertices: 81 edges 1056 colors_table: () bestIndex: 97 seed: 1153431896
0.40
nthreads: 1 colors: 10 vertices: 81 edges 1056 colors_table: () bestIndex: 40 seed: 1153431897
0.34
nthreads: 1 colors: 10 vertices: 81 edges 1056 colors_table: () bestIndex: 44 seed: 1153431899
0.34
nthreads: 1 colors: 10 vertices: 81 edges 1056 colors_table: () bestIndex: 22 seed: 1153431900
0.32
