school1_nsh.col.b n_loops: 100 n_threads: 1
Thu Jul 20 08:03:23 EDT 2006 /home/thanhvu/nfs/Classic/1225_SameAsPATCHONLY_w_somechangestoprintSol/log_dir//1153371616/school1_nsh.col.b_1153397003.log
Single cedf232c677ebdd3c298dee92578679f /home/thanhvu/nfs/Classic/1225_SameAsPATCHONLY_w_somechangestoprintSol/a.out
nthreads: 1 colors: 14 vertices: 352 edges 14612 colors_table: () bestIndex: 7 seed: 1153397004
13.47
nthreads: 1 colors: 14 vertices: 352 edges 14612 colors_table: () bestIndex: 24 seed: 1153397018
13.64
nthreads: 1 colors: 14 vertices: 352 edges 14612 colors_table: () bestIndex: 3 seed: 1153397033
13.49
nthreads: 1 colors: 14 vertices: 352 edges 14612 colors_table: () bestIndex: 6 seed: 1153397047
13.64
nthreads: 1 colors: 14 vertices: 352 edges 14612 colors_table: () bestIndex: 4 seed: 1153397062
13.58
nthreads: 1 colors: 14 vertices: 352 edges 14612 colors_table: () bestIndex: 7 seed: 1153397077
13.44
nthreads: 1 colors: 14 vertices: 352 edges 14612 colors_table: () bestIndex: 8 seed: 1153397091
13.44
nthreads: 1 colors: 14 vertices: 352 edges 14612 colors_table: () bestIndex: 5 seed: 1153397106
13.41
nthreads: 1 colors: 14 vertices: 352 edges 14612 colors_table: () bestIndex: 3 seed: 1153397120
13.63
nthreads: 1 colors: 14 vertices: 352 edges 14612 colors_table: () bestIndex: 3 seed: 1153397135
13.98
nthreads: 1 colors: 14 vertices: 352 edges 14612 colors_table: () bestIndex: 6 seed: 1153397150
13.61
nthreads: 1 colors: 14 vertices: 352 edges 14612 colors_table: () bestIndex: 7 seed: 1153397164
13.64
nthreads: 1 colors: 14 vertices: 352 edges 14612 colors_table: () bestIndex: 2 seed: 1153397179
13.63
nthreads: 1 colors: 14 vertices: 352 edges 14612 colors_table: () bestIndex: 10 seed: 1153397194
13.52
nthreads: 1 colors: 14 vertices: 352 edges 14612 colors_table: () bestIndex: 2 seed: 1153397208
13.38
nthreads: 1 colors: 14 vertices: 352 edges 14612 colors_table: () bestIndex: 5 seed: 1153397223
13.62
nthreads: 1 colors: 14 vertices: 352 edges 14612 colors_table: () bestIndex: 11 seed: 1153397237
14.07
nthreads: 1 colors: 14 vertices: 352 edges 14612 colors_table: () bestIndex: 4 seed: 1153397252
13.84
nthreads: 1 colors: 14 vertices: 352 edges 14612 colors_table: () bestIndex: 3 seed: 1153397267
14.07
nthreads: 1 colors: 14 vertices: 352 edges 14612 colors_table: () bestIndex: 2 seed: 1153397282
13.57
nthreads: 1 colors: 14 vertices: 352 edges 14612 colors_table: () bestIndex: 3 seed: 1153397297
13.39
nthreads: 1 colors: 14 vertices: 352 edges 14612 colors_table: () bestIndex: 4 seed: 1153397311
13.39
nthreads: 1 colors: 14 vertices: 352 edges 14612 colors_table: () bestIndex: 2 seed: 1153397326
13.37
nthreads: 1 colors: 14 vertices: 352 edges 14612 colors_table: () bestIndex: 7 seed: 1153397340
14.54
nthreads: 1 colors: 14 vertices: 352 edges 14612 colors_table: () bestIndex: 3 seed: 1153397356
13.56
nthreads: 1 colors: 14 vertices: 352 edges 14612 colors_table: () bestIndex: 5 seed: 1153397370
13.43
nthreads: 1 colors: 14 vertices: 352 edges 14612 colors_table: () bestIndex: 4 seed: 1153397385
13.38
nthreads: 1 colors: 14 vertices: 352 edges 14612 colors_table: () bestIndex: 3 seed: 1153397399
13.39
nthreads: 1 colors: 14 vertices: 352 edges 14612 colors_table: () bestIndex: 3 seed: 1153397414
13.37
nthreads: 1 colors: 14 vertices: 352 edges 14612 colors_table: () bestIndex: 2 seed: 1153397428
13.37
nthreads: 1 colors: 14 vertices: 352 edges 14612 colors_table: () bestIndex: 5 seed: 1153397443
13.45
nthreads: 1 colors: 14 vertices: 352 edges 14612 colors_table: () bestIndex: 2 seed: 1153397457
13.50
nthreads: 1 colors: 14 vertices: 352 edges 14612 colors_table: () bestIndex: 2 seed: 1153397472
13.38
nthreads: 1 colors: 14 vertices: 352 edges 14612 colors_table: () bestIndex: 3 seed: 1153397486
14.15
nthreads: 1 colors: 14 vertices: 352 edges 14612 colors_table: () bestIndex: 4 seed: 1153397501
13.37
nthreads: 1 colors: 14 vertices: 352 edges 14612 colors_table: () bestIndex: 6 seed: 1153397516
13.47
nthreads: 1 colors: 14 vertices: 352 edges 14612 colors_table: () bestIndex: 4 seed: 1153397530
13.38
nthreads: 1 colors: 14 vertices: 352 edges 14612 colors_table: () bestIndex: 2 seed: 1153397545
13.51
nthreads: 1 colors: 14 vertices: 352 edges 14612 colors_table: () bestIndex: 3 seed: 1153397559
13.58
nthreads: 1 colors: 14 vertices: 352 edges 14612 colors_table: () bestIndex: 4 seed: 1153397574
13.63
nthreads: 1 colors: 14 vertices: 352 edges 14612 colors_table: () bestIndex: 5 seed: 1153397588
14.47
nthreads: 1 colors: 14 vertices: 352 edges 14612 colors_table: () bestIndex: 4 seed: 1153397604
14.00
nthreads: 1 colors: 14 vertices: 352 edges 14612 colors_table: () bestIndex: 42 seed: 1153397619
13.98
nthreads: 1 colors: 14 vertices: 352 edges 14612 colors_table: () bestIndex: 6 seed: 1153397634
13.69
nthreads: 1 colors: 14 vertices: 352 edges 14612 colors_table: () bestIndex: 8 seed: 1153397649
13.46
nthreads: 1 colors: 14 vertices: 352 edges 14612 colors_table: () bestIndex: 8 seed: 1153397663
13.45
nthreads: 1 colors: 14 vertices: 352 edges 14612 colors_table: () bestIndex: 4 seed: 1153397678
13.39
nthreads: 1 colors: 14 vertices: 352 edges 14612 colors_table: () bestIndex: 59 seed: 1153397692
14.27
nthreads: 1 colors: 14 vertices: 352 edges 14612 colors_table: () bestIndex: 16 seed: 1153397707
13.71
nthreads: 1 colors: 14 vertices: 352 edges 14612 colors_table: () bestIndex: 4 seed: 1153397722
13.58
nthreads: 1 colors: 14 vertices: 352 edges 14612 colors_table: () bestIndex: 6 seed: 1153397737
13.39
nthreads: 1 colors: 14 vertices: 352 edges 14612 colors_table: () bestIndex: 2 seed: 1153397751
14.47
nthreads: 1 colors: 14 vertices: 352 edges 14612 colors_table: () bestIndex: 4 seed: 1153397767
13.42
nthreads: 1 colors: 14 vertices: 352 edges 14612 colors_table: () bestIndex: 4 seed: 1153397781
13.58
nthreads: 1 colors: 14 vertices: 352 edges 14612 colors_table: () bestIndex: 9 seed: 1153397796
13.44
nthreads: 1 colors: 14 vertices: 352 edges 14612 colors_table: () bestIndex: 11 seed: 1153397810
13.71
nthreads: 1 colors: 14 vertices: 352 edges 14612 colors_table: () bestIndex: 24 seed: 1153397825
13.68
nthreads: 1 colors: 14 vertices: 352 edges 14612 colors_table: () bestIndex: 12 seed: 1153397840
13.97
nthreads: 1 colors: 14 vertices: 352 edges 14612 colors_table: () bestIndex: 34 seed: 1153397855
14.25
nthreads: 1 colors: 14 vertices: 352 edges 14612 colors_table: () bestIndex: 3 seed: 1153397870
13.43
nthreads: 1 colors: 14 vertices: 352 edges 14612 colors_table: () bestIndex: 3 seed: 1153397885
14.47
nthreads: 1 colors: 14 vertices: 352 edges 14612 colors_table: () bestIndex: 5 seed: 1153397900
13.82
nthreads: 1 colors: 14 vertices: 352 edges 14612 colors_table: () bestIndex: 7 seed: 1153397915
14.54
nthreads: 1 colors: 14 vertices: 352 edges 14612 colors_table: () bestIndex: 10 seed: 1153397931
14.56
nthreads: 1 colors: 14 vertices: 352 edges 14612 colors_table: () bestIndex: 3 seed: 1153397946
13.37
nthreads: 1 colors: 14 vertices: 352 edges 14612 colors_table: () bestIndex: 4 seed: 1153397961
13.82
nthreads: 1 colors: 14 vertices: 352 edges 14612 colors_table: () bestIndex: 7 seed: 1153397975
14.52
nthreads: 1 colors: 14 vertices: 352 edges 14612 colors_table: () bestIndex: 2 seed: 1153397991
13.98
nthreads: 1 colors: 14 vertices: 352 edges 14612 colors_table: () bestIndex: 3 seed: 1153398006
14.17
nthreads: 1 colors: 14 vertices: 352 edges 14612 colors_table: () bestIndex: 6 seed: 1153398021
13.86
nthreads: 1 colors: 14 vertices: 352 edges 14612 colors_table: () bestIndex: 26 seed: 1153398036
13.73
nthreads: 1 colors: 14 vertices: 352 edges 14612 colors_table: () bestIndex: 15 seed: 1153398051
14.17
nthreads: 1 colors: 14 vertices: 352 edges 14612 colors_table: () bestIndex: 15 seed: 1153398066
13.58
nthreads: 1 colors: 14 vertices: 352 edges 14612 colors_table: () bestIndex: 2 seed: 1153398081
13.76
nthreads: 1 colors: 14 vertices: 352 edges 14612 colors_table: () bestIndex: 7 seed: 1153398095
13.59
nthreads: 1 colors: 14 vertices: 352 edges 14612 colors_table: () bestIndex: 4 seed: 1153398110
13.40
nthreads: 1 colors: 14 vertices: 352 edges 14612 colors_table: () bestIndex: 5 seed: 1153398125
13.82
nthreads: 1 colors: 14 vertices: 352 edges 14612 colors_table: () bestIndex: 3 seed: 1153398139
13.44
nthreads: 1 colors: 14 vertices: 352 edges 14612 colors_table: () bestIndex: 14 seed: 1153398154
13.55
nthreads: 1 colors: 14 vertices: 352 edges 14612 colors_table: () bestIndex: 3 seed: 1153398169
13.32
nthreads: 1 colors: 14 vertices: 352 edges 14612 colors_table: () bestIndex: 4 seed: 1153398183
13.40
nthreads: 1 colors: 14 vertices: 352 edges 14612 colors_table: () bestIndex: 3 seed: 1153398197
13.38
nthreads: 1 colors: 14 vertices: 352 edges 14612 colors_table: () bestIndex: 19 seed: 1153398212
14.70
nthreads: 1 colors: 14 vertices: 352 edges 14612 colors_table: () bestIndex: 2 seed: 1153398227
13.54
nthreads: 1 colors: 14 vertices: 352 edges 14612 colors_table: () bestIndex: 47 seed: 1153398242
13.90
nthreads: 1 colors: 14 vertices: 352 edges 14612 colors_table: () bestIndex: 16 seed: 1153398257
13.57
nthreads: 1 colors: 14 vertices: 352 edges 14612 colors_table: () bestIndex: 2 seed: 1153398272
13.37
nthreads: 1 colors: 14 vertices: 352 edges 14612 colors_table: () bestIndex: 3 seed: 1153398286
13.56
nthreads: 1 colors: 14 vertices: 352 edges 14612 colors_table: () bestIndex: 17 seed: 1153398301
13.60
nthreads: 1 colors: 14 vertices: 352 edges 14612 colors_table: () bestIndex: 101 seed: 1153398315
15.79
nthreads: 1 colors: 14 vertices: 352 edges 14612 colors_table: () bestIndex: 8 seed: 1153398332
13.48
nthreads: 1 colors: 14 vertices: 352 edges 14612 colors_table: () bestIndex: 4 seed: 1153398347
13.62
nthreads: 1 colors: 14 vertices: 352 edges 14612 colors_table: () bestIndex: 2 seed: 1153398361
13.37
nthreads: 1 colors: 14 vertices: 352 edges 14612 colors_table: () bestIndex: 9 seed: 1153398376
13.51
nthreads: 1 colors: 14 vertices: 352 edges 14612 colors_table: () bestIndex: 26 seed: 1153398390
13.69
nthreads: 1 colors: 14 vertices: 352 edges 14612 colors_table: () bestIndex: 2 seed: 1153398405
13.37
nthreads: 1 colors: 14 vertices: 352 edges 14612 colors_table: () bestIndex: 2 seed: 1153398419
13.45
nthreads: 1 colors: 14 vertices: 352 edges 14612 colors_table: () bestIndex: 7 seed: 1153398434
13.46
nthreads: 1 colors: 14 vertices: 352 edges 14612 colors_table: () bestIndex: 2 seed: 1153398448
13.44
nthreads: 1 colors: 14 vertices: 352 edges 14612 colors_table: () bestIndex: 8 seed: 1153398463
13.45
