wap01a.col.b n_loops: 100 n_threads: 1
Thu Jul 20 08:27:57 EDT 2006 /home/thanhvu/nfs/Classic/1225_SameAsPATCHONLY_w_somechangestoprintSol/log_dir//1153371616/wap01a.col.b_1153398477.log
Single cedf232c677ebdd3c298dee92578679f /home/thanhvu/nfs/Classic/1225_SameAsPATCHONLY_w_somechangestoprintSol/a.out
nthreads: 1 colors: 43 vertices: 2368 edges 110871 colors_table: () bestIndex: 1058 seed: 1153398478
155.05
nthreads: 1 colors: 44 vertices: 2368 edges 110871 colors_table: () bestIndex: 205 seed: 1153398634
95.49
nthreads: 1 colors: 43 vertices: 2368 edges 110871 colors_table: () bestIndex: 866 seed: 1153398730
144.36
nthreads: 1 colors: 43 vertices: 2368 edges 110871 colors_table: () bestIndex: 730 seed: 1153398876
135.51
nthreads: 1 colors: 43 vertices: 2368 edges 110871 colors_table: () bestIndex: 507 seed: 1153399012
122.73
nthreads: 1 colors: 43 vertices: 2368 edges 110871 colors_table: () bestIndex: 643 seed: 1153399136
130.05
nthreads: 1 colors: 43 vertices: 2368 edges 110871 colors_table: () bestIndex: 1607 seed: 1153399267
185.45
nthreads: 1 colors: 43 vertices: 2368 edges 110871 colors_table: () bestIndex: 466 seed: 1153399453
120.21
nthreads: 1 colors: 43 vertices: 2368 edges 110871 colors_table: () bestIndex: 1249 seed: 1153399575
166.14
nthreads: 1 colors: 43 vertices: 2368 edges 110871 colors_table: () bestIndex: 1016 seed: 1153399742
152.66
nthreads: 1 colors: 43 vertices: 2368 edges 110871 colors_table: () bestIndex: 824 seed: 1153399896
141.53
nthreads: 1 colors: 43 vertices: 2368 edges 110871 colors_table: () bestIndex: 432 seed: 1153400038
117.73
nthreads: 1 colors: 43 vertices: 2368 edges 110871 colors_table: () bestIndex: 799 seed: 1153400157
139.36
nthreads: 1 colors: 43 vertices: 2368 edges 110871 colors_table: () bestIndex: 526 seed: 1153400297
123.75
nthreads: 1 colors: 43 vertices: 2368 edges 110871 colors_table: () bestIndex: 473 seed: 1153400422
120.49
nthreads: 1 colors: 43 vertices: 2368 edges 110871 colors_table: () bestIndex: 439 seed: 1153400544
118.49
nthreads: 1 colors: 43 vertices: 2368 edges 110871 colors_table: () bestIndex: 1302 seed: 1153400663
169.24
nthreads: 1 colors: 43 vertices: 2368 edges 110871 colors_table: () bestIndex: 648 seed: 1153400834
130.63
nthreads: 1 colors: 43 vertices: 2368 edges 110871 colors_table: () bestIndex: 437 seed: 1153400965
118.45
nthreads: 1 colors: 43 vertices: 2368 edges 110871 colors_table: () bestIndex: 556 seed: 1153401085
125.91
nthreads: 1 colors: 43 vertices: 2368 edges 110871 colors_table: () bestIndex: 1608 seed: 1153401212
185.34
nthreads: 1 colors: 43 vertices: 2368 edges 110871 colors_table: () bestIndex: 895 seed: 1153401398
145.66
nthreads: 1 colors: 43 vertices: 2368 edges 110871 colors_table: () bestIndex: 1381 seed: 1153401545
172.81
nthreads: 1 colors: 43 vertices: 2368 edges 110871 colors_table: () bestIndex: 716 seed: 1153401719
134.96
nthreads: 1 colors: 44 vertices: 2368 edges 110871 colors_table: () bestIndex: 340 seed: 1153401855
106.79
nthreads: 1 colors: 43 vertices: 2368 edges 110871 colors_table: () bestIndex: 594 seed: 1153401962
127.78
nthreads: 1 colors: 43 vertices: 2368 edges 110871 colors_table: () bestIndex: 832 seed: 1153402091
141.88
nthreads: 1 colors: 43 vertices: 2368 edges 110871 colors_table: () bestIndex: 982 seed: 1153402234
150.14
nthreads: 1 colors: 44 vertices: 2368 edges 110871 colors_table: () bestIndex: 212 seed: 1153402385
101.94
nthreads: 1 colors: 43 vertices: 2368 edges 110871 colors_table: () bestIndex: 552 seed: 1153402488
125.30
nthreads: 1 colors: 43 vertices: 2368 edges 110871 colors_table: () bestIndex: 334 seed: 1153402615
112.59
nthreads: 1 colors: 43 vertices: 2368 edges 110871 colors_table: () bestIndex: 230 seed: 1153402728
106.50
nthreads: 1 colors: 43 vertices: 2368 edges 110871 colors_table: () bestIndex: 591 seed: 1153402836
127.46
nthreads: 1 colors: 43 vertices: 2368 edges 110871 colors_table: () bestIndex: 884 seed: 1153402964
144.51
nthreads: 1 colors: 43 vertices: 2368 edges 110871 colors_table: () bestIndex: 738 seed: 1153403110
135.65
nthreads: 1 colors: 43 vertices: 2368 edges 110871 colors_table: () bestIndex: 1490 seed: 1153403247
179.95
nthreads: 1 colors: 43 vertices: 2368 edges 110871 colors_table: () bestIndex: 764 seed: 1153403428
137.01
nthreads: 1 colors: 43 vertices: 2368 edges 110871 colors_table: () bestIndex: 640 seed: 1153403566
130.38
nthreads: 1 colors: 43 vertices: 2368 edges 110871 colors_table: () bestIndex: 760 seed: 1153403697
136.70
nthreads: 1 colors: 43 vertices: 2368 edges 110871 colors_table: () bestIndex: 623 seed: 1153403835
129.10
nthreads: 1 colors: 43 vertices: 2368 edges 110871 colors_table: () bestIndex: 667 seed: 1153403965
131.78
nthreads: 1 colors: 43 vertices: 2368 edges 110871 colors_table: () bestIndex: 385 seed: 1153404098
114.92
nthreads: 1 colors: 44 vertices: 2368 edges 110871 colors_table: () bestIndex: 253 seed: 1153404214
104.80
nthreads: 1 colors: 43 vertices: 2368 edges 110871 colors_table: () bestIndex: 513 seed: 1153404320
123.34
nthreads: 1 colors: 43 vertices: 2368 edges 110871 colors_table: () bestIndex: 522 seed: 1153404444
123.38
nthreads: 1 colors: 43 vertices: 2368 edges 110871 colors_table: () bestIndex: 701 seed: 1153404568
133.90
nthreads: 1 colors: 43 vertices: 2368 edges 110871 colors_table: () bestIndex: 721 seed: 1153404703
135.14
nthreads: 1 colors: 43 vertices: 2368 edges 110871 colors_table: () bestIndex: 282 seed: 1153404839
109.82
nthreads: 1 colors: 44 vertices: 2368 edges 110871 colors_table: () bestIndex: 202 seed: 1153404950
101.79
nthreads: 1 colors: 43 vertices: 2368 edges 110871 colors_table: () bestIndex: 554 seed: 1153405053
125.53
nthreads: 1 colors: 43 vertices: 2368 edges 110871 colors_table: () bestIndex: 516 seed: 1153405180
123.02
nthreads: 1 colors: 44 vertices: 2368 edges 110871 colors_table: () bestIndex: 231 seed: 1153405304
103.38
nthreads: 1 colors: 44 vertices: 2368 edges 110871 colors_table: () bestIndex: 210 seed: 1153405408
102.38
nthreads: 1 colors: 44 vertices: 2368 edges 110871 colors_table: () bestIndex: 203 seed: 1153405512
95.24
nthreads: 1 colors: 43 vertices: 2368 edges 110871 colors_table: () bestIndex: 592 seed: 1153405608
127.67
nthreads: 1 colors: 43 vertices: 2368 edges 110871 colors_table: () bestIndex: 513 seed: 1153405737
122.63
nthreads: 1 colors: 43 vertices: 2368 edges 110871 colors_table: () bestIndex: 996 seed: 1153405860
148.67
nthreads: 1 colors: 43 vertices: 2368 edges 110871 colors_table: () bestIndex: 778 seed: 1153406010
138.54
nthreads: 1 colors: 43 vertices: 2368 edges 110871 colors_table: () bestIndex: 791 seed: 1153406150
139.13
nthreads: 1 colors: 43 vertices: 2368 edges 110871 colors_table: () bestIndex: 1158 seed: 1153406290
158.91
nthreads: 1 colors: 43 vertices: 2368 edges 110871 colors_table: () bestIndex: 1159 seed: 1153406450
161.50
nthreads: 1 colors: 43 vertices: 2368 edges 110871 colors_table: () bestIndex: 386 seed: 1153406612
115.22
nthreads: 1 colors: 43 vertices: 2368 edges 110871 colors_table: () bestIndex: 661 seed: 1153406729
131.32
nthreads: 1 colors: 43 vertices: 2368 edges 110871 colors_table: () bestIndex: 669 seed: 1153406861
131.24
nthreads: 1 colors: 43 vertices: 2368 edges 110871 colors_table: () bestIndex: 1000 seed: 1153406993
151.61
nthreads: 1 colors: 43 vertices: 2368 edges 110871 colors_table: () bestIndex: 1415 seed: 1153407146
175.07
nthreads: 1 colors: 43 vertices: 2368 edges 110871 colors_table: () bestIndex: 486 seed: 1153407322
120.87
nthreads: 1 colors: 43 vertices: 2368 edges 110871 colors_table: () bestIndex: 864 seed: 1153407444
144.31
nthreads: 1 colors: 43 vertices: 2368 edges 110871 colors_table: () bestIndex: 525 seed: 1153407589
123.76
nthreads: 1 colors: 44 vertices: 2368 edges 110871 colors_table: () bestIndex: 213 seed: 1153407714
102.14
nthreads: 1 colors: 43 vertices: 2368 edges 110871 colors_table: () bestIndex: 464 seed: 1153407817
120.57
nthreads: 1 colors: 43 vertices: 2368 edges 110871 colors_table: () bestIndex: 312 seed: 1153407939
111.06
nthreads: 1 colors: 43 vertices: 2368 edges 110871 colors_table: () bestIndex: 604 seed: 1153408051
128.18
nthreads: 1 colors: 43 vertices: 2368 edges 110871 colors_table: () bestIndex: 585 seed: 1153408180
126.98
nthreads: 1 colors: 43 vertices: 2368 edges 110871 colors_table: () bestIndex: 1697 seed: 1153408308
192.88
nthreads: 1 colors: 43 vertices: 2368 edges 110871 colors_table: () bestIndex: 813 seed: 1153408502
140.06
nthreads: 1 colors: 44 vertices: 2368 edges 110871 colors_table: () bestIndex: 263 seed: 1153408643
96.14
nthreads: 1 colors: 43 vertices: 2368 edges 110871 colors_table: () bestIndex: 425 seed: 1153408740
118.13
nthreads: 1 colors: 43 vertices: 2368 edges 110871 colors_table: () bestIndex: 458 seed: 1153408860
119.62
nthreads: 1 colors: 43 vertices: 2368 edges 110871 colors_table: () bestIndex: 1624 seed: 1153408980
188.46
nthreads: 1 colors: 43 vertices: 2368 edges 110871 colors_table: () bestIndex: 342 seed: 1153409170
112.85
nthreads: 1 colors: 43 vertices: 2368 edges 110871 colors_table: () bestIndex: 747 seed: 1153409284
136.51
nthreads: 1 colors: 43 vertices: 2368 edges 110871 colors_table: () bestIndex: 255 seed: 1153409421
107.81
nthreads: 1 colors: 43 vertices: 2368 edges 110871 colors_table: () bestIndex: 1422 seed: 1153409530
175.68
nthreads: 1 colors: 43 vertices: 2368 edges 110871 colors_table: () bestIndex: 1731 seed: 1153409707
187.57
nthreads: 1 colors: 43 vertices: 2368 edges 110871 colors_table: () bestIndex: 563 seed: 1153409895
125.86
nthreads: 1 colors: 43 vertices: 2368 edges 110871 colors_table: () bestIndex: 1176 seed: 1153410022
161.90
nthreads: 1 colors: 43 vertices: 2368 edges 110871 colors_table: () bestIndex: 903 seed: 1153410185
145.87
nthreads: 1 colors: 43 vertices: 2368 edges 110871 colors_table: () bestIndex: 341 seed: 1153410332
111.54
nthreads: 1 colors: 43 vertices: 2368 edges 110871 colors_table: () bestIndex: 655 seed: 1153410445
131.86
nthreads: 1 colors: 43 vertices: 2368 edges 110871 colors_table: () bestIndex: 391 seed: 1153410578
114.98
nthreads: 1 colors: 43 vertices: 2368 edges 110871 colors_table: () bestIndex: 868 seed: 1153410694
143.24
nthreads: 1 colors: 43 vertices: 2368 edges 110871 colors_table: () bestIndex: 558 seed: 1153410838
125.58
nthreads: 1 colors: 43 vertices: 2368 edges 110871 colors_table: () bestIndex: 1532 seed: 1153410965
183.50
nthreads: 1 colors: 43 vertices: 2368 edges 110871 colors_table: () bestIndex: 1534 seed: 1153411149
179.91
nthreads: 1 colors: 44 vertices: 2368 edges 110871 colors_table: () bestIndex: 272 seed: 1153411330
104.03
nthreads: 1 colors: 43 vertices: 2368 edges 110871 colors_table: () bestIndex: 761 seed: 1153411435
137.18
nthreads: 1 colors: 43 vertices: 2368 edges 110871 colors_table: () bestIndex: 425 seed: 1153411573
118.19
nthreads: 1 colors: 44 vertices: 2368 edges 110871 colors_table: () bestIndex: 278 seed: 1153411693
100.42
nthreads: 1 colors: 43 vertices: 2368 edges 110871 colors_table: () bestIndex: 1170 seed: 1153411794
161.62
