wap06a.col.b n_loops: 100 n_threads: 1
Fri Jul 21 12:31:48 EDT 2006 /home/thanhvu/nfs/Classic/1225_SameAsPATCHONLY_w_somechangestoprintSol/log_dir//1153371616/wap06a.col.b_1153499508.log
Single cedf232c677ebdd3c298dee92578679f /home/thanhvu/nfs/Classic/1225_SameAsPATCHONLY_w_somechangestoprintSol/a.out
nthreads: 1 colors: 43 vertices: 947 edges 43571 colors_table: () bestIndex: 290 seed: 1153499508
56.16
nthreads: 1 colors: 43 vertices: 947 edges 43571 colors_table: () bestIndex: 247 seed: 1153499566
54.65
nthreads: 1 colors: 42 vertices: 947 edges 43571 colors_table: () bestIndex: 1717 seed: 1153499621
101.48
nthreads: 1 colors: 43 vertices: 947 edges 43571 colors_table: () bestIndex: 342 seed: 1153499724
57.66
nthreads: 1 colors: 42 vertices: 947 edges 43571 colors_table: () bestIndex: 592 seed: 1153499782
66.32
nthreads: 1 colors: 43 vertices: 947 edges 43571 colors_table: () bestIndex: 251 seed: 1153499850
54.86
nthreads: 1 colors: 43 vertices: 947 edges 43571 colors_table: () bestIndex: 298 seed: 1153499906
56.30
nthreads: 1 colors: 43 vertices: 947 edges 43571 colors_table: () bestIndex: 293 seed: 1153499963
56.27
nthreads: 1 colors: 43 vertices: 947 edges 43571 colors_table: () bestIndex: 340 seed: 1153500020
57.78
nthreads: 1 colors: 43 vertices: 947 edges 43571 colors_table: () bestIndex: 246 seed: 1153500079
55.04
nthreads: 1 colors: 43 vertices: 947 edges 43571 colors_table: () bestIndex: 256 seed: 1153500135
55.13
nthreads: 1 colors: 43 vertices: 947 edges 43571 colors_table: () bestIndex: 309 seed: 1153500191
57.02
nthreads: 1 colors: 43 vertices: 947 edges 43571 colors_table: () bestIndex: 246 seed: 1153500250
54.79
nthreads: 1 colors: 43 vertices: 947 edges 43571 colors_table: () bestIndex: 292 seed: 1153500305
56.40
nthreads: 1 colors: 43 vertices: 947 edges 43571 colors_table: () bestIndex: 254 seed: 1153500363
54.60
nthreads: 1 colors: 43 vertices: 947 edges 43571 colors_table: () bestIndex: 333 seed: 1153500418
57.81
nthreads: 1 colors: 43 vertices: 947 edges 43571 colors_table: () bestIndex: 290 seed: 1153500477
56.46
nthreads: 1 colors: 42 vertices: 947 edges 43571 colors_table: () bestIndex: 481 seed: 1153500535
63.14
nthreads: 1 colors: 43 vertices: 947 edges 43571 colors_table: () bestIndex: 297 seed: 1153500599
56.44
nthreads: 1 colors: 43 vertices: 947 edges 43571 colors_table: () bestIndex: 345 seed: 1153500656
57.87
nthreads: 1 colors: 43 vertices: 947 edges 43571 colors_table: () bestIndex: 492 seed: 1153500715
62.04
nthreads: 1 colors: 43 vertices: 947 edges 43571 colors_table: () bestIndex: 250 seed: 1153500778
54.83
nthreads: 1 colors: 43 vertices: 947 edges 43571 colors_table: () bestIndex: 317 seed: 1153500834
57.09
nthreads: 1 colors: 43 vertices: 947 edges 43571 colors_table: () bestIndex: 290 seed: 1153500892
56.20
nthreads: 1 colors: 43 vertices: 947 edges 43571 colors_table: () bestIndex: 455 seed: 1153500950
60.90
nthreads: 1 colors: 43 vertices: 947 edges 43571 colors_table: () bestIndex: 242 seed: 1153501012
54.80
nthreads: 1 colors: 42 vertices: 947 edges 43571 colors_table: () bestIndex: 1569 seed: 1153501067
96.92
nthreads: 1 colors: 43 vertices: 947 edges 43571 colors_table: () bestIndex: 529 seed: 1153501165
63.39
nthreads: 1 colors: 43 vertices: 947 edges 43571 colors_table: () bestIndex: 357 seed: 1153501230
58.30
nthreads: 1 colors: 43 vertices: 947 edges 43571 colors_table: () bestIndex: 668 seed: 1153501289
67.66
nthreads: 1 colors: 43 vertices: 947 edges 43571 colors_table: () bestIndex: 309 seed: 1153501358
53.76
nthreads: 1 colors: 43 vertices: 947 edges 43571 colors_table: () bestIndex: 348 seed: 1153501413
58.08
nthreads: 1 colors: 43 vertices: 947 edges 43571 colors_table: () bestIndex: 243 seed: 1153501472
55.10
nthreads: 1 colors: 42 vertices: 947 edges 43571 colors_table: () bestIndex: 1676 seed: 1153501528
100.22
nthreads: 1 colors: 43 vertices: 947 edges 43571 colors_table: () bestIndex: 289 seed: 1153501629
56.07
nthreads: 1 colors: 43 vertices: 947 edges 43571 colors_table: () bestIndex: 283 seed: 1153501686
56.01
nthreads: 1 colors: 43 vertices: 947 edges 43571 colors_table: () bestIndex: 260 seed: 1153501743
55.34
nthreads: 1 colors: 43 vertices: 947 edges 43571 colors_table: () bestIndex: 322 seed: 1153501800
57.10
nthreads: 1 colors: 42 vertices: 947 edges 43571 colors_table: () bestIndex: 736 seed: 1153501858
70.86
nthreads: 1 colors: 43 vertices: 947 edges 43571 colors_table: () bestIndex: 343 seed: 1153501930
57.97
nthreads: 1 colors: 43 vertices: 947 edges 43571 colors_table: () bestIndex: 444 seed: 1153501989
60.92
nthreads: 1 colors: 43 vertices: 947 edges 43571 colors_table: () bestIndex: 321 seed: 1153502051
57.34
nthreads: 1 colors: 43 vertices: 947 edges 43571 colors_table: () bestIndex: 356 seed: 1153502109
58.14
nthreads: 1 colors: 43 vertices: 947 edges 43571 colors_table: () bestIndex: 248 seed: 1153502168
55.13
nthreads: 1 colors: 43 vertices: 947 edges 43571 colors_table: () bestIndex: 242 seed: 1153502225
54.59
nthreads: 1 colors: 43 vertices: 947 edges 43571 colors_table: () bestIndex: 473 seed: 1153502280
61.75
nthreads: 1 colors: 43 vertices: 947 edges 43571 colors_table: () bestIndex: 335 seed: 1153502343
57.63
nthreads: 1 colors: 43 vertices: 947 edges 43571 colors_table: () bestIndex: 249 seed: 1153502402
54.88
nthreads: 1 colors: 42 vertices: 947 edges 43571 colors_table: () bestIndex: 290 seed: 1153502458
57.33
nthreads: 1 colors: 42 vertices: 947 edges 43571 colors_table: () bestIndex: 1542 seed: 1153502516
96.20
nthreads: 1 colors: 42 vertices: 947 edges 43571 colors_table: () bestIndex: 306 seed: 1153502613
57.73
nthreads: 1 colors: 42 vertices: 947 edges 43571 colors_table: () bestIndex: 809 seed: 1153502672
73.42
nthreads: 1 colors: 43 vertices: 947 edges 43571 colors_table: () bestIndex: 253 seed: 1153502746
55.13
nthreads: 1 colors: 43 vertices: 947 edges 43571 colors_table: () bestIndex: 245 seed: 1153502803
55.03
nthreads: 1 colors: 43 vertices: 947 edges 43571 colors_table: () bestIndex: 290 seed: 1153502859
56.22
nthreads: 1 colors: 43 vertices: 947 edges 43571 colors_table: () bestIndex: 323 seed: 1153502916
57.01
nthreads: 1 colors: 43 vertices: 947 edges 43571 colors_table: () bestIndex: 444 seed: 1153502974
61.03
nthreads: 1 colors: 42 vertices: 947 edges 43571 colors_table: () bestIndex: 856 seed: 1153503036
74.83
nthreads: 1 colors: 43 vertices: 947 edges 43571 colors_table: () bestIndex: 242 seed: 1153503112
54.94
nthreads: 1 colors: 43 vertices: 947 edges 43571 colors_table: () bestIndex: 252 seed: 1153503168
55.09
nthreads: 1 colors: 42 vertices: 947 edges 43571 colors_table: () bestIndex: 1690 seed: 1153503224
100.90
nthreads: 1 colors: 43 vertices: 947 edges 43571 colors_table: () bestIndex: 426 seed: 1153503326
60.39
nthreads: 1 colors: 42 vertices: 947 edges 43571 colors_table: () bestIndex: 795 seed: 1153503387
73.03
nthreads: 1 colors: 43 vertices: 947 edges 43571 colors_table: () bestIndex: 257 seed: 1153503462
55.41
nthreads: 1 colors: 43 vertices: 947 edges 43571 colors_table: () bestIndex: 295 seed: 1153503518
56.48
nthreads: 1 colors: 43 vertices: 947 edges 43571 colors_table: () bestIndex: 310 seed: 1153503576
56.57
nthreads: 1 colors: 43 vertices: 947 edges 43571 colors_table: () bestIndex: 324 seed: 1153503633
57.62
nthreads: 1 colors: 43 vertices: 947 edges 43571 colors_table: () bestIndex: 281 seed: 1153503692
55.79
nthreads: 1 colors: 43 vertices: 947 edges 43571 colors_table: () bestIndex: 385 seed: 1153503749
58.94
nthreads: 1 colors: 43 vertices: 947 edges 43571 colors_table: () bestIndex: 300 seed: 1153503809
56.40
nthreads: 1 colors: 42 vertices: 947 edges 43571 colors_table: () bestIndex: 954 seed: 1153503866
77.99
nthreads: 1 colors: 42 vertices: 947 edges 43571 colors_table: () bestIndex: 610 seed: 1153503945
67.12
nthreads: 1 colors: 42 vertices: 947 edges 43571 colors_table: () bestIndex: 524 seed: 1153504013
64.32
nthreads: 1 colors: 42 vertices: 947 edges 43571 colors_table: () bestIndex: 400 seed: 1153504079
60.39
nthreads: 1 colors: 42 vertices: 947 edges 43571 colors_table: () bestIndex: 861 seed: 1153504140
75.02
nthreads: 1 colors: 42 vertices: 947 edges 43571 colors_table: () bestIndex: 1106 seed: 1153504216
82.23
nthreads: 1 colors: 43 vertices: 947 edges 43571 colors_table: () bestIndex: 256 seed: 1153504299
55.29
nthreads: 1 colors: 43 vertices: 947 edges 43571 colors_table: () bestIndex: 291 seed: 1153504356
56.31
nthreads: 1 colors: 43 vertices: 947 edges 43571 colors_table: () bestIndex: 242 seed: 1153504413
54.71
nthreads: 1 colors: 43 vertices: 947 edges 43571 colors_table: () bestIndex: 471 seed: 1153504469
61.68
nthreads: 1 colors: 43 vertices: 947 edges 43571 colors_table: () bestIndex: 352 seed: 1153504532
57.95
nthreads: 1 colors: 43 vertices: 947 edges 43571 colors_table: () bestIndex: 406 seed: 1153504591
59.69
nthreads: 1 colors: 43 vertices: 947 edges 43571 colors_table: () bestIndex: 297 seed: 1153504651
56.07
nthreads: 1 colors: 43 vertices: 947 edges 43571 colors_table: () bestIndex: 430 seed: 1153504708
60.03
nthreads: 1 colors: 43 vertices: 947 edges 43571 colors_table: () bestIndex: 315 seed: 1153504769
56.92
nthreads: 1 colors: 43 vertices: 947 edges 43571 colors_table: () bestIndex: 285 seed: 1153504827
55.79
nthreads: 1 colors: 43 vertices: 947 edges 43571 colors_table: () bestIndex: 302 seed: 1153504884
56.61
nthreads: 1 colors: 43 vertices: 947 edges 43571 colors_table: () bestIndex: 436 seed: 1153504942
60.78
nthreads: 1 colors: 43 vertices: 947 edges 43571 colors_table: () bestIndex: 283 seed: 1153505004
55.80
nthreads: 1 colors: 43 vertices: 947 edges 43571 colors_table: () bestIndex: 276 seed: 1153505061
55.72
nthreads: 1 colors: 43 vertices: 947 edges 43571 colors_table: () bestIndex: 422 seed: 1153505117
60.02
nthreads: 1 colors: 42 vertices: 947 edges 43571 colors_table: () bestIndex: 296 seed: 1153505178
57.30
nthreads: 1 colors: 43 vertices: 947 edges 43571 colors_table: () bestIndex: 296 seed: 1153505237
56.51
nthreads: 1 colors: 43 vertices: 947 edges 43571 colors_table: () bestIndex: 362 seed: 1153505294
58.46
nthreads: 1 colors: 42 vertices: 947 edges 43571 colors_table: () bestIndex: 438 seed: 1153505354
61.77
nthreads: 1 colors: 43 vertices: 947 edges 43571 colors_table: () bestIndex: 305 seed: 1153505417
56.69
nthreads: 1 colors: 43 vertices: 947 edges 43571 colors_table: () bestIndex: 241 seed: 1153505474
54.70
nthreads: 1 colors: 43 vertices: 947 edges 43571 colors_table: () bestIndex: 290 seed: 1153505530
56.04
nthreads: 1 colors: 43 vertices: 947 edges 43571 colors_table: () bestIndex: 245 seed: 1153505587
55.16
nthreads: 1 colors: 43 vertices: 947 edges 43571 colors_table: () bestIndex: 281 seed: 1153505643
55.89
