zeroin.i.3.col.b n_loops: 100 n_threads: 1
Fri Jul 21 12:11:55 EDT 2006 /home/thanhvu/nfs/Classic/1225_SameAsPATCHONLY_w_somechangestoprintSol/log_dir//1153496623/zeroin.i.3.col.b_1153498315.log
Single cedf232c677ebdd3c298dee92578679f /home/thanhvu/nfs/Classic/1225_SameAsPATCHONLY_w_somechangestoprintSol/a.out
nthreads: 1 colors: 30 vertices: 206 edges 3540 colors_table: () bestIndex: 0 seed: 1153498315
6.92
nthreads: 1 colors: 30 vertices: 206 edges 3540 colors_table: () bestIndex: 0 seed: 1153498323
6.70
nthreads: 1 colors: 30 vertices: 206 edges 3540 colors_table: () bestIndex: 0 seed: 1153498331
6.80
nthreads: 1 colors: 30 vertices: 206 edges 3540 colors_table: () bestIndex: 0 seed: 1153498339
6.85
nthreads: 1 colors: 30 vertices: 206 edges 3540 colors_table: () bestIndex: 0 seed: 1153498347
6.70
nthreads: 1 colors: 30 vertices: 206 edges 3540 colors_table: () bestIndex: 0 seed: 1153498354
6.71
nthreads: 1 colors: 30 vertices: 206 edges 3540 colors_table: () bestIndex: 0 seed: 1153498362
6.82
nthreads: 1 colors: 30 vertices: 206 edges 3540 colors_table: () bestIndex: 0 seed: 1153498370
6.85
nthreads: 1 colors: 30 vertices: 206 edges 3540 colors_table: () bestIndex: 0 seed: 1153498378
6.86
nthreads: 1 colors: 30 vertices: 206 edges 3540 colors_table: () bestIndex: 0 seed: 1153498386
6.71
nthreads: 1 colors: 30 vertices: 206 edges 3540 colors_table: () bestIndex: 0 seed: 1153498393
6.69
nthreads: 1 colors: 30 vertices: 206 edges 3540 colors_table: () bestIndex: 0 seed: 1153498401
6.86
nthreads: 1 colors: 30 vertices: 206 edges 3540 colors_table: () bestIndex: 0 seed: 1153498409
6.86
nthreads: 1 colors: 30 vertices: 206 edges 3540 colors_table: () bestIndex: 0 seed: 1153498417
6.86
nthreads: 1 colors: 30 vertices: 206 edges 3540 colors_table: () bestIndex: 0 seed: 1153498425
6.85
nthreads: 1 colors: 30 vertices: 206 edges 3540 colors_table: () bestIndex: 0 seed: 1153498433
6.87
nthreads: 1 colors: 30 vertices: 206 edges 3540 colors_table: () bestIndex: 0 seed: 1153498441
6.89
nthreads: 1 colors: 30 vertices: 206 edges 3540 colors_table: () bestIndex: 0 seed: 1153498448
6.85
nthreads: 1 colors: 30 vertices: 206 edges 3540 colors_table: () bestIndex: 0 seed: 1153498456
6.86
nthreads: 1 colors: 30 vertices: 206 edges 3540 colors_table: () bestIndex: 0 seed: 1153498464
6.27
nthreads: 1 colors: 30 vertices: 206 edges 3540 colors_table: () bestIndex: 0 seed: 1153498472
6.70
nthreads: 1 colors: 30 vertices: 206 edges 3540 colors_table: () bestIndex: 0 seed: 1153498479
6.86
nthreads: 1 colors: 30 vertices: 206 edges 3540 colors_table: () bestIndex: 0 seed: 1153498487
6.87
nthreads: 1 colors: 30 vertices: 206 edges 3540 colors_table: () bestIndex: 0 seed: 1153498495
6.80
nthreads: 1 colors: 30 vertices: 206 edges 3540 colors_table: () bestIndex: 0 seed: 1153498503
6.86
nthreads: 1 colors: 30 vertices: 206 edges 3540 colors_table: () bestIndex: 0 seed: 1153498511
6.70
nthreads: 1 colors: 30 vertices: 206 edges 3540 colors_table: () bestIndex: 0 seed: 1153498518
6.86
nthreads: 1 colors: 30 vertices: 206 edges 3540 colors_table: () bestIndex: 0 seed: 1153498526
6.71
nthreads: 1 colors: 30 vertices: 206 edges 3540 colors_table: () bestIndex: 0 seed: 1153498534
6.87
nthreads: 1 colors: 30 vertices: 206 edges 3540 colors_table: () bestIndex: 0 seed: 1153498542
6.86
nthreads: 1 colors: 30 vertices: 206 edges 3540 colors_table: () bestIndex: 0 seed: 1153498550
6.70
nthreads: 1 colors: 30 vertices: 206 edges 3540 colors_table: () bestIndex: 0 seed: 1153498557
6.71
nthreads: 1 colors: 30 vertices: 206 edges 3540 colors_table: () bestIndex: 0 seed: 1153498565
6.86
nthreads: 1 colors: 30 vertices: 206 edges 3540 colors_table: () bestIndex: 0 seed: 1153498573
6.86
nthreads: 1 colors: 30 vertices: 206 edges 3540 colors_table: () bestIndex: 0 seed: 1153498581
6.91
nthreads: 1 colors: 30 vertices: 206 edges 3540 colors_table: () bestIndex: 0 seed: 1153498589
6.87
nthreads: 1 colors: 30 vertices: 206 edges 3540 colors_table: () bestIndex: 0 seed: 1153498597
6.71
nthreads: 1 colors: 30 vertices: 206 edges 3540 colors_table: () bestIndex: 0 seed: 1153498605
6.88
nthreads: 1 colors: 30 vertices: 206 edges 3540 colors_table: () bestIndex: 0 seed: 1153498612
6.86
nthreads: 1 colors: 30 vertices: 206 edges 3540 colors_table: () bestIndex: 0 seed: 1153498620
6.82
nthreads: 1 colors: 30 vertices: 206 edges 3540 colors_table: () bestIndex: 0 seed: 1153498628
6.86
nthreads: 1 colors: 30 vertices: 206 edges 3540 colors_table: () bestIndex: 0 seed: 1153498636
6.71
nthreads: 1 colors: 30 vertices: 206 edges 3540 colors_table: () bestIndex: 0 seed: 1153498644
6.71
nthreads: 1 colors: 30 vertices: 206 edges 3540 colors_table: () bestIndex: 0 seed: 1153498651
6.70
nthreads: 1 colors: 30 vertices: 206 edges 3540 colors_table: () bestIndex: 0 seed: 1153498659
6.87
nthreads: 1 colors: 30 vertices: 206 edges 3540 colors_table: () bestIndex: 0 seed: 1153498667
6.72
nthreads: 1 colors: 30 vertices: 206 edges 3540 colors_table: () bestIndex: 0 seed: 1153498675
6.85
nthreads: 1 colors: 30 vertices: 206 edges 3540 colors_table: () bestIndex: 0 seed: 1153498683
6.86
nthreads: 1 colors: 30 vertices: 206 edges 3540 colors_table: () bestIndex: 0 seed: 1153498691
6.70
nthreads: 1 colors: 30 vertices: 206 edges 3540 colors_table: () bestIndex: 0 seed: 1153498698
6.86
nthreads: 1 colors: 30 vertices: 206 edges 3540 colors_table: () bestIndex: 0 seed: 1153498706
6.71
nthreads: 1 colors: 30 vertices: 206 edges 3540 colors_table: () bestIndex: 0 seed: 1153498714
6.87
nthreads: 1 colors: 30 vertices: 206 edges 3540 colors_table: () bestIndex: 0 seed: 1153498722
6.76
nthreads: 1 colors: 30 vertices: 206 edges 3540 colors_table: () bestIndex: 0 seed: 1153498730
6.87
nthreads: 1 colors: 30 vertices: 206 edges 3540 colors_table: () bestIndex: 0 seed: 1153498737
6.86
nthreads: 1 colors: 30 vertices: 206 edges 3540 colors_table: () bestIndex: 0 seed: 1153498745
6.87
nthreads: 1 colors: 30 vertices: 206 edges 3540 colors_table: () bestIndex: 0 seed: 1153498753
6.70
nthreads: 1 colors: 30 vertices: 206 edges 3540 colors_table: () bestIndex: 0 seed: 1153498761
6.86
nthreads: 1 colors: 30 vertices: 206 edges 3540 colors_table: () bestIndex: 0 seed: 1153498769
6.89
nthreads: 1 colors: 30 vertices: 206 edges 3540 colors_table: () bestIndex: 0 seed: 1153498777
6.86
nthreads: 1 colors: 30 vertices: 206 edges 3540 colors_table: () bestIndex: 0 seed: 1153498785
6.86
nthreads: 1 colors: 30 vertices: 206 edges 3540 colors_table: () bestIndex: 0 seed: 1153498792
6.71
nthreads: 1 colors: 30 vertices: 206 edges 3540 colors_table: () bestIndex: 0 seed: 1153498800
6.71
nthreads: 1 colors: 30 vertices: 206 edges 3540 colors_table: () bestIndex: 0 seed: 1153498808
6.85
nthreads: 1 colors: 30 vertices: 206 edges 3540 colors_table: () bestIndex: 0 seed: 1153498816
6.73
nthreads: 1 colors: 30 vertices: 206 edges 3540 colors_table: () bestIndex: 0 seed: 1153498824
6.85
nthreads: 1 colors: 30 vertices: 206 edges 3540 colors_table: () bestIndex: 0 seed: 1153498832
6.86
nthreads: 1 colors: 30 vertices: 206 edges 3540 colors_table: () bestIndex: 0 seed: 1153498839
6.86
nthreads: 1 colors: 30 vertices: 206 edges 3540 colors_table: () bestIndex: 0 seed: 1153498847
6.86
nthreads: 1 colors: 30 vertices: 206 edges 3540 colors_table: () bestIndex: 0 seed: 1153498855
6.88
nthreads: 1 colors: 30 vertices: 206 edges 3540 colors_table: () bestIndex: 0 seed: 1153498863
6.86
nthreads: 1 colors: 30 vertices: 206 edges 3540 colors_table: () bestIndex: 0 seed: 1153498871
6.86
nthreads: 1 colors: 30 vertices: 206 edges 3540 colors_table: () bestIndex: 0 seed: 1153498879
6.87
nthreads: 1 colors: 30 vertices: 206 edges 3540 colors_table: () bestIndex: 0 seed: 1153498887
6.71
nthreads: 1 colors: 30 vertices: 206 edges 3540 colors_table: () bestIndex: 0 seed: 1153498894
6.86
nthreads: 1 colors: 30 vertices: 206 edges 3540 colors_table: () bestIndex: 0 seed: 1153498902
6.70
nthreads: 1 colors: 30 vertices: 206 edges 3540 colors_table: () bestIndex: 0 seed: 1153498910
6.71
nthreads: 1 colors: 30 vertices: 206 edges 3540 colors_table: () bestIndex: 0 seed: 1153498918
6.86
nthreads: 1 colors: 30 vertices: 206 edges 3540 colors_table: () bestIndex: 0 seed: 1153498926
6.72
nthreads: 1 colors: 30 vertices: 206 edges 3540 colors_table: () bestIndex: 0 seed: 1153498933
6.85
nthreads: 1 colors: 30 vertices: 206 edges 3540 colors_table: () bestIndex: 0 seed: 1153498941
6.87
nthreads: 1 colors: 30 vertices: 206 edges 3540 colors_table: () bestIndex: 0 seed: 1153498949
6.85
nthreads: 1 colors: 30 vertices: 206 edges 3540 colors_table: () bestIndex: 0 seed: 1153498957
6.86
nthreads: 1 colors: 30 vertices: 206 edges 3540 colors_table: () bestIndex: 0 seed: 1153498965
6.86
nthreads: 1 colors: 30 vertices: 206 edges 3540 colors_table: () bestIndex: 0 seed: 1153498973
6.71
nthreads: 1 colors: 30 vertices: 206 edges 3540 colors_table: () bestIndex: 0 seed: 1153498980
6.79
nthreads: 1 colors: 30 vertices: 206 edges 3540 colors_table: () bestIndex: 0 seed: 1153498988
6.55
nthreads: 1 colors: 30 vertices: 206 edges 3540 colors_table: () bestIndex: 0 seed: 1153498996
6.71
nthreads: 1 colors: 30 vertices: 206 edges 3540 colors_table: () bestIndex: 0 seed: 1153499004
6.86
nthreads: 1 colors: 30 vertices: 206 edges 3540 colors_table: () bestIndex: 0 seed: 1153499011
6.71
nthreads: 1 colors: 30 vertices: 206 edges 3540 colors_table: () bestIndex: 0 seed: 1153499019
6.86
nthreads: 1 colors: 30 vertices: 206 edges 3540 colors_table: () bestIndex: 0 seed: 1153499027
6.86
nthreads: 1 colors: 30 vertices: 206 edges 3540 colors_table: () bestIndex: 0 seed: 1153499035
6.84
nthreads: 1 colors: 30 vertices: 206 edges 3540 colors_table: () bestIndex: 0 seed: 1153499043
6.84
nthreads: 1 colors: 30 vertices: 206 edges 3540 colors_table: () bestIndex: 0 seed: 1153499051
6.86
nthreads: 1 colors: 30 vertices: 206 edges 3540 colors_table: () bestIndex: 0 seed: 1153499059
6.71
nthreads: 1 colors: 30 vertices: 206 edges 3540 colors_table: () bestIndex: 0 seed: 1153499066
6.86
nthreads: 1 colors: 30 vertices: 206 edges 3540 colors_table: () bestIndex: 0 seed: 1153499074
6.82
nthreads: 1 colors: 30 vertices: 206 edges 3540 colors_table: () bestIndex: 0 seed: 1153499082
6.87
nthreads: 1 colors: 30 vertices: 206 edges 3540 colors_table: () bestIndex: 0 seed: 1153499090
6.86
