zeroin.i.2.col.b n_loops: 100 n_threads: 1
Fri Jul 21 11:58:14 EDT 2006 /home/thanhvu/nfs/Classic/1225_SameAsPATCHONLY_w_somechangestoprintSol/log_dir//1153496623/zeroin.i.2.col.b_1153497494.log
Single cedf232c677ebdd3c298dee92578679f /home/thanhvu/nfs/Classic/1225_SameAsPATCHONLY_w_somechangestoprintSol/a.out
nthreads: 1 colors: 30 vertices: 211 edges 3541 colors_table: () bestIndex: 0 seed: 1153497494
7.08
nthreads: 1 colors: 30 vertices: 211 edges 3541 colors_table: () bestIndex: 0 seed: 1153497502
7.07
nthreads: 1 colors: 30 vertices: 211 edges 3541 colors_table: () bestIndex: 0 seed: 1153497510
7.07
nthreads: 1 colors: 30 vertices: 211 edges 3541 colors_table: () bestIndex: 0 seed: 1153497519
7.23
nthreads: 1 colors: 30 vertices: 211 edges 3541 colors_table: () bestIndex: 0 seed: 1153497527
7.14
nthreads: 1 colors: 30 vertices: 211 edges 3541 colors_table: () bestIndex: 0 seed: 1153497535
6.60
nthreads: 1 colors: 30 vertices: 211 edges 3541 colors_table: () bestIndex: 0 seed: 1153497543
7.24
nthreads: 1 colors: 30 vertices: 211 edges 3541 colors_table: () bestIndex: 0 seed: 1153497551
7.07
nthreads: 1 colors: 30 vertices: 211 edges 3541 colors_table: () bestIndex: 0 seed: 1153497559
7.18
nthreads: 1 colors: 30 vertices: 211 edges 3541 colors_table: () bestIndex: 0 seed: 1153497567
7.23
nthreads: 1 colors: 30 vertices: 211 edges 3541 colors_table: () bestIndex: 0 seed: 1153497575
7.23
nthreads: 1 colors: 30 vertices: 211 edges 3541 colors_table: () bestIndex: 0 seed: 1153497584
7.23
nthreads: 1 colors: 30 vertices: 211 edges 3541 colors_table: () bestIndex: 0 seed: 1153497592
7.24
nthreads: 1 colors: 30 vertices: 211 edges 3541 colors_table: () bestIndex: 0 seed: 1153497600
7.24
nthreads: 1 colors: 30 vertices: 211 edges 3541 colors_table: () bestIndex: 0 seed: 1153497608
7.24
nthreads: 1 colors: 30 vertices: 211 edges 3541 colors_table: () bestIndex: 0 seed: 1153497617
7.24
nthreads: 1 colors: 30 vertices: 211 edges 3541 colors_table: () bestIndex: 0 seed: 1153497625
7.24
nthreads: 1 colors: 30 vertices: 211 edges 3541 colors_table: () bestIndex: 0 seed: 1153497633
7.24
nthreads: 1 colors: 30 vertices: 211 edges 3541 colors_table: () bestIndex: 0 seed: 1153497641
7.24
nthreads: 1 colors: 30 vertices: 211 edges 3541 colors_table: () bestIndex: 0 seed: 1153497650
7.24
nthreads: 1 colors: 30 vertices: 211 edges 3541 colors_table: () bestIndex: 0 seed: 1153497658
7.23
nthreads: 1 colors: 30 vertices: 211 edges 3541 colors_table: () bestIndex: 0 seed: 1153497666
7.16
nthreads: 1 colors: 30 vertices: 211 edges 3541 colors_table: () bestIndex: 0 seed: 1153497674
7.22
nthreads: 1 colors: 30 vertices: 211 edges 3541 colors_table: () bestIndex: 0 seed: 1153497683
7.08
nthreads: 1 colors: 30 vertices: 211 edges 3541 colors_table: () bestIndex: 0 seed: 1153497691
7.23
nthreads: 1 colors: 30 vertices: 211 edges 3541 colors_table: () bestIndex: 0 seed: 1153497699
7.23
nthreads: 1 colors: 30 vertices: 211 edges 3541 colors_table: () bestIndex: 0 seed: 1153497707
7.24
nthreads: 1 colors: 30 vertices: 211 edges 3541 colors_table: () bestIndex: 0 seed: 1153497715
7.26
nthreads: 1 colors: 30 vertices: 211 edges 3541 colors_table: () bestIndex: 0 seed: 1153497724
7.09
nthreads: 1 colors: 30 vertices: 211 edges 3541 colors_table: () bestIndex: 0 seed: 1153497732
7.24
nthreads: 1 colors: 30 vertices: 211 edges 3541 colors_table: () bestIndex: 0 seed: 1153497740
7.25
nthreads: 1 colors: 30 vertices: 211 edges 3541 colors_table: () bestIndex: 0 seed: 1153497748
7.19
nthreads: 1 colors: 30 vertices: 211 edges 3541 colors_table: () bestIndex: 0 seed: 1153497757
7.25
nthreads: 1 colors: 30 vertices: 211 edges 3541 colors_table: () bestIndex: 0 seed: 1153497765
7.06
nthreads: 1 colors: 30 vertices: 211 edges 3541 colors_table: () bestIndex: 0 seed: 1153497773
7.23
nthreads: 1 colors: 30 vertices: 211 edges 3541 colors_table: () bestIndex: 0 seed: 1153497781
7.06
nthreads: 1 colors: 30 vertices: 211 edges 3541 colors_table: () bestIndex: 0 seed: 1153497789
7.23
nthreads: 1 colors: 30 vertices: 211 edges 3541 colors_table: () bestIndex: 0 seed: 1153497798
7.25
nthreads: 1 colors: 30 vertices: 211 edges 3541 colors_table: () bestIndex: 0 seed: 1153497806
7.20
nthreads: 1 colors: 30 vertices: 211 edges 3541 colors_table: () bestIndex: 0 seed: 1153497814
7.07
nthreads: 1 colors: 30 vertices: 211 edges 3541 colors_table: () bestIndex: 0 seed: 1153497822
7.07
nthreads: 1 colors: 30 vertices: 211 edges 3541 colors_table: () bestIndex: 0 seed: 1153497830
7.23
nthreads: 1 colors: 30 vertices: 211 edges 3541 colors_table: () bestIndex: 0 seed: 1153497838
7.25
nthreads: 1 colors: 30 vertices: 211 edges 3541 colors_table: () bestIndex: 0 seed: 1153497847
7.24
nthreads: 1 colors: 30 vertices: 211 edges 3541 colors_table: () bestIndex: 0 seed: 1153497855
7.24
nthreads: 1 colors: 30 vertices: 211 edges 3541 colors_table: () bestIndex: 0 seed: 1153497863
7.09
nthreads: 1 colors: 30 vertices: 211 edges 3541 colors_table: () bestIndex: 0 seed: 1153497871
7.11
nthreads: 1 colors: 30 vertices: 211 edges 3541 colors_table: () bestIndex: 0 seed: 1153497879
7.24
nthreads: 1 colors: 30 vertices: 211 edges 3541 colors_table: () bestIndex: 0 seed: 1153497888
7.24
nthreads: 1 colors: 30 vertices: 211 edges 3541 colors_table: () bestIndex: 0 seed: 1153497896
7.24
nthreads: 1 colors: 30 vertices: 211 edges 3541 colors_table: () bestIndex: 0 seed: 1153497904
7.25
nthreads: 1 colors: 30 vertices: 211 edges 3541 colors_table: () bestIndex: 0 seed: 1153497913
7.23
nthreads: 1 colors: 30 vertices: 211 edges 3541 colors_table: () bestIndex: 0 seed: 1153497921
7.24
nthreads: 1 colors: 30 vertices: 211 edges 3541 colors_table: () bestIndex: 0 seed: 1153497929
7.07
nthreads: 1 colors: 30 vertices: 211 edges 3541 colors_table: () bestIndex: 0 seed: 1153497937
7.07
nthreads: 1 colors: 30 vertices: 211 edges 3541 colors_table: () bestIndex: 0 seed: 1153497945
7.23
nthreads: 1 colors: 30 vertices: 211 edges 3541 colors_table: () bestIndex: 0 seed: 1153497953
7.24
nthreads: 1 colors: 30 vertices: 211 edges 3541 colors_table: () bestIndex: 0 seed: 1153497962
7.07
nthreads: 1 colors: 30 vertices: 211 edges 3541 colors_table: () bestIndex: 0 seed: 1153497970
7.24
nthreads: 1 colors: 30 vertices: 211 edges 3541 colors_table: () bestIndex: 0 seed: 1153497978
7.28
nthreads: 1 colors: 30 vertices: 211 edges 3541 colors_table: () bestIndex: 0 seed: 1153497986
7.24
nthreads: 1 colors: 30 vertices: 211 edges 3541 colors_table: () bestIndex: 0 seed: 1153497995
7.22
nthreads: 1 colors: 30 vertices: 211 edges 3541 colors_table: () bestIndex: 0 seed: 1153498003
7.27
nthreads: 1 colors: 30 vertices: 211 edges 3541 colors_table: () bestIndex: 0 seed: 1153498011
7.13
nthreads: 1 colors: 30 vertices: 211 edges 3541 colors_table: () bestIndex: 0 seed: 1153498019
7.24
nthreads: 1 colors: 30 vertices: 211 edges 3541 colors_table: () bestIndex: 0 seed: 1153498028
7.22
nthreads: 1 colors: 30 vertices: 211 edges 3541 colors_table: () bestIndex: 0 seed: 1153498036
7.24
nthreads: 1 colors: 30 vertices: 211 edges 3541 colors_table: () bestIndex: 0 seed: 1153498044
7.23
nthreads: 1 colors: 30 vertices: 211 edges 3541 colors_table: () bestIndex: 0 seed: 1153498052
7.24
nthreads: 1 colors: 30 vertices: 211 edges 3541 colors_table: () bestIndex: 0 seed: 1153498061
7.24
nthreads: 1 colors: 30 vertices: 211 edges 3541 colors_table: () bestIndex: 0 seed: 1153498069
7.24
nthreads: 1 colors: 30 vertices: 211 edges 3541 colors_table: () bestIndex: 0 seed: 1153498077
7.24
nthreads: 1 colors: 30 vertices: 211 edges 3541 colors_table: () bestIndex: 0 seed: 1153498085
7.24
nthreads: 1 colors: 30 vertices: 211 edges 3541 colors_table: () bestIndex: 0 seed: 1153498094
7.24
nthreads: 1 colors: 30 vertices: 211 edges 3541 colors_table: () bestIndex: 0 seed: 1153498102
7.24
nthreads: 1 colors: 30 vertices: 211 edges 3541 colors_table: () bestIndex: 0 seed: 1153498110
7.07
nthreads: 1 colors: 30 vertices: 211 edges 3541 colors_table: () bestIndex: 0 seed: 1153498118
7.23
nthreads: 1 colors: 30 vertices: 211 edges 3541 colors_table: () bestIndex: 0 seed: 1153498126
7.24
nthreads: 1 colors: 30 vertices: 211 edges 3541 colors_table: () bestIndex: 0 seed: 1153498135
7.25
nthreads: 1 colors: 30 vertices: 211 edges 3541 colors_table: () bestIndex: 0 seed: 1153498143
7.24
nthreads: 1 colors: 30 vertices: 211 edges 3541 colors_table: () bestIndex: 0 seed: 1153498151
7.08
nthreads: 1 colors: 30 vertices: 211 edges 3541 colors_table: () bestIndex: 0 seed: 1153498159
7.07
nthreads: 1 colors: 30 vertices: 211 edges 3541 colors_table: () bestIndex: 0 seed: 1153498167
7.23
nthreads: 1 colors: 30 vertices: 211 edges 3541 colors_table: () bestIndex: 0 seed: 1153498176
7.24
nthreads: 1 colors: 30 vertices: 211 edges 3541 colors_table: () bestIndex: 0 seed: 1153498184
7.25
nthreads: 1 colors: 30 vertices: 211 edges 3541 colors_table: () bestIndex: 0 seed: 1153498192
7.25
nthreads: 1 colors: 30 vertices: 211 edges 3541 colors_table: () bestIndex: 0 seed: 1153498200
7.24
nthreads: 1 colors: 30 vertices: 211 edges 3541 colors_table: () bestIndex: 0 seed: 1153498209
7.24
nthreads: 1 colors: 30 vertices: 211 edges 3541 colors_table: () bestIndex: 0 seed: 1153498217
7.24
nthreads: 1 colors: 30 vertices: 211 edges 3541 colors_table: () bestIndex: 0 seed: 1153498225
7.24
nthreads: 1 colors: 30 vertices: 211 edges 3541 colors_table: () bestIndex: 0 seed: 1153498233
6.91
nthreads: 1 colors: 30 vertices: 211 edges 3541 colors_table: () bestIndex: 0 seed: 1153498241
7.08
nthreads: 1 colors: 30 vertices: 211 edges 3541 colors_table: () bestIndex: 0 seed: 1153498250
7.08
nthreads: 1 colors: 30 vertices: 211 edges 3541 colors_table: () bestIndex: 0 seed: 1153498258
7.24
nthreads: 1 colors: 30 vertices: 211 edges 3541 colors_table: () bestIndex: 0 seed: 1153498266
7.07
nthreads: 1 colors: 30 vertices: 211 edges 3541 colors_table: () bestIndex: 0 seed: 1153498274
7.24
nthreads: 1 colors: 30 vertices: 211 edges 3541 colors_table: () bestIndex: 0 seed: 1153498282
7.24
nthreads: 1 colors: 30 vertices: 211 edges 3541 colors_table: () bestIndex: 0 seed: 1153498290
7.24
nthreads: 1 colors: 30 vertices: 211 edges 3541 colors_table: () bestIndex: 0 seed: 1153498299
7.24
nthreads: 1 colors: 30 vertices: 211 edges 3541 colors_table: () bestIndex: 0 seed: 1153498307
7.22
