inithx.i.3.col.b n_loops: 20 n_threads: 1
Sun Dec 25 03:57:14 EST 2005 /home/thanhvu/nfs/Classic/1225_SameAsPATCHONLY_w_somechangestoprintSol/LogGCP20//1135498147/inithx.i.3.col.b_1135501034.log
Single e3308cd38d8c5eb9b3fc1f01b7fcc13b /home/thanhvu/nfs/Classic/1225_SameAsPATCHONLY_w_somechangestoprintSol/a.out
nthreads: 1 colors: 31 vertices: 621 edges 13969 colors_table: () bestIndex: 0 seed: 1135501034
63.73
nthreads: 1 colors: 31 vertices: 621 edges 13969 colors_table: () bestIndex: 0 seed: 1135501099
64.29
nthreads: 1 colors: 31 vertices: 621 edges 13969 colors_table: () bestIndex: 0 seed: 1135501164
64.51
nthreads: 1 colors: 31 vertices: 621 edges 13969 colors_table: () bestIndex: 0 seed: 1135501230
64.39
nthreads: 1 colors: 31 vertices: 621 edges 13969 colors_table: () bestIndex: 0 seed: 1135501295
64.55
nthreads: 1 colors: 31 vertices: 621 edges 13969 colors_table: () bestIndex: 0 seed: 1135501361
64.18
nthreads: 1 colors: 31 vertices: 621 edges 13969 colors_table: () bestIndex: 0 seed: 1135501426
64.58
nthreads: 1 colors: 31 vertices: 621 edges 13969 colors_table: () bestIndex: 0 seed: 1135501492
64.02
nthreads: 1 colors: 31 vertices: 621 edges 13969 colors_table: () bestIndex: 0 seed: 1135501557
63.39
nthreads: 1 colors: 31 vertices: 621 edges 13969 colors_table: () bestIndex: 0 seed: 1135501621
64.18
nthreads: 1 colors: 31 vertices: 621 edges 13969 colors_table: () bestIndex: 0 seed: 1135501686
64.42
nthreads: 1 colors: 31 vertices: 621 edges 13969 colors_table: () bestIndex: 0 seed: 1135501752
64.93
nthreads: 1 colors: 31 vertices: 621 edges 13969 colors_table: () bestIndex: 0 seed: 1135501818
65.14
nthreads: 1 colors: 31 vertices: 621 edges 13969 colors_table: () bestIndex: 0 seed: 1135501884
64.61
nthreads: 1 colors: 31 vertices: 621 edges 13969 colors_table: () bestIndex: 0 seed: 1135501949
64.56
nthreads: 1 colors: 31 vertices: 621 edges 13969 colors_table: () bestIndex: 0 seed: 1135502015
64.39
nthreads: 1 colors: 31 vertices: 621 edges 13969 colors_table: () bestIndex: 0 seed: 1135502080
64.63
nthreads: 1 colors: 31 vertices: 621 edges 13969 colors_table: () bestIndex: 0 seed: 1135502146
63.90
nthreads: 1 colors: 31 vertices: 621 edges 13969 colors_table: () bestIndex: 0 seed: 1135502211
64.64
nthreads: 1 colors: 31 vertices: 621 edges 13969 colors_table: () bestIndex: 0 seed: 1135502277
63.35
