inithx.i.1.col.b n_loops: 20 n_threads: 1
Sun Dec 25 03:09:07 EST 2005 /home/thanhvu/nfs/Classic/1225_SameAsPATCHONLY_w_somechangestoprintSol/LogGCP20//1135498147/inithx.i.1.col.b_1135498147.log
Single e3308cd38d8c5eb9b3fc1f01b7fcc13b /home/thanhvu/nfs/Classic/1225_SameAsPATCHONLY_w_somechangestoprintSol/a.out
nthreads: 1 colors: 54 vertices: 864 edges 18707 colors_table: () bestIndex: 0 seed: 1135498147
77.02
nthreads: 1 colors: 54 vertices: 864 edges 18707 colors_table: () bestIndex: 0 seed: 1135498225
77.46
nthreads: 1 colors: 54 vertices: 864 edges 18707 colors_table: () bestIndex: 0 seed: 1135498303
77.41
nthreads: 1 colors: 54 vertices: 864 edges 18707 colors_table: () bestIndex: 0 seed: 1135498382
77.71
nthreads: 1 colors: 54 vertices: 864 edges 18707 colors_table: () bestIndex: 0 seed: 1135498461
76.74
nthreads: 1 colors: 54 vertices: 864 edges 18707 colors_table: () bestIndex: 0 seed: 1135498538
77.04
nthreads: 1 colors: 54 vertices: 864 edges 18707 colors_table: () bestIndex: 0 seed: 1135498616
76.95
nthreads: 1 colors: 54 vertices: 864 edges 18707 colors_table: () bestIndex: 0 seed: 1135498694
76.55
nthreads: 1 colors: 54 vertices: 864 edges 18707 colors_table: () bestIndex: 0 seed: 1135498772
76.69
nthreads: 1 colors: 54 vertices: 864 edges 18707 colors_table: () bestIndex: 0 seed: 1135498850
76.87
nthreads: 1 colors: 54 vertices: 864 edges 18707 colors_table: () bestIndex: 0 seed: 1135498928
76.86
nthreads: 1 colors: 54 vertices: 864 edges 18707 colors_table: () bestIndex: 0 seed: 1135499006
76.00
nthreads: 1 colors: 54 vertices: 864 edges 18707 colors_table: () bestIndex: 0 seed: 1135499083
76.95
nthreads: 1 colors: 54 vertices: 864 edges 18707 colors_table: () bestIndex: 0 seed: 1135499160
76.03
nthreads: 1 colors: 54 vertices: 864 edges 18707 colors_table: () bestIndex: 0 seed: 1135499238
77.78
nthreads: 1 colors: 54 vertices: 864 edges 18707 colors_table: () bestIndex: 0 seed: 1135499316
77.91
nthreads: 1 colors: 54 vertices: 864 edges 18707 colors_table: () bestIndex: 0 seed: 1135499395
77.64
nthreads: 1 colors: 54 vertices: 864 edges 18707 colors_table: () bestIndex: 0 seed: 1135499474
77.23
nthreads: 1 colors: 54 vertices: 864 edges 18707 colors_table: () bestIndex: 0 seed: 1135499552
77.72
nthreads: 1 colors: 54 vertices: 864 edges 18707 colors_table: () bestIndex: 0 seed: 1135499631
76.81
