inithx.i.2.col.b n_loops: 20 n_threads: 1
Sun Dec 25 03:35:09 EST 2005 /home/thanhvu/nfs/Classic/1225_SameAsPATCHONLY_w_somechangestoprintSol/LogGCP20//1135498147/inithx.i.2.col.b_1135499709.log
Single e3308cd38d8c5eb9b3fc1f01b7fcc13b /home/thanhvu/nfs/Classic/1225_SameAsPATCHONLY_w_somechangestoprintSol/a.out
nthreads: 1 colors: 31 vertices: 645 edges 13979 colors_table: () bestIndex: 0 seed: 1135499709
66.09
nthreads: 1 colors: 31 vertices: 645 edges 13979 colors_table: () bestIndex: 0 seed: 1135499776
64.59
nthreads: 1 colors: 31 vertices: 645 edges 13979 colors_table: () bestIndex: 0 seed: 1135499842
65.60
nthreads: 1 colors: 31 vertices: 645 edges 13979 colors_table: () bestIndex: 0 seed: 1135499908
64.76
nthreads: 1 colors: 31 vertices: 645 edges 13979 colors_table: () bestIndex: 0 seed: 1135499974
65.23
nthreads: 1 colors: 31 vertices: 645 edges 13979 colors_table: () bestIndex: 0 seed: 1135500040
65.59
nthreads: 1 colors: 31 vertices: 645 edges 13979 colors_table: () bestIndex: 0 seed: 1135500107
65.95
nthreads: 1 colors: 31 vertices: 645 edges 13979 colors_table: () bestIndex: 0 seed: 1135500174
64.46
nthreads: 1 colors: 31 vertices: 645 edges 13979 colors_table: () bestIndex: 0 seed: 1135500239
63.89
nthreads: 1 colors: 31 vertices: 645 edges 13979 colors_table: () bestIndex: 0 seed: 1135500304
64.84
nthreads: 1 colors: 31 vertices: 645 edges 13979 colors_table: () bestIndex: 0 seed: 1135500370
63.88
nthreads: 1 colors: 31 vertices: 645 edges 13979 colors_table: () bestIndex: 0 seed: 1135500435
65.53
nthreads: 1 colors: 31 vertices: 645 edges 13979 colors_table: () bestIndex: 0 seed: 1135500502
65.15
nthreads: 1 colors: 31 vertices: 645 edges 13979 colors_table: () bestIndex: 0 seed: 1135500568
65.64
nthreads: 1 colors: 31 vertices: 645 edges 13979 colors_table: () bestIndex: 0 seed: 1135500634
65.17
nthreads: 1 colors: 31 vertices: 645 edges 13979 colors_table: () bestIndex: 0 seed: 1135500701
65.68
nthreads: 1 colors: 31 vertices: 645 edges 13979 colors_table: () bestIndex: 0 seed: 1135500767
65.45
nthreads: 1 colors: 31 vertices: 645 edges 13979 colors_table: () bestIndex: 0 seed: 1135500834
64.53
nthreads: 1 colors: 31 vertices: 645 edges 13979 colors_table: () bestIndex: 0 seed: 1135500899
65.92
nthreads: 1 colors: 31 vertices: 645 edges 13979 colors_table: () bestIndex: 0 seed: 1135500966
66.86
