wap01a.col.b n_loops: 20 n_threads: 1
Sun Dec 25 04:30:59 EST 2005 /home/thanhvu/nfs/Classic/1225_SameAsPATCHONLY_w_somechangestoprintSol/LogGCP20//1135498147/wap01a.col.b_1135503059.log
Single e3308cd38d8c5eb9b3fc1f01b7fcc13b /home/thanhvu/nfs/Classic/1225_SameAsPATCHONLY_w_somechangestoprintSol/a.out
nthreads: 1 colors: 43 vertices: 2368 edges 110871 colors_table: () bestIndex: 572 seed: 1135503059
127.43
nthreads: 1 colors: 43 vertices: 2368 edges 110871 colors_table: () bestIndex: 405 seed: 1135503187
116.42
nthreads: 1 colors: 43 vertices: 2368 edges 110871 colors_table: () bestIndex: 850 seed: 1135503305
142.16
nthreads: 1 colors: 43 vertices: 2368 edges 110871 colors_table: () bestIndex: 526 seed: 1135503448
122.86
nthreads: 1 colors: 43 vertices: 2368 edges 110871 colors_table: () bestIndex: 1289 seed: 1135503572
168.72
nthreads: 1 colors: 43 vertices: 2368 edges 110871 colors_table: () bestIndex: 544 seed: 1135503742
124.25
nthreads: 1 colors: 43 vertices: 2368 edges 110871 colors_table: () bestIndex: 665 seed: 1135503867
131.04
nthreads: 1 colors: 43 vertices: 2368 edges 110871 colors_table: () bestIndex: 397 seed: 1135503999
116.03
nthreads: 1 colors: 43 vertices: 2368 edges 110871 colors_table: () bestIndex: 973 seed: 1135504116
148.03
nthreads: 1 colors: 43 vertices: 2368 edges 110871 colors_table: () bestIndex: 636 seed: 1135504265
129.25
nthreads: 1 colors: 43 vertices: 2368 edges 110871 colors_table: () bestIndex: 711 seed: 1135504395
135.52
nthreads: 1 colors: 43 vertices: 2368 edges 110871 colors_table: () bestIndex: 850 seed: 1135504532
142.50
nthreads: 1 colors: 43 vertices: 2368 edges 110871 colors_table: () bestIndex: 1286 seed: 1135504675
167.14
nthreads: 1 colors: 43 vertices: 2368 edges 110871 colors_table: () bestIndex: 697 seed: 1135504844
133.79
nthreads: 1 colors: 43 vertices: 2368 edges 110871 colors_table: () bestIndex: 1406 seed: 1135504978
176.96
nthreads: 1 colors: 43 vertices: 2368 edges 110871 colors_table: () bestIndex: 468 seed: 1135505156
121.07
nthreads: 1 colors: 43 vertices: 2368 edges 110871 colors_table: () bestIndex: 621 seed: 1135505279
130.02
nthreads: 1 colors: 43 vertices: 2368 edges 110871 colors_table: () bestIndex: 506 seed: 1135505410
122.41
nthreads: 1 colors: 43 vertices: 2368 edges 110871 colors_table: () bestIndex: 1022 seed: 1135505533
152.49
nthreads: 1 colors: 43 vertices: 2368 edges 110871 colors_table: () bestIndex: 1173 seed: 1135505686
157.69
