zeroin.i.2.col.b n_loops: 20 n_threads: 1
Sun Dec 25 05:43:30 EST 2005 /home/thanhvu/nfs/Classic/1225_SameAsPATCHONLY_w_somechangestoprintSol/LogGCP20//1135498147/zeroin.i.2.col.b_1135507410.log
Single e3308cd38d8c5eb9b3fc1f01b7fcc13b /home/thanhvu/nfs/Classic/1225_SameAsPATCHONLY_w_somechangestoprintSol/a.out
nthreads: 1 colors: 30 vertices: 211 edges 3541 colors_table: () bestIndex: 0 seed: 1135507410
7.13
nthreads: 1 colors: 30 vertices: 211 edges 3541 colors_table: () bestIndex: 0 seed: 1135507419
7.12
nthreads: 1 colors: 30 vertices: 211 edges 3541 colors_table: () bestIndex: 0 seed: 1135507427
7.27
nthreads: 1 colors: 30 vertices: 211 edges 3541 colors_table: () bestIndex: 0 seed: 1135507435
7.11
nthreads: 1 colors: 30 vertices: 211 edges 3541 colors_table: () bestIndex: 0 seed: 1135507443
7.09
nthreads: 1 colors: 30 vertices: 211 edges 3541 colors_table: () bestIndex: 0 seed: 1135507451
7.26
nthreads: 1 colors: 30 vertices: 211 edges 3541 colors_table: () bestIndex: 0 seed: 1135507459
7.26
nthreads: 1 colors: 30 vertices: 211 edges 3541 colors_table: () bestIndex: 0 seed: 1135507468
7.23
nthreads: 1 colors: 30 vertices: 211 edges 3541 colors_table: () bestIndex: 0 seed: 1135507476
7.25
nthreads: 1 colors: 30 vertices: 211 edges 3541 colors_table: () bestIndex: 0 seed: 1135507484
7.10
nthreads: 1 colors: 30 vertices: 211 edges 3541 colors_table: () bestIndex: 0 seed: 1135507492
7.03
nthreads: 1 colors: 30 vertices: 211 edges 3541 colors_table: () bestIndex: 0 seed: 1135507500
7.02
nthreads: 1 colors: 30 vertices: 211 edges 3541 colors_table: () bestIndex: 0 seed: 1135507509
7.19
nthreads: 1 colors: 30 vertices: 211 edges 3541 colors_table: () bestIndex: 0 seed: 1135507517
7.18
nthreads: 1 colors: 30 vertices: 211 edges 3541 colors_table: () bestIndex: 0 seed: 1135507525
7.21
nthreads: 1 colors: 30 vertices: 211 edges 3541 colors_table: () bestIndex: 0 seed: 1135507533
7.19
nthreads: 1 colors: 30 vertices: 211 edges 3541 colors_table: () bestIndex: 0 seed: 1135507541
7.19
nthreads: 1 colors: 30 vertices: 211 edges 3541 colors_table: () bestIndex: 0 seed: 1135507550
7.22
nthreads: 1 colors: 30 vertices: 211 edges 3541 colors_table: () bestIndex: 0 seed: 1135507558
7.04
nthreads: 1 colors: 30 vertices: 211 edges 3541 colors_table: () bestIndex: 0 seed: 1135507566
7.27
