le450_5b.col.b n_loops: 100 n_threads: 1
Sun Dec 25 03:03:14 EST 2005 /home/thanhvu/nfs/Classic/1225_SameAsPATCHONLY_w_somechangestoprintSol/LogGCP100//1135489520/le450_5b.col.b_1135497794.log
Single e3308cd38d8c5eb9b3fc1f01b7fcc13b /home/thanhvu/nfs/Classic/1225_SameAsPATCHONLY_w_somechangestoprintSol/a.out
nthreads: 1 colors: 5 vertices: 450 edges 5734 colors_table: () bestIndex: 667 seed: 1135497794
20.18
nthreads: 1 colors: 5 vertices: 450 edges 5734 colors_table: () bestIndex: 973 seed: 1135497815
21.88
nthreads: 1 colors: 5 vertices: 450 edges 5734 colors_table: () bestIndex: 365 seed: 1135497838
16.61
nthreads: 1 colors: 5 vertices: 450 edges 5734 colors_table: () bestIndex: 28 seed: 1135497856
13.63
nthreads: 1 colors: 6 vertices: 450 edges 5734 colors_table: () bestIndex: 4 seed: 1135497871
10.99
nthreads: 1 colors: 6 vertices: 450 edges 5734 colors_table: () bestIndex: 12 seed: 1135497883
11.41
nthreads: 1 colors: 6 vertices: 450 edges 5734 colors_table: () bestIndex: 70 seed: 1135497895
11.81
nthreads: 1 colors: 6 vertices: 450 edges 5734 colors_table: () bestIndex: 22 seed: 1135497908
11.14
nthreads: 1 colors: 5 vertices: 450 edges 5734 colors_table: () bestIndex: 177 seed: 1135497920
15.32
nthreads: 1 colors: 6 vertices: 450 edges 5734 colors_table: () bestIndex: 24 seed: 1135497936
11.27
nthreads: 1 colors: 5 vertices: 450 edges 5734 colors_table: () bestIndex: 168 seed: 1135497949
15.04
nthreads: 1 colors: 5 vertices: 450 edges 5734 colors_table: () bestIndex: 309 seed: 1135497965
16.04
nthreads: 1 colors: 5 vertices: 450 edges 5734 colors_table: () bestIndex: 416 seed: 1135497982
17.41
nthreads: 1 colors: 5 vertices: 450 edges 5734 colors_table: () bestIndex: 166 seed: 1135498000
15.08
nthreads: 1 colors: 5 vertices: 450 edges 5734 colors_table: () bestIndex: 436 seed: 1135498016
17.51
nthreads: 1 colors: 7 vertices: 450 edges 5734 colors_table: () bestIndex: 21 seed: 1135498035
11.04
nthreads: 1 colors: 6 vertices: 450 edges 5734 colors_table: () bestIndex: 10 seed: 1135498047
11.21
nthreads: 1 colors: 5 vertices: 450 edges 5734 colors_table: () bestIndex: 751 seed: 1135498059
20.27
nthreads: 1 colors: 5 vertices: 450 edges 5734 colors_table: () bestIndex: 328 seed: 1135498080
16.07
nthreads: 1 colors: 5 vertices: 450 edges 5734 colors_table: () bestIndex: 166 seed: 1135498097
15.16
nthreads: 1 colors: 5 vertices: 450 edges 5734 colors_table: () bestIndex: 139 seed: 1135498114
14.90
nthreads: 1 colors: 5 vertices: 450 edges 5734 colors_table: () bestIndex: 103 seed: 1135498130
14.70
nthreads: 1 colors: 5 vertices: 450 edges 5734 colors_table: () bestIndex: 85 seed: 1135498145
14.38
nthreads: 1 colors: 5 vertices: 450 edges 5734 colors_table: () bestIndex: 60 seed: 1135498161
14.27
nthreads: 1 colors: 5 vertices: 450 edges 5734 colors_table: () bestIndex: 243 seed: 1135498176
15.62
nthreads: 1 colors: 6 vertices: 450 edges 5734 colors_table: () bestIndex: 45 seed: 1135498193
11.45
nthreads: 1 colors: 5 vertices: 450 edges 5734 colors_table: () bestIndex: 79 seed: 1135498205
14.31
nthreads: 1 colors: 6 vertices: 450 edges 5734 colors_table: () bestIndex: 2 seed: 1135498220
11.32
nthreads: 1 colors: 5 vertices: 450 edges 5734 colors_table: () bestIndex: 120 seed: 1135498233
14.71
nthreads: 1 colors: 6 vertices: 450 edges 5734 colors_table: () bestIndex: 15 seed: 1135498248
11.16
nthreads: 1 colors: 5 vertices: 450 edges 5734 colors_table: () bestIndex: 34 seed: 1135498261
14.04
nthreads: 1 colors: 5 vertices: 450 edges 5734 colors_table: () bestIndex: 260 seed: 1135498276
15.74
nthreads: 1 colors: 6 vertices: 450 edges 5734 colors_table: () bestIndex: 2 seed: 1135498292
11.73
nthreads: 1 colors: 6 vertices: 450 edges 5734 colors_table: () bestIndex: 1 seed: 1135498305
11.18
nthreads: 1 colors: 5 vertices: 450 edges 5734 colors_table: () bestIndex: 582 seed: 1135498317
18.69
nthreads: 1 colors: 6 vertices: 450 edges 5734 colors_table: () bestIndex: 179 seed: 1135498337
12.66
nthreads: 1 colors: 6 vertices: 450 edges 5734 colors_table: () bestIndex: 1 seed: 1135498351
11.10
nthreads: 1 colors: 5 vertices: 450 edges 5734 colors_table: () bestIndex: 95 seed: 1135498363
14.21
nthreads: 1 colors: 5 vertices: 450 edges 5734 colors_table: () bestIndex: 99 seed: 1135498378
14.53
nthreads: 1 colors: 5 vertices: 450 edges 5734 colors_table: () bestIndex: 273 seed: 1135498394
16.04
nthreads: 1 colors: 5 vertices: 450 edges 5734 colors_table: () bestIndex: 151 seed: 1135498411
14.74
nthreads: 1 colors: 5 vertices: 450 edges 5734 colors_table: () bestIndex: 108 seed: 1135498426
14.57
nthreads: 1 colors: 5 vertices: 450 edges 5734 colors_table: () bestIndex: 58 seed: 1135498442
13.83
nthreads: 1 colors: 5 vertices: 450 edges 5734 colors_table: () bestIndex: 687 seed: 1135498457
19.32
nthreads: 1 colors: 5 vertices: 450 edges 5734 colors_table: () bestIndex: 57 seed: 1135498477
13.88
nthreads: 1 colors: 5 vertices: 450 edges 5734 colors_table: () bestIndex: 421 seed: 1135498492
16.95
nthreads: 1 colors: 5 vertices: 450 edges 5734 colors_table: () bestIndex: 168 seed: 1135498510
14.81
nthreads: 1 colors: 6 vertices: 450 edges 5734 colors_table: () bestIndex: 1 seed: 1135498526
11.13
nthreads: 1 colors: 6 vertices: 450 edges 5734 colors_table: () bestIndex: 2 seed: 1135498538
11.28
nthreads: 1 colors: 6 vertices: 450 edges 5734 colors_table: () bestIndex: 7 seed: 1135498550
11.56
nthreads: 1 colors: 6 vertices: 450 edges 5734 colors_table: () bestIndex: 3 seed: 1135498563
11.22
nthreads: 1 colors: 6 vertices: 450 edges 5734 colors_table: () bestIndex: 22 seed: 1135498575
11.52
nthreads: 1 colors: 5 vertices: 450 edges 5734 colors_table: () bestIndex: 256 seed: 1135498588
16.02
nthreads: 1 colors: 5 vertices: 450 edges 5734 colors_table: () bestIndex: 225 seed: 1135498605
15.59
nthreads: 1 colors: 5 vertices: 450 edges 5734 colors_table: () bestIndex: 440 seed: 1135498621
17.19
nthreads: 1 colors: 6 vertices: 450 edges 5734 colors_table: () bestIndex: 15 seed: 1135498640
11.05
nthreads: 1 colors: 5 vertices: 450 edges 5734 colors_table: () bestIndex: 69 seed: 1135498652
13.99
nthreads: 1 colors: 6 vertices: 450 edges 5734 colors_table: () bestIndex: 219 seed: 1135498667
13.55
nthreads: 1 colors: 5 vertices: 450 edges 5734 colors_table: () bestIndex: 425 seed: 1135498681
17.54
nthreads: 1 colors: 6 vertices: 450 edges 5734 colors_table: () bestIndex: 6 seed: 1135498700
11.28
nthreads: 1 colors: 5 vertices: 450 edges 5734 colors_table: () bestIndex: 161 seed: 1135498712
14.84
nthreads: 1 colors: 5 vertices: 450 edges 5734 colors_table: () bestIndex: 607 seed: 1135498728
19.17
nthreads: 1 colors: 5 vertices: 450 edges 5734 colors_table: () bestIndex: 480 seed: 1135498748
17.86
nthreads: 1 colors: 6 vertices: 450 edges 5734 colors_table: () bestIndex: 108 seed: 1135498767
12.00
nthreads: 1 colors: 6 vertices: 450 edges 5734 colors_table: () bestIndex: 2 seed: 1135498780
11.31
nthreads: 1 colors: 6 vertices: 450 edges 5734 colors_table: () bestIndex: 8 seed: 1135498792
11.13
nthreads: 1 colors: 5 vertices: 450 edges 5734 colors_table: () bestIndex: 152 seed: 1135498805
15.04
nthreads: 1 colors: 5 vertices: 450 edges 5734 colors_table: () bestIndex: 163 seed: 1135498821
14.95
nthreads: 1 colors: 5 vertices: 450 edges 5734 colors_table: () bestIndex: 220 seed: 1135498837
15.54
nthreads: 1 colors: 5 vertices: 450 edges 5734 colors_table: () bestIndex: 80 seed: 1135498853
14.30
nthreads: 1 colors: 5 vertices: 450 edges 5734 colors_table: () bestIndex: 229 seed: 1135498868
15.77
nthreads: 1 colors: 6 vertices: 450 edges 5734 colors_table: () bestIndex: 2 seed: 1135498885
11.10
nthreads: 1 colors: 6 vertices: 450 edges 5734 colors_table: () bestIndex: 0 seed: 1135498897
11.00
nthreads: 1 colors: 5 vertices: 450 edges 5734 colors_table: () bestIndex: 1278 seed: 1135498909
24.99
nthreads: 1 colors: 5 vertices: 450 edges 5734 colors_table: () bestIndex: 170 seed: 1135498935
14.86
nthreads: 1 colors: 5 vertices: 450 edges 5734 colors_table: () bestIndex: 90 seed: 1135498951
14.17
nthreads: 1 colors: 5 vertices: 450 edges 5734 colors_table: () bestIndex: 357 seed: 1135498966
16.79
nthreads: 1 colors: 6 vertices: 450 edges 5734 colors_table: () bestIndex: 106 seed: 1135498984
12.15
nthreads: 1 colors: 5 vertices: 450 edges 5734 colors_table: () bestIndex: 273 seed: 1135498997
16.04
nthreads: 1 colors: 6 vertices: 450 edges 5734 colors_table: () bestIndex: 2 seed: 1135499015
11.00
nthreads: 1 colors: 5 vertices: 450 edges 5734 colors_table: () bestIndex: 821 seed: 1135499027
20.78
nthreads: 1 colors: 5 vertices: 450 edges 5734 colors_table: () bestIndex: 2147 seed: 1135499048
23.87
nthreads: 1 colors: 5 vertices: 450 edges 5734 colors_table: () bestIndex: 301 seed: 1135499073
16.05
nthreads: 1 colors: 5 vertices: 450 edges 5734 colors_table: () bestIndex: 460 seed: 1135499090
17.42
nthreads: 1 colors: 6 vertices: 450 edges 5734 colors_table: () bestIndex: 313 seed: 1135499109
14.01
nthreads: 1 colors: 6 vertices: 450 edges 5734 colors_table: () bestIndex: 2 seed: 1135499124
11.11
nthreads: 1 colors: 5 vertices: 450 edges 5734 colors_table: () bestIndex: 75 seed: 1135499136
14.52
nthreads: 1 colors: 6 vertices: 450 edges 5734 colors_table: () bestIndex: 2 seed: 1135499151
11.83
nthreads: 1 colors: 5 vertices: 450 edges 5734 colors_table: () bestIndex: 337 seed: 1135499164
16.82
nthreads: 1 colors: 5 vertices: 450 edges 5734 colors_table: () bestIndex: 168 seed: 1135499182
15.22
nthreads: 1 colors: 5 vertices: 450 edges 5734 colors_table: () bestIndex: 364 seed: 1135499198
16.44
nthreads: 1 colors: 6 vertices: 450 edges 5734 colors_table: () bestIndex: 1 seed: 1135499216
11.09
nthreads: 1 colors: 6 vertices: 450 edges 5734 colors_table: () bestIndex: 4 seed: 1135499228
11.74
nthreads: 1 colors: 6 vertices: 450 edges 5734 colors_table: () bestIndex: 28 seed: 1135499241
11.16
nthreads: 1 colors: 6 vertices: 450 edges 5734 colors_table: () bestIndex: 2 seed: 1135499253
11.47
nthreads: 1 colors: 6 vertices: 450 edges 5734 colors_table: () bestIndex: 7 seed: 1135499265
11.26
nthreads: 1 colors: 6 vertices: 450 edges 5734 colors_table: () bestIndex: 39 seed: 1135499278
11.36
nthreads: 1 colors: 6 vertices: 450 edges 5734 colors_table: () bestIndex: 11 seed: 1135499290
11.20
nthreads: 1 colors: 5 vertices: 450 edges 5734 colors_table: () bestIndex: 161 seed: 1135499302
15.13
nthreads: 1 colors: 6 vertices: 450 edges 5734 colors_table: () bestIndex: 30 seed: 1135499318
11.21
