le450_15c.col.b n_loops: 100 n_threads: 1
Sun Dec 25 00:45:20 EST 2005 /home/thanhvu/nfs/Classic/1225_SameAsPATCHONLY_w_somechangestoprintSol/LogGCP100//1135489520/le450_15c.col.b_1135489520.log
Single e3308cd38d8c5eb9b3fc1f01b7fcc13b /home/thanhvu/nfs/Classic/1225_SameAsPATCHONLY_w_somechangestoprintSol/a.out
nthreads: 1 colors: 21 vertices: 450 edges 16680 colors_table: () bestIndex: 168 seed: 1135489520
25.05
nthreads: 1 colors: 21 vertices: 450 edges 16680 colors_table: () bestIndex: 169 seed: 1135489546
25.18
nthreads: 1 colors: 21 vertices: 450 edges 16680 colors_table: () bestIndex: 97 seed: 1135489572
23.28
nthreads: 1 colors: 21 vertices: 450 edges 16680 colors_table: () bestIndex: 183 seed: 1135489596
25.46
nthreads: 1 colors: 21 vertices: 450 edges 16680 colors_table: () bestIndex: 187 seed: 1135489623
25.31
nthreads: 1 colors: 16 vertices: 450 edges 16680 colors_table: () bestIndex: 1658 seed: 1135489649
43.71
nthreads: 1 colors: 20 vertices: 450 edges 16680 colors_table: () bestIndex: 1006 seed: 1135489694
39.36
nthreads: 1 colors: 21 vertices: 450 edges 16680 colors_table: () bestIndex: 80 seed: 1135489734
24.09
nthreads: 1 colors: 20 vertices: 450 edges 16680 colors_table: () bestIndex: 341 seed: 1135489759
27.75
nthreads: 1 colors: 20 vertices: 450 edges 16680 colors_table: () bestIndex: 1295 seed: 1135489788
45.11
nthreads: 1 colors: 21 vertices: 450 edges 16680 colors_table: () bestIndex: 80 seed: 1135489834
23.95
nthreads: 1 colors: 15 vertices: 450 edges 16680 colors_table: () bestIndex: 1478 seed: 1135489859
43.09
nthreads: 1 colors: 20 vertices: 450 edges 16680 colors_table: () bestIndex: 223 seed: 1135489903
26.97
nthreads: 1 colors: 21 vertices: 450 edges 16680 colors_table: () bestIndex: 76 seed: 1135489931
22.16
nthreads: 1 colors: 16 vertices: 450 edges 16680 colors_table: () bestIndex: 1703 seed: 1135489954
43.03
nthreads: 1 colors: 15 vertices: 450 edges 16680 colors_table: () bestIndex: 2689 seed: 1135489999
42.47
nthreads: 1 colors: 20 vertices: 450 edges 16680 colors_table: () bestIndex: 1113 seed: 1135490042
40.82
nthreads: 1 colors: 21 vertices: 450 edges 16680 colors_table: () bestIndex: 76 seed: 1135490084
23.67
nthreads: 1 colors: 21 vertices: 450 edges 16680 colors_table: () bestIndex: 158 seed: 1135490109
25.55
nthreads: 1 colors: 21 vertices: 450 edges 16680 colors_table: () bestIndex: 169 seed: 1135490135
25.80
nthreads: 1 colors: 21 vertices: 450 edges 16680 colors_table: () bestIndex: 73 seed: 1135490162
22.46
nthreads: 1 colors: 17 vertices: 450 edges 16680 colors_table: () bestIndex: 2477 seed: 1135490185
42.88
nthreads: 1 colors: 20 vertices: 450 edges 16680 colors_table: () bestIndex: 1317 seed: 1135490229
42.76
nthreads: 1 colors: 21 vertices: 450 edges 16680 colors_table: () bestIndex: 89 seed: 1135490273
23.64
nthreads: 1 colors: 19 vertices: 450 edges 16680 colors_table: () bestIndex: 1146 seed: 1135490298
40.05
nthreads: 1 colors: 21 vertices: 450 edges 16680 colors_table: () bestIndex: 70 seed: 1135490339
22.57
nthreads: 1 colors: 21 vertices: 450 edges 16680 colors_table: () bestIndex: 101 seed: 1135490362
24.83
nthreads: 1 colors: 21 vertices: 450 edges 16680 colors_table: () bestIndex: 133 seed: 1135490388
23.90
nthreads: 1 colors: 21 vertices: 450 edges 16680 colors_table: () bestIndex: 148 seed: 1135490413
25.19
nthreads: 1 colors: 16 vertices: 450 edges 16680 colors_table: () bestIndex: 724 seed: 1135490439
33.80
nthreads: 1 colors: 17 vertices: 450 edges 16680 colors_table: () bestIndex: 2347 seed: 1135490474
43.59
nthreads: 1 colors: 16 vertices: 450 edges 16680 colors_table: () bestIndex: 2553 seed: 1135490519
42.33
nthreads: 1 colors: 20 vertices: 450 edges 16680 colors_table: () bestIndex: 387 seed: 1135490562
29.32
nthreads: 1 colors: 20 vertices: 450 edges 16680 colors_table: () bestIndex: 959 seed: 1135490593
38.12
nthreads: 1 colors: 20 vertices: 450 edges 16680 colors_table: () bestIndex: 790 seed: 1135490632
35.89
nthreads: 1 colors: 20 vertices: 450 edges 16680 colors_table: () bestIndex: 746 seed: 1135490669
35.43
nthreads: 1 colors: 21 vertices: 450 edges 16680 colors_table: () bestIndex: 142 seed: 1135490705
24.34
nthreads: 1 colors: 21 vertices: 450 edges 16680 colors_table: () bestIndex: 83 seed: 1135490730
24.37
nthreads: 1 colors: 21 vertices: 450 edges 16680 colors_table: () bestIndex: 118 seed: 1135490756
24.35
nthreads: 1 colors: 21 vertices: 450 edges 16680 colors_table: () bestIndex: 103 seed: 1135490781
23.25
nthreads: 1 colors: 21 vertices: 450 edges 16680 colors_table: () bestIndex: 77 seed: 1135490805
24.18
nthreads: 1 colors: 21 vertices: 450 edges 16680 colors_table: () bestIndex: 117 seed: 1135490831
23.60
nthreads: 1 colors: 21 vertices: 450 edges 16680 colors_table: () bestIndex: 134 seed: 1135490855
23.14
nthreads: 1 colors: 20 vertices: 450 edges 16680 colors_table: () bestIndex: 820 seed: 1135490879
35.05
nthreads: 1 colors: 20 vertices: 450 edges 16680 colors_table: () bestIndex: 204 seed: 1135490915
26.73
nthreads: 1 colors: 20 vertices: 450 edges 16680 colors_table: () bestIndex: 738 seed: 1135490943
34.90
nthreads: 1 colors: 21 vertices: 450 edges 16680 colors_table: () bestIndex: 114 seed: 1135490979
23.69
nthreads: 1 colors: 21 vertices: 450 edges 16680 colors_table: () bestIndex: 100 seed: 1135491004
23.42
nthreads: 1 colors: 21 vertices: 450 edges 16680 colors_table: () bestIndex: 151 seed: 1135491028
23.88
nthreads: 1 colors: 20 vertices: 450 edges 16680 colors_table: () bestIndex: 1370 seed: 1135491053
46.06
nthreads: 1 colors: 20 vertices: 450 edges 16680 colors_table: () bestIndex: 565 seed: 1135491100
30.66
nthreads: 1 colors: 21 vertices: 450 edges 16680 colors_table: () bestIndex: 100 seed: 1135491132
23.57
nthreads: 1 colors: 17 vertices: 450 edges 16680 colors_table: () bestIndex: 614 seed: 1135491156
29.82
nthreads: 1 colors: 21 vertices: 450 edges 16680 colors_table: () bestIndex: 114 seed: 1135491187
24.44
nthreads: 1 colors: 21 vertices: 450 edges 16680 colors_table: () bestIndex: 70 seed: 1135491213
22.55
nthreads: 1 colors: 21 vertices: 450 edges 16680 colors_table: () bestIndex: 76 seed: 1135491236
22.91
nthreads: 1 colors: 21 vertices: 450 edges 16680 colors_table: () bestIndex: 162 seed: 1135491260
25.22
nthreads: 1 colors: 15 vertices: 450 edges 16680 colors_table: () bestIndex: 1864 seed: 1135491287
43.21
nthreads: 1 colors: 19 vertices: 450 edges 16680 colors_table: () bestIndex: 1131 seed: 1135491331
41.18
nthreads: 1 colors: 16 vertices: 450 edges 16680 colors_table: () bestIndex: 2084 seed: 1135491373
43.79
nthreads: 1 colors: 21 vertices: 450 edges 16680 colors_table: () bestIndex: 75 seed: 1135491418
23.94
nthreads: 1 colors: 21 vertices: 450 edges 16680 colors_table: () bestIndex: 199 seed: 1135491443
25.91
nthreads: 1 colors: 21 vertices: 450 edges 16680 colors_table: () bestIndex: 113 seed: 1135491470
24.11
nthreads: 1 colors: 20 vertices: 450 edges 16680 colors_table: () bestIndex: 533 seed: 1135491495
31.26
nthreads: 1 colors: 16 vertices: 450 edges 16680 colors_table: () bestIndex: 496 seed: 1135491527
29.78
nthreads: 1 colors: 21 vertices: 450 edges 16680 colors_table: () bestIndex: 123 seed: 1135491558
23.40
nthreads: 1 colors: 15 vertices: 450 edges 16680 colors_table: () bestIndex: 2652 seed: 1135491582
44.71
nthreads: 1 colors: 21 vertices: 450 edges 16680 colors_table: () bestIndex: 87 seed: 1135491628
22.94
nthreads: 1 colors: 21 vertices: 450 edges 16680 colors_table: () bestIndex: 70 seed: 1135491652
23.90
nthreads: 1 colors: 17 vertices: 450 edges 16680 colors_table: () bestIndex: 1785 seed: 1135491677
43.43
nthreads: 1 colors: 15 vertices: 450 edges 16680 colors_table: () bestIndex: 1508 seed: 1135491721
44.28
nthreads: 1 colors: 21 vertices: 450 edges 16680 colors_table: () bestIndex: 94 seed: 1135491767
22.66
nthreads: 1 colors: 20 vertices: 450 edges 16680 colors_table: () bestIndex: 487 seed: 1135491790
30.78
nthreads: 1 colors: 21 vertices: 450 edges 16680 colors_table: () bestIndex: 108 seed: 1135491822
22.18
nthreads: 1 colors: 21 vertices: 450 edges 16680 colors_table: () bestIndex: 103 seed: 1135491845
24.97
nthreads: 1 colors: 21 vertices: 450 edges 16680 colors_table: () bestIndex: 88 seed: 1135491871
23.81
nthreads: 1 colors: 21 vertices: 450 edges 16680 colors_table: () bestIndex: 121 seed: 1135491896
24.39
nthreads: 1 colors: 20 vertices: 450 edges 16680 colors_table: () bestIndex: 783 seed: 1135491922
35.59
nthreads: 1 colors: 20 vertices: 450 edges 16680 colors_table: () bestIndex: 477 seed: 1135491958
30.92
nthreads: 1 colors: 20 vertices: 450 edges 16680 colors_table: () bestIndex: 448 seed: 1135491990
30.06
nthreads: 1 colors: 21 vertices: 450 edges 16680 colors_table: () bestIndex: 94 seed: 1135492021
23.25
nthreads: 1 colors: 21 vertices: 450 edges 16680 colors_table: () bestIndex: 67 seed: 1135492045
22.25
nthreads: 1 colors: 15 vertices: 450 edges 16680 colors_table: () bestIndex: 1979 seed: 1135492069
43.68
nthreads: 1 colors: 20 vertices: 450 edges 16680 colors_table: () bestIndex: 977 seed: 1135492113
39.06
nthreads: 1 colors: 20 vertices: 450 edges 16680 colors_table: () bestIndex: 337 seed: 1135492154
28.88
nthreads: 1 colors: 20 vertices: 450 edges 16680 colors_table: () bestIndex: 1380 seed: 1135492183
45.39
nthreads: 1 colors: 20 vertices: 450 edges 16680 colors_table: () bestIndex: 1290 seed: 1135492230
43.57
nthreads: 1 colors: 20 vertices: 450 edges 16680 colors_table: () bestIndex: 893 seed: 1135492274
37.54
nthreads: 1 colors: 20 vertices: 450 edges 16680 colors_table: () bestIndex: 284 seed: 1135492313
27.30
nthreads: 1 colors: 21 vertices: 450 edges 16680 colors_table: () bestIndex: 104 seed: 1135492341
23.99
nthreads: 1 colors: 20 vertices: 450 edges 16680 colors_table: () bestIndex: 1142 seed: 1135492366
41.98
nthreads: 1 colors: 21 vertices: 450 edges 16680 colors_table: () bestIndex: 91 seed: 1135492409
23.33
nthreads: 1 colors: 20 vertices: 450 edges 16680 colors_table: () bestIndex: 593 seed: 1135492434
32.43
nthreads: 1 colors: 21 vertices: 450 edges 16680 colors_table: () bestIndex: 76 seed: 1135492467
23.49
nthreads: 1 colors: 21 vertices: 450 edges 16680 colors_table: () bestIndex: 115 seed: 1135492492
23.95
nthreads: 1 colors: 21 vertices: 450 edges 16680 colors_table: () bestIndex: 124 seed: 1135492517
24.11
nthreads: 1 colors: 20 vertices: 450 edges 16680 colors_table: () bestIndex: 655 seed: 1135492542
33.40
nthreads: 1 colors: 16 vertices: 450 edges 16680 colors_table: () bestIndex: 2271 seed: 1135492576
43.60
nthreads: 1 colors: 16 vertices: 450 edges 16680 colors_table: () bestIndex: 2616 seed: 1135492621
43.21
nthreads: 1 colors: 20 vertices: 450 edges 16680 colors_table: () bestIndex: 326 seed: 1135492665
28.30
