wap06a.col.b n_loops: 100 n_threads: 1
Mon Dec 26 01:27:02 EST 2005 /home/thanhvu/nfs/Classic/1225_SameAsPATCHONLY_w_somechangestoprintSol/LogGCP100//1135489520/wap06a.col.b_1135578422.log
Single e3308cd38d8c5eb9b3fc1f01b7fcc13b /home/thanhvu/nfs/Classic/1225_SameAsPATCHONLY_w_somechangestoprintSol/a.out
nthreads: 1 colors: 43 vertices: 947 edges 43571 colors_table: () bestIndex: 253 seed: 1135578422
55.68
nthreads: 1 colors: 43 vertices: 947 edges 43571 colors_table: () bestIndex: 316 seed: 1135578479
57.19
nthreads: 1 colors: 43 vertices: 947 edges 43571 colors_table: () bestIndex: 372 seed: 1135578537
58.98
nthreads: 1 colors: 43 vertices: 947 edges 43571 colors_table: () bestIndex: 277 seed: 1135578597
56.14
nthreads: 1 colors: 43 vertices: 947 edges 43571 colors_table: () bestIndex: 358 seed: 1135578654
58.63
nthreads: 1 colors: 43 vertices: 947 edges 43571 colors_table: () bestIndex: 394 seed: 1135578714
59.77
nthreads: 1 colors: 43 vertices: 947 edges 43571 colors_table: () bestIndex: 308 seed: 1135578775
57.08
nthreads: 1 colors: 43 vertices: 947 edges 43571 colors_table: () bestIndex: 242 seed: 1135578833
55.23
nthreads: 1 colors: 42 vertices: 947 edges 43571 colors_table: () bestIndex: 1320 seed: 1135578889
89.72
nthreads: 1 colors: 43 vertices: 947 edges 43571 colors_table: () bestIndex: 271 seed: 1135578980
55.76
nthreads: 1 colors: 42 vertices: 947 edges 43571 colors_table: () bestIndex: 1655 seed: 1135579036
100.17
nthreads: 1 colors: 43 vertices: 947 edges 43571 colors_table: () bestIndex: 322 seed: 1135579138
57.62
nthreads: 1 colors: 43 vertices: 947 edges 43571 colors_table: () bestIndex: 268 seed: 1135579196
55.98
nthreads: 1 colors: 42 vertices: 947 edges 43571 colors_table: () bestIndex: 536 seed: 1135579253
65.00
nthreads: 1 colors: 43 vertices: 947 edges 43571 colors_table: () bestIndex: 468 seed: 1135579319
61.58
nthreads: 1 colors: 43 vertices: 947 edges 43571 colors_table: () bestIndex: 313 seed: 1135579382
57.24
nthreads: 1 colors: 43 vertices: 947 edges 43571 colors_table: () bestIndex: 350 seed: 1135579440
58.44
nthreads: 1 colors: 43 vertices: 947 edges 43571 colors_table: () bestIndex: 381 seed: 1135579500
59.29
nthreads: 1 colors: 43 vertices: 947 edges 43571 colors_table: () bestIndex: 267 seed: 1135579560
56.00
nthreads: 1 colors: 43 vertices: 947 edges 43571 colors_table: () bestIndex: 253 seed: 1135579617
55.65
nthreads: 1 colors: 43 vertices: 947 edges 43571 colors_table: () bestIndex: 241 seed: 1135579674
55.08
nthreads: 1 colors: 43 vertices: 947 edges 43571 colors_table: () bestIndex: 304 seed: 1135579730
56.79
nthreads: 1 colors: 43 vertices: 947 edges 43571 colors_table: () bestIndex: 241 seed: 1135579788
55.14
nthreads: 1 colors: 43 vertices: 947 edges 43571 colors_table: () bestIndex: 241 seed: 1135579844
55.04
nthreads: 1 colors: 43 vertices: 947 edges 43571 colors_table: () bestIndex: 331 seed: 1135579900
57.97
nthreads: 1 colors: 42 vertices: 947 edges 43571 colors_table: () bestIndex: 486 seed: 1135579959
63.60
nthreads: 1 colors: 43 vertices: 947 edges 43571 colors_table: () bestIndex: 338 seed: 1135580023
58.06
nthreads: 1 colors: 43 vertices: 947 edges 43571 colors_table: () bestIndex: 259 seed: 1135580082
55.55
nthreads: 1 colors: 43 vertices: 947 edges 43571 colors_table: () bestIndex: 245 seed: 1135580139
55.13
nthreads: 1 colors: 43 vertices: 947 edges 43571 colors_table: () bestIndex: 389 seed: 1135580195
59.80
nthreads: 1 colors: 43 vertices: 947 edges 43571 colors_table: () bestIndex: 270 seed: 1135580256
56.13
nthreads: 1 colors: 43 vertices: 947 edges 43571 colors_table: () bestIndex: 266 seed: 1135580313
55.69
nthreads: 1 colors: 42 vertices: 947 edges 43571 colors_table: () bestIndex: 858 seed: 1135580370
75.19
nthreads: 1 colors: 43 vertices: 947 edges 43571 colors_table: () bestIndex: 320 seed: 1135580446
57.45
nthreads: 1 colors: 43 vertices: 947 edges 43571 colors_table: () bestIndex: 466 seed: 1135580505
61.76
nthreads: 1 colors: 43 vertices: 947 edges 43571 colors_table: () bestIndex: 290 seed: 1135580567
56.55
nthreads: 1 colors: 43 vertices: 947 edges 43571 colors_table: () bestIndex: 313 seed: 1135580625
57.35
nthreads: 1 colors: 43 vertices: 947 edges 43571 colors_table: () bestIndex: 307 seed: 1135580683
56.82
nthreads: 1 colors: 42 vertices: 947 edges 43571 colors_table: () bestIndex: 455 seed: 1135580741
62.48
nthreads: 1 colors: 43 vertices: 947 edges 43571 colors_table: () bestIndex: 422 seed: 1135580805
60.63
nthreads: 1 colors: 43 vertices: 947 edges 43571 colors_table: () bestIndex: 241 seed: 1135580866
55.14
nthreads: 1 colors: 43 vertices: 947 edges 43571 colors_table: () bestIndex: 281 seed: 1135580922
56.43
nthreads: 1 colors: 43 vertices: 947 edges 43571 colors_table: () bestIndex: 241 seed: 1135580980
55.14
nthreads: 1 colors: 42 vertices: 947 edges 43571 colors_table: () bestIndex: 1016 seed: 1135581036
79.34
nthreads: 1 colors: 43 vertices: 947 edges 43571 colors_table: () bestIndex: 435 seed: 1135581116
60.95
nthreads: 1 colors: 43 vertices: 947 edges 43571 colors_table: () bestIndex: 276 seed: 1135581178
56.37
nthreads: 1 colors: 43 vertices: 947 edges 43571 colors_table: () bestIndex: 331 seed: 1135581236
57.85
nthreads: 1 colors: 43 vertices: 947 edges 43571 colors_table: () bestIndex: 418 seed: 1135581295
60.48
nthreads: 1 colors: 43 vertices: 947 edges 43571 colors_table: () bestIndex: 322 seed: 1135581356
57.64
nthreads: 1 colors: 43 vertices: 947 edges 43571 colors_table: () bestIndex: 242 seed: 1135581415
55.32
nthreads: 1 colors: 43 vertices: 947 edges 43571 colors_table: () bestIndex: 357 seed: 1135581471
58.50
nthreads: 1 colors: 43 vertices: 947 edges 43571 colors_table: () bestIndex: 249 seed: 1135581531
55.55
nthreads: 1 colors: 43 vertices: 947 edges 43571 colors_table: () bestIndex: 285 seed: 1135581587
56.42
nthreads: 1 colors: 43 vertices: 947 edges 43571 colors_table: () bestIndex: 241 seed: 1135581645
55.18
nthreads: 1 colors: 43 vertices: 947 edges 43571 colors_table: () bestIndex: 364 seed: 1135581701
58.75
nthreads: 1 colors: 43 vertices: 947 edges 43571 colors_table: () bestIndex: 244 seed: 1135581761
55.42
nthreads: 1 colors: 43 vertices: 947 edges 43571 colors_table: () bestIndex: 251 seed: 1135581817
55.57
nthreads: 1 colors: 43 vertices: 947 edges 43571 colors_table: () bestIndex: 241 seed: 1135581874
54.94
nthreads: 1 colors: 42 vertices: 947 edges 43571 colors_table: () bestIndex: 1408 seed: 1135581930
92.50
nthreads: 1 colors: 43 vertices: 947 edges 43571 colors_table: () bestIndex: 311 seed: 1135582023
57.16
nthreads: 1 colors: 43 vertices: 947 edges 43571 colors_table: () bestIndex: 252 seed: 1135582081
55.49
nthreads: 1 colors: 43 vertices: 947 edges 43571 colors_table: () bestIndex: 246 seed: 1135582138
55.03
nthreads: 1 colors: 42 vertices: 947 edges 43571 colors_table: () bestIndex: 1259 seed: 1135582194
88.56
nthreads: 1 colors: 43 vertices: 947 edges 43571 colors_table: () bestIndex: 303 seed: 1135582283
57.12
nthreads: 1 colors: 43 vertices: 947 edges 43571 colors_table: () bestIndex: 252 seed: 1135582342
55.27
nthreads: 1 colors: 43 vertices: 947 edges 43571 colors_table: () bestIndex: 257 seed: 1135582398
55.48
nthreads: 1 colors: 43 vertices: 947 edges 43571 colors_table: () bestIndex: 381 seed: 1135582454
59.59
nthreads: 1 colors: 42 vertices: 947 edges 43571 colors_table: () bestIndex: 570 seed: 1135582515
66.35
nthreads: 1 colors: 43 vertices: 947 edges 43571 colors_table: () bestIndex: 321 seed: 1135582582
57.95
nthreads: 1 colors: 42 vertices: 947 edges 43571 colors_table: () bestIndex: 672 seed: 1135582641
69.60
nthreads: 1 colors: 43 vertices: 947 edges 43571 colors_table: () bestIndex: 340 seed: 1135582712
58.49
nthreads: 1 colors: 43 vertices: 947 edges 43571 colors_table: () bestIndex: 291 seed: 1135582771
56.47
nthreads: 1 colors: 43 vertices: 947 edges 43571 colors_table: () bestIndex: 397 seed: 1135582829
59.58
nthreads: 1 colors: 43 vertices: 947 edges 43571 colors_table: () bestIndex: 581 seed: 1135582890
64.83
nthreads: 1 colors: 43 vertices: 947 edges 43571 colors_table: () bestIndex: 249 seed: 1135582955
55.49
nthreads: 1 colors: 43 vertices: 947 edges 43571 colors_table: () bestIndex: 284 seed: 1135583012
56.53
nthreads: 1 colors: 43 vertices: 947 edges 43571 colors_table: () bestIndex: 322 seed: 1135583069
57.18
nthreads: 1 colors: 43 vertices: 947 edges 43571 colors_table: () bestIndex: 341 seed: 1135583128
58.28
nthreads: 1 colors: 43 vertices: 947 edges 43571 colors_table: () bestIndex: 242 seed: 1135583187
55.20
nthreads: 1 colors: 43 vertices: 947 edges 43571 colors_table: () bestIndex: 354 seed: 1135583243
58.60
nthreads: 1 colors: 43 vertices: 947 edges 43571 colors_table: () bestIndex: 269 seed: 1135583303
55.72
nthreads: 1 colors: 43 vertices: 947 edges 43571 colors_table: () bestIndex: 263 seed: 1135583360
55.98
nthreads: 1 colors: 42 vertices: 947 edges 43571 colors_table: () bestIndex: 578 seed: 1135583417
66.37
nthreads: 1 colors: 42 vertices: 947 edges 43571 colors_table: () bestIndex: 766 seed: 1135583484
72.47
nthreads: 1 colors: 43 vertices: 947 edges 43571 colors_table: () bestIndex: 480 seed: 1135583557
62.19
nthreads: 1 colors: 43 vertices: 947 edges 43571 colors_table: () bestIndex: 270 seed: 1135583621
55.87
nthreads: 1 colors: 43 vertices: 947 edges 43571 colors_table: () bestIndex: 252 seed: 1135583678
55.34
nthreads: 1 colors: 43 vertices: 947 edges 43571 colors_table: () bestIndex: 256 seed: 1135583734
55.74
nthreads: 1 colors: 42 vertices: 947 edges 43571 colors_table: () bestIndex: 660 seed: 1135583791
69.07
nthreads: 1 colors: 43 vertices: 947 edges 43571 colors_table: () bestIndex: 241 seed: 1135583861
55.12
nthreads: 1 colors: 43 vertices: 947 edges 43571 colors_table: () bestIndex: 389 seed: 1135583917
59.75
nthreads: 1 colors: 43 vertices: 947 edges 43571 colors_table: () bestIndex: 275 seed: 1135583978
56.10
nthreads: 1 colors: 43 vertices: 947 edges 43571 colors_table: () bestIndex: 281 seed: 1135584035
56.43
nthreads: 1 colors: 43 vertices: 947 edges 43571 colors_table: () bestIndex: 273 seed: 1135584092
56.07
nthreads: 1 colors: 43 vertices: 947 edges 43571 colors_table: () bestIndex: 423 seed: 1135584149
60.56
nthreads: 1 colors: 43 vertices: 947 edges 43571 colors_table: () bestIndex: 244 seed: 1135584211
55.44
nthreads: 1 colors: 43 vertices: 947 edges 43571 colors_table: () bestIndex: 385 seed: 1135584267
59.52
nthreads: 1 colors: 43 vertices: 947 edges 43571 colors_table: () bestIndex: 280 seed: 1135584328
56.29
nthreads: 1 colors: 43 vertices: 947 edges 43571 colors_table: () bestIndex: 324 seed: 1135584385
57.75
nthreads: 1 colors: 43 vertices: 947 edges 43571 colors_table: () bestIndex: 254 seed: 1135584444
55.51
