wap02a.col.b n_loops: 100 n_threads: 1
Sun Dec 25 03:28:51 EST 2005 /home/thanhvu/nfs/Classic/1225_SameAsPATCHONLY_w_somechangestoprintSol/LogGCP100//1135489520/wap02a.col.b_1135499331.log
Single e3308cd38d8c5eb9b3fc1f01b7fcc13b /home/thanhvu/nfs/Classic/1225_SameAsPATCHONLY_w_somechangestoprintSol/a.out
nthreads: 1 colors: 43 vertices: 2464 edges 111742 colors_table: () bestIndex: 276 seed: 1135499331
110.12
nthreads: 1 colors: 43 vertices: 2464 edges 111742 colors_table: () bestIndex: 302 seed: 1135499442
111.21
nthreads: 1 colors: 43 vertices: 2464 edges 111742 colors_table: () bestIndex: 239 seed: 1135499554
107.68
nthreads: 1 colors: 43 vertices: 2464 edges 111742 colors_table: () bestIndex: 378 seed: 1135499663
115.53
nthreads: 1 colors: 42 vertices: 2464 edges 111742 colors_table: () bestIndex: 1596 seed: 1135499779
191.99
nthreads: 1 colors: 43 vertices: 2464 edges 111742 colors_table: () bestIndex: 272 seed: 1135499972
109.49
nthreads: 1 colors: 43 vertices: 2464 edges 111742 colors_table: () bestIndex: 333 seed: 1135500083
113.31
nthreads: 1 colors: 43 vertices: 2464 edges 111742 colors_table: () bestIndex: 311 seed: 1135500197
110.61
nthreads: 1 colors: 43 vertices: 2464 edges 111742 colors_table: () bestIndex: 429 seed: 1135500309
118.75
nthreads: 1 colors: 42 vertices: 2464 edges 111742 colors_table: () bestIndex: 1647 seed: 1135500429
196.00
nthreads: 1 colors: 43 vertices: 2464 edges 111742 colors_table: () bestIndex: 235 seed: 1135500626
107.22
nthreads: 1 colors: 43 vertices: 2464 edges 111742 colors_table: () bestIndex: 340 seed: 1135500734
113.05
nthreads: 1 colors: 43 vertices: 2464 edges 111742 colors_table: () bestIndex: 300 seed: 1135500848
110.49
nthreads: 1 colors: 42 vertices: 2464 edges 111742 colors_table: () bestIndex: 702 seed: 1135500959
137.83
nthreads: 1 colors: 43 vertices: 2464 edges 111742 colors_table: () bestIndex: 290 seed: 1135501098
110.45
nthreads: 1 colors: 43 vertices: 2464 edges 111742 colors_table: () bestIndex: 280 seed: 1135501210
109.59
nthreads: 1 colors: 43 vertices: 2464 edges 111742 colors_table: () bestIndex: 409 seed: 1135501320
117.13
nthreads: 1 colors: 43 vertices: 2464 edges 111742 colors_table: () bestIndex: 334 seed: 1135501439
112.78
nthreads: 1 colors: 43 vertices: 2464 edges 111742 colors_table: () bestIndex: 232 seed: 1135501552
106.81
nthreads: 1 colors: 43 vertices: 2464 edges 111742 colors_table: () bestIndex: 270 seed: 1135501660
109.45
nthreads: 1 colors: 43 vertices: 2464 edges 111742 colors_table: () bestIndex: 263 seed: 1135501771
108.77
nthreads: 1 colors: 43 vertices: 2464 edges 111742 colors_table: () bestIndex: 274 seed: 1135501880
109.45
nthreads: 1 colors: 42 vertices: 2464 edges 111742 colors_table: () bestIndex: 1418 seed: 1135501991
180.70
nthreads: 1 colors: 43 vertices: 2464 edges 111742 colors_table: () bestIndex: 368 seed: 1135502173
114.40
nthreads: 1 colors: 43 vertices: 2464 edges 111742 colors_table: () bestIndex: 314 seed: 1135502288
111.41
nthreads: 1 colors: 43 vertices: 2464 edges 111742 colors_table: () bestIndex: 258 seed: 1135502400
108.71
nthreads: 1 colors: 43 vertices: 2464 edges 111742 colors_table: () bestIndex: 277 seed: 1135502510
109.19
nthreads: 1 colors: 43 vertices: 2464 edges 111742 colors_table: () bestIndex: 284 seed: 1135502620
110.56
nthreads: 1 colors: 43 vertices: 2464 edges 111742 colors_table: () bestIndex: 284 seed: 1135502732
109.57
nthreads: 1 colors: 43 vertices: 2464 edges 111742 colors_table: () bestIndex: 257 seed: 1135502843
108.20
nthreads: 1 colors: 43 vertices: 2464 edges 111742 colors_table: () bestIndex: 398 seed: 1135502952
116.79
nthreads: 1 colors: 42 vertices: 2464 edges 111742 colors_table: () bestIndex: 496 seed: 1135503070
124.21
nthreads: 1 colors: 43 vertices: 2464 edges 111742 colors_table: () bestIndex: 303 seed: 1135503195
110.37
nthreads: 1 colors: 43 vertices: 2464 edges 111742 colors_table: () bestIndex: 281 seed: 1135503306
109.51
nthreads: 1 colors: 43 vertices: 2464 edges 111742 colors_table: () bestIndex: 351 seed: 1135503417
114.26
nthreads: 1 colors: 43 vertices: 2464 edges 111742 colors_table: () bestIndex: 268 seed: 1135503532
109.07
nthreads: 1 colors: 43 vertices: 2464 edges 111742 colors_table: () bestIndex: 334 seed: 1135503642
113.04
nthreads: 1 colors: 42 vertices: 2464 edges 111742 colors_table: () bestIndex: 1321 seed: 1135503756
174.83
nthreads: 1 colors: 43 vertices: 2464 edges 111742 colors_table: () bestIndex: 319 seed: 1135503932
111.23
nthreads: 1 colors: 43 vertices: 2464 edges 111742 colors_table: () bestIndex: 305 seed: 1135504044
111.51
nthreads: 1 colors: 43 vertices: 2464 edges 111742 colors_table: () bestIndex: 256 seed: 1135504157
108.60
nthreads: 1 colors: 43 vertices: 2464 edges 111742 colors_table: () bestIndex: 296 seed: 1135504266
110.94
nthreads: 1 colors: 42 vertices: 2464 edges 111742 colors_table: () bestIndex: 1109 seed: 1135504378
162.40
nthreads: 1 colors: 42 vertices: 2464 edges 111742 colors_table: () bestIndex: 1700 seed: 1135504542
198.92
nthreads: 1 colors: 43 vertices: 2464 edges 111742 colors_table: () bestIndex: 288 seed: 1135504742
110.48
nthreads: 1 colors: 43 vertices: 2464 edges 111742 colors_table: () bestIndex: 256 seed: 1135504853
109.01
nthreads: 1 colors: 43 vertices: 2464 edges 111742 colors_table: () bestIndex: 306 seed: 1135504963
111.20
nthreads: 1 colors: 43 vertices: 2464 edges 111742 colors_table: () bestIndex: 291 seed: 1135505075
110.27
nthreads: 1 colors: 43 vertices: 2464 edges 111742 colors_table: () bestIndex: 491 seed: 1135505187
122.51
nthreads: 1 colors: 43 vertices: 2464 edges 111742 colors_table: () bestIndex: 287 seed: 1135505310
110.47
nthreads: 1 colors: 43 vertices: 2464 edges 111742 colors_table: () bestIndex: 304 seed: 1135505422
110.70
nthreads: 1 colors: 43 vertices: 2464 edges 111742 colors_table: () bestIndex: 329 seed: 1135505534
112.43
nthreads: 1 colors: 42 vertices: 2464 edges 111742 colors_table: () bestIndex: 887 seed: 1135505647
149.20
nthreads: 1 colors: 43 vertices: 2464 edges 111742 colors_table: () bestIndex: 306 seed: 1135505797
111.57
nthreads: 1 colors: 43 vertices: 2464 edges 111742 colors_table: () bestIndex: 354 seed: 1135505910
114.07
nthreads: 1 colors: 43 vertices: 2464 edges 111742 colors_table: () bestIndex: 306 seed: 1135506025
111.59
nthreads: 1 colors: 42 vertices: 2464 edges 111742 colors_table: () bestIndex: 630 seed: 1135506137
133.33
nthreads: 1 colors: 43 vertices: 2464 edges 111742 colors_table: () bestIndex: 277 seed: 1135506272
109.61
nthreads: 1 colors: 42 vertices: 2464 edges 111742 colors_table: () bestIndex: 536 seed: 1135506382
127.52
nthreads: 1 colors: 43 vertices: 2464 edges 111742 colors_table: () bestIndex: 295 seed: 1135506511
110.69
nthreads: 1 colors: 43 vertices: 2464 edges 111742 colors_table: () bestIndex: 440 seed: 1135506623
119.42
nthreads: 1 colors: 43 vertices: 2464 edges 111742 colors_table: () bestIndex: 322 seed: 1135506743
112.18
nthreads: 1 colors: 43 vertices: 2464 edges 111742 colors_table: () bestIndex: 377 seed: 1135506856
115.48
nthreads: 1 colors: 43 vertices: 2464 edges 111742 colors_table: () bestIndex: 259 seed: 1135506973
108.38
nthreads: 1 colors: 43 vertices: 2464 edges 111742 colors_table: () bestIndex: 223 seed: 1135507082
106.36
nthreads: 1 colors: 42 vertices: 2464 edges 111742 colors_table: () bestIndex: 384 seed: 1135507190
118.42
nthreads: 1 colors: 43 vertices: 2464 edges 111742 colors_table: () bestIndex: 319 seed: 1135507309
112.09
nthreads: 1 colors: 43 vertices: 2464 edges 111742 colors_table: () bestIndex: 297 seed: 1135507422
110.83
nthreads: 1 colors: 43 vertices: 2464 edges 111742 colors_table: () bestIndex: 292 seed: 1135507534
110.37
nthreads: 1 colors: 42 vertices: 2464 edges 111742 colors_table: () bestIndex: 1394 seed: 1135507645
180.15
nthreads: 1 colors: 42 vertices: 2464 edges 111742 colors_table: () bestIndex: 1078 seed: 1135507827
160.53
nthreads: 1 colors: 43 vertices: 2464 edges 111742 colors_table: () bestIndex: 257 seed: 1135507988
107.94
nthreads: 1 colors: 43 vertices: 2464 edges 111742 colors_table: () bestIndex: 266 seed: 1135508097
108.52
nthreads: 1 colors: 42 vertices: 2464 edges 111742 colors_table: () bestIndex: 1252 seed: 1135508207
171.98
nthreads: 1 colors: 43 vertices: 2464 edges 111742 colors_table: () bestIndex: 224 seed: 1135508380
105.75
nthreads: 1 colors: 43 vertices: 2464 edges 111742 colors_table: () bestIndex: 311 seed: 1135508486
111.39
nthreads: 1 colors: 43 vertices: 2464 edges 111742 colors_table: () bestIndex: 283 seed: 1135508599
109.84
nthreads: 1 colors: 43 vertices: 2464 edges 111742 colors_table: () bestIndex: 316 seed: 1135508710
111.72
nthreads: 1 colors: 43 vertices: 2464 edges 111742 colors_table: () bestIndex: 273 seed: 1135508822
109.28
nthreads: 1 colors: 42 vertices: 2464 edges 111742 colors_table: () bestIndex: 483 seed: 1135508933
124.55
nthreads: 1 colors: 43 vertices: 2464 edges 111742 colors_table: () bestIndex: 278 seed: 1135509058
108.76
nthreads: 1 colors: 42 vertices: 2464 edges 111742 colors_table: () bestIndex: 458 seed: 1135509168
122.24
nthreads: 1 colors: 43 vertices: 2464 edges 111742 colors_table: () bestIndex: 274 seed: 1135509291
109.29
nthreads: 1 colors: 42 vertices: 2464 edges 111742 colors_table: () bestIndex: 1117 seed: 1135509402
161.63
nthreads: 1 colors: 43 vertices: 2464 edges 111742 colors_table: () bestIndex: 372 seed: 1135509564
115.09
nthreads: 1 colors: 43 vertices: 2464 edges 111742 colors_table: () bestIndex: 317 seed: 1135509680
111.91
nthreads: 1 colors: 43 vertices: 2464 edges 111742 colors_table: () bestIndex: 272 seed: 1135509793
109.21
nthreads: 1 colors: 43 vertices: 2464 edges 111742 colors_table: () bestIndex: 352 seed: 1135509904
113.79
nthreads: 1 colors: 43 vertices: 2464 edges 111742 colors_table: () bestIndex: 282 seed: 1135510018
109.83
nthreads: 1 colors: 42 vertices: 2464 edges 111742 colors_table: () bestIndex: 1276 seed: 1135510129
171.83
nthreads: 1 colors: 43 vertices: 2464 edges 111742 colors_table: () bestIndex: 267 seed: 1135510302
109.06
nthreads: 1 colors: 42 vertices: 2464 edges 111742 colors_table: () bestIndex: 642 seed: 1135510412
133.40
nthreads: 1 colors: 43 vertices: 2464 edges 111742 colors_table: () bestIndex: 346 seed: 1135510547
113.66
nthreads: 1 colors: 43 vertices: 2464 edges 111742 colors_table: () bestIndex: 453 seed: 1135510661
120.02
nthreads: 1 colors: 43 vertices: 2464 edges 111742 colors_table: () bestIndex: 298 seed: 1135510782
110.85
nthreads: 1 colors: 43 vertices: 2464 edges 111742 colors_table: () bestIndex: 323 seed: 1135510894
111.60
nthreads: 1 colors: 43 vertices: 2464 edges 111742 colors_table: () bestIndex: 252 seed: 1135511007
107.79
nthreads: 1 colors: 42 vertices: 2464 edges 111742 colors_table: () bestIndex: 794 seed: 1135511116
143.06
nthreads: 1 colors: 43 vertices: 2464 edges 111742 colors_table: () bestIndex: 252 seed: 1135511260
108.17
nthreads: 1 colors: 42 vertices: 2464 edges 111742 colors_table: () bestIndex: 681 seed: 1135511369
136.14
