1-FullIns_4.col.b n_loops: 100 n_threads: 1
Thu Jul 20 03:43:58 EDT 2006 /home/thanhvu/nfs/Classic/1225_SameAsPATCHONLY_w_somechangestoprintSol/log_dir//1153381331/1-FullIns_4.col.b_1153381438.log
Single cedf232c677ebdd3c298dee92578679f /home/thanhvu/nfs/Classic/1225_SameAsPATCHONLY_w_somechangestoprintSol/a.out
nthreads: 1 colors: 5 vertices: 93 edges 593 colors_table: () bestIndex: 0 seed: 1153381438
0.35
nthreads: 1 colors: 5 vertices: 93 edges 593 colors_table: () bestIndex: 0 seed: 1153381440
0.35
nthreads: 1 colors: 5 vertices: 93 edges 593 colors_table: () bestIndex: 0 seed: 1153381441
0.36
nthreads: 1 colors: 5 vertices: 93 edges 593 colors_table: () bestIndex: 0 seed: 1153381442
0.36
nthreads: 1 colors: 5 vertices: 93 edges 593 colors_table: () bestIndex: 0 seed: 1153381444
0.35
nthreads: 1 colors: 5 vertices: 93 edges 593 colors_table: () bestIndex: 0 seed: 1153381445
0.35
nthreads: 1 colors: 5 vertices: 93 edges 593 colors_table: () bestIndex: 0 seed: 1153381447
0.35
nthreads: 1 colors: 5 vertices: 93 edges 593 colors_table: () bestIndex: 0 seed: 1153381448
0.35
nthreads: 1 colors: 5 vertices: 93 edges 593 colors_table: () bestIndex: 0 seed: 1153381449
0.36
nthreads: 1 colors: 5 vertices: 93 edges 593 colors_table: () bestIndex: 0 seed: 1153381451
0.36
nthreads: 1 colors: 5 vertices: 93 edges 593 colors_table: () bestIndex: 0 seed: 1153381452
0.35
nthreads: 1 colors: 5 vertices: 93 edges 593 colors_table: () bestIndex: 0 seed: 1153381453
0.35
nthreads: 1 colors: 5 vertices: 93 edges 593 colors_table: () bestIndex: 0 seed: 1153381455
0.35
nthreads: 1 colors: 5 vertices: 93 edges 593 colors_table: () bestIndex: 0 seed: 1153381456
0.35
nthreads: 1 colors: 5 vertices: 93 edges 593 colors_table: () bestIndex: 0 seed: 1153381458
0.35
nthreads: 1 colors: 5 vertices: 93 edges 593 colors_table: () bestIndex: 0 seed: 1153381459
0.35
nthreads: 1 colors: 5 vertices: 93 edges 593 colors_table: () bestIndex: 0 seed: 1153381460
0.36
nthreads: 1 colors: 5 vertices: 93 edges 593 colors_table: () bestIndex: 0 seed: 1153381462
0.36
nthreads: 1 colors: 5 vertices: 93 edges 593 colors_table: () bestIndex: 0 seed: 1153381463
0.36
nthreads: 1 colors: 5 vertices: 93 edges 593 colors_table: () bestIndex: 0 seed: 1153381465
0.35
nthreads: 1 colors: 5 vertices: 93 edges 593 colors_table: () bestIndex: 0 seed: 1153381466
0.36
nthreads: 1 colors: 5 vertices: 93 edges 593 colors_table: () bestIndex: 0 seed: 1153381467
0.35
nthreads: 1 colors: 5 vertices: 93 edges 593 colors_table: () bestIndex: 0 seed: 1153381469
0.35
nthreads: 1 colors: 5 vertices: 93 edges 593 colors_table: () bestIndex: 0 seed: 1153381470
0.35
nthreads: 1 colors: 5 vertices: 93 edges 593 colors_table: () bestIndex: 0 seed: 1153381472
0.35
nthreads: 1 colors: 5 vertices: 93 edges 593 colors_table: () bestIndex: 0 seed: 1153381473
0.36
nthreads: 1 colors: 5 vertices: 93 edges 593 colors_table: () bestIndex: 0 seed: 1153381474
0.36
nthreads: 1 colors: 5 vertices: 93 edges 593 colors_table: () bestIndex: 0 seed: 1153381476
0.35
nthreads: 1 colors: 5 vertices: 93 edges 593 colors_table: () bestIndex: 0 seed: 1153381477
0.35
nthreads: 1 colors: 5 vertices: 93 edges 593 colors_table: () bestIndex: 0 seed: 1153381479
0.35
nthreads: 1 colors: 5 vertices: 93 edges 593 colors_table: () bestIndex: 0 seed: 1153381480
0.35
nthreads: 1 colors: 5 vertices: 93 edges 593 colors_table: () bestIndex: 0 seed: 1153381481
0.35
nthreads: 1 colors: 5 vertices: 93 edges 593 colors_table: () bestIndex: 0 seed: 1153381483
0.36
nthreads: 1 colors: 5 vertices: 93 edges 593 colors_table: () bestIndex: 0 seed: 1153381484
0.35
nthreads: 1 colors: 5 vertices: 93 edges 593 colors_table: () bestIndex: 0 seed: 1153381486
0.35
nthreads: 1 colors: 5 vertices: 93 edges 593 colors_table: () bestIndex: 0 seed: 1153381487
0.35
nthreads: 1 colors: 5 vertices: 93 edges 593 colors_table: () bestIndex: 0 seed: 1153381488
0.35
nthreads: 1 colors: 5 vertices: 93 edges 593 colors_table: () bestIndex: 0 seed: 1153381490
0.36
nthreads: 1 colors: 5 vertices: 93 edges 593 colors_table: () bestIndex: 0 seed: 1153381491
0.35
nthreads: 1 colors: 5 vertices: 93 edges 593 colors_table: () bestIndex: 0 seed: 1153381492
0.36
nthreads: 1 colors: 5 vertices: 93 edges 593 colors_table: () bestIndex: 0 seed: 1153381494
0.35
nthreads: 1 colors: 5 vertices: 93 edges 593 colors_table: () bestIndex: 0 seed: 1153381495
0.36
nthreads: 1 colors: 5 vertices: 93 edges 593 colors_table: () bestIndex: 0 seed: 1153381497
0.36
nthreads: 1 colors: 5 vertices: 93 edges 593 colors_table: () bestIndex: 0 seed: 1153381498
0.36
nthreads: 1 colors: 5 vertices: 93 edges 593 colors_table: () bestIndex: 0 seed: 1153381499
0.35
nthreads: 1 colors: 5 vertices: 93 edges 593 colors_table: () bestIndex: 0 seed: 1153381501
0.35
nthreads: 1 colors: 5 vertices: 93 edges 593 colors_table: () bestIndex: 0 seed: 1153381502
0.35
nthreads: 1 colors: 5 vertices: 93 edges 593 colors_table: () bestIndex: 0 seed: 1153381504
0.35
nthreads: 1 colors: 5 vertices: 93 edges 593 colors_table: () bestIndex: 0 seed: 1153381505
0.35
nthreads: 1 colors: 5 vertices: 93 edges 593 colors_table: () bestIndex: 0 seed: 1153381506
0.35
nthreads: 1 colors: 5 vertices: 93 edges 593 colors_table: () bestIndex: 0 seed: 1153381508
0.35
nthreads: 1 colors: 5 vertices: 93 edges 593 colors_table: () bestIndex: 0 seed: 1153381509
0.36
nthreads: 1 colors: 5 vertices: 93 edges 593 colors_table: () bestIndex: 0 seed: 1153381511
0.36
nthreads: 1 colors: 5 vertices: 93 edges 593 colors_table: () bestIndex: 0 seed: 1153381512
0.36
nthreads: 1 colors: 5 vertices: 93 edges 593 colors_table: () bestIndex: 0 seed: 1153381513
0.36
nthreads: 1 colors: 5 vertices: 93 edges 593 colors_table: () bestIndex: 0 seed: 1153381515
0.34
nthreads: 1 colors: 5 vertices: 93 edges 593 colors_table: () bestIndex: 0 seed: 1153381516
0.35
nthreads: 1 colors: 5 vertices: 93 edges 593 colors_table: () bestIndex: 0 seed: 1153381518
0.38
nthreads: 1 colors: 5 vertices: 93 edges 593 colors_table: () bestIndex: 0 seed: 1153381519
0.35
nthreads: 1 colors: 5 vertices: 93 edges 593 colors_table: () bestIndex: 0 seed: 1153381520
0.36
nthreads: 1 colors: 5 vertices: 93 edges 593 colors_table: () bestIndex: 0 seed: 1153381522
0.35
nthreads: 1 colors: 5 vertices: 93 edges 593 colors_table: () bestIndex: 0 seed: 1153381523
0.35
nthreads: 1 colors: 5 vertices: 93 edges 593 colors_table: () bestIndex: 0 seed: 1153381525
0.35
nthreads: 1 colors: 5 vertices: 93 edges 593 colors_table: () bestIndex: 0 seed: 1153381526
0.35
nthreads: 1 colors: 5 vertices: 93 edges 593 colors_table: () bestIndex: 0 seed: 1153381527
0.34
nthreads: 1 colors: 5 vertices: 93 edges 593 colors_table: () bestIndex: 0 seed: 1153381529
0.35
nthreads: 1 colors: 5 vertices: 93 edges 593 colors_table: () bestIndex: 0 seed: 1153381530
0.35
nthreads: 1 colors: 5 vertices: 93 edges 593 colors_table: () bestIndex: 0 seed: 1153381531
0.36
nthreads: 1 colors: 5 vertices: 93 edges 593 colors_table: () bestIndex: 0 seed: 1153381533
0.35
nthreads: 1 colors: 5 vertices: 93 edges 593 colors_table: () bestIndex: 0 seed: 1153381534
0.35
nthreads: 1 colors: 5 vertices: 93 edges 593 colors_table: () bestIndex: 0 seed: 1153381536
0.35
nthreads: 1 colors: 5 vertices: 93 edges 593 colors_table: () bestIndex: 0 seed: 1153381537
0.35
nthreads: 1 colors: 5 vertices: 93 edges 593 colors_table: () bestIndex: 0 seed: 1153381538
0.35
nthreads: 1 colors: 5 vertices: 93 edges 593 colors_table: () bestIndex: 0 seed: 1153381540
0.35
nthreads: 1 colors: 5 vertices: 93 edges 593 colors_table: () bestIndex: 0 seed: 1153381541
0.36
nthreads: 1 colors: 5 vertices: 93 edges 593 colors_table: () bestIndex: 0 seed: 1153381543
0.35
nthreads: 1 colors: 5 vertices: 93 edges 593 colors_table: () bestIndex: 0 seed: 1153381544
0.36
nthreads: 1 colors: 5 vertices: 93 edges 593 colors_table: () bestIndex: 0 seed: 1153381545
0.35
nthreads: 1 colors: 5 vertices: 93 edges 593 colors_table: () bestIndex: 0 seed: 1153381547
0.34
nthreads: 1 colors: 5 vertices: 93 edges 593 colors_table: () bestIndex: 0 seed: 1153381548
0.35
nthreads: 1 colors: 5 vertices: 93 edges 593 colors_table: () bestIndex: 0 seed: 1153381550
0.35
nthreads: 1 colors: 5 vertices: 93 edges 593 colors_table: () bestIndex: 0 seed: 1153381551
0.39
nthreads: 1 colors: 5 vertices: 93 edges 593 colors_table: () bestIndex: 0 seed: 1153381552
0.35
nthreads: 1 colors: 5 vertices: 93 edges 593 colors_table: () bestIndex: 0 seed: 1153381554
0.35
nthreads: 1 colors: 5 vertices: 93 edges 593 colors_table: () bestIndex: 0 seed: 1153381555
0.35
nthreads: 1 colors: 5 vertices: 93 edges 593 colors_table: () bestIndex: 0 seed: 1153381557
0.35
nthreads: 1 colors: 5 vertices: 93 edges 593 colors_table: () bestIndex: 0 seed: 1153381558
0.35
nthreads: 1 colors: 5 vertices: 93 edges 593 colors_table: () bestIndex: 0 seed: 1153381559
0.35
nthreads: 1 colors: 5 vertices: 93 edges 593 colors_table: () bestIndex: 0 seed: 1153381561
0.36
nthreads: 1 colors: 5 vertices: 93 edges 593 colors_table: () bestIndex: 0 seed: 1153381562
0.35
nthreads: 1 colors: 5 vertices: 93 edges 593 colors_table: () bestIndex: 0 seed: 1153381564
0.35
nthreads: 1 colors: 5 vertices: 93 edges 593 colors_table: () bestIndex: 0 seed: 1153381565
0.36
nthreads: 1 colors: 5 vertices: 93 edges 593 colors_table: () bestIndex: 0 seed: 1153381566
0.35
nthreads: 1 colors: 5 vertices: 93 edges 593 colors_table: () bestIndex: 0 seed: 1153381568
0.35
nthreads: 1 colors: 5 vertices: 93 edges 593 colors_table: () bestIndex: 0 seed: 1153381569
0.36
nthreads: 1 colors: 5 vertices: 93 edges 593 colors_table: () bestIndex: 0 seed: 1153381570
0.35
nthreads: 1 colors: 5 vertices: 93 edges 593 colors_table: () bestIndex: 0 seed: 1153381572
0.35
nthreads: 1 colors: 5 vertices: 93 edges 593 colors_table: () bestIndex: 0 seed: 1153381573
0.35
nthreads: 1 colors: 5 vertices: 93 edges 593 colors_table: () bestIndex: 0 seed: 1153381575
0.36
nthreads: 1 colors: 5 vertices: 93 edges 593 colors_table: () bestIndex: 0 seed: 1153381576
0.36
