2-FullIns_4.col.b n_loops: 100 n_threads: 1
Thu Jul 20 02:54:48 EDT 2006 /home/thanhvu/nfs/Classic/1225_SameAsPATCHONLY_w_somechangestoprintSol/log_dir//1153378380/2-FullIns_4.col.b_1153378488.log
Single cedf232c677ebdd3c298dee92578679f /home/thanhvu/nfs/Classic/1225_SameAsPATCHONLY_w_somechangestoprintSol/a.out
nthreads: 1 colors: 6 vertices: 212 edges 1621 colors_table: () bestIndex: 0 seed: 1153378488
2.06
nthreads: 1 colors: 6 vertices: 212 edges 1621 colors_table: () bestIndex: 0 seed: 1153378491
2.12
nthreads: 1 colors: 6 vertices: 212 edges 1621 colors_table: () bestIndex: 0 seed: 1153378494
2.04
nthreads: 1 colors: 6 vertices: 212 edges 1621 colors_table: () bestIndex: 0 seed: 1153378497
2.05
nthreads: 1 colors: 6 vertices: 212 edges 1621 colors_table: () bestIndex: 0 seed: 1153378500
2.13
nthreads: 1 colors: 6 vertices: 212 edges 1621 colors_table: () bestIndex: 0 seed: 1153378503
2.05
nthreads: 1 colors: 6 vertices: 212 edges 1621 colors_table: () bestIndex: 0 seed: 1153378506
2.14
nthreads: 1 colors: 6 vertices: 212 edges 1621 colors_table: () bestIndex: 0 seed: 1153378509
2.12
nthreads: 1 colors: 6 vertices: 212 edges 1621 colors_table: () bestIndex: 0 seed: 1153378512
2.10
nthreads: 1 colors: 6 vertices: 212 edges 1621 colors_table: () bestIndex: 0 seed: 1153378516
2.05
nthreads: 1 colors: 6 vertices: 212 edges 1621 colors_table: () bestIndex: 0 seed: 1153378519
2.03
nthreads: 1 colors: 6 vertices: 212 edges 1621 colors_table: () bestIndex: 0 seed: 1153378522
2.11
nthreads: 1 colors: 6 vertices: 212 edges 1621 colors_table: () bestIndex: 0 seed: 1153378525
2.03
nthreads: 1 colors: 6 vertices: 212 edges 1621 colors_table: () bestIndex: 0 seed: 1153378528
2.22
nthreads: 1 colors: 6 vertices: 212 edges 1621 colors_table: () bestIndex: 0 seed: 1153378531
2.07
nthreads: 1 colors: 6 vertices: 212 edges 1621 colors_table: () bestIndex: 0 seed: 1153378534
2.11
nthreads: 1 colors: 6 vertices: 212 edges 1621 colors_table: () bestIndex: 0 seed: 1153378537
2.10
nthreads: 1 colors: 6 vertices: 212 edges 1621 colors_table: () bestIndex: 0 seed: 1153378540
2.09
nthreads: 1 colors: 6 vertices: 212 edges 1621 colors_table: () bestIndex: 0 seed: 1153378544
2.09
nthreads: 1 colors: 6 vertices: 212 edges 1621 colors_table: () bestIndex: 0 seed: 1153378547
2.09
nthreads: 1 colors: 6 vertices: 212 edges 1621 colors_table: () bestIndex: 0 seed: 1153378550
2.04
nthreads: 1 colors: 6 vertices: 212 edges 1621 colors_table: () bestIndex: 0 seed: 1153378553
2.09
nthreads: 1 colors: 6 vertices: 212 edges 1621 colors_table: () bestIndex: 0 seed: 1153378556
2.09
nthreads: 1 colors: 6 vertices: 212 edges 1621 colors_table: () bestIndex: 0 seed: 1153378559
2.05
nthreads: 1 colors: 6 vertices: 212 edges 1621 colors_table: () bestIndex: 0 seed: 1153378562
2.03
nthreads: 1 colors: 6 vertices: 212 edges 1621 colors_table: () bestIndex: 0 seed: 1153378565
2.11
nthreads: 1 colors: 6 vertices: 212 edges 1621 colors_table: () bestIndex: 0 seed: 1153378568
2.08
nthreads: 1 colors: 6 vertices: 212 edges 1621 colors_table: () bestIndex: 0 seed: 1153378571
2.11
nthreads: 1 colors: 6 vertices: 212 edges 1621 colors_table: () bestIndex: 0 seed: 1153378574
2.08
nthreads: 1 colors: 6 vertices: 212 edges 1621 colors_table: () bestIndex: 0 seed: 1153378578
2.09
nthreads: 1 colors: 6 vertices: 212 edges 1621 colors_table: () bestIndex: 0 seed: 1153378581
2.09
nthreads: 1 colors: 6 vertices: 212 edges 1621 colors_table: () bestIndex: 0 seed: 1153378584
2.10
nthreads: 1 colors: 6 vertices: 212 edges 1621 colors_table: () bestIndex: 0 seed: 1153378587
2.11
nthreads: 1 colors: 6 vertices: 212 edges 1621 colors_table: () bestIndex: 0 seed: 1153378590
2.09
nthreads: 1 colors: 6 vertices: 212 edges 1621 colors_table: () bestIndex: 0 seed: 1153378593
2.09
nthreads: 1 colors: 6 vertices: 212 edges 1621 colors_table: () bestIndex: 0 seed: 1153378596
2.10
nthreads: 1 colors: 6 vertices: 212 edges 1621 colors_table: () bestIndex: 0 seed: 1153378599
2.17
nthreads: 1 colors: 6 vertices: 212 edges 1621 colors_table: () bestIndex: 0 seed: 1153378602
2.07
nthreads: 1 colors: 6 vertices: 212 edges 1621 colors_table: () bestIndex: 0 seed: 1153378606
2.10
nthreads: 1 colors: 6 vertices: 212 edges 1621 colors_table: () bestIndex: 0 seed: 1153378609
2.11
nthreads: 1 colors: 6 vertices: 212 edges 1621 colors_table: () bestIndex: 0 seed: 1153378612
2.04
nthreads: 1 colors: 6 vertices: 212 edges 1621 colors_table: () bestIndex: 0 seed: 1153378615
2.11
nthreads: 1 colors: 6 vertices: 212 edges 1621 colors_table: () bestIndex: 0 seed: 1153378618
2.09
nthreads: 1 colors: 6 vertices: 212 edges 1621 colors_table: () bestIndex: 0 seed: 1153378621
2.08
nthreads: 1 colors: 6 vertices: 212 edges 1621 colors_table: () bestIndex: 0 seed: 1153378624
2.31
nthreads: 1 colors: 6 vertices: 212 edges 1621 colors_table: () bestIndex: 0 seed: 1153378628
2.11
nthreads: 1 colors: 6 vertices: 212 edges 1621 colors_table: () bestIndex: 0 seed: 1153378631
2.05
nthreads: 1 colors: 6 vertices: 212 edges 1621 colors_table: () bestIndex: 0 seed: 1153378634
2.10
nthreads: 1 colors: 6 vertices: 212 edges 1621 colors_table: () bestIndex: 0 seed: 1153378637
2.12
nthreads: 1 colors: 6 vertices: 212 edges 1621 colors_table: () bestIndex: 0 seed: 1153378640
2.09
nthreads: 1 colors: 6 vertices: 212 edges 1621 colors_table: () bestIndex: 0 seed: 1153378643
2.08
nthreads: 1 colors: 6 vertices: 212 edges 1621 colors_table: () bestIndex: 0 seed: 1153378646
2.12
nthreads: 1 colors: 6 vertices: 212 edges 1621 colors_table: () bestIndex: 0 seed: 1153378649
2.01
nthreads: 1 colors: 6 vertices: 212 edges 1621 colors_table: () bestIndex: 0 seed: 1153378652
2.07
nthreads: 1 colors: 6 vertices: 212 edges 1621 colors_table: () bestIndex: 0 seed: 1153378655
2.11
nthreads: 1 colors: 6 vertices: 212 edges 1621 colors_table: () bestIndex: 0 seed: 1153378659
2.05
nthreads: 1 colors: 6 vertices: 212 edges 1621 colors_table: () bestIndex: 0 seed: 1153378662
2.09
nthreads: 1 colors: 6 vertices: 212 edges 1621 colors_table: () bestIndex: 0 seed: 1153378665
2.12
nthreads: 1 colors: 6 vertices: 212 edges 1621 colors_table: () bestIndex: 0 seed: 1153378668
2.12
nthreads: 1 colors: 6 vertices: 212 edges 1621 colors_table: () bestIndex: 0 seed: 1153378671
2.09
nthreads: 1 colors: 6 vertices: 212 edges 1621 colors_table: () bestIndex: 0 seed: 1153378674
2.11
nthreads: 1 colors: 6 vertices: 212 edges 1621 colors_table: () bestIndex: 0 seed: 1153378677
2.10
nthreads: 1 colors: 6 vertices: 212 edges 1621 colors_table: () bestIndex: 0 seed: 1153378680
2.10
nthreads: 1 colors: 6 vertices: 212 edges 1621 colors_table: () bestIndex: 0 seed: 1153378683
2.08
nthreads: 1 colors: 6 vertices: 212 edges 1621 colors_table: () bestIndex: 0 seed: 1153378687
2.06
nthreads: 1 colors: 6 vertices: 212 edges 1621 colors_table: () bestIndex: 0 seed: 1153378690
2.10
nthreads: 1 colors: 6 vertices: 212 edges 1621 colors_table: () bestIndex: 0 seed: 1153378693
2.04
nthreads: 1 colors: 6 vertices: 212 edges 1621 colors_table: () bestIndex: 0 seed: 1153378696
2.10
nthreads: 1 colors: 6 vertices: 212 edges 1621 colors_table: () bestIndex: 0 seed: 1153378699
2.05
nthreads: 1 colors: 6 vertices: 212 edges 1621 colors_table: () bestIndex: 0 seed: 1153378702
2.10
nthreads: 1 colors: 6 vertices: 212 edges 1621 colors_table: () bestIndex: 0 seed: 1153378705
2.11
nthreads: 1 colors: 6 vertices: 212 edges 1621 colors_table: () bestIndex: 0 seed: 1153378708
2.08
nthreads: 1 colors: 6 vertices: 212 edges 1621 colors_table: () bestIndex: 0 seed: 1153378711
2.08
nthreads: 1 colors: 6 vertices: 212 edges 1621 colors_table: () bestIndex: 0 seed: 1153378714
2.12
nthreads: 1 colors: 6 vertices: 212 edges 1621 colors_table: () bestIndex: 0 seed: 1153378718
2.09
nthreads: 1 colors: 6 vertices: 212 edges 1621 colors_table: () bestIndex: 0 seed: 1153378721
2.07
nthreads: 1 colors: 6 vertices: 212 edges 1621 colors_table: () bestIndex: 0 seed: 1153378724
2.11
nthreads: 1 colors: 6 vertices: 212 edges 1621 colors_table: () bestIndex: 0 seed: 1153378727
2.12
nthreads: 1 colors: 6 vertices: 212 edges 1621 colors_table: () bestIndex: 0 seed: 1153378730
2.09
nthreads: 1 colors: 6 vertices: 212 edges 1621 colors_table: () bestIndex: 0 seed: 1153378733
2.02
nthreads: 1 colors: 6 vertices: 212 edges 1621 colors_table: () bestIndex: 0 seed: 1153378736
2.49
nthreads: 1 colors: 6 vertices: 212 edges 1621 colors_table: () bestIndex: 0 seed: 1153378740
2.10
nthreads: 1 colors: 6 vertices: 212 edges 1621 colors_table: () bestIndex: 0 seed: 1153378743
2.04
nthreads: 1 colors: 6 vertices: 212 edges 1621 colors_table: () bestIndex: 0 seed: 1153378746
2.09
nthreads: 1 colors: 6 vertices: 212 edges 1621 colors_table: () bestIndex: 0 seed: 1153378749
2.11
nthreads: 1 colors: 6 vertices: 212 edges 1621 colors_table: () bestIndex: 0 seed: 1153378752
2.10
nthreads: 1 colors: 6 vertices: 212 edges 1621 colors_table: () bestIndex: 0 seed: 1153378755
2.09
nthreads: 1 colors: 6 vertices: 212 edges 1621 colors_table: () bestIndex: 0 seed: 1153378758
2.15
nthreads: 1 colors: 6 vertices: 212 edges 1621 colors_table: () bestIndex: 0 seed: 1153378761
2.11
nthreads: 1 colors: 6 vertices: 212 edges 1621 colors_table: () bestIndex: 0 seed: 1153378765
2.09
nthreads: 1 colors: 6 vertices: 212 edges 1621 colors_table: () bestIndex: 0 seed: 1153378768
2.11
nthreads: 1 colors: 6 vertices: 212 edges 1621 colors_table: () bestIndex: 0 seed: 1153378771
2.11
nthreads: 1 colors: 6 vertices: 212 edges 1621 colors_table: () bestIndex: 0 seed: 1153378774
2.10
nthreads: 1 colors: 6 vertices: 212 edges 1621 colors_table: () bestIndex: 0 seed: 1153378777
2.09
nthreads: 1 colors: 6 vertices: 212 edges 1621 colors_table: () bestIndex: 0 seed: 1153378780
2.05
nthreads: 1 colors: 6 vertices: 212 edges 1621 colors_table: () bestIndex: 0 seed: 1153378783
2.10
nthreads: 1 colors: 6 vertices: 212 edges 1621 colors_table: () bestIndex: 0 seed: 1153378786
2.10
nthreads: 1 colors: 6 vertices: 212 edges 1621 colors_table: () bestIndex: 0 seed: 1153378789
2.13
nthreads: 1 colors: 6 vertices: 212 edges 1621 colors_table: () bestIndex: 0 seed: 1153378793
2.11
nthreads: 1 colors: 6 vertices: 212 edges 1621 colors_table: () bestIndex: 0 seed: 1153378796
2.08
