2-Insertions_5.col.b n_loops: 100 n_threads: 1
Thu Jul 20 03:43:09 EDT 2006 /home/thanhvu/nfs/Classic/1225_SameAsPATCHONLY_w_somechangestoprintSol/log_dir//1153378380/2-Insertions_5.col.b_1153381389.log
Single cedf232c677ebdd3c298dee92578679f /home/thanhvu/nfs/Classic/1225_SameAsPATCHONLY_w_somechangestoprintSol/a.out
Command exited with non-zero status 10
0.00
Command exited with non-zero status 10
0.00
Command exited with non-zero status 10
0.00
Command exited with non-zero status 10
0.00
Command exited with non-zero status 10
0.00
Command exited with non-zero status 10
0.00
Command exited with non-zero status 10
0.00
Command exited with non-zero status 10
0.00
Command exited with non-zero status 10
0.00
Command exited with non-zero status 10
0.00
Command exited with non-zero status 10
0.00
Command exited with non-zero status 10
0.00
Command exited with non-zero status 10
0.00
Command exited with non-zero status 10
0.00
Command exited with non-zero status 10
0.00
Command exited with non-zero status 10
0.00
Command exited with non-zero status 10
0.00
Command exited with non-zero status 10
0.00
Command exited with non-zero status 10
0.00
Command exited with non-zero status 10
0.00
Command exited with non-zero status 10
0.00
Command exited with non-zero status 10
0.00
Command exited with non-zero status 10
0.00
Command exited with non-zero status 10
0.00
Command exited with non-zero status 10
0.00
Command exited with non-zero status 10
0.00
Command exited with non-zero status 10
0.00
Command exited with non-zero status 10
0.00
Command exited with non-zero status 10
0.00
Command exited with non-zero status 10
0.00
Command exited with non-zero status 10
0.00
Command exited with non-zero status 10
0.00
Command exited with non-zero status 10
0.00
Command exited with non-zero status 10
0.00
Command exited with non-zero status 10
0.00
Command exited with non-zero status 10
0.00
Command exited with non-zero status 10
0.00
Command exited with non-zero status 10
0.00
Command exited with non-zero status 10
0.00
Command exited with non-zero status 10
0.00
Command exited with non-zero status 10
0.00
Command exited with non-zero status 10
0.00
Command exited with non-zero status 10
0.00
Command exited with non-zero status 10
0.00
Command exited with non-zero status 10
0.00
Command exited with non-zero status 10
0.00
Command exited with non-zero status 10
0.00
Command exited with non-zero status 10
0.01
Command exited with non-zero status 10
0.00
Command exited with non-zero status 10
0.00
Command exited with non-zero status 10
0.00
Command exited with non-zero status 10
0.00
Command exited with non-zero status 10
0.00
Command exited with non-zero status 10
0.00
Command exited with non-zero status 10
0.00
Command exited with non-zero status 10
0.00
Command exited with non-zero status 10
0.00
Command exited with non-zero status 10
0.00
Command exited with non-zero status 10
0.00
Command exited with non-zero status 10
0.00
Command exited with non-zero status 10
0.00
Command exited with non-zero status 10
0.00
Command exited with non-zero status 10
0.00
Command exited with non-zero status 10
0.00
Command exited with non-zero status 10
0.00
Command exited with non-zero status 10
0.00
Command exited with non-zero status 10
0.00
Command exited with non-zero status 10
0.00
Command exited with non-zero status 10
0.00
Command exited with non-zero status 10
0.00
Command exited with non-zero status 10
0.00
Command exited with non-zero status 10
0.00
Command exited with non-zero status 10
0.00
Command exited with non-zero status 10
0.00
Command exited with non-zero status 10
0.00
Command exited with non-zero status 10
0.00
Command exited with non-zero status 10
0.00
Command exited with non-zero status 10
0.00
Command exited with non-zero status 10
0.00
Command exited with non-zero status 10
0.00
Command exited with non-zero status 10
0.00
Command exited with non-zero status 10
0.00
Command exited with non-zero status 10
0.00
Command exited with non-zero status 10
0.00
Command exited with non-zero status 10
0.00
Command exited with non-zero status 10
0.00
Command exited with non-zero status 10
0.00
Command exited with non-zero status 10
0.00
Command exited with non-zero status 10
0.00
Command exited with non-zero status 10
0.00
Command exited with non-zero status 10
0.00
Command exited with non-zero status 10
0.00
Command exited with non-zero status 10
0.00
Command exited with non-zero status 10
0.00
Command exited with non-zero status 10
0.00
Command exited with non-zero status 10
0.00
Command exited with non-zero status 10
0.00
Command exited with non-zero status 10
0.00
Command exited with non-zero status 10
0.00
Command exited with non-zero status 10
0.00
