3-FullIns_3.col.b n_loops: 100 n_threads: 1
Thu Jul 20 01:00:16 EDT 2006 /home/thanhvu/nfs/Classic/1225_SameAsPATCHONLY_w_somechangestoprintSol/log_dir//1153371616/3-FullIns_3.col.b_1153371616.log
Single cedf232c677ebdd3c298dee92578679f /home/thanhvu/nfs/Classic/1225_SameAsPATCHONLY_w_somechangestoprintSol/a.out
nthreads: 1 colors: 6 vertices: 80 edges 346 colors_table: () bestIndex: 0 seed: 1153371616
0.22
nthreads: 1 colors: 6 vertices: 80 edges 346 colors_table: () bestIndex: 0 seed: 1153371617
0.23
nthreads: 1 colors: 6 vertices: 80 edges 346 colors_table: () bestIndex: 0 seed: 1153371618
0.22
nthreads: 1 colors: 6 vertices: 80 edges 346 colors_table: () bestIndex: 0 seed: 1153371620
0.22
nthreads: 1 colors: 6 vertices: 80 edges 346 colors_table: () bestIndex: 0 seed: 1153371621
0.22
nthreads: 1 colors: 6 vertices: 80 edges 346 colors_table: () bestIndex: 0 seed: 1153371622
0.22
nthreads: 1 colors: 6 vertices: 80 edges 346 colors_table: () bestIndex: 0 seed: 1153371623
0.22
nthreads: 1 colors: 6 vertices: 80 edges 346 colors_table: () bestIndex: 0 seed: 1153371625
0.23
nthreads: 1 colors: 6 vertices: 80 edges 346 colors_table: () bestIndex: 0 seed: 1153371626
0.22
nthreads: 1 colors: 6 vertices: 80 edges 346 colors_table: () bestIndex: 0 seed: 1153371627
0.23
nthreads: 1 colors: 6 vertices: 80 edges 346 colors_table: () bestIndex: 0 seed: 1153371628
0.22
nthreads: 1 colors: 6 vertices: 80 edges 346 colors_table: () bestIndex: 0 seed: 1153371630
0.22
nthreads: 1 colors: 6 vertices: 80 edges 346 colors_table: () bestIndex: 0 seed: 1153371631
0.23
nthreads: 1 colors: 6 vertices: 80 edges 346 colors_table: () bestIndex: 0 seed: 1153371632
0.23
nthreads: 1 colors: 6 vertices: 80 edges 346 colors_table: () bestIndex: 0 seed: 1153371633
0.22
nthreads: 1 colors: 6 vertices: 80 edges 346 colors_table: () bestIndex: 0 seed: 1153371635
0.22
nthreads: 1 colors: 6 vertices: 80 edges 346 colors_table: () bestIndex: 0 seed: 1153371636
0.21
nthreads: 1 colors: 6 vertices: 80 edges 346 colors_table: () bestIndex: 0 seed: 1153371637
0.23
nthreads: 1 colors: 6 vertices: 80 edges 346 colors_table: () bestIndex: 0 seed: 1153371638
0.23
nthreads: 1 colors: 6 vertices: 80 edges 346 colors_table: () bestIndex: 0 seed: 1153371640
0.23
nthreads: 1 colors: 6 vertices: 80 edges 346 colors_table: () bestIndex: 0 seed: 1153371641
0.22
nthreads: 1 colors: 6 vertices: 80 edges 346 colors_table: () bestIndex: 0 seed: 1153371642
0.23
nthreads: 1 colors: 6 vertices: 80 edges 346 colors_table: () bestIndex: 0 seed: 1153371644
0.22
nthreads: 1 colors: 6 vertices: 80 edges 346 colors_table: () bestIndex: 0 seed: 1153371645
0.23
nthreads: 1 colors: 6 vertices: 80 edges 346 colors_table: () bestIndex: 0 seed: 1153371646
0.23
nthreads: 1 colors: 6 vertices: 80 edges 346 colors_table: () bestIndex: 0 seed: 1153371647
0.23
nthreads: 1 colors: 6 vertices: 80 edges 346 colors_table: () bestIndex: 0 seed: 1153371649
0.21
nthreads: 1 colors: 6 vertices: 80 edges 346 colors_table: () bestIndex: 0 seed: 1153371650
0.23
nthreads: 1 colors: 6 vertices: 80 edges 346 colors_table: () bestIndex: 0 seed: 1153371651
0.22
nthreads: 1 colors: 6 vertices: 80 edges 346 colors_table: () bestIndex: 0 seed: 1153371652
0.23
nthreads: 1 colors: 6 vertices: 80 edges 346 colors_table: () bestIndex: 0 seed: 1153371654
0.22
nthreads: 1 colors: 6 vertices: 80 edges 346 colors_table: () bestIndex: 0 seed: 1153371655
0.23
nthreads: 1 colors: 6 vertices: 80 edges 346 colors_table: () bestIndex: 0 seed: 1153371656
0.22
nthreads: 1 colors: 6 vertices: 80 edges 346 colors_table: () bestIndex: 0 seed: 1153371657
0.23
nthreads: 1 colors: 6 vertices: 80 edges 346 colors_table: () bestIndex: 0 seed: 1153371659
0.23
nthreads: 1 colors: 6 vertices: 80 edges 346 colors_table: () bestIndex: 0 seed: 1153371660
0.23
nthreads: 1 colors: 6 vertices: 80 edges 346 colors_table: () bestIndex: 0 seed: 1153371661
0.22
nthreads: 1 colors: 6 vertices: 80 edges 346 colors_table: () bestIndex: 0 seed: 1153371662
0.22
nthreads: 1 colors: 6 vertices: 80 edges 346 colors_table: () bestIndex: 0 seed: 1153371664
0.22
nthreads: 1 colors: 6 vertices: 80 edges 346 colors_table: () bestIndex: 0 seed: 1153371665
0.22
nthreads: 1 colors: 6 vertices: 80 edges 346 colors_table: () bestIndex: 0 seed: 1153371666
0.22
nthreads: 1 colors: 6 vertices: 80 edges 346 colors_table: () bestIndex: 0 seed: 1153371668
0.23
nthreads: 1 colors: 6 vertices: 80 edges 346 colors_table: () bestIndex: 0 seed: 1153371669
0.22
nthreads: 1 colors: 6 vertices: 80 edges 346 colors_table: () bestIndex: 0 seed: 1153371670
0.23
nthreads: 1 colors: 6 vertices: 80 edges 346 colors_table: () bestIndex: 0 seed: 1153371671
0.23
nthreads: 1 colors: 6 vertices: 80 edges 346 colors_table: () bestIndex: 0 seed: 1153371673
0.23
nthreads: 1 colors: 6 vertices: 80 edges 346 colors_table: () bestIndex: 0 seed: 1153371674
0.23
nthreads: 1 colors: 6 vertices: 80 edges 346 colors_table: () bestIndex: 0 seed: 1153371675
0.23
nthreads: 1 colors: 6 vertices: 80 edges 346 colors_table: () bestIndex: 0 seed: 1153371677
0.23
nthreads: 1 colors: 6 vertices: 80 edges 346 colors_table: () bestIndex: 0 seed: 1153371678
0.23
nthreads: 1 colors: 6 vertices: 80 edges 346 colors_table: () bestIndex: 0 seed: 1153371679
0.23
nthreads: 1 colors: 6 vertices: 80 edges 346 colors_table: () bestIndex: 0 seed: 1153371680
0.23
nthreads: 1 colors: 6 vertices: 80 edges 346 colors_table: () bestIndex: 0 seed: 1153371682
0.22
nthreads: 1 colors: 6 vertices: 80 edges 346 colors_table: () bestIndex: 0 seed: 1153371683
0.23
nthreads: 1 colors: 6 vertices: 80 edges 346 colors_table: () bestIndex: 0 seed: 1153371684
0.23
nthreads: 1 colors: 6 vertices: 80 edges 346 colors_table: () bestIndex: 0 seed: 1153371685
0.22
nthreads: 1 colors: 6 vertices: 80 edges 346 colors_table: () bestIndex: 0 seed: 1153371687
0.22
nthreads: 1 colors: 6 vertices: 80 edges 346 colors_table: () bestIndex: 0 seed: 1153371688
0.22
nthreads: 1 colors: 6 vertices: 80 edges 346 colors_table: () bestIndex: 0 seed: 1153371689
0.22
nthreads: 1 colors: 6 vertices: 80 edges 346 colors_table: () bestIndex: 0 seed: 1153371690
0.23
nthreads: 1 colors: 6 vertices: 80 edges 346 colors_table: () bestIndex: 0 seed: 1153371692
0.23
nthreads: 1 colors: 6 vertices: 80 edges 346 colors_table: () bestIndex: 0 seed: 1153371693
0.22
nthreads: 1 colors: 6 vertices: 80 edges 346 colors_table: () bestIndex: 0 seed: 1153371694
0.23
nthreads: 1 colors: 6 vertices: 80 edges 346 colors_table: () bestIndex: 0 seed: 1153371696
0.23
nthreads: 1 colors: 6 vertices: 80 edges 346 colors_table: () bestIndex: 0 seed: 1153371697
0.22
nthreads: 1 colors: 6 vertices: 80 edges 346 colors_table: () bestIndex: 0 seed: 1153371698
0.22
nthreads: 1 colors: 6 vertices: 80 edges 346 colors_table: () bestIndex: 0 seed: 1153371699
0.21
nthreads: 1 colors: 6 vertices: 80 edges 346 colors_table: () bestIndex: 0 seed: 1153371701
0.23
nthreads: 1 colors: 6 vertices: 80 edges 346 colors_table: () bestIndex: 0 seed: 1153371702
0.23
nthreads: 1 colors: 6 vertices: 80 edges 346 colors_table: () bestIndex: 0 seed: 1153371703
0.23
nthreads: 1 colors: 6 vertices: 80 edges 346 colors_table: () bestIndex: 0 seed: 1153371704
0.22
nthreads: 1 colors: 6 vertices: 80 edges 346 colors_table: () bestIndex: 0 seed: 1153371706
0.23
nthreads: 1 colors: 6 vertices: 80 edges 346 colors_table: () bestIndex: 0 seed: 1153371707
0.23
nthreads: 1 colors: 6 vertices: 80 edges 346 colors_table: () bestIndex: 0 seed: 1153371708
0.23
nthreads: 1 colors: 6 vertices: 80 edges 346 colors_table: () bestIndex: 0 seed: 1153371709
0.22
nthreads: 1 colors: 6 vertices: 80 edges 346 colors_table: () bestIndex: 0 seed: 1153371711
0.23
nthreads: 1 colors: 6 vertices: 80 edges 346 colors_table: () bestIndex: 0 seed: 1153371712
0.22
nthreads: 1 colors: 6 vertices: 80 edges 346 colors_table: () bestIndex: 0 seed: 1153371713
0.22
nthreads: 1 colors: 6 vertices: 80 edges 346 colors_table: () bestIndex: 0 seed: 1153371714
0.22
nthreads: 1 colors: 6 vertices: 80 edges 346 colors_table: () bestIndex: 0 seed: 1153371716
0.22
nthreads: 1 colors: 6 vertices: 80 edges 346 colors_table: () bestIndex: 0 seed: 1153371717
0.22
nthreads: 1 colors: 6 vertices: 80 edges 346 colors_table: () bestIndex: 0 seed: 1153371718
0.24
nthreads: 1 colors: 6 vertices: 80 edges 346 colors_table: () bestIndex: 0 seed: 1153371720
0.23
nthreads: 1 colors: 6 vertices: 80 edges 346 colors_table: () bestIndex: 0 seed: 1153371721
0.22
nthreads: 1 colors: 6 vertices: 80 edges 346 colors_table: () bestIndex: 0 seed: 1153371722
0.22
nthreads: 1 colors: 6 vertices: 80 edges 346 colors_table: () bestIndex: 0 seed: 1153371723
0.23
nthreads: 1 colors: 6 vertices: 80 edges 346 colors_table: () bestIndex: 0 seed: 1153371725
0.22
nthreads: 1 colors: 6 vertices: 80 edges 346 colors_table: () bestIndex: 0 seed: 1153371726
0.22
nthreads: 1 colors: 6 vertices: 80 edges 346 colors_table: () bestIndex: 0 seed: 1153371727
0.23
nthreads: 1 colors: 6 vertices: 80 edges 346 colors_table: () bestIndex: 0 seed: 1153371728
0.23
nthreads: 1 colors: 6 vertices: 80 edges 346 colors_table: () bestIndex: 0 seed: 1153371730
0.22
nthreads: 1 colors: 6 vertices: 80 edges 346 colors_table: () bestIndex: 0 seed: 1153371731
0.22
nthreads: 1 colors: 6 vertices: 80 edges 346 colors_table: () bestIndex: 0 seed: 1153371732
0.24
nthreads: 1 colors: 6 vertices: 80 edges 346 colors_table: () bestIndex: 0 seed: 1153371733
0.22
nthreads: 1 colors: 6 vertices: 80 edges 346 colors_table: () bestIndex: 0 seed: 1153371735
0.22
nthreads: 1 colors: 6 vertices: 80 edges 346 colors_table: () bestIndex: 0 seed: 1153371736
0.23
nthreads: 1 colors: 6 vertices: 80 edges 346 colors_table: () bestIndex: 0 seed: 1153371737
0.22
nthreads: 1 colors: 6 vertices: 80 edges 346 colors_table: () bestIndex: 0 seed: 1153371738
0.23
nthreads: 1 colors: 6 vertices: 80 edges 346 colors_table: () bestIndex: 0 seed: 1153371740
0.22
nthreads: 1 colors: 6 vertices: 80 edges 346 colors_table: () bestIndex: 0 seed: 1153371741
0.24
