3-FullIns_4.col.b n_loops: 100 n_threads: 1
Thu Jul 20 01:02:22 EDT 2006 /home/thanhvu/nfs/Classic/1225_SameAsPATCHONLY_w_somechangestoprintSol/log_dir//1153371616/3-FullIns_4.col.b_1153371742.log
Single cedf232c677ebdd3c298dee92578679f /home/thanhvu/nfs/Classic/1225_SameAsPATCHONLY_w_somechangestoprintSol/a.out
nthreads: 1 colors: 7 vertices: 405 edges 3524 colors_table: () bestIndex: 0 seed: 1153371742
9.38
nthreads: 1 colors: 7 vertices: 405 edges 3524 colors_table: () bestIndex: 0 seed: 1153371753
9.40
nthreads: 1 colors: 7 vertices: 405 edges 3524 colors_table: () bestIndex: 0 seed: 1153371763
9.35
nthreads: 1 colors: 7 vertices: 405 edges 3524 colors_table: () bestIndex: 0 seed: 1153371774
9.36
nthreads: 1 colors: 7 vertices: 405 edges 3524 colors_table: () bestIndex: 0 seed: 1153371784
9.52
nthreads: 1 colors: 7 vertices: 405 edges 3524 colors_table: () bestIndex: 0 seed: 1153371795
9.34
nthreads: 1 colors: 7 vertices: 405 edges 3524 colors_table: () bestIndex: 0 seed: 1153371805
9.40
nthreads: 1 colors: 7 vertices: 405 edges 3524 colors_table: () bestIndex: 0 seed: 1153371815
9.39
nthreads: 1 colors: 7 vertices: 405 edges 3524 colors_table: () bestIndex: 0 seed: 1153371826
9.40
nthreads: 1 colors: 7 vertices: 405 edges 3524 colors_table: () bestIndex: 0 seed: 1153371836
9.33
nthreads: 1 colors: 7 vertices: 405 edges 3524 colors_table: () bestIndex: 0 seed: 1153371847
9.37
nthreads: 1 colors: 7 vertices: 405 edges 3524 colors_table: () bestIndex: 0 seed: 1153371857
9.37
nthreads: 1 colors: 7 vertices: 405 edges 3524 colors_table: () bestIndex: 0 seed: 1153371867
9.35
nthreads: 1 colors: 7 vertices: 405 edges 3524 colors_table: () bestIndex: 0 seed: 1153371878
9.33
nthreads: 1 colors: 7 vertices: 405 edges 3524 colors_table: () bestIndex: 0 seed: 1153371888
9.33
nthreads: 1 colors: 7 vertices: 405 edges 3524 colors_table: () bestIndex: 0 seed: 1153371899
9.33
nthreads: 1 colors: 7 vertices: 405 edges 3524 colors_table: () bestIndex: 0 seed: 1153371909
9.37
nthreads: 1 colors: 7 vertices: 405 edges 3524 colors_table: () bestIndex: 0 seed: 1153371919
9.34
nthreads: 1 colors: 7 vertices: 405 edges 3524 colors_table: () bestIndex: 0 seed: 1153371930
9.35
nthreads: 1 colors: 7 vertices: 405 edges 3524 colors_table: () bestIndex: 0 seed: 1153371940
9.39
nthreads: 1 colors: 7 vertices: 405 edges 3524 colors_table: () bestIndex: 0 seed: 1153371951
9.35
nthreads: 1 colors: 7 vertices: 405 edges 3524 colors_table: () bestIndex: 0 seed: 1153371961
9.33
nthreads: 1 colors: 7 vertices: 405 edges 3524 colors_table: () bestIndex: 0 seed: 1153371971
9.35
nthreads: 1 colors: 7 vertices: 405 edges 3524 colors_table: () bestIndex: 0 seed: 1153371982
9.32
nthreads: 1 colors: 7 vertices: 405 edges 3524 colors_table: () bestIndex: 0 seed: 1153371992
9.33
nthreads: 1 colors: 7 vertices: 405 edges 3524 colors_table: () bestIndex: 0 seed: 1153372002
9.40
nthreads: 1 colors: 7 vertices: 405 edges 3524 colors_table: () bestIndex: 0 seed: 1153372013
9.37
nthreads: 1 colors: 7 vertices: 405 edges 3524 colors_table: () bestIndex: 0 seed: 1153372023
9.35
nthreads: 1 colors: 7 vertices: 405 edges 3524 colors_table: () bestIndex: 0 seed: 1153372034
9.33
nthreads: 1 colors: 7 vertices: 405 edges 3524 colors_table: () bestIndex: 0 seed: 1153372044
9.30
nthreads: 1 colors: 7 vertices: 405 edges 3524 colors_table: () bestIndex: 0 seed: 1153372054
9.31
nthreads: 1 colors: 7 vertices: 405 edges 3524 colors_table: () bestIndex: 0 seed: 1153372065
9.38
nthreads: 1 colors: 7 vertices: 405 edges 3524 colors_table: () bestIndex: 0 seed: 1153372075
9.39
nthreads: 1 colors: 7 vertices: 405 edges 3524 colors_table: () bestIndex: 0 seed: 1153372086
9.35
nthreads: 1 colors: 7 vertices: 405 edges 3524 colors_table: () bestIndex: 0 seed: 1153372096
9.38
nthreads: 1 colors: 7 vertices: 405 edges 3524 colors_table: () bestIndex: 0 seed: 1153372106
9.37
nthreads: 1 colors: 7 vertices: 405 edges 3524 colors_table: () bestIndex: 0 seed: 1153372117
9.33
nthreads: 1 colors: 7 vertices: 405 edges 3524 colors_table: () bestIndex: 0 seed: 1153372127
9.63
nthreads: 1 colors: 7 vertices: 405 edges 3524 colors_table: () bestIndex: 0 seed: 1153372138
9.34
nthreads: 1 colors: 7 vertices: 405 edges 3524 colors_table: () bestIndex: 0 seed: 1153372148
9.34
nthreads: 1 colors: 7 vertices: 405 edges 3524 colors_table: () bestIndex: 0 seed: 1153372159
9.32
nthreads: 1 colors: 7 vertices: 405 edges 3524 colors_table: () bestIndex: 0 seed: 1153372169
9.36
nthreads: 1 colors: 7 vertices: 405 edges 3524 colors_table: () bestIndex: 0 seed: 1153372179
9.33
nthreads: 1 colors: 7 vertices: 405 edges 3524 colors_table: () bestIndex: 0 seed: 1153372190
9.43
nthreads: 1 colors: 7 vertices: 405 edges 3524 colors_table: () bestIndex: 0 seed: 1153372200
9.35
nthreads: 1 colors: 7 vertices: 405 edges 3524 colors_table: () bestIndex: 0 seed: 1153372211
9.37
nthreads: 1 colors: 7 vertices: 405 edges 3524 colors_table: () bestIndex: 0 seed: 1153372221
9.52
nthreads: 1 colors: 7 vertices: 405 edges 3524 colors_table: () bestIndex: 0 seed: 1153372232
9.34
nthreads: 1 colors: 7 vertices: 405 edges 3524 colors_table: () bestIndex: 0 seed: 1153372242
9.31
nthreads: 1 colors: 7 vertices: 405 edges 3524 colors_table: () bestIndex: 0 seed: 1153372252
9.42
nthreads: 1 colors: 7 vertices: 405 edges 3524 colors_table: () bestIndex: 0 seed: 1153372263
9.31
nthreads: 1 colors: 7 vertices: 405 edges 3524 colors_table: () bestIndex: 0 seed: 1153372273
9.35
nthreads: 1 colors: 7 vertices: 405 edges 3524 colors_table: () bestIndex: 0 seed: 1153372284
9.38
nthreads: 1 colors: 7 vertices: 405 edges 3524 colors_table: () bestIndex: 0 seed: 1153372294
9.33
nthreads: 1 colors: 7 vertices: 405 edges 3524 colors_table: () bestIndex: 0 seed: 1153372304
9.41
nthreads: 1 colors: 7 vertices: 405 edges 3524 colors_table: () bestIndex: 0 seed: 1153372315
9.37
nthreads: 1 colors: 7 vertices: 405 edges 3524 colors_table: () bestIndex: 0 seed: 1153372325
9.38
nthreads: 1 colors: 7 vertices: 405 edges 3524 colors_table: () bestIndex: 0 seed: 1153372336
9.37
nthreads: 1 colors: 7 vertices: 405 edges 3524 colors_table: () bestIndex: 0 seed: 1153372346
9.34
nthreads: 1 colors: 7 vertices: 405 edges 3524 colors_table: () bestIndex: 0 seed: 1153372356
9.38
nthreads: 1 colors: 7 vertices: 405 edges 3524 colors_table: () bestIndex: 0 seed: 1153372367
9.35
nthreads: 1 colors: 7 vertices: 405 edges 3524 colors_table: () bestIndex: 0 seed: 1153372377
9.36
nthreads: 1 colors: 7 vertices: 405 edges 3524 colors_table: () bestIndex: 0 seed: 1153372388
9.34
nthreads: 1 colors: 7 vertices: 405 edges 3524 colors_table: () bestIndex: 0 seed: 1153372398
9.33
nthreads: 1 colors: 7 vertices: 405 edges 3524 colors_table: () bestIndex: 0 seed: 1153372408
9.34
nthreads: 1 colors: 7 vertices: 405 edges 3524 colors_table: () bestIndex: 0 seed: 1153372419
9.43
nthreads: 1 colors: 7 vertices: 405 edges 3524 colors_table: () bestIndex: 0 seed: 1153372429
9.38
nthreads: 1 colors: 7 vertices: 405 edges 3524 colors_table: () bestIndex: 0 seed: 1153372440
9.36
nthreads: 1 colors: 7 vertices: 405 edges 3524 colors_table: () bestIndex: 0 seed: 1153372450
9.38
nthreads: 1 colors: 7 vertices: 405 edges 3524 colors_table: () bestIndex: 0 seed: 1153372460
9.35
nthreads: 1 colors: 7 vertices: 405 edges 3524 colors_table: () bestIndex: 0 seed: 1153372471
9.40
nthreads: 1 colors: 7 vertices: 405 edges 3524 colors_table: () bestIndex: 0 seed: 1153372481
9.40
nthreads: 1 colors: 7 vertices: 405 edges 3524 colors_table: () bestIndex: 0 seed: 1153372492
9.37
nthreads: 1 colors: 7 vertices: 405 edges 3524 colors_table: () bestIndex: 0 seed: 1153372502
9.36
nthreads: 1 colors: 7 vertices: 405 edges 3524 colors_table: () bestIndex: 0 seed: 1153372513
9.37
nthreads: 1 colors: 7 vertices: 405 edges 3524 colors_table: () bestIndex: 0 seed: 1153372523
9.36
nthreads: 1 colors: 7 vertices: 405 edges 3524 colors_table: () bestIndex: 0 seed: 1153372533
9.35
nthreads: 1 colors: 7 vertices: 405 edges 3524 colors_table: () bestIndex: 0 seed: 1153372544
9.35
nthreads: 1 colors: 7 vertices: 405 edges 3524 colors_table: () bestIndex: 0 seed: 1153372554
9.36
nthreads: 1 colors: 7 vertices: 405 edges 3524 colors_table: () bestIndex: 0 seed: 1153372565
9.36
nthreads: 1 colors: 7 vertices: 405 edges 3524 colors_table: () bestIndex: 0 seed: 1153372575
9.33
nthreads: 1 colors: 7 vertices: 405 edges 3524 colors_table: () bestIndex: 0 seed: 1153372585
9.39
nthreads: 1 colors: 7 vertices: 405 edges 3524 colors_table: () bestIndex: 0 seed: 1153372596
9.35
nthreads: 1 colors: 7 vertices: 405 edges 3524 colors_table: () bestIndex: 0 seed: 1153372606
9.32
nthreads: 1 colors: 7 vertices: 405 edges 3524 colors_table: () bestIndex: 0 seed: 1153372617
9.36
nthreads: 1 colors: 7 vertices: 405 edges 3524 colors_table: () bestIndex: 0 seed: 1153372627
9.34
nthreads: 1 colors: 7 vertices: 405 edges 3524 colors_table: () bestIndex: 0 seed: 1153372637
9.39
nthreads: 1 colors: 7 vertices: 405 edges 3524 colors_table: () bestIndex: 0 seed: 1153372648
9.34
nthreads: 1 colors: 7 vertices: 405 edges 3524 colors_table: () bestIndex: 0 seed: 1153372658
9.36
nthreads: 1 colors: 7 vertices: 405 edges 3524 colors_table: () bestIndex: 0 seed: 1153372668
9.35
nthreads: 1 colors: 7 vertices: 405 edges 3524 colors_table: () bestIndex: 0 seed: 1153372679
9.34
nthreads: 1 colors: 7 vertices: 405 edges 3524 colors_table: () bestIndex: 0 seed: 1153372689
9.33
nthreads: 1 colors: 7 vertices: 405 edges 3524 colors_table: () bestIndex: 0 seed: 1153372700
9.38
nthreads: 1 colors: 7 vertices: 405 edges 3524 colors_table: () bestIndex: 0 seed: 1153372710
9.36
nthreads: 1 colors: 7 vertices: 405 edges 3524 colors_table: () bestIndex: 0 seed: 1153372720
9.30
nthreads: 1 colors: 7 vertices: 405 edges 3524 colors_table: () bestIndex: 0 seed: 1153372731
9.36
nthreads: 1 colors: 7 vertices: 405 edges 3524 colors_table: () bestIndex: 0 seed: 1153372741
9.41
nthreads: 1 colors: 7 vertices: 405 edges 3524 colors_table: () bestIndex: 0 seed: 1153372752
9.37
nthreads: 1 colors: 7 vertices: 405 edges 3524 colors_table: () bestIndex: 0 seed: 1153372762
9.36
nthreads: 1 colors: 7 vertices: 405 edges 3524 colors_table: () bestIndex: 0 seed: 1153372772
9.37
