3-FullIns_5.col.b n_loops: 100 n_threads: 1
Thu Jul 20 01:19:43 EDT 2006 /home/thanhvu/nfs/Classic/1225_SameAsPATCHONLY_w_somechangestoprintSol/log_dir//1153371616/3-FullIns_5.col.b_1153372783.log
Single cedf232c677ebdd3c298dee92578679f /home/thanhvu/nfs/Classic/1225_SameAsPATCHONLY_w_somechangestoprintSol/a.out
nthreads: 1 colors: 8 vertices: 2030 edges 33751 colors_table: () bestIndex: 0 seed: 1153372783
51.21
nthreads: 1 colors: 8 vertices: 2030 edges 33751 colors_table: () bestIndex: 0 seed: 1153372835
51.37
nthreads: 1 colors: 8 vertices: 2030 edges 33751 colors_table: () bestIndex: 0 seed: 1153372888
51.15
nthreads: 1 colors: 8 vertices: 2030 edges 33751 colors_table: () bestIndex: 0 seed: 1153372940
51.08
nthreads: 1 colors: 8 vertices: 2030 edges 33751 colors_table: () bestIndex: 0 seed: 1153372992
51.30
nthreads: 1 colors: 8 vertices: 2030 edges 33751 colors_table: () bestIndex: 0 seed: 1153373044
51.07
nthreads: 1 colors: 8 vertices: 2030 edges 33751 colors_table: () bestIndex: 0 seed: 1153373096
51.48
nthreads: 1 colors: 8 vertices: 2030 edges 33751 colors_table: () bestIndex: 0 seed: 1153373149
51.15
nthreads: 1 colors: 8 vertices: 2030 edges 33751 colors_table: () bestIndex: 0 seed: 1153373201
51.24
nthreads: 1 colors: 8 vertices: 2030 edges 33751 colors_table: () bestIndex: 0 seed: 1153373253
51.27
nthreads: 1 colors: 8 vertices: 2030 edges 33751 colors_table: () bestIndex: 0 seed: 1153373306
51.16
nthreads: 1 colors: 8 vertices: 2030 edges 33751 colors_table: () bestIndex: 0 seed: 1153373358
51.08
nthreads: 1 colors: 8 vertices: 2030 edges 33751 colors_table: () bestIndex: 0 seed: 1153373410
51.68
nthreads: 1 colors: 8 vertices: 2030 edges 33751 colors_table: () bestIndex: 0 seed: 1153373463
51.10
nthreads: 1 colors: 8 vertices: 2030 edges 33751 colors_table: () bestIndex: 0 seed: 1153373515
51.34
nthreads: 1 colors: 8 vertices: 2030 edges 33751 colors_table: () bestIndex: 0 seed: 1153373567
51.50
nthreads: 1 colors: 8 vertices: 2030 edges 33751 colors_table: () bestIndex: 0 seed: 1153373620
51.35
nthreads: 1 colors: 8 vertices: 2030 edges 33751 colors_table: () bestIndex: 0 seed: 1153373672
51.37
nthreads: 1 colors: 8 vertices: 2030 edges 33751 colors_table: () bestIndex: 0 seed: 1153373725
51.33
nthreads: 1 colors: 8 vertices: 2030 edges 33751 colors_table: () bestIndex: 0 seed: 1153373777
51.51
nthreads: 1 colors: 8 vertices: 2030 edges 33751 colors_table: () bestIndex: 0 seed: 1153373830
51.37
nthreads: 1 colors: 8 vertices: 2030 edges 33751 colors_table: () bestIndex: 0 seed: 1153373882
51.42
nthreads: 1 colors: 8 vertices: 2030 edges 33751 colors_table: () bestIndex: 0 seed: 1153373934
50.93
nthreads: 1 colors: 8 vertices: 2030 edges 33751 colors_table: () bestIndex: 0 seed: 1153373986
51.16
nthreads: 1 colors: 8 vertices: 2030 edges 33751 colors_table: () bestIndex: 0 seed: 1153374039
51.20
nthreads: 1 colors: 8 vertices: 2030 edges 33751 colors_table: () bestIndex: 0 seed: 1153374091
51.26
nthreads: 1 colors: 8 vertices: 2030 edges 33751 colors_table: () bestIndex: 0 seed: 1153374143
51.23
nthreads: 1 colors: 8 vertices: 2030 edges 33751 colors_table: () bestIndex: 0 seed: 1153374195
51.19
nthreads: 1 colors: 8 vertices: 2030 edges 33751 colors_table: () bestIndex: 0 seed: 1153374248
51.17
nthreads: 1 colors: 8 vertices: 2030 edges 33751 colors_table: () bestIndex: 0 seed: 1153374300
51.23
nthreads: 1 colors: 8 vertices: 2030 edges 33751 colors_table: () bestIndex: 0 seed: 1153374352
51.15
nthreads: 1 colors: 8 vertices: 2030 edges 33751 colors_table: () bestIndex: 0 seed: 1153374404
51.18
nthreads: 1 colors: 8 vertices: 2030 edges 33751 colors_table: () bestIndex: 0 seed: 1153374457
51.18
nthreads: 1 colors: 8 vertices: 2030 edges 33751 colors_table: () bestIndex: 0 seed: 1153374509
51.14
nthreads: 1 colors: 8 vertices: 2030 edges 33751 colors_table: () bestIndex: 0 seed: 1153374561
51.12
nthreads: 1 colors: 8 vertices: 2030 edges 33751 colors_table: () bestIndex: 0 seed: 1153374613
51.18
nthreads: 1 colors: 8 vertices: 2030 edges 33751 colors_table: () bestIndex: 0 seed: 1153374665
59.64
nthreads: 1 colors: 8 vertices: 2030 edges 33751 colors_table: () bestIndex: 0 seed: 1153374726
51.37
nthreads: 1 colors: 8 vertices: 2030 edges 33751 colors_table: () bestIndex: 0 seed: 1153374779
51.13
nthreads: 1 colors: 8 vertices: 2030 edges 33751 colors_table: () bestIndex: 0 seed: 1153374831
51.13
nthreads: 1 colors: 8 vertices: 2030 edges 33751 colors_table: () bestIndex: 0 seed: 1153374883
51.20
nthreads: 1 colors: 8 vertices: 2030 edges 33751 colors_table: () bestIndex: 0 seed: 1153374935
51.16
nthreads: 1 colors: 8 vertices: 2030 edges 33751 colors_table: () bestIndex: 0 seed: 1153374987
51.23
nthreads: 1 colors: 8 vertices: 2030 edges 33751 colors_table: () bestIndex: 0 seed: 1153375040
51.15
nthreads: 1 colors: 8 vertices: 2030 edges 33751 colors_table: () bestIndex: 0 seed: 1153375092
51.18
nthreads: 1 colors: 8 vertices: 2030 edges 33751 colors_table: () bestIndex: 0 seed: 1153375144
51.21
nthreads: 1 colors: 8 vertices: 2030 edges 33751 colors_table: () bestIndex: 0 seed: 1153375196
51.15
nthreads: 1 colors: 8 vertices: 2030 edges 33751 colors_table: () bestIndex: 0 seed: 1153375248
51.33
nthreads: 1 colors: 8 vertices: 2030 edges 33751 colors_table: () bestIndex: 0 seed: 1153375301
51.17
nthreads: 1 colors: 8 vertices: 2030 edges 33751 colors_table: () bestIndex: 0 seed: 1153375353
51.27
nthreads: 1 colors: 8 vertices: 2030 edges 33751 colors_table: () bestIndex: 0 seed: 1153375405
51.35
nthreads: 1 colors: 8 vertices: 2030 edges 33751 colors_table: () bestIndex: 0 seed: 1153375458
51.28
nthreads: 1 colors: 8 vertices: 2030 edges 33751 colors_table: () bestIndex: 0 seed: 1153375510
51.31
nthreads: 1 colors: 8 vertices: 2030 edges 33751 colors_table: () bestIndex: 0 seed: 1153375562
51.39
nthreads: 1 colors: 8 vertices: 2030 edges 33751 colors_table: () bestIndex: 0 seed: 1153375615
51.57
nthreads: 1 colors: 8 vertices: 2030 edges 33751 colors_table: () bestIndex: 0 seed: 1153375667
51.13
nthreads: 1 colors: 8 vertices: 2030 edges 33751 colors_table: () bestIndex: 0 seed: 1153375720
51.15
nthreads: 1 colors: 8 vertices: 2030 edges 33751 colors_table: () bestIndex: 0 seed: 1153375772
51.17
nthreads: 1 colors: 8 vertices: 2030 edges 33751 colors_table: () bestIndex: 0 seed: 1153375824
51.16
nthreads: 1 colors: 8 vertices: 2030 edges 33751 colors_table: () bestIndex: 0 seed: 1153375876
51.24
nthreads: 1 colors: 8 vertices: 2030 edges 33751 colors_table: () bestIndex: 0 seed: 1153375928
51.33
nthreads: 1 colors: 8 vertices: 2030 edges 33751 colors_table: () bestIndex: 0 seed: 1153375981
51.36
nthreads: 1 colors: 8 vertices: 2030 edges 33751 colors_table: () bestIndex: 0 seed: 1153376033
51.20
nthreads: 1 colors: 8 vertices: 2030 edges 33751 colors_table: () bestIndex: 0 seed: 1153376085
51.32
nthreads: 1 colors: 8 vertices: 2030 edges 33751 colors_table: () bestIndex: 0 seed: 1153376138
51.20
nthreads: 1 colors: 8 vertices: 2030 edges 33751 colors_table: () bestIndex: 0 seed: 1153376190
51.15
nthreads: 1 colors: 8 vertices: 2030 edges 33751 colors_table: () bestIndex: 0 seed: 1153376242
51.30
nthreads: 1 colors: 8 vertices: 2030 edges 33751 colors_table: () bestIndex: 0 seed: 1153376295
51.27
nthreads: 1 colors: 8 vertices: 2030 edges 33751 colors_table: () bestIndex: 0 seed: 1153376347
51.34
nthreads: 1 colors: 8 vertices: 2030 edges 33751 colors_table: () bestIndex: 0 seed: 1153376399
51.15
nthreads: 1 colors: 8 vertices: 2030 edges 33751 colors_table: () bestIndex: 0 seed: 1153376452
51.08
nthreads: 1 colors: 8 vertices: 2030 edges 33751 colors_table: () bestIndex: 0 seed: 1153376504
51.31
nthreads: 1 colors: 8 vertices: 2030 edges 33751 colors_table: () bestIndex: 0 seed: 1153376556
51.25
nthreads: 1 colors: 8 vertices: 2030 edges 33751 colors_table: () bestIndex: 0 seed: 1153376608
51.38
nthreads: 1 colors: 8 vertices: 2030 edges 33751 colors_table: () bestIndex: 0 seed: 1153376661
51.36
nthreads: 1 colors: 8 vertices: 2030 edges 33751 colors_table: () bestIndex: 0 seed: 1153376713
51.24
nthreads: 1 colors: 8 vertices: 2030 edges 33751 colors_table: () bestIndex: 0 seed: 1153376765
51.17
nthreads: 1 colors: 8 vertices: 2030 edges 33751 colors_table: () bestIndex: 0 seed: 1153376818
51.37
nthreads: 1 colors: 8 vertices: 2030 edges 33751 colors_table: () bestIndex: 0 seed: 1153376870
51.14
nthreads: 1 colors: 8 vertices: 2030 edges 33751 colors_table: () bestIndex: 0 seed: 1153376922
51.34
nthreads: 1 colors: 8 vertices: 2030 edges 33751 colors_table: () bestIndex: 0 seed: 1153376975
51.27
nthreads: 1 colors: 8 vertices: 2030 edges 33751 colors_table: () bestIndex: 0 seed: 1153377027
51.13
nthreads: 1 colors: 8 vertices: 2030 edges 33751 colors_table: () bestIndex: 0 seed: 1153377079
51.41
nthreads: 1 colors: 8 vertices: 2030 edges 33751 colors_table: () bestIndex: 0 seed: 1153377132
51.26
nthreads: 1 colors: 8 vertices: 2030 edges 33751 colors_table: () bestIndex: 0 seed: 1153377184
51.43
nthreads: 1 colors: 8 vertices: 2030 edges 33751 colors_table: () bestIndex: 0 seed: 1153377236
51.21
nthreads: 1 colors: 8 vertices: 2030 edges 33751 colors_table: () bestIndex: 0 seed: 1153377289
51.29
nthreads: 1 colors: 8 vertices: 2030 edges 33751 colors_table: () bestIndex: 0 seed: 1153377341
51.14
nthreads: 1 colors: 8 vertices: 2030 edges 33751 colors_table: () bestIndex: 0 seed: 1153377393
51.54
nthreads: 1 colors: 8 vertices: 2030 edges 33751 colors_table: () bestIndex: 0 seed: 1153377446
51.18
nthreads: 1 colors: 8 vertices: 2030 edges 33751 colors_table: () bestIndex: 0 seed: 1153377498
51.36
nthreads: 1 colors: 8 vertices: 2030 edges 33751 colors_table: () bestIndex: 0 seed: 1153377550
51.17
nthreads: 1 colors: 8 vertices: 2030 edges 33751 colors_table: () bestIndex: 0 seed: 1153377603
51.36
nthreads: 1 colors: 8 vertices: 2030 edges 33751 colors_table: () bestIndex: 0 seed: 1153377655
51.19
nthreads: 1 colors: 8 vertices: 2030 edges 33751 colors_table: () bestIndex: 0 seed: 1153377707
51.50
nthreads: 1 colors: 8 vertices: 2030 edges 33751 colors_table: () bestIndex: 0 seed: 1153377760
51.21
nthreads: 1 colors: 8 vertices: 2030 edges 33751 colors_table: () bestIndex: 0 seed: 1153377812
51.41
nthreads: 1 colors: 8 vertices: 2030 edges 33751 colors_table: () bestIndex: 0 seed: 1153377864
51.21
nthreads: 1 colors: 8 vertices: 2030 edges 33751 colors_table: () bestIndex: 0 seed: 1153377917
51.25
nthreads: 1 colors: 8 vertices: 2030 edges 33751 colors_table: () bestIndex: 0 seed: 1153377969
51.28
