3-Insertions_5.col.b n_loops: 100 n_threads: 1
Thu Jul 20 02:50:33 EDT 2006 /home/thanhvu/nfs/Classic/1225_SameAsPATCHONLY_w_somechangestoprintSol/log_dir//1153371616/3-Insertions_5.col.b_1153378233.log
Single cedf232c677ebdd3c298dee92578679f /home/thanhvu/nfs/Classic/1225_SameAsPATCHONLY_w_somechangestoprintSol/a.out
Command exited with non-zero status 10
0.03
Command exited with non-zero status 10
0.02
Command exited with non-zero status 10
0.02
Command exited with non-zero status 10
0.02
Command exited with non-zero status 10
0.02
Command exited with non-zero status 10
0.02
Command exited with non-zero status 10
0.02
Command exited with non-zero status 10
0.02
Command exited with non-zero status 10
0.02
Command exited with non-zero status 10
0.02
Command exited with non-zero status 10
0.02
Command exited with non-zero status 10
0.02
Command exited with non-zero status 10
0.02
Command exited with non-zero status 10
0.02
Command exited with non-zero status 10
0.02
Command exited with non-zero status 10
0.02
Command exited with non-zero status 10
0.02
Command exited with non-zero status 10
0.02
Command exited with non-zero status 10
0.02
Command exited with non-zero status 10
0.02
Command exited with non-zero status 10
0.02
Command exited with non-zero status 10
0.02
Command exited with non-zero status 10
0.02
Command exited with non-zero status 10
0.02
Command exited with non-zero status 10
0.02
Command exited with non-zero status 10
0.02
Command exited with non-zero status 10
0.02
Command exited with non-zero status 10
0.02
Command exited with non-zero status 10
0.02
Command exited with non-zero status 10
0.02
Command exited with non-zero status 10
0.02
Command exited with non-zero status 10
0.02
Command exited with non-zero status 10
0.02
Command exited with non-zero status 10
0.02
Command exited with non-zero status 10
0.02
Command exited with non-zero status 10
0.02
Command exited with non-zero status 10
0.02
Command exited with non-zero status 10
0.02
Command exited with non-zero status 10
0.02
Command exited with non-zero status 10
0.02
Command exited with non-zero status 10
0.02
Command exited with non-zero status 10
0.02
Command exited with non-zero status 10
0.02
Command exited with non-zero status 10
0.02
Command exited with non-zero status 10
0.02
Command exited with non-zero status 10
0.02
Command exited with non-zero status 10
0.02
Command exited with non-zero status 10
0.02
Command exited with non-zero status 10
0.02
Command exited with non-zero status 10
0.02
Command exited with non-zero status 10
0.02
Command exited with non-zero status 10
0.02
Command exited with non-zero status 10
0.02
Command exited with non-zero status 10
0.02
Command exited with non-zero status 10
0.02
Command exited with non-zero status 10
0.02
Command exited with non-zero status 10
0.02
Command exited with non-zero status 10
0.02
Command exited with non-zero status 10
0.02
Command exited with non-zero status 10
0.02
Command exited with non-zero status 10
0.02
Command exited with non-zero status 10
0.02
Command exited with non-zero status 10
0.02
Command exited with non-zero status 10
0.02
Command exited with non-zero status 10
0.02
Command exited with non-zero status 10
0.02
Command exited with non-zero status 10
0.02
Command exited with non-zero status 10
0.02
Command exited with non-zero status 10
0.02
Command exited with non-zero status 10
0.02
Command exited with non-zero status 10
0.02
Command exited with non-zero status 10
0.02
Command exited with non-zero status 10
0.02
Command exited with non-zero status 10
0.02
Command exited with non-zero status 10
0.02
Command exited with non-zero status 10
0.02
Command exited with non-zero status 10
0.02
Command exited with non-zero status 10
0.02
Command exited with non-zero status 10
0.02
Command exited with non-zero status 10
0.02
Command exited with non-zero status 10
0.02
Command exited with non-zero status 10
0.02
Command exited with non-zero status 10
0.02
Command exited with non-zero status 10
0.02
Command exited with non-zero status 10
0.02
Command exited with non-zero status 10
0.02
Command exited with non-zero status 10
0.02
Command exited with non-zero status 10
0.02
Command exited with non-zero status 10
0.02
Command exited with non-zero status 10
0.02
Command exited with non-zero status 10
0.02
Command exited with non-zero status 10
0.02
Command exited with non-zero status 10
0.02
Command exited with non-zero status 10
0.02
Command exited with non-zero status 10
0.02
Command exited with non-zero status 10
0.02
Command exited with non-zero status 10
0.02
Command exited with non-zero status 10
0.02
Command exited with non-zero status 10
0.02
Command exited with non-zero status 10
0.02
