4-FullIns_5.col.b n_loops: 100 n_threads: 1
Thu Jul 20 03:57:31 EDT 2006 /home/thanhvu/nfs/Classic/1225_SameAsPATCHONLY_w_somechangestoprintSol/log_dir//1153380225/4-FullIns_5.col.b_1153382251.log
Single cedf232c677ebdd3c298dee92578679f /home/thanhvu/nfs/Classic/1225_SameAsPATCHONLY_w_somechangestoprintSol/a.out
nthreads: 1 colors: 9 vertices: 4146 edges 77305 colors_table: () bestIndex: 0 seed: 1153382251
124.85
nthreads: 1 colors: 9 vertices: 4146 edges 77305 colors_table: () bestIndex: 0 seed: 1153382377
125.63
nthreads: 1 colors: 9 vertices: 4146 edges 77305 colors_table: () bestIndex: 0 seed: 1153382504
124.86
nthreads: 1 colors: 9 vertices: 4146 edges 77305 colors_table: () bestIndex: 0 seed: 1153382630
125.47
nthreads: 1 colors: 9 vertices: 4146 edges 77305 colors_table: () bestIndex: 0 seed: 1153382756
124.90
nthreads: 1 colors: 9 vertices: 4146 edges 77305 colors_table: () bestIndex: 0 seed: 1153382882
125.47
nthreads: 1 colors: 9 vertices: 4146 edges 77305 colors_table: () bestIndex: 0 seed: 1153383009
125.27
nthreads: 1 colors: 9 vertices: 4146 edges 77305 colors_table: () bestIndex: 0 seed: 1153383135
125.11
nthreads: 1 colors: 9 vertices: 4146 edges 77305 colors_table: () bestIndex: 0 seed: 1153383261
128.45
nthreads: 1 colors: 9 vertices: 4146 edges 77305 colors_table: () bestIndex: 0 seed: 1153383391
125.68
nthreads: 1 colors: 9 vertices: 4146 edges 77305 colors_table: () bestIndex: 0 seed: 1153383517
125.38
nthreads: 1 colors: 9 vertices: 4146 edges 77305 colors_table: () bestIndex: 0 seed: 1153383644
125.62
nthreads: 1 colors: 9 vertices: 4146 edges 77305 colors_table: () bestIndex: 0 seed: 1153383770
125.01
nthreads: 1 colors: 9 vertices: 4146 edges 77305 colors_table: () bestIndex: 0 seed: 1153383896
125.19
nthreads: 1 colors: 9 vertices: 4146 edges 77305 colors_table: () bestIndex: 0 seed: 1153384023
125.74
nthreads: 1 colors: 9 vertices: 4146 edges 77305 colors_table: () bestIndex: 0 seed: 1153384149
125.33
nthreads: 1 colors: 9 vertices: 4146 edges 77305 colors_table: () bestIndex: 0 seed: 1153384276
125.06
nthreads: 1 colors: 9 vertices: 4146 edges 77305 colors_table: () bestIndex: 0 seed: 1153384402
125.11
nthreads: 1 colors: 9 vertices: 4146 edges 77305 colors_table: () bestIndex: 0 seed: 1153384528
124.84
nthreads: 1 colors: 9 vertices: 4146 edges 77305 colors_table: () bestIndex: 0 seed: 1153384654
125.08
nthreads: 1 colors: 9 vertices: 4146 edges 77305 colors_table: () bestIndex: 0 seed: 1153384780
125.11
nthreads: 1 colors: 9 vertices: 4146 edges 77305 colors_table: () bestIndex: 0 seed: 1153384906
125.01
nthreads: 1 colors: 9 vertices: 4146 edges 77305 colors_table: () bestIndex: 0 seed: 1153385032
125.03
nthreads: 1 colors: 9 vertices: 4146 edges 77305 colors_table: () bestIndex: 0 seed: 1153385158
125.69
nthreads: 1 colors: 9 vertices: 4146 edges 77305 colors_table: () bestIndex: 0 seed: 1153385285
125.41
nthreads: 1 colors: 9 vertices: 4146 edges 77305 colors_table: () bestIndex: 0 seed: 1153385411
125.71
nthreads: 1 colors: 9 vertices: 4146 edges 77305 colors_table: () bestIndex: 0 seed: 1153385538
125.14
nthreads: 1 colors: 9 vertices: 4146 edges 77305 colors_table: () bestIndex: 0 seed: 1153385664
125.54
nthreads: 1 colors: 9 vertices: 4146 edges 77305 colors_table: () bestIndex: 0 seed: 1153385791
125.68
nthreads: 1 colors: 9 vertices: 4146 edges 77305 colors_table: () bestIndex: 0 seed: 1153385917
125.18
nthreads: 1 colors: 9 vertices: 4146 edges 77305 colors_table: () bestIndex: 0 seed: 1153386044
125.82
nthreads: 1 colors: 9 vertices: 4146 edges 77305 colors_table: () bestIndex: 0 seed: 1153386170
124.95
nthreads: 1 colors: 9 vertices: 4146 edges 77305 colors_table: () bestIndex: 0 seed: 1153386296
125.42
nthreads: 1 colors: 9 vertices: 4146 edges 77305 colors_table: () bestIndex: 0 seed: 1153386423
125.00
nthreads: 1 colors: 9 vertices: 4146 edges 77305 colors_table: () bestIndex: 0 seed: 1153386549
125.04
nthreads: 1 colors: 9 vertices: 4146 edges 77305 colors_table: () bestIndex: 0 seed: 1153386675
125.41
nthreads: 1 colors: 9 vertices: 4146 edges 77305 colors_table: () bestIndex: 0 seed: 1153386801
124.99
nthreads: 1 colors: 9 vertices: 4146 edges 77305 colors_table: () bestIndex: 0 seed: 1153386927
125.69
nthreads: 1 colors: 9 vertices: 4146 edges 77305 colors_table: () bestIndex: 0 seed: 1153387054
125.30
nthreads: 1 colors: 9 vertices: 4146 edges 77305 colors_table: () bestIndex: 0 seed: 1153387180
125.95
nthreads: 1 colors: 9 vertices: 4146 edges 77305 colors_table: () bestIndex: 0 seed: 1153387307
125.81
nthreads: 1 colors: 9 vertices: 4146 edges 77305 colors_table: () bestIndex: 0 seed: 1153387434
125.21
nthreads: 1 colors: 9 vertices: 4146 edges 77305 colors_table: () bestIndex: 0 seed: 1153387560
141.33
nthreads: 1 colors: 9 vertices: 4146 edges 77305 colors_table: () bestIndex: 0 seed: 1153387703
125.53
nthreads: 1 colors: 9 vertices: 4146 edges 77305 colors_table: () bestIndex: 0 seed: 1153387829
125.05
nthreads: 1 colors: 9 vertices: 4146 edges 77305 colors_table: () bestIndex: 0 seed: 1153387955
124.88
nthreads: 1 colors: 9 vertices: 4146 edges 77305 colors_table: () bestIndex: 0 seed: 1153388081
125.06
nthreads: 1 colors: 9 vertices: 4146 edges 77305 colors_table: () bestIndex: 0 seed: 1153388207
125.12
nthreads: 1 colors: 9 vertices: 4146 edges 77305 colors_table: () bestIndex: 0 seed: 1153388333
125.12
nthreads: 1 colors: 9 vertices: 4146 edges 77305 colors_table: () bestIndex: 0 seed: 1153388460
125.27
nthreads: 1 colors: 9 vertices: 4146 edges 77305 colors_table: () bestIndex: 0 seed: 1153388586
124.89
nthreads: 1 colors: 9 vertices: 4146 edges 77305 colors_table: () bestIndex: 0 seed: 1153388712
125.65
nthreads: 1 colors: 9 vertices: 4146 edges 77305 colors_table: () bestIndex: 0 seed: 1153388839
124.86
nthreads: 1 colors: 9 vertices: 4146 edges 77305 colors_table: () bestIndex: 0 seed: 1153388964
125.39
nthreads: 1 colors: 9 vertices: 4146 edges 77305 colors_table: () bestIndex: 0 seed: 1153389091
125.15
nthreads: 1 colors: 9 vertices: 4146 edges 77305 colors_table: () bestIndex: 0 seed: 1153389217
125.12
nthreads: 1 colors: 9 vertices: 4146 edges 77305 colors_table: () bestIndex: 0 seed: 1153389343
124.99
nthreads: 1 colors: 9 vertices: 4146 edges 77305 colors_table: () bestIndex: 0 seed: 1153389469
124.59
nthreads: 1 colors: 9 vertices: 4146 edges 77305 colors_table: () bestIndex: 0 seed: 1153389595
124.95
nthreads: 1 colors: 9 vertices: 4146 edges 77305 colors_table: () bestIndex: 0 seed: 1153389721
125.32
nthreads: 1 colors: 9 vertices: 4146 edges 77305 colors_table: () bestIndex: 0 seed: 1153389847
125.34
nthreads: 1 colors: 9 vertices: 4146 edges 77305 colors_table: () bestIndex: 0 seed: 1153389973
125.50
nthreads: 1 colors: 9 vertices: 4146 edges 77305 colors_table: () bestIndex: 0 seed: 1153390100
124.95
nthreads: 1 colors: 9 vertices: 4146 edges 77305 colors_table: () bestIndex: 0 seed: 1153390226
125.01
nthreads: 1 colors: 9 vertices: 4146 edges 77305 colors_table: () bestIndex: 0 seed: 1153390352
125.17
nthreads: 1 colors: 9 vertices: 4146 edges 77305 colors_table: () bestIndex: 0 seed: 1153390478
125.73
nthreads: 1 colors: 9 vertices: 4146 edges 77305 colors_table: () bestIndex: 0 seed: 1153390605
125.26
nthreads: 1 colors: 9 vertices: 4146 edges 77305 colors_table: () bestIndex: 0 seed: 1153390731
125.56
nthreads: 1 colors: 9 vertices: 4146 edges 77305 colors_table: () bestIndex: 0 seed: 1153390858
125.48
nthreads: 1 colors: 9 vertices: 4146 edges 77305 colors_table: () bestIndex: 0 seed: 1153390984
125.44
nthreads: 1 colors: 9 vertices: 4146 edges 77305 colors_table: () bestIndex: 0 seed: 1153391111
125.27
nthreads: 1 colors: 9 vertices: 4146 edges 77305 colors_table: () bestIndex: 0 seed: 1153391237
125.39
nthreads: 1 colors: 9 vertices: 4146 edges 77305 colors_table: () bestIndex: 0 seed: 1153391363
141.25
nthreads: 1 colors: 9 vertices: 4146 edges 77305 colors_table: () bestIndex: 0 seed: 1153391506
125.38
nthreads: 1 colors: 9 vertices: 4146 edges 77305 colors_table: () bestIndex: 0 seed: 1153391632
124.94
nthreads: 1 colors: 9 vertices: 4146 edges 77305 colors_table: () bestIndex: 0 seed: 1153391758
125.50
nthreads: 1 colors: 9 vertices: 4146 edges 77305 colors_table: () bestIndex: 0 seed: 1153391885
125.30
nthreads: 1 colors: 9 vertices: 4146 edges 77305 colors_table: () bestIndex: 0 seed: 1153392011
125.20
nthreads: 1 colors: 9 vertices: 4146 edges 77305 colors_table: () bestIndex: 0 seed: 1153392137
124.93
nthreads: 1 colors: 9 vertices: 4146 edges 77305 colors_table: () bestIndex: 0 seed: 1153392263
125.70
nthreads: 1 colors: 9 vertices: 4146 edges 77305 colors_table: () bestIndex: 0 seed: 1153392390
124.67
nthreads: 1 colors: 9 vertices: 4146 edges 77305 colors_table: () bestIndex: 0 seed: 1153392515
125.45
nthreads: 1 colors: 9 vertices: 4146 edges 77305 colors_table: () bestIndex: 0 seed: 1153392642
124.75
nthreads: 1 colors: 9 vertices: 4146 edges 77305 colors_table: () bestIndex: 0 seed: 1153392768
125.58
nthreads: 1 colors: 9 vertices: 4146 edges 77305 colors_table: () bestIndex: 0 seed: 1153392894
124.89
nthreads: 1 colors: 9 vertices: 4146 edges 77305 colors_table: () bestIndex: 0 seed: 1153393020
125.35
nthreads: 1 colors: 9 vertices: 4146 edges 77305 colors_table: () bestIndex: 0 seed: 1153393147
125.03
nthreads: 1 colors: 9 vertices: 4146 edges 77305 colors_table: () bestIndex: 0 seed: 1153393273
125.75
nthreads: 1 colors: 9 vertices: 4146 edges 77305 colors_table: () bestIndex: 0 seed: 1153393399
125.41
nthreads: 1 colors: 9 vertices: 4146 edges 77305 colors_table: () bestIndex: 0 seed: 1153393526
125.45
nthreads: 1 colors: 9 vertices: 4146 edges 77305 colors_table: () bestIndex: 0 seed: 1153393652
140.62
nthreads: 1 colors: 9 vertices: 4146 edges 77305 colors_table: () bestIndex: 0 seed: 1153393794
125.72
nthreads: 1 colors: 9 vertices: 4146 edges 77305 colors_table: () bestIndex: 0 seed: 1153393921
124.82
nthreads: 1 colors: 9 vertices: 4146 edges 77305 colors_table: () bestIndex: 0 seed: 1153394047
141.40
nthreads: 1 colors: 9 vertices: 4146 edges 77305 colors_table: () bestIndex: 0 seed: 1153394189
125.00
nthreads: 1 colors: 9 vertices: 4146 edges 77305 colors_table: () bestIndex: 0 seed: 1153394315
125.96
nthreads: 1 colors: 9 vertices: 4146 edges 77305 colors_table: () bestIndex: 0 seed: 1153394442
125.09
nthreads: 1 colors: 9 vertices: 4146 edges 77305 colors_table: () bestIndex: 0 seed: 1153394568
125.80
nthreads: 1 colors: 9 vertices: 4146 edges 77305 colors_table: () bestIndex: 0 seed: 1153394695
124.85
nthreads: 1 colors: 9 vertices: 4146 edges 77305 colors_table: () bestIndex: 0 seed: 1153394821
125.70
