anna.col.b n_loops: 100 n_threads: 1
Thu Jul 20 04:26:06 EDT 2006 /home/thanhvu/nfs/Classic/1225_SameAsPATCHONLY_w_somechangestoprintSol/log_dir//1153371616/anna.col.b_1153383966.log
Single cedf232c677ebdd3c298dee92578679f /home/thanhvu/nfs/Classic/1225_SameAsPATCHONLY_w_somechangestoprintSol/a.out
nthreads: 1 colors: 11 vertices: 138 edges 493 colors_table: () bestIndex: 0 seed: 1153383966
1.28
nthreads: 1 colors: 11 vertices: 138 edges 493 colors_table: () bestIndex: 0 seed: 1153383969
1.24
nthreads: 1 colors: 11 vertices: 138 edges 493 colors_table: () bestIndex: 0 seed: 1153383971
1.24
nthreads: 1 colors: 11 vertices: 138 edges 493 colors_table: () bestIndex: 0 seed: 1153383973
1.26
nthreads: 1 colors: 11 vertices: 138 edges 493 colors_table: () bestIndex: 0 seed: 1153383975
1.24
nthreads: 1 colors: 11 vertices: 138 edges 493 colors_table: () bestIndex: 0 seed: 1153383978
1.24
nthreads: 1 colors: 11 vertices: 138 edges 493 colors_table: () bestIndex: 0 seed: 1153383980
1.26
nthreads: 1 colors: 11 vertices: 138 edges 493 colors_table: () bestIndex: 0 seed: 1153383982
1.24
nthreads: 1 colors: 11 vertices: 138 edges 493 colors_table: () bestIndex: 0 seed: 1153383985
1.24
nthreads: 1 colors: 11 vertices: 138 edges 493 colors_table: () bestIndex: 0 seed: 1153383987
1.24
nthreads: 1 colors: 11 vertices: 138 edges 493 colors_table: () bestIndex: 0 seed: 1153383989
1.24
nthreads: 1 colors: 11 vertices: 138 edges 493 colors_table: () bestIndex: 0 seed: 1153383991
1.25
nthreads: 1 colors: 11 vertices: 138 edges 493 colors_table: () bestIndex: 0 seed: 1153383994
1.24
nthreads: 1 colors: 11 vertices: 138 edges 493 colors_table: () bestIndex: 0 seed: 1153383996
1.24
nthreads: 1 colors: 11 vertices: 138 edges 493 colors_table: () bestIndex: 0 seed: 1153383998
1.23
nthreads: 1 colors: 11 vertices: 138 edges 493 colors_table: () bestIndex: 0 seed: 1153384001
1.25
nthreads: 1 colors: 11 vertices: 138 edges 493 colors_table: () bestIndex: 0 seed: 1153384003
1.24
nthreads: 1 colors: 11 vertices: 138 edges 493 colors_table: () bestIndex: 0 seed: 1153384005
1.24
nthreads: 1 colors: 11 vertices: 138 edges 493 colors_table: () bestIndex: 0 seed: 1153384007
1.24
nthreads: 1 colors: 11 vertices: 138 edges 493 colors_table: () bestIndex: 0 seed: 1153384010
1.25
nthreads: 1 colors: 11 vertices: 138 edges 493 colors_table: () bestIndex: 0 seed: 1153384012
1.23
nthreads: 1 colors: 11 vertices: 138 edges 493 colors_table: () bestIndex: 0 seed: 1153384014
1.24
nthreads: 1 colors: 11 vertices: 138 edges 493 colors_table: () bestIndex: 0 seed: 1153384017
1.25
nthreads: 1 colors: 11 vertices: 138 edges 493 colors_table: () bestIndex: 0 seed: 1153384019
1.25
nthreads: 1 colors: 11 vertices: 138 edges 493 colors_table: () bestIndex: 0 seed: 1153384021
1.25
nthreads: 1 colors: 11 vertices: 138 edges 493 colors_table: () bestIndex: 0 seed: 1153384023
1.25
nthreads: 1 colors: 11 vertices: 138 edges 493 colors_table: () bestIndex: 0 seed: 1153384026
1.26
nthreads: 1 colors: 11 vertices: 138 edges 493 colors_table: () bestIndex: 0 seed: 1153384028
1.24
nthreads: 1 colors: 11 vertices: 138 edges 493 colors_table: () bestIndex: 0 seed: 1153384030
1.24
nthreads: 1 colors: 11 vertices: 138 edges 493 colors_table: () bestIndex: 0 seed: 1153384033
1.26
nthreads: 1 colors: 11 vertices: 138 edges 493 colors_table: () bestIndex: 0 seed: 1153384035
1.25
nthreads: 1 colors: 11 vertices: 138 edges 493 colors_table: () bestIndex: 0 seed: 1153384037
1.25
nthreads: 1 colors: 11 vertices: 138 edges 493 colors_table: () bestIndex: 0 seed: 1153384040
1.25
nthreads: 1 colors: 11 vertices: 138 edges 493 colors_table: () bestIndex: 0 seed: 1153384042
1.24
nthreads: 1 colors: 11 vertices: 138 edges 493 colors_table: () bestIndex: 0 seed: 1153384044
1.25
nthreads: 1 colors: 11 vertices: 138 edges 493 colors_table: () bestIndex: 0 seed: 1153384046
1.24
nthreads: 1 colors: 11 vertices: 138 edges 493 colors_table: () bestIndex: 0 seed: 1153384049
1.25
nthreads: 1 colors: 11 vertices: 138 edges 493 colors_table: () bestIndex: 0 seed: 1153384051
1.25
nthreads: 1 colors: 11 vertices: 138 edges 493 colors_table: () bestIndex: 0 seed: 1153384053
1.27
nthreads: 1 colors: 11 vertices: 138 edges 493 colors_table: () bestIndex: 0 seed: 1153384056
1.24
nthreads: 1 colors: 11 vertices: 138 edges 493 colors_table: () bestIndex: 0 seed: 1153384058
1.24
nthreads: 1 colors: 11 vertices: 138 edges 493 colors_table: () bestIndex: 0 seed: 1153384060
1.24
nthreads: 1 colors: 11 vertices: 138 edges 493 colors_table: () bestIndex: 0 seed: 1153384062
1.24
nthreads: 1 colors: 11 vertices: 138 edges 493 colors_table: () bestIndex: 0 seed: 1153384065
1.24
nthreads: 1 colors: 11 vertices: 138 edges 493 colors_table: () bestIndex: 0 seed: 1153384067
1.25
nthreads: 1 colors: 11 vertices: 138 edges 493 colors_table: () bestIndex: 0 seed: 1153384069
1.24
nthreads: 1 colors: 11 vertices: 138 edges 493 colors_table: () bestIndex: 0 seed: 1153384072
1.26
nthreads: 1 colors: 11 vertices: 138 edges 493 colors_table: () bestIndex: 0 seed: 1153384074
1.24
nthreads: 1 colors: 11 vertices: 138 edges 493 colors_table: () bestIndex: 0 seed: 1153384076
1.25
nthreads: 1 colors: 11 vertices: 138 edges 493 colors_table: () bestIndex: 0 seed: 1153384078
1.24
nthreads: 1 colors: 11 vertices: 138 edges 493 colors_table: () bestIndex: 0 seed: 1153384081
1.25
nthreads: 1 colors: 11 vertices: 138 edges 493 colors_table: () bestIndex: 0 seed: 1153384083
1.24
nthreads: 1 colors: 11 vertices: 138 edges 493 colors_table: () bestIndex: 0 seed: 1153384085
1.24
nthreads: 1 colors: 11 vertices: 138 edges 493 colors_table: () bestIndex: 0 seed: 1153384088
1.24
nthreads: 1 colors: 11 vertices: 138 edges 493 colors_table: () bestIndex: 0 seed: 1153384090
1.24
nthreads: 1 colors: 11 vertices: 138 edges 493 colors_table: () bestIndex: 0 seed: 1153384092
1.25
nthreads: 1 colors: 11 vertices: 138 edges 493 colors_table: () bestIndex: 0 seed: 1153384094
1.25
nthreads: 1 colors: 11 vertices: 138 edges 493 colors_table: () bestIndex: 0 seed: 1153384097
1.24
nthreads: 1 colors: 11 vertices: 138 edges 493 colors_table: () bestIndex: 0 seed: 1153384099
1.24
nthreads: 1 colors: 11 vertices: 138 edges 493 colors_table: () bestIndex: 0 seed: 1153384101
1.25
nthreads: 1 colors: 11 vertices: 138 edges 493 colors_table: () bestIndex: 0 seed: 1153384104
1.25
nthreads: 1 colors: 11 vertices: 138 edges 493 colors_table: () bestIndex: 0 seed: 1153384106
1.24
nthreads: 1 colors: 11 vertices: 138 edges 493 colors_table: () bestIndex: 0 seed: 1153384108
1.26
nthreads: 1 colors: 11 vertices: 138 edges 493 colors_table: () bestIndex: 0 seed: 1153384110
1.24
nthreads: 1 colors: 11 vertices: 138 edges 493 colors_table: () bestIndex: 0 seed: 1153384113
1.24
nthreads: 1 colors: 11 vertices: 138 edges 493 colors_table: () bestIndex: 0 seed: 1153384115
1.24
nthreads: 1 colors: 11 vertices: 138 edges 493 colors_table: () bestIndex: 0 seed: 1153384117
1.23
nthreads: 1 colors: 11 vertices: 138 edges 493 colors_table: () bestIndex: 0 seed: 1153384119
1.24
nthreads: 1 colors: 11 vertices: 138 edges 493 colors_table: () bestIndex: 0 seed: 1153384122
1.24
nthreads: 1 colors: 11 vertices: 138 edges 493 colors_table: () bestIndex: 0 seed: 1153384124
1.27
nthreads: 1 colors: 11 vertices: 138 edges 493 colors_table: () bestIndex: 0 seed: 1153384126
1.24
nthreads: 1 colors: 11 vertices: 138 edges 493 colors_table: () bestIndex: 0 seed: 1153384129
1.24
nthreads: 1 colors: 11 vertices: 138 edges 493 colors_table: () bestIndex: 0 seed: 1153384131
1.24
nthreads: 1 colors: 11 vertices: 138 edges 493 colors_table: () bestIndex: 0 seed: 1153384133
1.24
nthreads: 1 colors: 11 vertices: 138 edges 493 colors_table: () bestIndex: 0 seed: 1153384136
1.24
nthreads: 1 colors: 11 vertices: 138 edges 493 colors_table: () bestIndex: 0 seed: 1153384138
1.25
nthreads: 1 colors: 11 vertices: 138 edges 493 colors_table: () bestIndex: 0 seed: 1153384140
1.24
nthreads: 1 colors: 11 vertices: 138 edges 493 colors_table: () bestIndex: 0 seed: 1153384142
1.25
nthreads: 1 colors: 11 vertices: 138 edges 493 colors_table: () bestIndex: 0 seed: 1153384145
1.24
nthreads: 1 colors: 11 vertices: 138 edges 493 colors_table: () bestIndex: 0 seed: 1153384147
1.26
nthreads: 1 colors: 11 vertices: 138 edges 493 colors_table: () bestIndex: 0 seed: 1153384149
1.25
nthreads: 1 colors: 11 vertices: 138 edges 493 colors_table: () bestIndex: 0 seed: 1153384152
1.25
nthreads: 1 colors: 11 vertices: 138 edges 493 colors_table: () bestIndex: 0 seed: 1153384154
1.25
nthreads: 1 colors: 11 vertices: 138 edges 493 colors_table: () bestIndex: 0 seed: 1153384156
1.25
nthreads: 1 colors: 11 vertices: 138 edges 493 colors_table: () bestIndex: 0 seed: 1153384158
1.24
nthreads: 1 colors: 11 vertices: 138 edges 493 colors_table: () bestIndex: 0 seed: 1153384161
1.25
nthreads: 1 colors: 11 vertices: 138 edges 493 colors_table: () bestIndex: 0 seed: 1153384163
1.24
nthreads: 1 colors: 11 vertices: 138 edges 493 colors_table: () bestIndex: 0 seed: 1153384165
1.23
nthreads: 1 colors: 11 vertices: 138 edges 493 colors_table: () bestIndex: 0 seed: 1153384168
1.24
nthreads: 1 colors: 11 vertices: 138 edges 493 colors_table: () bestIndex: 0 seed: 1153384170
1.24
nthreads: 1 colors: 11 vertices: 138 edges 493 colors_table: () bestIndex: 0 seed: 1153384172
1.24
nthreads: 1 colors: 11 vertices: 138 edges 493 colors_table: () bestIndex: 0 seed: 1153384174
1.24
nthreads: 1 colors: 11 vertices: 138 edges 493 colors_table: () bestIndex: 0 seed: 1153384177
1.25
nthreads: 1 colors: 11 vertices: 138 edges 493 colors_table: () bestIndex: 0 seed: 1153384179
1.25
nthreads: 1 colors: 11 vertices: 138 edges 493 colors_table: () bestIndex: 0 seed: 1153384181
1.24
nthreads: 1 colors: 11 vertices: 138 edges 493 colors_table: () bestIndex: 0 seed: 1153384183
1.26
nthreads: 1 colors: 11 vertices: 138 edges 493 colors_table: () bestIndex: 0 seed: 1153384186
1.24
nthreads: 1 colors: 11 vertices: 138 edges 493 colors_table: () bestIndex: 0 seed: 1153384188
1.24
nthreads: 1 colors: 11 vertices: 138 edges 493 colors_table: () bestIndex: 0 seed: 1153384190
1.25
nthreads: 1 colors: 11 vertices: 138 edges 493 colors_table: () bestIndex: 0 seed: 1153384193
1.24
