ash608GPIA.col.b n_loops: 100 n_threads: 1
Thu Jul 20 04:57:53 EDT 2006 /home/thanhvu/nfs/Classic/1225_SameAsPATCHONLY_w_somechangestoprintSol/log_dir//1153371616/ash608GPIA.col.b_1153385873.log
Single cedf232c677ebdd3c298dee92578679f /home/thanhvu/nfs/Classic/1225_SameAsPATCHONLY_w_somechangestoprintSol/a.out
nthreads: 1 colors: 4 vertices: 1216 edges 7844 colors_table: () bestIndex: 4 seed: 1153385873
25.15
nthreads: 1 colors: 4 vertices: 1216 edges 7844 colors_table: () bestIndex: 27 seed: 1153385899
25.63
nthreads: 1 colors: 4 vertices: 1216 edges 7844 colors_table: () bestIndex: 5 seed: 1153385926
25.23
nthreads: 1 colors: 4 vertices: 1216 edges 7844 colors_table: () bestIndex: 7 seed: 1153385952
25.13
nthreads: 1 colors: 4 vertices: 1216 edges 7844 colors_table: () bestIndex: 18 seed: 1153385978
25.43
nthreads: 1 colors: 5 vertices: 1216 edges 7844 colors_table: () bestIndex: 2 seed: 1153386005
22.50
nthreads: 1 colors: 4 vertices: 1216 edges 7844 colors_table: () bestIndex: 17 seed: 1153386028
25.27
nthreads: 1 colors: 4 vertices: 1216 edges 7844 colors_table: () bestIndex: 9 seed: 1153386055
25.16
nthreads: 1 colors: 5 vertices: 1216 edges 7844 colors_table: () bestIndex: 1 seed: 1153386081
22.27
nthreads: 1 colors: 5 vertices: 1216 edges 7844 colors_table: () bestIndex: 3 seed: 1153386104
22.47
nthreads: 1 colors: 4 vertices: 1216 edges 7844 colors_table: () bestIndex: 6 seed: 1153386128
25.19
nthreads: 1 colors: 4 vertices: 1216 edges 7844 colors_table: () bestIndex: 8 seed: 1153386154
25.36
nthreads: 1 colors: 4 vertices: 1216 edges 7844 colors_table: () bestIndex: 11 seed: 1153386180
25.22
nthreads: 1 colors: 5 vertices: 1216 edges 7844 colors_table: () bestIndex: 3 seed: 1153386207
22.34
nthreads: 1 colors: 4 vertices: 1216 edges 7844 colors_table: () bestIndex: 200 seed: 1153386230
27.99
nthreads: 1 colors: 5 vertices: 1216 edges 7844 colors_table: () bestIndex: 2 seed: 1153386259
22.39
nthreads: 1 colors: 4 vertices: 1216 edges 7844 colors_table: () bestIndex: 227 seed: 1153386283
28.55
nthreads: 1 colors: 4 vertices: 1216 edges 7844 colors_table: () bestIndex: 36 seed: 1153386312
25.73
nthreads: 1 colors: 4 vertices: 1216 edges 7844 colors_table: () bestIndex: 64 seed: 1153386339
26.15
nthreads: 1 colors: 5 vertices: 1216 edges 7844 colors_table: () bestIndex: 3 seed: 1153386366
22.44
nthreads: 1 colors: 4 vertices: 1216 edges 7844 colors_table: () bestIndex: 10 seed: 1153386390
25.22
nthreads: 1 colors: 4 vertices: 1216 edges 7844 colors_table: () bestIndex: 21 seed: 1153386416
25.40
nthreads: 1 colors: 4 vertices: 1216 edges 7844 colors_table: () bestIndex: 8 seed: 1153386442
26.74
nthreads: 1 colors: 4 vertices: 1216 edges 7844 colors_table: () bestIndex: 14 seed: 1153386470
25.31
nthreads: 1 colors: 4 vertices: 1216 edges 7844 colors_table: () bestIndex: 13 seed: 1153386496
25.39
nthreads: 1 colors: 4 vertices: 1216 edges 7844 colors_table: () bestIndex: 22 seed: 1153386523
25.46
nthreads: 1 colors: 4 vertices: 1216 edges 7844 colors_table: () bestIndex: 6 seed: 1153386549
25.25
nthreads: 1 colors: 4 vertices: 1216 edges 7844 colors_table: () bestIndex: 17 seed: 1153386576
25.37
nthreads: 1 colors: 4 vertices: 1216 edges 7844 colors_table: () bestIndex: 15 seed: 1153386602
25.38
nthreads: 1 colors: 5 vertices: 1216 edges 7844 colors_table: () bestIndex: 1 seed: 1153386628
22.32
nthreads: 1 colors: 4 vertices: 1216 edges 7844 colors_table: () bestIndex: 9 seed: 1153386652
25.36
nthreads: 1 colors: 5 vertices: 1216 edges 7844 colors_table: () bestIndex: 3 seed: 1153386678
22.29
nthreads: 1 colors: 4 vertices: 1216 edges 7844 colors_table: () bestIndex: 4 seed: 1153386702
25.25
nthreads: 1 colors: 4 vertices: 1216 edges 7844 colors_table: () bestIndex: 8 seed: 1153386728
25.17
nthreads: 1 colors: 4 vertices: 1216 edges 7844 colors_table: () bestIndex: 11 seed: 1153386754
25.26
nthreads: 1 colors: 5 vertices: 1216 edges 7844 colors_table: () bestIndex: 1 seed: 1153386780
22.33
nthreads: 1 colors: 4 vertices: 1216 edges 7844 colors_table: () bestIndex: 14 seed: 1153386804
25.30
nthreads: 1 colors: 5 vertices: 1216 edges 7844 colors_table: () bestIndex: 1 seed: 1153386830
22.37
nthreads: 1 colors: 4 vertices: 1216 edges 7844 colors_table: () bestIndex: 11 seed: 1153386854
25.32
nthreads: 1 colors: 4 vertices: 1216 edges 7844 colors_table: () bestIndex: 6 seed: 1153386880
25.18
nthreads: 1 colors: 4 vertices: 1216 edges 7844 colors_table: () bestIndex: 7 seed: 1153386906
25.26
nthreads: 1 colors: 5 vertices: 1216 edges 7844 colors_table: () bestIndex: 4 seed: 1153386932
22.46
nthreads: 1 colors: 4 vertices: 1216 edges 7844 colors_table: () bestIndex: 9 seed: 1153386956
25.32
nthreads: 1 colors: 4 vertices: 1216 edges 7844 colors_table: () bestIndex: 5 seed: 1153386982
25.11
nthreads: 1 colors: 5 vertices: 1216 edges 7844 colors_table: () bestIndex: 1 seed: 1153387008
22.45
nthreads: 1 colors: 4 vertices: 1216 edges 7844 colors_table: () bestIndex: 7 seed: 1153387032
25.10
nthreads: 1 colors: 4 vertices: 1216 edges 7844 colors_table: () bestIndex: 11 seed: 1153387058
25.31
nthreads: 1 colors: 5 vertices: 1216 edges 7844 colors_table: () bestIndex: 2 seed: 1153387084
22.41
nthreads: 1 colors: 4 vertices: 1216 edges 7844 colors_table: () bestIndex: 9 seed: 1153387108
25.16
nthreads: 1 colors: 4 vertices: 1216 edges 7844 colors_table: () bestIndex: 16 seed: 1153387134
25.27
nthreads: 1 colors: 4 vertices: 1216 edges 7844 colors_table: () bestIndex: 19 seed: 1153387160
25.47
nthreads: 1 colors: 4 vertices: 1216 edges 7844 colors_table: () bestIndex: 8 seed: 1153387187
25.34
nthreads: 1 colors: 4 vertices: 1216 edges 7844 colors_table: () bestIndex: 6 seed: 1153387213
25.14
nthreads: 1 colors: 5 vertices: 1216 edges 7844 colors_table: () bestIndex: 2 seed: 1153387239
22.32
nthreads: 1 colors: 5 vertices: 1216 edges 7844 colors_table: () bestIndex: 2 seed: 1153387263
22.49
nthreads: 1 colors: 5 vertices: 1216 edges 7844 colors_table: () bestIndex: 3 seed: 1153387286
22.40
nthreads: 1 colors: 4 vertices: 1216 edges 7844 colors_table: () bestIndex: 4 seed: 1153387310
25.06
nthreads: 1 colors: 5 vertices: 1216 edges 7844 colors_table: () bestIndex: 3 seed: 1153387336
22.22
nthreads: 1 colors: 4 vertices: 1216 edges 7844 colors_table: () bestIndex: 90 seed: 1153387359
26.49
nthreads: 1 colors: 5 vertices: 1216 edges 7844 colors_table: () bestIndex: 1 seed: 1153387387
22.36
nthreads: 1 colors: 4 vertices: 1216 edges 7844 colors_table: () bestIndex: 5 seed: 1153387410
25.25
nthreads: 1 colors: 4 vertices: 1216 edges 7844 colors_table: () bestIndex: 18 seed: 1153387436
27.26
nthreads: 1 colors: 4 vertices: 1216 edges 7844 colors_table: () bestIndex: 9 seed: 1153387465
25.26
nthreads: 1 colors: 5 vertices: 1216 edges 7844 colors_table: () bestIndex: 2 seed: 1153387491
22.30
nthreads: 1 colors: 5 vertices: 1216 edges 7844 colors_table: () bestIndex: 4 seed: 1153387514
22.35
nthreads: 1 colors: 4 vertices: 1216 edges 7844 colors_table: () bestIndex: 11 seed: 1153387538
25.26
nthreads: 1 colors: 4 vertices: 1216 edges 7844 colors_table: () bestIndex: 7 seed: 1153387564
25.37
nthreads: 1 colors: 4 vertices: 1216 edges 7844 colors_table: () bestIndex: 69 seed: 1153387590
26.28
nthreads: 1 colors: 5 vertices: 1216 edges 7844 colors_table: () bestIndex: 1 seed: 1153387618
22.34
nthreads: 1 colors: 4 vertices: 1216 edges 7844 colors_table: () bestIndex: 6 seed: 1153387641
25.27
nthreads: 1 colors: 4 vertices: 1216 edges 7844 colors_table: () bestIndex: 3 seed: 1153387667
25.19
nthreads: 1 colors: 4 vertices: 1216 edges 7844 colors_table: () bestIndex: 310 seed: 1153387694
29.64
nthreads: 1 colors: 4 vertices: 1216 edges 7844 colors_table: () bestIndex: 23 seed: 1153387724
25.49
nthreads: 1 colors: 5 vertices: 1216 edges 7844 colors_table: () bestIndex: 2 seed: 1153387751
22.31
nthreads: 1 colors: 4 vertices: 1216 edges 7844 colors_table: () bestIndex: 12 seed: 1153387774
25.26
nthreads: 1 colors: 5 vertices: 1216 edges 7844 colors_table: () bestIndex: 3 seed: 1153387801
22.41
nthreads: 1 colors: 4 vertices: 1216 edges 7844 colors_table: () bestIndex: 8 seed: 1153387824
25.34
nthreads: 1 colors: 4 vertices: 1216 edges 7844 colors_table: () bestIndex: 14 seed: 1153387850
25.28
nthreads: 1 colors: 4 vertices: 1216 edges 7844 colors_table: () bestIndex: 6 seed: 1153387877
25.19
nthreads: 1 colors: 4 vertices: 1216 edges 7844 colors_table: () bestIndex: 37 seed: 1153387903
25.71
nthreads: 1 colors: 5 vertices: 1216 edges 7844 colors_table: () bestIndex: 3 seed: 1153387930
22.36
nthreads: 1 colors: 4 vertices: 1216 edges 7844 colors_table: () bestIndex: 6 seed: 1153387953
25.31
nthreads: 1 colors: 4 vertices: 1216 edges 7844 colors_table: () bestIndex: 6 seed: 1153387979
25.23
nthreads: 1 colors: 4 vertices: 1216 edges 7844 colors_table: () bestIndex: 340 seed: 1153388006
30.24
nthreads: 1 colors: 4 vertices: 1216 edges 7844 colors_table: () bestIndex: 6 seed: 1153388037
25.27
nthreads: 1 colors: 4 vertices: 1216 edges 7844 colors_table: () bestIndex: 55 seed: 1153388063
25.85
nthreads: 1 colors: 5 vertices: 1216 edges 7844 colors_table: () bestIndex: 3 seed: 1153388090
22.48
nthreads: 1 colors: 4 vertices: 1216 edges 7844 colors_table: () bestIndex: 7 seed: 1153388114
25.23
nthreads: 1 colors: 4 vertices: 1216 edges 7844 colors_table: () bestIndex: 11 seed: 1153388140
25.29
nthreads: 1 colors: 4 vertices: 1216 edges 7844 colors_table: () bestIndex: 7 seed: 1153388166
25.35
nthreads: 1 colors: 5 vertices: 1216 edges 7844 colors_table: () bestIndex: 4 seed: 1153388193
22.45
nthreads: 1 colors: 4 vertices: 1216 edges 7844 colors_table: () bestIndex: 18 seed: 1153388216
25.32
nthreads: 1 colors: 4 vertices: 1216 edges 7844 colors_table: () bestIndex: 6 seed: 1153388243
25.07
nthreads: 1 colors: 4 vertices: 1216 edges 7844 colors_table: () bestIndex: 11 seed: 1153388269
25.25
nthreads: 1 colors: 5 vertices: 1216 edges 7844 colors_table: () bestIndex: 1 seed: 1153388295
22.43
nthreads: 1 colors: 4 vertices: 1216 edges 7844 colors_table: () bestIndex: 31 seed: 1153388318
25.69
nthreads: 1 colors: 5 vertices: 1216 edges 7844 colors_table: () bestIndex: 6 seed: 1153388345
22.33
nthreads: 1 colors: 5 vertices: 1216 edges 7844 colors_table: () bestIndex: 2 seed: 1153388369
22.21
nthreads: 1 colors: 5 vertices: 1216 edges 7844 colors_table: () bestIndex: 3 seed: 1153388392
22.32
nthreads: 1 colors: 5 vertices: 1216 edges 7844 colors_table: () bestIndex: 4 seed: 1153388415
22.49
