DSJC250.1.col.b n_loops: 100 n_threads: 1
Thu Jul 20 22:36:54 EDT 2006 /home/thanhvu/nfs/Classic/1225_SameAsPATCHONLY_w_somechangestoprintSol/log_dir//1153378380/DSJC250.1.col.b_1153449414.log
Single cedf232c677ebdd3c298dee92578679f /home/thanhvu/nfs/Classic/1225_SameAsPATCHONLY_w_somechangestoprintSol/a.out
nthreads: 1 colors: 8 vertices: 250 edges 3218 colors_table: () bestIndex: 511 seed: 1153449414
6.46
nthreads: 1 colors: 9 vertices: 250 edges 3218 colors_table: () bestIndex: 41 seed: 1153449421
3.52
nthreads: 1 colors: 8 vertices: 250 edges 3218 colors_table: () bestIndex: 139 seed: 1153449426
4.70
nthreads: 1 colors: 8 vertices: 250 edges 3218 colors_table: () bestIndex: 409 seed: 1153449432
6.12
nthreads: 1 colors: 8 vertices: 250 edges 3218 colors_table: () bestIndex: 245 seed: 1153449439
5.11
nthreads: 1 colors: 9 vertices: 250 edges 3218 colors_table: () bestIndex: 41 seed: 1153449445
3.78
nthreads: 1 colors: 9 vertices: 250 edges 3218 colors_table: () bestIndex: 41 seed: 1153449450
3.55
nthreads: 1 colors: 9 vertices: 250 edges 3218 colors_table: () bestIndex: 41 seed: 1153449454
3.68
nthreads: 1 colors: 9 vertices: 250 edges 3218 colors_table: () bestIndex: 41 seed: 1153449459
3.66
nthreads: 1 colors: 9 vertices: 250 edges 3218 colors_table: () bestIndex: 41 seed: 1153449464
3.68
nthreads: 1 colors: 9 vertices: 250 edges 3218 colors_table: () bestIndex: 41 seed: 1153449468
3.53
nthreads: 1 colors: 8 vertices: 250 edges 3218 colors_table: () bestIndex: 760 seed: 1153449473
7.52
nthreads: 1 colors: 8 vertices: 250 edges 3218 colors_table: () bestIndex: 76 seed: 1153449481
4.49
nthreads: 1 colors: 8 vertices: 250 edges 3218 colors_table: () bestIndex: 627 seed: 1153449487
7.24
nthreads: 1 colors: 8 vertices: 250 edges 3218 colors_table: () bestIndex: 697 seed: 1153449495
7.28
nthreads: 1 colors: 9 vertices: 250 edges 3218 colors_table: () bestIndex: 41 seed: 1153449504
3.63
nthreads: 1 colors: 8 vertices: 250 edges 3218 colors_table: () bestIndex: 113 seed: 1153449508
4.75
nthreads: 1 colors: 9 vertices: 250 edges 3218 colors_table: () bestIndex: 41 seed: 1153449514
3.56
nthreads: 1 colors: 8 vertices: 250 edges 3218 colors_table: () bestIndex: 747 seed: 1153449518
7.53
nthreads: 1 colors: 9 vertices: 250 edges 3218 colors_table: () bestIndex: 41 seed: 1153449527
3.56
nthreads: 1 colors: 8 vertices: 250 edges 3218 colors_table: () bestIndex: 475 seed: 1153449532
6.33
nthreads: 1 colors: 9 vertices: 250 edges 3218 colors_table: () bestIndex: 41 seed: 1153449539
3.61
nthreads: 1 colors: 8 vertices: 250 edges 3218 colors_table: () bestIndex: 541 seed: 1153449544
6.41
nthreads: 1 colors: 8 vertices: 250 edges 3218 colors_table: () bestIndex: 741 seed: 1153449551
7.58
nthreads: 1 colors: 9 vertices: 250 edges 3218 colors_table: () bestIndex: 41 seed: 1153449560
3.55
nthreads: 1 colors: 8 vertices: 250 edges 3218 colors_table: () bestIndex: 330 seed: 1153449564
5.77
nthreads: 1 colors: 8 vertices: 250 edges 3218 colors_table: () bestIndex: 182 seed: 1153449571
4.96
nthreads: 1 colors: 8 vertices: 250 edges 3218 colors_table: () bestIndex: 265 seed: 1153449577
5.36
nthreads: 1 colors: 9 vertices: 250 edges 3218 colors_table: () bestIndex: 41 seed: 1153449583
3.53
nthreads: 1 colors: 8 vertices: 250 edges 3218 colors_table: () bestIndex: 728 seed: 1153449588
7.61
nthreads: 1 colors: 8 vertices: 250 edges 3218 colors_table: () bestIndex: 442 seed: 1153449596
6.23
nthreads: 1 colors: 9 vertices: 250 edges 3218 colors_table: () bestIndex: 41 seed: 1153449604
3.58
nthreads: 1 colors: 8 vertices: 250 edges 3218 colors_table: () bestIndex: 40 seed: 1153449608
4.30
nthreads: 1 colors: 9 vertices: 250 edges 3218 colors_table: () bestIndex: 41 seed: 1153449614
3.64
nthreads: 1 colors: 9 vertices: 250 edges 3218 colors_table: () bestIndex: 41 seed: 1153449618
3.58
nthreads: 1 colors: 9 vertices: 250 edges 3218 colors_table: () bestIndex: 41 seed: 1153449623
3.66
nthreads: 1 colors: 9 vertices: 250 edges 3218 colors_table: () bestIndex: 41 seed: 1153449628
3.55
nthreads: 1 colors: 8 vertices: 250 edges 3218 colors_table: () bestIndex: 660 seed: 1153449632
7.17
nthreads: 1 colors: 8 vertices: 250 edges 3218 colors_table: () bestIndex: 246 seed: 1153449640
5.18
nthreads: 1 colors: 8 vertices: 250 edges 3218 colors_table: () bestIndex: 491 seed: 1153449646
6.40
nthreads: 1 colors: 9 vertices: 250 edges 3218 colors_table: () bestIndex: 41 seed: 1153449654
3.61
nthreads: 1 colors: 8 vertices: 250 edges 3218 colors_table: () bestIndex: 237 seed: 1153449659
5.28
nthreads: 1 colors: 8 vertices: 250 edges 3218 colors_table: () bestIndex: 160 seed: 1153449665
4.84
nthreads: 1 colors: 8 vertices: 250 edges 3218 colors_table: () bestIndex: 217 seed: 1153449671
5.13
nthreads: 1 colors: 8 vertices: 250 edges 3218 colors_table: () bestIndex: 370 seed: 1153449677
5.92
nthreads: 1 colors: 9 vertices: 250 edges 3218 colors_table: () bestIndex: 41 seed: 1153449684
3.61
nthreads: 1 colors: 8 vertices: 250 edges 3218 colors_table: () bestIndex: 51 seed: 1153449688
4.35
nthreads: 1 colors: 9 vertices: 250 edges 3218 colors_table: () bestIndex: 41 seed: 1153449694
3.52
nthreads: 1 colors: 8 vertices: 250 edges 3218 colors_table: () bestIndex: 442 seed: 1153449698
6.17
nthreads: 1 colors: 8 vertices: 250 edges 3218 colors_table: () bestIndex: 785 seed: 1153449705
7.67
nthreads: 1 colors: 8 vertices: 250 edges 3218 colors_table: () bestIndex: 153 seed: 1153449714
4.97
nthreads: 1 colors: 9 vertices: 250 edges 3218 colors_table: () bestIndex: 41 seed: 1153449720
3.60
nthreads: 1 colors: 8 vertices: 250 edges 3218 colors_table: () bestIndex: 281 seed: 1153449725
5.31
nthreads: 1 colors: 8 vertices: 250 edges 3218 colors_table: () bestIndex: 83 seed: 1153449731
4.63
nthreads: 1 colors: 8 vertices: 250 edges 3218 colors_table: () bestIndex: 569 seed: 1153449737
6.62
nthreads: 1 colors: 8 vertices: 250 edges 3218 colors_table: () bestIndex: 240 seed: 1153449744
5.35
nthreads: 1 colors: 9 vertices: 250 edges 3218 colors_table: () bestIndex: 41 seed: 1153449751
3.43
nthreads: 1 colors: 8 vertices: 250 edges 3218 colors_table: () bestIndex: 543 seed: 1153449755
6.67
nthreads: 1 colors: 8 vertices: 250 edges 3218 colors_table: () bestIndex: 169 seed: 1153449763
4.88
nthreads: 1 colors: 9 vertices: 250 edges 3218 colors_table: () bestIndex: 41 seed: 1153449769
3.68
nthreads: 1 colors: 9 vertices: 250 edges 3218 colors_table: () bestIndex: 41 seed: 1153449773
3.53
nthreads: 1 colors: 9 vertices: 250 edges 3218 colors_table: () bestIndex: 41 seed: 1153449778
3.72
nthreads: 1 colors: 9 vertices: 250 edges 3218 colors_table: () bestIndex: 42 seed: 1153449783
3.50
nthreads: 1 colors: 8 vertices: 250 edges 3218 colors_table: () bestIndex: 146 seed: 1153449787
4.86
nthreads: 1 colors: 8 vertices: 250 edges 3218 colors_table: () bestIndex: 434 seed: 1153449793
6.12
nthreads: 1 colors: 8 vertices: 250 edges 3218 colors_table: () bestIndex: 639 seed: 1153449800
7.07
nthreads: 1 colors: 9 vertices: 250 edges 3218 colors_table: () bestIndex: 41 seed: 1153449808
3.63
nthreads: 1 colors: 9 vertices: 250 edges 3218 colors_table: () bestIndex: 41 seed: 1153449813
3.71
nthreads: 1 colors: 9 vertices: 250 edges 3218 colors_table: () bestIndex: 41 seed: 1153449818
3.65
nthreads: 1 colors: 9 vertices: 250 edges 3218 colors_table: () bestIndex: 41 seed: 1153449822
3.58
nthreads: 1 colors: 8 vertices: 250 edges 3218 colors_table: () bestIndex: 427 seed: 1153449827
6.05
nthreads: 1 colors: 9 vertices: 250 edges 3218 colors_table: () bestIndex: 41 seed: 1153449834
3.69
nthreads: 1 colors: 9 vertices: 250 edges 3218 colors_table: () bestIndex: 41 seed: 1153449839
3.46
nthreads: 1 colors: 9 vertices: 250 edges 3218 colors_table: () bestIndex: 41 seed: 1153449843
3.58
nthreads: 1 colors: 9 vertices: 250 edges 3218 colors_table: () bestIndex: 41 seed: 1153449848
3.67
nthreads: 1 colors: 8 vertices: 250 edges 3218 colors_table: () bestIndex: 321 seed: 1153449852
5.63
nthreads: 1 colors: 9 vertices: 250 edges 3218 colors_table: () bestIndex: 41 seed: 1153449859
3.63
nthreads: 1 colors: 9 vertices: 250 edges 3218 colors_table: () bestIndex: 41 seed: 1153449864
3.54
nthreads: 1 colors: 9 vertices: 250 edges 3218 colors_table: () bestIndex: 41 seed: 1153449868
3.67
nthreads: 1 colors: 9 vertices: 250 edges 3218 colors_table: () bestIndex: 41 seed: 1153449873
3.66
nthreads: 1 colors: 9 vertices: 250 edges 3218 colors_table: () bestIndex: 41 seed: 1153449878
3.56
nthreads: 1 colors: 9 vertices: 250 edges 3218 colors_table: () bestIndex: 41 seed: 1153449882
3.63
nthreads: 1 colors: 9 vertices: 250 edges 3218 colors_table: () bestIndex: 41 seed: 1153449887
3.58
nthreads: 1 colors: 8 vertices: 250 edges 3218 colors_table: () bestIndex: 597 seed: 1153449891
6.91
nthreads: 1 colors: 8 vertices: 250 edges 3218 colors_table: () bestIndex: 671 seed: 1153449899
7.12
nthreads: 1 colors: 8 vertices: 250 edges 3218 colors_table: () bestIndex: 263 seed: 1153449908
5.34
nthreads: 1 colors: 9 vertices: 250 edges 3218 colors_table: () bestIndex: 41 seed: 1153449914
3.76
nthreads: 1 colors: 9 vertices: 250 edges 3218 colors_table: () bestIndex: 41 seed: 1153449919
3.53
nthreads: 1 colors: 9 vertices: 250 edges 3218 colors_table: () bestIndex: 41 seed: 1153449923
3.73
nthreads: 1 colors: 9 vertices: 250 edges 3218 colors_table: () bestIndex: 41 seed: 1153449928
3.69
nthreads: 1 colors: 9 vertices: 250 edges 3218 colors_table: () bestIndex: 41 seed: 1153449933
3.56
nthreads: 1 colors: 8 vertices: 250 edges 3218 colors_table: () bestIndex: 380 seed: 1153449937
5.92
nthreads: 1 colors: 8 vertices: 250 edges 3218 colors_table: () bestIndex: 256 seed: 1153449944
5.39
nthreads: 1 colors: 8 vertices: 250 edges 3218 colors_table: () bestIndex: 589 seed: 1153449951
6.77
nthreads: 1 colors: 8 vertices: 250 edges 3218 colors_table: () bestIndex: 104 seed: 1153449958
4.60
nthreads: 1 colors: 9 vertices: 250 edges 3218 colors_table: () bestIndex: 41 seed: 1153449964
3.48
nthreads: 1 colors: 9 vertices: 250 edges 3218 colors_table: () bestIndex: 41 seed: 1153449968
3.63
nthreads: 1 colors: 8 vertices: 250 edges 3218 colors_table: () bestIndex: 645 seed: 1153449973
6.97
nthreads: 1 colors: 8 vertices: 250 edges 3218 colors_table: () bestIndex: 602 seed: 1153449981
6.93
nthreads: 1 colors: 9 vertices: 250 edges 3218 colors_table: () bestIndex: 41 seed: 1153449989
3.56
