DSJC250.5.col.b n_loops: 100 n_threads: 1
Thu Jul 20 22:46:34 EDT 2006 /home/thanhvu/nfs/Classic/1225_SameAsPATCHONLY_w_somechangestoprintSol/log_dir//1153378380/DSJC250.5.col.b_1153449994.log
Single cedf232c677ebdd3c298dee92578679f /home/thanhvu/nfs/Classic/1225_SameAsPATCHONLY_w_somechangestoprintSol/a.out
nthreads: 1 colors: 29 vertices: 250 edges 15668 colors_table: () bestIndex: 808 seed: 1153449994
16.09
nthreads: 1 colors: 29 vertices: 250 edges 15668 colors_table: () bestIndex: 307 seed: 1153450011
11.42
nthreads: 1 colors: 29 vertices: 250 edges 15668 colors_table: () bestIndex: 780 seed: 1153450023
16.01
nthreads: 1 colors: 29 vertices: 250 edges 15668 colors_table: () bestIndex: 308 seed: 1153450040
11.60
nthreads: 1 colors: 29 vertices: 250 edges 15668 colors_table: () bestIndex: 382 seed: 1153450053
12.16
nthreads: 1 colors: 29 vertices: 250 edges 15668 colors_table: () bestIndex: 711 seed: 1153450066
15.84
nthreads: 1 colors: 29 vertices: 250 edges 15668 colors_table: () bestIndex: 252 seed: 1153450083
10.85
nthreads: 1 colors: 29 vertices: 250 edges 15668 colors_table: () bestIndex: 356 seed: 1153450095
12.00
nthreads: 1 colors: 29 vertices: 250 edges 15668 colors_table: () bestIndex: 224 seed: 1153450108
10.65
nthreads: 1 colors: 29 vertices: 250 edges 15668 colors_table: () bestIndex: 113 seed: 1153450119
9.51
nthreads: 1 colors: 29 vertices: 250 edges 15668 colors_table: () bestIndex: 277 seed: 1153450130
11.10
nthreads: 1 colors: 29 vertices: 250 edges 15668 colors_table: () bestIndex: 221 seed: 1153450142
10.66
nthreads: 1 colors: 29 vertices: 250 edges 15668 colors_table: () bestIndex: 840 seed: 1153450154
16.14
nthreads: 1 colors: 29 vertices: 250 edges 15668 colors_table: () bestIndex: 845 seed: 1153450171
16.24
nthreads: 1 colors: 29 vertices: 250 edges 15668 colors_table: () bestIndex: 209 seed: 1153450188
10.45
nthreads: 1 colors: 29 vertices: 250 edges 15668 colors_table: () bestIndex: 772 seed: 1153450200
16.21
nthreads: 1 colors: 29 vertices: 250 edges 15668 colors_table: () bestIndex: 343 seed: 1153450217
11.79
nthreads: 1 colors: 30 vertices: 250 edges 15668 colors_table: () bestIndex: 103 seed: 1153450230
9.17
nthreads: 1 colors: 29 vertices: 250 edges 15668 colors_table: () bestIndex: 574 seed: 1153450240
14.22
nthreads: 1 colors: 30 vertices: 250 edges 15668 colors_table: () bestIndex: 107 seed: 1153450255
9.16
nthreads: 1 colors: 29 vertices: 250 edges 15668 colors_table: () bestIndex: 186 seed: 1153450265
10.07
nthreads: 1 colors: 30 vertices: 250 edges 15668 colors_table: () bestIndex: 119 seed: 1153450276
9.35
nthreads: 1 colors: 29 vertices: 250 edges 15668 colors_table: () bestIndex: 699 seed: 1153450287
15.62
nthreads: 1 colors: 29 vertices: 250 edges 15668 colors_table: () bestIndex: 226 seed: 1153450303
10.68
nthreads: 1 colors: 29 vertices: 250 edges 15668 colors_table: () bestIndex: 373 seed: 1153450315
12.25
nthreads: 1 colors: 29 vertices: 250 edges 15668 colors_table: () bestIndex: 375 seed: 1153450328
12.18
nthreads: 1 colors: 29 vertices: 250 edges 15668 colors_table: () bestIndex: 530 seed: 1153450341
13.92
nthreads: 1 colors: 29 vertices: 250 edges 15668 colors_table: () bestIndex: 559 seed: 1153450356
14.29
nthreads: 1 colors: 29 vertices: 250 edges 15668 colors_table: () bestIndex: 250 seed: 1153450372
10.90
nthreads: 1 colors: 29 vertices: 250 edges 15668 colors_table: () bestIndex: 501 seed: 1153450384
13.51
nthreads: 1 colors: 29 vertices: 250 edges 15668 colors_table: () bestIndex: 573 seed: 1153450398
14.38
nthreads: 1 colors: 30 vertices: 250 edges 15668 colors_table: () bestIndex: 120 seed: 1153450413
9.28
nthreads: 1 colors: 30 vertices: 250 edges 15668 colors_table: () bestIndex: 104 seed: 1153450424
9.04
nthreads: 1 colors: 29 vertices: 250 edges 15668 colors_table: () bestIndex: 155 seed: 1153450434
9.86
nthreads: 1 colors: 29 vertices: 250 edges 15668 colors_table: () bestIndex: 309 seed: 1153450445
11.50
nthreads: 1 colors: 29 vertices: 250 edges 15668 colors_table: () bestIndex: 344 seed: 1153450457
11.86
nthreads: 1 colors: 30 vertices: 250 edges 15668 colors_table: () bestIndex: 152 seed: 1153450470
9.84
nthreads: 1 colors: 29 vertices: 250 edges 15668 colors_table: () bestIndex: 359 seed: 1153450481
12.03
nthreads: 1 colors: 30 vertices: 250 edges 15668 colors_table: () bestIndex: 101 seed: 1153450494
9.17
nthreads: 1 colors: 30 vertices: 250 edges 15668 colors_table: () bestIndex: 209 seed: 1153450504
10.28
nthreads: 1 colors: 29 vertices: 250 edges 15668 colors_table: () bestIndex: 267 seed: 1153450515
10.91
nthreads: 1 colors: 28 vertices: 250 edges 15668 colors_table: () bestIndex: 812 seed: 1153450527
16.18
nthreads: 1 colors: 30 vertices: 250 edges 15668 colors_table: () bestIndex: 202 seed: 1153450545
10.21
nthreads: 1 colors: 29 vertices: 250 edges 15668 colors_table: () bestIndex: 339 seed: 1153450556
11.86
nthreads: 1 colors: 29 vertices: 250 edges 15668 colors_table: () bestIndex: 398 seed: 1153450569
12.41
nthreads: 1 colors: 29 vertices: 250 edges 15668 colors_table: () bestIndex: 548 seed: 1153450582
14.06
nthreads: 1 colors: 30 vertices: 250 edges 15668 colors_table: () bestIndex: 101 seed: 1153450597
9.15
nthreads: 1 colors: 29 vertices: 250 edges 15668 colors_table: () bestIndex: 188 seed: 1153450607
10.10
nthreads: 1 colors: 29 vertices: 250 edges 15668 colors_table: () bestIndex: 611 seed: 1153450618
14.65
nthreads: 1 colors: 29 vertices: 250 edges 15668 colors_table: () bestIndex: 454 seed: 1153450634
12.91
nthreads: 1 colors: 29 vertices: 250 edges 15668 colors_table: () bestIndex: 248 seed: 1153450648
10.95
nthreads: 1 colors: 29 vertices: 250 edges 15668 colors_table: () bestIndex: 828 seed: 1153450660
16.06
nthreads: 1 colors: 29 vertices: 250 edges 15668 colors_table: () bestIndex: 442 seed: 1153450677
12.91
nthreads: 1 colors: 30 vertices: 250 edges 15668 colors_table: () bestIndex: 129 seed: 1153450691
9.45
nthreads: 1 colors: 29 vertices: 250 edges 15668 colors_table: () bestIndex: 523 seed: 1153450701
14.04
nthreads: 1 colors: 29 vertices: 250 edges 15668 colors_table: () bestIndex: 339 seed: 1153450717
11.92
nthreads: 1 colors: 29 vertices: 250 edges 15668 colors_table: () bestIndex: 180 seed: 1153450729
10.22
nthreads: 1 colors: 30 vertices: 250 edges 15668 colors_table: () bestIndex: 107 seed: 1153450741
9.21
nthreads: 1 colors: 30 vertices: 250 edges 15668 colors_table: () bestIndex: 101 seed: 1153450751
9.26
nthreads: 1 colors: 29 vertices: 250 edges 15668 colors_table: () bestIndex: 678 seed: 1153450761
15.41
nthreads: 1 colors: 29 vertices: 250 edges 15668 colors_table: () bestIndex: 369 seed: 1153450778
12.06
nthreads: 1 colors: 29 vertices: 250 edges 15668 colors_table: () bestIndex: 708 seed: 1153450791
15.78
nthreads: 1 colors: 29 vertices: 250 edges 15668 colors_table: () bestIndex: 569 seed: 1153450807
14.42
nthreads: 1 colors: 29 vertices: 250 edges 15668 colors_table: () bestIndex: 350 seed: 1153450823
11.90
nthreads: 1 colors: 29 vertices: 250 edges 15668 colors_table: () bestIndex: 385 seed: 1153450836
12.48
nthreads: 1 colors: 29 vertices: 250 edges 15668 colors_table: () bestIndex: 194 seed: 1153450849
10.20
nthreads: 1 colors: 29 vertices: 250 edges 15668 colors_table: () bestIndex: 402 seed: 1153450861
12.44
nthreads: 1 colors: 29 vertices: 250 edges 15668 colors_table: () bestIndex: 209 seed: 1153450874
10.46
nthreads: 1 colors: 29 vertices: 250 edges 15668 colors_table: () bestIndex: 426 seed: 1153450885
12.81
nthreads: 1 colors: 29 vertices: 250 edges 15668 colors_table: () bestIndex: 547 seed: 1153450899
13.95
nthreads: 1 colors: 30 vertices: 250 edges 15668 colors_table: () bestIndex: 101 seed: 1153450914
9.20
nthreads: 1 colors: 29 vertices: 250 edges 15668 colors_table: () bestIndex: 467 seed: 1153450924
13.20
nthreads: 1 colors: 29 vertices: 250 edges 15668 colors_table: () bestIndex: 729 seed: 1153450939
15.87
nthreads: 1 colors: 30 vertices: 250 edges 15668 colors_table: () bestIndex: 132 seed: 1153450956
9.42
nthreads: 1 colors: 29 vertices: 250 edges 15668 colors_table: () bestIndex: 301 seed: 1153450966
11.47
nthreads: 1 colors: 29 vertices: 250 edges 15668 colors_table: () bestIndex: 222 seed: 1153450978
10.50
nthreads: 1 colors: 29 vertices: 250 edges 15668 colors_table: () bestIndex: 425 seed: 1153450990
12.75
nthreads: 1 colors: 29 vertices: 250 edges 15668 colors_table: () bestIndex: 708 seed: 1153451004
15.78
nthreads: 1 colors: 29 vertices: 250 edges 15668 colors_table: () bestIndex: 474 seed: 1153451021
13.22
nthreads: 1 colors: 29 vertices: 250 edges 15668 colors_table: () bestIndex: 380 seed: 1153451035
12.14
nthreads: 1 colors: 30 vertices: 250 edges 15668 colors_table: () bestIndex: 114 seed: 1153451048
9.30
nthreads: 1 colors: 29 vertices: 250 edges 15668 colors_table: () bestIndex: 845 seed: 1153451058
16.21
nthreads: 1 colors: 29 vertices: 250 edges 15668 colors_table: () bestIndex: 98 seed: 1153451075
9.26
nthreads: 1 colors: 29 vertices: 250 edges 15668 colors_table: () bestIndex: 323 seed: 1153451086
11.63
nthreads: 1 colors: 29 vertices: 250 edges 15668 colors_table: () bestIndex: 708 seed: 1153451098
15.74
nthreads: 1 colors: 30 vertices: 250 edges 15668 colors_table: () bestIndex: 118 seed: 1153451115
9.34
nthreads: 1 colors: 30 vertices: 250 edges 15668 colors_table: () bestIndex: 133 seed: 1153451126
9.59
nthreads: 1 colors: 29 vertices: 250 edges 15668 colors_table: () bestIndex: 360 seed: 1153451136
11.99
nthreads: 1 colors: 29 vertices: 250 edges 15668 colors_table: () bestIndex: 524 seed: 1153451149
13.87
nthreads: 1 colors: 29 vertices: 250 edges 15668 colors_table: () bestIndex: 276 seed: 1153451164
11.11
nthreads: 1 colors: 30 vertices: 250 edges 15668 colors_table: () bestIndex: 101 seed: 1153451176
9.25
nthreads: 1 colors: 29 vertices: 250 edges 15668 colors_table: () bestIndex: 842 seed: 1153451186
16.21
nthreads: 1 colors: 29 vertices: 250 edges 15668 colors_table: () bestIndex: 385 seed: 1153451204
12.37
nthreads: 1 colors: 29 vertices: 250 edges 15668 colors_table: () bestIndex: 503 seed: 1153451217
13.57
nthreads: 1 colors: 29 vertices: 250 edges 15668 colors_table: () bestIndex: 593 seed: 1153451232
14.58
nthreads: 1 colors: 29 vertices: 250 edges 15668 colors_table: () bestIndex: 453 seed: 1153451247
12.91
nthreads: 1 colors: 29 vertices: 250 edges 15668 colors_table: () bestIndex: 495 seed: 1153451261
13.59
nthreads: 1 colors: 29 vertices: 250 edges 15668 colors_table: () bestIndex: 554 seed: 1153451276
14.20
nthreads: 1 colors: 29 vertices: 250 edges 15668 colors_table: () bestIndex: 832 seed: 1153451291
16.26
nthreads: 1 colors: 29 vertices: 250 edges 15668 colors_table: () bestIndex: 422 seed: 1153451308
12.72
