DSJC125.5.col.b n_loops: 100 n_threads: 1
Thu Jul 20 22:26:14 EDT 2006 /home/thanhvu/nfs/Classic/1225_SameAsPATCHONLY_w_somechangestoprintSol/log_dir//1153378380/DSJC125.5.col.b_1153448774.log
Single cedf232c677ebdd3c298dee92578679f /home/thanhvu/nfs/Classic/1225_SameAsPATCHONLY_w_somechangestoprintSol/a.out
nthreads: 1 colors: 18 vertices: 125 edges 3891 colors_table: () bestIndex: 42 seed: 1153448774
1.56
nthreads: 1 colors: 18 vertices: 125 edges 3891 colors_table: () bestIndex: 42 seed: 1153448777
1.53
nthreads: 1 colors: 18 vertices: 125 edges 3891 colors_table: () bestIndex: 41 seed: 1153448779
1.54
nthreads: 1 colors: 18 vertices: 125 edges 3891 colors_table: () bestIndex: 41 seed: 1153448782
1.54
nthreads: 1 colors: 17 vertices: 125 edges 3891 colors_table: () bestIndex: 205 seed: 1153448785
2.18
nthreads: 1 colors: 18 vertices: 125 edges 3891 colors_table: () bestIndex: 44 seed: 1153448788
1.57
nthreads: 1 colors: 18 vertices: 125 edges 3891 colors_table: () bestIndex: 41 seed: 1153448790
1.52
nthreads: 1 colors: 18 vertices: 125 edges 3891 colors_table: () bestIndex: 42 seed: 1153448793
1.57
nthreads: 1 colors: 17 vertices: 125 edges 3891 colors_table: () bestIndex: 190 seed: 1153448795
2.13
nthreads: 1 colors: 18 vertices: 125 edges 3891 colors_table: () bestIndex: 41 seed: 1153448799
1.52
nthreads: 1 colors: 18 vertices: 125 edges 3891 colors_table: () bestIndex: 41 seed: 1153448801
1.54
nthreads: 1 colors: 17 vertices: 125 edges 3891 colors_table: () bestIndex: 276 seed: 1153448804
2.45
nthreads: 1 colors: 18 vertices: 125 edges 3891 colors_table: () bestIndex: 41 seed: 1153448807
1.53
nthreads: 1 colors: 18 vertices: 125 edges 3891 colors_table: () bestIndex: 45 seed: 1153448810
1.54
nthreads: 1 colors: 18 vertices: 125 edges 3891 colors_table: () bestIndex: 41 seed: 1153448812
1.56
nthreads: 1 colors: 18 vertices: 125 edges 3891 colors_table: () bestIndex: 43 seed: 1153448815
1.56
nthreads: 1 colors: 18 vertices: 125 edges 3891 colors_table: () bestIndex: 41 seed: 1153448817
1.55
nthreads: 1 colors: 18 vertices: 125 edges 3891 colors_table: () bestIndex: 41 seed: 1153448820
1.54
nthreads: 1 colors: 18 vertices: 125 edges 3891 colors_table: () bestIndex: 44 seed: 1153448823
1.54
nthreads: 1 colors: 18 vertices: 125 edges 3891 colors_table: () bestIndex: 41 seed: 1153448825
1.52
nthreads: 1 colors: 18 vertices: 125 edges 3891 colors_table: () bestIndex: 48 seed: 1153448828
1.57
nthreads: 1 colors: 18 vertices: 125 edges 3891 colors_table: () bestIndex: 42 seed: 1153448830
1.55
nthreads: 1 colors: 18 vertices: 125 edges 3891 colors_table: () bestIndex: 41 seed: 1153448833
1.55
nthreads: 1 colors: 17 vertices: 125 edges 3891 colors_table: () bestIndex: 232 seed: 1153448835
2.28
nthreads: 1 colors: 18 vertices: 125 edges 3891 colors_table: () bestIndex: 42 seed: 1153448839
1.56
nthreads: 1 colors: 18 vertices: 125 edges 3891 colors_table: () bestIndex: 45 seed: 1153448841
1.57
nthreads: 1 colors: 18 vertices: 125 edges 3891 colors_table: () bestIndex: 41 seed: 1153448844
1.55
nthreads: 1 colors: 18 vertices: 125 edges 3891 colors_table: () bestIndex: 43 seed: 1153448846
1.54
nthreads: 1 colors: 18 vertices: 125 edges 3891 colors_table: () bestIndex: 48 seed: 1153448849
1.58
nthreads: 1 colors: 18 vertices: 125 edges 3891 colors_table: () bestIndex: 42 seed: 1153448852
1.53
nthreads: 1 colors: 18 vertices: 125 edges 3891 colors_table: () bestIndex: 43 seed: 1153448854
1.57
nthreads: 1 colors: 18 vertices: 125 edges 3891 colors_table: () bestIndex: 43 seed: 1153448857
1.54
nthreads: 1 colors: 18 vertices: 125 edges 3891 colors_table: () bestIndex: 48 seed: 1153448859
1.55
nthreads: 1 colors: 17 vertices: 125 edges 3891 colors_table: () bestIndex: 105 seed: 1153448862
1.81
nthreads: 1 colors: 18 vertices: 125 edges 3891 colors_table: () bestIndex: 65 seed: 1153448865
1.64
nthreads: 1 colors: 18 vertices: 125 edges 3891 colors_table: () bestIndex: 43 seed: 1153448867
1.51
nthreads: 1 colors: 18 vertices: 125 edges 3891 colors_table: () bestIndex: 43 seed: 1153448870
1.54
nthreads: 1 colors: 18 vertices: 125 edges 3891 colors_table: () bestIndex: 41 seed: 1153448872
1.51
nthreads: 1 colors: 18 vertices: 125 edges 3891 colors_table: () bestIndex: 46 seed: 1153448875
1.55
nthreads: 1 colors: 18 vertices: 125 edges 3891 colors_table: () bestIndex: 41 seed: 1153448877
1.52
nthreads: 1 colors: 18 vertices: 125 edges 3891 colors_table: () bestIndex: 49 seed: 1153448880
1.57
nthreads: 1 colors: 17 vertices: 125 edges 3891 colors_table: () bestIndex: 143 seed: 1153448882
1.97
nthreads: 1 colors: 17 vertices: 125 edges 3891 colors_table: () bestIndex: 356 seed: 1153448885
2.73
nthreads: 1 colors: 18 vertices: 125 edges 3891 colors_table: () bestIndex: 42 seed: 1153448889
1.53
nthreads: 1 colors: 18 vertices: 125 edges 3891 colors_table: () bestIndex: 41 seed: 1153448892
1.52
nthreads: 1 colors: 17 vertices: 125 edges 3891 colors_table: () bestIndex: 149 seed: 1153448894
1.98
nthreads: 1 colors: 18 vertices: 125 edges 3891 colors_table: () bestIndex: 47 seed: 1153448897
1.54
nthreads: 1 colors: 18 vertices: 125 edges 3891 colors_table: () bestIndex: 41 seed: 1153448900
1.52
nthreads: 1 colors: 18 vertices: 125 edges 3891 colors_table: () bestIndex: 46 seed: 1153448902
1.57
nthreads: 1 colors: 18 vertices: 125 edges 3891 colors_table: () bestIndex: 42 seed: 1153448905
1.53
nthreads: 1 colors: 18 vertices: 125 edges 3891 colors_table: () bestIndex: 41 seed: 1153448907
1.54
nthreads: 1 colors: 18 vertices: 125 edges 3891 colors_table: () bestIndex: 46 seed: 1153448910
1.53
nthreads: 1 colors: 17 vertices: 125 edges 3891 colors_table: () bestIndex: 103 seed: 1153448913
1.83
nthreads: 1 colors: 18 vertices: 125 edges 3891 colors_table: () bestIndex: 50 seed: 1153448915
1.57
nthreads: 1 colors: 18 vertices: 125 edges 3891 colors_table: () bestIndex: 44 seed: 1153448918
1.55
nthreads: 1 colors: 18 vertices: 125 edges 3891 colors_table: () bestIndex: 41 seed: 1153448921
1.52
nthreads: 1 colors: 18 vertices: 125 edges 3891 colors_table: () bestIndex: 42 seed: 1153448923
1.57
nthreads: 1 colors: 18 vertices: 125 edges 3891 colors_table: () bestIndex: 67 seed: 1153448926
1.62
nthreads: 1 colors: 18 vertices: 125 edges 3891 colors_table: () bestIndex: 43 seed: 1153448928
1.55
nthreads: 1 colors: 18 vertices: 125 edges 3891 colors_table: () bestIndex: 47 seed: 1153448931
1.56
nthreads: 1 colors: 18 vertices: 125 edges 3891 colors_table: () bestIndex: 44 seed: 1153448934
1.56
nthreads: 1 colors: 17 vertices: 125 edges 3891 colors_table: () bestIndex: 286 seed: 1153448936
2.48
nthreads: 1 colors: 18 vertices: 125 edges 3891 colors_table: () bestIndex: 41 seed: 1153448940
1.56
nthreads: 1 colors: 18 vertices: 125 edges 3891 colors_table: () bestIndex: 45 seed: 1153448942
1.55
nthreads: 1 colors: 17 vertices: 125 edges 3891 colors_table: () bestIndex: 141 seed: 1153448945
1.94
nthreads: 1 colors: 18 vertices: 125 edges 3891 colors_table: () bestIndex: 41 seed: 1153448948
1.56
nthreads: 1 colors: 18 vertices: 125 edges 3891 colors_table: () bestIndex: 44 seed: 1153448950
1.53
nthreads: 1 colors: 18 vertices: 125 edges 3891 colors_table: () bestIndex: 41 seed: 1153448953
1.56
nthreads: 1 colors: 17 vertices: 125 edges 3891 colors_table: () bestIndex: 176 seed: 1153448955
2.08
nthreads: 1 colors: 17 vertices: 125 edges 3891 colors_table: () bestIndex: 391 seed: 1153448958
2.78
nthreads: 1 colors: 18 vertices: 125 edges 3891 colors_table: () bestIndex: 53 seed: 1153448962
1.57
nthreads: 1 colors: 18 vertices: 125 edges 3891 colors_table: () bestIndex: 44 seed: 1153448965
1.55
nthreads: 1 colors: 17 vertices: 125 edges 3891 colors_table: () bestIndex: 265 seed: 1153448967
2.40
nthreads: 1 colors: 18 vertices: 125 edges 3891 colors_table: () bestIndex: 42 seed: 1153448971
1.56
nthreads: 1 colors: 18 vertices: 125 edges 3891 colors_table: () bestIndex: 51 seed: 1153448973
1.59
nthreads: 1 colors: 17 vertices: 125 edges 3891 colors_table: () bestIndex: 218 seed: 1153448976
2.24
nthreads: 1 colors: 18 vertices: 125 edges 3891 colors_table: () bestIndex: 55 seed: 1153448979
1.60
nthreads: 1 colors: 18 vertices: 125 edges 3891 colors_table: () bestIndex: 42 seed: 1153448982
1.55
nthreads: 1 colors: 17 vertices: 125 edges 3891 colors_table: () bestIndex: 124 seed: 1153448984
1.87
nthreads: 1 colors: 17 vertices: 125 edges 3891 colors_table: () bestIndex: 367 seed: 1153448987
2.76
nthreads: 1 colors: 18 vertices: 125 edges 3891 colors_table: () bestIndex: 50 seed: 1153448991
1.55
nthreads: 1 colors: 17 vertices: 125 edges 3891 colors_table: () bestIndex: 343 seed: 1153448994
2.70
nthreads: 1 colors: 18 vertices: 125 edges 3891 colors_table: () bestIndex: 41 seed: 1153448997
1.54
nthreads: 1 colors: 18 vertices: 125 edges 3891 colors_table: () bestIndex: 71 seed: 1153449000
1.66
nthreads: 1 colors: 18 vertices: 125 edges 3891 colors_table: () bestIndex: 43 seed: 1153449003
1.56
nthreads: 1 colors: 18 vertices: 125 edges 3891 colors_table: () bestIndex: 41 seed: 1153449005
1.55
nthreads: 1 colors: 18 vertices: 125 edges 3891 colors_table: () bestIndex: 42 seed: 1153449008
1.54
nthreads: 1 colors: 18 vertices: 125 edges 3891 colors_table: () bestIndex: 41 seed: 1153449010
1.52
nthreads: 1 colors: 18 vertices: 125 edges 3891 colors_table: () bestIndex: 41 seed: 1153449013
1.52
nthreads: 1 colors: 18 vertices: 125 edges 3891 colors_table: () bestIndex: 41 seed: 1153449015
1.51
nthreads: 1 colors: 17 vertices: 125 edges 3891 colors_table: () bestIndex: 373 seed: 1153449018
2.81
nthreads: 1 colors: 17 vertices: 125 edges 3891 colors_table: () bestIndex: 279 seed: 1153449022
2.41
nthreads: 1 colors: 17 vertices: 125 edges 3891 colors_table: () bestIndex: 107 seed: 1153449025
1.82
nthreads: 1 colors: 18 vertices: 125 edges 3891 colors_table: () bestIndex: 45 seed: 1153449028
1.54
nthreads: 1 colors: 17 vertices: 125 edges 3891 colors_table: () bestIndex: 387 seed: 1153449030
2.88
nthreads: 1 colors: 17 vertices: 125 edges 3891 colors_table: () bestIndex: 387 seed: 1153449034
2.77
nthreads: 1 colors: 17 vertices: 125 edges 3891 colors_table: () bestIndex: 358 seed: 1153449038
2.75
nthreads: 1 colors: 18 vertices: 125 edges 3891 colors_table: () bestIndex: 41 seed: 1153449042
1.53
nthreads: 1 colors: 18 vertices: 125 edges 3891 colors_table: () bestIndex: 41 seed: 1153449044
1.53
nthreads: 1 colors: 17 vertices: 125 edges 3891 colors_table: () bestIndex: 300 seed: 1153449047
2.54
