DSJR500.1.col.b n_loops: 100 n_threads: 1
Fri Jul 21 09:14:28 EDT 2006 /home/thanhvu/nfs/Classic/1225_SameAsPATCHONLY_w_somechangestoprintSol/log_dir//1153378380/DSJR500.1.col.b_1153487668.log
Single cedf232c677ebdd3c298dee92578679f /home/thanhvu/nfs/Classic/1225_SameAsPATCHONLY_w_somechangestoprintSol/a.out
nthreads: 1 colors: 12 vertices: 500 edges 3555 colors_table: () bestIndex: 61 seed: 1153487668
14.08
nthreads: 1 colors: 12 vertices: 500 edges 3555 colors_table: () bestIndex: 61 seed: 1153487683
13.86
nthreads: 1 colors: 12 vertices: 500 edges 3555 colors_table: () bestIndex: 61 seed: 1153487698
14.09
nthreads: 1 colors: 12 vertices: 500 edges 3555 colors_table: () bestIndex: 61 seed: 1153487713
13.82
nthreads: 1 colors: 12 vertices: 500 edges 3555 colors_table: () bestIndex: 61 seed: 1153487728
14.02
nthreads: 1 colors: 12 vertices: 500 edges 3555 colors_table: () bestIndex: 61 seed: 1153487743
13.86
nthreads: 1 colors: 12 vertices: 500 edges 3555 colors_table: () bestIndex: 61 seed: 1153487758
14.09
nthreads: 1 colors: 12 vertices: 500 edges 3555 colors_table: () bestIndex: 61 seed: 1153487773
14.12
nthreads: 1 colors: 12 vertices: 500 edges 3555 colors_table: () bestIndex: 61 seed: 1153487788
14.12
nthreads: 1 colors: 12 vertices: 500 edges 3555 colors_table: () bestIndex: 61 seed: 1153487804
13.91
nthreads: 1 colors: 12 vertices: 500 edges 3555 colors_table: () bestIndex: 61 seed: 1153487818
14.11
nthreads: 1 colors: 12 vertices: 500 edges 3555 colors_table: () bestIndex: 61 seed: 1153487834
14.12
nthreads: 1 colors: 12 vertices: 500 edges 3555 colors_table: () bestIndex: 61 seed: 1153487849
14.09
nthreads: 1 colors: 12 vertices: 500 edges 3555 colors_table: () bestIndex: 61 seed: 1153487864
13.94
nthreads: 1 colors: 12 vertices: 500 edges 3555 colors_table: () bestIndex: 61 seed: 1153487879
14.12
nthreads: 1 colors: 12 vertices: 500 edges 3555 colors_table: () bestIndex: 61 seed: 1153487894
14.03
nthreads: 1 colors: 12 vertices: 500 edges 3555 colors_table: () bestIndex: 61 seed: 1153487909
14.01
nthreads: 1 colors: 12 vertices: 500 edges 3555 colors_table: () bestIndex: 62 seed: 1153487924
13.93
nthreads: 1 colors: 12 vertices: 500 edges 3555 colors_table: () bestIndex: 61 seed: 1153487939
14.09
nthreads: 1 colors: 12 vertices: 500 edges 3555 colors_table: () bestIndex: 61 seed: 1153487954
13.97
nthreads: 1 colors: 12 vertices: 500 edges 3555 colors_table: () bestIndex: 61 seed: 1153487969
14.04
nthreads: 1 colors: 12 vertices: 500 edges 3555 colors_table: () bestIndex: 61 seed: 1153487984
13.91
nthreads: 1 colors: 12 vertices: 500 edges 3555 colors_table: () bestIndex: 61 seed: 1153487999
14.10
nthreads: 1 colors: 12 vertices: 500 edges 3555 colors_table: () bestIndex: 61 seed: 1153488014
13.97
nthreads: 1 colors: 12 vertices: 500 edges 3555 colors_table: () bestIndex: 61 seed: 1153488029
14.05
nthreads: 1 colors: 12 vertices: 500 edges 3555 colors_table: () bestIndex: 62 seed: 1153488044
13.91
nthreads: 1 colors: 12 vertices: 500 edges 3555 colors_table: () bestIndex: 61 seed: 1153488059
14.15
nthreads: 1 colors: 12 vertices: 500 edges 3555 colors_table: () bestIndex: 61 seed: 1153488074
13.86
nthreads: 1 colors: 12 vertices: 500 edges 3555 colors_table: () bestIndex: 61 seed: 1153488089
14.07
nthreads: 1 colors: 12 vertices: 500 edges 3555 colors_table: () bestIndex: 61 seed: 1153488104
14.01
nthreads: 1 colors: 12 vertices: 500 edges 3555 colors_table: () bestIndex: 61 seed: 1153488119
13.85
nthreads: 1 colors: 12 vertices: 500 edges 3555 colors_table: () bestIndex: 61 seed: 1153488134
14.10
nthreads: 1 colors: 12 vertices: 500 edges 3555 colors_table: () bestIndex: 61 seed: 1153488149
13.81
nthreads: 1 colors: 12 vertices: 500 edges 3555 colors_table: () bestIndex: 61 seed: 1153488164
14.04
nthreads: 1 colors: 12 vertices: 500 edges 3555 colors_table: () bestIndex: 61 seed: 1153488179
13.92
nthreads: 1 colors: 12 vertices: 500 edges 3555 colors_table: () bestIndex: 61 seed: 1153488194
14.06
nthreads: 1 colors: 12 vertices: 500 edges 3555 colors_table: () bestIndex: 61 seed: 1153488209
13.84
nthreads: 1 colors: 12 vertices: 500 edges 3555 colors_table: () bestIndex: 61 seed: 1153488224
14.05
nthreads: 1 colors: 12 vertices: 500 edges 3555 colors_table: () bestIndex: 61 seed: 1153488239
13.90
nthreads: 1 colors: 12 vertices: 500 edges 3555 colors_table: () bestIndex: 61 seed: 1153488254
14.12
nthreads: 1 colors: 12 vertices: 500 edges 3555 colors_table: () bestIndex: 61 seed: 1153488269
13.94
nthreads: 1 colors: 12 vertices: 500 edges 3555 colors_table: () bestIndex: 61 seed: 1153488284
14.04
nthreads: 1 colors: 12 vertices: 500 edges 3555 colors_table: () bestIndex: 61 seed: 1153488299
13.80
nthreads: 1 colors: 12 vertices: 500 edges 3555 colors_table: () bestIndex: 61 seed: 1153488314
14.08
nthreads: 1 colors: 12 vertices: 500 edges 3555 colors_table: () bestIndex: 61 seed: 1153488329
13.84
nthreads: 1 colors: 12 vertices: 500 edges 3555 colors_table: () bestIndex: 61 seed: 1153488344
14.06
nthreads: 1 colors: 12 vertices: 500 edges 3555 colors_table: () bestIndex: 61 seed: 1153488359
13.90
nthreads: 1 colors: 12 vertices: 500 edges 3555 colors_table: () bestIndex: 61 seed: 1153488374
14.07
nthreads: 1 colors: 12 vertices: 500 edges 3555 colors_table: () bestIndex: 61 seed: 1153488389
13.88
nthreads: 1 colors: 12 vertices: 500 edges 3555 colors_table: () bestIndex: 61 seed: 1153488404
14.06
nthreads: 1 colors: 12 vertices: 500 edges 3555 colors_table: () bestIndex: 61 seed: 1153488419
13.94
nthreads: 1 colors: 12 vertices: 500 edges 3555 colors_table: () bestIndex: 61 seed: 1153488434
14.13
nthreads: 1 colors: 12 vertices: 500 edges 3555 colors_table: () bestIndex: 61 seed: 1153488449
13.82
nthreads: 1 colors: 12 vertices: 500 edges 3555 colors_table: () bestIndex: 61 seed: 1153488464
14.04
nthreads: 1 colors: 12 vertices: 500 edges 3555 colors_table: () bestIndex: 61 seed: 1153488479
13.86
nthreads: 1 colors: 12 vertices: 500 edges 3555 colors_table: () bestIndex: 62 seed: 1153488494
14.07
nthreads: 1 colors: 12 vertices: 500 edges 3555 colors_table: () bestIndex: 61 seed: 1153488509
13.84
nthreads: 1 colors: 12 vertices: 500 edges 3555 colors_table: () bestIndex: 61 seed: 1153488524
14.12
nthreads: 1 colors: 12 vertices: 500 edges 3555 colors_table: () bestIndex: 61 seed: 1153488539
13.83
nthreads: 1 colors: 12 vertices: 500 edges 3555 colors_table: () bestIndex: 61 seed: 1153488554
14.10
nthreads: 1 colors: 12 vertices: 500 edges 3555 colors_table: () bestIndex: 61 seed: 1153488569
13.87
nthreads: 1 colors: 12 vertices: 500 edges 3555 colors_table: () bestIndex: 61 seed: 1153488584
14.06
nthreads: 1 colors: 12 vertices: 500 edges 3555 colors_table: () bestIndex: 61 seed: 1153488599
13.97
nthreads: 1 colors: 12 vertices: 500 edges 3555 colors_table: () bestIndex: 61 seed: 1153488614
14.05
nthreads: 1 colors: 12 vertices: 500 edges 3555 colors_table: () bestIndex: 61 seed: 1153488629
13.81
nthreads: 1 colors: 12 vertices: 500 edges 3555 colors_table: () bestIndex: 61 seed: 1153488644
14.12
nthreads: 1 colors: 12 vertices: 500 edges 3555 colors_table: () bestIndex: 61 seed: 1153488659
13.87
nthreads: 1 colors: 12 vertices: 500 edges 3555 colors_table: () bestIndex: 61 seed: 1153488674
14.09
nthreads: 1 colors: 12 vertices: 500 edges 3555 colors_table: () bestIndex: 61 seed: 1153488689
13.81
nthreads: 1 colors: 12 vertices: 500 edges 3555 colors_table: () bestIndex: 61 seed: 1153488703
14.05
nthreads: 1 colors: 12 vertices: 500 edges 3555 colors_table: () bestIndex: 61 seed: 1153488719
13.85
nthreads: 1 colors: 12 vertices: 500 edges 3555 colors_table: () bestIndex: 61 seed: 1153488733
14.08
nthreads: 1 colors: 12 vertices: 500 edges 3555 colors_table: () bestIndex: 61 seed: 1153488748
13.83
nthreads: 1 colors: 12 vertices: 500 edges 3555 colors_table: () bestIndex: 61 seed: 1153488763
14.02
nthreads: 1 colors: 12 vertices: 500 edges 3555 colors_table: () bestIndex: 61 seed: 1153488778
13.89
nthreads: 1 colors: 12 vertices: 500 edges 3555 colors_table: () bestIndex: 61 seed: 1153488793
14.12
nthreads: 1 colors: 12 vertices: 500 edges 3555 colors_table: () bestIndex: 61 seed: 1153488808
14.01
nthreads: 1 colors: 12 vertices: 500 edges 3555 colors_table: () bestIndex: 61 seed: 1153488823
14.04
nthreads: 1 colors: 12 vertices: 500 edges 3555 colors_table: () bestIndex: 61 seed: 1153488838
13.86
nthreads: 1 colors: 12 vertices: 500 edges 3555 colors_table: () bestIndex: 61 seed: 1153488853
14.08
nthreads: 1 colors: 12 vertices: 500 edges 3555 colors_table: () bestIndex: 63 seed: 1153488868
13.84
nthreads: 1 colors: 12 vertices: 500 edges 3555 colors_table: () bestIndex: 61 seed: 1153488883
14.10
nthreads: 1 colors: 12 vertices: 500 edges 3555 colors_table: () bestIndex: 61 seed: 1153488898
13.91
nthreads: 1 colors: 12 vertices: 500 edges 3555 colors_table: () bestIndex: 61 seed: 1153488913
13.83
nthreads: 1 colors: 12 vertices: 500 edges 3555 colors_table: () bestIndex: 61 seed: 1153488928
14.08
nthreads: 1 colors: 12 vertices: 500 edges 3555 colors_table: () bestIndex: 62 seed: 1153488943
13.87
nthreads: 1 colors: 12 vertices: 500 edges 3555 colors_table: () bestIndex: 61 seed: 1153488958
14.07
nthreads: 1 colors: 12 vertices: 500 edges 3555 colors_table: () bestIndex: 61 seed: 1153488973
14.02
nthreads: 1 colors: 12 vertices: 500 edges 3555 colors_table: () bestIndex: 61 seed: 1153488988
14.08
nthreads: 1 colors: 12 vertices: 500 edges 3555 colors_table: () bestIndex: 61 seed: 1153489003
13.87
nthreads: 1 colors: 12 vertices: 500 edges 3555 colors_table: () bestIndex: 61 seed: 1153489018
14.03
nthreads: 1 colors: 12 vertices: 500 edges 3555 colors_table: () bestIndex: 61 seed: 1153489033
14.06
nthreads: 1 colors: 12 vertices: 500 edges 3555 colors_table: () bestIndex: 61 seed: 1153489048
14.02
nthreads: 1 colors: 12 vertices: 500 edges 3555 colors_table: () bestIndex: 61 seed: 1153489063
14.05
nthreads: 1 colors: 12 vertices: 500 edges 3555 colors_table: () bestIndex: 61 seed: 1153489079
14.09
nthreads: 1 colors: 12 vertices: 500 edges 3555 colors_table: () bestIndex: 62 seed: 1153489094
13.93
nthreads: 1 colors: 12 vertices: 500 edges 3555 colors_table: () bestIndex: 61 seed: 1153489109
14.03
nthreads: 1 colors: 12 vertices: 500 edges 3555 colors_table: () bestIndex: 61 seed: 1153489124
13.83
nthreads: 1 colors: 12 vertices: 500 edges 3555 colors_table: () bestIndex: 61 seed: 1153489138
14.03
nthreads: 1 colors: 12 vertices: 500 edges 3555 colors_table: () bestIndex: 61 seed: 1153489153
13.79
