fpsol2.i.2.col.b n_loops: 100 n_threads: 1
Thu Jul 20 06:28:10 EDT 2006 /home/thanhvu/nfs/Classic/1225_SameAsPATCHONLY_w_somechangestoprintSol/log_dir//1153382539/fpsol2.i.2.col.b_1153391290.log
Single cedf232c677ebdd3c298dee92578679f /home/thanhvu/nfs/Classic/1225_SameAsPATCHONLY_w_somechangestoprintSol/a.out
nthreads: 1 colors: 30 vertices: 451 edges 8691 colors_table: () bestIndex: 0 seed: 1153391290
46.73
nthreads: 1 colors: 30 vertices: 451 edges 8691 colors_table: () bestIndex: 0 seed: 1153391338
46.52
nthreads: 1 colors: 30 vertices: 451 edges 8691 colors_table: () bestIndex: 0 seed: 1153391385
46.54
nthreads: 1 colors: 30 vertices: 451 edges 8691 colors_table: () bestIndex: 0 seed: 1153391433
46.35
nthreads: 1 colors: 30 vertices: 451 edges 8691 colors_table: () bestIndex: 0 seed: 1153391480
46.54
nthreads: 1 colors: 30 vertices: 451 edges 8691 colors_table: () bestIndex: 0 seed: 1153391528
46.40
nthreads: 1 colors: 30 vertices: 451 edges 8691 colors_table: () bestIndex: 0 seed: 1153391575
46.52
nthreads: 1 colors: 30 vertices: 451 edges 8691 colors_table: () bestIndex: 0 seed: 1153391623
46.86
nthreads: 1 colors: 30 vertices: 451 edges 8691 colors_table: () bestIndex: 0 seed: 1153391671
46.72
nthreads: 1 colors: 30 vertices: 451 edges 8691 colors_table: () bestIndex: 0 seed: 1153391718
46.29
nthreads: 1 colors: 30 vertices: 451 edges 8691 colors_table: () bestIndex: 0 seed: 1153391766
46.40
nthreads: 1 colors: 30 vertices: 451 edges 8691 colors_table: () bestIndex: 0 seed: 1153391813
46.47
nthreads: 1 colors: 30 vertices: 451 edges 8691 colors_table: () bestIndex: 0 seed: 1153391861
46.47
nthreads: 1 colors: 30 vertices: 451 edges 8691 colors_table: () bestIndex: 0 seed: 1153391908
46.35
nthreads: 1 colors: 30 vertices: 451 edges 8691 colors_table: () bestIndex: 0 seed: 1153391956
46.63
nthreads: 1 colors: 30 vertices: 451 edges 8691 colors_table: () bestIndex: 0 seed: 1153392003
46.23
nthreads: 1 colors: 30 vertices: 451 edges 8691 colors_table: () bestIndex: 0 seed: 1153392051
46.38
nthreads: 1 colors: 30 vertices: 451 edges 8691 colors_table: () bestIndex: 0 seed: 1153392098
46.74
nthreads: 1 colors: 30 vertices: 451 edges 8691 colors_table: () bestIndex: 0 seed: 1153392146
46.63
nthreads: 1 colors: 30 vertices: 451 edges 8691 colors_table: () bestIndex: 0 seed: 1153392193
46.10
nthreads: 1 colors: 30 vertices: 451 edges 8691 colors_table: () bestIndex: 0 seed: 1153392241
46.58
nthreads: 1 colors: 30 vertices: 451 edges 8691 colors_table: () bestIndex: 0 seed: 1153392288
46.53
nthreads: 1 colors: 30 vertices: 451 edges 8691 colors_table: () bestIndex: 0 seed: 1153392336
46.59
nthreads: 1 colors: 30 vertices: 451 edges 8691 colors_table: () bestIndex: 0 seed: 1153392383
46.87
nthreads: 1 colors: 30 vertices: 451 edges 8691 colors_table: () bestIndex: 0 seed: 1153392431
46.39
nthreads: 1 colors: 30 vertices: 451 edges 8691 colors_table: () bestIndex: 0 seed: 1153392479
46.58
nthreads: 1 colors: 30 vertices: 451 edges 8691 colors_table: () bestIndex: 0 seed: 1153392526
46.53
nthreads: 1 colors: 30 vertices: 451 edges 8691 colors_table: () bestIndex: 0 seed: 1153392574
46.65
nthreads: 1 colors: 30 vertices: 451 edges 8691 colors_table: () bestIndex: 0 seed: 1153392622
46.54
nthreads: 1 colors: 30 vertices: 451 edges 8691 colors_table: () bestIndex: 0 seed: 1153392669
46.26
nthreads: 1 colors: 30 vertices: 451 edges 8691 colors_table: () bestIndex: 0 seed: 1153392717
46.60
nthreads: 1 colors: 30 vertices: 451 edges 8691 colors_table: () bestIndex: 0 seed: 1153392764
46.65
nthreads: 1 colors: 30 vertices: 451 edges 8691 colors_table: () bestIndex: 0 seed: 1153392812
46.44
nthreads: 1 colors: 30 vertices: 451 edges 8691 colors_table: () bestIndex: 0 seed: 1153392859
46.73
nthreads: 1 colors: 30 vertices: 451 edges 8691 colors_table: () bestIndex: 0 seed: 1153392907
46.51
nthreads: 1 colors: 30 vertices: 451 edges 8691 colors_table: () bestIndex: 0 seed: 1153392955
46.49
nthreads: 1 colors: 30 vertices: 451 edges 8691 colors_table: () bestIndex: 0 seed: 1153393002
46.50
nthreads: 1 colors: 30 vertices: 451 edges 8691 colors_table: () bestIndex: 0 seed: 1153393050
46.52
nthreads: 1 colors: 30 vertices: 451 edges 8691 colors_table: () bestIndex: 0 seed: 1153393097
46.84
nthreads: 1 colors: 30 vertices: 451 edges 8691 colors_table: () bestIndex: 0 seed: 1153393145
46.67
nthreads: 1 colors: 30 vertices: 451 edges 8691 colors_table: () bestIndex: 0 seed: 1153393193
46.69
nthreads: 1 colors: 30 vertices: 451 edges 8691 colors_table: () bestIndex: 0 seed: 1153393241
46.92
nthreads: 1 colors: 30 vertices: 451 edges 8691 colors_table: () bestIndex: 0 seed: 1153393289
46.49
nthreads: 1 colors: 30 vertices: 451 edges 8691 colors_table: () bestIndex: 0 seed: 1153393336
46.11
nthreads: 1 colors: 30 vertices: 451 edges 8691 colors_table: () bestIndex: 0 seed: 1153393383
46.49
nthreads: 1 colors: 30 vertices: 451 edges 8691 colors_table: () bestIndex: 0 seed: 1153393431
46.49
nthreads: 1 colors: 30 vertices: 451 edges 8691 colors_table: () bestIndex: 0 seed: 1153393478
46.47
nthreads: 1 colors: 30 vertices: 451 edges 8691 colors_table: () bestIndex: 0 seed: 1153393526
46.56
nthreads: 1 colors: 30 vertices: 451 edges 8691 colors_table: () bestIndex: 0 seed: 1153393573
46.79
nthreads: 1 colors: 30 vertices: 451 edges 8691 colors_table: () bestIndex: 0 seed: 1153393621
46.53
nthreads: 1 colors: 30 vertices: 451 edges 8691 colors_table: () bestIndex: 0 seed: 1153393669
46.54
nthreads: 1 colors: 30 vertices: 451 edges 8691 colors_table: () bestIndex: 0 seed: 1153393716
46.45
nthreads: 1 colors: 30 vertices: 451 edges 8691 colors_table: () bestIndex: 0 seed: 1153393764
46.48
nthreads: 1 colors: 30 vertices: 451 edges 8691 colors_table: () bestIndex: 0 seed: 1153393811
46.69
nthreads: 1 colors: 30 vertices: 451 edges 8691 colors_table: () bestIndex: 0 seed: 1153393859
46.48
nthreads: 1 colors: 30 vertices: 451 edges 8691 colors_table: () bestIndex: 0 seed: 1153393907
46.43
nthreads: 1 colors: 30 vertices: 451 edges 8691 colors_table: () bestIndex: 0 seed: 1153393954
46.38
nthreads: 1 colors: 30 vertices: 451 edges 8691 colors_table: () bestIndex: 0 seed: 1153394002
46.59
nthreads: 1 colors: 30 vertices: 451 edges 8691 colors_table: () bestIndex: 0 seed: 1153394049
46.58
nthreads: 1 colors: 30 vertices: 451 edges 8691 colors_table: () bestIndex: 0 seed: 1153394097
46.46
nthreads: 1 colors: 30 vertices: 451 edges 8691 colors_table: () bestIndex: 0 seed: 1153394144
46.33
nthreads: 1 colors: 30 vertices: 451 edges 8691 colors_table: () bestIndex: 0 seed: 1153394192
46.56
nthreads: 1 colors: 30 vertices: 451 edges 8691 colors_table: () bestIndex: 0 seed: 1153394239
46.71
nthreads: 1 colors: 30 vertices: 451 edges 8691 colors_table: () bestIndex: 0 seed: 1153394287
46.70
nthreads: 1 colors: 30 vertices: 451 edges 8691 colors_table: () bestIndex: 0 seed: 1153394335
45.76
nthreads: 1 colors: 30 vertices: 451 edges 8691 colors_table: () bestIndex: 0 seed: 1153394382
46.62
nthreads: 1 colors: 30 vertices: 451 edges 8691 colors_table: () bestIndex: 0 seed: 1153394429
46.90
nthreads: 1 colors: 30 vertices: 451 edges 8691 colors_table: () bestIndex: 0 seed: 1153394477
46.49
nthreads: 1 colors: 30 vertices: 451 edges 8691 colors_table: () bestIndex: 0 seed: 1153394525
46.52
nthreads: 1 colors: 30 vertices: 451 edges 8691 colors_table: () bestIndex: 0 seed: 1153394572
46.33
nthreads: 1 colors: 30 vertices: 451 edges 8691 colors_table: () bestIndex: 0 seed: 1153394620
46.42
nthreads: 1 colors: 30 vertices: 451 edges 8691 colors_table: () bestIndex: 0 seed: 1153394667
46.66
nthreads: 1 colors: 30 vertices: 451 edges 8691 colors_table: () bestIndex: 0 seed: 1153394715
46.46
nthreads: 1 colors: 30 vertices: 451 edges 8691 colors_table: () bestIndex: 0 seed: 1153394762
46.48
nthreads: 1 colors: 30 vertices: 451 edges 8691 colors_table: () bestIndex: 0 seed: 1153394810
46.60
nthreads: 1 colors: 30 vertices: 451 edges 8691 colors_table: () bestIndex: 0 seed: 1153394858
46.47
nthreads: 1 colors: 30 vertices: 451 edges 8691 colors_table: () bestIndex: 0 seed: 1153394905
46.41
nthreads: 1 colors: 30 vertices: 451 edges 8691 colors_table: () bestIndex: 0 seed: 1153394952
46.55
nthreads: 1 colors: 30 vertices: 451 edges 8691 colors_table: () bestIndex: 0 seed: 1153395000
46.48
nthreads: 1 colors: 30 vertices: 451 edges 8691 colors_table: () bestIndex: 0 seed: 1153395048
46.40
nthreads: 1 colors: 30 vertices: 451 edges 8691 colors_table: () bestIndex: 0 seed: 1153395095
46.77
nthreads: 1 colors: 30 vertices: 451 edges 8691 colors_table: () bestIndex: 0 seed: 1153395143
46.22
nthreads: 1 colors: 30 vertices: 451 edges 8691 colors_table: () bestIndex: 0 seed: 1153395190
46.46
nthreads: 1 colors: 30 vertices: 451 edges 8691 colors_table: () bestIndex: 0 seed: 1153395238
46.61
nthreads: 1 colors: 30 vertices: 451 edges 8691 colors_table: () bestIndex: 0 seed: 1153395285
46.45
nthreads: 1 colors: 30 vertices: 451 edges 8691 colors_table: () bestIndex: 0 seed: 1153395333
46.61
nthreads: 1 colors: 30 vertices: 451 edges 8691 colors_table: () bestIndex: 0 seed: 1153395380
46.52
nthreads: 1 colors: 30 vertices: 451 edges 8691 colors_table: () bestIndex: 0 seed: 1153395428
46.73
nthreads: 1 colors: 30 vertices: 451 edges 8691 colors_table: () bestIndex: 0 seed: 1153395476
46.46
nthreads: 1 colors: 30 vertices: 451 edges 8691 colors_table: () bestIndex: 0 seed: 1153395523
46.60
nthreads: 1 colors: 30 vertices: 451 edges 8691 colors_table: () bestIndex: 0 seed: 1153395571
46.82
nthreads: 1 colors: 30 vertices: 451 edges 8691 colors_table: () bestIndex: 0 seed: 1153395619
46.51
nthreads: 1 colors: 30 vertices: 451 edges 8691 colors_table: () bestIndex: 0 seed: 1153395666
46.71
nthreads: 1 colors: 30 vertices: 451 edges 8691 colors_table: () bestIndex: 0 seed: 1153395714
46.61
nthreads: 1 colors: 30 vertices: 451 edges 8691 colors_table: () bestIndex: 0 seed: 1153395762
46.57
nthreads: 1 colors: 30 vertices: 451 edges 8691 colors_table: () bestIndex: 0 seed: 1153395809
46.47
nthreads: 1 colors: 30 vertices: 451 edges 8691 colors_table: () bestIndex: 0 seed: 1153395857
46.87
nthreads: 1 colors: 30 vertices: 451 edges 8691 colors_table: () bestIndex: 0 seed: 1153395905
46.30
nthreads: 1 colors: 30 vertices: 451 edges 8691 colors_table: () bestIndex: 0 seed: 1153395952
46.37
nthreads: 1 colors: 30 vertices: 451 edges 8691 colors_table: () bestIndex: 0 seed: 1153395999
46.50
