jean.col.b n_loops: 100 n_threads: 1
Thu Jul 20 07:25:59 EDT 2006 /home/thanhvu/nfs/Classic/1225_SameAsPATCHONLY_w_somechangestoprintSol/log_dir//1153371616/jean.col.b_1153394758.log
Single cedf232c677ebdd3c298dee92578679f /home/thanhvu/nfs/Classic/1225_SameAsPATCHONLY_w_somechangestoprintSol/a.out
nthreads: 1 colors: 10 vertices: 80 edges 254 colors_table: () bestIndex: 0 seed: 1153394759
0.31
nthreads: 1 colors: 10 vertices: 80 edges 254 colors_table: () bestIndex: 0 seed: 1153394760
0.29
nthreads: 1 colors: 10 vertices: 80 edges 254 colors_table: () bestIndex: 0 seed: 1153394761
0.30
nthreads: 1 colors: 10 vertices: 80 edges 254 colors_table: () bestIndex: 0 seed: 1153394763
0.29
nthreads: 1 colors: 10 vertices: 80 edges 254 colors_table: () bestIndex: 0 seed: 1153394764
0.29
nthreads: 1 colors: 10 vertices: 80 edges 254 colors_table: () bestIndex: 0 seed: 1153394765
0.29
nthreads: 1 colors: 10 vertices: 80 edges 254 colors_table: () bestIndex: 0 seed: 1153394767
0.29
nthreads: 1 colors: 10 vertices: 80 edges 254 colors_table: () bestIndex: 0 seed: 1153394768
0.28
nthreads: 1 colors: 10 vertices: 80 edges 254 colors_table: () bestIndex: 0 seed: 1153394769
0.29
nthreads: 1 colors: 10 vertices: 80 edges 254 colors_table: () bestIndex: 0 seed: 1153394771
0.29
nthreads: 1 colors: 10 vertices: 80 edges 254 colors_table: () bestIndex: 0 seed: 1153394772
0.29
nthreads: 1 colors: 10 vertices: 80 edges 254 colors_table: () bestIndex: 0 seed: 1153394773
0.28
nthreads: 1 colors: 10 vertices: 80 edges 254 colors_table: () bestIndex: 0 seed: 1153394775
0.28
nthreads: 1 colors: 10 vertices: 80 edges 254 colors_table: () bestIndex: 0 seed: 1153394776
0.29
nthreads: 1 colors: 10 vertices: 80 edges 254 colors_table: () bestIndex: 0 seed: 1153394777
0.29
nthreads: 1 colors: 10 vertices: 80 edges 254 colors_table: () bestIndex: 0 seed: 1153394779
0.29
nthreads: 1 colors: 10 vertices: 80 edges 254 colors_table: () bestIndex: 0 seed: 1153394780
0.29
nthreads: 1 colors: 10 vertices: 80 edges 254 colors_table: () bestIndex: 0 seed: 1153394781
0.29
nthreads: 1 colors: 10 vertices: 80 edges 254 colors_table: () bestIndex: 0 seed: 1153394783
0.29
nthreads: 1 colors: 10 vertices: 80 edges 254 colors_table: () bestIndex: 0 seed: 1153394784
0.29
nthreads: 1 colors: 10 vertices: 80 edges 254 colors_table: () bestIndex: 0 seed: 1153394785
0.28
nthreads: 1 colors: 10 vertices: 80 edges 254 colors_table: () bestIndex: 0 seed: 1153394787
0.30
nthreads: 1 colors: 10 vertices: 80 edges 254 colors_table: () bestIndex: 0 seed: 1153394788
0.28
nthreads: 1 colors: 10 vertices: 80 edges 254 colors_table: () bestIndex: 0 seed: 1153394789
0.29
nthreads: 1 colors: 10 vertices: 80 edges 254 colors_table: () bestIndex: 0 seed: 1153394791
0.29
nthreads: 1 colors: 10 vertices: 80 edges 254 colors_table: () bestIndex: 0 seed: 1153394792
0.29
nthreads: 1 colors: 10 vertices: 80 edges 254 colors_table: () bestIndex: 0 seed: 1153394793
0.29
nthreads: 1 colors: 10 vertices: 80 edges 254 colors_table: () bestIndex: 0 seed: 1153394795
0.29
nthreads: 1 colors: 10 vertices: 80 edges 254 colors_table: () bestIndex: 0 seed: 1153394796
0.28
nthreads: 1 colors: 10 vertices: 80 edges 254 colors_table: () bestIndex: 0 seed: 1153394797
0.30
nthreads: 1 colors: 10 vertices: 80 edges 254 colors_table: () bestIndex: 0 seed: 1153394799
0.29
nthreads: 1 colors: 10 vertices: 80 edges 254 colors_table: () bestIndex: 0 seed: 1153394800
0.29
nthreads: 1 colors: 10 vertices: 80 edges 254 colors_table: () bestIndex: 0 seed: 1153394801
0.29
nthreads: 1 colors: 10 vertices: 80 edges 254 colors_table: () bestIndex: 0 seed: 1153394803
0.29
nthreads: 1 colors: 10 vertices: 80 edges 254 colors_table: () bestIndex: 0 seed: 1153394804
0.29
nthreads: 1 colors: 10 vertices: 80 edges 254 colors_table: () bestIndex: 0 seed: 1153394805
0.29
nthreads: 1 colors: 10 vertices: 80 edges 254 colors_table: () bestIndex: 0 seed: 1153394806
0.28
nthreads: 1 colors: 10 vertices: 80 edges 254 colors_table: () bestIndex: 0 seed: 1153394808
0.29
nthreads: 1 colors: 10 vertices: 80 edges 254 colors_table: () bestIndex: 0 seed: 1153394809
0.31
nthreads: 1 colors: 10 vertices: 80 edges 254 colors_table: () bestIndex: 0 seed: 1153394810
0.29
nthreads: 1 colors: 10 vertices: 80 edges 254 colors_table: () bestIndex: 0 seed: 1153394812
0.29
nthreads: 1 colors: 10 vertices: 80 edges 254 colors_table: () bestIndex: 0 seed: 1153394813
0.29
nthreads: 1 colors: 10 vertices: 80 edges 254 colors_table: () bestIndex: 0 seed: 1153394814
0.29
nthreads: 1 colors: 10 vertices: 80 edges 254 colors_table: () bestIndex: 0 seed: 1153394816
0.29
nthreads: 1 colors: 10 vertices: 80 edges 254 colors_table: () bestIndex: 0 seed: 1153394817
0.29
nthreads: 1 colors: 10 vertices: 80 edges 254 colors_table: () bestIndex: 0 seed: 1153394818
0.29
nthreads: 1 colors: 10 vertices: 80 edges 254 colors_table: () bestIndex: 0 seed: 1153394820
0.29
nthreads: 1 colors: 10 vertices: 80 edges 254 colors_table: () bestIndex: 0 seed: 1153394821
0.29
nthreads: 1 colors: 10 vertices: 80 edges 254 colors_table: () bestIndex: 0 seed: 1153394822
0.29
nthreads: 1 colors: 10 vertices: 80 edges 254 colors_table: () bestIndex: 0 seed: 1153394824
0.29
nthreads: 1 colors: 10 vertices: 80 edges 254 colors_table: () bestIndex: 0 seed: 1153394825
0.29
nthreads: 1 colors: 10 vertices: 80 edges 254 colors_table: () bestIndex: 0 seed: 1153394826
0.29
nthreads: 1 colors: 10 vertices: 80 edges 254 colors_table: () bestIndex: 0 seed: 1153394828
0.30
nthreads: 1 colors: 10 vertices: 80 edges 254 colors_table: () bestIndex: 0 seed: 1153394829
0.29
nthreads: 1 colors: 10 vertices: 80 edges 254 colors_table: () bestIndex: 0 seed: 1153394830
0.29
nthreads: 1 colors: 10 vertices: 80 edges 254 colors_table: () bestIndex: 0 seed: 1153394832
0.29
nthreads: 1 colors: 10 vertices: 80 edges 254 colors_table: () bestIndex: 0 seed: 1153394833
0.30
nthreads: 1 colors: 10 vertices: 80 edges 254 colors_table: () bestIndex: 0 seed: 1153394834
0.29
nthreads: 1 colors: 10 vertices: 80 edges 254 colors_table: () bestIndex: 0 seed: 1153394836
0.29
nthreads: 1 colors: 10 vertices: 80 edges 254 colors_table: () bestIndex: 0 seed: 1153394837
0.29
nthreads: 1 colors: 10 vertices: 80 edges 254 colors_table: () bestIndex: 0 seed: 1153394838
0.29
nthreads: 1 colors: 10 vertices: 80 edges 254 colors_table: () bestIndex: 0 seed: 1153394840
0.29
nthreads: 1 colors: 10 vertices: 80 edges 254 colors_table: () bestIndex: 0 seed: 1153394841
0.29
nthreads: 1 colors: 10 vertices: 80 edges 254 colors_table: () bestIndex: 0 seed: 1153394842
0.29
nthreads: 1 colors: 10 vertices: 80 edges 254 colors_table: () bestIndex: 0 seed: 1153394844
0.29
nthreads: 1 colors: 10 vertices: 80 edges 254 colors_table: () bestIndex: 0 seed: 1153394845
0.29
nthreads: 1 colors: 10 vertices: 80 edges 254 colors_table: () bestIndex: 0 seed: 1153394846
0.29
nthreads: 1 colors: 10 vertices: 80 edges 254 colors_table: () bestIndex: 0 seed: 1153394848
0.29
nthreads: 1 colors: 10 vertices: 80 edges 254 colors_table: () bestIndex: 0 seed: 1153394849
0.29
nthreads: 1 colors: 10 vertices: 80 edges 254 colors_table: () bestIndex: 0 seed: 1153394850
0.29
nthreads: 1 colors: 10 vertices: 80 edges 254 colors_table: () bestIndex: 0 seed: 1153394852
0.30
nthreads: 1 colors: 10 vertices: 80 edges 254 colors_table: () bestIndex: 0 seed: 1153394853
0.30
nthreads: 1 colors: 10 vertices: 80 edges 254 colors_table: () bestIndex: 0 seed: 1153394854
0.29
nthreads: 1 colors: 10 vertices: 80 edges 254 colors_table: () bestIndex: 0 seed: 1153394856
0.29
nthreads: 1 colors: 10 vertices: 80 edges 254 colors_table: () bestIndex: 0 seed: 1153394857
0.29
nthreads: 1 colors: 10 vertices: 80 edges 254 colors_table: () bestIndex: 0 seed: 1153394858
0.29
nthreads: 1 colors: 10 vertices: 80 edges 254 colors_table: () bestIndex: 0 seed: 1153394860
0.29
nthreads: 1 colors: 10 vertices: 80 edges 254 colors_table: () bestIndex: 0 seed: 1153394861
0.29
nthreads: 1 colors: 10 vertices: 80 edges 254 colors_table: () bestIndex: 0 seed: 1153394862
0.28
nthreads: 1 colors: 10 vertices: 80 edges 254 colors_table: () bestIndex: 0 seed: 1153394864
0.29
nthreads: 1 colors: 10 vertices: 80 edges 254 colors_table: () bestIndex: 0 seed: 1153394865
0.31
nthreads: 1 colors: 10 vertices: 80 edges 254 colors_table: () bestIndex: 0 seed: 1153394866
0.29
nthreads: 1 colors: 10 vertices: 80 edges 254 colors_table: () bestIndex: 0 seed: 1153394868
0.29
nthreads: 1 colors: 10 vertices: 80 edges 254 colors_table: () bestIndex: 0 seed: 1153394869
0.29
nthreads: 1 colors: 10 vertices: 80 edges 254 colors_table: () bestIndex: 0 seed: 1153394870
0.28
nthreads: 1 colors: 10 vertices: 80 edges 254 colors_table: () bestIndex: 0 seed: 1153394872
0.30
nthreads: 1 colors: 10 vertices: 80 edges 254 colors_table: () bestIndex: 0 seed: 1153394873
0.29
nthreads: 1 colors: 10 vertices: 80 edges 254 colors_table: () bestIndex: 0 seed: 1153394874
0.29
nthreads: 1 colors: 10 vertices: 80 edges 254 colors_table: () bestIndex: 0 seed: 1153394876
0.29
nthreads: 1 colors: 10 vertices: 80 edges 254 colors_table: () bestIndex: 0 seed: 1153394877
0.29
nthreads: 1 colors: 10 vertices: 80 edges 254 colors_table: () bestIndex: 0 seed: 1153394878
0.29
nthreads: 1 colors: 10 vertices: 80 edges 254 colors_table: () bestIndex: 0 seed: 1153394880
0.29
nthreads: 1 colors: 10 vertices: 80 edges 254 colors_table: () bestIndex: 0 seed: 1153394881
0.28
nthreads: 1 colors: 10 vertices: 80 edges 254 colors_table: () bestIndex: 0 seed: 1153394882
0.29
nthreads: 1 colors: 10 vertices: 80 edges 254 colors_table: () bestIndex: 0 seed: 1153394884
0.29
nthreads: 1 colors: 10 vertices: 80 edges 254 colors_table: () bestIndex: 0 seed: 1153394885
0.29
nthreads: 1 colors: 10 vertices: 80 edges 254 colors_table: () bestIndex: 0 seed: 1153394886
0.30
nthreads: 1 colors: 10 vertices: 80 edges 254 colors_table: () bestIndex: 0 seed: 1153394888
0.29
nthreads: 1 colors: 10 vertices: 80 edges 254 colors_table: () bestIndex: 0 seed: 1153394889
0.29
nthreads: 1 colors: 10 vertices: 80 edges 254 colors_table: () bestIndex: 0 seed: 1153394890
0.29
