le450_5b.col.b n_loops: 100 n_threads: 1
Thu Jul 20 14:14:09 EDT 2006 /home/thanhvu/nfs/Classic/1225_SameAsPATCHONLY_w_somechangestoprintSol/log_dir//1153380225/le450_5b.col.b_1153419249.log
Single cedf232c677ebdd3c298dee92578679f /home/thanhvu/nfs/Classic/1225_SameAsPATCHONLY_w_somechangestoprintSol/a.out
nthreads: 1 colors: 5 vertices: 450 edges 5734 colors_table: () bestIndex: 719 seed: 1153419249
19.61
nthreads: 1 colors: 6 vertices: 450 edges 5734 colors_table: () bestIndex: 2 seed: 1153419270
11.04
nthreads: 1 colors: 5 vertices: 450 edges 5734 colors_table: () bestIndex: 351 seed: 1153419282
16.56
nthreads: 1 colors: 5 vertices: 450 edges 5734 colors_table: () bestIndex: 941 seed: 1153419299
21.61
nthreads: 1 colors: 5 vertices: 450 edges 5734 colors_table: () bestIndex: 73 seed: 1153419322
14.14
nthreads: 1 colors: 5 vertices: 450 edges 5734 colors_table: () bestIndex: 60 seed: 1153419337
13.93
nthreads: 1 colors: 6 vertices: 450 edges 5734 colors_table: () bestIndex: 3 seed: 1153419352
11.29
nthreads: 1 colors: 5 vertices: 450 edges 5734 colors_table: () bestIndex: 92 seed: 1153419364
14.23
nthreads: 1 colors: 6 vertices: 450 edges 5734 colors_table: () bestIndex: 131 seed: 1153419379
12.09
nthreads: 1 colors: 6 vertices: 450 edges 5734 colors_table: () bestIndex: 10 seed: 1153419393
11.43
nthreads: 1 colors: 5 vertices: 450 edges 5734 colors_table: () bestIndex: 79 seed: 1153419405
14.54
nthreads: 1 colors: 6 vertices: 450 edges 5734 colors_table: () bestIndex: 6 seed: 1153419421
11.06
nthreads: 1 colors: 6 vertices: 450 edges 5734 colors_table: () bestIndex: 5 seed: 1153419433
11.04
nthreads: 1 colors: 6 vertices: 450 edges 5734 colors_table: () bestIndex: 15 seed: 1153419445
11.06
nthreads: 1 colors: 5 vertices: 450 edges 5734 colors_table: () bestIndex: 392 seed: 1153419457
17.15
nthreads: 1 colors: 5 vertices: 450 edges 5734 colors_table: () bestIndex: 1003 seed: 1153419475
22.18
nthreads: 1 colors: 6 vertices: 450 edges 5734 colors_table: () bestIndex: 24 seed: 1153419498
11.97
nthreads: 1 colors: 5 vertices: 450 edges 5734 colors_table: () bestIndex: 235 seed: 1153419511
16.04
nthreads: 1 colors: 5 vertices: 450 edges 5734 colors_table: () bestIndex: 706 seed: 1153419528
19.73
nthreads: 1 colors: 6 vertices: 450 edges 5734 colors_table: () bestIndex: 9 seed: 1153419549
11.09
nthreads: 1 colors: 6 vertices: 450 edges 5734 colors_table: () bestIndex: 3 seed: 1153419561
11.10
nthreads: 1 colors: 6 vertices: 450 edges 5734 colors_table: () bestIndex: 9 seed: 1153419573
11.27
nthreads: 1 colors: 5 vertices: 450 edges 5734 colors_table: () bestIndex: 72 seed: 1153419586
14.04
nthreads: 1 colors: 5 vertices: 450 edges 5734 colors_table: () bestIndex: 52 seed: 1153419601
13.88
nthreads: 1 colors: 5 vertices: 450 edges 5734 colors_table: () bestIndex: 1179 seed: 1153419615
24.04
nthreads: 1 colors: 5 vertices: 450 edges 5734 colors_table: () bestIndex: 171 seed: 1153419641
15.31
nthreads: 1 colors: 5 vertices: 450 edges 5734 colors_table: () bestIndex: 213 seed: 1153419657
15.24
nthreads: 1 colors: 6 vertices: 450 edges 5734 colors_table: () bestIndex: 72 seed: 1153419673
11.87
nthreads: 1 colors: 5 vertices: 450 edges 5734 colors_table: () bestIndex: 184 seed: 1153419686
15.42
nthreads: 1 colors: 5 vertices: 450 edges 5734 colors_table: () bestIndex: 133 seed: 1153419702
14.57
nthreads: 1 colors: 6 vertices: 450 edges 5734 colors_table: () bestIndex: 4 seed: 1153419718
11.39
nthreads: 1 colors: 5 vertices: 450 edges 5734 colors_table: () bestIndex: 505 seed: 1153419730
18.05
nthreads: 1 colors: 6 vertices: 450 edges 5734 colors_table: () bestIndex: 3 seed: 1153419750
11.43
nthreads: 1 colors: 5 vertices: 450 edges 5734 colors_table: () bestIndex: 86 seed: 1153419762
14.44
nthreads: 1 colors: 5 vertices: 450 edges 5734 colors_table: () bestIndex: 430 seed: 1153419777
17.55
nthreads: 1 colors: 5 vertices: 450 edges 5734 colors_table: () bestIndex: 52 seed: 1153419796
13.86
nthreads: 1 colors: 5 vertices: 450 edges 5734 colors_table: () bestIndex: 181 seed: 1153419811
15.11
nthreads: 1 colors: 5 vertices: 450 edges 5734 colors_table: () bestIndex: 179 seed: 1153419827
15.28
nthreads: 1 colors: 5 vertices: 450 edges 5734 colors_table: () bestIndex: 208 seed: 1153419843
15.15
nthreads: 1 colors: 5 vertices: 450 edges 5734 colors_table: () bestIndex: 135 seed: 1153419859
15.00
nthreads: 1 colors: 5 vertices: 450 edges 5734 colors_table: () bestIndex: 169 seed: 1153419875
15.03
nthreads: 1 colors: 5 vertices: 450 edges 5734 colors_table: () bestIndex: 695 seed: 1153419892
19.66
nthreads: 1 colors: 5 vertices: 450 edges 5734 colors_table: () bestIndex: 345 seed: 1153419912
16.41
nthreads: 1 colors: 6 vertices: 450 edges 5734 colors_table: () bestIndex: 11 seed: 1153419930
11.79
nthreads: 1 colors: 5 vertices: 450 edges 5734 colors_table: () bestIndex: 198 seed: 1153419942
15.17
nthreads: 1 colors: 6 vertices: 450 edges 5734 colors_table: () bestIndex: 6 seed: 1153419959
11.47
nthreads: 1 colors: 5 vertices: 450 edges 5734 colors_table: () bestIndex: 622 seed: 1153419971
19.18
nthreads: 1 colors: 5 vertices: 450 edges 5734 colors_table: () bestIndex: 17 seed: 1153419991
13.61
nthreads: 1 colors: 6 vertices: 450 edges 5734 colors_table: () bestIndex: 30 seed: 1153420006
11.32
nthreads: 1 colors: 5 vertices: 450 edges 5734 colors_table: () bestIndex: 707 seed: 1153420018
19.58
nthreads: 1 colors: 6 vertices: 450 edges 5734 colors_table: () bestIndex: 22 seed: 1153420039
11.91
nthreads: 1 colors: 5 vertices: 450 edges 5734 colors_table: () bestIndex: 178 seed: 1153420052
15.34
nthreads: 1 colors: 5 vertices: 450 edges 5734 colors_table: () bestIndex: 238 seed: 1153420068
15.93
nthreads: 1 colors: 5 vertices: 450 edges 5734 colors_table: () bestIndex: 820 seed: 1153420085
20.59
nthreads: 1 colors: 5 vertices: 450 edges 5734 colors_table: () bestIndex: 91 seed: 1153420107
14.63
nthreads: 1 colors: 5 vertices: 450 edges 5734 colors_table: () bestIndex: 499 seed: 1153420122
17.79
nthreads: 1 colors: 6 vertices: 450 edges 5734 colors_table: () bestIndex: 52 seed: 1153420141
11.86
nthreads: 1 colors: 5 vertices: 450 edges 5734 colors_table: () bestIndex: 42 seed: 1153420154
14.20
nthreads: 1 colors: 6 vertices: 450 edges 5734 colors_table: () bestIndex: 1 seed: 1153420169
11.51
nthreads: 1 colors: 6 vertices: 450 edges 5734 colors_table: () bestIndex: 1 seed: 1153420182
11.89
nthreads: 1 colors: 5 vertices: 450 edges 5734 colors_table: () bestIndex: 177 seed: 1153420195
15.24
nthreads: 1 colors: 6 vertices: 450 edges 5734 colors_table: () bestIndex: 1 seed: 1153420211
11.19
nthreads: 1 colors: 5 vertices: 450 edges 5734 colors_table: () bestIndex: 360 seed: 1153420223
16.54
nthreads: 1 colors: 5 vertices: 450 edges 5734 colors_table: () bestIndex: 87 seed: 1153420241
14.53
nthreads: 1 colors: 5 vertices: 450 edges 5734 colors_table: () bestIndex: 538 seed: 1153420256
18.23
nthreads: 1 colors: 6 vertices: 450 edges 5734 colors_table: () bestIndex: 4 seed: 1153420276
11.01
nthreads: 1 colors: 5 vertices: 450 edges 5734 colors_table: () bestIndex: 50 seed: 1153420288
13.78
nthreads: 1 colors: 5 vertices: 450 edges 5734 colors_table: () bestIndex: 243 seed: 1153420302
15.47
nthreads: 1 colors: 6 vertices: 450 edges 5734 colors_table: () bestIndex: 2 seed: 1153420319
11.39
nthreads: 1 colors: 5 vertices: 450 edges 5734 colors_table: () bestIndex: 897 seed: 1153420331
21.55
nthreads: 1 colors: 6 vertices: 450 edges 5734 colors_table: () bestIndex: 43 seed: 1153420354
11.46
nthreads: 1 colors: 5 vertices: 450 edges 5734 colors_table: () bestIndex: 120 seed: 1153420366
14.87
nthreads: 1 colors: 6 vertices: 450 edges 5734 colors_table: () bestIndex: 95 seed: 1153420382
11.73
nthreads: 1 colors: 5 vertices: 450 edges 5734 colors_table: () bestIndex: 86 seed: 1153420395
14.49
nthreads: 1 colors: 6 vertices: 450 edges 5734 colors_table: () bestIndex: 4 seed: 1153420410
11.73
nthreads: 1 colors: 6 vertices: 450 edges 5734 colors_table: () bestIndex: 1 seed: 1153420423
10.95
nthreads: 1 colors: 5 vertices: 450 edges 5734 colors_table: () bestIndex: 397 seed: 1153420435
17.09
nthreads: 1 colors: 5 vertices: 450 edges 5734 colors_table: () bestIndex: 48 seed: 1153420453
14.21
nthreads: 1 colors: 6 vertices: 450 edges 5734 colors_table: () bestIndex: 59 seed: 1153420469
11.43
nthreads: 1 colors: 6 vertices: 450 edges 5734 colors_table: () bestIndex: 9 seed: 1153420481
11.51
nthreads: 1 colors: 5 vertices: 450 edges 5734 colors_table: () bestIndex: 958 seed: 1153420494
21.77
nthreads: 1 colors: 5 vertices: 450 edges 5734 colors_table: () bestIndex: 87 seed: 1153420516
14.15
nthreads: 1 colors: 5 vertices: 450 edges 5734 colors_table: () bestIndex: 333 seed: 1153420532
16.71
nthreads: 1 colors: 5 vertices: 450 edges 5734 colors_table: () bestIndex: 200 seed: 1153420549
15.07
nthreads: 1 colors: 5 vertices: 450 edges 5734 colors_table: () bestIndex: 894 seed: 1153420565
21.62
nthreads: 1 colors: 5 vertices: 450 edges 5734 colors_table: () bestIndex: 142 seed: 1153420588
14.62
nthreads: 1 colors: 5 vertices: 450 edges 5734 colors_table: () bestIndex: 214 seed: 1153420604
15.59
nthreads: 1 colors: 5 vertices: 450 edges 5734 colors_table: () bestIndex: 334 seed: 1153420620
16.34
nthreads: 1 colors: 5 vertices: 450 edges 5734 colors_table: () bestIndex: 1009 seed: 1153420638
22.51
nthreads: 1 colors: 5 vertices: 450 edges 5734 colors_table: () bestIndex: 1262 seed: 1153420661
24.11
nthreads: 1 colors: 6 vertices: 450 edges 5734 colors_table: () bestIndex: 23 seed: 1153420686
12.01
nthreads: 1 colors: 5 vertices: 450 edges 5734 colors_table: () bestIndex: 85 seed: 1153420699
14.47
nthreads: 1 colors: 5 vertices: 450 edges 5734 colors_table: () bestIndex: 618 seed: 1153420715
19.20
nthreads: 1 colors: 5 vertices: 450 edges 5734 colors_table: () bestIndex: 847 seed: 1153420735
20.94
nthreads: 1 colors: 5 vertices: 450 edges 5734 colors_table: () bestIndex: 119 seed: 1153420757
14.71
nthreads: 1 colors: 5 vertices: 450 edges 5734 colors_table: () bestIndex: 86 seed: 1153420773
14.64
nthreads: 1 colors: 5 vertices: 450 edges 5734 colors_table: () bestIndex: 206 seed: 1153420788
15.09
nthreads: 1 colors: 6 vertices: 450 edges 5734 colors_table: () bestIndex: 7 seed: 1153420804
11.56
nthreads: 1 colors: 5 vertices: 450 edges 5734 colors_table: () bestIndex: 331 seed: 1153420817
16.78
nthreads: 1 colors: 6 vertices: 450 edges 5734 colors_table: () bestIndex: 1 seed: 1153420835
11.19
