le450_25a.col.b n_loops: 100 n_threads: 1
Thu Jul 20 10:40:50 EDT 2006 /home/thanhvu/nfs/Classic/1225_SameAsPATCHONLY_w_somechangestoprintSol/log_dir//1153380225/le450_25a.col.b_1153406450.log
Single cedf232c677ebdd3c298dee92578679f /home/thanhvu/nfs/Classic/1225_SameAsPATCHONLY_w_somechangestoprintSol/a.out
nthreads: 1 colors: 25 vertices: 450 edges 8260 colors_table: () bestIndex: 0 seed: 1153406450
22.79
nthreads: 1 colors: 25 vertices: 450 edges 8260 colors_table: () bestIndex: 0 seed: 1153406474
22.76
nthreads: 1 colors: 25 vertices: 450 edges 8260 colors_table: () bestIndex: 0 seed: 1153406497
22.78
nthreads: 1 colors: 25 vertices: 450 edges 8260 colors_table: () bestIndex: 0 seed: 1153406521
22.79
nthreads: 1 colors: 25 vertices: 450 edges 8260 colors_table: () bestIndex: 0 seed: 1153406545
22.77
nthreads: 1 colors: 25 vertices: 450 edges 8260 colors_table: () bestIndex: 0 seed: 1153406569
22.75
nthreads: 1 colors: 25 vertices: 450 edges 8260 colors_table: () bestIndex: 0 seed: 1153406593
22.80
nthreads: 1 colors: 25 vertices: 450 edges 8260 colors_table: () bestIndex: 0 seed: 1153406616
22.79
nthreads: 1 colors: 25 vertices: 450 edges 8260 colors_table: () bestIndex: 0 seed: 1153406640
22.76
nthreads: 1 colors: 25 vertices: 450 edges 8260 colors_table: () bestIndex: 0 seed: 1153406664
22.81
nthreads: 1 colors: 25 vertices: 450 edges 8260 colors_table: () bestIndex: 0 seed: 1153406688
22.79
nthreads: 1 colors: 25 vertices: 450 edges 8260 colors_table: () bestIndex: 0 seed: 1153406712
22.79
nthreads: 1 colors: 25 vertices: 450 edges 8260 colors_table: () bestIndex: 0 seed: 1153406735
22.77
nthreads: 1 colors: 25 vertices: 450 edges 8260 colors_table: () bestIndex: 0 seed: 1153406759
22.80
nthreads: 1 colors: 25 vertices: 450 edges 8260 colors_table: () bestIndex: 0 seed: 1153406783
22.81
nthreads: 1 colors: 25 vertices: 450 edges 8260 colors_table: () bestIndex: 0 seed: 1153406807
22.76
nthreads: 1 colors: 25 vertices: 450 edges 8260 colors_table: () bestIndex: 0 seed: 1153406831
22.77
nthreads: 1 colors: 25 vertices: 450 edges 8260 colors_table: () bestIndex: 0 seed: 1153406854
22.79
nthreads: 1 colors: 25 vertices: 450 edges 8260 colors_table: () bestIndex: 0 seed: 1153406878
22.79
nthreads: 1 colors: 25 vertices: 450 edges 8260 colors_table: () bestIndex: 0 seed: 1153406902
22.78
nthreads: 1 colors: 25 vertices: 450 edges 8260 colors_table: () bestIndex: 0 seed: 1153406926
22.76
nthreads: 1 colors: 25 vertices: 450 edges 8260 colors_table: () bestIndex: 0 seed: 1153406950
22.77
nthreads: 1 colors: 25 vertices: 450 edges 8260 colors_table: () bestIndex: 0 seed: 1153406973
22.76
nthreads: 1 colors: 25 vertices: 450 edges 8260 colors_table: () bestIndex: 0 seed: 1153406997
22.76
nthreads: 1 colors: 25 vertices: 450 edges 8260 colors_table: () bestIndex: 0 seed: 1153407021
22.78
nthreads: 1 colors: 25 vertices: 450 edges 8260 colors_table: () bestIndex: 0 seed: 1153407045
22.82
nthreads: 1 colors: 25 vertices: 450 edges 8260 colors_table: () bestIndex: 0 seed: 1153407069
22.79
nthreads: 1 colors: 25 vertices: 450 edges 8260 colors_table: () bestIndex: 0 seed: 1153407092
22.77
nthreads: 1 colors: 25 vertices: 450 edges 8260 colors_table: () bestIndex: 0 seed: 1153407116
22.76
nthreads: 1 colors: 25 vertices: 450 edges 8260 colors_table: () bestIndex: 0 seed: 1153407140
22.76
nthreads: 1 colors: 25 vertices: 450 edges 8260 colors_table: () bestIndex: 0 seed: 1153407164
22.77
nthreads: 1 colors: 25 vertices: 450 edges 8260 colors_table: () bestIndex: 0 seed: 1153407188
22.79
nthreads: 1 colors: 25 vertices: 450 edges 8260 colors_table: () bestIndex: 0 seed: 1153407211
22.79
nthreads: 1 colors: 25 vertices: 450 edges 8260 colors_table: () bestIndex: 0 seed: 1153407235
22.81
nthreads: 1 colors: 25 vertices: 450 edges 8260 colors_table: () bestIndex: 0 seed: 1153407259
22.78
nthreads: 1 colors: 25 vertices: 450 edges 8260 colors_table: () bestIndex: 0 seed: 1153407283
22.81
nthreads: 1 colors: 25 vertices: 450 edges 8260 colors_table: () bestIndex: 0 seed: 1153407307
22.76
nthreads: 1 colors: 25 vertices: 450 edges 8260 colors_table: () bestIndex: 0 seed: 1153407330
22.83
nthreads: 1 colors: 25 vertices: 450 edges 8260 colors_table: () bestIndex: 0 seed: 1153407354
22.78
nthreads: 1 colors: 25 vertices: 450 edges 8260 colors_table: () bestIndex: 0 seed: 1153407378
22.76
nthreads: 1 colors: 25 vertices: 450 edges 8260 colors_table: () bestIndex: 0 seed: 1153407402
22.82
nthreads: 1 colors: 25 vertices: 450 edges 8260 colors_table: () bestIndex: 0 seed: 1153407426
22.76
nthreads: 1 colors: 25 vertices: 450 edges 8260 colors_table: () bestIndex: 0 seed: 1153407450
22.79
nthreads: 1 colors: 25 vertices: 450 edges 8260 colors_table: () bestIndex: 0 seed: 1153407473
22.76
nthreads: 1 colors: 25 vertices: 450 edges 8260 colors_table: () bestIndex: 0 seed: 1153407497
22.80
nthreads: 1 colors: 25 vertices: 450 edges 8260 colors_table: () bestIndex: 0 seed: 1153407521
22.76
nthreads: 1 colors: 25 vertices: 450 edges 8260 colors_table: () bestIndex: 0 seed: 1153407545
22.75
nthreads: 1 colors: 25 vertices: 450 edges 8260 colors_table: () bestIndex: 0 seed: 1153407568
22.77
nthreads: 1 colors: 25 vertices: 450 edges 8260 colors_table: () bestIndex: 0 seed: 1153407592
22.80
nthreads: 1 colors: 25 vertices: 450 edges 8260 colors_table: () bestIndex: 0 seed: 1153407616
22.76
nthreads: 1 colors: 25 vertices: 450 edges 8260 colors_table: () bestIndex: 0 seed: 1153407640
22.76
nthreads: 1 colors: 25 vertices: 450 edges 8260 colors_table: () bestIndex: 0 seed: 1153407664
22.81
nthreads: 1 colors: 25 vertices: 450 edges 8260 colors_table: () bestIndex: 0 seed: 1153407687
22.76
nthreads: 1 colors: 25 vertices: 450 edges 8260 colors_table: () bestIndex: 0 seed: 1153407711
22.79
nthreads: 1 colors: 25 vertices: 450 edges 8260 colors_table: () bestIndex: 0 seed: 1153407735
22.81
nthreads: 1 colors: 25 vertices: 450 edges 8260 colors_table: () bestIndex: 0 seed: 1153407759
22.81
nthreads: 1 colors: 25 vertices: 450 edges 8260 colors_table: () bestIndex: 0 seed: 1153407783
22.79
nthreads: 1 colors: 25 vertices: 450 edges 8260 colors_table: () bestIndex: 0 seed: 1153407807
22.79
nthreads: 1 colors: 25 vertices: 450 edges 8260 colors_table: () bestIndex: 0 seed: 1153407830
22.78
nthreads: 1 colors: 25 vertices: 450 edges 8260 colors_table: () bestIndex: 0 seed: 1153407854
22.80
nthreads: 1 colors: 25 vertices: 450 edges 8260 colors_table: () bestIndex: 0 seed: 1153407878
22.75
nthreads: 1 colors: 25 vertices: 450 edges 8260 colors_table: () bestIndex: 0 seed: 1153407902
22.81
nthreads: 1 colors: 25 vertices: 450 edges 8260 colors_table: () bestIndex: 0 seed: 1153407926
22.79
nthreads: 1 colors: 25 vertices: 450 edges 8260 colors_table: () bestIndex: 0 seed: 1153407949
22.79
nthreads: 1 colors: 25 vertices: 450 edges 8260 colors_table: () bestIndex: 0 seed: 1153407973
22.79
nthreads: 1 colors: 25 vertices: 450 edges 8260 colors_table: () bestIndex: 0 seed: 1153407997
22.80
nthreads: 1 colors: 25 vertices: 450 edges 8260 colors_table: () bestIndex: 0 seed: 1153408021
22.79
nthreads: 1 colors: 25 vertices: 450 edges 8260 colors_table: () bestIndex: 0 seed: 1153408045
22.77
nthreads: 1 colors: 25 vertices: 450 edges 8260 colors_table: () bestIndex: 0 seed: 1153408068
22.77
nthreads: 1 colors: 25 vertices: 450 edges 8260 colors_table: () bestIndex: 0 seed: 1153408092
22.78
nthreads: 1 colors: 25 vertices: 450 edges 8260 colors_table: () bestIndex: 0 seed: 1153408116
22.78
nthreads: 1 colors: 25 vertices: 450 edges 8260 colors_table: () bestIndex: 0 seed: 1153408140
22.79
nthreads: 1 colors: 25 vertices: 450 edges 8260 colors_table: () bestIndex: 0 seed: 1153408164
22.78
nthreads: 1 colors: 25 vertices: 450 edges 8260 colors_table: () bestIndex: 0 seed: 1153408187
22.80
nthreads: 1 colors: 25 vertices: 450 edges 8260 colors_table: () bestIndex: 0 seed: 1153408211
22.78
nthreads: 1 colors: 25 vertices: 450 edges 8260 colors_table: () bestIndex: 0 seed: 1153408235
22.78
nthreads: 1 colors: 25 vertices: 450 edges 8260 colors_table: () bestIndex: 0 seed: 1153408259
22.80
nthreads: 1 colors: 25 vertices: 450 edges 8260 colors_table: () bestIndex: 0 seed: 1153408283
22.81
nthreads: 1 colors: 25 vertices: 450 edges 8260 colors_table: () bestIndex: 0 seed: 1153408306
22.82
nthreads: 1 colors: 25 vertices: 450 edges 8260 colors_table: () bestIndex: 0 seed: 1153408330
22.76
nthreads: 1 colors: 25 vertices: 450 edges 8260 colors_table: () bestIndex: 0 seed: 1153408354
22.81
nthreads: 1 colors: 25 vertices: 450 edges 8260 colors_table: () bestIndex: 0 seed: 1153408378
22.76
nthreads: 1 colors: 25 vertices: 450 edges 8260 colors_table: () bestIndex: 0 seed: 1153408402
22.79
nthreads: 1 colors: 25 vertices: 450 edges 8260 colors_table: () bestIndex: 0 seed: 1153408425
22.75
nthreads: 1 colors: 25 vertices: 450 edges 8260 colors_table: () bestIndex: 0 seed: 1153408449
22.76
nthreads: 1 colors: 25 vertices: 450 edges 8260 colors_table: () bestIndex: 0 seed: 1153408473
22.76
nthreads: 1 colors: 25 vertices: 450 edges 8260 colors_table: () bestIndex: 0 seed: 1153408497
22.75
nthreads: 1 colors: 25 vertices: 450 edges 8260 colors_table: () bestIndex: 0 seed: 1153408521
22.81
nthreads: 1 colors: 25 vertices: 450 edges 8260 colors_table: () bestIndex: 0 seed: 1153408544
22.80
nthreads: 1 colors: 25 vertices: 450 edges 8260 colors_table: () bestIndex: 0 seed: 1153408568
22.80
nthreads: 1 colors: 25 vertices: 450 edges 8260 colors_table: () bestIndex: 0 seed: 1153408592
22.81
nthreads: 1 colors: 25 vertices: 450 edges 8260 colors_table: () bestIndex: 0 seed: 1153408616
22.77
nthreads: 1 colors: 25 vertices: 450 edges 8260 colors_table: () bestIndex: 0 seed: 1153408640
22.79
nthreads: 1 colors: 25 vertices: 450 edges 8260 colors_table: () bestIndex: 0 seed: 1153408663
22.81
nthreads: 1 colors: 25 vertices: 450 edges 8260 colors_table: () bestIndex: 0 seed: 1153408687
22.79
nthreads: 1 colors: 25 vertices: 450 edges 8260 colors_table: () bestIndex: 0 seed: 1153408711
22.77
nthreads: 1 colors: 25 vertices: 450 edges 8260 colors_table: () bestIndex: 0 seed: 1153408735
22.81
nthreads: 1 colors: 25 vertices: 450 edges 8260 colors_table: () bestIndex: 0 seed: 1153408759
22.77
nthreads: 1 colors: 25 vertices: 450 edges 8260 colors_table: () bestIndex: 0 seed: 1153408783
22.76
nthreads: 1 colors: 25 vertices: 450 edges 8260 colors_table: () bestIndex: 0 seed: 1153408806
22.80
