le450_15d.col.b n_loops: 100 n_threads: 1
Thu Jul 20 09:43:20 EDT 2006 /home/thanhvu/nfs/Classic/1225_SameAsPATCHONLY_w_somechangestoprintSol/log_dir//1153380225/le450_15d.col.b_1153403000.log
Single cedf232c677ebdd3c298dee92578679f /home/thanhvu/nfs/Classic/1225_SameAsPATCHONLY_w_somechangestoprintSol/a.out
nthreads: 1 colors: 17 vertices: 450 edges 16750 colors_table: () bestIndex: 360 seed: 1153403000
26.23
nthreads: 1 colors: 16 vertices: 450 edges 16750 colors_table: () bestIndex: 1633 seed: 1153403027
41.82
nthreads: 1 colors: 17 vertices: 450 edges 16750 colors_table: () bestIndex: 438 seed: 1153403070
28.55
nthreads: 1 colors: 15 vertices: 450 edges 16750 colors_table: () bestIndex: 1706 seed: 1153403099
44.93
nthreads: 1 colors: 16 vertices: 450 edges 16750 colors_table: () bestIndex: 1083 seed: 1153403145
37.17
nthreads: 1 colors: 20 vertices: 450 edges 16750 colors_table: () bestIndex: 264 seed: 1153403183
27.01
nthreads: 1 colors: 17 vertices: 450 edges 16750 colors_table: () bestIndex: 704 seed: 1153403211
31.85
nthreads: 1 colors: 16 vertices: 450 edges 16750 colors_table: () bestIndex: 1935 seed: 1153403244
42.64
nthreads: 1 colors: 20 vertices: 450 edges 16750 colors_table: () bestIndex: 183 seed: 1153403288
26.33
nthreads: 1 colors: 16 vertices: 450 edges 16750 colors_table: () bestIndex: 2046 seed: 1153403315
44.41
nthreads: 1 colors: 20 vertices: 450 edges 16750 colors_table: () bestIndex: 343 seed: 1153403361
26.66
nthreads: 1 colors: 16 vertices: 450 edges 16750 colors_table: () bestIndex: 1768 seed: 1153403388
43.80
nthreads: 1 colors: 16 vertices: 450 edges 16750 colors_table: () bestIndex: 1351 seed: 1153403433
43.27
nthreads: 1 colors: 17 vertices: 450 edges 16750 colors_table: () bestIndex: 874 seed: 1153403478
35.68
nthreads: 1 colors: 16 vertices: 450 edges 16750 colors_table: () bestIndex: 1057 seed: 1153403514
37.84
nthreads: 1 colors: 16 vertices: 450 edges 16750 colors_table: () bestIndex: 1107 seed: 1153403553
39.89
nthreads: 1 colors: 16 vertices: 450 edges 16750 colors_table: () bestIndex: 382 seed: 1153403594
28.10
nthreads: 1 colors: 17 vertices: 450 edges 16750 colors_table: () bestIndex: 1533 seed: 1153403623
44.05
nthreads: 1 colors: 17 vertices: 450 edges 16750 colors_table: () bestIndex: 469 seed: 1153403668
27.25
nthreads: 1 colors: 20 vertices: 450 edges 16750 colors_table: () bestIndex: 387 seed: 1153403696
26.80
nthreads: 1 colors: 17 vertices: 450 edges 16750 colors_table: () bestIndex: 825 seed: 1153403724
33.81
nthreads: 1 colors: 16 vertices: 450 edges 16750 colors_table: () bestIndex: 2078 seed: 1153403759
43.18
nthreads: 1 colors: 16 vertices: 450 edges 16750 colors_table: () bestIndex: 1102 seed: 1153403803
40.14
nthreads: 1 colors: 16 vertices: 450 edges 16750 colors_table: () bestIndex: 582 seed: 1153403844
28.29
nthreads: 1 colors: 16 vertices: 450 edges 16750 colors_table: () bestIndex: 394 seed: 1153403874
28.24
nthreads: 1 colors: 17 vertices: 450 edges 16750 colors_table: () bestIndex: 1334 seed: 1153403903
43.92
nthreads: 1 colors: 20 vertices: 450 edges 16750 colors_table: () bestIndex: 196 seed: 1153403948
25.30
nthreads: 1 colors: 17 vertices: 450 edges 16750 colors_table: () bestIndex: 1340 seed: 1153403974
41.10
nthreads: 1 colors: 17 vertices: 450 edges 16750 colors_table: () bestIndex: 542 seed: 1153404016
29.50
nthreads: 1 colors: 16 vertices: 450 edges 16750 colors_table: () bestIndex: 674 seed: 1153404047
30.25
nthreads: 1 colors: 17 vertices: 450 edges 16750 colors_table: () bestIndex: 247 seed: 1153404078
25.64
nthreads: 1 colors: 17 vertices: 450 edges 16750 colors_table: () bestIndex: 1057 seed: 1153404105
36.13
nthreads: 1 colors: 19 vertices: 450 edges 16750 colors_table: () bestIndex: 161 seed: 1153404142
25.62
nthreads: 1 colors: 16 vertices: 450 edges 16750 colors_table: () bestIndex: 2084 seed: 1153404169
43.71
nthreads: 1 colors: 16 vertices: 450 edges 16750 colors_table: () bestIndex: 1745 seed: 1153404213
41.54
nthreads: 1 colors: 20 vertices: 450 edges 16750 colors_table: () bestIndex: 582 seed: 1153404256
32.54
nthreads: 1 colors: 16 vertices: 450 edges 16750 colors_table: () bestIndex: 863 seed: 1153404290
33.07
nthreads: 1 colors: 17 vertices: 450 edges 16750 colors_table: () bestIndex: 952 seed: 1153404324
37.43
nthreads: 1 colors: 17 vertices: 450 edges 16750 colors_table: () bestIndex: 1405 seed: 1153404362
42.46
nthreads: 1 colors: 17 vertices: 450 edges 16750 colors_table: () bestIndex: 444 seed: 1153404406
27.40
nthreads: 1 colors: 17 vertices: 450 edges 16750 colors_table: () bestIndex: 169 seed: 1153404434
23.28
nthreads: 1 colors: 17 vertices: 450 edges 16750 colors_table: () bestIndex: 1578 seed: 1153404458
43.51
nthreads: 1 colors: 17 vertices: 450 edges 16750 colors_table: () bestIndex: 579 seed: 1153404503
31.15
nthreads: 1 colors: 20 vertices: 450 edges 16750 colors_table: () bestIndex: 311 seed: 1153404535
27.52
nthreads: 1 colors: 16 vertices: 450 edges 16750 colors_table: () bestIndex: 1132 seed: 1153404563
38.80
nthreads: 1 colors: 20 vertices: 450 edges 16750 colors_table: () bestIndex: 541 seed: 1153404603
31.55
nthreads: 1 colors: 17 vertices: 450 edges 16750 colors_table: () bestIndex: 1660 seed: 1153404636
43.66
nthreads: 1 colors: 16 vertices: 450 edges 16750 colors_table: () bestIndex: 1020 seed: 1153404681
38.33
nthreads: 1 colors: 16 vertices: 450 edges 16750 colors_table: () bestIndex: 958 seed: 1153404720
34.29
nthreads: 1 colors: 16 vertices: 450 edges 16750 colors_table: () bestIndex: 1139 seed: 1153404755
39.83
nthreads: 1 colors: 17 vertices: 450 edges 16750 colors_table: () bestIndex: 379 seed: 1153404796
27.75
nthreads: 1 colors: 17 vertices: 450 edges 16750 colors_table: () bestIndex: 426 seed: 1153404825
28.36
nthreads: 1 colors: 20 vertices: 450 edges 16750 colors_table: () bestIndex: 264 seed: 1153404854
26.91
nthreads: 1 colors: 17 vertices: 450 edges 16750 colors_table: () bestIndex: 1970 seed: 1153404882
42.91
nthreads: 1 colors: 17 vertices: 450 edges 16750 colors_table: () bestIndex: 319 seed: 1153404926
24.81
nthreads: 1 colors: 17 vertices: 450 edges 16750 colors_table: () bestIndex: 1655 seed: 1153404952
42.44
nthreads: 1 colors: 20 vertices: 450 edges 16750 colors_table: () bestIndex: 397 seed: 1153404995
29.66
nthreads: 1 colors: 17 vertices: 450 edges 16750 colors_table: () bestIndex: 742 seed: 1153405026
32.63
nthreads: 1 colors: 20 vertices: 450 edges 16750 colors_table: () bestIndex: 141 seed: 1153405060
24.97
nthreads: 1 colors: 19 vertices: 450 edges 16750 colors_table: () bestIndex: 2168 seed: 1153405086
44.08
nthreads: 1 colors: 20 vertices: 450 edges 16750 colors_table: () bestIndex: 186 seed: 1153405131
25.74
nthreads: 1 colors: 20 vertices: 450 edges 16750 colors_table: () bestIndex: 249 seed: 1153405158
25.53
nthreads: 1 colors: 17 vertices: 450 edges 16750 colors_table: () bestIndex: 788 seed: 1153405184
32.46
nthreads: 1 colors: 15 vertices: 450 edges 16750 colors_table: () bestIndex: 2584 seed: 1153405218
42.33
nthreads: 1 colors: 20 vertices: 450 edges 16750 colors_table: () bestIndex: 193 seed: 1153405261
25.83
nthreads: 1 colors: 16 vertices: 450 edges 16750 colors_table: () bestIndex: 438 seed: 1153405288
28.45
nthreads: 1 colors: 20 vertices: 450 edges 16750 colors_table: () bestIndex: 849 seed: 1153405317
36.71
nthreads: 1 colors: 17 vertices: 450 edges 16750 colors_table: () bestIndex: 521 seed: 1153405355
29.58
nthreads: 1 colors: 16 vertices: 450 edges 16750 colors_table: () bestIndex: 651 seed: 1153405386
31.99
nthreads: 1 colors: 20 vertices: 450 edges 16750 colors_table: () bestIndex: 306 seed: 1153405419
27.16
nthreads: 1 colors: 17 vertices: 450 edges 16750 colors_table: () bestIndex: 1972 seed: 1153405447
42.40
nthreads: 1 colors: 19 vertices: 450 edges 16750 colors_table: () bestIndex: 195 seed: 1153405490
25.86
nthreads: 1 colors: 16 vertices: 450 edges 16750 colors_table: () bestIndex: 1553 seed: 1153405517
42.30
nthreads: 1 colors: 17 vertices: 450 edges 16750 colors_table: () bestIndex: 924 seed: 1153405560
35.21
nthreads: 1 colors: 17 vertices: 450 edges 16750 colors_table: () bestIndex: 306 seed: 1153405597
25.80
nthreads: 1 colors: 16 vertices: 450 edges 16750 colors_table: () bestIndex: 608 seed: 1153405623
31.80
nthreads: 1 colors: 17 vertices: 450 edges 16750 colors_table: () bestIndex: 708 seed: 1153405656
31.76
nthreads: 1 colors: 17 vertices: 450 edges 16750 colors_table: () bestIndex: 239 seed: 1153405689
22.36
nthreads: 1 colors: 16 vertices: 450 edges 16750 colors_table: () bestIndex: 277 seed: 1153405712
26.31
nthreads: 1 colors: 17 vertices: 450 edges 16750 colors_table: () bestIndex: 626 seed: 1153405740
29.78
nthreads: 1 colors: 20 vertices: 450 edges 16750 colors_table: () bestIndex: 74 seed: 1153405771
24.53
nthreads: 1 colors: 16 vertices: 450 edges 16750 colors_table: () bestIndex: 513 seed: 1153405796
28.84
nthreads: 1 colors: 17 vertices: 450 edges 16750 colors_table: () bestIndex: 813 seed: 1153405826
31.67
nthreads: 1 colors: 20 vertices: 450 edges 16750 colors_table: () bestIndex: 1039 seed: 1153405859
38.98
nthreads: 1 colors: 16 vertices: 450 edges 16750 colors_table: () bestIndex: 293 seed: 1153405899
25.59
nthreads: 1 colors: 15 vertices: 450 edges 16750 colors_table: () bestIndex: 1658 seed: 1153405925
44.00
nthreads: 1 colors: 16 vertices: 450 edges 16750 colors_table: () bestIndex: 567 seed: 1153405970
29.48
nthreads: 1 colors: 16 vertices: 450 edges 16750 colors_table: () bestIndex: 1042 seed: 1153406001
38.01
nthreads: 1 colors: 16 vertices: 450 edges 16750 colors_table: () bestIndex: 408 seed: 1153406040
26.64
nthreads: 1 colors: 16 vertices: 450 edges 16750 colors_table: () bestIndex: 992 seed: 1153406067
36.86
nthreads: 1 colors: 20 vertices: 450 edges 16750 colors_table: () bestIndex: 569 seed: 1153406105
32.68
nthreads: 1 colors: 17 vertices: 450 edges 16750 colors_table: () bestIndex: 980 seed: 1153406139
36.61
nthreads: 1 colors: 20 vertices: 450 edges 16750 colors_table: () bestIndex: 298 seed: 1153406177
27.55
nthreads: 1 colors: 21 vertices: 450 edges 16750 colors_table: () bestIndex: 69 seed: 1153406205
23.39
nthreads: 1 colors: 17 vertices: 450 edges 16750 colors_table: () bestIndex: 831 seed: 1153406230
35.35
nthreads: 1 colors: 19 vertices: 450 edges 16750 colors_table: () bestIndex: 476 seed: 1153406266
30.70
nthreads: 1 colors: 20 vertices: 450 edges 16750 colors_table: () bestIndex: 569 seed: 1153406298
32.01
nthreads: 1 colors: 17 vertices: 450 edges 16750 colors_table: () bestIndex: 1141 seed: 1153406331
39.91
nthreads: 1 colors: 16 vertices: 450 edges 16750 colors_table: () bestIndex: 657 seed: 1153406372
32.64
nthreads: 1 colors: 16 vertices: 450 edges 16750 colors_table: () bestIndex: 1985 seed: 1153406405
43.40
