miles250.col.b n_loops: 100 n_threads: 1
Thu Jul 20 15:58:48 EDT 2006 /home/thanhvu/nfs/Classic/1225_SameAsPATCHONLY_w_somechangestoprintSol/log_dir//1153380225/miles250.col.b_1153425528.log
Single cedf232c677ebdd3c298dee92578679f /home/thanhvu/nfs/Classic/1225_SameAsPATCHONLY_w_somechangestoprintSol/a.out
nthreads: 1 colors: 8 vertices: 128 edges 387 colors_table: () bestIndex: 0 seed: 1153425528
0.65
nthreads: 1 colors: 8 vertices: 128 edges 387 colors_table: () bestIndex: 0 seed: 1153425529
0.62
nthreads: 1 colors: 8 vertices: 128 edges 387 colors_table: () bestIndex: 0 seed: 1153425531
0.61
nthreads: 1 colors: 8 vertices: 128 edges 387 colors_table: () bestIndex: 0 seed: 1153425533
0.62
nthreads: 1 colors: 8 vertices: 128 edges 387 colors_table: () bestIndex: 0 seed: 1153425534
0.62
nthreads: 1 colors: 8 vertices: 128 edges 387 colors_table: () bestIndex: 0 seed: 1153425536
0.62
nthreads: 1 colors: 8 vertices: 128 edges 387 colors_table: () bestIndex: 0 seed: 1153425537
0.62
nthreads: 1 colors: 8 vertices: 128 edges 387 colors_table: () bestIndex: 0 seed: 1153425539
0.62
nthreads: 1 colors: 8 vertices: 128 edges 387 colors_table: () bestIndex: 0 seed: 1153425541
0.62
nthreads: 1 colors: 8 vertices: 128 edges 387 colors_table: () bestIndex: 0 seed: 1153425542
0.62
nthreads: 1 colors: 8 vertices: 128 edges 387 colors_table: () bestIndex: 0 seed: 1153425544
0.62
nthreads: 1 colors: 8 vertices: 128 edges 387 colors_table: () bestIndex: 0 seed: 1153425546
0.62
nthreads: 1 colors: 8 vertices: 128 edges 387 colors_table: () bestIndex: 0 seed: 1153425547
0.62
nthreads: 1 colors: 8 vertices: 128 edges 387 colors_table: () bestIndex: 0 seed: 1153425549
0.62
nthreads: 1 colors: 8 vertices: 128 edges 387 colors_table: () bestIndex: 0 seed: 1153425551
0.62
nthreads: 1 colors: 8 vertices: 128 edges 387 colors_table: () bestIndex: 0 seed: 1153425552
0.62
nthreads: 1 colors: 8 vertices: 128 edges 387 colors_table: () bestIndex: 0 seed: 1153425554
0.62
nthreads: 1 colors: 8 vertices: 128 edges 387 colors_table: () bestIndex: 0 seed: 1153425556
0.62
nthreads: 1 colors: 8 vertices: 128 edges 387 colors_table: () bestIndex: 0 seed: 1153425557
0.62
nthreads: 1 colors: 8 vertices: 128 edges 387 colors_table: () bestIndex: 0 seed: 1153425559
0.62
nthreads: 1 colors: 8 vertices: 128 edges 387 colors_table: () bestIndex: 0 seed: 1153425560
0.62
nthreads: 1 colors: 8 vertices: 128 edges 387 colors_table: () bestIndex: 0 seed: 1153425562
0.62
nthreads: 1 colors: 8 vertices: 128 edges 387 colors_table: () bestIndex: 0 seed: 1153425564
0.62
nthreads: 1 colors: 8 vertices: 128 edges 387 colors_table: () bestIndex: 0 seed: 1153425565
0.62
nthreads: 1 colors: 8 vertices: 128 edges 387 colors_table: () bestIndex: 0 seed: 1153425567
0.61
nthreads: 1 colors: 8 vertices: 128 edges 387 colors_table: () bestIndex: 0 seed: 1153425569
0.62
nthreads: 1 colors: 8 vertices: 128 edges 387 colors_table: () bestIndex: 0 seed: 1153425570
0.62
nthreads: 1 colors: 8 vertices: 128 edges 387 colors_table: () bestIndex: 0 seed: 1153425572
0.62
nthreads: 1 colors: 8 vertices: 128 edges 387 colors_table: () bestIndex: 0 seed: 1153425574
0.62
nthreads: 1 colors: 8 vertices: 128 edges 387 colors_table: () bestIndex: 0 seed: 1153425575
0.62
nthreads: 1 colors: 8 vertices: 128 edges 387 colors_table: () bestIndex: 0 seed: 1153425577
0.62
nthreads: 1 colors: 8 vertices: 128 edges 387 colors_table: () bestIndex: 0 seed: 1153425579
0.62
nthreads: 1 colors: 8 vertices: 128 edges 387 colors_table: () bestIndex: 0 seed: 1153425580
0.62
nthreads: 1 colors: 8 vertices: 128 edges 387 colors_table: () bestIndex: 0 seed: 1153425582
0.62
nthreads: 1 colors: 8 vertices: 128 edges 387 colors_table: () bestIndex: 0 seed: 1153425583
0.62
nthreads: 1 colors: 8 vertices: 128 edges 387 colors_table: () bestIndex: 0 seed: 1153425585
0.62
nthreads: 1 colors: 8 vertices: 128 edges 387 colors_table: () bestIndex: 0 seed: 1153425587
0.62
nthreads: 1 colors: 8 vertices: 128 edges 387 colors_table: () bestIndex: 0 seed: 1153425588
0.62
nthreads: 1 colors: 8 vertices: 128 edges 387 colors_table: () bestIndex: 0 seed: 1153425590
0.65
nthreads: 1 colors: 8 vertices: 128 edges 387 colors_table: () bestIndex: 0 seed: 1153425592
0.62
nthreads: 1 colors: 8 vertices: 128 edges 387 colors_table: () bestIndex: 0 seed: 1153425593
0.62
nthreads: 1 colors: 8 vertices: 128 edges 387 colors_table: () bestIndex: 0 seed: 1153425595
0.62
nthreads: 1 colors: 8 vertices: 128 edges 387 colors_table: () bestIndex: 0 seed: 1153425597
0.62
nthreads: 1 colors: 8 vertices: 128 edges 387 colors_table: () bestIndex: 0 seed: 1153425598
0.62
nthreads: 1 colors: 8 vertices: 128 edges 387 colors_table: () bestIndex: 0 seed: 1153425600
0.62
nthreads: 1 colors: 8 vertices: 128 edges 387 colors_table: () bestIndex: 0 seed: 1153425601
0.62
nthreads: 1 colors: 8 vertices: 128 edges 387 colors_table: () bestIndex: 0 seed: 1153425603
0.62
nthreads: 1 colors: 8 vertices: 128 edges 387 colors_table: () bestIndex: 0 seed: 1153425605
0.62
nthreads: 1 colors: 8 vertices: 128 edges 387 colors_table: () bestIndex: 0 seed: 1153425606
0.62
nthreads: 1 colors: 8 vertices: 128 edges 387 colors_table: () bestIndex: 0 seed: 1153425608
0.62
nthreads: 1 colors: 8 vertices: 128 edges 387 colors_table: () bestIndex: 0 seed: 1153425610
0.62
nthreads: 1 colors: 8 vertices: 128 edges 387 colors_table: () bestIndex: 0 seed: 1153425611
0.62
nthreads: 1 colors: 8 vertices: 128 edges 387 colors_table: () bestIndex: 0 seed: 1153425613
0.62
nthreads: 1 colors: 8 vertices: 128 edges 387 colors_table: () bestIndex: 0 seed: 1153425615
0.62
nthreads: 1 colors: 8 vertices: 128 edges 387 colors_table: () bestIndex: 0 seed: 1153425616
0.62
nthreads: 1 colors: 8 vertices: 128 edges 387 colors_table: () bestIndex: 0 seed: 1153425618
0.62
nthreads: 1 colors: 8 vertices: 128 edges 387 colors_table: () bestIndex: 0 seed: 1153425620
0.62
nthreads: 1 colors: 8 vertices: 128 edges 387 colors_table: () bestIndex: 0 seed: 1153425621
0.62
nthreads: 1 colors: 8 vertices: 128 edges 387 colors_table: () bestIndex: 0 seed: 1153425623
0.62
nthreads: 1 colors: 8 vertices: 128 edges 387 colors_table: () bestIndex: 0 seed: 1153425624
0.62
nthreads: 1 colors: 8 vertices: 128 edges 387 colors_table: () bestIndex: 0 seed: 1153425626
0.62
nthreads: 1 colors: 8 vertices: 128 edges 387 colors_table: () bestIndex: 0 seed: 1153425628
0.62
nthreads: 1 colors: 8 vertices: 128 edges 387 colors_table: () bestIndex: 0 seed: 1153425629
0.62
nthreads: 1 colors: 8 vertices: 128 edges 387 colors_table: () bestIndex: 0 seed: 1153425631
0.62
nthreads: 1 colors: 8 vertices: 128 edges 387 colors_table: () bestIndex: 0 seed: 1153425633
0.62
nthreads: 1 colors: 8 vertices: 128 edges 387 colors_table: () bestIndex: 0 seed: 1153425634
0.62
nthreads: 1 colors: 8 vertices: 128 edges 387 colors_table: () bestIndex: 0 seed: 1153425636
0.62
nthreads: 1 colors: 8 vertices: 128 edges 387 colors_table: () bestIndex: 0 seed: 1153425638
0.62
nthreads: 1 colors: 8 vertices: 128 edges 387 colors_table: () bestIndex: 0 seed: 1153425639
0.62
nthreads: 1 colors: 8 vertices: 128 edges 387 colors_table: () bestIndex: 0 seed: 1153425641
0.62
nthreads: 1 colors: 8 vertices: 128 edges 387 colors_table: () bestIndex: 0 seed: 1153425643
0.62
nthreads: 1 colors: 8 vertices: 128 edges 387 colors_table: () bestIndex: 0 seed: 1153425644
0.62
nthreads: 1 colors: 8 vertices: 128 edges 387 colors_table: () bestIndex: 0 seed: 1153425646
0.62
nthreads: 1 colors: 8 vertices: 128 edges 387 colors_table: () bestIndex: 0 seed: 1153425647
0.62
nthreads: 1 colors: 8 vertices: 128 edges 387 colors_table: () bestIndex: 0 seed: 1153425649
0.62
nthreads: 1 colors: 8 vertices: 128 edges 387 colors_table: () bestIndex: 0 seed: 1153425651
0.61
nthreads: 1 colors: 8 vertices: 128 edges 387 colors_table: () bestIndex: 0 seed: 1153425652
0.62
nthreads: 1 colors: 8 vertices: 128 edges 387 colors_table: () bestIndex: 0 seed: 1153425654
0.62
nthreads: 1 colors: 8 vertices: 128 edges 387 colors_table: () bestIndex: 0 seed: 1153425656
0.62
nthreads: 1 colors: 8 vertices: 128 edges 387 colors_table: () bestIndex: 0 seed: 1153425657
0.62
nthreads: 1 colors: 8 vertices: 128 edges 387 colors_table: () bestIndex: 0 seed: 1153425659
0.63
nthreads: 1 colors: 8 vertices: 128 edges 387 colors_table: () bestIndex: 0 seed: 1153425661
0.62
nthreads: 1 colors: 8 vertices: 128 edges 387 colors_table: () bestIndex: 0 seed: 1153425662
0.61
nthreads: 1 colors: 8 vertices: 128 edges 387 colors_table: () bestIndex: 0 seed: 1153425664
0.62
nthreads: 1 colors: 8 vertices: 128 edges 387 colors_table: () bestIndex: 0 seed: 1153425666
0.62
nthreads: 1 colors: 8 vertices: 128 edges 387 colors_table: () bestIndex: 0 seed: 1153425667
0.62
nthreads: 1 colors: 8 vertices: 128 edges 387 colors_table: () bestIndex: 0 seed: 1153425669
0.62
nthreads: 1 colors: 8 vertices: 128 edges 387 colors_table: () bestIndex: 0 seed: 1153425670
0.61
nthreads: 1 colors: 8 vertices: 128 edges 387 colors_table: () bestIndex: 0 seed: 1153425672
0.62
nthreads: 1 colors: 8 vertices: 128 edges 387 colors_table: () bestIndex: 0 seed: 1153425674
0.62
nthreads: 1 colors: 8 vertices: 128 edges 387 colors_table: () bestIndex: 0 seed: 1153425675
0.62
nthreads: 1 colors: 8 vertices: 128 edges 387 colors_table: () bestIndex: 0 seed: 1153425677
0.62
nthreads: 1 colors: 8 vertices: 128 edges 387 colors_table: () bestIndex: 0 seed: 1153425679
0.62
nthreads: 1 colors: 8 vertices: 128 edges 387 colors_table: () bestIndex: 0 seed: 1153425680
0.62
nthreads: 1 colors: 8 vertices: 128 edges 387 colors_table: () bestIndex: 0 seed: 1153425682
0.62
nthreads: 1 colors: 8 vertices: 128 edges 387 colors_table: () bestIndex: 0 seed: 1153425684
0.62
nthreads: 1 colors: 8 vertices: 128 edges 387 colors_table: () bestIndex: 0 seed: 1153425685
0.62
nthreads: 1 colors: 8 vertices: 128 edges 387 colors_table: () bestIndex: 0 seed: 1153425687
0.62
nthreads: 1 colors: 8 vertices: 128 edges 387 colors_table: () bestIndex: 0 seed: 1153425688
0.62
nthreads: 1 colors: 8 vertices: 128 edges 387 colors_table: () bestIndex: 0 seed: 1153425690
0.62
