miles750.col.b n_loops: 100 n_threads: 1
Thu Jul 20 16:05:12 EDT 2006 /home/thanhvu/nfs/Classic/1225_SameAsPATCHONLY_w_somechangestoprintSol/log_dir//1153380225/miles750.col.b_1153425912.log
Single cedf232c677ebdd3c298dee92578679f /home/thanhvu/nfs/Classic/1225_SameAsPATCHONLY_w_somechangestoprintSol/a.out
nthreads: 1 colors: 31 vertices: 128 edges 2113 colors_table: () bestIndex: 181 seed: 1153425912
1.78
nthreads: 1 colors: 31 vertices: 128 edges 2113 colors_table: () bestIndex: 181 seed: 1153425915
1.78
nthreads: 1 colors: 31 vertices: 128 edges 2113 colors_table: () bestIndex: 181 seed: 1153425917
1.79
nthreads: 1 colors: 31 vertices: 128 edges 2113 colors_table: () bestIndex: 181 seed: 1153425920
1.78
nthreads: 1 colors: 31 vertices: 128 edges 2113 colors_table: () bestIndex: 181 seed: 1153425923
1.78
nthreads: 1 colors: 31 vertices: 128 edges 2113 colors_table: () bestIndex: 181 seed: 1153425926
1.79
nthreads: 1 colors: 31 vertices: 128 edges 2113 colors_table: () bestIndex: 181 seed: 1153425929
1.79
nthreads: 1 colors: 31 vertices: 128 edges 2113 colors_table: () bestIndex: 181 seed: 1153425931
1.79
nthreads: 1 colors: 31 vertices: 128 edges 2113 colors_table: () bestIndex: 181 seed: 1153425934
1.78
nthreads: 1 colors: 31 vertices: 128 edges 2113 colors_table: () bestIndex: 181 seed: 1153425937
1.78
nthreads: 1 colors: 31 vertices: 128 edges 2113 colors_table: () bestIndex: 181 seed: 1153425940
1.78
nthreads: 1 colors: 31 vertices: 128 edges 2113 colors_table: () bestIndex: 181 seed: 1153425943
1.78
nthreads: 1 colors: 31 vertices: 128 edges 2113 colors_table: () bestIndex: 181 seed: 1153425945
1.79
nthreads: 1 colors: 31 vertices: 128 edges 2113 colors_table: () bestIndex: 181 seed: 1153425948
1.78
nthreads: 1 colors: 31 vertices: 128 edges 2113 colors_table: () bestIndex: 181 seed: 1153425951
1.78
nthreads: 1 colors: 31 vertices: 128 edges 2113 colors_table: () bestIndex: 181 seed: 1153425954
1.78
nthreads: 1 colors: 31 vertices: 128 edges 2113 colors_table: () bestIndex: 181 seed: 1153425957
1.79
nthreads: 1 colors: 31 vertices: 128 edges 2113 colors_table: () bestIndex: 181 seed: 1153425960
1.79
nthreads: 1 colors: 31 vertices: 128 edges 2113 colors_table: () bestIndex: 181 seed: 1153425962
1.79
nthreads: 1 colors: 31 vertices: 128 edges 2113 colors_table: () bestIndex: 181 seed: 1153425965
1.77
nthreads: 1 colors: 31 vertices: 128 edges 2113 colors_table: () bestIndex: 181 seed: 1153425968
1.78
nthreads: 1 colors: 31 vertices: 128 edges 2113 colors_table: () bestIndex: 181 seed: 1153425971
1.79
nthreads: 1 colors: 31 vertices: 128 edges 2113 colors_table: () bestIndex: 181 seed: 1153425974
1.78
nthreads: 1 colors: 31 vertices: 128 edges 2113 colors_table: () bestIndex: 181 seed: 1153425976
1.78
nthreads: 1 colors: 31 vertices: 128 edges 2113 colors_table: () bestIndex: 181 seed: 1153425979
1.78
nthreads: 1 colors: 31 vertices: 128 edges 2113 colors_table: () bestIndex: 181 seed: 1153425982
1.79
nthreads: 1 colors: 31 vertices: 128 edges 2113 colors_table: () bestIndex: 181 seed: 1153425985
1.78
nthreads: 1 colors: 31 vertices: 128 edges 2113 colors_table: () bestIndex: 181 seed: 1153425988
1.78
nthreads: 1 colors: 31 vertices: 128 edges 2113 colors_table: () bestIndex: 181 seed: 1153425990
1.78
nthreads: 1 colors: 31 vertices: 128 edges 2113 colors_table: () bestIndex: 181 seed: 1153425993
1.79
nthreads: 1 colors: 31 vertices: 128 edges 2113 colors_table: () bestIndex: 181 seed: 1153425996
1.78
nthreads: 1 colors: 31 vertices: 128 edges 2113 colors_table: () bestIndex: 181 seed: 1153425999
1.78
nthreads: 1 colors: 31 vertices: 128 edges 2113 colors_table: () bestIndex: 181 seed: 1153426002
1.79
nthreads: 1 colors: 31 vertices: 128 edges 2113 colors_table: () bestIndex: 181 seed: 1153426004
1.78
nthreads: 1 colors: 31 vertices: 128 edges 2113 colors_table: () bestIndex: 181 seed: 1153426007
1.78
nthreads: 1 colors: 31 vertices: 128 edges 2113 colors_table: () bestIndex: 181 seed: 1153426010
1.78
nthreads: 1 colors: 31 vertices: 128 edges 2113 colors_table: () bestIndex: 181 seed: 1153426013
1.79
nthreads: 1 colors: 31 vertices: 128 edges 2113 colors_table: () bestIndex: 181 seed: 1153426016
1.80
nthreads: 1 colors: 31 vertices: 128 edges 2113 colors_table: () bestIndex: 181 seed: 1153426018
1.78
nthreads: 1 colors: 31 vertices: 128 edges 2113 colors_table: () bestIndex: 181 seed: 1153426021
1.79
nthreads: 1 colors: 31 vertices: 128 edges 2113 colors_table: () bestIndex: 181 seed: 1153426024
1.78
nthreads: 1 colors: 31 vertices: 128 edges 2113 colors_table: () bestIndex: 181 seed: 1153426027
1.78
nthreads: 1 colors: 31 vertices: 128 edges 2113 colors_table: () bestIndex: 181 seed: 1153426030
1.79
nthreads: 1 colors: 31 vertices: 128 edges 2113 colors_table: () bestIndex: 181 seed: 1153426032
1.78
nthreads: 1 colors: 31 vertices: 128 edges 2113 colors_table: () bestIndex: 181 seed: 1153426035
1.79
nthreads: 1 colors: 31 vertices: 128 edges 2113 colors_table: () bestIndex: 181 seed: 1153426038
1.78
nthreads: 1 colors: 31 vertices: 128 edges 2113 colors_table: () bestIndex: 181 seed: 1153426041
1.78
nthreads: 1 colors: 31 vertices: 128 edges 2113 colors_table: () bestIndex: 181 seed: 1153426044
1.78
nthreads: 1 colors: 31 vertices: 128 edges 2113 colors_table: () bestIndex: 181 seed: 1153426046
1.79
nthreads: 1 colors: 31 vertices: 128 edges 2113 colors_table: () bestIndex: 181 seed: 1153426049
1.78
nthreads: 1 colors: 31 vertices: 128 edges 2113 colors_table: () bestIndex: 181 seed: 1153426052
1.78
nthreads: 1 colors: 31 vertices: 128 edges 2113 colors_table: () bestIndex: 181 seed: 1153426055
1.78
nthreads: 1 colors: 31 vertices: 128 edges 2113 colors_table: () bestIndex: 181 seed: 1153426058
1.79
nthreads: 1 colors: 31 vertices: 128 edges 2113 colors_table: () bestIndex: 181 seed: 1153426060
1.78
nthreads: 1 colors: 31 vertices: 128 edges 2113 colors_table: () bestIndex: 181 seed: 1153426063
1.79
nthreads: 1 colors: 31 vertices: 128 edges 2113 colors_table: () bestIndex: 181 seed: 1153426066
1.79
nthreads: 1 colors: 31 vertices: 128 edges 2113 colors_table: () bestIndex: 181 seed: 1153426069
1.78
nthreads: 1 colors: 31 vertices: 128 edges 2113 colors_table: () bestIndex: 181 seed: 1153426072
1.79
nthreads: 1 colors: 31 vertices: 128 edges 2113 colors_table: () bestIndex: 181 seed: 1153426074
1.79
nthreads: 1 colors: 31 vertices: 128 edges 2113 colors_table: () bestIndex: 181 seed: 1153426077
1.79
nthreads: 1 colors: 31 vertices: 128 edges 2113 colors_table: () bestIndex: 181 seed: 1153426080
1.78
nthreads: 1 colors: 31 vertices: 128 edges 2113 colors_table: () bestIndex: 181 seed: 1153426083
1.79
nthreads: 1 colors: 31 vertices: 128 edges 2113 colors_table: () bestIndex: 181 seed: 1153426086
1.78
nthreads: 1 colors: 31 vertices: 128 edges 2113 colors_table: () bestIndex: 181 seed: 1153426089
1.79
nthreads: 1 colors: 31 vertices: 128 edges 2113 colors_table: () bestIndex: 181 seed: 1153426091
1.79
nthreads: 1 colors: 31 vertices: 128 edges 2113 colors_table: () bestIndex: 181 seed: 1153426094
1.78
nthreads: 1 colors: 31 vertices: 128 edges 2113 colors_table: () bestIndex: 181 seed: 1153426097
1.79
nthreads: 1 colors: 31 vertices: 128 edges 2113 colors_table: () bestIndex: 181 seed: 1153426100
1.79
nthreads: 1 colors: 31 vertices: 128 edges 2113 colors_table: () bestIndex: 181 seed: 1153426103
1.78
nthreads: 1 colors: 31 vertices: 128 edges 2113 colors_table: () bestIndex: 181 seed: 1153426105
1.79
nthreads: 1 colors: 31 vertices: 128 edges 2113 colors_table: () bestIndex: 181 seed: 1153426108
1.78
nthreads: 1 colors: 31 vertices: 128 edges 2113 colors_table: () bestIndex: 181 seed: 1153426111
1.78
nthreads: 1 colors: 31 vertices: 128 edges 2113 colors_table: () bestIndex: 181 seed: 1153426114
1.78
nthreads: 1 colors: 31 vertices: 128 edges 2113 colors_table: () bestIndex: 181 seed: 1153426117
1.79
nthreads: 1 colors: 31 vertices: 128 edges 2113 colors_table: () bestIndex: 181 seed: 1153426119
1.79
nthreads: 1 colors: 31 vertices: 128 edges 2113 colors_table: () bestIndex: 181 seed: 1153426122
1.78
nthreads: 1 colors: 31 vertices: 128 edges 2113 colors_table: () bestIndex: 181 seed: 1153426125
1.79
nthreads: 1 colors: 31 vertices: 128 edges 2113 colors_table: () bestIndex: 181 seed: 1153426128
1.80
nthreads: 1 colors: 31 vertices: 128 edges 2113 colors_table: () bestIndex: 181 seed: 1153426131
1.78
nthreads: 1 colors: 31 vertices: 128 edges 2113 colors_table: () bestIndex: 181 seed: 1153426133
1.79
nthreads: 1 colors: 31 vertices: 128 edges 2113 colors_table: () bestIndex: 181 seed: 1153426136
1.78
nthreads: 1 colors: 31 vertices: 128 edges 2113 colors_table: () bestIndex: 181 seed: 1153426139
1.79
nthreads: 1 colors: 31 vertices: 128 edges 2113 colors_table: () bestIndex: 181 seed: 1153426142
1.79
nthreads: 1 colors: 31 vertices: 128 edges 2113 colors_table: () bestIndex: 181 seed: 1153426145
1.78
nthreads: 1 colors: 31 vertices: 128 edges 2113 colors_table: () bestIndex: 181 seed: 1153426147
1.79
nthreads: 1 colors: 31 vertices: 128 edges 2113 colors_table: () bestIndex: 181 seed: 1153426150
1.79
nthreads: 1 colors: 31 vertices: 128 edges 2113 colors_table: () bestIndex: 181 seed: 1153426153
1.79
nthreads: 1 colors: 31 vertices: 128 edges 2113 colors_table: () bestIndex: 181 seed: 1153426156
1.79
nthreads: 1 colors: 31 vertices: 128 edges 2113 colors_table: () bestIndex: 181 seed: 1153426159
1.78
nthreads: 1 colors: 31 vertices: 128 edges 2113 colors_table: () bestIndex: 181 seed: 1153426161
1.79
nthreads: 1 colors: 31 vertices: 128 edges 2113 colors_table: () bestIndex: 181 seed: 1153426164
1.79
nthreads: 1 colors: 31 vertices: 128 edges 2113 colors_table: () bestIndex: 181 seed: 1153426167
1.78
nthreads: 1 colors: 31 vertices: 128 edges 2113 colors_table: () bestIndex: 181 seed: 1153426170
1.78
nthreads: 1 colors: 31 vertices: 128 edges 2113 colors_table: () bestIndex: 181 seed: 1153426173
1.78
nthreads: 1 colors: 31 vertices: 128 edges 2113 colors_table: () bestIndex: 181 seed: 1153426175
1.78
nthreads: 1 colors: 31 vertices: 128 edges 2113 colors_table: () bestIndex: 181 seed: 1153426178
1.77
nthreads: 1 colors: 31 vertices: 128 edges 2113 colors_table: () bestIndex: 185 seed: 1153426181
1.79
nthreads: 1 colors: 31 vertices: 128 edges 2113 colors_table: () bestIndex: 181 seed: 1153426184
1.78
nthreads: 1 colors: 31 vertices: 128 edges 2113 colors_table: () bestIndex: 181 seed: 1153426187
1.79
nthreads: 1 colors: 31 vertices: 128 edges 2113 colors_table: () bestIndex: 181 seed: 1153426189
1.78
