miles1000.col.b n_loops: 100 n_threads: 1
Thu Jul 20 15:44:13 EDT 2006 /home/thanhvu/nfs/Classic/1225_SameAsPATCHONLY_w_somechangestoprintSol/log_dir//1153380225/miles1000.col.b_1153424653.log
Single cedf232c677ebdd3c298dee92578679f /home/thanhvu/nfs/Classic/1225_SameAsPATCHONLY_w_somechangestoprintSol/a.out
nthreads: 1 colors: 42 vertices: 128 edges 3216 colors_table: () bestIndex: 241 seed: 1153424653
2.52
nthreads: 1 colors: 42 vertices: 128 edges 3216 colors_table: () bestIndex: 241 seed: 1153424657
2.52
nthreads: 1 colors: 42 vertices: 128 edges 3216 colors_table: () bestIndex: 241 seed: 1153424660
2.51
nthreads: 1 colors: 42 vertices: 128 edges 3216 colors_table: () bestIndex: 241 seed: 1153424664
2.52
nthreads: 1 colors: 42 vertices: 128 edges 3216 colors_table: () bestIndex: 241 seed: 1153424667
2.52
nthreads: 1 colors: 42 vertices: 128 edges 3216 colors_table: () bestIndex: 241 seed: 1153424671
2.54
nthreads: 1 colors: 42 vertices: 128 edges 3216 colors_table: () bestIndex: 241 seed: 1153424674
2.51
nthreads: 1 colors: 42 vertices: 128 edges 3216 colors_table: () bestIndex: 241 seed: 1153424678
2.52
nthreads: 1 colors: 42 vertices: 128 edges 3216 colors_table: () bestIndex: 241 seed: 1153424681
2.52
nthreads: 1 colors: 42 vertices: 128 edges 3216 colors_table: () bestIndex: 241 seed: 1153424685
2.52
nthreads: 1 colors: 42 vertices: 128 edges 3216 colors_table: () bestIndex: 241 seed: 1153424689
2.52
nthreads: 1 colors: 42 vertices: 128 edges 3216 colors_table: () bestIndex: 241 seed: 1153424692
2.52
nthreads: 1 colors: 42 vertices: 128 edges 3216 colors_table: () bestIndex: 241 seed: 1153424696
2.52
nthreads: 1 colors: 42 vertices: 128 edges 3216 colors_table: () bestIndex: 241 seed: 1153424699
2.52
nthreads: 1 colors: 42 vertices: 128 edges 3216 colors_table: () bestIndex: 241 seed: 1153424703
2.52
nthreads: 1 colors: 42 vertices: 128 edges 3216 colors_table: () bestIndex: 241 seed: 1153424706
2.52
nthreads: 1 colors: 42 vertices: 128 edges 3216 colors_table: () bestIndex: 241 seed: 1153424710
2.52
nthreads: 1 colors: 42 vertices: 128 edges 3216 colors_table: () bestIndex: 241 seed: 1153424713
2.51
nthreads: 1 colors: 42 vertices: 128 edges 3216 colors_table: () bestIndex: 241 seed: 1153424717
2.52
nthreads: 1 colors: 42 vertices: 128 edges 3216 colors_table: () bestIndex: 241 seed: 1153424720
2.52
nthreads: 1 colors: 42 vertices: 128 edges 3216 colors_table: () bestIndex: 241 seed: 1153424724
2.52
nthreads: 1 colors: 42 vertices: 128 edges 3216 colors_table: () bestIndex: 241 seed: 1153424727
2.52
nthreads: 1 colors: 42 vertices: 128 edges 3216 colors_table: () bestIndex: 241 seed: 1153424731
2.52
nthreads: 1 colors: 42 vertices: 128 edges 3216 colors_table: () bestIndex: 241 seed: 1153424735
2.52
nthreads: 1 colors: 42 vertices: 128 edges 3216 colors_table: () bestIndex: 241 seed: 1153424738
2.52
nthreads: 1 colors: 42 vertices: 128 edges 3216 colors_table: () bestIndex: 241 seed: 1153424742
2.52
nthreads: 1 colors: 42 vertices: 128 edges 3216 colors_table: () bestIndex: 241 seed: 1153424745
2.52
nthreads: 1 colors: 42 vertices: 128 edges 3216 colors_table: () bestIndex: 241 seed: 1153424749
2.52
nthreads: 1 colors: 42 vertices: 128 edges 3216 colors_table: () bestIndex: 241 seed: 1153424752
2.52
nthreads: 1 colors: 42 vertices: 128 edges 3216 colors_table: () bestIndex: 241 seed: 1153424756
2.51
nthreads: 1 colors: 42 vertices: 128 edges 3216 colors_table: () bestIndex: 241 seed: 1153424759
2.52
nthreads: 1 colors: 42 vertices: 128 edges 3216 colors_table: () bestIndex: 241 seed: 1153424763
2.52
nthreads: 1 colors: 42 vertices: 128 edges 3216 colors_table: () bestIndex: 241 seed: 1153424766
2.52
nthreads: 1 colors: 42 vertices: 128 edges 3216 colors_table: () bestIndex: 241 seed: 1153424770
2.52
nthreads: 1 colors: 42 vertices: 128 edges 3216 colors_table: () bestIndex: 241 seed: 1153424773
2.52
nthreads: 1 colors: 42 vertices: 128 edges 3216 colors_table: () bestIndex: 241 seed: 1153424777
2.52
nthreads: 1 colors: 42 vertices: 128 edges 3216 colors_table: () bestIndex: 241 seed: 1153424781
2.52
nthreads: 1 colors: 42 vertices: 128 edges 3216 colors_table: () bestIndex: 241 seed: 1153424784
2.54
nthreads: 1 colors: 42 vertices: 128 edges 3216 colors_table: () bestIndex: 241 seed: 1153424788
2.52
nthreads: 1 colors: 42 vertices: 128 edges 3216 colors_table: () bestIndex: 241 seed: 1153424791
2.52
nthreads: 1 colors: 42 vertices: 128 edges 3216 colors_table: () bestIndex: 241 seed: 1153424795
2.52
nthreads: 1 colors: 42 vertices: 128 edges 3216 colors_table: () bestIndex: 241 seed: 1153424798
2.52
nthreads: 1 colors: 42 vertices: 128 edges 3216 colors_table: () bestIndex: 241 seed: 1153424802
2.52
nthreads: 1 colors: 42 vertices: 128 edges 3216 colors_table: () bestIndex: 241 seed: 1153424805
2.52
nthreads: 1 colors: 42 vertices: 128 edges 3216 colors_table: () bestIndex: 243 seed: 1153424809
2.53
nthreads: 1 colors: 42 vertices: 128 edges 3216 colors_table: () bestIndex: 241 seed: 1153424812
2.52
nthreads: 1 colors: 42 vertices: 128 edges 3216 colors_table: () bestIndex: 241 seed: 1153424816
2.52
nthreads: 1 colors: 42 vertices: 128 edges 3216 colors_table: () bestIndex: 241 seed: 1153424820
2.52
nthreads: 1 colors: 42 vertices: 128 edges 3216 colors_table: () bestIndex: 241 seed: 1153424823
2.52
nthreads: 1 colors: 42 vertices: 128 edges 3216 colors_table: () bestIndex: 241 seed: 1153424827
2.52
nthreads: 1 colors: 42 vertices: 128 edges 3216 colors_table: () bestIndex: 241 seed: 1153424830
2.51
nthreads: 1 colors: 42 vertices: 128 edges 3216 colors_table: () bestIndex: 241 seed: 1153424834
2.52
nthreads: 1 colors: 42 vertices: 128 edges 3216 colors_table: () bestIndex: 241 seed: 1153424837
2.52
nthreads: 1 colors: 42 vertices: 128 edges 3216 colors_table: () bestIndex: 241 seed: 1153424841
2.53
nthreads: 1 colors: 42 vertices: 128 edges 3216 colors_table: () bestIndex: 241 seed: 1153424844
2.52
nthreads: 1 colors: 42 vertices: 128 edges 3216 colors_table: () bestIndex: 241 seed: 1153424848
2.52
nthreads: 1 colors: 42 vertices: 128 edges 3216 colors_table: () bestIndex: 241 seed: 1153424851
2.51
nthreads: 1 colors: 42 vertices: 128 edges 3216 colors_table: () bestIndex: 241 seed: 1153424855
2.52
nthreads: 1 colors: 42 vertices: 128 edges 3216 colors_table: () bestIndex: 241 seed: 1153424858
2.52
nthreads: 1 colors: 42 vertices: 128 edges 3216 colors_table: () bestIndex: 241 seed: 1153424862
2.52
nthreads: 1 colors: 42 vertices: 128 edges 3216 colors_table: () bestIndex: 241 seed: 1153424866
2.52
nthreads: 1 colors: 42 vertices: 128 edges 3216 colors_table: () bestIndex: 241 seed: 1153424869
2.52
nthreads: 1 colors: 42 vertices: 128 edges 3216 colors_table: () bestIndex: 246 seed: 1153424873
2.54
nthreads: 1 colors: 42 vertices: 128 edges 3216 colors_table: () bestIndex: 241 seed: 1153424876
2.51
nthreads: 1 colors: 42 vertices: 128 edges 3216 colors_table: () bestIndex: 241 seed: 1153424880
2.52
nthreads: 1 colors: 42 vertices: 128 edges 3216 colors_table: () bestIndex: 241 seed: 1153424883
2.52
nthreads: 1 colors: 42 vertices: 128 edges 3216 colors_table: () bestIndex: 241 seed: 1153424887
2.52
nthreads: 1 colors: 42 vertices: 128 edges 3216 colors_table: () bestIndex: 241 seed: 1153424890
2.52
nthreads: 1 colors: 42 vertices: 128 edges 3216 colors_table: () bestIndex: 241 seed: 1153424894
2.52
nthreads: 1 colors: 42 vertices: 128 edges 3216 colors_table: () bestIndex: 241 seed: 1153424897
2.52
nthreads: 1 colors: 42 vertices: 128 edges 3216 colors_table: () bestIndex: 241 seed: 1153424901
2.52
nthreads: 1 colors: 42 vertices: 128 edges 3216 colors_table: () bestIndex: 241 seed: 1153424904
2.52
nthreads: 1 colors: 42 vertices: 128 edges 3216 colors_table: () bestIndex: 241 seed: 1153424908
2.51
nthreads: 1 colors: 42 vertices: 128 edges 3216 colors_table: () bestIndex: 241 seed: 1153424912
2.52
nthreads: 1 colors: 42 vertices: 128 edges 3216 colors_table: () bestIndex: 241 seed: 1153424915
2.52
nthreads: 1 colors: 42 vertices: 128 edges 3216 colors_table: () bestIndex: 241 seed: 1153424919
2.52
nthreads: 1 colors: 42 vertices: 128 edges 3216 colors_table: () bestIndex: 241 seed: 1153424922
2.52
nthreads: 1 colors: 42 vertices: 128 edges 3216 colors_table: () bestIndex: 241 seed: 1153424926
2.54
nthreads: 1 colors: 42 vertices: 128 edges 3216 colors_table: () bestIndex: 241 seed: 1153424929
2.52
nthreads: 1 colors: 42 vertices: 128 edges 3216 colors_table: () bestIndex: 241 seed: 1153424933
2.52
nthreads: 1 colors: 42 vertices: 128 edges 3216 colors_table: () bestIndex: 241 seed: 1153424936
2.52
nthreads: 1 colors: 42 vertices: 128 edges 3216 colors_table: () bestIndex: 241 seed: 1153424940
2.51
nthreads: 1 colors: 42 vertices: 128 edges 3216 colors_table: () bestIndex: 241 seed: 1153424943
2.52
nthreads: 1 colors: 42 vertices: 128 edges 3216 colors_table: () bestIndex: 241 seed: 1153424947
2.52
nthreads: 1 colors: 42 vertices: 128 edges 3216 colors_table: () bestIndex: 241 seed: 1153424950
2.51
nthreads: 1 colors: 42 vertices: 128 edges 3216 colors_table: () bestIndex: 241 seed: 1153424954
2.52
nthreads: 1 colors: 42 vertices: 128 edges 3216 colors_table: () bestIndex: 241 seed: 1153424958
2.52
nthreads: 1 colors: 42 vertices: 128 edges 3216 colors_table: () bestIndex: 241 seed: 1153424961
2.52
nthreads: 1 colors: 42 vertices: 128 edges 3216 colors_table: () bestIndex: 241 seed: 1153424965
2.52
nthreads: 1 colors: 42 vertices: 128 edges 3216 colors_table: () bestIndex: 241 seed: 1153424968
2.52
nthreads: 1 colors: 42 vertices: 128 edges 3216 colors_table: () bestIndex: 241 seed: 1153424972
2.52
nthreads: 1 colors: 42 vertices: 128 edges 3216 colors_table: () bestIndex: 241 seed: 1153424975
2.52
nthreads: 1 colors: 42 vertices: 128 edges 3216 colors_table: () bestIndex: 241 seed: 1153424979
2.52
nthreads: 1 colors: 42 vertices: 128 edges 3216 colors_table: () bestIndex: 241 seed: 1153424982
2.52
nthreads: 1 colors: 42 vertices: 128 edges 3216 colors_table: () bestIndex: 241 seed: 1153424986
2.52
nthreads: 1 colors: 42 vertices: 128 edges 3216 colors_table: () bestIndex: 241 seed: 1153424989
2.52
nthreads: 1 colors: 42 vertices: 128 edges 3216 colors_table: () bestIndex: 241 seed: 1153424993
2.52
nthreads: 1 colors: 42 vertices: 128 edges 3216 colors_table: () bestIndex: 241 seed: 1153424996
2.52
nthreads: 1 colors: 42 vertices: 128 edges 3216 colors_table: () bestIndex: 241 seed: 1153425000
2.52
nthreads: 1 colors: 42 vertices: 128 edges 3216 colors_table: () bestIndex: 241 seed: 1153425004
2.52
