mug100_25.col.b n_loops: 100 n_threads: 1
Thu Jul 20 14:46:47 EDT 2006 /home/thanhvu/nfs/Classic/1225_SameAsPATCHONLY_w_somechangestoprintSol/log_dir//1153382539/mug100_25.col.b_1153421207.log
Single cedf232c677ebdd3c298dee92578679f /home/thanhvu/nfs/Classic/1225_SameAsPATCHONLY_w_somechangestoprintSol/a.out
nthreads: 1 colors: 4 vertices: 100 edges 166 colors_table: () bestIndex: 0 seed: 1153421207
0.29
nthreads: 1 colors: 4 vertices: 100 edges 166 colors_table: () bestIndex: 0 seed: 1153421209
0.28
nthreads: 1 colors: 4 vertices: 100 edges 166 colors_table: () bestIndex: 0 seed: 1153421210
0.28
nthreads: 1 colors: 4 vertices: 100 edges 166 colors_table: () bestIndex: 0 seed: 1153421211
0.28
nthreads: 1 colors: 4 vertices: 100 edges 166 colors_table: () bestIndex: 0 seed: 1153421213
0.28
nthreads: 1 colors: 4 vertices: 100 edges 166 colors_table: () bestIndex: 0 seed: 1153421214
0.29
nthreads: 1 colors: 4 vertices: 100 edges 166 colors_table: () bestIndex: 0 seed: 1153421215
0.29
nthreads: 1 colors: 4 vertices: 100 edges 166 colors_table: () bestIndex: 0 seed: 1153421217
0.27
nthreads: 1 colors: 4 vertices: 100 edges 166 colors_table: () bestIndex: 0 seed: 1153421218
0.27
nthreads: 1 colors: 4 vertices: 100 edges 166 colors_table: () bestIndex: 0 seed: 1153421219
0.28
nthreads: 1 colors: 4 vertices: 100 edges 166 colors_table: () bestIndex: 0 seed: 1153421221
0.28
nthreads: 1 colors: 4 vertices: 100 edges 166 colors_table: () bestIndex: 0 seed: 1153421222
0.28
nthreads: 1 colors: 4 vertices: 100 edges 166 colors_table: () bestIndex: 0 seed: 1153421223
0.28
nthreads: 1 colors: 4 vertices: 100 edges 166 colors_table: () bestIndex: 0 seed: 1153421225
0.28
nthreads: 1 colors: 4 vertices: 100 edges 166 colors_table: () bestIndex: 0 seed: 1153421226
0.28
nthreads: 1 colors: 4 vertices: 100 edges 166 colors_table: () bestIndex: 0 seed: 1153421227
0.29
nthreads: 1 colors: 4 vertices: 100 edges 166 colors_table: () bestIndex: 0 seed: 1153421229
0.28
nthreads: 1 colors: 4 vertices: 100 edges 166 colors_table: () bestIndex: 0 seed: 1153421230
0.27
nthreads: 1 colors: 4 vertices: 100 edges 166 colors_table: () bestIndex: 0 seed: 1153421231
0.29
nthreads: 1 colors: 4 vertices: 100 edges 166 colors_table: () bestIndex: 0 seed: 1153421233
0.28
nthreads: 1 colors: 4 vertices: 100 edges 166 colors_table: () bestIndex: 0 seed: 1153421234
0.28
nthreads: 1 colors: 4 vertices: 100 edges 166 colors_table: () bestIndex: 0 seed: 1153421235
0.28
nthreads: 1 colors: 4 vertices: 100 edges 166 colors_table: () bestIndex: 0 seed: 1153421236
0.28
nthreads: 1 colors: 4 vertices: 100 edges 166 colors_table: () bestIndex: 0 seed: 1153421238
0.28
nthreads: 1 colors: 4 vertices: 100 edges 166 colors_table: () bestIndex: 0 seed: 1153421239
0.28
nthreads: 1 colors: 4 vertices: 100 edges 166 colors_table: () bestIndex: 0 seed: 1153421240
0.28
nthreads: 1 colors: 4 vertices: 100 edges 166 colors_table: () bestIndex: 0 seed: 1153421242
0.27
nthreads: 1 colors: 4 vertices: 100 edges 166 colors_table: () bestIndex: 0 seed: 1153421243
0.28
nthreads: 1 colors: 4 vertices: 100 edges 166 colors_table: () bestIndex: 0 seed: 1153421244
0.28
nthreads: 1 colors: 4 vertices: 100 edges 166 colors_table: () bestIndex: 0 seed: 1153421246
0.29
nthreads: 1 colors: 4 vertices: 100 edges 166 colors_table: () bestIndex: 0 seed: 1153421247
0.28
nthreads: 1 colors: 4 vertices: 100 edges 166 colors_table: () bestIndex: 0 seed: 1153421248
0.28
nthreads: 1 colors: 4 vertices: 100 edges 166 colors_table: () bestIndex: 0 seed: 1153421250
0.27
nthreads: 1 colors: 4 vertices: 100 edges 166 colors_table: () bestIndex: 0 seed: 1153421251
0.27
nthreads: 1 colors: 4 vertices: 100 edges 166 colors_table: () bestIndex: 0 seed: 1153421252
0.28
nthreads: 1 colors: 4 vertices: 100 edges 166 colors_table: () bestIndex: 0 seed: 1153421254
0.28
nthreads: 1 colors: 4 vertices: 100 edges 166 colors_table: () bestIndex: 0 seed: 1153421255
0.28
nthreads: 1 colors: 4 vertices: 100 edges 166 colors_table: () bestIndex: 0 seed: 1153421256
0.28
nthreads: 1 colors: 4 vertices: 100 edges 166 colors_table: () bestIndex: 0 seed: 1153421258
0.29
nthreads: 1 colors: 4 vertices: 100 edges 166 colors_table: () bestIndex: 0 seed: 1153421259
0.29
nthreads: 1 colors: 4 vertices: 100 edges 166 colors_table: () bestIndex: 0 seed: 1153421260
0.28
nthreads: 1 colors: 4 vertices: 100 edges 166 colors_table: () bestIndex: 0 seed: 1153421262
0.29
nthreads: 1 colors: 4 vertices: 100 edges 166 colors_table: () bestIndex: 0 seed: 1153421263
0.28
nthreads: 1 colors: 4 vertices: 100 edges 166 colors_table: () bestIndex: 0 seed: 1153421264
0.29
nthreads: 1 colors: 4 vertices: 100 edges 166 colors_table: () bestIndex: 0 seed: 1153421266
0.28
nthreads: 1 colors: 4 vertices: 100 edges 166 colors_table: () bestIndex: 0 seed: 1153421267
0.28
nthreads: 1 colors: 4 vertices: 100 edges 166 colors_table: () bestIndex: 0 seed: 1153421268
0.27
nthreads: 1 colors: 4 vertices: 100 edges 166 colors_table: () bestIndex: 0 seed: 1153421269
0.28
nthreads: 1 colors: 4 vertices: 100 edges 166 colors_table: () bestIndex: 0 seed: 1153421271
0.28
nthreads: 1 colors: 4 vertices: 100 edges 166 colors_table: () bestIndex: 0 seed: 1153421272
0.28
nthreads: 1 colors: 4 vertices: 100 edges 166 colors_table: () bestIndex: 0 seed: 1153421273
0.28
nthreads: 1 colors: 4 vertices: 100 edges 166 colors_table: () bestIndex: 0 seed: 1153421275
0.27
nthreads: 1 colors: 4 vertices: 100 edges 166 colors_table: () bestIndex: 0 seed: 1153421276
0.28
nthreads: 1 colors: 4 vertices: 100 edges 166 colors_table: () bestIndex: 0 seed: 1153421277
0.28
nthreads: 1 colors: 4 vertices: 100 edges 166 colors_table: () bestIndex: 0 seed: 1153421279
0.27
nthreads: 1 colors: 4 vertices: 100 edges 166 colors_table: () bestIndex: 0 seed: 1153421280
0.28
nthreads: 1 colors: 4 vertices: 100 edges 166 colors_table: () bestIndex: 0 seed: 1153421281
0.28
nthreads: 1 colors: 4 vertices: 100 edges 166 colors_table: () bestIndex: 0 seed: 1153421283
0.29
nthreads: 1 colors: 4 vertices: 100 edges 166 colors_table: () bestIndex: 0 seed: 1153421284
0.27
nthreads: 1 colors: 4 vertices: 100 edges 166 colors_table: () bestIndex: 0 seed: 1153421285
0.27
nthreads: 1 colors: 4 vertices: 100 edges 166 colors_table: () bestIndex: 0 seed: 1153421287
0.28
nthreads: 1 colors: 4 vertices: 100 edges 166 colors_table: () bestIndex: 0 seed: 1153421288
0.28
nthreads: 1 colors: 4 vertices: 100 edges 166 colors_table: () bestIndex: 0 seed: 1153421289
0.29
nthreads: 1 colors: 4 vertices: 100 edges 166 colors_table: () bestIndex: 0 seed: 1153421291
0.28
nthreads: 1 colors: 4 vertices: 100 edges 166 colors_table: () bestIndex: 0 seed: 1153421292
0.28
nthreads: 1 colors: 4 vertices: 100 edges 166 colors_table: () bestIndex: 0 seed: 1153421293
0.28
nthreads: 1 colors: 4 vertices: 100 edges 166 colors_table: () bestIndex: 0 seed: 1153421295
0.28
nthreads: 1 colors: 4 vertices: 100 edges 166 colors_table: () bestIndex: 0 seed: 1153421296
0.28
nthreads: 1 colors: 4 vertices: 100 edges 166 colors_table: () bestIndex: 0 seed: 1153421297
0.27
nthreads: 1 colors: 4 vertices: 100 edges 166 colors_table: () bestIndex: 0 seed: 1153421298
0.28
nthreads: 1 colors: 4 vertices: 100 edges 166 colors_table: () bestIndex: 0 seed: 1153421300
0.28
nthreads: 1 colors: 4 vertices: 100 edges 166 colors_table: () bestIndex: 0 seed: 1153421301
0.28
nthreads: 1 colors: 4 vertices: 100 edges 166 colors_table: () bestIndex: 0 seed: 1153421302
0.28
nthreads: 1 colors: 4 vertices: 100 edges 166 colors_table: () bestIndex: 0 seed: 1153421304
0.28
nthreads: 1 colors: 4 vertices: 100 edges 166 colors_table: () bestIndex: 0 seed: 1153421305
0.27
nthreads: 1 colors: 4 vertices: 100 edges 166 colors_table: () bestIndex: 0 seed: 1153421306
0.28
nthreads: 1 colors: 4 vertices: 100 edges 166 colors_table: () bestIndex: 0 seed: 1153421308
0.29
nthreads: 1 colors: 4 vertices: 100 edges 166 colors_table: () bestIndex: 0 seed: 1153421309
0.28
nthreads: 1 colors: 4 vertices: 100 edges 166 colors_table: () bestIndex: 0 seed: 1153421310
0.28
nthreads: 1 colors: 4 vertices: 100 edges 166 colors_table: () bestIndex: 0 seed: 1153421312
0.28
nthreads: 1 colors: 4 vertices: 100 edges 166 colors_table: () bestIndex: 0 seed: 1153421313
0.30
nthreads: 1 colors: 4 vertices: 100 edges 166 colors_table: () bestIndex: 0 seed: 1153421314
0.28
nthreads: 1 colors: 4 vertices: 100 edges 166 colors_table: () bestIndex: 0 seed: 1153421316
0.28
nthreads: 1 colors: 4 vertices: 100 edges 166 colors_table: () bestIndex: 0 seed: 1153421317
0.28
nthreads: 1 colors: 4 vertices: 100 edges 166 colors_table: () bestIndex: 0 seed: 1153421318
0.28
nthreads: 1 colors: 4 vertices: 100 edges 166 colors_table: () bestIndex: 0 seed: 1153421320
0.27
nthreads: 1 colors: 4 vertices: 100 edges 166 colors_table: () bestIndex: 0 seed: 1153421321
0.29
nthreads: 1 colors: 4 vertices: 100 edges 166 colors_table: () bestIndex: 0 seed: 1153421322
0.28
nthreads: 1 colors: 4 vertices: 100 edges 166 colors_table: () bestIndex: 0 seed: 1153421324
0.28
nthreads: 1 colors: 4 vertices: 100 edges 166 colors_table: () bestIndex: 0 seed: 1153421325
0.29
nthreads: 1 colors: 4 vertices: 100 edges 166 colors_table: () bestIndex: 0 seed: 1153421326
0.28
nthreads: 1 colors: 4 vertices: 100 edges 166 colors_table: () bestIndex: 0 seed: 1153421328
0.28
nthreads: 1 colors: 4 vertices: 100 edges 166 colors_table: () bestIndex: 0 seed: 1153421329
0.28
nthreads: 1 colors: 4 vertices: 100 edges 166 colors_table: () bestIndex: 0 seed: 1153421330
0.28
nthreads: 1 colors: 4 vertices: 100 edges 166 colors_table: () bestIndex: 0 seed: 1153421331
0.28
nthreads: 1 colors: 4 vertices: 100 edges 166 colors_table: () bestIndex: 0 seed: 1153421333
0.28
nthreads: 1 colors: 4 vertices: 100 edges 166 colors_table: () bestIndex: 0 seed: 1153421334
0.27
nthreads: 1 colors: 4 vertices: 100 edges 166 colors_table: () bestIndex: 0 seed: 1153421335
0.28
nthreads: 1 colors: 4 vertices: 100 edges 166 colors_table: () bestIndex: 0 seed: 1153421337
0.28
nthreads: 1 colors: 4 vertices: 100 edges 166 colors_table: () bestIndex: 0 seed: 1153421338
0.27
