mug88_1.col.b n_loops: 100 n_threads: 1
Thu Jul 20 14:48:59 EDT 2006 /home/thanhvu/nfs/Classic/1225_SameAsPATCHONLY_w_somechangestoprintSol/log_dir//1153382539/mug88_1.col.b_1153421339.log
Single cedf232c677ebdd3c298dee92578679f /home/thanhvu/nfs/Classic/1225_SameAsPATCHONLY_w_somechangestoprintSol/a.out
nthreads: 1 colors: 4 vertices: 88 edges 146 colors_table: () bestIndex: 0 seed: 1153421340
0.21
nthreads: 1 colors: 4 vertices: 88 edges 146 colors_table: () bestIndex: 0 seed: 1153421341
0.19
nthreads: 1 colors: 4 vertices: 88 edges 146 colors_table: () bestIndex: 0 seed: 1153421342
0.20
nthreads: 1 colors: 4 vertices: 88 edges 146 colors_table: () bestIndex: 0 seed: 1153421343
0.19
nthreads: 1 colors: 4 vertices: 88 edges 146 colors_table: () bestIndex: 0 seed: 1153421344
0.19
nthreads: 1 colors: 4 vertices: 88 edges 146 colors_table: () bestIndex: 0 seed: 1153421346
0.19
nthreads: 1 colors: 4 vertices: 88 edges 146 colors_table: () bestIndex: 0 seed: 1153421347
0.20
nthreads: 1 colors: 4 vertices: 88 edges 146 colors_table: () bestIndex: 0 seed: 1153421348
0.20
nthreads: 1 colors: 4 vertices: 88 edges 146 colors_table: () bestIndex: 0 seed: 1153421349
0.20
nthreads: 1 colors: 4 vertices: 88 edges 146 colors_table: () bestIndex: 0 seed: 1153421351
0.19
nthreads: 1 colors: 4 vertices: 88 edges 146 colors_table: () bestIndex: 0 seed: 1153421352
0.20
nthreads: 1 colors: 4 vertices: 88 edges 146 colors_table: () bestIndex: 0 seed: 1153421353
0.19
nthreads: 1 colors: 4 vertices: 88 edges 146 colors_table: () bestIndex: 0 seed: 1153421354
0.20
nthreads: 1 colors: 4 vertices: 88 edges 146 colors_table: () bestIndex: 0 seed: 1153421356
0.20
nthreads: 1 colors: 4 vertices: 88 edges 146 colors_table: () bestIndex: 0 seed: 1153421357
0.20
nthreads: 1 colors: 4 vertices: 88 edges 146 colors_table: () bestIndex: 0 seed: 1153421358
0.20
nthreads: 1 colors: 4 vertices: 88 edges 146 colors_table: () bestIndex: 0 seed: 1153421359
0.20
nthreads: 1 colors: 4 vertices: 88 edges 146 colors_table: () bestIndex: 0 seed: 1153421361
0.19
nthreads: 1 colors: 4 vertices: 88 edges 146 colors_table: () bestIndex: 0 seed: 1153421362
0.19
nthreads: 1 colors: 4 vertices: 88 edges 146 colors_table: () bestIndex: 0 seed: 1153421363
0.19
nthreads: 1 colors: 4 vertices: 88 edges 146 colors_table: () bestIndex: 0 seed: 1153421364
0.19
nthreads: 1 colors: 4 vertices: 88 edges 146 colors_table: () bestIndex: 0 seed: 1153421365
0.19
nthreads: 1 colors: 4 vertices: 88 edges 146 colors_table: () bestIndex: 0 seed: 1153421367
0.20
nthreads: 1 colors: 4 vertices: 88 edges 146 colors_table: () bestIndex: 0 seed: 1153421368
0.22
nthreads: 1 colors: 4 vertices: 88 edges 146 colors_table: () bestIndex: 0 seed: 1153421369
0.19
nthreads: 1 colors: 4 vertices: 88 edges 146 colors_table: () bestIndex: 0 seed: 1153421370
0.20
nthreads: 1 colors: 4 vertices: 88 edges 146 colors_table: () bestIndex: 0 seed: 1153421372
0.20
nthreads: 1 colors: 4 vertices: 88 edges 146 colors_table: () bestIndex: 0 seed: 1153421373
0.19
nthreads: 1 colors: 4 vertices: 88 edges 146 colors_table: () bestIndex: 0 seed: 1153421374
0.19
nthreads: 1 colors: 4 vertices: 88 edges 146 colors_table: () bestIndex: 0 seed: 1153421375
0.20
nthreads: 1 colors: 4 vertices: 88 edges 146 colors_table: () bestIndex: 0 seed: 1153421377
0.19
nthreads: 1 colors: 4 vertices: 88 edges 146 colors_table: () bestIndex: 0 seed: 1153421378
0.19
nthreads: 1 colors: 4 vertices: 88 edges 146 colors_table: () bestIndex: 0 seed: 1153421379
0.19
nthreads: 1 colors: 4 vertices: 88 edges 146 colors_table: () bestIndex: 0 seed: 1153421380
0.19
nthreads: 1 colors: 4 vertices: 88 edges 146 colors_table: () bestIndex: 0 seed: 1153421381
0.20
nthreads: 1 colors: 4 vertices: 88 edges 146 colors_table: () bestIndex: 0 seed: 1153421383
0.19
nthreads: 1 colors: 4 vertices: 88 edges 146 colors_table: () bestIndex: 0 seed: 1153421384
0.20
nthreads: 1 colors: 4 vertices: 88 edges 146 colors_table: () bestIndex: 0 seed: 1153421385
0.20
nthreads: 1 colors: 4 vertices: 88 edges 146 colors_table: () bestIndex: 0 seed: 1153421386
0.20
nthreads: 1 colors: 4 vertices: 88 edges 146 colors_table: () bestIndex: 0 seed: 1153421388
0.21
nthreads: 1 colors: 4 vertices: 88 edges 146 colors_table: () bestIndex: 0 seed: 1153421389
0.20
nthreads: 1 colors: 4 vertices: 88 edges 146 colors_table: () bestIndex: 0 seed: 1153421390
0.19
nthreads: 1 colors: 4 vertices: 88 edges 146 colors_table: () bestIndex: 0 seed: 1153421391
0.20
nthreads: 1 colors: 4 vertices: 88 edges 146 colors_table: () bestIndex: 0 seed: 1153421393
0.19
nthreads: 1 colors: 4 vertices: 88 edges 146 colors_table: () bestIndex: 0 seed: 1153421394
0.20
nthreads: 1 colors: 4 vertices: 88 edges 146 colors_table: () bestIndex: 0 seed: 1153421395
0.19
nthreads: 1 colors: 4 vertices: 88 edges 146 colors_table: () bestIndex: 0 seed: 1153421396
0.20
nthreads: 1 colors: 4 vertices: 88 edges 146 colors_table: () bestIndex: 0 seed: 1153421398
0.20
nthreads: 1 colors: 4 vertices: 88 edges 146 colors_table: () bestIndex: 0 seed: 1153421399
0.20
nthreads: 1 colors: 4 vertices: 88 edges 146 colors_table: () bestIndex: 0 seed: 1153421400
0.20
nthreads: 1 colors: 4 vertices: 88 edges 146 colors_table: () bestIndex: 0 seed: 1153421401
0.19
nthreads: 1 colors: 4 vertices: 88 edges 146 colors_table: () bestIndex: 0 seed: 1153421402
0.19
nthreads: 1 colors: 4 vertices: 88 edges 146 colors_table: () bestIndex: 0 seed: 1153421404
0.20
nthreads: 1 colors: 4 vertices: 88 edges 146 colors_table: () bestIndex: 0 seed: 1153421405
0.20
nthreads: 1 colors: 4 vertices: 88 edges 146 colors_table: () bestIndex: 0 seed: 1153421406
0.19
nthreads: 1 colors: 4 vertices: 88 edges 146 colors_table: () bestIndex: 0 seed: 1153421407
0.19
nthreads: 1 colors: 4 vertices: 88 edges 146 colors_table: () bestIndex: 0 seed: 1153421409
0.20
nthreads: 1 colors: 4 vertices: 88 edges 146 colors_table: () bestIndex: 0 seed: 1153421410
0.19
nthreads: 1 colors: 4 vertices: 88 edges 146 colors_table: () bestIndex: 0 seed: 1153421411
0.20
nthreads: 1 colors: 4 vertices: 88 edges 146 colors_table: () bestIndex: 0 seed: 1153421412
0.20
nthreads: 1 colors: 4 vertices: 88 edges 146 colors_table: () bestIndex: 0 seed: 1153421414
0.19
nthreads: 1 colors: 4 vertices: 88 edges 146 colors_table: () bestIndex: 0 seed: 1153421415
0.20
nthreads: 1 colors: 4 vertices: 88 edges 146 colors_table: () bestIndex: 0 seed: 1153421416
0.19
nthreads: 1 colors: 4 vertices: 88 edges 146 colors_table: () bestIndex: 0 seed: 1153421417
0.20
nthreads: 1 colors: 4 vertices: 88 edges 146 colors_table: () bestIndex: 0 seed: 1153421419
0.19
nthreads: 1 colors: 4 vertices: 88 edges 146 colors_table: () bestIndex: 0 seed: 1153421420
0.19
nthreads: 1 colors: 4 vertices: 88 edges 146 colors_table: () bestIndex: 0 seed: 1153421421
0.19
nthreads: 1 colors: 4 vertices: 88 edges 146 colors_table: () bestIndex: 0 seed: 1153421422
0.19
nthreads: 1 colors: 4 vertices: 88 edges 146 colors_table: () bestIndex: 0 seed: 1153421423
0.19
nthreads: 1 colors: 4 vertices: 88 edges 146 colors_table: () bestIndex: 0 seed: 1153421425
0.19
nthreads: 1 colors: 4 vertices: 88 edges 146 colors_table: () bestIndex: 0 seed: 1153421426
0.19
nthreads: 1 colors: 4 vertices: 88 edges 146 colors_table: () bestIndex: 0 seed: 1153421427
0.20
nthreads: 1 colors: 4 vertices: 88 edges 146 colors_table: () bestIndex: 0 seed: 1153421428
0.19
nthreads: 1 colors: 4 vertices: 88 edges 146 colors_table: () bestIndex: 0 seed: 1153421430
0.20
nthreads: 1 colors: 4 vertices: 88 edges 146 colors_table: () bestIndex: 0 seed: 1153421431
0.19
nthreads: 1 colors: 4 vertices: 88 edges 146 colors_table: () bestIndex: 0 seed: 1153421432
0.20
nthreads: 1 colors: 4 vertices: 88 edges 146 colors_table: () bestIndex: 0 seed: 1153421433
0.19
nthreads: 1 colors: 4 vertices: 88 edges 146 colors_table: () bestIndex: 0 seed: 1153421435
0.20
nthreads: 1 colors: 4 vertices: 88 edges 146 colors_table: () bestIndex: 0 seed: 1153421436
0.20
nthreads: 1 colors: 4 vertices: 88 edges 146 colors_table: () bestIndex: 0 seed: 1153421437
0.19
nthreads: 1 colors: 4 vertices: 88 edges 146 colors_table: () bestIndex: 0 seed: 1153421438
0.19
nthreads: 1 colors: 4 vertices: 88 edges 146 colors_table: () bestIndex: 0 seed: 1153421439
0.21
nthreads: 1 colors: 4 vertices: 88 edges 146 colors_table: () bestIndex: 0 seed: 1153421441
0.20
nthreads: 1 colors: 4 vertices: 88 edges 146 colors_table: () bestIndex: 0 seed: 1153421442
0.19
nthreads: 1 colors: 4 vertices: 88 edges 146 colors_table: () bestIndex: 0 seed: 1153421443
0.19
nthreads: 1 colors: 4 vertices: 88 edges 146 colors_table: () bestIndex: 0 seed: 1153421444
0.19
nthreads: 1 colors: 4 vertices: 88 edges 146 colors_table: () bestIndex: 0 seed: 1153421446
0.20
nthreads: 1 colors: 4 vertices: 88 edges 146 colors_table: () bestIndex: 0 seed: 1153421447
0.20
nthreads: 1 colors: 4 vertices: 88 edges 146 colors_table: () bestIndex: 0 seed: 1153421448
0.19
nthreads: 1 colors: 4 vertices: 88 edges 146 colors_table: () bestIndex: 0 seed: 1153421449
0.20
nthreads: 1 colors: 4 vertices: 88 edges 146 colors_table: () bestIndex: 0 seed: 1153421451
0.20
nthreads: 1 colors: 4 vertices: 88 edges 146 colors_table: () bestIndex: 0 seed: 1153421452
0.19
nthreads: 1 colors: 4 vertices: 88 edges 146 colors_table: () bestIndex: 0 seed: 1153421453
0.19
nthreads: 1 colors: 4 vertices: 88 edges 146 colors_table: () bestIndex: 0 seed: 1153421454
0.20
nthreads: 1 colors: 4 vertices: 88 edges 146 colors_table: () bestIndex: 0 seed: 1153421455
0.19
nthreads: 1 colors: 4 vertices: 88 edges 146 colors_table: () bestIndex: 0 seed: 1153421457
0.20
nthreads: 1 colors: 4 vertices: 88 edges 146 colors_table: () bestIndex: 0 seed: 1153421458
0.19
nthreads: 1 colors: 4 vertices: 88 edges 146 colors_table: () bestIndex: 0 seed: 1153421459
0.19
nthreads: 1 colors: 4 vertices: 88 edges 146 colors_table: () bestIndex: 0 seed: 1153421460
0.20
nthreads: 1 colors: 4 vertices: 88 edges 146 colors_table: () bestIndex: 0 seed: 1153421462
0.19
