mug88_25.col.b n_loops: 100 n_threads: 1
Thu Jul 20 14:51:03 EDT 2006 /home/thanhvu/nfs/Classic/1225_SameAsPATCHONLY_w_somechangestoprintSol/log_dir//1153382539/mug88_25.col.b_1153421463.log
Single cedf232c677ebdd3c298dee92578679f /home/thanhvu/nfs/Classic/1225_SameAsPATCHONLY_w_somechangestoprintSol/a.out
nthreads: 1 colors: 4 vertices: 88 edges 146 colors_table: () bestIndex: 0 seed: 1153421463
0.20
nthreads: 1 colors: 4 vertices: 88 edges 146 colors_table: () bestIndex: 0 seed: 1153421464
0.19
nthreads: 1 colors: 4 vertices: 88 edges 146 colors_table: () bestIndex: 0 seed: 1153421466
0.19
nthreads: 1 colors: 4 vertices: 88 edges 146 colors_table: () bestIndex: 0 seed: 1153421467
0.19
nthreads: 1 colors: 4 vertices: 88 edges 146 colors_table: () bestIndex: 0 seed: 1153421468
0.19
nthreads: 1 colors: 4 vertices: 88 edges 146 colors_table: () bestIndex: 0 seed: 1153421469
0.19
nthreads: 1 colors: 4 vertices: 88 edges 146 colors_table: () bestIndex: 0 seed: 1153421470
0.20
nthreads: 1 colors: 4 vertices: 88 edges 146 colors_table: () bestIndex: 0 seed: 1153421472
0.19
nthreads: 1 colors: 4 vertices: 88 edges 146 colors_table: () bestIndex: 0 seed: 1153421473
0.19
nthreads: 1 colors: 4 vertices: 88 edges 146 colors_table: () bestIndex: 0 seed: 1153421474
0.19
nthreads: 1 colors: 4 vertices: 88 edges 146 colors_table: () bestIndex: 0 seed: 1153421475
0.20
nthreads: 1 colors: 4 vertices: 88 edges 146 colors_table: () bestIndex: 0 seed: 1153421477
0.20
nthreads: 1 colors: 4 vertices: 88 edges 146 colors_table: () bestIndex: 0 seed: 1153421478
0.19
nthreads: 1 colors: 4 vertices: 88 edges 146 colors_table: () bestIndex: 0 seed: 1153421479
0.19
nthreads: 1 colors: 4 vertices: 88 edges 146 colors_table: () bestIndex: 0 seed: 1153421480
0.20
nthreads: 1 colors: 4 vertices: 88 edges 146 colors_table: () bestIndex: 0 seed: 1153421482
0.19
nthreads: 1 colors: 4 vertices: 88 edges 146 colors_table: () bestIndex: 0 seed: 1153421483
0.19
nthreads: 1 colors: 4 vertices: 88 edges 146 colors_table: () bestIndex: 0 seed: 1153421484
0.20
nthreads: 1 colors: 4 vertices: 88 edges 146 colors_table: () bestIndex: 0 seed: 1153421485
0.19
nthreads: 1 colors: 4 vertices: 88 edges 146 colors_table: () bestIndex: 0 seed: 1153421486
0.20
nthreads: 1 colors: 4 vertices: 88 edges 146 colors_table: () bestIndex: 0 seed: 1153421488
0.20
nthreads: 1 colors: 4 vertices: 88 edges 146 colors_table: () bestIndex: 0 seed: 1153421489
0.20
nthreads: 1 colors: 4 vertices: 88 edges 146 colors_table: () bestIndex: 0 seed: 1153421490
0.20
nthreads: 1 colors: 4 vertices: 88 edges 146 colors_table: () bestIndex: 0 seed: 1153421491
0.20
nthreads: 1 colors: 4 vertices: 88 edges 146 colors_table: () bestIndex: 0 seed: 1153421493
0.19
nthreads: 1 colors: 4 vertices: 88 edges 146 colors_table: () bestIndex: 0 seed: 1153421494
0.19
nthreads: 1 colors: 4 vertices: 88 edges 146 colors_table: () bestIndex: 0 seed: 1153421495
0.20
nthreads: 1 colors: 4 vertices: 88 edges 146 colors_table: () bestIndex: 0 seed: 1153421496
0.19
nthreads: 1 colors: 4 vertices: 88 edges 146 colors_table: () bestIndex: 0 seed: 1153421498
0.19
nthreads: 1 colors: 4 vertices: 88 edges 146 colors_table: () bestIndex: 0 seed: 1153421499
0.19
nthreads: 1 colors: 4 vertices: 88 edges 146 colors_table: () bestIndex: 0 seed: 1153421500
0.19
nthreads: 1 colors: 4 vertices: 88 edges 146 colors_table: () bestIndex: 0 seed: 1153421501
0.20
nthreads: 1 colors: 4 vertices: 88 edges 146 colors_table: () bestIndex: 0 seed: 1153421502
0.19
nthreads: 1 colors: 4 vertices: 88 edges 146 colors_table: () bestIndex: 0 seed: 1153421504
0.20
nthreads: 1 colors: 4 vertices: 88 edges 146 colors_table: () bestIndex: 0 seed: 1153421505
0.20
nthreads: 1 colors: 4 vertices: 88 edges 146 colors_table: () bestIndex: 0 seed: 1153421506
0.19
nthreads: 1 colors: 4 vertices: 88 edges 146 colors_table: () bestIndex: 0 seed: 1153421507
0.20
nthreads: 1 colors: 4 vertices: 88 edges 146 colors_table: () bestIndex: 0 seed: 1153421509
0.19
nthreads: 1 colors: 4 vertices: 88 edges 146 colors_table: () bestIndex: 0 seed: 1153421510
0.20
nthreads: 1 colors: 4 vertices: 88 edges 146 colors_table: () bestIndex: 0 seed: 1153421511
0.21
nthreads: 1 colors: 4 vertices: 88 edges 146 colors_table: () bestIndex: 0 seed: 1153421512
0.19
nthreads: 1 colors: 4 vertices: 88 edges 146 colors_table: () bestIndex: 0 seed: 1153421514
0.19
nthreads: 1 colors: 4 vertices: 88 edges 146 colors_table: () bestIndex: 0 seed: 1153421515
0.20
nthreads: 1 colors: 4 vertices: 88 edges 146 colors_table: () bestIndex: 0 seed: 1153421516
0.19
nthreads: 1 colors: 4 vertices: 88 edges 146 colors_table: () bestIndex: 0 seed: 1153421517
0.19
nthreads: 1 colors: 4 vertices: 88 edges 146 colors_table: () bestIndex: 0 seed: 1153421519
0.20
nthreads: 1 colors: 4 vertices: 88 edges 146 colors_table: () bestIndex: 0 seed: 1153421520
0.20
nthreads: 1 colors: 4 vertices: 88 edges 146 colors_table: () bestIndex: 0 seed: 1153421521
0.20
nthreads: 1 colors: 4 vertices: 88 edges 146 colors_table: () bestIndex: 0 seed: 1153421522
0.20
nthreads: 1 colors: 4 vertices: 88 edges 146 colors_table: () bestIndex: 0 seed: 1153421523
0.19
nthreads: 1 colors: 4 vertices: 88 edges 146 colors_table: () bestIndex: 0 seed: 1153421525
0.20
nthreads: 1 colors: 4 vertices: 88 edges 146 colors_table: () bestIndex: 0 seed: 1153421526
0.19
nthreads: 1 colors: 4 vertices: 88 edges 146 colors_table: () bestIndex: 0 seed: 1153421527
0.19
nthreads: 1 colors: 4 vertices: 88 edges 146 colors_table: () bestIndex: 0 seed: 1153421528
0.19
nthreads: 1 colors: 4 vertices: 88 edges 146 colors_table: () bestIndex: 0 seed: 1153421530
0.19
nthreads: 1 colors: 4 vertices: 88 edges 146 colors_table: () bestIndex: 0 seed: 1153421531
0.19
nthreads: 1 colors: 4 vertices: 88 edges 146 colors_table: () bestIndex: 0 seed: 1153421532
0.19
nthreads: 1 colors: 4 vertices: 88 edges 146 colors_table: () bestIndex: 0 seed: 1153421533
0.19
nthreads: 1 colors: 4 vertices: 88 edges 146 colors_table: () bestIndex: 0 seed: 1153421535
0.19
nthreads: 1 colors: 4 vertices: 88 edges 146 colors_table: () bestIndex: 0 seed: 1153421536
0.20
nthreads: 1 colors: 4 vertices: 88 edges 146 colors_table: () bestIndex: 0 seed: 1153421537
0.20
nthreads: 1 colors: 4 vertices: 88 edges 146 colors_table: () bestIndex: 0 seed: 1153421538
0.20
nthreads: 1 colors: 4 vertices: 88 edges 146 colors_table: () bestIndex: 0 seed: 1153421539
0.20
nthreads: 1 colors: 4 vertices: 88 edges 146 colors_table: () bestIndex: 0 seed: 1153421541
0.20
nthreads: 1 colors: 4 vertices: 88 edges 146 colors_table: () bestIndex: 0 seed: 1153421542
0.19
nthreads: 1 colors: 4 vertices: 88 edges 146 colors_table: () bestIndex: 0 seed: 1153421543
0.19
nthreads: 1 colors: 4 vertices: 88 edges 146 colors_table: () bestIndex: 0 seed: 1153421544
0.20
nthreads: 1 colors: 4 vertices: 88 edges 146 colors_table: () bestIndex: 0 seed: 1153421546
0.19
nthreads: 1 colors: 4 vertices: 88 edges 146 colors_table: () bestIndex: 0 seed: 1153421547
0.20
nthreads: 1 colors: 4 vertices: 88 edges 146 colors_table: () bestIndex: 0 seed: 1153421548
0.19
nthreads: 1 colors: 4 vertices: 88 edges 146 colors_table: () bestIndex: 0 seed: 1153421549
0.19
nthreads: 1 colors: 4 vertices: 88 edges 146 colors_table: () bestIndex: 0 seed: 1153421551
0.19
nthreads: 1 colors: 4 vertices: 88 edges 146 colors_table: () bestIndex: 0 seed: 1153421552
0.20
nthreads: 1 colors: 4 vertices: 88 edges 146 colors_table: () bestIndex: 0 seed: 1153421553
0.19
nthreads: 1 colors: 4 vertices: 88 edges 146 colors_table: () bestIndex: 0 seed: 1153421554
0.19
nthreads: 1 colors: 4 vertices: 88 edges 146 colors_table: () bestIndex: 0 seed: 1153421556
0.20
nthreads: 1 colors: 4 vertices: 88 edges 146 colors_table: () bestIndex: 0 seed: 1153421557
0.19
nthreads: 1 colors: 4 vertices: 88 edges 146 colors_table: () bestIndex: 0 seed: 1153421558
0.19
nthreads: 1 colors: 4 vertices: 88 edges 146 colors_table: () bestIndex: 0 seed: 1153421559
0.19
nthreads: 1 colors: 4 vertices: 88 edges 146 colors_table: () bestIndex: 0 seed: 1153421560
0.20
nthreads: 1 colors: 4 vertices: 88 edges 146 colors_table: () bestIndex: 0 seed: 1153421562
0.20
nthreads: 1 colors: 4 vertices: 88 edges 146 colors_table: () bestIndex: 0 seed: 1153421563
0.21
nthreads: 1 colors: 4 vertices: 88 edges 146 colors_table: () bestIndex: 0 seed: 1153421564
0.19
nthreads: 1 colors: 4 vertices: 88 edges 146 colors_table: () bestIndex: 0 seed: 1153421565
0.20
nthreads: 1 colors: 4 vertices: 88 edges 146 colors_table: () bestIndex: 0 seed: 1153421567
0.19
nthreads: 1 colors: 4 vertices: 88 edges 146 colors_table: () bestIndex: 0 seed: 1153421568
0.19
nthreads: 1 colors: 4 vertices: 88 edges 146 colors_table: () bestIndex: 0 seed: 1153421569
0.20
nthreads: 1 colors: 4 vertices: 88 edges 146 colors_table: () bestIndex: 0 seed: 1153421570
0.19
nthreads: 1 colors: 4 vertices: 88 edges 146 colors_table: () bestIndex: 0 seed: 1153421572
0.19
nthreads: 1 colors: 4 vertices: 88 edges 146 colors_table: () bestIndex: 0 seed: 1153421573
0.19
nthreads: 1 colors: 4 vertices: 88 edges 146 colors_table: () bestIndex: 0 seed: 1153421574
0.19
nthreads: 1 colors: 4 vertices: 88 edges 146 colors_table: () bestIndex: 0 seed: 1153421575
0.19
nthreads: 1 colors: 4 vertices: 88 edges 146 colors_table: () bestIndex: 0 seed: 1153421576
0.19
nthreads: 1 colors: 4 vertices: 88 edges 146 colors_table: () bestIndex: 0 seed: 1153421578
0.20
nthreads: 1 colors: 4 vertices: 88 edges 146 colors_table: () bestIndex: 0 seed: 1153421579
0.19
nthreads: 1 colors: 4 vertices: 88 edges 146 colors_table: () bestIndex: 0 seed: 1153421580
0.20
nthreads: 1 colors: 4 vertices: 88 edges 146 colors_table: () bestIndex: 0 seed: 1153421581
0.19
nthreads: 1 colors: 4 vertices: 88 edges 146 colors_table: () bestIndex: 0 seed: 1153421583
0.20
nthreads: 1 colors: 4 vertices: 88 edges 146 colors_table: () bestIndex: 0 seed: 1153421584
0.19
nthreads: 1 colors: 4 vertices: 88 edges 146 colors_table: () bestIndex: 0 seed: 1153421585
0.19
