myciel6.col.b n_loops: 100 n_threads: 1
Thu Jul 20 17:06:47 EDT 2006 /home/thanhvu/nfs/Classic/1225_SameAsPATCHONLY_w_somechangestoprintSol/log_dir//1153380225/myciel6.col.b_1153429607.log
Single cedf232c677ebdd3c298dee92578679f /home/thanhvu/nfs/Classic/1225_SameAsPATCHONLY_w_somechangestoprintSol/a.out
nthreads: 1 colors: 7 vertices: 95 edges 755 colors_table: () bestIndex: 0 seed: 1153429607
0.45
nthreads: 1 colors: 7 vertices: 95 edges 755 colors_table: () bestIndex: 0 seed: 1153429608
0.43
nthreads: 1 colors: 7 vertices: 95 edges 755 colors_table: () bestIndex: 0 seed: 1153429610
0.43
nthreads: 1 colors: 7 vertices: 95 edges 755 colors_table: () bestIndex: 0 seed: 1153429611
0.43
nthreads: 1 colors: 7 vertices: 95 edges 755 colors_table: () bestIndex: 0 seed: 1153429613
0.43
nthreads: 1 colors: 7 vertices: 95 edges 755 colors_table: () bestIndex: 0 seed: 1153429614
0.43
nthreads: 1 colors: 7 vertices: 95 edges 755 colors_table: () bestIndex: 0 seed: 1153429616
0.43
nthreads: 1 colors: 7 vertices: 95 edges 755 colors_table: () bestIndex: 0 seed: 1153429617
0.43
nthreads: 1 colors: 7 vertices: 95 edges 755 colors_table: () bestIndex: 0 seed: 1153429619
0.43
nthreads: 1 colors: 7 vertices: 95 edges 755 colors_table: () bestIndex: 0 seed: 1153429620
0.43
nthreads: 1 colors: 7 vertices: 95 edges 755 colors_table: () bestIndex: 0 seed: 1153429622
0.43
nthreads: 1 colors: 7 vertices: 95 edges 755 colors_table: () bestIndex: 0 seed: 1153429623
0.43
nthreads: 1 colors: 7 vertices: 95 edges 755 colors_table: () bestIndex: 0 seed: 1153429624
0.43
nthreads: 1 colors: 7 vertices: 95 edges 755 colors_table: () bestIndex: 0 seed: 1153429626
0.43
nthreads: 1 colors: 7 vertices: 95 edges 755 colors_table: () bestIndex: 0 seed: 1153429627
0.42
nthreads: 1 colors: 7 vertices: 95 edges 755 colors_table: () bestIndex: 0 seed: 1153429629
0.43
nthreads: 1 colors: 7 vertices: 95 edges 755 colors_table: () bestIndex: 0 seed: 1153429630
0.43
nthreads: 1 colors: 7 vertices: 95 edges 755 colors_table: () bestIndex: 0 seed: 1153429632
0.43
nthreads: 1 colors: 7 vertices: 95 edges 755 colors_table: () bestIndex: 0 seed: 1153429633
0.43
nthreads: 1 colors: 7 vertices: 95 edges 755 colors_table: () bestIndex: 0 seed: 1153429635
0.43
nthreads: 1 colors: 7 vertices: 95 edges 755 colors_table: () bestIndex: 0 seed: 1153429636
0.43
nthreads: 1 colors: 7 vertices: 95 edges 755 colors_table: () bestIndex: 0 seed: 1153429637
0.43
nthreads: 1 colors: 7 vertices: 95 edges 755 colors_table: () bestIndex: 0 seed: 1153429639
0.43
nthreads: 1 colors: 7 vertices: 95 edges 755 colors_table: () bestIndex: 0 seed: 1153429640
0.43
nthreads: 1 colors: 7 vertices: 95 edges 755 colors_table: () bestIndex: 0 seed: 1153429642
0.43
nthreads: 1 colors: 7 vertices: 95 edges 755 colors_table: () bestIndex: 0 seed: 1153429643
0.43
nthreads: 1 colors: 7 vertices: 95 edges 755 colors_table: () bestIndex: 0 seed: 1153429645
0.43
nthreads: 1 colors: 7 vertices: 95 edges 755 colors_table: () bestIndex: 0 seed: 1153429646
0.43
nthreads: 1 colors: 7 vertices: 95 edges 755 colors_table: () bestIndex: 0 seed: 1153429648
0.43
nthreads: 1 colors: 7 vertices: 95 edges 755 colors_table: () bestIndex: 0 seed: 1153429649
0.43
nthreads: 1 colors: 7 vertices: 95 edges 755 colors_table: () bestIndex: 0 seed: 1153429651
0.43
nthreads: 1 colors: 7 vertices: 95 edges 755 colors_table: () bestIndex: 0 seed: 1153429652
0.43
nthreads: 1 colors: 7 vertices: 95 edges 755 colors_table: () bestIndex: 0 seed: 1153429653
0.43
nthreads: 1 colors: 7 vertices: 95 edges 755 colors_table: () bestIndex: 0 seed: 1153429655
0.43
nthreads: 1 colors: 7 vertices: 95 edges 755 colors_table: () bestIndex: 0 seed: 1153429656
0.43
nthreads: 1 colors: 7 vertices: 95 edges 755 colors_table: () bestIndex: 0 seed: 1153429658
0.43
nthreads: 1 colors: 7 vertices: 95 edges 755 colors_table: () bestIndex: 0 seed: 1153429659
0.43
nthreads: 1 colors: 7 vertices: 95 edges 755 colors_table: () bestIndex: 0 seed: 1153429661
0.43
nthreads: 1 colors: 7 vertices: 95 edges 755 colors_table: () bestIndex: 0 seed: 1153429662
0.43
nthreads: 1 colors: 7 vertices: 95 edges 755 colors_table: () bestIndex: 0 seed: 1153429664
0.45
nthreads: 1 colors: 7 vertices: 95 edges 755 colors_table: () bestIndex: 0 seed: 1153429665
0.43
nthreads: 1 colors: 7 vertices: 95 edges 755 colors_table: () bestIndex: 0 seed: 1153429666
0.43
nthreads: 1 colors: 7 vertices: 95 edges 755 colors_table: () bestIndex: 0 seed: 1153429668
0.43
nthreads: 1 colors: 7 vertices: 95 edges 755 colors_table: () bestIndex: 0 seed: 1153429669
0.43
nthreads: 1 colors: 7 vertices: 95 edges 755 colors_table: () bestIndex: 0 seed: 1153429671
0.43
nthreads: 1 colors: 7 vertices: 95 edges 755 colors_table: () bestIndex: 0 seed: 1153429672
0.43
nthreads: 1 colors: 7 vertices: 95 edges 755 colors_table: () bestIndex: 0 seed: 1153429674
0.43
nthreads: 1 colors: 7 vertices: 95 edges 755 colors_table: () bestIndex: 0 seed: 1153429675
0.43
nthreads: 1 colors: 7 vertices: 95 edges 755 colors_table: () bestIndex: 0 seed: 1153429677
0.43
nthreads: 1 colors: 7 vertices: 95 edges 755 colors_table: () bestIndex: 0 seed: 1153429678
0.43
nthreads: 1 colors: 7 vertices: 95 edges 755 colors_table: () bestIndex: 0 seed: 1153429680
0.43
nthreads: 1 colors: 7 vertices: 95 edges 755 colors_table: () bestIndex: 0 seed: 1153429681
0.43
nthreads: 1 colors: 7 vertices: 95 edges 755 colors_table: () bestIndex: 0 seed: 1153429682
0.44
nthreads: 1 colors: 7 vertices: 95 edges 755 colors_table: () bestIndex: 0 seed: 1153429684
0.43
nthreads: 1 colors: 7 vertices: 95 edges 755 colors_table: () bestIndex: 0 seed: 1153429685
0.43
nthreads: 1 colors: 7 vertices: 95 edges 755 colors_table: () bestIndex: 0 seed: 1153429687
0.44
nthreads: 1 colors: 7 vertices: 95 edges 755 colors_table: () bestIndex: 0 seed: 1153429688
0.43
nthreads: 1 colors: 7 vertices: 95 edges 755 colors_table: () bestIndex: 0 seed: 1153429690
0.43
nthreads: 1 colors: 7 vertices: 95 edges 755 colors_table: () bestIndex: 0 seed: 1153429691
0.43
nthreads: 1 colors: 7 vertices: 95 edges 755 colors_table: () bestIndex: 0 seed: 1153429693
0.43
nthreads: 1 colors: 7 vertices: 95 edges 755 colors_table: () bestIndex: 0 seed: 1153429694
0.43
nthreads: 1 colors: 7 vertices: 95 edges 755 colors_table: () bestIndex: 0 seed: 1153429696
0.43
nthreads: 1 colors: 7 vertices: 95 edges 755 colors_table: () bestIndex: 0 seed: 1153429697
0.43
nthreads: 1 colors: 7 vertices: 95 edges 755 colors_table: () bestIndex: 0 seed: 1153429698
0.43
nthreads: 1 colors: 7 vertices: 95 edges 755 colors_table: () bestIndex: 0 seed: 1153429700
0.43
nthreads: 1 colors: 7 vertices: 95 edges 755 colors_table: () bestIndex: 0 seed: 1153429701
0.43
nthreads: 1 colors: 7 vertices: 95 edges 755 colors_table: () bestIndex: 0 seed: 1153429703
0.43
nthreads: 1 colors: 7 vertices: 95 edges 755 colors_table: () bestIndex: 0 seed: 1153429704
0.43
nthreads: 1 colors: 7 vertices: 95 edges 755 colors_table: () bestIndex: 0 seed: 1153429706
0.43
nthreads: 1 colors: 7 vertices: 95 edges 755 colors_table: () bestIndex: 0 seed: 1153429707
0.43
nthreads: 1 colors: 7 vertices: 95 edges 755 colors_table: () bestIndex: 0 seed: 1153429709
0.43
nthreads: 1 colors: 7 vertices: 95 edges 755 colors_table: () bestIndex: 0 seed: 1153429710
0.43
nthreads: 1 colors: 7 vertices: 95 edges 755 colors_table: () bestIndex: 0 seed: 1153429711
0.43
nthreads: 1 colors: 7 vertices: 95 edges 755 colors_table: () bestIndex: 0 seed: 1153429713
0.43
nthreads: 1 colors: 7 vertices: 95 edges 755 colors_table: () bestIndex: 0 seed: 1153429714
0.43
nthreads: 1 colors: 7 vertices: 95 edges 755 colors_table: () bestIndex: 0 seed: 1153429716
0.43
nthreads: 1 colors: 7 vertices: 95 edges 755 colors_table: () bestIndex: 0 seed: 1153429717
0.43
nthreads: 1 colors: 7 vertices: 95 edges 755 colors_table: () bestIndex: 0 seed: 1153429719
0.43
nthreads: 1 colors: 7 vertices: 95 edges 755 colors_table: () bestIndex: 0 seed: 1153429720
0.43
nthreads: 1 colors: 7 vertices: 95 edges 755 colors_table: () bestIndex: 0 seed: 1153429722
0.43
nthreads: 1 colors: 7 vertices: 95 edges 755 colors_table: () bestIndex: 0 seed: 1153429723
0.43
nthreads: 1 colors: 7 vertices: 95 edges 755 colors_table: () bestIndex: 0 seed: 1153429724
0.44
nthreads: 1 colors: 7 vertices: 95 edges 755 colors_table: () bestIndex: 0 seed: 1153429726
0.43
nthreads: 1 colors: 7 vertices: 95 edges 755 colors_table: () bestIndex: 0 seed: 1153429727
0.43
nthreads: 1 colors: 7 vertices: 95 edges 755 colors_table: () bestIndex: 0 seed: 1153429729
0.43
nthreads: 1 colors: 7 vertices: 95 edges 755 colors_table: () bestIndex: 0 seed: 1153429730
0.43
nthreads: 1 colors: 7 vertices: 95 edges 755 colors_table: () bestIndex: 0 seed: 1153429732
0.43
nthreads: 1 colors: 7 vertices: 95 edges 755 colors_table: () bestIndex: 0 seed: 1153429733
0.44
nthreads: 1 colors: 7 vertices: 95 edges 755 colors_table: () bestIndex: 0 seed: 1153429735
0.43
nthreads: 1 colors: 7 vertices: 95 edges 755 colors_table: () bestIndex: 0 seed: 1153429736
0.43
nthreads: 1 colors: 7 vertices: 95 edges 755 colors_table: () bestIndex: 0 seed: 1153429738
0.43
nthreads: 1 colors: 7 vertices: 95 edges 755 colors_table: () bestIndex: 0 seed: 1153429739
0.43
nthreads: 1 colors: 7 vertices: 95 edges 755 colors_table: () bestIndex: 0 seed: 1153429740
0.44
nthreads: 1 colors: 7 vertices: 95 edges 755 colors_table: () bestIndex: 0 seed: 1153429742
0.43
nthreads: 1 colors: 7 vertices: 95 edges 755 colors_table: () bestIndex: 0 seed: 1153429743
0.43
nthreads: 1 colors: 7 vertices: 95 edges 755 colors_table: () bestIndex: 0 seed: 1153429745
0.42
nthreads: 1 colors: 7 vertices: 95 edges 755 colors_table: () bestIndex: 0 seed: 1153429746
0.43
nthreads: 1 colors: 7 vertices: 95 edges 755 colors_table: () bestIndex: 0 seed: 1153429748
0.43
nthreads: 1 colors: 7 vertices: 95 edges 755 colors_table: () bestIndex: 0 seed: 1153429749
0.43
nthreads: 1 colors: 7 vertices: 95 edges 755 colors_table: () bestIndex: 0 seed: 1153429751
0.43
