myciel4.col.b n_loops: 100 n_threads: 1
Thu Jul 20 17:03:17 EDT 2006 /home/thanhvu/nfs/Classic/1225_SameAsPATCHONLY_w_somechangestoprintSol/log_dir//1153380225/myciel4.col.b_1153429397.log
Single cedf232c677ebdd3c298dee92578679f /home/thanhvu/nfs/Classic/1225_SameAsPATCHONLY_w_somechangestoprintSol/a.out
nthreads: 1 colors: 5 vertices: 23 edges 71 colors_table: () bestIndex: 0 seed: 1153429397
0.01
nthreads: 1 colors: 5 vertices: 23 edges 71 colors_table: () bestIndex: 0 seed: 1153429398
0.01
nthreads: 1 colors: 5 vertices: 23 edges 71 colors_table: () bestIndex: 0 seed: 1153429399
0.01
nthreads: 1 colors: 5 vertices: 23 edges 71 colors_table: () bestIndex: 0 seed: 1153429400
0.01
nthreads: 1 colors: 5 vertices: 23 edges 71 colors_table: () bestIndex: 0 seed: 1153429401
0.01
nthreads: 1 colors: 5 vertices: 23 edges 71 colors_table: () bestIndex: 0 seed: 1153429402
0.01
nthreads: 1 colors: 5 vertices: 23 edges 71 colors_table: () bestIndex: 0 seed: 1153429403
0.01
nthreads: 1 colors: 5 vertices: 23 edges 71 colors_table: () bestIndex: 0 seed: 1153429404
0.02
nthreads: 1 colors: 5 vertices: 23 edges 71 colors_table: () bestIndex: 0 seed: 1153429405
0.01
nthreads: 1 colors: 5 vertices: 23 edges 71 colors_table: () bestIndex: 0 seed: 1153429406
0.01
nthreads: 1 colors: 5 vertices: 23 edges 71 colors_table: () bestIndex: 0 seed: 1153429407
0.01
nthreads: 1 colors: 5 vertices: 23 edges 71 colors_table: () bestIndex: 0 seed: 1153429408
0.01
nthreads: 1 colors: 5 vertices: 23 edges 71 colors_table: () bestIndex: 0 seed: 1153429409
0.01
nthreads: 1 colors: 5 vertices: 23 edges 71 colors_table: () bestIndex: 0 seed: 1153429410
0.01
nthreads: 1 colors: 5 vertices: 23 edges 71 colors_table: () bestIndex: 0 seed: 1153429411
0.01
nthreads: 1 colors: 5 vertices: 23 edges 71 colors_table: () bestIndex: 0 seed: 1153429412
0.01
nthreads: 1 colors: 5 vertices: 23 edges 71 colors_table: () bestIndex: 0 seed: 1153429413
0.01
nthreads: 1 colors: 5 vertices: 23 edges 71 colors_table: () bestIndex: 0 seed: 1153429414
0.01
nthreads: 1 colors: 5 vertices: 23 edges 71 colors_table: () bestIndex: 0 seed: 1153429415
0.01
nthreads: 1 colors: 5 vertices: 23 edges 71 colors_table: () bestIndex: 0 seed: 1153429416
0.01
nthreads: 1 colors: 5 vertices: 23 edges 71 colors_table: () bestIndex: 0 seed: 1153429417
0.02
nthreads: 1 colors: 5 vertices: 23 edges 71 colors_table: () bestIndex: 0 seed: 1153429418
0.01
nthreads: 1 colors: 5 vertices: 23 edges 71 colors_table: () bestIndex: 0 seed: 1153429419
0.01
nthreads: 1 colors: 5 vertices: 23 edges 71 colors_table: () bestIndex: 0 seed: 1153429420
0.01
nthreads: 1 colors: 5 vertices: 23 edges 71 colors_table: () bestIndex: 0 seed: 1153429421
0.02
nthreads: 1 colors: 5 vertices: 23 edges 71 colors_table: () bestIndex: 0 seed: 1153429422
0.02
nthreads: 1 colors: 5 vertices: 23 edges 71 colors_table: () bestIndex: 0 seed: 1153429423
0.01
nthreads: 1 colors: 5 vertices: 23 edges 71 colors_table: () bestIndex: 0 seed: 1153429424
0.01
nthreads: 1 colors: 5 vertices: 23 edges 71 colors_table: () bestIndex: 0 seed: 1153429425
0.01
nthreads: 1 colors: 5 vertices: 23 edges 71 colors_table: () bestIndex: 0 seed: 1153429427
0.01
nthreads: 1 colors: 5 vertices: 23 edges 71 colors_table: () bestIndex: 0 seed: 1153429428
0.01
nthreads: 1 colors: 5 vertices: 23 edges 71 colors_table: () bestIndex: 0 seed: 1153429429
0.01
nthreads: 1 colors: 5 vertices: 23 edges 71 colors_table: () bestIndex: 0 seed: 1153429430
0.01
nthreads: 1 colors: 5 vertices: 23 edges 71 colors_table: () bestIndex: 0 seed: 1153429431
0.01
nthreads: 1 colors: 5 vertices: 23 edges 71 colors_table: () bestIndex: 0 seed: 1153429432
0.01
nthreads: 1 colors: 5 vertices: 23 edges 71 colors_table: () bestIndex: 0 seed: 1153429433
0.01
nthreads: 1 colors: 5 vertices: 23 edges 71 colors_table: () bestIndex: 0 seed: 1153429434
0.01
nthreads: 1 colors: 5 vertices: 23 edges 71 colors_table: () bestIndex: 0 seed: 1153429435
0.01
nthreads: 1 colors: 5 vertices: 23 edges 71 colors_table: () bestIndex: 0 seed: 1153429436
0.01
nthreads: 1 colors: 5 vertices: 23 edges 71 colors_table: () bestIndex: 0 seed: 1153429437
0.03
nthreads: 1 colors: 5 vertices: 23 edges 71 colors_table: () bestIndex: 0 seed: 1153429438
0.01
nthreads: 1 colors: 5 vertices: 23 edges 71 colors_table: () bestIndex: 0 seed: 1153429439
0.01
nthreads: 1 colors: 5 vertices: 23 edges 71 colors_table: () bestIndex: 0 seed: 1153429440
0.01
nthreads: 1 colors: 5 vertices: 23 edges 71 colors_table: () bestIndex: 0 seed: 1153429441
0.01
nthreads: 1 colors: 5 vertices: 23 edges 71 colors_table: () bestIndex: 0 seed: 1153429442
0.02
nthreads: 1 colors: 5 vertices: 23 edges 71 colors_table: () bestIndex: 0 seed: 1153429443
0.01
nthreads: 1 colors: 5 vertices: 23 edges 71 colors_table: () bestIndex: 0 seed: 1153429444
0.01
nthreads: 1 colors: 5 vertices: 23 edges 71 colors_table: () bestIndex: 0 seed: 1153429445
0.01
nthreads: 1 colors: 5 vertices: 23 edges 71 colors_table: () bestIndex: 0 seed: 1153429446
0.01
nthreads: 1 colors: 5 vertices: 23 edges 71 colors_table: () bestIndex: 0 seed: 1153429447
0.01
nthreads: 1 colors: 5 vertices: 23 edges 71 colors_table: () bestIndex: 0 seed: 1153429448
0.01
nthreads: 1 colors: 5 vertices: 23 edges 71 colors_table: () bestIndex: 0 seed: 1153429449
0.01
nthreads: 1 colors: 5 vertices: 23 edges 71 colors_table: () bestIndex: 0 seed: 1153429450
0.01
nthreads: 1 colors: 5 vertices: 23 edges 71 colors_table: () bestIndex: 0 seed: 1153429451
0.01
nthreads: 1 colors: 5 vertices: 23 edges 71 colors_table: () bestIndex: 0 seed: 1153429452
0.01
nthreads: 1 colors: 5 vertices: 23 edges 71 colors_table: () bestIndex: 0 seed: 1153429453
0.02
nthreads: 1 colors: 5 vertices: 23 edges 71 colors_table: () bestIndex: 0 seed: 1153429454
0.01
nthreads: 1 colors: 5 vertices: 23 edges 71 colors_table: () bestIndex: 0 seed: 1153429455
0.01
nthreads: 1 colors: 5 vertices: 23 edges 71 colors_table: () bestIndex: 0 seed: 1153429457
0.02
nthreads: 1 colors: 5 vertices: 23 edges 71 colors_table: () bestIndex: 0 seed: 1153429458
0.01
nthreads: 1 colors: 5 vertices: 23 edges 71 colors_table: () bestIndex: 0 seed: 1153429459
0.01
nthreads: 1 colors: 5 vertices: 23 edges 71 colors_table: () bestIndex: 0 seed: 1153429460
0.01
nthreads: 1 colors: 5 vertices: 23 edges 71 colors_table: () bestIndex: 0 seed: 1153429461
0.01
nthreads: 1 colors: 5 vertices: 23 edges 71 colors_table: () bestIndex: 0 seed: 1153429462
0.01
nthreads: 1 colors: 5 vertices: 23 edges 71 colors_table: () bestIndex: 0 seed: 1153429463
0.01
nthreads: 1 colors: 5 vertices: 23 edges 71 colors_table: () bestIndex: 0 seed: 1153429464
0.01
nthreads: 1 colors: 5 vertices: 23 edges 71 colors_table: () bestIndex: 0 seed: 1153429465
0.02
nthreads: 1 colors: 5 vertices: 23 edges 71 colors_table: () bestIndex: 0 seed: 1153429466
0.01
nthreads: 1 colors: 5 vertices: 23 edges 71 colors_table: () bestIndex: 0 seed: 1153429467
0.01
nthreads: 1 colors: 5 vertices: 23 edges 71 colors_table: () bestIndex: 0 seed: 1153429468
0.01
nthreads: 1 colors: 5 vertices: 23 edges 71 colors_table: () bestIndex: 0 seed: 1153429469
0.01
nthreads: 1 colors: 5 vertices: 23 edges 71 colors_table: () bestIndex: 0 seed: 1153429470
0.01
nthreads: 1 colors: 5 vertices: 23 edges 71 colors_table: () bestIndex: 0 seed: 1153429471
0.01
nthreads: 1 colors: 5 vertices: 23 edges 71 colors_table: () bestIndex: 0 seed: 1153429472
0.01
nthreads: 1 colors: 5 vertices: 23 edges 71 colors_table: () bestIndex: 0 seed: 1153429473
0.01
nthreads: 1 colors: 5 vertices: 23 edges 71 colors_table: () bestIndex: 0 seed: 1153429474
0.01
nthreads: 1 colors: 5 vertices: 23 edges 71 colors_table: () bestIndex: 0 seed: 1153429475
0.01
nthreads: 1 colors: 5 vertices: 23 edges 71 colors_table: () bestIndex: 0 seed: 1153429476
0.02
nthreads: 1 colors: 5 vertices: 23 edges 71 colors_table: () bestIndex: 0 seed: 1153429477
0.01
nthreads: 1 colors: 5 vertices: 23 edges 71 colors_table: () bestIndex: 0 seed: 1153429478
0.02
nthreads: 1 colors: 5 vertices: 23 edges 71 colors_table: () bestIndex: 0 seed: 1153429479
0.01
nthreads: 1 colors: 5 vertices: 23 edges 71 colors_table: () bestIndex: 0 seed: 1153429480
0.01
nthreads: 1 colors: 5 vertices: 23 edges 71 colors_table: () bestIndex: 0 seed: 1153429481
0.03
nthreads: 1 colors: 5 vertices: 23 edges 71 colors_table: () bestIndex: 0 seed: 1153429482
0.01
nthreads: 1 colors: 5 vertices: 23 edges 71 colors_table: () bestIndex: 0 seed: 1153429483
0.01
nthreads: 1 colors: 5 vertices: 23 edges 71 colors_table: () bestIndex: 0 seed: 1153429484
0.02
nthreads: 1 colors: 5 vertices: 23 edges 71 colors_table: () bestIndex: 0 seed: 1153429485
0.01
nthreads: 1 colors: 5 vertices: 23 edges 71 colors_table: () bestIndex: 0 seed: 1153429486
0.01
nthreads: 1 colors: 5 vertices: 23 edges 71 colors_table: () bestIndex: 0 seed: 1153429488
0.01
nthreads: 1 colors: 5 vertices: 23 edges 71 colors_table: () bestIndex: 0 seed: 1153429489
0.01
nthreads: 1 colors: 5 vertices: 23 edges 71 colors_table: () bestIndex: 0 seed: 1153429490
0.01
nthreads: 1 colors: 5 vertices: 23 edges 71 colors_table: () bestIndex: 0 seed: 1153429491
0.02
nthreads: 1 colors: 5 vertices: 23 edges 71 colors_table: () bestIndex: 0 seed: 1153429492
0.02
nthreads: 1 colors: 5 vertices: 23 edges 71 colors_table: () bestIndex: 0 seed: 1153429493
0.02
nthreads: 1 colors: 5 vertices: 23 edges 71 colors_table: () bestIndex: 0 seed: 1153429494
0.01
nthreads: 1 colors: 5 vertices: 23 edges 71 colors_table: () bestIndex: 0 seed: 1153429495
0.01
nthreads: 1 colors: 5 vertices: 23 edges 71 colors_table: () bestIndex: 0 seed: 1153429496
0.01
nthreads: 1 colors: 5 vertices: 23 edges 71 colors_table: () bestIndex: 0 seed: 1153429497
0.01
nthreads: 1 colors: 5 vertices: 23 edges 71 colors_table: () bestIndex: 0 seed: 1153429498
0.01
nthreads: 1 colors: 5 vertices: 23 edges 71 colors_table: () bestIndex: 0 seed: 1153429499
0.01
