qg.order60.col.b n_loops: 100 n_threads: 1
Fri Jul 21 12:57:01 EDT 2006 /home/thanhvu/nfs/Classic/1225_SameAsPATCHONLY_w_somechangestoprintSol/log_dir//1153378380/qg.order60.col.b_1153501021.log
Single cedf232c677ebdd3c298dee92578679f /home/thanhvu/nfs/Classic/1225_SameAsPATCHONLY_w_somechangestoprintSol/a.out
Command exited with non-zero status 10
0.00
Command exited with non-zero status 10
0.00
Command exited with non-zero status 10
0.00
Command exited with non-zero status 10
0.00
Command exited with non-zero status 10
0.00
Command exited with non-zero status 10
0.00
Command exited with non-zero status 10
0.00
Command exited with non-zero status 10
0.00
Command exited with non-zero status 10
0.00
Command exited with non-zero status 10
0.00
Command exited with non-zero status 10
0.00
Command exited with non-zero status 10
0.00
Command exited with non-zero status 10
0.00
Command exited with non-zero status 10
0.00
Command exited with non-zero status 10
0.00
Command exited with non-zero status 10
0.00
Command exited with non-zero status 10
0.00
Command exited with non-zero status 10
0.00
Command exited with non-zero status 10
0.00
Command exited with non-zero status 10
0.00
Command exited with non-zero status 10
0.00
Command exited with non-zero status 10
0.00
Command exited with non-zero status 10
0.00
Command exited with non-zero status 10
0.00
Command exited with non-zero status 10
0.00
Command exited with non-zero status 10
0.00
Command exited with non-zero status 10
0.00
Command exited with non-zero status 10
0.00
Command exited with non-zero status 10
0.00
Command exited with non-zero status 10
0.00
Command exited with non-zero status 10
0.00
Command exited with non-zero status 10
0.00
Command exited with non-zero status 10
0.00
Command exited with non-zero status 10
0.00
Command exited with non-zero status 10
0.00
Command exited with non-zero status 10
0.00
Command exited with non-zero status 10
0.00
Command exited with non-zero status 10
0.00
Command exited with non-zero status 10
0.00
Command exited with non-zero status 10
0.00
Command exited with non-zero status 10
0.00
Command exited with non-zero status 10
0.00
Command exited with non-zero status 10
0.00
Command exited with non-zero status 10
0.00
Command exited with non-zero status 10
0.00
Command exited with non-zero status 10
0.00
Command exited with non-zero status 10
0.00
Command exited with non-zero status 10
0.00
Command exited with non-zero status 10
0.00
Command exited with non-zero status 10
0.00
Command exited with non-zero status 10
0.00
Command exited with non-zero status 10
0.03
Command exited with non-zero status 10
0.00
Command exited with non-zero status 10
0.00
Command exited with non-zero status 10
0.00
Command exited with non-zero status 10
0.00
Command exited with non-zero status 10
0.02
Command exited with non-zero status 10
0.00
Command exited with non-zero status 10
0.00
Command exited with non-zero status 10
0.00
Command exited with non-zero status 10
0.00
Command exited with non-zero status 10
0.00
Command exited with non-zero status 10
0.00
Command exited with non-zero status 10
0.00
Command exited with non-zero status 10
0.00
Command exited with non-zero status 10
0.00
Command exited with non-zero status 10
0.00
Command exited with non-zero status 10
0.00
Command exited with non-zero status 10
0.00
Command exited with non-zero status 10
0.00
Command exited with non-zero status 10
0.00
Command exited with non-zero status 10
0.00
Command exited with non-zero status 10
0.00
Command exited with non-zero status 10
0.00
Command exited with non-zero status 10
0.00
Command exited with non-zero status 10
0.00
Command exited with non-zero status 10
0.00
Command exited with non-zero status 10
0.00
Command exited with non-zero status 10
0.00
Command exited with non-zero status 10
0.00
Command exited with non-zero status 10
0.00
Command exited with non-zero status 10
0.00
Command exited with non-zero status 10
0.00
Command exited with non-zero status 10
0.00
Command exited with non-zero status 10
0.00
Command exited with non-zero status 10
0.00
Command exited with non-zero status 10
0.00
Command exited with non-zero status 10
0.00
Command exited with non-zero status 10
0.00
Command exited with non-zero status 10
0.00
Command exited with non-zero status 10
0.00
Command exited with non-zero status 10
0.00
Command exited with non-zero status 10
0.00
Command exited with non-zero status 10
0.00
Command exited with non-zero status 10
0.00
Command exited with non-zero status 10
0.00
Command exited with non-zero status 10
0.00
Command exited with non-zero status 10
0.00
Command exited with non-zero status 10
0.00
Command exited with non-zero status 10
0.00
