qg.order100.col.b n_loops: 100 n_threads: 1
Thu Jul 20 16:26:58 EDT 2006 /home/thanhvu/nfs/Classic/1225_SameAsPATCHONLY_w_somechangestoprintSol/log_dir//1153427218/qg.order100.col.b_1153427218.log
Single cedf232c677ebdd3c298dee92578679f /home/thanhvu/nfs/Classic/1225_SameAsPATCHONLY_w_somechangestoprintSol/a.out
nthreads: 1 colors: 100 vertices: 10000 edges 990000 colors_table: () bestIndex: 224 seed: 1153427218
743.02
nthreads: 1 colors: 100 vertices: 10000 edges 990000 colors_table: () bestIndex: 224 seed: 1153427962
742.21
nthreads: 1 colors: 100 vertices: 10000 edges 990000 colors_table: () bestIndex: 223 seed: 1153428706
736.00
nthreads: 1 colors: 100 vertices: 10000 edges 990000 colors_table: () bestIndex: 222 seed: 1153429443
738.13
nthreads: 1 colors: 100 vertices: 10000 edges 990000 colors_table: () bestIndex: 224 seed: 1153430182
743.21
nthreads: 1 colors: 100 vertices: 10000 edges 990000 colors_table: () bestIndex: 224 seed: 1153430926
741.52
nthreads: 1 colors: 100 vertices: 10000 edges 990000 colors_table: () bestIndex: 223 seed: 1153431669
743.47
nthreads: 1 colors: 100 vertices: 10000 edges 990000 colors_table: () bestIndex: 223 seed: 1153432413
742.38
nthreads: 1 colors: 100 vertices: 10000 edges 990000 colors_table: () bestIndex: 222 seed: 1153433157
733.26
nthreads: 1 colors: 100 vertices: 10000 edges 990000 colors_table: () bestIndex: 223 seed: 1153433891
741.85
nthreads: 1 colors: 100 vertices: 10000 edges 990000 colors_table: () bestIndex: 222 seed: 1153434634
740.86
nthreads: 1 colors: 100 vertices: 10000 edges 990000 colors_table: () bestIndex: 225 seed: 1153435376
734.63
nthreads: 1 colors: 100 vertices: 10000 edges 990000 colors_table: () bestIndex: 227 seed: 1153436111
742.27
nthreads: 1 colors: 100 vertices: 10000 edges 990000 colors_table: () bestIndex: 223 seed: 1153436855
742.00
nthreads: 1 colors: 100 vertices: 10000 edges 990000 colors_table: () bestIndex: 223 seed: 1153437598
743.09
nthreads: 1 colors: 100 vertices: 10000 edges 990000 colors_table: () bestIndex: 224 seed: 1153438342
737.57
nthreads: 1 colors: 100 vertices: 10000 edges 990000 colors_table: () bestIndex: 223 seed: 1153439081
737.26
nthreads: 1 colors: 100 vertices: 10000 edges 990000 colors_table: () bestIndex: 222 seed: 1153439819
744.10
nthreads: 1 colors: 100 vertices: 10000 edges 990000 colors_table: () bestIndex: 223 seed: 1153440564
742.86
nthreads: 1 colors: 100 vertices: 10000 edges 990000 colors_table: () bestIndex: 223 seed: 1153441308
743.00
nthreads: 1 colors: 100 vertices: 10000 edges 990000 colors_table: () bestIndex: 224 seed: 1153442052
744.86
nthreads: 1 colors: 100 vertices: 10000 edges 990000 colors_table: () bestIndex: 223 seed: 1153442798
738.64
nthreads: 1 colors: 100 vertices: 10000 edges 990000 colors_table: () bestIndex: 223 seed: 1153443537
741.44
nthreads: 1 colors: 100 vertices: 10000 edges 990000 colors_table: () bestIndex: 223 seed: 1153444280
742.79
nthreads: 1 colors: 100 vertices: 10000 edges 990000 colors_table: () bestIndex: 223 seed: 1153445024
737.41
nthreads: 1 colors: 100 vertices: 10000 edges 990000 colors_table: () bestIndex: 226 seed: 1153445762
741.04
nthreads: 1 colors: 100 vertices: 10000 edges 990000 colors_table: () bestIndex: 223 seed: 1153446504
733.69
nthreads: 1 colors: 100 vertices: 10000 edges 990000 colors_table: () bestIndex: 227 seed: 1153447239
743.28
nthreads: 1 colors: 100 vertices: 10000 edges 990000 colors_table: () bestIndex: 225 seed: 1153447983
725.01
nthreads: 1 colors: 100 vertices: 10000 edges 990000 colors_table: () bestIndex: 223 seed: 1153448709
741.54
nthreads: 1 colors: 100 vertices: 10000 edges 990000 colors_table: () bestIndex: 227 seed: 1153449452
743.03
nthreads: 1 colors: 100 vertices: 10000 edges 990000 colors_table: () bestIndex: 225 seed: 1153450196
742.65
nthreads: 1 colors: 100 vertices: 10000 edges 990000 colors_table: () bestIndex: 225 seed: 1153450940
745.68
nthreads: 1 colors: 100 vertices: 10000 edges 990000 colors_table: () bestIndex: 223 seed: 1153451687
741.67
nthreads: 1 colors: 100 vertices: 10000 edges 990000 colors_table: () bestIndex: 224 seed: 1153452429
736.62
nthreads: 1 colors: 100 vertices: 10000 edges 990000 colors_table: () bestIndex: 222 seed: 1153453167
743.04
nthreads: 1 colors: 100 vertices: 10000 edges 990000 colors_table: () bestIndex: 224 seed: 1153453911
729.19
nthreads: 1 colors: 100 vertices: 10000 edges 990000 colors_table: () bestIndex: 224 seed: 1153454641
744.31
nthreads: 1 colors: 100 vertices: 10000 edges 990000 colors_table: () bestIndex: 222 seed: 1153455387
719.73
nthreads: 1 colors: 100 vertices: 10000 edges 990000 colors_table: () bestIndex: 223 seed: 1153456107
738.34
nthreads: 1 colors: 100 vertices: 10000 edges 990000 colors_table: () bestIndex: 223 seed: 1153456847
743.63
nthreads: 1 colors: 100 vertices: 10000 edges 990000 colors_table: () bestIndex: 223 seed: 1153457591
742.81
nthreads: 1 colors: 100 vertices: 10000 edges 990000 colors_table: () bestIndex: 224 seed: 1153458335
738.08
nthreads: 1 colors: 100 vertices: 10000 edges 990000 colors_table: () bestIndex: 223 seed: 1153459074
742.35
nthreads: 1 colors: 100 vertices: 10000 edges 990000 colors_table: () bestIndex: 223 seed: 1153459818
743.82
nthreads: 1 colors: 100 vertices: 10000 edges 990000 colors_table: () bestIndex: 224 seed: 1153460563
743.41
nthreads: 1 colors: 100 vertices: 10000 edges 990000 colors_table: () bestIndex: 223 seed: 1153461307
742.21
nthreads: 1 colors: 100 vertices: 10000 edges 990000 colors_table: () bestIndex: 222 seed: 1153462050
732.16
nthreads: 1 colors: 100 vertices: 10000 edges 990000 colors_table: () bestIndex: 223 seed: 1153462784
744.27
nthreads: 1 colors: 100 vertices: 10000 edges 990000 colors_table: () bestIndex: 222 seed: 1153463529
742.60
nthreads: 1 colors: 100 vertices: 10000 edges 990000 colors_table: () bestIndex: 224 seed: 1153464273
737.69
nthreads: 1 colors: 100 vertices: 10000 edges 990000 colors_table: () bestIndex: 224 seed: 1153465011
743.54
nthreads: 1 colors: 100 vertices: 10000 edges 990000 colors_table: () bestIndex: 224 seed: 1153465756
745.02
nthreads: 1 colors: 100 vertices: 10000 edges 990000 colors_table: () bestIndex: 223 seed: 1153466502
741.86
nthreads: 1 colors: 100 vertices: 10000 edges 990000 colors_table: () bestIndex: 222 seed: 1153467245
745.09
nthreads: 1 colors: 100 vertices: 10000 edges 990000 colors_table: () bestIndex: 224 seed: 1153467991
736.52
nthreads: 1 colors: 100 vertices: 10000 edges 990000 colors_table: () bestIndex: 222 seed: 1153468729
726.70
nthreads: 1 colors: 100 vertices: 10000 edges 990000 colors_table: () bestIndex: 224 seed: 1153469456
742.76
nthreads: 1 colors: 100 vertices: 10000 edges 990000 colors_table: () bestIndex: 222 seed: 1153470200
741.60
nthreads: 1 colors: 100 vertices: 10000 edges 990000 colors_table: () bestIndex: 222 seed: 1153470943
742.85
nthreads: 1 colors: 100 vertices: 10000 edges 990000 colors_table: () bestIndex: 223 seed: 1153471687
738.40
nthreads: 1 colors: 100 vertices: 10000 edges 990000 colors_table: () bestIndex: 223 seed: 1153472426
743.87
nthreads: 1 colors: 100 vertices: 10000 edges 990000 colors_table: () bestIndex: 222 seed: 1153473171
739.76
nthreads: 1 colors: 100 vertices: 10000 edges 990000 colors_table: () bestIndex: 224 seed: 1153473912
742.08
nthreads: 1 colors: 100 vertices: 10000 edges 990000 colors_table: () bestIndex: 228 seed: 1153474655
744.44
nthreads: 1 colors: 100 vertices: 10000 edges 990000 colors_table: () bestIndex: 222 seed: 1153475400
741.07
nthreads: 1 colors: 100 vertices: 10000 edges 990000 colors_table: () bestIndex: 224 seed: 1153476142
741.25
nthreads: 1 colors: 100 vertices: 10000 edges 990000 colors_table: () bestIndex: 224 seed: 1153476885
724.11
nthreads: 1 colors: 100 vertices: 10000 edges 990000 colors_table: () bestIndex: 222 seed: 1153477610
719.67
nthreads: 1 colors: 100 vertices: 10000 edges 990000 colors_table: () bestIndex: 223 seed: 1153478331
738.41
nthreads: 1 colors: 100 vertices: 10000 edges 990000 colors_table: () bestIndex: 223 seed: 1153479070
736.80
nthreads: 1 colors: 100 vertices: 10000 edges 990000 colors_table: () bestIndex: 222 seed: 1153479808
742.87
nthreads: 1 colors: 100 vertices: 10000 edges 990000 colors_table: () bestIndex: 223 seed: 1153480552
744.43
nthreads: 1 colors: 100 vertices: 10000 edges 990000 colors_table: () bestIndex: 227 seed: 1153481297
746.11
nthreads: 1 colors: 100 vertices: 10000 edges 990000 colors_table: () bestIndex: 224 seed: 1153482044
738.54
nthreads: 1 colors: 100 vertices: 10000 edges 990000 colors_table: () bestIndex: 223 seed: 1153482784
743.09
nthreads: 1 colors: 100 vertices: 10000 edges 990000 colors_table: () bestIndex: 223 seed: 1153483528
741.70
nthreads: 1 colors: 100 vertices: 10000 edges 990000 colors_table: () bestIndex: 224 seed: 1153484271
742.93
nthreads: 1 colors: 100 vertices: 10000 edges 990000 colors_table: () bestIndex: 226 seed: 1153485015
743.35
nthreads: 1 colors: 100 vertices: 10000 edges 990000 colors_table: () bestIndex: 224 seed: 1153485759
727.88
nthreads: 1 colors: 100 vertices: 10000 edges 990000 colors_table: () bestIndex: 224 seed: 1153486488
745.33
nthreads: 1 colors: 100 vertices: 10000 edges 990000 colors_table: () bestIndex: 239 seed: 1153487235
745.46
nthreads: 1 colors: 100 vertices: 10000 edges 990000 colors_table: () bestIndex: 224 seed: 1153487981
735.42
nthreads: 1 colors: 100 vertices: 10000 edges 990000 colors_table: () bestIndex: 222 seed: 1153488718
734.27
nthreads: 1 colors: 100 vertices: 10000 edges 990000 colors_table: () bestIndex: 231 seed: 1153489453
743.51
nthreads: 1 colors: 100 vertices: 10000 edges 990000 colors_table: () bestIndex: 229 seed: 1153490197
740.57
nthreads: 1 colors: 100 vertices: 10000 edges 990000 colors_table: () bestIndex: 224 seed: 1153490939
731.96
nthreads: 1 colors: 100 vertices: 10000 edges 990000 colors_table: () bestIndex: 224 seed: 1153491672
733.44
nthreads: 1 colors: 100 vertices: 10000 edges 990000 colors_table: () bestIndex: 223 seed: 1153492407
741.93
nthreads: 1 colors: 100 vertices: 10000 edges 990000 colors_table: () bestIndex: 222 seed: 1153493150
739.89
nthreads: 1 colors: 100 vertices: 10000 edges 990000 colors_table: () bestIndex: 223 seed: 1153493890
732.40
nthreads: 1 colors: 100 vertices: 10000 edges 990000 colors_table: () bestIndex: 224 seed: 1153494624
740.85
nthreads: 1 colors: 100 vertices: 10000 edges 990000 colors_table: () bestIndex: 223 seed: 1153495366
736.38
nthreads: 1 colors: 100 vertices: 10000 edges 990000 colors_table: () bestIndex: 223 seed: 1153496103
736.17
nthreads: 1 colors: 100 vertices: 10000 edges 990000 colors_table: () bestIndex: 224 seed: 1153496840
735.45
nthreads: 1 colors: 100 vertices: 10000 edges 990000 colors_table: () bestIndex: 223 seed: 1153497577
721.05
nthreads: 1 colors: 100 vertices: 10000 edges 990000 colors_table: () bestIndex: 223 seed: 1153498299
729.64
nthreads: 1 colors: 100 vertices: 10000 edges 990000 colors_table: () bestIndex: 223 seed: 1153499030
741.82
nthreads: 1 colors: 100 vertices: 10000 edges 990000 colors_table: () bestIndex: 235 seed: 1153499773
738.37
nthreads: 1 colors: 100 vertices: 10000 edges 990000 colors_table: () bestIndex: 222 seed: 1153500512
739.57
