qg.order60.col.b n_loops: 100 n_threads: 1
Fri Jul 21 16:02:15 EDT 2006 /home/thanhvu/nfs/Classic/1225_SameAsPATCHONLY_w_somechangestoprintSol/log_dir//1153427218/qg.order60.col.b_1153512135.log
Single cedf232c677ebdd3c298dee92578679f /home/thanhvu/nfs/Classic/1225_SameAsPATCHONLY_w_somechangestoprintSol/a.out
nthreads: 1 colors: 60 vertices: 3600 edges 212400 colors_table: () bestIndex: 329 seed: 1153512135
174.70
nthreads: 1 colors: 60 vertices: 3600 edges 212400 colors_table: () bestIndex: 322 seed: 1153512311
174.27
nthreads: 1 colors: 60 vertices: 3600 edges 212400 colors_table: () bestIndex: 322 seed: 1153512486
175.35
nthreads: 1 colors: 60 vertices: 3600 edges 212400 colors_table: () bestIndex: 323 seed: 1153512662
174.63
nthreads: 1 colors: 60 vertices: 3600 edges 212400 colors_table: () bestIndex: 322 seed: 1153512838
174.10
nthreads: 1 colors: 60 vertices: 3600 edges 212400 colors_table: () bestIndex: 321 seed: 1153513013
174.83
nthreads: 1 colors: 60 vertices: 3600 edges 212400 colors_table: () bestIndex: 324 seed: 1153513189
174.84
nthreads: 1 colors: 60 vertices: 3600 edges 212400 colors_table: () bestIndex: 322 seed: 1153513365
173.82
nthreads: 1 colors: 60 vertices: 3600 edges 212400 colors_table: () bestIndex: 323 seed: 1153513540
173.56
nthreads: 1 colors: 60 vertices: 3600 edges 212400 colors_table: () bestIndex: 323 seed: 1153513715
174.09
nthreads: 1 colors: 60 vertices: 3600 edges 212400 colors_table: () bestIndex: 323 seed: 1153513890
174.49
nthreads: 1 colors: 60 vertices: 3600 edges 212400 colors_table: () bestIndex: 322 seed: 1153514065
173.91
nthreads: 1 colors: 60 vertices: 3600 edges 212400 colors_table: () bestIndex: 325 seed: 1153514240
174.11
nthreads: 1 colors: 60 vertices: 3600 edges 212400 colors_table: () bestIndex: 323 seed: 1153514415
174.68
nthreads: 1 colors: 60 vertices: 3600 edges 212400 colors_table: () bestIndex: 323 seed: 1153514591
173.58
nthreads: 1 colors: 60 vertices: 3600 edges 212400 colors_table: () bestIndex: 322 seed: 1153514766
173.85
nthreads: 1 colors: 60 vertices: 3600 edges 212400 colors_table: () bestIndex: 324 seed: 1153514941
174.81
nthreads: 1 colors: 60 vertices: 3600 edges 212400 colors_table: () bestIndex: 323 seed: 1153515116
173.69
nthreads: 1 colors: 60 vertices: 3600 edges 212400 colors_table: () bestIndex: 322 seed: 1153515291
174.44
nthreads: 1 colors: 60 vertices: 3600 edges 212400 colors_table: () bestIndex: 322 seed: 1153515467
174.86
nthreads: 1 colors: 60 vertices: 3600 edges 212400 colors_table: () bestIndex: 322 seed: 1153515643
175.50
nthreads: 1 colors: 60 vertices: 3600 edges 212400 colors_table: () bestIndex: 322 seed: 1153515819
173.79
nthreads: 1 colors: 60 vertices: 3600 edges 212400 colors_table: () bestIndex: 324 seed: 1153515994
173.89
nthreads: 1 colors: 60 vertices: 3600 edges 212400 colors_table: () bestIndex: 322 seed: 1153516169
174.17
nthreads: 1 colors: 60 vertices: 3600 edges 212400 colors_table: () bestIndex: 323 seed: 1153516344
173.62
nthreads: 1 colors: 60 vertices: 3600 edges 212400 colors_table: () bestIndex: 323 seed: 1153516519
172.53
nthreads: 1 colors: 60 vertices: 3600 edges 212400 colors_table: () bestIndex: 322 seed: 1153516692
173.55
nthreads: 1 colors: 60 vertices: 3600 edges 212400 colors_table: () bestIndex: 323 seed: 1153516867
175.46
nthreads: 1 colors: 60 vertices: 3600 edges 212400 colors_table: () bestIndex: 324 seed: 1153517043
174.11
nthreads: 1 colors: 60 vertices: 3600 edges 212400 colors_table: () bestIndex: 322 seed: 1153517219
172.98
nthreads: 1 colors: 60 vertices: 3600 edges 212400 colors_table: () bestIndex: 322 seed: 1153517393
174.23
nthreads: 1 colors: 60 vertices: 3600 edges 212400 colors_table: () bestIndex: 322 seed: 1153517568
173.81
nthreads: 1 colors: 60 vertices: 3600 edges 212400 colors_table: () bestIndex: 324 seed: 1153517743
174.84
nthreads: 1 colors: 60 vertices: 3600 edges 212400 colors_table: () bestIndex: 322 seed: 1153517919
173.94
nthreads: 1 colors: 60 vertices: 3600 edges 212400 colors_table: () bestIndex: 323 seed: 1153518094
173.65
nthreads: 1 colors: 60 vertices: 3600 edges 212400 colors_table: () bestIndex: 322 seed: 1153518268
172.89
nthreads: 1 colors: 60 vertices: 3600 edges 212400 colors_table: () bestIndex: 322 seed: 1153518442
174.28
nthreads: 1 colors: 60 vertices: 3600 edges 212400 colors_table: () bestIndex: 322 seed: 1153518618
173.75
nthreads: 1 colors: 60 vertices: 3600 edges 212400 colors_table: () bestIndex: 322 seed: 1153518792
175.23
nthreads: 1 colors: 60 vertices: 3600 edges 212400 colors_table: () bestIndex: 325 seed: 1153518969
171.17
nthreads: 1 colors: 60 vertices: 3600 edges 212400 colors_table: () bestIndex: 322 seed: 1153519141
174.31
nthreads: 1 colors: 60 vertices: 3600 edges 212400 colors_table: () bestIndex: 322 seed: 1153519316
174.17
nthreads: 1 colors: 60 vertices: 3600 edges 212400 colors_table: () bestIndex: 323 seed: 1153519491
173.97
nthreads: 1 colors: 60 vertices: 3600 edges 212400 colors_table: () bestIndex: 322 seed: 1153519666
174.15
nthreads: 1 colors: 60 vertices: 3600 edges 212400 colors_table: () bestIndex: 322 seed: 1153519842
175.18
nthreads: 1 colors: 60 vertices: 3600 edges 212400 colors_table: () bestIndex: 329 seed: 1153520018
174.71
nthreads: 1 colors: 60 vertices: 3600 edges 212400 colors_table: () bestIndex: 323 seed: 1153520194
173.47
nthreads: 1 colors: 60 vertices: 3600 edges 212400 colors_table: () bestIndex: 322 seed: 1153520368
174.03
nthreads: 1 colors: 60 vertices: 3600 edges 212400 colors_table: () bestIndex: 322 seed: 1153520543
174.57
nthreads: 1 colors: 60 vertices: 3600 edges 212400 colors_table: () bestIndex: 322 seed: 1153520719
173.46
nthreads: 1 colors: 60 vertices: 3600 edges 212400 colors_table: () bestIndex: 322 seed: 1153520893
173.95
nthreads: 1 colors: 60 vertices: 3600 edges 212400 colors_table: () bestIndex: 325 seed: 1153521068
173.50
nthreads: 1 colors: 60 vertices: 3600 edges 212400 colors_table: () bestIndex: 324 seed: 1153521243
174.09
nthreads: 1 colors: 60 vertices: 3600 edges 212400 colors_table: () bestIndex: 324 seed: 1153521418
173.23
nthreads: 1 colors: 60 vertices: 3600 edges 212400 colors_table: () bestIndex: 322 seed: 1153521592
174.94
nthreads: 1 colors: 60 vertices: 3600 edges 212400 colors_table: () bestIndex: 323 seed: 1153521768
173.66
nthreads: 1 colors: 60 vertices: 3600 edges 212400 colors_table: () bestIndex: 322 seed: 1153521943
170.83
nthreads: 1 colors: 60 vertices: 3600 edges 212400 colors_table: () bestIndex: 324 seed: 1153522115
173.42
nthreads: 1 colors: 60 vertices: 3600 edges 212400 colors_table: () bestIndex: 322 seed: 1153522289
173.61
nthreads: 1 colors: 60 vertices: 3600 edges 212400 colors_table: () bestIndex: 326 seed: 1153522464
174.07
nthreads: 1 colors: 60 vertices: 3600 edges 212400 colors_table: () bestIndex: 324 seed: 1153522639
174.02
nthreads: 1 colors: 60 vertices: 3600 edges 212400 colors_table: () bestIndex: 323 seed: 1153522814
174.50
nthreads: 1 colors: 60 vertices: 3600 edges 212400 colors_table: () bestIndex: 322 seed: 1153522990
174.06
nthreads: 1 colors: 60 vertices: 3600 edges 212400 colors_table: () bestIndex: 323 seed: 1153523165
173.83
nthreads: 1 colors: 60 vertices: 3600 edges 212400 colors_table: () bestIndex: 322 seed: 1153523340
173.66
nthreads: 1 colors: 60 vertices: 3600 edges 212400 colors_table: () bestIndex: 322 seed: 1153523514
173.75
nthreads: 1 colors: 60 vertices: 3600 edges 212400 colors_table: () bestIndex: 323 seed: 1153523689
174.70
nthreads: 1 colors: 60 vertices: 3600 edges 212400 colors_table: () bestIndex: 324 seed: 1153523865
175.06
nthreads: 1 colors: 60 vertices: 3600 edges 212400 colors_table: () bestIndex: 322 seed: 1153524041
173.57
nthreads: 1 colors: 60 vertices: 3600 edges 212400 colors_table: () bestIndex: 322 seed: 1153524216
173.52
nthreads: 1 colors: 60 vertices: 3600 edges 212400 colors_table: () bestIndex: 322 seed: 1153524390
174.21
nthreads: 1 colors: 60 vertices: 3600 edges 212400 colors_table: () bestIndex: 323 seed: 1153524565
174.23
nthreads: 1 colors: 60 vertices: 3600 edges 212400 colors_table: () bestIndex: 322 seed: 1153524741
174.47
nthreads: 1 colors: 60 vertices: 3600 edges 212400 colors_table: () bestIndex: 324 seed: 1153524916
173.67
nthreads: 1 colors: 60 vertices: 3600 edges 212400 colors_table: () bestIndex: 322 seed: 1153525091
173.46
nthreads: 1 colors: 60 vertices: 3600 edges 212400 colors_table: () bestIndex: 323 seed: 1153525265
173.21
nthreads: 1 colors: 60 vertices: 3600 edges 212400 colors_table: () bestIndex: 322 seed: 1153525440
173.19
nthreads: 1 colors: 60 vertices: 3600 edges 212400 colors_table: () bestIndex: 325 seed: 1153525614
173.20
nthreads: 1 colors: 60 vertices: 3600 edges 212400 colors_table: () bestIndex: 323 seed: 1153525788
174.02
nthreads: 1 colors: 60 vertices: 3600 edges 212400 colors_table: () bestIndex: 322 seed: 1153525963
173.55
nthreads: 1 colors: 60 vertices: 3600 edges 212400 colors_table: () bestIndex: 322 seed: 1153526138
173.75
nthreads: 1 colors: 60 vertices: 3600 edges 212400 colors_table: () bestIndex: 322 seed: 1153526313
174.26
nthreads: 1 colors: 60 vertices: 3600 edges 212400 colors_table: () bestIndex: 324 seed: 1153526488
173.34
nthreads: 1 colors: 60 vertices: 3600 edges 212400 colors_table: () bestIndex: 322 seed: 1153526662
170.29
nthreads: 1 colors: 60 vertices: 3600 edges 212400 colors_table: () bestIndex: 322 seed: 1153526834
173.62
nthreads: 1 colors: 60 vertices: 3600 edges 212400 colors_table: () bestIndex: 323 seed: 1153527008
173.46
nthreads: 1 colors: 60 vertices: 3600 edges 212400 colors_table: () bestIndex: 322 seed: 1153527183
173.14
nthreads: 1 colors: 60 vertices: 3600 edges 212400 colors_table: () bestIndex: 322 seed: 1153527357
174.90
nthreads: 1 colors: 60 vertices: 3600 edges 212400 colors_table: () bestIndex: 322 seed: 1153527533
174.65
nthreads: 1 colors: 60 vertices: 3600 edges 212400 colors_table: () bestIndex: 323 seed: 1153527709
173.87
nthreads: 1 colors: 60 vertices: 3600 edges 212400 colors_table: () bestIndex: 322 seed: 1153527883
173.54
nthreads: 1 colors: 60 vertices: 3600 edges 212400 colors_table: () bestIndex: 323 seed: 1153528058
174.05
nthreads: 1 colors: 60 vertices: 3600 edges 212400 colors_table: () bestIndex: 323 seed: 1153528233
173.97
nthreads: 1 colors: 60 vertices: 3600 edges 212400 colors_table: () bestIndex: 322 seed: 1153528408
173.62
nthreads: 1 colors: 60 vertices: 3600 edges 212400 colors_table: () bestIndex: 322 seed: 1153528583
174.13
nthreads: 1 colors: 60 vertices: 3600 edges 212400 colors_table: () bestIndex: 322 seed: 1153528758
173.24
nthreads: 1 colors: 60 vertices: 3600 edges 212400 colors_table: () bestIndex: 324 seed: 1153528932
173.51
nthreads: 1 colors: 60 vertices: 3600 edges 212400 colors_table: () bestIndex: 322 seed: 1153529107
175.12
nthreads: 1 colors: 60 vertices: 3600 edges 212400 colors_table: () bestIndex: 323 seed: 1153529283
174.50
nthreads: 1 colors: 60 vertices: 3600 edges 212400 colors_table: () bestIndex: 322 seed: 1153529459
173.72
