queen8_8.col.b n_loops: 100 n_threads: 1
Thu Jul 20 17:40:47 EDT 2006 /home/thanhvu/nfs/Classic/1225_SameAsPATCHONLY_w_somechangestoprintSol/log_dir//1153380225/queen8_8.col.b_1153431647.log
Single cedf232c677ebdd3c298dee92578679f /home/thanhvu/nfs/Classic/1225_SameAsPATCHONLY_w_somechangestoprintSol/a.out
nthreads: 1 colors: 9 vertices: 64 edges 728 colors_table: () bestIndex: 126 seed: 1153431647
0.22
nthreads: 1 colors: 9 vertices: 64 edges 728 colors_table: () bestIndex: 17 seed: 1153431649
0.15
nthreads: 1 colors: 9 vertices: 64 edges 728 colors_table: () bestIndex: 102 seed: 1153431650
0.20
nthreads: 1 colors: 9 vertices: 64 edges 728 colors_table: () bestIndex: 78 seed: 1153431651
0.19
nthreads: 1 colors: 9 vertices: 64 edges 728 colors_table: () bestIndex: 24 seed: 1153431652
0.15
nthreads: 1 colors: 9 vertices: 64 edges 728 colors_table: () bestIndex: 84 seed: 1153431653
0.19
nthreads: 1 colors: 9 vertices: 64 edges 728 colors_table: () bestIndex: 31 seed: 1153431655
0.15
nthreads: 1 colors: 9 vertices: 64 edges 728 colors_table: () bestIndex: 66 seed: 1153431656
0.19
nthreads: 1 colors: 9 vertices: 64 edges 728 colors_table: () bestIndex: 24 seed: 1153431657
0.15
nthreads: 1 colors: 9 vertices: 64 edges 728 colors_table: () bestIndex: 14 seed: 1153431658
0.14
nthreads: 1 colors: 9 vertices: 64 edges 728 colors_table: () bestIndex: 66 seed: 1153431659
0.18
nthreads: 1 colors: 9 vertices: 64 edges 728 colors_table: () bestIndex: 63 seed: 1153431660
0.18
nthreads: 1 colors: 9 vertices: 64 edges 728 colors_table: () bestIndex: 26 seed: 1153431662
0.16
nthreads: 1 colors: 9 vertices: 64 edges 728 colors_table: () bestIndex: 64 seed: 1153431663
0.17
nthreads: 1 colors: 9 vertices: 64 edges 728 colors_table: () bestIndex: 60 seed: 1153431664
0.17
nthreads: 1 colors: 9 vertices: 64 edges 728 colors_table: () bestIndex: 8 seed: 1153431665
0.14
nthreads: 1 colors: 9 vertices: 64 edges 728 colors_table: () bestIndex: 41 seed: 1153431666
0.16
nthreads: 1 colors: 9 vertices: 64 edges 728 colors_table: () bestIndex: 28 seed: 1153431668
0.15
nthreads: 1 colors: 9 vertices: 64 edges 728 colors_table: () bestIndex: 9 seed: 1153431669
0.13
nthreads: 1 colors: 9 vertices: 64 edges 728 colors_table: () bestIndex: 20 seed: 1153431670
0.14
nthreads: 1 colors: 9 vertices: 64 edges 728 colors_table: () bestIndex: 77 seed: 1153431671
0.19
nthreads: 1 colors: 9 vertices: 64 edges 728 colors_table: () bestIndex: 44 seed: 1153431672
0.16
nthreads: 1 colors: 9 vertices: 64 edges 728 colors_table: () bestIndex: 68 seed: 1153431673
0.18
nthreads: 1 colors: 9 vertices: 64 edges 728 colors_table: () bestIndex: 48 seed: 1153431675
0.17
nthreads: 1 colors: 9 vertices: 64 edges 728 colors_table: () bestIndex: 19 seed: 1153431676
0.15
nthreads: 1 colors: 9 vertices: 64 edges 728 colors_table: () bestIndex: 54 seed: 1153431677
0.17
nthreads: 1 colors: 9 vertices: 64 edges 728 colors_table: () bestIndex: 9 seed: 1153431678
0.14
nthreads: 1 colors: 9 vertices: 64 edges 728 colors_table: () bestIndex: 29 seed: 1153431679
0.16
nthreads: 1 colors: 9 vertices: 64 edges 728 colors_table: () bestIndex: 38 seed: 1153431680
0.16
nthreads: 1 colors: 9 vertices: 64 edges 728 colors_table: () bestIndex: 54 seed: 1153431682
0.17
nthreads: 1 colors: 9 vertices: 64 edges 728 colors_table: () bestIndex: 8 seed: 1153431683
0.14
nthreads: 1 colors: 9 vertices: 64 edges 728 colors_table: () bestIndex: 27 seed: 1153431684
0.16
nthreads: 1 colors: 9 vertices: 64 edges 728 colors_table: () bestIndex: 38 seed: 1153431685
0.16
nthreads: 1 colors: 9 vertices: 64 edges 728 colors_table: () bestIndex: 75 seed: 1153431686
0.19
nthreads: 1 colors: 9 vertices: 64 edges 728 colors_table: () bestIndex: 52 seed: 1153431688
0.17
nthreads: 1 colors: 9 vertices: 64 edges 728 colors_table: () bestIndex: 53 seed: 1153431689
0.16
nthreads: 1 colors: 9 vertices: 64 edges 728 colors_table: () bestIndex: 16 seed: 1153431690
0.15
nthreads: 1 colors: 9 vertices: 64 edges 728 colors_table: () bestIndex: 22 seed: 1153431691
0.15
nthreads: 1 colors: 9 vertices: 64 edges 728 colors_table: () bestIndex: 3 seed: 1153431692
0.15
nthreads: 1 colors: 9 vertices: 64 edges 728 colors_table: () bestIndex: 5 seed: 1153431694
0.14
nthreads: 1 colors: 9 vertices: 64 edges 728 colors_table: () bestIndex: 78 seed: 1153431695
0.19
nthreads: 1 colors: 9 vertices: 64 edges 728 colors_table: () bestIndex: 12 seed: 1153431696
0.14
nthreads: 1 colors: 9 vertices: 64 edges 728 colors_table: () bestIndex: 11 seed: 1153431697
0.14
nthreads: 1 colors: 9 vertices: 64 edges 728 colors_table: () bestIndex: 52 seed: 1153431698
0.17
nthreads: 1 colors: 9 vertices: 64 edges 728 colors_table: () bestIndex: 58 seed: 1153431699
0.17
nthreads: 1 colors: 9 vertices: 64 edges 728 colors_table: () bestIndex: 17 seed: 1153431701
0.15
nthreads: 1 colors: 9 vertices: 64 edges 728 colors_table: () bestIndex: 93 seed: 1153431702
0.20
nthreads: 1 colors: 9 vertices: 64 edges 728 colors_table: () bestIndex: 5 seed: 1153431703
0.14
nthreads: 1 colors: 9 vertices: 64 edges 728 colors_table: () bestIndex: 44 seed: 1153431704
0.16
nthreads: 1 colors: 9 vertices: 64 edges 728 colors_table: () bestIndex: 64 seed: 1153431705
0.17
nthreads: 1 colors: 9 vertices: 64 edges 728 colors_table: () bestIndex: 9 seed: 1153431706
0.14
nthreads: 1 colors: 9 vertices: 64 edges 728 colors_table: () bestIndex: 51 seed: 1153431708
0.16
nthreads: 1 colors: 9 vertices: 64 edges 728 colors_table: () bestIndex: 51 seed: 1153431709
0.16
nthreads: 1 colors: 9 vertices: 64 edges 728 colors_table: () bestIndex: 17 seed: 1153431710
0.14
nthreads: 1 colors: 9 vertices: 64 edges 728 colors_table: () bestIndex: 39 seed: 1153431711
0.17
nthreads: 1 colors: 10 vertices: 64 edges 728 colors_table: () bestIndex: 21 seed: 1153431712
0.14
nthreads: 1 colors: 9 vertices: 64 edges 728 colors_table: () bestIndex: 17 seed: 1153431714
0.14
nthreads: 1 colors: 9 vertices: 64 edges 728 colors_table: () bestIndex: 28 seed: 1153431715
0.16
nthreads: 1 colors: 9 vertices: 64 edges 728 colors_table: () bestIndex: 42 seed: 1153431716
0.16
nthreads: 1 colors: 9 vertices: 64 edges 728 colors_table: () bestIndex: 55 seed: 1153431717
0.16
nthreads: 1 colors: 9 vertices: 64 edges 728 colors_table: () bestIndex: 17 seed: 1153431718
0.15
nthreads: 1 colors: 9 vertices: 64 edges 728 colors_table: () bestIndex: 97 seed: 1153431719
0.19
nthreads: 1 colors: 9 vertices: 64 edges 728 colors_table: () bestIndex: 25 seed: 1153431721
0.16
nthreads: 1 colors: 9 vertices: 64 edges 728 colors_table: () bestIndex: 20 seed: 1153431722
0.15
nthreads: 1 colors: 9 vertices: 64 edges 728 colors_table: () bestIndex: 48 seed: 1153431723
0.16
nthreads: 1 colors: 9 vertices: 64 edges 728 colors_table: () bestIndex: 27 seed: 1153431724
0.16
nthreads: 1 colors: 9 vertices: 64 edges 728 colors_table: () bestIndex: 5 seed: 1153431725
0.14
nthreads: 1 colors: 9 vertices: 64 edges 728 colors_table: () bestIndex: 26 seed: 1153431726
0.16
nthreads: 1 colors: 9 vertices: 64 edges 728 colors_table: () bestIndex: 39 seed: 1153431728
0.16
nthreads: 1 colors: 9 vertices: 64 edges 728 colors_table: () bestIndex: 77 seed: 1153431729
0.19
nthreads: 1 colors: 9 vertices: 64 edges 728 colors_table: () bestIndex: 13 seed: 1153431730
0.14
nthreads: 1 colors: 9 vertices: 64 edges 728 colors_table: () bestIndex: 12 seed: 1153431731
0.14
nthreads: 1 colors: 9 vertices: 64 edges 728 colors_table: () bestIndex: 22 seed: 1153431732
0.15
nthreads: 1 colors: 9 vertices: 64 edges 728 colors_table: () bestIndex: 32 seed: 1153431733
0.16
nthreads: 1 colors: 9 vertices: 64 edges 728 colors_table: () bestIndex: 42 seed: 1153431735
0.16
nthreads: 1 colors: 9 vertices: 64 edges 728 colors_table: () bestIndex: 10 seed: 1153431736
0.14
nthreads: 1 colors: 9 vertices: 64 edges 728 colors_table: () bestIndex: 63 seed: 1153431737
0.17
nthreads: 1 colors: 9 vertices: 64 edges 728 colors_table: () bestIndex: 9 seed: 1153431738
0.14
nthreads: 1 colors: 9 vertices: 64 edges 728 colors_table: () bestIndex: 41 seed: 1153431739
0.16
nthreads: 1 colors: 9 vertices: 64 edges 728 colors_table: () bestIndex: 97 seed: 1153431741
0.19
nthreads: 1 colors: 9 vertices: 64 edges 728 colors_table: () bestIndex: 5 seed: 1153431742
0.16
nthreads: 1 colors: 9 vertices: 64 edges 728 colors_table: () bestIndex: 44 seed: 1153431743
0.16
nthreads: 1 colors: 9 vertices: 64 edges 728 colors_table: () bestIndex: 66 seed: 1153431744
0.17
nthreads: 1 colors: 9 vertices: 64 edges 728 colors_table: () bestIndex: 28 seed: 1153431745
0.15
nthreads: 1 colors: 9 vertices: 64 edges 728 colors_table: () bestIndex: 16 seed: 1153431746
0.16
nthreads: 1 colors: 9 vertices: 64 edges 728 colors_table: () bestIndex: 33 seed: 1153431748
0.14
nthreads: 1 colors: 9 vertices: 64 edges 728 colors_table: () bestIndex: 5 seed: 1153431749
0.16
nthreads: 1 colors: 9 vertices: 64 edges 728 colors_table: () bestIndex: 7 seed: 1153431750
0.14
nthreads: 1 colors: 9 vertices: 64 edges 728 colors_table: () bestIndex: 13 seed: 1153431751
0.14
nthreads: 1 colors: 9 vertices: 64 edges 728 colors_table: () bestIndex: 31 seed: 1153431752
0.16
nthreads: 1 colors: 9 vertices: 64 edges 728 colors_table: () bestIndex: 98 seed: 1153431753
0.20
nthreads: 1 colors: 9 vertices: 64 edges 728 colors_table: () bestIndex: 30 seed: 1153431755
0.16
nthreads: 1 colors: 9 vertices: 64 edges 728 colors_table: () bestIndex: 4 seed: 1153431756
0.14
nthreads: 1 colors: 9 vertices: 64 edges 728 colors_table: () bestIndex: 6 seed: 1153431757
0.14
nthreads: 1 colors: 9 vertices: 64 edges 728 colors_table: () bestIndex: 32 seed: 1153431758
0.16
nthreads: 1 colors: 9 vertices: 64 edges 728 colors_table: () bestIndex: 38 seed: 1153431759
0.16
nthreads: 1 colors: 9 vertices: 64 edges 728 colors_table: () bestIndex: 40 seed: 1153431761
0.17
nthreads: 1 colors: 9 vertices: 64 edges 728 colors_table: () bestIndex: 8 seed: 1153431762
0.14
nthreads: 1 colors: 9 vertices: 64 edges 728 colors_table: () bestIndex: 33 seed: 1153431763
0.16
nthreads: 1 colors: 9 vertices: 64 edges 728 colors_table: () bestIndex: 22 seed: 1153431764
0.15
