school1.col.b n_loops: 100 n_threads: 1
Thu Jul 20 07:28:12 EDT 2006 /home/thanhvu/nfs/Classic/1225_SameAsPATCHONLY_w_somechangestoprintSol/log_dir//1153371616/school1.col.b_1153394892.log
Single cedf232c677ebdd3c298dee92578679f /home/thanhvu/nfs/Classic/1225_SameAsPATCHONLY_w_somechangestoprintSol/a.out
nthreads: 1 colors: 14 vertices: 385 edges 19095 colors_table: () bestIndex: 3 seed: 1153394892
19.95
nthreads: 1 colors: 14 vertices: 385 edges 19095 colors_table: () bestIndex: 2 seed: 1153394913
20.11
nthreads: 1 colors: 14 vertices: 385 edges 19095 colors_table: () bestIndex: 2 seed: 1153394934
19.91
nthreads: 1 colors: 14 vertices: 385 edges 19095 colors_table: () bestIndex: 2 seed: 1153394955
19.83
nthreads: 1 colors: 14 vertices: 385 edges 19095 colors_table: () bestIndex: 15 seed: 1153394976
20.26
nthreads: 1 colors: 14 vertices: 385 edges 19095 colors_table: () bestIndex: 4 seed: 1153394997
19.95
nthreads: 1 colors: 14 vertices: 385 edges 19095 colors_table: () bestIndex: 29 seed: 1153395018
20.40
nthreads: 1 colors: 14 vertices: 385 edges 19095 colors_table: () bestIndex: 2 seed: 1153395039
19.88
nthreads: 1 colors: 14 vertices: 385 edges 19095 colors_table: () bestIndex: 3 seed: 1153395060
19.93
nthreads: 1 colors: 14 vertices: 385 edges 19095 colors_table: () bestIndex: 2 seed: 1153395081
19.87
nthreads: 1 colors: 14 vertices: 385 edges 19095 colors_table: () bestIndex: 8 seed: 1153395102
19.98
nthreads: 1 colors: 14 vertices: 385 edges 19095 colors_table: () bestIndex: 5 seed: 1153395123
19.95
nthreads: 1 colors: 14 vertices: 385 edges 19095 colors_table: () bestIndex: 3 seed: 1153395144
20.70
nthreads: 1 colors: 14 vertices: 385 edges 19095 colors_table: () bestIndex: 4 seed: 1153395166
19.93
nthreads: 1 colors: 14 vertices: 385 edges 19095 colors_table: () bestIndex: 2 seed: 1153395187
19.92
nthreads: 1 colors: 14 vertices: 385 edges 19095 colors_table: () bestIndex: 5 seed: 1153395208
19.98
nthreads: 1 colors: 14 vertices: 385 edges 19095 colors_table: () bestIndex: 5 seed: 1153395229
19.94
nthreads: 1 colors: 14 vertices: 385 edges 19095 colors_table: () bestIndex: 6 seed: 1153395250
20.55
nthreads: 1 colors: 14 vertices: 385 edges 19095 colors_table: () bestIndex: 5 seed: 1153395272
19.96
nthreads: 1 colors: 14 vertices: 385 edges 19095 colors_table: () bestIndex: 17 seed: 1153395293
20.17
nthreads: 1 colors: 14 vertices: 385 edges 19095 colors_table: () bestIndex: 12 seed: 1153395314
20.18
nthreads: 1 colors: 14 vertices: 385 edges 19095 colors_table: () bestIndex: 4 seed: 1153395335
19.95
nthreads: 1 colors: 14 vertices: 385 edges 19095 colors_table: () bestIndex: 7 seed: 1153395356
19.96
nthreads: 1 colors: 14 vertices: 385 edges 19095 colors_table: () bestIndex: 2 seed: 1153395377
20.40
nthreads: 1 colors: 14 vertices: 385 edges 19095 colors_table: () bestIndex: 9 seed: 1153395398
20.08
nthreads: 1 colors: 14 vertices: 385 edges 19095 colors_table: () bestIndex: 4 seed: 1153395420
20.09
nthreads: 1 colors: 14 vertices: 385 edges 19095 colors_table: () bestIndex: 3 seed: 1153395441
19.90
nthreads: 1 colors: 14 vertices: 385 edges 19095 colors_table: () bestIndex: 3 seed: 1153395462
19.93
nthreads: 1 colors: 14 vertices: 385 edges 19095 colors_table: () bestIndex: 5 seed: 1153395483
19.95
nthreads: 1 colors: 14 vertices: 385 edges 19095 colors_table: () bestIndex: 2 seed: 1153395504
20.76
nthreads: 1 colors: 14 vertices: 385 edges 19095 colors_table: () bestIndex: 5 seed: 1153395525
19.99
nthreads: 1 colors: 14 vertices: 385 edges 19095 colors_table: () bestIndex: 13 seed: 1153395546
20.16
nthreads: 1 colors: 14 vertices: 385 edges 19095 colors_table: () bestIndex: 5 seed: 1153395568
20.71
nthreads: 1 colors: 14 vertices: 385 edges 19095 colors_table: () bestIndex: 2 seed: 1153395589
19.93
nthreads: 1 colors: 14 vertices: 385 edges 19095 colors_table: () bestIndex: 2 seed: 1153395610
19.90
nthreads: 1 colors: 14 vertices: 385 edges 19095 colors_table: () bestIndex: 2 seed: 1153395631
20.05
nthreads: 1 colors: 14 vertices: 385 edges 19095 colors_table: () bestIndex: 5 seed: 1153395652
19.91
nthreads: 1 colors: 14 vertices: 385 edges 19095 colors_table: () bestIndex: 2 seed: 1153395673
19.87
nthreads: 1 colors: 14 vertices: 385 edges 19095 colors_table: () bestIndex: 5 seed: 1153395694
19.98
nthreads: 1 colors: 14 vertices: 385 edges 19095 colors_table: () bestIndex: 5 seed: 1153395715
19.91
nthreads: 1 colors: 14 vertices: 385 edges 19095 colors_table: () bestIndex: 7 seed: 1153395736
20.05
nthreads: 1 colors: 14 vertices: 385 edges 19095 colors_table: () bestIndex: 9 seed: 1153395757
20.07
nthreads: 1 colors: 14 vertices: 385 edges 19095 colors_table: () bestIndex: 3 seed: 1153395778
20.79
nthreads: 1 colors: 14 vertices: 385 edges 19095 colors_table: () bestIndex: 2 seed: 1153395800
19.86
nthreads: 1 colors: 14 vertices: 385 edges 19095 colors_table: () bestIndex: 3 seed: 1153395821
19.91
nthreads: 1 colors: 14 vertices: 385 edges 19095 colors_table: () bestIndex: 5 seed: 1153395842
19.80
nthreads: 1 colors: 14 vertices: 385 edges 19095 colors_table: () bestIndex: 5 seed: 1153395863
19.96
nthreads: 1 colors: 14 vertices: 385 edges 19095 colors_table: () bestIndex: 4 seed: 1153395884
19.91
nthreads: 1 colors: 14 vertices: 385 edges 19095 colors_table: () bestIndex: 7 seed: 1153395905
19.95
nthreads: 1 colors: 14 vertices: 385 edges 19095 colors_table: () bestIndex: 2 seed: 1153395926
19.99
nthreads: 1 colors: 14 vertices: 385 edges 19095 colors_table: () bestIndex: 9 seed: 1153395947
20.13
nthreads: 1 colors: 14 vertices: 385 edges 19095 colors_table: () bestIndex: 3 seed: 1153395968
19.90
nthreads: 1 colors: 14 vertices: 385 edges 19095 colors_table: () bestIndex: 2 seed: 1153395989
19.91
nthreads: 1 colors: 14 vertices: 385 edges 19095 colors_table: () bestIndex: 2 seed: 1153396010
20.78
nthreads: 1 colors: 14 vertices: 385 edges 19095 colors_table: () bestIndex: 5 seed: 1153396032
20.46
nthreads: 1 colors: 14 vertices: 385 edges 19095 colors_table: () bestIndex: 6 seed: 1153396053
19.90
nthreads: 1 colors: 14 vertices: 385 edges 19095 colors_table: () bestIndex: 9 seed: 1153396074
19.99
nthreads: 1 colors: 14 vertices: 385 edges 19095 colors_table: () bestIndex: 4 seed: 1153396095
20.02
nthreads: 1 colors: 14 vertices: 385 edges 19095 colors_table: () bestIndex: 4 seed: 1153396116
20.16
nthreads: 1 colors: 14 vertices: 385 edges 19095 colors_table: () bestIndex: 2 seed: 1153396138
19.88
nthreads: 1 colors: 14 vertices: 385 edges 19095 colors_table: () bestIndex: 4 seed: 1153396158
19.96
nthreads: 1 colors: 14 vertices: 385 edges 19095 colors_table: () bestIndex: 10 seed: 1153396179
20.08
nthreads: 1 colors: 14 vertices: 385 edges 19095 colors_table: () bestIndex: 3 seed: 1153396201
20.03
nthreads: 1 colors: 14 vertices: 385 edges 19095 colors_table: () bestIndex: 7 seed: 1153396222
19.92
nthreads: 1 colors: 14 vertices: 385 edges 19095 colors_table: () bestIndex: 5 seed: 1153396243
19.98
nthreads: 1 colors: 14 vertices: 385 edges 19095 colors_table: () bestIndex: 4 seed: 1153396264
19.90
nthreads: 1 colors: 14 vertices: 385 edges 19095 colors_table: () bestIndex: 4 seed: 1153396285
19.92
nthreads: 1 colors: 14 vertices: 385 edges 19095 colors_table: () bestIndex: 7 seed: 1153396306
20.11
nthreads: 1 colors: 14 vertices: 385 edges 19095 colors_table: () bestIndex: 12 seed: 1153396327
20.60
nthreads: 1 colors: 14 vertices: 385 edges 19095 colors_table: () bestIndex: 3 seed: 1153396348
19.95
nthreads: 1 colors: 14 vertices: 385 edges 19095 colors_table: () bestIndex: 10 seed: 1153396369
21.15
nthreads: 1 colors: 14 vertices: 385 edges 19095 colors_table: () bestIndex: 5 seed: 1153396392
19.95
nthreads: 1 colors: 14 vertices: 385 edges 19095 colors_table: () bestIndex: 7 seed: 1153396412
20.02
nthreads: 1 colors: 14 vertices: 385 edges 19095 colors_table: () bestIndex: 7 seed: 1153396434
20.00
nthreads: 1 colors: 14 vertices: 385 edges 19095 colors_table: () bestIndex: 3 seed: 1153396455
19.87
nthreads: 1 colors: 14 vertices: 385 edges 19095 colors_table: () bestIndex: 12 seed: 1153396476
20.10
nthreads: 1 colors: 14 vertices: 385 edges 19095 colors_table: () bestIndex: 9 seed: 1153396497
19.96
nthreads: 1 colors: 14 vertices: 385 edges 19095 colors_table: () bestIndex: 3 seed: 1153396518
19.89
nthreads: 1 colors: 14 vertices: 385 edges 19095 colors_table: () bestIndex: 5 seed: 1153396539
19.91
nthreads: 1 colors: 14 vertices: 385 edges 19095 colors_table: () bestIndex: 7 seed: 1153396560
20.14
nthreads: 1 colors: 14 vertices: 385 edges 19095 colors_table: () bestIndex: 5 seed: 1153396581
20.02
nthreads: 1 colors: 14 vertices: 385 edges 19095 colors_table: () bestIndex: 2 seed: 1153396602
20.17
nthreads: 1 colors: 14 vertices: 385 edges 19095 colors_table: () bestIndex: 3 seed: 1153396623
19.89
nthreads: 1 colors: 14 vertices: 385 edges 19095 colors_table: () bestIndex: 2 seed: 1153396644
19.94
nthreads: 1 colors: 14 vertices: 385 edges 19095 colors_table: () bestIndex: 2 seed: 1153396665
19.85
nthreads: 1 colors: 14 vertices: 385 edges 19095 colors_table: () bestIndex: 3 seed: 1153396686
19.90
nthreads: 1 colors: 14 vertices: 385 edges 19095 colors_table: () bestIndex: 2 seed: 1153396707
19.92
nthreads: 1 colors: 14 vertices: 385 edges 19095 colors_table: () bestIndex: 7 seed: 1153396728
20.50
nthreads: 1 colors: 14 vertices: 385 edges 19095 colors_table: () bestIndex: 3 seed: 1153396749
20.32
nthreads: 1 colors: 14 vertices: 385 edges 19095 colors_table: () bestIndex: 2 seed: 1153396771
19.92
nthreads: 1 colors: 14 vertices: 385 edges 19095 colors_table: () bestIndex: 6 seed: 1153396792
19.93
nthreads: 1 colors: 14 vertices: 385 edges 19095 colors_table: () bestIndex: 12 seed: 1153396813
20.42
nthreads: 1 colors: 14 vertices: 385 edges 19095 colors_table: () bestIndex: 8 seed: 1153396834
20.06
nthreads: 1 colors: 14 vertices: 385 edges 19095 colors_table: () bestIndex: 5 seed: 1153396855
19.93
nthreads: 1 colors: 14 vertices: 385 edges 19095 colors_table: () bestIndex: 5 seed: 1153396876
19.98
nthreads: 1 colors: 14 vertices: 385 edges 19095 colors_table: () bestIndex: 2 seed: 1153396897
20.51
nthreads: 1 colors: 14 vertices: 385 edges 19095 colors_table: () bestIndex: 3 seed: 1153396919
19.89
nthreads: 1 colors: 14 vertices: 385 edges 19095 colors_table: () bestIndex: 2 seed: 1153396940
20.04
nthreads: 1 colors: 14 vertices: 385 edges 19095 colors_table: () bestIndex: 4 seed: 1153396961
19.96
nthreads: 1 colors: 14 vertices: 385 edges 19095 colors_table: () bestIndex: 6 seed: 1153396982
20.65
