wap03a.col.b n_loops: 100 n_threads: 1
Thu Jul 20 15:46:06 EDT 2006 /home/thanhvu/nfs/Classic/1225_SameAsPATCHONLY_w_somechangestoprintSol/log_dir//1153371616/wap03a.col.b_1153424766.log
Single cedf232c677ebdd3c298dee92578679f /home/thanhvu/nfs/Classic/1225_SameAsPATCHONLY_w_somechangestoprintSol/a.out
nthreads: 1 colors: 46 vertices: 4730 edges 286722 colors_table: () bestIndex: 1032 seed: 1153424766
351.16
nthreads: 1 colors: 46 vertices: 4730 edges 286722 colors_table: () bestIndex: 718 seed: 1153425118
310.02
nthreads: 1 colors: 46 vertices: 4730 edges 286722 colors_table: () bestIndex: 1326 seed: 1153425429
388.76
nthreads: 1 colors: 46 vertices: 4730 edges 286722 colors_table: () bestIndex: 1025 seed: 1153425819
351.31
nthreads: 1 colors: 46 vertices: 4730 edges 286722 colors_table: () bestIndex: 526 seed: 1153426171
280.53
nthreads: 1 colors: 46 vertices: 4730 edges 286722 colors_table: () bestIndex: 825 seed: 1153426453
325.61
nthreads: 1 colors: 47 vertices: 4730 edges 286722 colors_table: () bestIndex: 260 seed: 1153426779
239.38
nthreads: 1 colors: 46 vertices: 4730 edges 286722 colors_table: () bestIndex: 479 seed: 1153427020
274.76
nthreads: 1 colors: 47 vertices: 4730 edges 286722 colors_table: () bestIndex: 235 seed: 1153427296
237.82
nthreads: 1 colors: 46 vertices: 4730 edges 286722 colors_table: () bestIndex: 899 seed: 1153427534
328.01
nthreads: 1 colors: 46 vertices: 4730 edges 286722 colors_table: () bestIndex: 1487 seed: 1153427863
410.47
nthreads: 1 colors: 46 vertices: 4730 edges 286722 colors_table: () bestIndex: 864 seed: 1153428275
326.55
nthreads: 1 colors: 47 vertices: 4730 edges 286722 colors_table: () bestIndex: 761 seed: 1153428603
307.65
nthreads: 1 colors: 47 vertices: 4730 edges 286722 colors_table: () bestIndex: 304 seed: 1153428911
250.38
nthreads: 1 colors: 46 vertices: 4730 edges 286722 colors_table: () bestIndex: 293 seed: 1153429163
253.05
nthreads: 1 colors: 46 vertices: 4730 edges 286722 colors_table: () bestIndex: 1498 seed: 1153429417
418.89
nthreads: 1 colors: 46 vertices: 4730 edges 286722 colors_table: () bestIndex: 925 seed: 1153429837
336.23
nthreads: 1 colors: 47 vertices: 4730 edges 286722 colors_table: () bestIndex: 253 seed: 1153430174
240.47
nthreads: 1 colors: 46 vertices: 4730 edges 286722 colors_table: () bestIndex: 1583 seed: 1153430416
428.94
nthreads: 1 colors: 46 vertices: 4730 edges 286722 colors_table: () bestIndex: 467 seed: 1153430845
275.23
nthreads: 1 colors: 46 vertices: 4730 edges 286722 colors_table: () bestIndex: 368 seed: 1153431122
261.93
nthreads: 1 colors: 47 vertices: 4730 edges 286722 colors_table: () bestIndex: 299 seed: 1153431385
245.30
nthreads: 1 colors: 46 vertices: 4730 edges 286722 colors_table: () bestIndex: 527 seed: 1153431631
285.98
nthreads: 1 colors: 45 vertices: 4730 edges 286722 colors_table: () bestIndex: 2716 seed: 1153431918
567.17
nthreads: 1 colors: 46 vertices: 4730 edges 286722 colors_table: () bestIndex: 678 seed: 1153432486
305.57
nthreads: 1 colors: 46 vertices: 4730 edges 286722 colors_table: () bestIndex: 1294 seed: 1153432793
387.55
nthreads: 1 colors: 46 vertices: 4730 edges 286722 colors_table: () bestIndex: 783 seed: 1153433182
319.56
nthreads: 1 colors: 46 vertices: 4730 edges 286722 colors_table: () bestIndex: 462 seed: 1153433502
277.99
nthreads: 1 colors: 46 vertices: 4730 edges 286722 colors_table: () bestIndex: 517 seed: 1153433781
278.21
nthreads: 1 colors: 46 vertices: 4730 edges 286722 colors_table: () bestIndex: 692 seed: 1153434060
304.17
nthreads: 1 colors: 45 vertices: 4730 edges 286722 colors_table: () bestIndex: 1336 seed: 1153434366
410.12
nthreads: 1 colors: 47 vertices: 4730 edges 286722 colors_table: () bestIndex: 207 seed: 1153434777
233.57
nthreads: 1 colors: 47 vertices: 4730 edges 286722 colors_table: () bestIndex: 285 seed: 1153435011
243.52
nthreads: 1 colors: 47 vertices: 4730 edges 286722 colors_table: () bestIndex: 620 seed: 1153435256
288.37
nthreads: 1 colors: 47 vertices: 4730 edges 286722 colors_table: () bestIndex: 322 seed: 1153435545
248.84
nthreads: 1 colors: 45 vertices: 4730 edges 286722 colors_table: () bestIndex: 1886 seed: 1153435795
483.47
nthreads: 1 colors: 46 vertices: 4730 edges 286722 colors_table: () bestIndex: 1425 seed: 1153436280
398.00
nthreads: 1 colors: 46 vertices: 4730 edges 286722 colors_table: () bestIndex: 444 seed: 1153436679
270.72
nthreads: 1 colors: 46 vertices: 4730 edges 286722 colors_table: () bestIndex: 1460 seed: 1153436951
410.81
nthreads: 1 colors: 46 vertices: 4730 edges 286722 colors_table: () bestIndex: 319 seed: 1153437362
255.28
nthreads: 1 colors: 46 vertices: 4730 edges 286722 colors_table: () bestIndex: 476 seed: 1153437619
273.24
nthreads: 1 colors: 46 vertices: 4730 edges 286722 colors_table: () bestIndex: 443 seed: 1153437893
277.09
nthreads: 1 colors: 46 vertices: 4730 edges 286722 colors_table: () bestIndex: 1674 seed: 1153438171
435.87
nthreads: 1 colors: 46 vertices: 4730 edges 286722 colors_table: () bestIndex: 348 seed: 1153438608
253.73
nthreads: 1 colors: 47 vertices: 4730 edges 286722 colors_table: () bestIndex: 216 seed: 1153438863
234.13
nthreads: 1 colors: 46 vertices: 4730 edges 286722 colors_table: () bestIndex: 624 seed: 1153439098
298.19
nthreads: 1 colors: 46 vertices: 4730 edges 286722 colors_table: () bestIndex: 288 seed: 1153439397
249.87
nthreads: 1 colors: 45 vertices: 4730 edges 286722 colors_table: () bestIndex: 1293 seed: 1153439648
403.15
nthreads: 1 colors: 46 vertices: 4730 edges 286722 colors_table: () bestIndex: 482 seed: 1153440052
274.64
nthreads: 1 colors: 46 vertices: 4730 edges 286722 colors_table: () bestIndex: 1150 seed: 1153440328
364.29
nthreads: 1 colors: 46 vertices: 4730 edges 286722 colors_table: () bestIndex: 670 seed: 1153440693
304.29
nthreads: 1 colors: 46 vertices: 4730 edges 286722 colors_table: () bestIndex: 860 seed: 1153440999
331.59
nthreads: 1 colors: 45 vertices: 4730 edges 286722 colors_table: () bestIndex: 2673 seed: 1153441331
556.41
nthreads: 1 colors: 45 vertices: 4730 edges 286722 colors_table: () bestIndex: 798 seed: 1153441889
332.67
nthreads: 1 colors: 47 vertices: 4730 edges 286722 colors_table: () bestIndex: 246 seed: 1153442223
240.80
nthreads: 1 colors: 45 vertices: 4730 edges 286722 colors_table: () bestIndex: 2131 seed: 1153442464
520.27
nthreads: 1 colors: 46 vertices: 4730 edges 286722 colors_table: () bestIndex: 650 seed: 1153442986
303.04
nthreads: 1 colors: 46 vertices: 4730 edges 286722 colors_table: () bestIndex: 332 seed: 1153443290
253.48
nthreads: 1 colors: 46 vertices: 4730 edges 286722 colors_table: () bestIndex: 1283 seed: 1153443544
381.92
nthreads: 1 colors: 46 vertices: 4730 edges 286722 colors_table: () bestIndex: 955 seed: 1153443927
340.87
nthreads: 1 colors: 47 vertices: 4730 edges 286722 colors_table: () bestIndex: 231 seed: 1153444269
236.16
nthreads: 1 colors: 47 vertices: 4730 edges 286722 colors_table: () bestIndex: 529 seed: 1153444506
276.38
nthreads: 1 colors: 47 vertices: 4730 edges 286722 colors_table: () bestIndex: 759 seed: 1153444784
308.16
nthreads: 1 colors: 45 vertices: 4730 edges 286722 colors_table: () bestIndex: 1757 seed: 1153445093
464.51
nthreads: 1 colors: 46 vertices: 4730 edges 286722 colors_table: () bestIndex: 672 seed: 1153445559
301.72
nthreads: 1 colors: 46 vertices: 4730 edges 286722 colors_table: () bestIndex: 358 seed: 1153445861
258.58
nthreads: 1 colors: 47 vertices: 4730 edges 286722 colors_table: () bestIndex: 259 seed: 1153446121
239.74
nthreads: 1 colors: 45 vertices: 4730 edges 286722 colors_table: () bestIndex: 1439 seed: 1153446362
420.05
nthreads: 1 colors: 46 vertices: 4730 edges 286722 colors_table: () bestIndex: 530 seed: 1153446783
285.84
nthreads: 1 colors: 46 vertices: 4730 edges 286722 colors_table: () bestIndex: 790 seed: 1153447070
316.57
nthreads: 1 colors: 47 vertices: 4730 edges 286722 colors_table: () bestIndex: 263 seed: 1153447387
240.09
nthreads: 1 colors: 46 vertices: 4730 edges 286722 colors_table: () bestIndex: 1889 seed: 1153447628
463.41
nthreads: 1 colors: 46 vertices: 4730 edges 286722 colors_table: () bestIndex: 373 seed: 1153448093
263.47
nthreads: 1 colors: 46 vertices: 4730 edges 286722 colors_table: () bestIndex: 626 seed: 1153448357
292.67
nthreads: 1 colors: 46 vertices: 4730 edges 286722 colors_table: () bestIndex: 474 seed: 1153448651
274.06
nthreads: 1 colors: 45 vertices: 4730 edges 286722 colors_table: () bestIndex: 1300 seed: 1153448926
402.97
nthreads: 1 colors: 47 vertices: 4730 edges 286722 colors_table: () bestIndex: 224 seed: 1153449330
237.91
nthreads: 1 colors: 45 vertices: 4730 edges 286722 colors_table: () bestIndex: 1207 seed: 1153449569
389.59
nthreads: 1 colors: 45 vertices: 4730 edges 286722 colors_table: () bestIndex: 1761 seed: 1153449960
463.14
nthreads: 1 colors: 46 vertices: 4730 edges 286722 colors_table: () bestIndex: 1182 seed: 1153450424
366.72
nthreads: 1 colors: 46 vertices: 4730 edges 286722 colors_table: () bestIndex: 493 seed: 1153450792
277.62
nthreads: 1 colors: 46 vertices: 4730 edges 286722 colors_table: () bestIndex: 298 seed: 1153451070
251.16
nthreads: 1 colors: 47 vertices: 4730 edges 286722 colors_table: () bestIndex: 876 seed: 1153451323
323.39
nthreads: 1 colors: 46 vertices: 4730 edges 286722 colors_table: () bestIndex: 382 seed: 1153451647
266.37
nthreads: 1 colors: 45 vertices: 4730 edges 286722 colors_table: () bestIndex: 963 seed: 1153451914
356.14
nthreads: 1 colors: 46 vertices: 4730 edges 286722 colors_table: () bestIndex: 1366 seed: 1153452272
396.62
nthreads: 1 colors: 45 vertices: 4730 edges 286722 colors_table: () bestIndex: 1514 seed: 1153452669
436.00
nthreads: 1 colors: 45 vertices: 4730 edges 286722 colors_table: () bestIndex: 1920 seed: 1153453106
483.22
nthreads: 1 colors: 45 vertices: 4730 edges 286722 colors_table: () bestIndex: 1542 seed: 1153453591
437.41
nthreads: 1 colors: 47 vertices: 4730 edges 286722 colors_table: () bestIndex: 286 seed: 1153454029
243.85
nthreads: 1 colors: 46 vertices: 4730 edges 286722 colors_table: () bestIndex: 514 seed: 1153454274
279.25
nthreads: 1 colors: 46 vertices: 4730 edges 286722 colors_table: () bestIndex: 604 seed: 1153454554
296.24
nthreads: 1 colors: 46 vertices: 4730 edges 286722 colors_table: () bestIndex: 644 seed: 1153454852
302.22
nthreads: 1 colors: 47 vertices: 4730 edges 286722 colors_table: () bestIndex: 229 seed: 1153455155
235.77
nthreads: 1 colors: 46 vertices: 4730 edges 286722 colors_table: () bestIndex: 850 seed: 1153455392
321.29
nthreads: 1 colors: 47 vertices: 4730 edges 286722 colors_table: () bestIndex: 248 seed: 1153455714
240.09
nthreads: 1 colors: 46 vertices: 4730 edges 286722 colors_table: () bestIndex: 1068 seed: 1153455955
351.91
nthreads: 1 colors: 47 vertices: 4730 edges 286722 colors_table: () bestIndex: 827 seed: 1153456308
315.14
nthreads: 1 colors: 46 vertices: 4730 edges 286722 colors_table: () bestIndex: 378 seed: 1153456624
263.68
nthreads: 1 colors: 47 vertices: 4730 edges 286722 colors_table: () bestIndex: 253 seed: 1153456889
238.91
