wap02a.col.b n_loops: 100 n_threads: 1
Thu Jul 20 12:12:37 EDT 2006 /home/thanhvu/nfs/Classic/1225_SameAsPATCHONLY_w_somechangestoprintSol/log_dir//1153371616/wap02a.col.b_1153411957.log
Single cedf232c677ebdd3c298dee92578679f /home/thanhvu/nfs/Classic/1225_SameAsPATCHONLY_w_somechangestoprintSol/a.out
nthreads: 1 colors: 43 vertices: 2464 edges 111742 colors_table: () bestIndex: 286 seed: 1153411957
110.14
nthreads: 1 colors: 42 vertices: 2464 edges 111742 colors_table: () bestIndex: 591 seed: 1153412068
131.23
nthreads: 1 colors: 43 vertices: 2464 edges 111742 colors_table: () bestIndex: 257 seed: 1153412200
107.84
nthreads: 1 colors: 42 vertices: 2464 edges 111742 colors_table: () bestIndex: 1017 seed: 1153412309
157.28
nthreads: 1 colors: 43 vertices: 2464 edges 111742 colors_table: () bestIndex: 318 seed: 1153412468
111.58
nthreads: 1 colors: 42 vertices: 2464 edges 111742 colors_table: () bestIndex: 446 seed: 1153412580
122.14
nthreads: 1 colors: 42 vertices: 2464 edges 111742 colors_table: () bestIndex: 1317 seed: 1153412703
175.67
nthreads: 1 colors: 42 vertices: 2464 edges 111742 colors_table: () bestIndex: 631 seed: 1153412880
133.16
nthreads: 1 colors: 43 vertices: 2464 edges 111742 colors_table: () bestIndex: 269 seed: 1153413014
108.67
nthreads: 1 colors: 42 vertices: 2464 edges 111742 colors_table: () bestIndex: 665 seed: 1153413124
135.47
nthreads: 1 colors: 43 vertices: 2464 edges 111742 colors_table: () bestIndex: 373 seed: 1153413261
115.86
nthreads: 1 colors: 43 vertices: 2464 edges 111742 colors_table: () bestIndex: 353 seed: 1153413377
114.05
nthreads: 1 colors: 43 vertices: 2464 edges 111742 colors_table: () bestIndex: 262 seed: 1153413493
109.42
nthreads: 1 colors: 43 vertices: 2464 edges 111742 colors_table: () bestIndex: 319 seed: 1153413603
112.50
nthreads: 1 colors: 43 vertices: 2464 edges 111742 colors_table: () bestIndex: 257 seed: 1153413717
108.71
nthreads: 1 colors: 42 vertices: 2464 edges 111742 colors_table: () bestIndex: 1598 seed: 1153413826
191.47
nthreads: 1 colors: 43 vertices: 2464 edges 111742 colors_table: () bestIndex: 388 seed: 1153414019
116.44
nthreads: 1 colors: 43 vertices: 2464 edges 111742 colors_table: () bestIndex: 326 seed: 1153414136
112.46
nthreads: 1 colors: 43 vertices: 2464 edges 111742 colors_table: () bestIndex: 230 seed: 1153414250
106.96
nthreads: 1 colors: 43 vertices: 2464 edges 111742 colors_table: () bestIndex: 319 seed: 1153414358
111.71
nthreads: 1 colors: 42 vertices: 2464 edges 111742 colors_table: () bestIndex: 547 seed: 1153414471
129.05
nthreads: 1 colors: 43 vertices: 2464 edges 111742 colors_table: () bestIndex: 280 seed: 1153414601
109.48
nthreads: 1 colors: 43 vertices: 2464 edges 111742 colors_table: () bestIndex: 316 seed: 1153414711
111.33
nthreads: 1 colors: 43 vertices: 2464 edges 111742 colors_table: () bestIndex: 321 seed: 1153414824
111.88
nthreads: 1 colors: 43 vertices: 2464 edges 111742 colors_table: () bestIndex: 271 seed: 1153414936
109.83
nthreads: 1 colors: 43 vertices: 2464 edges 111742 colors_table: () bestIndex: 293 seed: 1153415047
110.31
nthreads: 1 colors: 42 vertices: 2464 edges 111742 colors_table: () bestIndex: 817 seed: 1153415159
146.13
nthreads: 1 colors: 42 vertices: 2464 edges 111742 colors_table: () bestIndex: 1661 seed: 1153415306
196.14
nthreads: 1 colors: 43 vertices: 2464 edges 111742 colors_table: () bestIndex: 267 seed: 1153415503
109.05
nthreads: 1 colors: 43 vertices: 2464 edges 111742 colors_table: () bestIndex: 351 seed: 1153415613
113.34
nthreads: 1 colors: 43 vertices: 2464 edges 111742 colors_table: () bestIndex: 297 seed: 1153415728
110.26
nthreads: 1 colors: 43 vertices: 2464 edges 111742 colors_table: () bestIndex: 361 seed: 1153415839
114.09
nthreads: 1 colors: 42 vertices: 2464 edges 111742 colors_table: () bestIndex: 1331 seed: 1153415954
175.16
nthreads: 1 colors: 43 vertices: 2464 edges 111742 colors_table: () bestIndex: 346 seed: 1153416130
113.33
nthreads: 1 colors: 42 vertices: 2464 edges 111742 colors_table: () bestIndex: 1212 seed: 1153416245
169.60
nthreads: 1 colors: 43 vertices: 2464 edges 111742 colors_table: () bestIndex: 263 seed: 1153416415
109.32
nthreads: 1 colors: 42 vertices: 2464 edges 111742 colors_table: () bestIndex: 1247 seed: 1153416526
171.33
nthreads: 1 colors: 42 vertices: 2464 edges 111742 colors_table: () bestIndex: 501 seed: 1153416698
125.12
nthreads: 1 colors: 43 vertices: 2464 edges 111742 colors_table: () bestIndex: 356 seed: 1153416824
113.72
nthreads: 1 colors: 43 vertices: 2464 edges 111742 colors_table: () bestIndex: 267 seed: 1153416939
108.01
nthreads: 1 colors: 42 vertices: 2464 edges 111742 colors_table: () bestIndex: 1281 seed: 1153417048
172.85
nthreads: 1 colors: 42 vertices: 2464 edges 111742 colors_table: () bestIndex: 1718 seed: 1153417222
199.57
nthreads: 1 colors: 42 vertices: 2464 edges 111742 colors_table: () bestIndex: 1211 seed: 1153417422
169.67
nthreads: 1 colors: 43 vertices: 2464 edges 111742 colors_table: () bestIndex: 414 seed: 1153417593
117.57
nthreads: 1 colors: 43 vertices: 2464 edges 111742 colors_table: () bestIndex: 296 seed: 1153417712
110.21
nthreads: 1 colors: 43 vertices: 2464 edges 111742 colors_table: () bestIndex: 269 seed: 1153417823
109.21
nthreads: 1 colors: 42 vertices: 2464 edges 111742 colors_table: () bestIndex: 1238 seed: 1153417933
170.78
nthreads: 1 colors: 43 vertices: 2464 edges 111742 colors_table: () bestIndex: 487 seed: 1153418105
121.57
nthreads: 1 colors: 43 vertices: 2464 edges 111742 colors_table: () bestIndex: 279 seed: 1153418228
110.13
nthreads: 1 colors: 43 vertices: 2464 edges 111742 colors_table: () bestIndex: 437 seed: 1153418339
118.79
nthreads: 1 colors: 43 vertices: 2464 edges 111742 colors_table: () bestIndex: 308 seed: 1153418459
111.31
nthreads: 1 colors: 43 vertices: 2464 edges 111742 colors_table: () bestIndex: 232 seed: 1153418571
107.24
nthreads: 1 colors: 42 vertices: 2464 edges 111742 colors_table: () bestIndex: 660 seed: 1153418679
134.41
nthreads: 1 colors: 43 vertices: 2464 edges 111742 colors_table: () bestIndex: 232 seed: 1153418815
106.58
nthreads: 1 colors: 43 vertices: 2464 edges 111742 colors_table: () bestIndex: 282 seed: 1153418922
110.40
nthreads: 1 colors: 43 vertices: 2464 edges 111742 colors_table: () bestIndex: 314 seed: 1153419034
111.59
nthreads: 1 colors: 43 vertices: 2464 edges 111742 colors_table: () bestIndex: 316 seed: 1153419146
111.85
nthreads: 1 colors: 42 vertices: 2464 edges 111742 colors_table: () bestIndex: 1623 seed: 1153419259
193.33
nthreads: 1 colors: 43 vertices: 2464 edges 111742 colors_table: () bestIndex: 275 seed: 1153419454
108.96
nthreads: 1 colors: 43 vertices: 2464 edges 111742 colors_table: () bestIndex: 313 seed: 1153419564
112.30
nthreads: 1 colors: 42 vertices: 2464 edges 111742 colors_table: () bestIndex: 1135 seed: 1153419677
163.87
nthreads: 1 colors: 43 vertices: 2464 edges 111742 colors_table: () bestIndex: 274 seed: 1153419842
108.84
nthreads: 1 colors: 42 vertices: 2464 edges 111742 colors_table: () bestIndex: 632 seed: 1153419952
133.24
nthreads: 1 colors: 42 vertices: 2464 edges 111742 colors_table: () bestIndex: 632 seed: 1153420086
133.09
nthreads: 1 colors: 43 vertices: 2464 edges 111742 colors_table: () bestIndex: 258 seed: 1153420220
108.79
nthreads: 1 colors: 43 vertices: 2464 edges 111742 colors_table: () bestIndex: 316 seed: 1153420330
111.80
nthreads: 1 colors: 42 vertices: 2464 edges 111742 colors_table: () bestIndex: 1043 seed: 1153420443
158.22
nthreads: 1 colors: 42 vertices: 2464 edges 111742 colors_table: () bestIndex: 1467 seed: 1153420602
184.03
nthreads: 1 colors: 43 vertices: 2464 edges 111742 colors_table: () bestIndex: 274 seed: 1153420787
109.35
nthreads: 1 colors: 42 vertices: 2464 edges 111742 colors_table: () bestIndex: 1590 seed: 1153420898
191.75
nthreads: 1 colors: 42 vertices: 2464 edges 111742 colors_table: () bestIndex: 1314 seed: 1153421091
175.38
nthreads: 1 colors: 43 vertices: 2464 edges 111742 colors_table: () bestIndex: 325 seed: 1153421267
112.30
nthreads: 1 colors: 43 vertices: 2464 edges 111742 colors_table: () bestIndex: 279 seed: 1153421380
109.45
nthreads: 1 colors: 43 vertices: 2464 edges 111742 colors_table: () bestIndex: 363 seed: 1153421491
115.19
nthreads: 1 colors: 42 vertices: 2464 edges 111742 colors_table: () bestIndex: 1484 seed: 1153421607
185.09
nthreads: 1 colors: 43 vertices: 2464 edges 111742 colors_table: () bestIndex: 271 seed: 1153421793
109.65
nthreads: 1 colors: 43 vertices: 2464 edges 111742 colors_table: () bestIndex: 311 seed: 1153421904
111.81
nthreads: 1 colors: 42 vertices: 2464 edges 111742 colors_table: () bestIndex: 1284 seed: 1153422017
174.26
nthreads: 1 colors: 42 vertices: 2464 edges 111742 colors_table: () bestIndex: 691 seed: 1153422192
137.05
nthreads: 1 colors: 43 vertices: 2464 edges 111742 colors_table: () bestIndex: 300 seed: 1153422330
110.89
nthreads: 1 colors: 43 vertices: 2464 edges 111742 colors_table: () bestIndex: 343 seed: 1153422442
113.91
nthreads: 1 colors: 43 vertices: 2464 edges 111742 colors_table: () bestIndex: 259 seed: 1153422557
108.97
nthreads: 1 colors: 43 vertices: 2464 edges 111742 colors_table: () bestIndex: 321 seed: 1153422667
111.79
nthreads: 1 colors: 43 vertices: 2464 edges 111742 colors_table: () bestIndex: 287 seed: 1153422780
109.67
nthreads: 1 colors: 43 vertices: 2464 edges 111742 colors_table: () bestIndex: 413 seed: 1153422891
117.21
nthreads: 1 colors: 43 vertices: 2464 edges 111742 colors_table: () bestIndex: 231 seed: 1153423009
106.35
nthreads: 1 colors: 43 vertices: 2464 edges 111742 colors_table: () bestIndex: 374 seed: 1153423116
115.36
nthreads: 1 colors: 43 vertices: 2464 edges 111742 colors_table: () bestIndex: 349 seed: 1153423233
113.58
nthreads: 1 colors: 43 vertices: 2464 edges 111742 colors_table: () bestIndex: 291 seed: 1153423347
110.02
nthreads: 1 colors: 43 vertices: 2464 edges 111742 colors_table: () bestIndex: 469 seed: 1153423458
120.99
nthreads: 1 colors: 43 vertices: 2464 edges 111742 colors_table: () bestIndex: 307 seed: 1153423580
110.94
nthreads: 1 colors: 43 vertices: 2464 edges 111742 colors_table: () bestIndex: 473 seed: 1153423692
121.50
nthreads: 1 colors: 42 vertices: 2464 edges 111742 colors_table: () bestIndex: 976 seed: 1153423815
154.06
nthreads: 1 colors: 43 vertices: 2464 edges 111742 colors_table: () bestIndex: 291 seed: 1153423970
110.56
nthreads: 1 colors: 43 vertices: 2464 edges 111742 colors_table: () bestIndex: 307 seed: 1153424082
110.77
nthreads: 1 colors: 43 vertices: 2464 edges 111742 colors_table: () bestIndex: 368 seed: 1153424193
115.65
nthreads: 1 colors: 43 vertices: 2464 edges 111742 colors_table: () bestIndex: 322 seed: 1153424310
112.52
nthreads: 1 colors: 43 vertices: 2464 edges 111742 colors_table: () bestIndex: 295 seed: 1153424424
110.73
nthreads: 1 colors: 43 vertices: 2464 edges 111742 colors_table: () bestIndex: 405 seed: 1153424535
116.89
nthreads: 1 colors: 43 vertices: 2464 edges 111742 colors_table: () bestIndex: 290 seed: 1153424653
111.20
