will199GPIA.col.b n_loops: 100 n_threads: 1
Fri Jul 21 21:35:44 EDT 2006 /home/thanhvu/nfs/Classic/1225_SameAsPATCHONLY_w_somechangestoprintSol/log_dir//1153371616/will199GPIA.col.b_1153532144.log
Single cedf232c677ebdd3c298dee92578679f /home/thanhvu/nfs/Classic/1225_SameAsPATCHONLY_w_somechangestoprintSol/a.out
nthreads: 1 colors: 7 vertices: 701 edges 6772 colors_table: () bestIndex: 41 seed: 1153532144
17.30
nthreads: 1 colors: 7 vertices: 701 edges 6772 colors_table: () bestIndex: 41 seed: 1153532163
17.16
nthreads: 1 colors: 7 vertices: 701 edges 6772 colors_table: () bestIndex: 41 seed: 1153532181
17.18
nthreads: 1 colors: 7 vertices: 701 edges 6772 colors_table: () bestIndex: 41 seed: 1153532199
17.25
nthreads: 1 colors: 7 vertices: 701 edges 6772 colors_table: () bestIndex: 41 seed: 1153532217
17.24
nthreads: 1 colors: 7 vertices: 701 edges 6772 colors_table: () bestIndex: 41 seed: 1153532236
17.22
nthreads: 1 colors: 7 vertices: 701 edges 6772 colors_table: () bestIndex: 41 seed: 1153532254
17.32
nthreads: 1 colors: 7 vertices: 701 edges 6772 colors_table: () bestIndex: 44 seed: 1153532272
17.38
nthreads: 1 colors: 7 vertices: 701 edges 6772 colors_table: () bestIndex: 41 seed: 1153532291
17.20
nthreads: 1 colors: 7 vertices: 701 edges 6772 colors_table: () bestIndex: 41 seed: 1153532309
17.35
nthreads: 1 colors: 7 vertices: 701 edges 6772 colors_table: () bestIndex: 45 seed: 1153532327
17.40
nthreads: 1 colors: 7 vertices: 701 edges 6772 colors_table: () bestIndex: 41 seed: 1153532346
17.32
nthreads: 1 colors: 7 vertices: 701 edges 6772 colors_table: () bestIndex: 41 seed: 1153532364
17.26
nthreads: 1 colors: 7 vertices: 701 edges 6772 colors_table: () bestIndex: 41 seed: 1153532382
17.18
nthreads: 1 colors: 7 vertices: 701 edges 6772 colors_table: () bestIndex: 42 seed: 1153532401
17.63
nthreads: 1 colors: 7 vertices: 701 edges 6772 colors_table: () bestIndex: 41 seed: 1153532419
17.41
nthreads: 1 colors: 7 vertices: 701 edges 6772 colors_table: () bestIndex: 41 seed: 1153532438
17.26
nthreads: 1 colors: 7 vertices: 701 edges 6772 colors_table: () bestIndex: 42 seed: 1153532456
17.28
nthreads: 1 colors: 7 vertices: 701 edges 6772 colors_table: () bestIndex: 68 seed: 1153532474
17.64
nthreads: 1 colors: 7 vertices: 701 edges 6772 colors_table: () bestIndex: 41 seed: 1153532493
17.37
nthreads: 1 colors: 7 vertices: 701 edges 6772 colors_table: () bestIndex: 41 seed: 1153532511
17.24
nthreads: 1 colors: 7 vertices: 701 edges 6772 colors_table: () bestIndex: 42 seed: 1153532530
17.34
nthreads: 1 colors: 7 vertices: 701 edges 6772 colors_table: () bestIndex: 53 seed: 1153532548
17.30
nthreads: 1 colors: 7 vertices: 701 edges 6772 colors_table: () bestIndex: 41 seed: 1153532566
17.37
nthreads: 1 colors: 7 vertices: 701 edges 6772 colors_table: () bestIndex: 41 seed: 1153532585
17.19
nthreads: 1 colors: 7 vertices: 701 edges 6772 colors_table: () bestIndex: 52 seed: 1153532603
17.75
nthreads: 1 colors: 7 vertices: 701 edges 6772 colors_table: () bestIndex: 41 seed: 1153532622
17.32
nthreads: 1 colors: 7 vertices: 701 edges 6772 colors_table: () bestIndex: 41 seed: 1153532640
17.25
nthreads: 1 colors: 7 vertices: 701 edges 6772 colors_table: () bestIndex: 41 seed: 1153532658
17.18
nthreads: 1 colors: 7 vertices: 701 edges 6772 colors_table: () bestIndex: 41 seed: 1153532677
17.33
nthreads: 1 colors: 7 vertices: 701 edges 6772 colors_table: () bestIndex: 41 seed: 1153532695
17.23
nthreads: 1 colors: 7 vertices: 701 edges 6772 colors_table: () bestIndex: 41 seed: 1153532713
17.25
nthreads: 1 colors: 7 vertices: 701 edges 6772 colors_table: () bestIndex: 41 seed: 1153532732
17.32
nthreads: 1 colors: 7 vertices: 701 edges 6772 colors_table: () bestIndex: 41 seed: 1153532750
17.22
nthreads: 1 colors: 7 vertices: 701 edges 6772 colors_table: () bestIndex: 41 seed: 1153532768
17.58
nthreads: 1 colors: 7 vertices: 701 edges 6772 colors_table: () bestIndex: 41 seed: 1153532787
17.31
nthreads: 1 colors: 7 vertices: 701 edges 6772 colors_table: () bestIndex: 41 seed: 1153532805
17.29
nthreads: 1 colors: 7 vertices: 701 edges 6772 colors_table: () bestIndex: 41 seed: 1153532824
17.26
nthreads: 1 colors: 7 vertices: 701 edges 6772 colors_table: () bestIndex: 41 seed: 1153532842
17.35
nthreads: 1 colors: 7 vertices: 701 edges 6772 colors_table: () bestIndex: 41 seed: 1153532860
17.28
nthreads: 1 colors: 7 vertices: 701 edges 6772 colors_table: () bestIndex: 41 seed: 1153532879
17.28
nthreads: 1 colors: 7 vertices: 701 edges 6772 colors_table: () bestIndex: 41 seed: 1153532897
17.17
nthreads: 1 colors: 7 vertices: 701 edges 6772 colors_table: () bestIndex: 41 seed: 1153532915
17.33
nthreads: 1 colors: 7 vertices: 701 edges 6772 colors_table: () bestIndex: 41 seed: 1153532933
17.20
nthreads: 1 colors: 7 vertices: 701 edges 6772 colors_table: () bestIndex: 41 seed: 1153532952
17.22
nthreads: 1 colors: 7 vertices: 701 edges 6772 colors_table: () bestIndex: 41 seed: 1153532970
17.22
nthreads: 1 colors: 7 vertices: 701 edges 6772 colors_table: () bestIndex: 55 seed: 1153532988
17.28
nthreads: 1 colors: 7 vertices: 701 edges 6772 colors_table: () bestIndex: 41 seed: 1153533007
17.34
nthreads: 1 colors: 7 vertices: 701 edges 6772 colors_table: () bestIndex: 41 seed: 1153533025
17.23
nthreads: 1 colors: 7 vertices: 701 edges 6772 colors_table: () bestIndex: 41 seed: 1153533043
17.35
nthreads: 1 colors: 7 vertices: 701 edges 6772 colors_table: () bestIndex: 41 seed: 1153533062
17.31
nthreads: 1 colors: 7 vertices: 701 edges 6772 colors_table: () bestIndex: 41 seed: 1153533080
17.26
nthreads: 1 colors: 7 vertices: 701 edges 6772 colors_table: () bestIndex: 41 seed: 1153533098
17.30
nthreads: 1 colors: 7 vertices: 701 edges 6772 colors_table: () bestIndex: 41 seed: 1153533117
17.21
nthreads: 1 colors: 7 vertices: 701 edges 6772 colors_table: () bestIndex: 41 seed: 1153533135
17.26
nthreads: 1 colors: 7 vertices: 701 edges 6772 colors_table: () bestIndex: 41 seed: 1153533153
17.46
nthreads: 1 colors: 7 vertices: 701 edges 6772 colors_table: () bestIndex: 41 seed: 1153533172
17.15
nthreads: 1 colors: 7 vertices: 701 edges 6772 colors_table: () bestIndex: 41 seed: 1153533190
17.30
nthreads: 1 colors: 7 vertices: 701 edges 6772 colors_table: () bestIndex: 41 seed: 1153533208
17.32
nthreads: 1 colors: 7 vertices: 701 edges 6772 colors_table: () bestIndex: 41 seed: 1153533227
17.37
nthreads: 1 colors: 7 vertices: 701 edges 6772 colors_table: () bestIndex: 41 seed: 1153533245
17.41
nthreads: 1 colors: 7 vertices: 701 edges 6772 colors_table: () bestIndex: 41 seed: 1153533263
17.32
nthreads: 1 colors: 7 vertices: 701 edges 6772 colors_table: () bestIndex: 41 seed: 1153533282
17.19
nthreads: 1 colors: 7 vertices: 701 edges 6772 colors_table: () bestIndex: 41 seed: 1153533300
18.12
nthreads: 1 colors: 7 vertices: 701 edges 6772 colors_table: () bestIndex: 41 seed: 1153533319
17.28
nthreads: 1 colors: 7 vertices: 701 edges 6772 colors_table: () bestIndex: 41 seed: 1153533337
17.28
nthreads: 1 colors: 7 vertices: 701 edges 6772 colors_table: () bestIndex: 41 seed: 1153533356
17.25
nthreads: 1 colors: 7 vertices: 701 edges 6772 colors_table: () bestIndex: 41 seed: 1153533374
17.26
nthreads: 1 colors: 7 vertices: 701 edges 6772 colors_table: () bestIndex: 42 seed: 1153533392
17.32
nthreads: 1 colors: 7 vertices: 701 edges 6772 colors_table: () bestIndex: 41 seed: 1153533411
17.39
nthreads: 1 colors: 7 vertices: 701 edges 6772 colors_table: () bestIndex: 41 seed: 1153533429
17.32
nthreads: 1 colors: 7 vertices: 701 edges 6772 colors_table: () bestIndex: 41 seed: 1153533448
17.40
nthreads: 1 colors: 7 vertices: 701 edges 6772 colors_table: () bestIndex: 41 seed: 1153533466
17.46
nthreads: 1 colors: 7 vertices: 701 edges 6772 colors_table: () bestIndex: 41 seed: 1153533484
17.42
nthreads: 1 colors: 7 vertices: 701 edges 6772 colors_table: () bestIndex: 41 seed: 1153533503
17.26
nthreads: 1 colors: 7 vertices: 701 edges 6772 colors_table: () bestIndex: 41 seed: 1153533521
17.24
nthreads: 1 colors: 7 vertices: 701 edges 6772 colors_table: () bestIndex: 41 seed: 1153533540
17.40
nthreads: 1 colors: 7 vertices: 701 edges 6772 colors_table: () bestIndex: 41 seed: 1153533558
17.21
nthreads: 1 colors: 7 vertices: 701 edges 6772 colors_table: () bestIndex: 41 seed: 1153533576
17.39
nthreads: 1 colors: 7 vertices: 701 edges 6772 colors_table: () bestIndex: 45 seed: 1153533595
17.47
nthreads: 1 colors: 7 vertices: 701 edges 6772 colors_table: () bestIndex: 41 seed: 1153533613
17.21
nthreads: 1 colors: 7 vertices: 701 edges 6772 colors_table: () bestIndex: 41 seed: 1153533631
17.23
nthreads: 1 colors: 7 vertices: 701 edges 6772 colors_table: () bestIndex: 41 seed: 1153533650
17.25
nthreads: 1 colors: 7 vertices: 701 edges 6772 colors_table: () bestIndex: 41 seed: 1153533668
17.09
nthreads: 1 colors: 7 vertices: 701 edges 6772 colors_table: () bestIndex: 41 seed: 1153533686
17.36
nthreads: 1 colors: 7 vertices: 701 edges 6772 colors_table: () bestIndex: 41 seed: 1153533704
17.26
nthreads: 1 colors: 7 vertices: 701 edges 6772 colors_table: () bestIndex: 41 seed: 1153533723
17.35
nthreads: 1 colors: 7 vertices: 701 edges 6772 colors_table: () bestIndex: 41 seed: 1153533741
17.14
nthreads: 1 colors: 7 vertices: 701 edges 6772 colors_table: () bestIndex: 41 seed: 1153533759
17.42
nthreads: 1 colors: 7 vertices: 701 edges 6772 colors_table: () bestIndex: 46 seed: 1153533778
17.44
nthreads: 1 colors: 7 vertices: 701 edges 6772 colors_table: () bestIndex: 41 seed: 1153533796
17.29
nthreads: 1 colors: 7 vertices: 701 edges 6772 colors_table: () bestIndex: 41 seed: 1153533815
17.77
nthreads: 1 colors: 7 vertices: 701 edges 6772 colors_table: () bestIndex: 41 seed: 1153533833
17.30
nthreads: 1 colors: 7 vertices: 701 edges 6772 colors_table: () bestIndex: 41 seed: 1153533852
17.28
nthreads: 1 colors: 7 vertices: 701 edges 6772 colors_table: () bestIndex: 41 seed: 1153533870
17.40
nthreads: 1 colors: 7 vertices: 701 edges 6772 colors_table: () bestIndex: 41 seed: 1153533889
17.21
nthreads: 1 colors: 7 vertices: 701 edges 6772 colors_table: () bestIndex: 41 seed: 1153533907
17.27
nthreads: 1 colors: 7 vertices: 701 edges 6772 colors_table: () bestIndex: 41 seed: 1153533925
17.28
nthreads: 1 colors: 7 vertices: 701 edges 6772 colors_table: () bestIndex: 41 seed: 1153533943
17.23
nthreads: 1 colors: 7 vertices: 701 edges 6772 colors_table: () bestIndex: 41 seed: 1153533962
17.55
