will199GPIA.col.b n_loops: 20 n_threads: 1
Sun Dec 25 05:34:32 EST 2005 /home/thanhvu/nfs/Classic/1225_SameAsPATCHONLY_w_somechangestoprintSol/LogGCP20//1135498147/will199GPIA.col.b_1135506872.log
Single e3308cd38d8c5eb9b3fc1f01b7fcc13b /home/thanhvu/nfs/Classic/1225_SameAsPATCHONLY_w_somechangestoprintSol/a.out
nthreads: 1 colors: 7 vertices: 701 edges 6772 colors_table: () bestIndex: 41 seed: 1135506873
17.01
nthreads: 1 colors: 7 vertices: 701 edges 6772 colors_table: () bestIndex: 41 seed: 1135506891
16.91
nthreads: 1 colors: 7 vertices: 701 edges 6772 colors_table: () bestIndex: 41 seed: 1135506908
16.98
nthreads: 1 colors: 7 vertices: 701 edges 6772 colors_table: () bestIndex: 41 seed: 1135506926
16.97
nthreads: 1 colors: 7 vertices: 701 edges 6772 colors_table: () bestIndex: 41 seed: 1135506944
16.99
nthreads: 1 colors: 7 vertices: 701 edges 6772 colors_table: () bestIndex: 41 seed: 1135506962
18.14
nthreads: 1 colors: 7 vertices: 701 edges 6772 colors_table: () bestIndex: 44 seed: 1135506982
18.08
nthreads: 1 colors: 7 vertices: 701 edges 6772 colors_table: () bestIndex: 41 seed: 1135507001
16.96
nthreads: 1 colors: 7 vertices: 701 edges 6772 colors_table: () bestIndex: 41 seed: 1135507019
16.94
nthreads: 1 colors: 7 vertices: 701 edges 6772 colors_table: () bestIndex: 41 seed: 1135507037
17.05
nthreads: 1 colors: 7 vertices: 701 edges 6772 colors_table: () bestIndex: 41 seed: 1135507055
16.98
nthreads: 1 colors: 7 vertices: 701 edges 6772 colors_table: () bestIndex: 41 seed: 1135507073
17.04
nthreads: 1 colors: 7 vertices: 701 edges 6772 colors_table: () bestIndex: 41 seed: 1135507091
17.00
nthreads: 1 colors: 7 vertices: 701 edges 6772 colors_table: () bestIndex: 41 seed: 1135507109
17.00
nthreads: 1 colors: 7 vertices: 701 edges 6772 colors_table: () bestIndex: 41 seed: 1135507127
17.03
nthreads: 1 colors: 7 vertices: 701 edges 6772 colors_table: () bestIndex: 41 seed: 1135507145
16.97
nthreads: 1 colors: 7 vertices: 701 edges 6772 colors_table: () bestIndex: 41 seed: 1135507163
16.98
nthreads: 1 colors: 7 vertices: 701 edges 6772 colors_table: () bestIndex: 41 seed: 1135507181
16.89
nthreads: 1 colors: 7 vertices: 701 edges 6772 colors_table: () bestIndex: 41 seed: 1135507199
17.86
nthreads: 1 colors: 7 vertices: 701 edges 6772 colors_table: () bestIndex: 43 seed: 1135507218
18.14
