DSJC500.9.col.b n_loops: 100 n_threads: 1
Sun Dec 25 16:16:50 EST 2005 /home/thanhvu/nfs/Classic/1225_SameAsPATCHONLY_w_somechangestoprintSol/LogGCP100//1135537117/DSJC500.9.col.b_1135545410.log
Single e3308cd38d8c5eb9b3fc1f01b7fcc13b /home/thanhvu/nfs/Classic/1225_SameAsPATCHONLY_w_somechangestoprintSol/a.out
nthreads: 1 colors: 128 vertices: 500 edges 112437 colors_table: () bestIndex: 2141 seed: 1135545410
150.56
nthreads: 1 colors: 129 vertices: 500 edges 112437 colors_table: () bestIndex: 896 seed: 1135545562
120.24
nthreads: 1 colors: 129 vertices: 500 edges 112437 colors_table: () bestIndex: 1681 seed: 1135545683
149.96
nthreads: 1 colors: 129 vertices: 500 edges 112437 colors_table: () bestIndex: 945 seed: 1135545834
131.87
nthreads: 1 colors: 128 vertices: 500 edges 112437 colors_table: () bestIndex: 2058 seed: 1135545967
187.10
nthreads: 1 colors: 129 vertices: 500 edges 112437 colors_table: () bestIndex: 687 seed: 1135546155
122.12
nthreads: 1 colors: 129 vertices: 500 edges 112437 colors_table: () bestIndex: 864 seed: 1135546278
139.15
nthreads: 1 colors: 129 vertices: 500 edges 112437 colors_table: () bestIndex: 475 seed: 1135546418
123.04
nthreads: 1 colors: 128 vertices: 500 edges 112437 colors_table: () bestIndex: 530 seed: 1135546542
132.55
nthreads: 1 colors: 129 vertices: 500 edges 112437 colors_table: () bestIndex: 637 seed: 1135546676
106.90
nthreads: 1 colors: 128 vertices: 500 edges 112437 colors_table: () bestIndex: 1552 seed: 1135546784
183.54
nthreads: 1 colors: 129 vertices: 500 edges 112437 colors_table: () bestIndex: 828 seed: 1135546968
187.03
nthreads: 1 colors: 128 vertices: 500 edges 112437 colors_table: () bestIndex: 1777 seed: 1135547156
246.85
nthreads: 1 colors: 128 vertices: 500 edges 112437 colors_table: () bestIndex: 1945 seed: 1135547404
199.92
nthreads: 1 colors: 128 vertices: 500 edges 112437 colors_table: () bestIndex: 644 seed: 1135547605
147.88
nthreads: 1 colors: 128 vertices: 500 edges 112437 colors_table: () bestIndex: 2331 seed: 1135547754
258.63
nthreads: 1 colors: 129 vertices: 500 edges 112437 colors_table: () bestIndex: 415 seed: 1135548014
138.41
nthreads: 1 colors: 128 vertices: 500 edges 112437 colors_table: () bestIndex: 1055 seed: 1135548153
248.81
nthreads: 1 colors: 128 vertices: 500 edges 112437 colors_table: () bestIndex: 765 seed: 1135548403
165.79
nthreads: 1 colors: 128 vertices: 500 edges 112437 colors_table: () bestIndex: 2497 seed: 1135548570
241.67
nthreads: 1 colors: 128 vertices: 500 edges 112437 colors_table: () bestIndex: 1584 seed: 1135548813
276.96
nthreads: 1 colors: 129 vertices: 500 edges 112437 colors_table: () bestIndex: 881 seed: 1135549090
129.76
nthreads: 1 colors: 129 vertices: 500 edges 112437 colors_table: () bestIndex: 1024 seed: 1135549221
173.86
nthreads: 1 colors: 128 vertices: 500 edges 112437 colors_table: () bestIndex: 1264 seed: 1135549396
166.82
nthreads: 1 colors: 129 vertices: 500 edges 112437 colors_table: () bestIndex: 704 seed: 1135549564
136.67
nthreads: 1 colors: 129 vertices: 500 edges 112437 colors_table: () bestIndex: 601 seed: 1135549702
128.22
nthreads: 1 colors: 128 vertices: 500 edges 112437 colors_table: () bestIndex: 1103 seed: 1135549831
132.45
nthreads: 1 colors: 128 vertices: 500 edges 112437 colors_table: () bestIndex: 1424 seed: 1135549964
153.00
nthreads: 1 colors: 128 vertices: 500 edges 112437 colors_table: () bestIndex: 1839 seed: 1135550118
210.90
nthreads: 1 colors: 129 vertices: 500 edges 112437 colors_table: () bestIndex: 1065 seed: 1135550330
173.18
nthreads: 1 colors: 128 vertices: 500 edges 112437 colors_table: () bestIndex: 1221 seed: 1135550504
229.03
nthreads: 1 colors: 128 vertices: 500 edges 112437 colors_table: () bestIndex: 1153 seed: 1135550735
226.04
nthreads: 1 colors: 128 vertices: 500 edges 112437 colors_table: () bestIndex: 660 seed: 1135550962
182.31
nthreads: 1 colors: 128 vertices: 500 edges 112437 colors_table: () bestIndex: 1698 seed: 1135551145
193.38
nthreads: 1 colors: 128 vertices: 500 edges 112437 colors_table: () bestIndex: 815 seed: 1135551339
155.72
nthreads: 1 colors: 128 vertices: 500 edges 112437 colors_table: () bestIndex: 769 seed: 1135551496
201.46
nthreads: 1 colors: 127 vertices: 500 edges 112437 colors_table: () bestIndex: 2725 seed: 1135551699
218.29
nthreads: 1 colors: 128 vertices: 500 edges 112437 colors_table: () bestIndex: 2735 seed: 1135551918
199.14
nthreads: 1 colors: 128 vertices: 500 edges 112437 colors_table: () bestIndex: 1110 seed: 1135552118
138.82
nthreads: 1 colors: 129 vertices: 500 edges 112437 colors_table: () bestIndex: 987 seed: 1135552258
233.13
nthreads: 1 colors: 128 vertices: 500 edges 112437 colors_table: () bestIndex: 2748 seed: 1135552492
179.71
nthreads: 1 colors: 128 vertices: 500 edges 112437 colors_table: () bestIndex: 2010 seed: 1135552673
197.99
nthreads: 1 colors: 129 vertices: 500 edges 112437 colors_table: () bestIndex: 922 seed: 1135552872
206.63
nthreads: 1 colors: 129 vertices: 500 edges 112437 colors_table: () bestIndex: 568 seed: 1135553079
139.40
nthreads: 1 colors: 129 vertices: 500 edges 112437 colors_table: () bestIndex: 653 seed: 1135553220
174.91
nthreads: 1 colors: 129 vertices: 500 edges 112437 colors_table: () bestIndex: 551 seed: 1135553396
149.93
nthreads: 1 colors: 129 vertices: 500 edges 112437 colors_table: () bestIndex: 548 seed: 1135553547
163.12
nthreads: 1 colors: 128 vertices: 500 edges 112437 colors_table: () bestIndex: 2336 seed: 1135553711
232.08
nthreads: 1 colors: 129 vertices: 500 edges 112437 colors_table: () bestIndex: 663 seed: 1135553944
179.32
nthreads: 1 colors: 128 vertices: 500 edges 112437 colors_table: () bestIndex: 1189 seed: 1135554124
216.15
nthreads: 1 colors: 128 vertices: 500 edges 112437 colors_table: () bestIndex: 1200 seed: 1135554341
202.33
nthreads: 1 colors: 128 vertices: 500 edges 112437 colors_table: () bestIndex: 1158 seed: 1135554545
172.80
nthreads: 1 colors: 129 vertices: 500 edges 112437 colors_table: () bestIndex: 1184 seed: 1135554719
148.37
nthreads: 1 colors: 128 vertices: 500 edges 112437 colors_table: () bestIndex: 1839 seed: 1135554868
149.72
nthreads: 1 colors: 129 vertices: 500 edges 112437 colors_table: () bestIndex: 694 seed: 1135555019
109.95
nthreads: 1 colors: 129 vertices: 500 edges 112437 colors_table: () bestIndex: 1184 seed: 1135555130
134.18
nthreads: 1 colors: 129 vertices: 500 edges 112437 colors_table: () bestIndex: 1724 seed: 1135555265
149.69
nthreads: 1 colors: 128 vertices: 500 edges 112437 colors_table: () bestIndex: 2612 seed: 1135555416
149.85
nthreads: 1 colors: 129 vertices: 500 edges 112437 colors_table: () bestIndex: 977 seed: 1135555567
124.18
nthreads: 1 colors: 129 vertices: 500 edges 112437 colors_table: () bestIndex: 798 seed: 1135555692
115.12
nthreads: 1 colors: 130 vertices: 500 edges 112437 colors_table: () bestIndex: 472 seed: 1135555808
99.02
nthreads: 1 colors: 128 vertices: 500 edges 112437 colors_table: () bestIndex: 1177 seed: 1135555908
133.90
nthreads: 1 colors: 129 vertices: 500 edges 112437 colors_table: () bestIndex: 1942 seed: 1135556043
150.09
nthreads: 1 colors: 129 vertices: 500 edges 112437 colors_table: () bestIndex: 851 seed: 1135556194
117.69
nthreads: 1 colors: 128 vertices: 500 edges 112437 colors_table: () bestIndex: 1921 seed: 1135556313
149.91
nthreads: 1 colors: 128 vertices: 500 edges 112437 colors_table: () bestIndex: 2018 seed: 1135556464
150.22
nthreads: 1 colors: 128 vertices: 500 edges 112437 colors_table: () bestIndex: 1453 seed: 1135556615
147.60
nthreads: 1 colors: 129 vertices: 500 edges 112437 colors_table: () bestIndex: 659 seed: 1135556763
108.78
nthreads: 1 colors: 128 vertices: 500 edges 112437 colors_table: () bestIndex: 1908 seed: 1135556873
149.30
nthreads: 1 colors: 127 vertices: 500 edges 112437 colors_table: () bestIndex: 1373 seed: 1135557024
142.97
nthreads: 1 colors: 129 vertices: 500 edges 112437 colors_table: () bestIndex: 598 seed: 1135557168
104.96
nthreads: 1 colors: 128 vertices: 500 edges 112437 colors_table: () bestIndex: 1915 seed: 1135557274
149.65
nthreads: 1 colors: 129 vertices: 500 edges 112437 colors_table: () bestIndex: 989 seed: 1135557424
124.10
nthreads: 1 colors: 129 vertices: 500 edges 112437 colors_table: () bestIndex: 936 seed: 1135557549
121.93
nthreads: 1 colors: 128 vertices: 500 edges 112437 colors_table: () bestIndex: 1926 seed: 1135557672
148.90
nthreads: 1 colors: 129 vertices: 500 edges 112437 colors_table: () bestIndex: 970 seed: 1135557822
122.85
nthreads: 1 colors: 128 vertices: 500 edges 112437 colors_table: () bestIndex: 816 seed: 1135557946
115.51
nthreads: 1 colors: 128 vertices: 500 edges 112437 colors_table: () bestIndex: 1793 seed: 1135558063
150.11
nthreads: 1 colors: 127 vertices: 500 edges 112437 colors_table: () bestIndex: 806 seed: 1135558214
114.71
nthreads: 1 colors: 128 vertices: 500 edges 112437 colors_table: () bestIndex: 992 seed: 1135558329
124.57
nthreads: 1 colors: 128 vertices: 500 edges 112437 colors_table: () bestIndex: 1878 seed: 1135558455
149.35
nthreads: 1 colors: 128 vertices: 500 edges 112437 colors_table: () bestIndex: 1453 seed: 1135558605
147.77
nthreads: 1 colors: 129 vertices: 500 edges 112437 colors_table: () bestIndex: 1316 seed: 1135558754
140.58
nthreads: 1 colors: 129 vertices: 500 edges 112437 colors_table: () bestIndex: 711 seed: 1135558896
110.72
nthreads: 1 colors: 129 vertices: 500 edges 112437 colors_table: () bestIndex: 589 seed: 1135559008
104.11
nthreads: 1 colors: 129 vertices: 500 edges 112437 colors_table: () bestIndex: 729 seed: 1135559113
110.65
nthreads: 1 colors: 128 vertices: 500 edges 112437 colors_table: () bestIndex: 852 seed: 1135559224
117.78
nthreads: 1 colors: 128 vertices: 500 edges 112437 colors_table: () bestIndex: 2324 seed: 1135559343
150.00
nthreads: 1 colors: 128 vertices: 500 edges 112437 colors_table: () bestIndex: 1468 seed: 1135559494
148.00
nthreads: 1 colors: 129 vertices: 500 edges 112437 colors_table: () bestIndex: 630 seed: 1135559643
106.80
nthreads: 1 colors: 128 vertices: 500 edges 112437 colors_table: () bestIndex: 2285 seed: 1135559751
149.70
nthreads: 1 colors: 129 vertices: 500 edges 112437 colors_table: () bestIndex: 507 seed: 1135559902
100.25
nthreads: 1 colors: 129 vertices: 500 edges 112437 colors_table: () bestIndex: 664 seed: 1135560003
107.69
nthreads: 1 colors: 128 vertices: 500 edges 112437 colors_table: () bestIndex: 1204 seed: 1135560112
134.67
nthreads: 1 colors: 128 vertices: 500 edges 112437 colors_table: () bestIndex: 1013 seed: 1135560247
125.42
nthreads: 1 colors: 128 vertices: 500 edges 112437 colors_table: () bestIndex: 1908 seed: 1135560374
148.76
nthreads: 1 colors: 128 vertices: 500 edges 112437 colors_table: () bestIndex: 585 seed: 1135560524
103.54
nthreads: 1 colors: 129 vertices: 500 edges 112437 colors_table: () bestIndex: 491 seed: 1135560628
99.56
nthreads: 1 colors: 129 vertices: 500 edges 112437 colors_table: () bestIndex: 762 seed: 1135560729
113.57
nthreads: 1 colors: 128 vertices: 500 edges 112437 colors_table: () bestIndex: 2163 seed: 1135560843
150.00
