DSJC125.1.col.b n_loops: 100 n_threads: 1
Sun Dec 25 13:58:37 EST 2005 /home/thanhvu/nfs/Classic/1225_SameAsPATCHONLY_w_somechangestoprintSol/LogGCP100//1135537117/DSJC125.1.col.b_1135537117.log
Single e3308cd38d8c5eb9b3fc1f01b7fcc13b /home/thanhvu/nfs/Classic/1225_SameAsPATCHONLY_w_somechangestoprintSol/a.out
nthreads: 1 colors: 5 vertices: 125 edges 736 colors_table: () bestIndex: 286 seed: 1135537117
1.31
nthreads: 1 colors: 6 vertices: 125 edges 736 colors_table: () bestIndex: 41 seed: 1135537120
0.74
nthreads: 1 colors: 5 vertices: 125 edges 736 colors_table: () bestIndex: 111 seed: 1135537121
1.00
nthreads: 1 colors: 5 vertices: 125 edges 736 colors_table: () bestIndex: 98 seed: 1135537123
0.98
nthreads: 1 colors: 5 vertices: 125 edges 736 colors_table: () bestIndex: 49 seed: 1135537125
0.88
nthreads: 1 colors: 6 vertices: 125 edges 736 colors_table: () bestIndex: 41 seed: 1135537127
0.71
nthreads: 1 colors: 5 vertices: 125 edges 736 colors_table: () bestIndex: 24 seed: 1135537129
0.85
nthreads: 1 colors: 5 vertices: 125 edges 736 colors_table: () bestIndex: 80 seed: 1135537131
0.97
nthreads: 1 colors: 6 vertices: 125 edges 736 colors_table: () bestIndex: 41 seed: 1135537133
0.73
nthreads: 1 colors: 5 vertices: 125 edges 736 colors_table: () bestIndex: 68 seed: 1135537135
0.92
nthreads: 1 colors: 5 vertices: 125 edges 736 colors_table: () bestIndex: 118 seed: 1135537137
1.02
nthreads: 1 colors: 5 vertices: 125 edges 736 colors_table: () bestIndex: 89 seed: 1135537139
0.96
nthreads: 1 colors: 5 vertices: 125 edges 736 colors_table: () bestIndex: 183 seed: 1135537141
1.12
nthreads: 1 colors: 5 vertices: 125 edges 736 colors_table: () bestIndex: 54 seed: 1135537143
0.90
nthreads: 1 colors: 6 vertices: 125 edges 736 colors_table: () bestIndex: 41 seed: 1135537145
0.71
nthreads: 1 colors: 6 vertices: 125 edges 736 colors_table: () bestIndex: 41 seed: 1135537146
0.72
nthreads: 1 colors: 6 vertices: 125 edges 736 colors_table: () bestIndex: 41 seed: 1135537148
0.76
nthreads: 1 colors: 5 vertices: 125 edges 736 colors_table: () bestIndex: 98 seed: 1135537150
0.99
nthreads: 1 colors: 6 vertices: 125 edges 736 colors_table: () bestIndex: 41 seed: 1135537152
0.70
nthreads: 1 colors: 5 vertices: 125 edges 736 colors_table: () bestIndex: 104 seed: 1135537154
0.99
nthreads: 1 colors: 5 vertices: 125 edges 736 colors_table: () bestIndex: 318 seed: 1135537156
1.34
nthreads: 1 colors: 5 vertices: 125 edges 736 colors_table: () bestIndex: 84 seed: 1135537158
0.95
nthreads: 1 colors: 6 vertices: 125 edges 736 colors_table: () bestIndex: 41 seed: 1135537160
0.71
nthreads: 1 colors: 6 vertices: 125 edges 736 colors_table: () bestIndex: 41 seed: 1135537162
0.73
nthreads: 1 colors: 6 vertices: 125 edges 736 colors_table: () bestIndex: 41 seed: 1135537163
0.71
nthreads: 1 colors: 6 vertices: 125 edges 736 colors_table: () bestIndex: 41 seed: 1135537165
0.74
nthreads: 1 colors: 5 vertices: 125 edges 736 colors_table: () bestIndex: 301 seed: 1135537167
1.32
nthreads: 1 colors: 6 vertices: 125 edges 736 colors_table: () bestIndex: 41 seed: 1135537169
0.71
nthreads: 1 colors: 5 vertices: 125 edges 736 colors_table: () bestIndex: 25 seed: 1135537171
0.86
nthreads: 1 colors: 5 vertices: 125 edges 736 colors_table: () bestIndex: 406 seed: 1135537173
1.43
nthreads: 1 colors: 6 vertices: 125 edges 736 colors_table: () bestIndex: 41 seed: 1135537175
0.73
nthreads: 1 colors: 6 vertices: 125 edges 736 colors_table: () bestIndex: 41 seed: 1135537177
0.72
nthreads: 1 colors: 6 vertices: 125 edges 736 colors_table: () bestIndex: 41 seed: 1135537179
0.72
nthreads: 1 colors: 6 vertices: 125 edges 736 colors_table: () bestIndex: 41 seed: 1135537181
0.72
nthreads: 1 colors: 6 vertices: 125 edges 736 colors_table: () bestIndex: 41 seed: 1135537182
0.73
nthreads: 1 colors: 5 vertices: 125 edges 736 colors_table: () bestIndex: 25 seed: 1135537184
0.85
nthreads: 1 colors: 5 vertices: 125 edges 736 colors_table: () bestIndex: 220 seed: 1135537186
1.19
nthreads: 1 colors: 5 vertices: 125 edges 736 colors_table: () bestIndex: 213 seed: 1135537188
1.18
nthreads: 1 colors: 6 vertices: 125 edges 736 colors_table: () bestIndex: 41 seed: 1135537190
0.75
nthreads: 1 colors: 5 vertices: 125 edges 736 colors_table: () bestIndex: 58 seed: 1135537192
0.90
nthreads: 1 colors: 6 vertices: 125 edges 736 colors_table: () bestIndex: 41 seed: 1135537194
0.71
nthreads: 1 colors: 6 vertices: 125 edges 736 colors_table: () bestIndex: 41 seed: 1135537196
0.76
nthreads: 1 colors: 5 vertices: 125 edges 736 colors_table: () bestIndex: 164 seed: 1135537198
1.09
nthreads: 1 colors: 5 vertices: 125 edges 736 colors_table: () bestIndex: 44 seed: 1135537200
0.87
nthreads: 1 colors: 6 vertices: 125 edges 736 colors_table: () bestIndex: 41 seed: 1135537202
0.73
nthreads: 1 colors: 6 vertices: 125 edges 736 colors_table: () bestIndex: 41 seed: 1135537203
0.73
nthreads: 1 colors: 6 vertices: 125 edges 736 colors_table: () bestIndex: 41 seed: 1135537205
0.71
nthreads: 1 colors: 5 vertices: 125 edges 736 colors_table: () bestIndex: 92 seed: 1135537207
0.98
nthreads: 1 colors: 5 vertices: 125 edges 736 colors_table: () bestIndex: 271 seed: 1135537209
1.28
nthreads: 1 colors: 5 vertices: 125 edges 736 colors_table: () bestIndex: 45 seed: 1135537211
0.89
nthreads: 1 colors: 5 vertices: 125 edges 736 colors_table: () bestIndex: 340 seed: 1135537213
1.40
nthreads: 1 colors: 5 vertices: 125 edges 736 colors_table: () bestIndex: 320 seed: 1135537215
1.40
nthreads: 1 colors: 6 vertices: 125 edges 736 colors_table: () bestIndex: 41 seed: 1135537218
0.74
nthreads: 1 colors: 5 vertices: 125 edges 736 colors_table: () bestIndex: 134 seed: 1135537220
1.03
nthreads: 1 colors: 5 vertices: 125 edges 736 colors_table: () bestIndex: 308 seed: 1135537222
1.35
nthreads: 1 colors: 5 vertices: 125 edges 736 colors_table: () bestIndex: 315 seed: 1135537224
1.35
nthreads: 1 colors: 5 vertices: 125 edges 736 colors_table: () bestIndex: 22 seed: 1135537226
0.85
nthreads: 1 colors: 5 vertices: 125 edges 736 colors_table: () bestIndex: 246 seed: 1135537228
1.24
nthreads: 1 colors: 5 vertices: 125 edges 736 colors_table: () bestIndex: 224 seed: 1135537231
1.20
nthreads: 1 colors: 6 vertices: 125 edges 736 colors_table: () bestIndex: 41 seed: 1135537233
0.73
nthreads: 1 colors: 6 vertices: 125 edges 736 colors_table: () bestIndex: 41 seed: 1135537234
0.72
nthreads: 1 colors: 5 vertices: 125 edges 736 colors_table: () bestIndex: 220 seed: 1135537236
1.18
nthreads: 1 colors: 6 vertices: 125 edges 736 colors_table: () bestIndex: 41 seed: 1135537238
0.71
nthreads: 1 colors: 6 vertices: 125 edges 736 colors_table: () bestIndex: 41 seed: 1135537240
0.75
nthreads: 1 colors: 5 vertices: 125 edges 736 colors_table: () bestIndex: 402 seed: 1135537242
1.45
nthreads: 1 colors: 6 vertices: 125 edges 736 colors_table: () bestIndex: 41 seed: 1135537244
0.75
nthreads: 1 colors: 6 vertices: 125 edges 736 colors_table: () bestIndex: 41 seed: 1135537246
0.71
nthreads: 1 colors: 5 vertices: 125 edges 736 colors_table: () bestIndex: 150 seed: 1135537248
1.07
nthreads: 1 colors: 6 vertices: 125 edges 736 colors_table: () bestIndex: 41 seed: 1135537250
0.73
nthreads: 1 colors: 5 vertices: 125 edges 736 colors_table: () bestIndex: 56 seed: 1135537252
0.91
nthreads: 1 colors: 6 vertices: 125 edges 736 colors_table: () bestIndex: 41 seed: 1135537254
0.74
nthreads: 1 colors: 6 vertices: 125 edges 736 colors_table: () bestIndex: 41 seed: 1135537255
0.70
nthreads: 1 colors: 5 vertices: 125 edges 736 colors_table: () bestIndex: 71 seed: 1135537257
0.94
nthreads: 1 colors: 6 vertices: 125 edges 736 colors_table: () bestIndex: 41 seed: 1135537259
0.71
nthreads: 1 colors: 5 vertices: 125 edges 736 colors_table: () bestIndex: 381 seed: 1135537261
1.44
nthreads: 1 colors: 6 vertices: 125 edges 736 colors_table: () bestIndex: 41 seed: 1135537263
0.71
nthreads: 1 colors: 5 vertices: 125 edges 736 colors_table: () bestIndex: 316 seed: 1135537265
1.34
nthreads: 1 colors: 6 vertices: 125 edges 736 colors_table: () bestIndex: 41 seed: 1135537267
0.71
nthreads: 1 colors: 5 vertices: 125 edges 736 colors_table: () bestIndex: 31 seed: 1135537269
0.86
nthreads: 1 colors: 6 vertices: 125 edges 736 colors_table: () bestIndex: 41 seed: 1135537271
0.73
nthreads: 1 colors: 5 vertices: 125 edges 736 colors_table: () bestIndex: 171 seed: 1135537273
1.09
nthreads: 1 colors: 5 vertices: 125 edges 736 colors_table: () bestIndex: 136 seed: 1135537275
1.06
nthreads: 1 colors: 5 vertices: 125 edges 736 colors_table: () bestIndex: 399 seed: 1135537277
1.44
nthreads: 1 colors: 6 vertices: 125 edges 736 colors_table: () bestIndex: 41 seed: 1135537279
0.71
nthreads: 1 colors: 5 vertices: 125 edges 736 colors_table: () bestIndex: 165 seed: 1135537281
1.10
nthreads: 1 colors: 5 vertices: 125 edges 736 colors_table: () bestIndex: 159 seed: 1135537283
1.08
nthreads: 1 colors: 6 vertices: 125 edges 736 colors_table: () bestIndex: 41 seed: 1135537285
0.73
nthreads: 1 colors: 6 vertices: 125 edges 736 colors_table: () bestIndex: 41 seed: 1135537287
0.73
nthreads: 1 colors: 5 vertices: 125 edges 736 colors_table: () bestIndex: 389 seed: 1135537289
1.42
nthreads: 1 colors: 6 vertices: 125 edges 736 colors_table: () bestIndex: 41 seed: 1135537291
0.72
nthreads: 1 colors: 6 vertices: 125 edges 736 colors_table: () bestIndex: 41 seed: 1135537293
0.73
nthreads: 1 colors: 6 vertices: 125 edges 736 colors_table: () bestIndex: 41 seed: 1135537295
0.73
nthreads: 1 colors: 6 vertices: 125 edges 736 colors_table: () bestIndex: 41 seed: 1135537296
0.75
nthreads: 1 colors: 6 vertices: 125 edges 736 colors_table: () bestIndex: 41 seed: 1135537298
0.72
nthreads: 1 colors: 5 vertices: 125 edges 736 colors_table: () bestIndex: 36 seed: 1135537300
0.87
nthreads: 1 colors: 5 vertices: 125 edges 736 colors_table: () bestIndex: 103 seed: 1135537302
0.98
nthreads: 1 colors: 5 vertices: 125 edges 736 colors_table: () bestIndex: 46 seed: 1135537304
0.89
nthreads: 1 colors: 6 vertices: 125 edges 736 colors_table: () bestIndex: 41 seed: 1135537306
0.73
nthreads: 1 colors: 6 vertices: 125 edges 736 colors_table: () bestIndex: 41 seed: 1135537308
0.71
nthreads: 1 colors: 6 vertices: 125 edges 736 colors_table: () bestIndex: 41 seed: 1135537309
0.72
