3-Insertions_5.col.b n_loops: 100 n_threads: 1
Sun Jul 23 22:28:55 EDT 2006 /home/thanhvu/nfs/Classic/1225_SameAsPATCHONLY_w_somechangestoprintSol/log_dir//1153707605/3-Insertions_5.col.b_1153708135.log
Single cedf232c677ebdd3c298dee92578679f /home/thanhvu/nfs/Classic/1225_SameAsPATCHONLY_w_somechangestoprintSol/a.out
nthreads: 1 colors: 6 vertices: 1406 edges 9695 colors_table: () bestIndex: 0 seed: 1153708135
28.17
nthreads: 1 colors: 6 vertices: 1406 edges 9695 colors_table: () bestIndex: 0 seed: 1153708165
28.25
nthreads: 1 colors: 6 vertices: 1406 edges 9695 colors_table: () bestIndex: 0 seed: 1153708194
28.23
nthreads: 1 colors: 6 vertices: 1406 edges 9695 colors_table: () bestIndex: 0 seed: 1153708223
28.19
nthreads: 1 colors: 6 vertices: 1406 edges 9695 colors_table: () bestIndex: 0 seed: 1153708252
28.20
nthreads: 1 colors: 6 vertices: 1406 edges 9695 colors_table: () bestIndex: 0 seed: 1153708282
28.24
nthreads: 1 colors: 6 vertices: 1406 edges 9695 colors_table: () bestIndex: 0 seed: 1153708311
28.20
nthreads: 1 colors: 6 vertices: 1406 edges 9695 colors_table: () bestIndex: 0 seed: 1153708340
28.17
nthreads: 1 colors: 6 vertices: 1406 edges 9695 colors_table: () bestIndex: 0 seed: 1153708369
28.18
nthreads: 1 colors: 6 vertices: 1406 edges 9695 colors_table: () bestIndex: 0 seed: 1153708399
28.23
nthreads: 1 colors: 6 vertices: 1406 edges 9695 colors_table: () bestIndex: 0 seed: 1153708428
28.22
nthreads: 1 colors: 6 vertices: 1406 edges 9695 colors_table: () bestIndex: 0 seed: 1153708457
28.18
nthreads: 1 colors: 6 vertices: 1406 edges 9695 colors_table: () bestIndex: 0 seed: 1153708486
28.10
nthreads: 1 colors: 6 vertices: 1406 edges 9695 colors_table: () bestIndex: 0 seed: 1153708515
28.18
nthreads: 1 colors: 6 vertices: 1406 edges 9695 colors_table: () bestIndex: 0 seed: 1153708545
28.20
nthreads: 1 colors: 6 vertices: 1406 edges 9695 colors_table: () bestIndex: 0 seed: 1153708574
28.13
nthreads: 1 colors: 6 vertices: 1406 edges 9695 colors_table: () bestIndex: 0 seed: 1153708603
28.10
nthreads: 1 colors: 6 vertices: 1406 edges 9695 colors_table: () bestIndex: 0 seed: 1153708632
28.19
nthreads: 1 colors: 6 vertices: 1406 edges 9695 colors_table: () bestIndex: 0 seed: 1153708661
28.18
nthreads: 1 colors: 6 vertices: 1406 edges 9695 colors_table: () bestIndex: 0 seed: 1153708691
28.18
nthreads: 1 colors: 6 vertices: 1406 edges 9695 colors_table: () bestIndex: 0 seed: 1153708720
28.27
nthreads: 1 colors: 6 vertices: 1406 edges 9695 colors_table: () bestIndex: 0 seed: 1153708749
28.17
nthreads: 1 colors: 6 vertices: 1406 edges 9695 colors_table: () bestIndex: 0 seed: 1153708778
28.24
nthreads: 1 colors: 6 vertices: 1406 edges 9695 colors_table: () bestIndex: 0 seed: 1153708808
28.25
nthreads: 1 colors: 6 vertices: 1406 edges 9695 colors_table: () bestIndex: 0 seed: 1153708837
28.16
nthreads: 1 colors: 6 vertices: 1406 edges 9695 colors_table: () bestIndex: 0 seed: 1153708866
28.21
nthreads: 1 colors: 6 vertices: 1406 edges 9695 colors_table: () bestIndex: 0 seed: 1153708895
28.26
nthreads: 1 colors: 6 vertices: 1406 edges 9695 colors_table: () bestIndex: 0 seed: 1153708925
28.12
nthreads: 1 colors: 6 vertices: 1406 edges 9695 colors_table: () bestIndex: 0 seed: 1153708954
28.12
nthreads: 1 colors: 6 vertices: 1406 edges 9695 colors_table: () bestIndex: 0 seed: 1153708983
28.24
nthreads: 1 colors: 6 vertices: 1406 edges 9695 colors_table: () bestIndex: 0 seed: 1153709012
28.22
nthreads: 1 colors: 6 vertices: 1406 edges 9695 colors_table: () bestIndex: 0 seed: 1153709042
28.24
nthreads: 1 colors: 6 vertices: 1406 edges 9695 colors_table: () bestIndex: 0 seed: 1153709071
28.21
nthreads: 1 colors: 6 vertices: 1406 edges 9695 colors_table: () bestIndex: 0 seed: 1153709100
28.15
nthreads: 1 colors: 6 vertices: 1406 edges 9695 colors_table: () bestIndex: 0 seed: 1153709129
28.18
nthreads: 1 colors: 6 vertices: 1406 edges 9695 colors_table: () bestIndex: 0 seed: 1153709159
28.23
nthreads: 1 colors: 6 vertices: 1406 edges 9695 colors_table: () bestIndex: 0 seed: 1153709188
28.13
nthreads: 1 colors: 6 vertices: 1406 edges 9695 colors_table: () bestIndex: 0 seed: 1153709217
29.91
nthreads: 1 colors: 6 vertices: 1406 edges 9695 colors_table: () bestIndex: 0 seed: 1153709248
28.16
nthreads: 1 colors: 6 vertices: 1406 edges 9695 colors_table: () bestIndex: 0 seed: 1153709277
28.18
nthreads: 1 colors: 6 vertices: 1406 edges 9695 colors_table: () bestIndex: 0 seed: 1153709306
28.14
nthreads: 1 colors: 6 vertices: 1406 edges 9695 colors_table: () bestIndex: 0 seed: 1153709336
28.18
nthreads: 1 colors: 6 vertices: 1406 edges 9695 colors_table: () bestIndex: 0 seed: 1153709365
28.22
nthreads: 1 colors: 6 vertices: 1406 edges 9695 colors_table: () bestIndex: 0 seed: 1153709394
28.14
nthreads: 1 colors: 6 vertices: 1406 edges 9695 colors_table: () bestIndex: 0 seed: 1153709423
28.17
nthreads: 1 colors: 6 vertices: 1406 edges 9695 colors_table: () bestIndex: 0 seed: 1153709452
28.12
nthreads: 1 colors: 6 vertices: 1406 edges 9695 colors_table: () bestIndex: 0 seed: 1153709482
28.13
nthreads: 1 colors: 6 vertices: 1406 edges 9695 colors_table: () bestIndex: 0 seed: 1153709511
28.20
nthreads: 1 colors: 6 vertices: 1406 edges 9695 colors_table: () bestIndex: 0 seed: 1153709540
28.34
nthreads: 1 colors: 6 vertices: 1406 edges 9695 colors_table: () bestIndex: 0 seed: 1153709569
28.14
nthreads: 1 colors: 6 vertices: 1406 edges 9695 colors_table: () bestIndex: 0 seed: 1153709599
28.18
nthreads: 1 colors: 6 vertices: 1406 edges 9695 colors_table: () bestIndex: 0 seed: 1153709628
28.18
nthreads: 1 colors: 6 vertices: 1406 edges 9695 colors_table: () bestIndex: 0 seed: 1153709657
28.16
nthreads: 1 colors: 6 vertices: 1406 edges 9695 colors_table: () bestIndex: 0 seed: 1153709686
28.12
nthreads: 1 colors: 6 vertices: 1406 edges 9695 colors_table: () bestIndex: 0 seed: 1153709715
28.10
nthreads: 1 colors: 6 vertices: 1406 edges 9695 colors_table: () bestIndex: 0 seed: 1153709745
28.12
nthreads: 1 colors: 6 vertices: 1406 edges 9695 colors_table: () bestIndex: 0 seed: 1153709774
28.23
nthreads: 1 colors: 6 vertices: 1406 edges 9695 colors_table: () bestIndex: 0 seed: 1153709803
28.13
nthreads: 1 colors: 6 vertices: 1406 edges 9695 colors_table: () bestIndex: 0 seed: 1153709832
28.12
nthreads: 1 colors: 6 vertices: 1406 edges 9695 colors_table: () bestIndex: 0 seed: 1153709861
28.15
nthreads: 1 colors: 6 vertices: 1406 edges 9695 colors_table: () bestIndex: 0 seed: 1153709890
28.19
nthreads: 1 colors: 6 vertices: 1406 edges 9695 colors_table: () bestIndex: 0 seed: 1153709920
28.22
nthreads: 1 colors: 6 vertices: 1406 edges 9695 colors_table: () bestIndex: 0 seed: 1153709949
28.09
nthreads: 1 colors: 6 vertices: 1406 edges 9695 colors_table: () bestIndex: 0 seed: 1153709978
28.13
nthreads: 1 colors: 6 vertices: 1406 edges 9695 colors_table: () bestIndex: 0 seed: 1153710007
28.13
nthreads: 1 colors: 6 vertices: 1406 edges 9695 colors_table: () bestIndex: 0 seed: 1153710036
28.18
nthreads: 1 colors: 6 vertices: 1406 edges 9695 colors_table: () bestIndex: 0 seed: 1153710066
28.19
nthreads: 1 colors: 6 vertices: 1406 edges 9695 colors_table: () bestIndex: 0 seed: 1153710095
28.11
nthreads: 1 colors: 6 vertices: 1406 edges 9695 colors_table: () bestIndex: 0 seed: 1153710124
28.13
nthreads: 1 colors: 6 vertices: 1406 edges 9695 colors_table: () bestIndex: 0 seed: 1153710153
28.32
nthreads: 1 colors: 6 vertices: 1406 edges 9695 colors_table: () bestIndex: 0 seed: 1153710183
28.16
nthreads: 1 colors: 6 vertices: 1406 edges 9695 colors_table: () bestIndex: 0 seed: 1153710212
28.22
nthreads: 1 colors: 6 vertices: 1406 edges 9695 colors_table: () bestIndex: 0 seed: 1153710241
28.18
nthreads: 1 colors: 6 vertices: 1406 edges 9695 colors_table: () bestIndex: 0 seed: 1153710270
28.24
nthreads: 1 colors: 6 vertices: 1406 edges 9695 colors_table: () bestIndex: 0 seed: 1153710300
28.16
nthreads: 1 colors: 6 vertices: 1406 edges 9695 colors_table: () bestIndex: 0 seed: 1153710329
28.19
nthreads: 1 colors: 6 vertices: 1406 edges 9695 colors_table: () bestIndex: 0 seed: 1153710358
28.20
nthreads: 1 colors: 6 vertices: 1406 edges 9695 colors_table: () bestIndex: 0 seed: 1153710387
28.17
nthreads: 1 colors: 6 vertices: 1406 edges 9695 colors_table: () bestIndex: 0 seed: 1153710416
28.12
nthreads: 1 colors: 6 vertices: 1406 edges 9695 colors_table: () bestIndex: 0 seed: 1153710446
28.13
nthreads: 1 colors: 6 vertices: 1406 edges 9695 colors_table: () bestIndex: 0 seed: 1153710475
28.20
nthreads: 1 colors: 6 vertices: 1406 edges 9695 colors_table: () bestIndex: 0 seed: 1153710504
28.26
nthreads: 1 colors: 6 vertices: 1406 edges 9695 colors_table: () bestIndex: 0 seed: 1153710533
28.27
nthreads: 1 colors: 6 vertices: 1406 edges 9695 colors_table: () bestIndex: 0 seed: 1153710563
28.11
nthreads: 1 colors: 6 vertices: 1406 edges 9695 colors_table: () bestIndex: 0 seed: 1153710592
28.20
nthreads: 1 colors: 6 vertices: 1406 edges 9695 colors_table: () bestIndex: 0 seed: 1153710621
28.13
nthreads: 1 colors: 6 vertices: 1406 edges 9695 colors_table: () bestIndex: 0 seed: 1153710650
28.13
nthreads: 1 colors: 6 vertices: 1406 edges 9695 colors_table: () bestIndex: 0 seed: 1153710679
28.21
nthreads: 1 colors: 6 vertices: 1406 edges 9695 colors_table: () bestIndex: 0 seed: 1153710709
28.13
nthreads: 1 colors: 6 vertices: 1406 edges 9695 colors_table: () bestIndex: 0 seed: 1153710738
28.20
nthreads: 1 colors: 6 vertices: 1406 edges 9695 colors_table: () bestIndex: 0 seed: 1153710767
28.25
nthreads: 1 colors: 6 vertices: 1406 edges 9695 colors_table: () bestIndex: 0 seed: 1153710796
28.21
nthreads: 1 colors: 6 vertices: 1406 edges 9695 colors_table: () bestIndex: 0 seed: 1153710826
28.23
nthreads: 1 colors: 6 vertices: 1406 edges 9695 colors_table: () bestIndex: 0 seed: 1153710855
28.20
nthreads: 1 colors: 6 vertices: 1406 edges 9695 colors_table: () bestIndex: 0 seed: 1153710884
28.17
nthreads: 1 colors: 6 vertices: 1406 edges 9695 colors_table: () bestIndex: 0 seed: 1153710913
28.19
nthreads: 1 colors: 6 vertices: 1406 edges 9695 colors_table: () bestIndex: 0 seed: 1153710943
28.21
nthreads: 1 colors: 6 vertices: 1406 edges 9695 colors_table: () bestIndex: 0 seed: 1153710972
28.20
nthreads: 1 colors: 6 vertices: 1406 edges 9695 colors_table: () bestIndex: 0 seed: 1153711001
28.32
nthreads: 1 colors: 6 vertices: 1406 edges 9695 colors_table: () bestIndex: 0 seed: 1153711030
28.17
