queen16_16.col.b n_loops: 100 n_threads: 1
Mon Jul 24 01:20:52 EDT 2006 /home/thanhvu/nfs/Classic/1225_SameAsPATCHONLY_w_somechangestoprintSol/log_dir//1153717273/queen16_16.col.b_1153718452.log
Single cedf232c677ebdd3c298dee92578679f /home/thanhvu/nfs/Classic/1225_SameAsPATCHONLY_w_somechangestoprintSol/a.out
nthreads: 1 colors: 18 vertices: 256 edges 6320 colors_table: () bestIndex: 48 seed: 1153718452
5.51
nthreads: 1 colors: 18 vertices: 256 edges 6320 colors_table: () bestIndex: 48 seed: 1153718459
5.51
nthreads: 1 colors: 18 vertices: 256 edges 6320 colors_table: () bestIndex: 43 seed: 1153718466
5.56
nthreads: 1 colors: 18 vertices: 256 edges 6320 colors_table: () bestIndex: 41 seed: 1153718472
5.53
nthreads: 1 colors: 18 vertices: 256 edges 6320 colors_table: () bestIndex: 41 seed: 1153718479
5.52
nthreads: 1 colors: 18 vertices: 256 edges 6320 colors_table: () bestIndex: 41 seed: 1153718485
5.51
nthreads: 1 colors: 18 vertices: 256 edges 6320 colors_table: () bestIndex: 41 seed: 1153718492
5.47
nthreads: 1 colors: 18 vertices: 256 edges 6320 colors_table: () bestIndex: 41 seed: 1153718498
5.48
nthreads: 1 colors: 18 vertices: 256 edges 6320 colors_table: () bestIndex: 41 seed: 1153718505
5.50
nthreads: 1 colors: 18 vertices: 256 edges 6320 colors_table: () bestIndex: 41 seed: 1153718511
5.46
nthreads: 1 colors: 18 vertices: 256 edges 6320 colors_table: () bestIndex: 41 seed: 1153718518
5.47
nthreads: 1 colors: 18 vertices: 256 edges 6320 colors_table: () bestIndex: 42 seed: 1153718524
5.45
nthreads: 1 colors: 18 vertices: 256 edges 6320 colors_table: () bestIndex: 41 seed: 1153718531
5.48
nthreads: 1 colors: 18 vertices: 256 edges 6320 colors_table: () bestIndex: 41 seed: 1153718537
5.52
nthreads: 1 colors: 18 vertices: 256 edges 6320 colors_table: () bestIndex: 41 seed: 1153718544
5.54
nthreads: 1 colors: 18 vertices: 256 edges 6320 colors_table: () bestIndex: 41 seed: 1153718551
5.47
nthreads: 1 colors: 18 vertices: 256 edges 6320 colors_table: () bestIndex: 41 seed: 1153718557
5.47
nthreads: 1 colors: 18 vertices: 256 edges 6320 colors_table: () bestIndex: 43 seed: 1153718564
5.52
nthreads: 1 colors: 18 vertices: 256 edges 6320 colors_table: () bestIndex: 41 seed: 1153718570
5.51
nthreads: 1 colors: 18 vertices: 256 edges 6320 colors_table: () bestIndex: 41 seed: 1153718577
5.55
nthreads: 1 colors: 18 vertices: 256 edges 6320 colors_table: () bestIndex: 41 seed: 1153718583
5.51
nthreads: 1 colors: 18 vertices: 256 edges 6320 colors_table: () bestIndex: 41 seed: 1153718590
5.48
nthreads: 1 colors: 18 vertices: 256 edges 6320 colors_table: () bestIndex: 43 seed: 1153718596
5.49
nthreads: 1 colors: 18 vertices: 256 edges 6320 colors_table: () bestIndex: 44 seed: 1153718603
5.55
nthreads: 1 colors: 18 vertices: 256 edges 6320 colors_table: () bestIndex: 44 seed: 1153718609
5.50
nthreads: 1 colors: 18 vertices: 256 edges 6320 colors_table: () bestIndex: 41 seed: 1153718616
5.50
nthreads: 1 colors: 18 vertices: 256 edges 6320 colors_table: () bestIndex: 41 seed: 1153718622
5.53
nthreads: 1 colors: 18 vertices: 256 edges 6320 colors_table: () bestIndex: 41 seed: 1153718629
5.47
nthreads: 1 colors: 18 vertices: 256 edges 6320 colors_table: () bestIndex: 41 seed: 1153718636
5.48
nthreads: 1 colors: 18 vertices: 256 edges 6320 colors_table: () bestIndex: 41 seed: 1153718642
5.52
nthreads: 1 colors: 18 vertices: 256 edges 6320 colors_table: () bestIndex: 41 seed: 1153718649
5.51
nthreads: 1 colors: 18 vertices: 256 edges 6320 colors_table: () bestIndex: 43 seed: 1153718655
5.50
nthreads: 1 colors: 18 vertices: 256 edges 6320 colors_table: () bestIndex: 42 seed: 1153718662
5.50
nthreads: 1 colors: 18 vertices: 256 edges 6320 colors_table: () bestIndex: 41 seed: 1153718668
5.49
nthreads: 1 colors: 18 vertices: 256 edges 6320 colors_table: () bestIndex: 47 seed: 1153718675
5.54
nthreads: 1 colors: 18 vertices: 256 edges 6320 colors_table: () bestIndex: 41 seed: 1153718681
5.51
nthreads: 1 colors: 18 vertices: 256 edges 6320 colors_table: () bestIndex: 41 seed: 1153718688
5.51
nthreads: 1 colors: 18 vertices: 256 edges 6320 colors_table: () bestIndex: 41 seed: 1153718694
5.50
nthreads: 1 colors: 18 vertices: 256 edges 6320 colors_table: () bestIndex: 41 seed: 1153718701
5.47
nthreads: 1 colors: 18 vertices: 256 edges 6320 colors_table: () bestIndex: 41 seed: 1153718708
5.48
nthreads: 1 colors: 18 vertices: 256 edges 6320 colors_table: () bestIndex: 41 seed: 1153718714
5.46
nthreads: 1 colors: 18 vertices: 256 edges 6320 colors_table: () bestIndex: 41 seed: 1153718721
5.49
nthreads: 1 colors: 18 vertices: 256 edges 6320 colors_table: () bestIndex: 41 seed: 1153718727
5.49
nthreads: 1 colors: 18 vertices: 256 edges 6320 colors_table: () bestIndex: 41 seed: 1153718734
5.52
nthreads: 1 colors: 18 vertices: 256 edges 6320 colors_table: () bestIndex: 41 seed: 1153718740
5.49
nthreads: 1 colors: 18 vertices: 256 edges 6320 colors_table: () bestIndex: 41 seed: 1153718747
5.53
nthreads: 1 colors: 18 vertices: 256 edges 6320 colors_table: () bestIndex: 41 seed: 1153718753
5.49
nthreads: 1 colors: 18 vertices: 256 edges 6320 colors_table: () bestIndex: 43 seed: 1153718760
5.47
nthreads: 1 colors: 18 vertices: 256 edges 6320 colors_table: () bestIndex: 46 seed: 1153718766
5.53
nthreads: 1 colors: 18 vertices: 256 edges 6320 colors_table: () bestIndex: 41 seed: 1153718773
5.50
nthreads: 1 colors: 18 vertices: 256 edges 6320 colors_table: () bestIndex: 41 seed: 1153718779
5.51
nthreads: 1 colors: 18 vertices: 256 edges 6320 colors_table: () bestIndex: 41 seed: 1153718786
5.52
nthreads: 1 colors: 18 vertices: 256 edges 6320 colors_table: () bestIndex: 41 seed: 1153718793
5.54
nthreads: 1 colors: 18 vertices: 256 edges 6320 colors_table: () bestIndex: 47 seed: 1153718799
5.53
nthreads: 1 colors: 17 vertices: 256 edges 6320 colors_table: () bestIndex: 383 seed: 1153718806
8.03
nthreads: 1 colors: 18 vertices: 256 edges 6320 colors_table: () bestIndex: 41 seed: 1153718815
5.51
nthreads: 1 colors: 18 vertices: 256 edges 6320 colors_table: () bestIndex: 41 seed: 1153718821
5.51
nthreads: 1 colors: 18 vertices: 256 edges 6320 colors_table: () bestIndex: 41 seed: 1153718828
5.46
nthreads: 1 colors: 18 vertices: 256 edges 6320 colors_table: () bestIndex: 41 seed: 1153718834
5.51
nthreads: 1 colors: 18 vertices: 256 edges 6320 colors_table: () bestIndex: 41 seed: 1153718841
5.50
nthreads: 1 colors: 18 vertices: 256 edges 6320 colors_table: () bestIndex: 41 seed: 1153718847
5.51
nthreads: 1 colors: 18 vertices: 256 edges 6320 colors_table: () bestIndex: 41 seed: 1153718854
5.51
nthreads: 1 colors: 18 vertices: 256 edges 6320 colors_table: () bestIndex: 41 seed: 1153718861
5.51
nthreads: 1 colors: 18 vertices: 256 edges 6320 colors_table: () bestIndex: 41 seed: 1153718867
5.52
nthreads: 1 colors: 18 vertices: 256 edges 6320 colors_table: () bestIndex: 42 seed: 1153718874
5.53
nthreads: 1 colors: 18 vertices: 256 edges 6320 colors_table: () bestIndex: 43 seed: 1153718880
5.53
nthreads: 1 colors: 18 vertices: 256 edges 6320 colors_table: () bestIndex: 41 seed: 1153718887
5.49
nthreads: 1 colors: 17 vertices: 256 edges 6320 colors_table: () bestIndex: 507 seed: 1153718893
8.86
nthreads: 1 colors: 18 vertices: 256 edges 6320 colors_table: () bestIndex: 41 seed: 1153718903
5.52
nthreads: 1 colors: 18 vertices: 256 edges 6320 colors_table: () bestIndex: 41 seed: 1153718910
5.49
nthreads: 1 colors: 18 vertices: 256 edges 6320 colors_table: () bestIndex: 52 seed: 1153718916
5.59
nthreads: 1 colors: 18 vertices: 256 edges 6320 colors_table: () bestIndex: 41 seed: 1153718923
5.52
nthreads: 1 colors: 18 vertices: 256 edges 6320 colors_table: () bestIndex: 41 seed: 1153718929
5.49
nthreads: 1 colors: 18 vertices: 256 edges 6320 colors_table: () bestIndex: 41 seed: 1153718936
5.53
nthreads: 1 colors: 18 vertices: 256 edges 6320 colors_table: () bestIndex: 42 seed: 1153718943
5.47
nthreads: 1 colors: 18 vertices: 256 edges 6320 colors_table: () bestIndex: 46 seed: 1153718949
5.57
nthreads: 1 colors: 18 vertices: 256 edges 6320 colors_table: () bestIndex: 48 seed: 1153718956
5.55
nthreads: 1 colors: 18 vertices: 256 edges 6320 colors_table: () bestIndex: 43 seed: 1153718962
5.50
nthreads: 1 colors: 18 vertices: 256 edges 6320 colors_table: () bestIndex: 41 seed: 1153718969
5.57
nthreads: 1 colors: 18 vertices: 256 edges 6320 colors_table: () bestIndex: 41 seed: 1153718975
5.47
nthreads: 1 colors: 18 vertices: 256 edges 6320 colors_table: () bestIndex: 41 seed: 1153718982
5.49
nthreads: 1 colors: 18 vertices: 256 edges 6320 colors_table: () bestIndex: 41 seed: 1153718988
5.50
nthreads: 1 colors: 18 vertices: 256 edges 6320 colors_table: () bestIndex: 43 seed: 1153718995
5.54
nthreads: 1 colors: 18 vertices: 256 edges 6320 colors_table: () bestIndex: 41 seed: 1153719002
5.50
nthreads: 1 colors: 18 vertices: 256 edges 6320 colors_table: () bestIndex: 41 seed: 1153719008
5.52
nthreads: 1 colors: 18 vertices: 256 edges 6320 colors_table: () bestIndex: 41 seed: 1153719015
5.47
nthreads: 1 colors: 18 vertices: 256 edges 6320 colors_table: () bestIndex: 41 seed: 1153719021
5.45
nthreads: 1 colors: 18 vertices: 256 edges 6320 colors_table: () bestIndex: 45 seed: 1153719028
5.49
nthreads: 1 colors: 18 vertices: 256 edges 6320 colors_table: () bestIndex: 41 seed: 1153719034
5.52
nthreads: 1 colors: 18 vertices: 256 edges 6320 colors_table: () bestIndex: 41 seed: 1153719041
5.49
nthreads: 1 colors: 18 vertices: 256 edges 6320 colors_table: () bestIndex: 41 seed: 1153719047
5.49
nthreads: 1 colors: 18 vertices: 256 edges 6320 colors_table: () bestIndex: 42 seed: 1153719054
5.53
nthreads: 1 colors: 18 vertices: 256 edges 6320 colors_table: () bestIndex: 41 seed: 1153719060
5.52
nthreads: 1 colors: 18 vertices: 256 edges 6320 colors_table: () bestIndex: 41 seed: 1153719067
5.49
nthreads: 1 colors: 17 vertices: 256 edges 6320 colors_table: () bestIndex: 647 seed: 1153719074
9.83
nthreads: 1 colors: 18 vertices: 256 edges 6320 colors_table: () bestIndex: 41 seed: 1153719084
5.51
nthreads: 1 colors: 18 vertices: 256 edges 6320 colors_table: () bestIndex: 41 seed: 1153719091
5.46
nthreads: 1 colors: 18 vertices: 256 edges 6320 colors_table: () bestIndex: 41 seed: 1153719097
5.50
nthreads: 1 colors: 18 vertices: 256 edges 6320 colors_table: () bestIndex: 41 seed: 1153719104
5.53
nthreads: 1 colors: 18 vertices: 256 edges 6320 colors_table: () bestIndex: 41 seed: 1153719111
5.51
