queen11_11.col.b n_loops: 100 n_threads: 1
Mon Jul 24 01:06:41 EDT 2006 /home/thanhvu/nfs/Classic/1225_SameAsPATCHONLY_w_somechangestoprintSol/log_dir//1153717273/queen11_11.col.b_1153717601.log
Single cedf232c677ebdd3c298dee92578679f /home/thanhvu/nfs/Classic/1225_SameAsPATCHONLY_w_somechangestoprintSol/a.out
nthreads: 1 colors: 12 vertices: 121 edges 1980 colors_table: () bestIndex: 241 seed: 1153717601
1.54
nthreads: 1 colors: 12 vertices: 121 edges 1980 colors_table: () bestIndex: 50 seed: 1153717604
1.10
nthreads: 1 colors: 12 vertices: 121 edges 1980 colors_table: () bestIndex: 143 seed: 1153717606
1.32
nthreads: 1 colors: 13 vertices: 121 edges 1980 colors_table: () bestIndex: 41 seed: 1153717608
1.00
nthreads: 1 colors: 12 vertices: 121 edges 1980 colors_table: () bestIndex: 336 seed: 1153717610
1.78
nthreads: 1 colors: 13 vertices: 121 edges 1980 colors_table: () bestIndex: 41 seed: 1153717613
1.02
nthreads: 1 colors: 12 vertices: 121 edges 1980 colors_table: () bestIndex: 269 seed: 1153717615
1.63
nthreads: 1 colors: 12 vertices: 121 edges 1980 colors_table: () bestIndex: 290 seed: 1153717618
1.68
nthreads: 1 colors: 12 vertices: 121 edges 1980 colors_table: () bestIndex: 176 seed: 1153717621
1.38
nthreads: 1 colors: 12 vertices: 121 edges 1980 colors_table: () bestIndex: 178 seed: 1153717623
1.39
nthreads: 1 colors: 12 vertices: 121 edges 1980 colors_table: () bestIndex: 90 seed: 1153717626
1.17
nthreads: 1 colors: 12 vertices: 121 edges 1980 colors_table: () bestIndex: 287 seed: 1153717628
1.64
nthreads: 1 colors: 12 vertices: 121 edges 1980 colors_table: () bestIndex: 92 seed: 1153717630
1.20
nthreads: 1 colors: 12 vertices: 121 edges 1980 colors_table: () bestIndex: 377 seed: 1153717633
1.84
nthreads: 1 colors: 13 vertices: 121 edges 1980 colors_table: () bestIndex: 41 seed: 1153717636
1.01
nthreads: 1 colors: 12 vertices: 121 edges 1980 colors_table: () bestIndex: 168 seed: 1153717638
1.39
nthreads: 1 colors: 13 vertices: 121 edges 1980 colors_table: () bestIndex: 41 seed: 1153717640
1.01
nthreads: 1 colors: 13 vertices: 121 edges 1980 colors_table: () bestIndex: 41 seed: 1153717642
1.00
nthreads: 1 colors: 12 vertices: 121 edges 1980 colors_table: () bestIndex: 165 seed: 1153717644
1.36
nthreads: 1 colors: 13 vertices: 121 edges 1980 colors_table: () bestIndex: 41 seed: 1153717646
1.01
nthreads: 1 colors: 12 vertices: 121 edges 1980 colors_table: () bestIndex: 32 seed: 1153717649
1.05
nthreads: 1 colors: 12 vertices: 121 edges 1980 colors_table: () bestIndex: 55 seed: 1153717651
1.08
nthreads: 1 colors: 12 vertices: 121 edges 1980 colors_table: () bestIndex: 195 seed: 1153717653
1.42
nthreads: 1 colors: 12 vertices: 121 edges 1980 colors_table: () bestIndex: 371 seed: 1153717655
1.83
nthreads: 1 colors: 12 vertices: 121 edges 1980 colors_table: () bestIndex: 83 seed: 1153717658
1.17
nthreads: 1 colors: 12 vertices: 121 edges 1980 colors_table: () bestIndex: 190 seed: 1153717660
1.42
nthreads: 1 colors: 12 vertices: 121 edges 1980 colors_table: () bestIndex: 112 seed: 1153717663
1.24
nthreads: 1 colors: 13 vertices: 121 edges 1980 colors_table: () bestIndex: 41 seed: 1153717665
0.99
nthreads: 1 colors: 13 vertices: 121 edges 1980 colors_table: () bestIndex: 41 seed: 1153717667
1.00
nthreads: 1 colors: 13 vertices: 121 edges 1980 colors_table: () bestIndex: 41 seed: 1153717669
1.00
nthreads: 1 colors: 13 vertices: 121 edges 1980 colors_table: () bestIndex: 41 seed: 1153717671
0.99
nthreads: 1 colors: 12 vertices: 121 edges 1980 colors_table: () bestIndex: 223 seed: 1153717673
1.50
nthreads: 1 colors: 12 vertices: 121 edges 1980 colors_table: () bestIndex: 390 seed: 1153717676
1.84
nthreads: 1 colors: 13 vertices: 121 edges 1980 colors_table: () bestIndex: 41 seed: 1153717679
1.00
nthreads: 1 colors: 13 vertices: 121 edges 1980 colors_table: () bestIndex: 41 seed: 1153717681
1.01
nthreads: 1 colors: 13 vertices: 121 edges 1980 colors_table: () bestIndex: 41 seed: 1153717683
0.99
nthreads: 1 colors: 13 vertices: 121 edges 1980 colors_table: () bestIndex: 41 seed: 1153717685
1.00
nthreads: 1 colors: 12 vertices: 121 edges 1980 colors_table: () bestIndex: 151 seed: 1153717687
1.37
nthreads: 1 colors: 12 vertices: 121 edges 1980 colors_table: () bestIndex: 266 seed: 1153717689
1.62
nthreads: 1 colors: 12 vertices: 121 edges 1980 colors_table: () bestIndex: 114 seed: 1153717692
1.25
nthreads: 1 colors: 13 vertices: 121 edges 1980 colors_table: () bestIndex: 41 seed: 1153717694
1.00
nthreads: 1 colors: 12 vertices: 121 edges 1980 colors_table: () bestIndex: 113 seed: 1153717696
1.24
nthreads: 1 colors: 12 vertices: 121 edges 1980 colors_table: () bestIndex: 318 seed: 1153717698
1.75
nthreads: 1 colors: 12 vertices: 121 edges 1980 colors_table: () bestIndex: 349 seed: 1153717701
1.84
nthreads: 1 colors: 12 vertices: 121 edges 1980 colors_table: () bestIndex: 167 seed: 1153717704
1.38
nthreads: 1 colors: 13 vertices: 121 edges 1980 colors_table: () bestIndex: 41 seed: 1153717707
1.01
nthreads: 1 colors: 12 vertices: 121 edges 1980 colors_table: () bestIndex: 283 seed: 1153717709
1.62
nthreads: 1 colors: 13 vertices: 121 edges 1980 colors_table: () bestIndex: 41 seed: 1153717711
1.02
nthreads: 1 colors: 12 vertices: 121 edges 1980 colors_table: () bestIndex: 265 seed: 1153717713
1.61
nthreads: 1 colors: 12 vertices: 121 edges 1980 colors_table: () bestIndex: 229 seed: 1153717716
1.52
nthreads: 1 colors: 13 vertices: 121 edges 1980 colors_table: () bestIndex: 41 seed: 1153717719
1.00
nthreads: 1 colors: 12 vertices: 121 edges 1980 colors_table: () bestIndex: 114 seed: 1153717721
1.25
nthreads: 1 colors: 12 vertices: 121 edges 1980 colors_table: () bestIndex: 377 seed: 1153717723
1.84
nthreads: 1 colors: 12 vertices: 121 edges 1980 colors_table: () bestIndex: 187 seed: 1153717726
1.42
nthreads: 1 colors: 12 vertices: 121 edges 1980 colors_table: () bestIndex: 106 seed: 1153717728
1.19
nthreads: 1 colors: 12 vertices: 121 edges 1980 colors_table: () bestIndex: 298 seed: 1153717730
1.69
nthreads: 1 colors: 12 vertices: 121 edges 1980 colors_table: () bestIndex: 86 seed: 1153717733
1.17
nthreads: 1 colors: 13 vertices: 121 edges 1980 colors_table: () bestIndex: 41 seed: 1153717735
1.01
nthreads: 1 colors: 12 vertices: 121 edges 1980 colors_table: () bestIndex: 164 seed: 1153717737
1.38
nthreads: 1 colors: 12 vertices: 121 edges 1980 colors_table: () bestIndex: 321 seed: 1153717740
1.74
nthreads: 1 colors: 12 vertices: 121 edges 1980 colors_table: () bestIndex: 73 seed: 1153717743
1.15
nthreads: 1 colors: 13 vertices: 121 edges 1980 colors_table: () bestIndex: 41 seed: 1153717745
1.00
nthreads: 1 colors: 12 vertices: 121 edges 1980 colors_table: () bestIndex: 63 seed: 1153717747
1.11
nthreads: 1 colors: 12 vertices: 121 edges 1980 colors_table: () bestIndex: 90 seed: 1153717749
1.18
nthreads: 1 colors: 12 vertices: 121 edges 1980 colors_table: () bestIndex: 57 seed: 1153717751
1.11
nthreads: 1 colors: 12 vertices: 121 edges 1980 colors_table: () bestIndex: 160 seed: 1153717753
1.36
nthreads: 1 colors: 12 vertices: 121 edges 1980 colors_table: () bestIndex: 403 seed: 1153717756
1.84
nthreads: 1 colors: 13 vertices: 121 edges 1980 colors_table: () bestIndex: 41 seed: 1153717759
1.01
nthreads: 1 colors: 12 vertices: 121 edges 1980 colors_table: () bestIndex: 108 seed: 1153717761
1.23
nthreads: 1 colors: 13 vertices: 121 edges 1980 colors_table: () bestIndex: 41 seed: 1153717763
1.00
nthreads: 1 colors: 13 vertices: 121 edges 1980 colors_table: () bestIndex: 41 seed: 1153717765
1.01
nthreads: 1 colors: 13 vertices: 121 edges 1980 colors_table: () bestIndex: 41 seed: 1153717767
1.01
nthreads: 1 colors: 12 vertices: 121 edges 1980 colors_table: () bestIndex: 303 seed: 1153717769
1.71
nthreads: 1 colors: 12 vertices: 121 edges 1980 colors_table: () bestIndex: 272 seed: 1153717772
1.63
nthreads: 1 colors: 12 vertices: 121 edges 1980 colors_table: () bestIndex: 70 seed: 1153717775
1.13
nthreads: 1 colors: 13 vertices: 121 edges 1980 colors_table: () bestIndex: 41 seed: 1153717777
0.99
nthreads: 1 colors: 12 vertices: 121 edges 1980 colors_table: () bestIndex: 100 seed: 1153717779
1.23
nthreads: 1 colors: 12 vertices: 121 edges 1980 colors_table: () bestIndex: 256 seed: 1153717781
1.62
nthreads: 1 colors: 12 vertices: 121 edges 1980 colors_table: () bestIndex: 53 seed: 1153717784
1.10
nthreads: 1 colors: 12 vertices: 121 edges 1980 colors_table: () bestIndex: 233 seed: 1153717786
1.55
nthreads: 1 colors: 12 vertices: 121 edges 1980 colors_table: () bestIndex: 313 seed: 1153717788
1.74
nthreads: 1 colors: 13 vertices: 121 edges 1980 colors_table: () bestIndex: 42 seed: 1153717791
1.01
nthreads: 1 colors: 12 vertices: 121 edges 1980 colors_table: () bestIndex: 92 seed: 1153717793
1.19
nthreads: 1 colors: 12 vertices: 121 edges 1980 colors_table: () bestIndex: 351 seed: 1153717795
1.83
nthreads: 1 colors: 12 vertices: 121 edges 1980 colors_table: () bestIndex: 192 seed: 1153717798
1.44
nthreads: 1 colors: 13 vertices: 121 edges 1980 colors_table: () bestIndex: 41 seed: 1153717801
1.00
nthreads: 1 colors: 13 vertices: 121 edges 1980 colors_table: () bestIndex: 41 seed: 1153717803
1.01
nthreads: 1 colors: 12 vertices: 121 edges 1980 colors_table: () bestIndex: 191 seed: 1153717805
1.42
nthreads: 1 colors: 12 vertices: 121 edges 1980 colors_table: () bestIndex: 55 seed: 1153717807
1.10
nthreads: 1 colors: 12 vertices: 121 edges 1980 colors_table: () bestIndex: 133 seed: 1153717809
1.30
nthreads: 1 colors: 12 vertices: 121 edges 1980 colors_table: () bestIndex: 339 seed: 1153717812
1.80
nthreads: 1 colors: 12 vertices: 121 edges 1980 colors_table: () bestIndex: 223 seed: 1153717815
1.50
nthreads: 1 colors: 13 vertices: 121 edges 1980 colors_table: () bestIndex: 41 seed: 1153717817
1.00
nthreads: 1 colors: 12 vertices: 121 edges 1980 colors_table: () bestIndex: 38 seed: 1153717819
1.06
nthreads: 1 colors: 12 vertices: 121 edges 1980 colors_table: () bestIndex: 377 seed: 1153717821
1.82
nthreads: 1 colors: 13 vertices: 121 edges 1980 colors_table: () bestIndex: 41 seed: 1153717824
0.99
nthreads: 1 colors: 12 vertices: 121 edges 1980 colors_table: () bestIndex: 71 seed: 1153717826
1.14
nthreads: 1 colors: 12 vertices: 121 edges 1980 colors_table: () bestIndex: 185 seed: 1153717828
1.42
nthreads: 1 colors: 13 vertices: 121 edges 1980 colors_table: () bestIndex: 41 seed: 1153717831
1.01
nthreads: 1 colors: 13 vertices: 121 edges 1980 colors_table: () bestIndex: 41 seed: 1153717833
1.00
