qg.order100.col.b n_loops: 100 n_threads: 1
Mon Jul 24 00:43:24 EDT 2006 /home/thanhvu/nfs/Classic/1225_SameAsPATCHONLY_w_somechangestoprintSol/log_dir//1153716204/qg.order100.col.b_1153716204.log
Single cedf232c677ebdd3c298dee92578679f /home/thanhvu/nfs/Classic/1225_SameAsPATCHONLY_w_somechangestoprintSol/a.out
nthreads: 1 colors: 100 vertices: 10000 edges 990000 colors_table: () bestIndex: 223 seed: 1153716205
734.43
nthreads: 1 colors: 100 vertices: 10000 edges 990000 colors_table: () bestIndex: 225 seed: 1153716940
735.88
nthreads: 1 colors: 100 vertices: 10000 edges 990000 colors_table: () bestIndex: 222 seed: 1153717677
734.79
nthreads: 1 colors: 100 vertices: 10000 edges 990000 colors_table: () bestIndex: 225 seed: 1153718413
735.92
nthreads: 1 colors: 100 vertices: 10000 edges 990000 colors_table: () bestIndex: 224 seed: 1153719150
735.40
nthreads: 1 colors: 100 vertices: 10000 edges 990000 colors_table: () bestIndex: 227 seed: 1153719886
736.82
nthreads: 1 colors: 100 vertices: 10000 edges 990000 colors_table: () bestIndex: 223 seed: 1153720624
735.30
nthreads: 1 colors: 100 vertices: 10000 edges 990000 colors_table: () bestIndex: 224 seed: 1153721360
735.79
nthreads: 1 colors: 100 vertices: 10000 edges 990000 colors_table: () bestIndex: 231 seed: 1153722097
738.35
nthreads: 1 colors: 100 vertices: 10000 edges 990000 colors_table: () bestIndex: 224 seed: 1153722836
735.91
nthreads: 1 colors: 100 vertices: 10000 edges 990000 colors_table: () bestIndex: 224 seed: 1153723573
734.17
nthreads: 1 colors: 100 vertices: 10000 edges 990000 colors_table: () bestIndex: 225 seed: 1153724308
736.20
nthreads: 1 colors: 100 vertices: 10000 edges 990000 colors_table: () bestIndex: 227 seed: 1153725046
736.34
nthreads: 1 colors: 100 vertices: 10000 edges 990000 colors_table: () bestIndex: 223 seed: 1153725783
735.26
nthreads: 1 colors: 100 vertices: 10000 edges 990000 colors_table: () bestIndex: 229 seed: 1153726519
737.55
nthreads: 1 colors: 100 vertices: 10000 edges 990000 colors_table: () bestIndex: 223 seed: 1153727258
735.34
nthreads: 1 colors: 100 vertices: 10000 edges 990000 colors_table: () bestIndex: 223 seed: 1153727994
735.19
nthreads: 1 colors: 100 vertices: 10000 edges 990000 colors_table: () bestIndex: 223 seed: 1153728731
735.17
nthreads: 1 colors: 100 vertices: 10000 edges 990000 colors_table: () bestIndex: 223 seed: 1153729467
735.07
nthreads: 1 colors: 100 vertices: 10000 edges 990000 colors_table: () bestIndex: 224 seed: 1153730203
735.93
nthreads: 1 colors: 100 vertices: 10000 edges 990000 colors_table: () bestIndex: 226 seed: 1153730940
736.71
nthreads: 1 colors: 100 vertices: 10000 edges 990000 colors_table: () bestIndex: 223 seed: 1153731678
735.25
nthreads: 1 colors: 100 vertices: 10000 edges 990000 colors_table: () bestIndex: 224 seed: 1153732414
735.45
nthreads: 1 colors: 100 vertices: 10000 edges 990000 colors_table: () bestIndex: 224 seed: 1153733150
735.72
nthreads: 1 colors: 100 vertices: 10000 edges 990000 colors_table: () bestIndex: 224 seed: 1153733887
735.67
nthreads: 1 colors: 100 vertices: 10000 edges 990000 colors_table: () bestIndex: 233 seed: 1153734624
739.12
nthreads: 1 colors: 100 vertices: 10000 edges 990000 colors_table: () bestIndex: 223 seed: 1153735364
735.09
nthreads: 1 colors: 100 vertices: 10000 edges 990000 colors_table: () bestIndex: 222 seed: 1153736100
735.16
nthreads: 1 colors: 100 vertices: 10000 edges 990000 colors_table: () bestIndex: 224 seed: 1153736836
735.48
nthreads: 1 colors: 100 vertices: 10000 edges 990000 colors_table: () bestIndex: 222 seed: 1153737573
734.91
nthreads: 1 colors: 100 vertices: 10000 edges 990000 colors_table: () bestIndex: 223 seed: 1153738309
735.18
nthreads: 1 colors: 100 vertices: 10000 edges 990000 colors_table: () bestIndex: 224 seed: 1153739045
735.68
nthreads: 1 colors: 100 vertices: 10000 edges 990000 colors_table: () bestIndex: 222 seed: 1153739781
734.83
nthreads: 1 colors: 100 vertices: 10000 edges 990000 colors_table: () bestIndex: 226 seed: 1153740517
736.25
nthreads: 1 colors: 100 vertices: 10000 edges 990000 colors_table: () bestIndex: 223 seed: 1153741255
735.35
nthreads: 1 colors: 100 vertices: 10000 edges 990000 colors_table: () bestIndex: 223 seed: 1153741991
735.33
nthreads: 1 colors: 100 vertices: 10000 edges 990000 colors_table: () bestIndex: 224 seed: 1153742727
735.31
nthreads: 1 colors: 100 vertices: 10000 edges 990000 colors_table: () bestIndex: 223 seed: 1153743464
735.28
nthreads: 1 colors: 100 vertices: 10000 edges 990000 colors_table: () bestIndex: 223 seed: 1153744200
734.98
nthreads: 1 colors: 100 vertices: 10000 edges 990000 colors_table: () bestIndex: 223 seed: 1153744936
735.30
nthreads: 1 colors: 100 vertices: 10000 edges 990000 colors_table: () bestIndex: 226 seed: 1153745672
736.36
nthreads: 1 colors: 100 vertices: 10000 edges 990000 colors_table: () bestIndex: 224 seed: 1153746410
735.82
nthreads: 1 colors: 100 vertices: 10000 edges 990000 colors_table: () bestIndex: 227 seed: 1153747146
736.73
nthreads: 1 colors: 100 vertices: 10000 edges 990000 colors_table: () bestIndex: 222 seed: 1153747884
734.66
nthreads: 1 colors: 100 vertices: 10000 edges 990000 colors_table: () bestIndex: 223 seed: 1153748620
735.10
nthreads: 1 colors: 100 vertices: 10000 edges 990000 colors_table: () bestIndex: 223 seed: 1153749356
735.34
nthreads: 1 colors: 100 vertices: 10000 edges 990000 colors_table: () bestIndex: 229 seed: 1153750092
737.42
nthreads: 1 colors: 100 vertices: 10000 edges 990000 colors_table: () bestIndex: 223 seed: 1153750831
735.34
nthreads: 1 colors: 100 vertices: 10000 edges 990000 colors_table: () bestIndex: 225 seed: 1153751567
736.12
nthreads: 1 colors: 100 vertices: 10000 edges 990000 colors_table: () bestIndex: 223 seed: 1153752304
735.45
nthreads: 1 colors: 100 vertices: 10000 edges 990000 colors_table: () bestIndex: 225 seed: 1153753041
735.80
nthreads: 1 colors: 100 vertices: 10000 edges 990000 colors_table: () bestIndex: 222 seed: 1153753778
734.77
nthreads: 1 colors: 100 vertices: 10000 edges 990000 colors_table: () bestIndex: 223 seed: 1153754513
735.30
nthreads: 1 colors: 100 vertices: 10000 edges 990000 colors_table: () bestIndex: 222 seed: 1153755250
734.62
nthreads: 1 colors: 100 vertices: 10000 edges 990000 colors_table: () bestIndex: 223 seed: 1153755985
733.21
nthreads: 1 colors: 100 vertices: 10000 edges 990000 colors_table: () bestIndex: 223 seed: 1153756720
735.19
nthreads: 1 colors: 100 vertices: 10000 edges 990000 colors_table: () bestIndex: 227 seed: 1153757456
736.76
nthreads: 1 colors: 100 vertices: 10000 edges 990000 colors_table: () bestIndex: 225 seed: 1153758194
735.73
nthreads: 1 colors: 100 vertices: 10000 edges 990000 colors_table: () bestIndex: 222 seed: 1153758930
734.64
nthreads: 1 colors: 100 vertices: 10000 edges 990000 colors_table: () bestIndex: 224 seed: 1153759666
735.77
nthreads: 1 colors: 100 vertices: 10000 edges 990000 colors_table: () bestIndex: 226 seed: 1153760403
736.20
nthreads: 1 colors: 100 vertices: 10000 edges 990000 colors_table: () bestIndex: 223 seed: 1153761140
735.01
nthreads: 1 colors: 100 vertices: 10000 edges 990000 colors_table: () bestIndex: 228 seed: 1153761876
737.13
nthreads: 1 colors: 100 vertices: 10000 edges 990000 colors_table: () bestIndex: 223 seed: 1153762614
735.08
nthreads: 1 colors: 100 vertices: 10000 edges 990000 colors_table: () bestIndex: 223 seed: 1153763350
735.01
nthreads: 1 colors: 100 vertices: 10000 edges 990000 colors_table: () bestIndex: 224 seed: 1153764086
735.58
nthreads: 1 colors: 100 vertices: 10000 edges 990000 colors_table: () bestIndex: 226 seed: 1153764823
736.30
nthreads: 1 colors: 100 vertices: 10000 edges 990000 colors_table: () bestIndex: 224 seed: 1153765560
735.52
nthreads: 1 colors: 100 vertices: 10000 edges 990000 colors_table: () bestIndex: 223 seed: 1153766297
735.15
nthreads: 1 colors: 100 vertices: 10000 edges 990000 colors_table: () bestIndex: 223 seed: 1153767033
735.36
nthreads: 1 colors: 100 vertices: 10000 edges 990000 colors_table: () bestIndex: 222 seed: 1153767769
734.80
nthreads: 1 colors: 100 vertices: 10000 edges 990000 colors_table: () bestIndex: 223 seed: 1153768505
735.28
nthreads: 1 colors: 100 vertices: 10000 edges 990000 colors_table: () bestIndex: 223 seed: 1153769242
732.93
nthreads: 1 colors: 100 vertices: 10000 edges 990000 colors_table: () bestIndex: 224 seed: 1153769975
735.85
nthreads: 1 colors: 100 vertices: 10000 edges 990000 colors_table: () bestIndex: 222 seed: 1153770712
735.00
nthreads: 1 colors: 100 vertices: 10000 edges 990000 colors_table: () bestIndex: 226 seed: 1153771448
736.59
nthreads: 1 colors: 100 vertices: 10000 edges 990000 colors_table: () bestIndex: 228 seed: 1153772186
734.80
nthreads: 1 colors: 100 vertices: 10000 edges 990000 colors_table: () bestIndex: 222 seed: 1153772922
734.88
nthreads: 1 colors: 100 vertices: 10000 edges 990000 colors_table: () bestIndex: 222 seed: 1153773658
734.79
nthreads: 1 colors: 100 vertices: 10000 edges 990000 colors_table: () bestIndex: 225 seed: 1153774393
736.00
nthreads: 1 colors: 100 vertices: 10000 edges 990000 colors_table: () bestIndex: 227 seed: 1153775131
736.85
nthreads: 1 colors: 100 vertices: 10000 edges 990000 colors_table: () bestIndex: 223 seed: 1153775868
735.15
nthreads: 1 colors: 100 vertices: 10000 edges 990000 colors_table: () bestIndex: 223 seed: 1153776605
735.12
nthreads: 1 colors: 100 vertices: 10000 edges 990000 colors_table: () bestIndex: 223 seed: 1153777341
735.37
nthreads: 1 colors: 100 vertices: 10000 edges 990000 colors_table: () bestIndex: 227 seed: 1153778077
736.93
nthreads: 1 colors: 100 vertices: 10000 edges 990000 colors_table: () bestIndex: 223 seed: 1153778815
734.62
nthreads: 1 colors: 100 vertices: 10000 edges 990000 colors_table: () bestIndex: 225 seed: 1153779551
736.06
nthreads: 1 colors: 100 vertices: 10000 edges 990000 colors_table: () bestIndex: 223 seed: 1153780288
735.32
nthreads: 1 colors: 100 vertices: 10000 edges 990000 colors_table: () bestIndex: 227 seed: 1153781024
736.69
nthreads: 1 colors: 100 vertices: 10000 edges 990000 colors_table: () bestIndex: 228 seed: 1153781762
736.96
nthreads: 1 colors: 100 vertices: 10000 edges 990000 colors_table: () bestIndex: 222 seed: 1153782500
734.91
nthreads: 1 colors: 100 vertices: 10000 edges 990000 colors_table: () bestIndex: 224 seed: 1153783236
735.30
nthreads: 1 colors: 100 vertices: 10000 edges 990000 colors_table: () bestIndex: 224 seed: 1153783972
735.89
nthreads: 1 colors: 100 vertices: 10000 edges 990000 colors_table: () bestIndex: 222 seed: 1153784709
734.74
nthreads: 1 colors: 100 vertices: 10000 edges 990000 colors_table: () bestIndex: 222 seed: 1153785445
734.94
nthreads: 1 colors: 100 vertices: 10000 edges 990000 colors_table: () bestIndex: 224 seed: 1153786181
735.82
nthreads: 1 colors: 100 vertices: 10000 edges 990000 colors_table: () bestIndex: 225 seed: 1153786917
736.23
nthreads: 1 colors: 100 vertices: 10000 edges 990000 colors_table: () bestIndex: 223 seed: 1153787655
735.24
nthreads: 1 colors: 100 vertices: 10000 edges 990000 colors_table: () bestIndex: 225 seed: 1153788391
735.96
nthreads: 1 colors: 100 vertices: 10000 edges 990000 colors_table: () bestIndex: 239 seed: 1153789128
741.55
