2-Insertions_4.col.b n_loops: 100 n_threads: 1
Mon Jul 24 00:14:29 EDT 2006 /home/thanhvu/nfs/Classic/1225_SameAsPATCHONLY_w_somechangestoprintSol/log_dir//1153714366/2-Insertions_4.col.b_1153714469.log
Single cedf232c677ebdd3c298dee92578679f /home/thanhvu/nfs/Classic/1225_SameAsPATCHONLY_w_somechangestoprintSol/a.out
nthreads: 1 colors: 5 vertices: 149 edges 541 colors_table: () bestIndex: 0 seed: 1153714469
0.77
nthreads: 1 colors: 5 vertices: 149 edges 541 colors_table: () bestIndex: 0 seed: 1153714471
0.79
nthreads: 1 colors: 5 vertices: 149 edges 541 colors_table: () bestIndex: 0 seed: 1153714473
0.79
nthreads: 1 colors: 5 vertices: 149 edges 541 colors_table: () bestIndex: 0 seed: 1153714475
0.77
nthreads: 1 colors: 5 vertices: 149 edges 541 colors_table: () bestIndex: 0 seed: 1153714477
0.79
nthreads: 1 colors: 5 vertices: 149 edges 541 colors_table: () bestIndex: 0 seed: 1153714478
0.81
nthreads: 1 colors: 5 vertices: 149 edges 541 colors_table: () bestIndex: 0 seed: 1153714480
0.78
nthreads: 1 colors: 5 vertices: 149 edges 541 colors_table: () bestIndex: 0 seed: 1153714482
0.80
nthreads: 1 colors: 5 vertices: 149 edges 541 colors_table: () bestIndex: 0 seed: 1153714484
0.82
nthreads: 1 colors: 5 vertices: 149 edges 541 colors_table: () bestIndex: 0 seed: 1153714486
0.79
nthreads: 1 colors: 5 vertices: 149 edges 541 colors_table: () bestIndex: 0 seed: 1153714487
0.79
nthreads: 1 colors: 5 vertices: 149 edges 541 colors_table: () bestIndex: 0 seed: 1153714489
0.79
nthreads: 1 colors: 5 vertices: 149 edges 541 colors_table: () bestIndex: 0 seed: 1153714491
0.76
nthreads: 1 colors: 5 vertices: 149 edges 541 colors_table: () bestIndex: 0 seed: 1153714493
0.80
nthreads: 1 colors: 5 vertices: 149 edges 541 colors_table: () bestIndex: 0 seed: 1153714495
0.82
nthreads: 1 colors: 5 vertices: 149 edges 541 colors_table: () bestIndex: 0 seed: 1153714496
0.77
nthreads: 1 colors: 5 vertices: 149 edges 541 colors_table: () bestIndex: 0 seed: 1153714498
0.80
nthreads: 1 colors: 5 vertices: 149 edges 541 colors_table: () bestIndex: 0 seed: 1153714500
0.78
nthreads: 1 colors: 5 vertices: 149 edges 541 colors_table: () bestIndex: 0 seed: 1153714502
0.81
nthreads: 1 colors: 5 vertices: 149 edges 541 colors_table: () bestIndex: 0 seed: 1153714504
0.79
nthreads: 1 colors: 5 vertices: 149 edges 541 colors_table: () bestIndex: 0 seed: 1153714505
0.80
nthreads: 1 colors: 5 vertices: 149 edges 541 colors_table: () bestIndex: 0 seed: 1153714507
0.80
nthreads: 1 colors: 5 vertices: 149 edges 541 colors_table: () bestIndex: 0 seed: 1153714509
0.79
nthreads: 1 colors: 5 vertices: 149 edges 541 colors_table: () bestIndex: 0 seed: 1153714511
0.80
nthreads: 1 colors: 5 vertices: 149 edges 541 colors_table: () bestIndex: 0 seed: 1153714513
0.84
nthreads: 1 colors: 5 vertices: 149 edges 541 colors_table: () bestIndex: 0 seed: 1153714515
0.82
nthreads: 1 colors: 5 vertices: 149 edges 541 colors_table: () bestIndex: 0 seed: 1153714516
0.79
nthreads: 1 colors: 5 vertices: 149 edges 541 colors_table: () bestIndex: 0 seed: 1153714518
0.80
nthreads: 1 colors: 5 vertices: 149 edges 541 colors_table: () bestIndex: 0 seed: 1153714520
0.79
nthreads: 1 colors: 5 vertices: 149 edges 541 colors_table: () bestIndex: 0 seed: 1153714522
0.79
nthreads: 1 colors: 5 vertices: 149 edges 541 colors_table: () bestIndex: 0 seed: 1153714524
0.78
nthreads: 1 colors: 5 vertices: 149 edges 541 colors_table: () bestIndex: 0 seed: 1153714525
0.78
nthreads: 1 colors: 5 vertices: 149 edges 541 colors_table: () bestIndex: 0 seed: 1153714527
0.80
nthreads: 1 colors: 5 vertices: 149 edges 541 colors_table: () bestIndex: 0 seed: 1153714529
0.84
nthreads: 1 colors: 5 vertices: 149 edges 541 colors_table: () bestIndex: 0 seed: 1153714531
0.83
nthreads: 1 colors: 5 vertices: 149 edges 541 colors_table: () bestIndex: 0 seed: 1153714533
0.79
nthreads: 1 colors: 5 vertices: 149 edges 541 colors_table: () bestIndex: 0 seed: 1153714535
0.79
nthreads: 1 colors: 5 vertices: 149 edges 541 colors_table: () bestIndex: 0 seed: 1153714536
0.81
nthreads: 1 colors: 5 vertices: 149 edges 541 colors_table: () bestIndex: 0 seed: 1153714538
0.80
nthreads: 1 colors: 5 vertices: 149 edges 541 colors_table: () bestIndex: 0 seed: 1153714540
0.79
nthreads: 1 colors: 5 vertices: 149 edges 541 colors_table: () bestIndex: 0 seed: 1153714542
0.81
nthreads: 1 colors: 5 vertices: 149 edges 541 colors_table: () bestIndex: 0 seed: 1153714544
0.80
nthreads: 1 colors: 5 vertices: 149 edges 541 colors_table: () bestIndex: 0 seed: 1153714545
0.79
nthreads: 1 colors: 5 vertices: 149 edges 541 colors_table: () bestIndex: 0 seed: 1153714547
0.80
nthreads: 1 colors: 5 vertices: 149 edges 541 colors_table: () bestIndex: 0 seed: 1153714549
0.80
nthreads: 1 colors: 5 vertices: 149 edges 541 colors_table: () bestIndex: 0 seed: 1153714551
0.80
nthreads: 1 colors: 5 vertices: 149 edges 541 colors_table: () bestIndex: 0 seed: 1153714553
0.79
nthreads: 1 colors: 5 vertices: 149 edges 541 colors_table: () bestIndex: 0 seed: 1153714554
0.78
nthreads: 1 colors: 5 vertices: 149 edges 541 colors_table: () bestIndex: 0 seed: 1153714556
0.80
nthreads: 1 colors: 5 vertices: 149 edges 541 colors_table: () bestIndex: 0 seed: 1153714558
0.81
nthreads: 1 colors: 5 vertices: 149 edges 541 colors_table: () bestIndex: 0 seed: 1153714560
0.76
nthreads: 1 colors: 5 vertices: 149 edges 541 colors_table: () bestIndex: 0 seed: 1153714562
0.78
nthreads: 1 colors: 5 vertices: 149 edges 541 colors_table: () bestIndex: 0 seed: 1153714563
0.77
nthreads: 1 colors: 5 vertices: 149 edges 541 colors_table: () bestIndex: 0 seed: 1153714565
0.81
nthreads: 1 colors: 5 vertices: 149 edges 541 colors_table: () bestIndex: 0 seed: 1153714567
0.79
nthreads: 1 colors: 5 vertices: 149 edges 541 colors_table: () bestIndex: 0 seed: 1153714569
0.79
nthreads: 1 colors: 5 vertices: 149 edges 541 colors_table: () bestIndex: 0 seed: 1153714571
0.79
nthreads: 1 colors: 5 vertices: 149 edges 541 colors_table: () bestIndex: 0 seed: 1153714573
0.76
nthreads: 1 colors: 5 vertices: 149 edges 541 colors_table: () bestIndex: 0 seed: 1153714574
0.77
nthreads: 1 colors: 5 vertices: 149 edges 541 colors_table: () bestIndex: 0 seed: 1153714576
0.78
nthreads: 1 colors: 5 vertices: 149 edges 541 colors_table: () bestIndex: 0 seed: 1153714578
0.79
nthreads: 1 colors: 5 vertices: 149 edges 541 colors_table: () bestIndex: 0 seed: 1153714580
0.77
nthreads: 1 colors: 5 vertices: 149 edges 541 colors_table: () bestIndex: 0 seed: 1153714581
0.78
nthreads: 1 colors: 5 vertices: 149 edges 541 colors_table: () bestIndex: 0 seed: 1153714583
0.83
nthreads: 1 colors: 5 vertices: 149 edges 541 colors_table: () bestIndex: 0 seed: 1153714585
0.79
nthreads: 1 colors: 5 vertices: 149 edges 541 colors_table: () bestIndex: 0 seed: 1153714587
0.81
nthreads: 1 colors: 5 vertices: 149 edges 541 colors_table: () bestIndex: 0 seed: 1153714589
0.80
nthreads: 1 colors: 5 vertices: 149 edges 541 colors_table: () bestIndex: 0 seed: 1153714591
0.78
nthreads: 1 colors: 5 vertices: 149 edges 541 colors_table: () bestIndex: 0 seed: 1153714592
0.76
nthreads: 1 colors: 5 vertices: 149 edges 541 colors_table: () bestIndex: 0 seed: 1153714594
0.80
nthreads: 1 colors: 5 vertices: 149 edges 541 colors_table: () bestIndex: 0 seed: 1153714596
0.78
nthreads: 1 colors: 5 vertices: 149 edges 541 colors_table: () bestIndex: 0 seed: 1153714598
0.79
nthreads: 1 colors: 5 vertices: 149 edges 541 colors_table: () bestIndex: 0 seed: 1153714600
0.77
nthreads: 1 colors: 5 vertices: 149 edges 541 colors_table: () bestIndex: 0 seed: 1153714601
0.78
nthreads: 1 colors: 5 vertices: 149 edges 541 colors_table: () bestIndex: 0 seed: 1153714603
0.79
nthreads: 1 colors: 5 vertices: 149 edges 541 colors_table: () bestIndex: 0 seed: 1153714605
0.77
nthreads: 1 colors: 5 vertices: 149 edges 541 colors_table: () bestIndex: 0 seed: 1153714607
0.80
nthreads: 1 colors: 5 vertices: 149 edges 541 colors_table: () bestIndex: 0 seed: 1153714609
0.79
nthreads: 1 colors: 5 vertices: 149 edges 541 colors_table: () bestIndex: 0 seed: 1153714610
0.76
nthreads: 1 colors: 5 vertices: 149 edges 541 colors_table: () bestIndex: 0 seed: 1153714612
0.79
nthreads: 1 colors: 5 vertices: 149 edges 541 colors_table: () bestIndex: 0 seed: 1153714614
0.78
nthreads: 1 colors: 5 vertices: 149 edges 541 colors_table: () bestIndex: 0 seed: 1153714616
0.77
nthreads: 1 colors: 5 vertices: 149 edges 541 colors_table: () bestIndex: 0 seed: 1153714617
0.78
nthreads: 1 colors: 5 vertices: 149 edges 541 colors_table: () bestIndex: 0 seed: 1153714619
0.81
nthreads: 1 colors: 5 vertices: 149 edges 541 colors_table: () bestIndex: 0 seed: 1153714621
0.81
nthreads: 1 colors: 5 vertices: 149 edges 541 colors_table: () bestIndex: 0 seed: 1153714623
0.80
nthreads: 1 colors: 5 vertices: 149 edges 541 colors_table: () bestIndex: 0 seed: 1153714625
0.80
nthreads: 1 colors: 5 vertices: 149 edges 541 colors_table: () bestIndex: 0 seed: 1153714627
0.78
nthreads: 1 colors: 5 vertices: 149 edges 541 colors_table: () bestIndex: 0 seed: 1153714628
0.77
nthreads: 1 colors: 5 vertices: 149 edges 541 colors_table: () bestIndex: 0 seed: 1153714630
0.80
nthreads: 1 colors: 5 vertices: 149 edges 541 colors_table: () bestIndex: 0 seed: 1153714632
0.78
nthreads: 1 colors: 5 vertices: 149 edges 541 colors_table: () bestIndex: 0 seed: 1153714634
0.80
nthreads: 1 colors: 5 vertices: 149 edges 541 colors_table: () bestIndex: 0 seed: 1153714636
0.80
nthreads: 1 colors: 5 vertices: 149 edges 541 colors_table: () bestIndex: 0 seed: 1153714637
0.80
nthreads: 1 colors: 5 vertices: 149 edges 541 colors_table: () bestIndex: 0 seed: 1153714639
0.79
nthreads: 1 colors: 5 vertices: 149 edges 541 colors_table: () bestIndex: 0 seed: 1153714641
0.77
nthreads: 1 colors: 5 vertices: 149 edges 541 colors_table: () bestIndex: 0 seed: 1153714643
0.79
nthreads: 1 colors: 5 vertices: 149 edges 541 colors_table: () bestIndex: 0 seed: 1153714645
0.78
nthreads: 1 colors: 5 vertices: 149 edges 541 colors_table: () bestIndex: 0 seed: 1153714646
0.78
nthreads: 1 colors: 5 vertices: 149 edges 541 colors_table: () bestIndex: 0 seed: 1153714648
0.80
