2-Insertions_5.col.b n_loops: 100 n_threads: 1
Mon Jul 24 00:17:30 EDT 2006 /home/thanhvu/nfs/Classic/1225_SameAsPATCHONLY_w_somechangestoprintSol/log_dir//1153714366/2-Insertions_5.col.b_1153714650.log
Single cedf232c677ebdd3c298dee92578679f /home/thanhvu/nfs/Classic/1225_SameAsPATCHONLY_w_somechangestoprintSol/a.out
nthreads: 1 colors: 6 vertices: 597 edges 3936 colors_table: () bestIndex: 0 seed: 1153714650
13.61
nthreads: 1 colors: 6 vertices: 597 edges 3936 colors_table: () bestIndex: 0 seed: 1153714665
13.99
nthreads: 1 colors: 6 vertices: 597 edges 3936 colors_table: () bestIndex: 0 seed: 1153714680
13.63
nthreads: 1 colors: 6 vertices: 597 edges 3936 colors_table: () bestIndex: 0 seed: 1153714694
13.93
nthreads: 1 colors: 6 vertices: 597 edges 3936 colors_table: () bestIndex: 0 seed: 1153714709
13.63
nthreads: 1 colors: 6 vertices: 597 edges 3936 colors_table: () bestIndex: 0 seed: 1153714724
13.62
nthreads: 1 colors: 6 vertices: 597 edges 3936 colors_table: () bestIndex: 0 seed: 1153714738
13.92
nthreads: 1 colors: 6 vertices: 597 edges 3936 colors_table: () bestIndex: 0 seed: 1153714753
13.74
nthreads: 1 colors: 6 vertices: 597 edges 3936 colors_table: () bestIndex: 0 seed: 1153714768
13.70
nthreads: 1 colors: 6 vertices: 597 edges 3936 colors_table: () bestIndex: 0 seed: 1153714783
13.85
nthreads: 1 colors: 6 vertices: 597 edges 3936 colors_table: () bestIndex: 0 seed: 1153714798
13.93
nthreads: 1 colors: 6 vertices: 597 edges 3936 colors_table: () bestIndex: 0 seed: 1153714813
13.95
nthreads: 1 colors: 6 vertices: 597 edges 3936 colors_table: () bestIndex: 0 seed: 1153714828
13.66
nthreads: 1 colors: 6 vertices: 597 edges 3936 colors_table: () bestIndex: 0 seed: 1153714842
13.93
nthreads: 1 colors: 6 vertices: 597 edges 3936 colors_table: () bestIndex: 0 seed: 1153714857
13.65
nthreads: 1 colors: 6 vertices: 597 edges 3936 colors_table: () bestIndex: 0 seed: 1153714872
13.92
nthreads: 1 colors: 6 vertices: 597 edges 3936 colors_table: () bestIndex: 0 seed: 1153714887
13.79
nthreads: 1 colors: 6 vertices: 597 edges 3936 colors_table: () bestIndex: 0 seed: 1153714902
13.95
nthreads: 1 colors: 6 vertices: 597 edges 3936 colors_table: () bestIndex: 0 seed: 1153714917
13.74
nthreads: 1 colors: 6 vertices: 597 edges 3936 colors_table: () bestIndex: 0 seed: 1153714931
13.91
nthreads: 1 colors: 6 vertices: 597 edges 3936 colors_table: () bestIndex: 0 seed: 1153714946
13.66
nthreads: 1 colors: 6 vertices: 597 edges 3936 colors_table: () bestIndex: 0 seed: 1153714961
13.64
nthreads: 1 colors: 6 vertices: 597 edges 3936 colors_table: () bestIndex: 0 seed: 1153714976
13.95
nthreads: 1 colors: 6 vertices: 597 edges 3936 colors_table: () bestIndex: 0 seed: 1153714991
13.61
nthreads: 1 colors: 6 vertices: 597 edges 3936 colors_table: () bestIndex: 0 seed: 1153715005
13.90
nthreads: 1 colors: 6 vertices: 597 edges 3936 colors_table: () bestIndex: 0 seed: 1153715020
13.61
nthreads: 1 colors: 6 vertices: 597 edges 3936 colors_table: () bestIndex: 0 seed: 1153715035
13.67
nthreads: 1 colors: 6 vertices: 597 edges 3936 colors_table: () bestIndex: 0 seed: 1153715049
13.75
nthreads: 1 colors: 6 vertices: 597 edges 3936 colors_table: () bestIndex: 0 seed: 1153715064
13.92
nthreads: 1 colors: 6 vertices: 597 edges 3936 colors_table: () bestIndex: 0 seed: 1153715079
13.72
nthreads: 1 colors: 6 vertices: 597 edges 3936 colors_table: () bestIndex: 0 seed: 1153715094
13.93
nthreads: 1 colors: 6 vertices: 597 edges 3936 colors_table: () bestIndex: 0 seed: 1153715109
13.75
nthreads: 1 colors: 6 vertices: 597 edges 3936 colors_table: () bestIndex: 0 seed: 1153715124
13.75
nthreads: 1 colors: 6 vertices: 597 edges 3936 colors_table: () bestIndex: 0 seed: 1153715138
13.70
nthreads: 1 colors: 6 vertices: 597 edges 3936 colors_table: () bestIndex: 0 seed: 1153715153
13.94
nthreads: 1 colors: 6 vertices: 597 edges 3936 colors_table: () bestIndex: 0 seed: 1153715168
13.70
nthreads: 1 colors: 6 vertices: 597 edges 3936 colors_table: () bestIndex: 0 seed: 1153715183
13.66
nthreads: 1 colors: 6 vertices: 597 edges 3936 colors_table: () bestIndex: 0 seed: 1153715197
13.96
nthreads: 1 colors: 6 vertices: 597 edges 3936 colors_table: () bestIndex: 0 seed: 1153715212
13.64
nthreads: 1 colors: 6 vertices: 597 edges 3936 colors_table: () bestIndex: 0 seed: 1153715227
13.98
nthreads: 1 colors: 6 vertices: 597 edges 3936 colors_table: () bestIndex: 0 seed: 1153715242
13.61
nthreads: 1 colors: 6 vertices: 597 edges 3936 colors_table: () bestIndex: 0 seed: 1153715257
13.96
nthreads: 1 colors: 6 vertices: 597 edges 3936 colors_table: () bestIndex: 0 seed: 1153715272
13.64
nthreads: 1 colors: 6 vertices: 597 edges 3936 colors_table: () bestIndex: 0 seed: 1153715286
13.67
nthreads: 1 colors: 6 vertices: 597 edges 3936 colors_table: () bestIndex: 0 seed: 1153715301
13.96
nthreads: 1 colors: 6 vertices: 597 edges 3936 colors_table: () bestIndex: 0 seed: 1153715316
13.74
nthreads: 1 colors: 6 vertices: 597 edges 3936 colors_table: () bestIndex: 0 seed: 1153715331
13.93
nthreads: 1 colors: 6 vertices: 597 edges 3936 colors_table: () bestIndex: 0 seed: 1153715346
13.72
nthreads: 1 colors: 6 vertices: 597 edges 3936 colors_table: () bestIndex: 0 seed: 1153715360
13.70
nthreads: 1 colors: 6 vertices: 597 edges 3936 colors_table: () bestIndex: 0 seed: 1153715375
13.65
nthreads: 1 colors: 6 vertices: 597 edges 3936 colors_table: () bestIndex: 0 seed: 1153715390
13.89
nthreads: 1 colors: 6 vertices: 597 edges 3936 colors_table: () bestIndex: 0 seed: 1153715405
13.65
nthreads: 1 colors: 6 vertices: 597 edges 3936 colors_table: () bestIndex: 0 seed: 1153715419
13.92
nthreads: 1 colors: 6 vertices: 597 edges 3936 colors_table: () bestIndex: 0 seed: 1153715434
13.89
nthreads: 1 colors: 6 vertices: 597 edges 3936 colors_table: () bestIndex: 0 seed: 1153715449
13.83
nthreads: 1 colors: 6 vertices: 597 edges 3936 colors_table: () bestIndex: 0 seed: 1153715464
13.90
nthreads: 1 colors: 6 vertices: 597 edges 3936 colors_table: () bestIndex: 0 seed: 1153715479
13.66
nthreads: 1 colors: 6 vertices: 597 edges 3936 colors_table: () bestIndex: 0 seed: 1153715494
13.91
nthreads: 1 colors: 6 vertices: 597 edges 3936 colors_table: () bestIndex: 0 seed: 1153715508
13.73
nthreads: 1 colors: 6 vertices: 597 edges 3936 colors_table: () bestIndex: 0 seed: 1153715523
13.92
nthreads: 1 colors: 6 vertices: 597 edges 3936 colors_table: () bestIndex: 0 seed: 1153715538
13.63
nthreads: 1 colors: 6 vertices: 597 edges 3936 colors_table: () bestIndex: 0 seed: 1153715553
13.88
nthreads: 1 colors: 6 vertices: 597 edges 3936 colors_table: () bestIndex: 0 seed: 1153715568
13.58
nthreads: 1 colors: 6 vertices: 597 edges 3936 colors_table: () bestIndex: 0 seed: 1153715582
13.91
nthreads: 1 colors: 6 vertices: 597 edges 3936 colors_table: () bestIndex: 0 seed: 1153715597
13.66
nthreads: 1 colors: 6 vertices: 597 edges 3936 colors_table: () bestIndex: 0 seed: 1153715612
13.91
nthreads: 1 colors: 6 vertices: 597 edges 3936 colors_table: () bestIndex: 0 seed: 1153715627
13.79
nthreads: 1 colors: 6 vertices: 597 edges 3936 colors_table: () bestIndex: 0 seed: 1153715642
14.37
nthreads: 1 colors: 6 vertices: 597 edges 3936 colors_table: () bestIndex: 0 seed: 1153715657
13.76
nthreads: 1 colors: 6 vertices: 597 edges 3936 colors_table: () bestIndex: 0 seed: 1153715672
13.90
nthreads: 1 colors: 6 vertices: 597 edges 3936 colors_table: () bestIndex: 0 seed: 1153715687
13.81
nthreads: 1 colors: 6 vertices: 597 edges 3936 colors_table: () bestIndex: 0 seed: 1153715702
13.88
nthreads: 1 colors: 6 vertices: 597 edges 3936 colors_table: () bestIndex: 0 seed: 1153715716
13.67
nthreads: 1 colors: 6 vertices: 597 edges 3936 colors_table: () bestIndex: 0 seed: 1153715731
13.84
nthreads: 1 colors: 6 vertices: 597 edges 3936 colors_table: () bestIndex: 0 seed: 1153715746
13.62
nthreads: 1 colors: 6 vertices: 597 edges 3936 colors_table: () bestIndex: 0 seed: 1153715761
13.70
nthreads: 1 colors: 6 vertices: 597 edges 3936 colors_table: () bestIndex: 0 seed: 1153715775
13.88
nthreads: 1 colors: 6 vertices: 597 edges 3936 colors_table: () bestIndex: 0 seed: 1153715790
13.57
nthreads: 1 colors: 6 vertices: 597 edges 3936 colors_table: () bestIndex: 0 seed: 1153715805
14.64
nthreads: 1 colors: 6 vertices: 597 edges 3936 colors_table: () bestIndex: 0 seed: 1153715820
13.68
nthreads: 1 colors: 6 vertices: 597 edges 3936 colors_table: () bestIndex: 0 seed: 1153715835
13.91
nthreads: 1 colors: 6 vertices: 597 edges 3936 colors_table: () bestIndex: 0 seed: 1153715850
13.66
nthreads: 1 colors: 6 vertices: 597 edges 3936 colors_table: () bestIndex: 0 seed: 1153715865
13.63
nthreads: 1 colors: 6 vertices: 597 edges 3936 colors_table: () bestIndex: 0 seed: 1153715879
13.78
nthreads: 1 colors: 6 vertices: 597 edges 3936 colors_table: () bestIndex: 0 seed: 1153715894
13.84
nthreads: 1 colors: 6 vertices: 597 edges 3936 colors_table: () bestIndex: 0 seed: 1153715909
13.91
nthreads: 1 colors: 6 vertices: 597 edges 3936 colors_table: () bestIndex: 0 seed: 1153715924
14.79
nthreads: 1 colors: 6 vertices: 597 edges 3936 colors_table: () bestIndex: 0 seed: 1153715940
13.90
nthreads: 1 colors: 6 vertices: 597 edges 3936 colors_table: () bestIndex: 0 seed: 1153715955
13.60
nthreads: 1 colors: 6 vertices: 597 edges 3936 colors_table: () bestIndex: 0 seed: 1153715969
13.77
nthreads: 1 colors: 6 vertices: 597 edges 3936 colors_table: () bestIndex: 0 seed: 1153715984
13.72
nthreads: 1 colors: 6 vertices: 597 edges 3936 colors_table: () bestIndex: 0 seed: 1153715999
13.88
nthreads: 1 colors: 6 vertices: 597 edges 3936 colors_table: () bestIndex: 0 seed: 1153716014
13.66
nthreads: 1 colors: 6 vertices: 597 edges 3936 colors_table: () bestIndex: 0 seed: 1153716028
13.76
nthreads: 1 colors: 6 vertices: 597 edges 3936 colors_table: () bestIndex: 0 seed: 1153716043
13.91
nthreads: 1 colors: 6 vertices: 597 edges 3936 colors_table: () bestIndex: 0 seed: 1153716058
13.66
nthreads: 1 colors: 6 vertices: 597 edges 3936 colors_table: () bestIndex: 0 seed: 1153716073
13.89
nthreads: 1 colors: 6 vertices: 597 edges 3936 colors_table: () bestIndex: 0 seed: 1153716088
13.63
nthreads: 1 colors: 6 vertices: 597 edges 3936 colors_table: () bestIndex: 0 seed: 1153716102
13.82
nthreads: 1 colors: 6 vertices: 597 edges 3936 colors_table: () bestIndex: 0 seed: 1153716117
13.89
