4-Insertions_4.col.b n_loops: 100 n_threads: 1
Mon Jul 24 00:44:07 EDT 2006 /home/thanhvu/nfs/Classic/1225_SameAsPATCHONLY_w_somechangestoprintSol/log_dir//1153714366/4-Insertions_4.col.b_1153716247.log
Single cedf232c677ebdd3c298dee92578679f /home/thanhvu/nfs/Classic/1225_SameAsPATCHONLY_w_somechangestoprintSol/a.out
nthreads: 1 colors: 5 vertices: 475 edges 1795 colors_table: () bestIndex: 0 seed: 1153716247
10.04
nthreads: 1 colors: 5 vertices: 475 edges 1795 colors_table: () bestIndex: 0 seed: 1153716258
10.19
nthreads: 1 colors: 5 vertices: 475 edges 1795 colors_table: () bestIndex: 0 seed: 1153716269
10.04
nthreads: 1 colors: 5 vertices: 475 edges 1795 colors_table: () bestIndex: 0 seed: 1153716280
10.17
nthreads: 1 colors: 5 vertices: 475 edges 1795 colors_table: () bestIndex: 0 seed: 1153716291
10.07
nthreads: 1 colors: 5 vertices: 475 edges 1795 colors_table: () bestIndex: 0 seed: 1153716303
10.23
nthreads: 1 colors: 5 vertices: 475 edges 1795 colors_table: () bestIndex: 0 seed: 1153716314
10.11
nthreads: 1 colors: 5 vertices: 475 edges 1795 colors_table: () bestIndex: 0 seed: 1153716325
10.20
nthreads: 1 colors: 5 vertices: 475 edges 1795 colors_table: () bestIndex: 0 seed: 1153716336
10.15
nthreads: 1 colors: 5 vertices: 475 edges 1795 colors_table: () bestIndex: 0 seed: 1153716347
10.23
nthreads: 1 colors: 5 vertices: 475 edges 1795 colors_table: () bestIndex: 0 seed: 1153716358
10.05
nthreads: 1 colors: 5 vertices: 475 edges 1795 colors_table: () bestIndex: 0 seed: 1153716370
10.18
nthreads: 1 colors: 5 vertices: 475 edges 1795 colors_table: () bestIndex: 0 seed: 1153716381
10.02
nthreads: 1 colors: 5 vertices: 475 edges 1795 colors_table: () bestIndex: 0 seed: 1153716392
10.20
nthreads: 1 colors: 5 vertices: 475 edges 1795 colors_table: () bestIndex: 0 seed: 1153716403
10.08
nthreads: 1 colors: 5 vertices: 475 edges 1795 colors_table: () bestIndex: 0 seed: 1153716414
10.20
nthreads: 1 colors: 5 vertices: 475 edges 1795 colors_table: () bestIndex: 0 seed: 1153716425
10.14
nthreads: 1 colors: 5 vertices: 475 edges 1795 colors_table: () bestIndex: 0 seed: 1153716436
10.22
nthreads: 1 colors: 5 vertices: 475 edges 1795 colors_table: () bestIndex: 0 seed: 1153716448
10.09
nthreads: 1 colors: 5 vertices: 475 edges 1795 colors_table: () bestIndex: 0 seed: 1153716459
10.24
nthreads: 1 colors: 5 vertices: 475 edges 1795 colors_table: () bestIndex: 0 seed: 1153716470
10.06
nthreads: 1 colors: 5 vertices: 475 edges 1795 colors_table: () bestIndex: 0 seed: 1153716481
10.20
nthreads: 1 colors: 5 vertices: 475 edges 1795 colors_table: () bestIndex: 0 seed: 1153716492
10.05
nthreads: 1 colors: 5 vertices: 475 edges 1795 colors_table: () bestIndex: 0 seed: 1153716503
10.18
nthreads: 1 colors: 5 vertices: 475 edges 1795 colors_table: () bestIndex: 0 seed: 1153716515
10.02
nthreads: 1 colors: 5 vertices: 475 edges 1795 colors_table: () bestIndex: 0 seed: 1153716526
10.29
nthreads: 1 colors: 5 vertices: 475 edges 1795 colors_table: () bestIndex: 0 seed: 1153716537
10.06
nthreads: 1 colors: 5 vertices: 475 edges 1795 colors_table: () bestIndex: 0 seed: 1153716548
10.28
nthreads: 1 colors: 5 vertices: 475 edges 1795 colors_table: () bestIndex: 0 seed: 1153716559
10.12
nthreads: 1 colors: 5 vertices: 475 edges 1795 colors_table: () bestIndex: 0 seed: 1153716570
10.21
nthreads: 1 colors: 5 vertices: 475 edges 1795 colors_table: () bestIndex: 0 seed: 1153716582
10.02
nthreads: 1 colors: 5 vertices: 475 edges 1795 colors_table: () bestIndex: 0 seed: 1153716593
10.19
nthreads: 1 colors: 5 vertices: 475 edges 1795 colors_table: () bestIndex: 0 seed: 1153716604
10.07
nthreads: 1 colors: 5 vertices: 475 edges 1795 colors_table: () bestIndex: 0 seed: 1153716615
10.20
nthreads: 1 colors: 5 vertices: 475 edges 1795 colors_table: () bestIndex: 0 seed: 1153716626
10.13
nthreads: 1 colors: 5 vertices: 475 edges 1795 colors_table: () bestIndex: 0 seed: 1153716637
10.18
nthreads: 1 colors: 5 vertices: 475 edges 1795 colors_table: () bestIndex: 0 seed: 1153716649
10.10
nthreads: 1 colors: 5 vertices: 475 edges 1795 colors_table: () bestIndex: 0 seed: 1153716660
10.18
nthreads: 1 colors: 5 vertices: 475 edges 1795 colors_table: () bestIndex: 0 seed: 1153716671
10.30
nthreads: 1 colors: 5 vertices: 475 edges 1795 colors_table: () bestIndex: 0 seed: 1153716682
10.23
nthreads: 1 colors: 5 vertices: 475 edges 1795 colors_table: () bestIndex: 0 seed: 1153716693
10.05
nthreads: 1 colors: 5 vertices: 475 edges 1795 colors_table: () bestIndex: 0 seed: 1153716704
10.18
nthreads: 1 colors: 5 vertices: 475 edges 1795 colors_table: () bestIndex: 0 seed: 1153716716
10.04
nthreads: 1 colors: 5 vertices: 475 edges 1795 colors_table: () bestIndex: 0 seed: 1153716727
10.18
nthreads: 1 colors: 5 vertices: 475 edges 1795 colors_table: () bestIndex: 0 seed: 1153716738
10.07
nthreads: 1 colors: 5 vertices: 475 edges 1795 colors_table: () bestIndex: 0 seed: 1153716749
10.19
nthreads: 1 colors: 5 vertices: 475 edges 1795 colors_table: () bestIndex: 0 seed: 1153716760
10.06
nthreads: 1 colors: 5 vertices: 475 edges 1795 colors_table: () bestIndex: 0 seed: 1153716771
10.22
nthreads: 1 colors: 5 vertices: 475 edges 1795 colors_table: () bestIndex: 0 seed: 1153716782
10.14
nthreads: 1 colors: 5 vertices: 475 edges 1795 colors_table: () bestIndex: 0 seed: 1153716794
10.24
nthreads: 1 colors: 5 vertices: 475 edges 1795 colors_table: () bestIndex: 0 seed: 1153716805
10.21
nthreads: 1 colors: 5 vertices: 475 edges 1795 colors_table: () bestIndex: 0 seed: 1153716816
10.07
nthreads: 1 colors: 5 vertices: 475 edges 1795 colors_table: () bestIndex: 0 seed: 1153716827
10.20
nthreads: 1 colors: 5 vertices: 475 edges 1795 colors_table: () bestIndex: 0 seed: 1153716838
10.04
nthreads: 1 colors: 5 vertices: 475 edges 1795 colors_table: () bestIndex: 0 seed: 1153716849
10.17
nthreads: 1 colors: 5 vertices: 475 edges 1795 colors_table: () bestIndex: 0 seed: 1153716861
10.18
nthreads: 1 colors: 5 vertices: 475 edges 1795 colors_table: () bestIndex: 0 seed: 1153716872
10.13
nthreads: 1 colors: 5 vertices: 475 edges 1795 colors_table: () bestIndex: 0 seed: 1153716883
10.14
nthreads: 1 colors: 5 vertices: 475 edges 1795 colors_table: () bestIndex: 0 seed: 1153716894
10.21
nthreads: 1 colors: 5 vertices: 475 edges 1795 colors_table: () bestIndex: 0 seed: 1153716905
10.08
nthreads: 1 colors: 5 vertices: 475 edges 1795 colors_table: () bestIndex: 0 seed: 1153716916
10.22
nthreads: 1 colors: 5 vertices: 475 edges 1795 colors_table: () bestIndex: 0 seed: 1153716928
10.03
nthreads: 1 colors: 5 vertices: 475 edges 1795 colors_table: () bestIndex: 0 seed: 1153716939
10.17
nthreads: 1 colors: 5 vertices: 475 edges 1795 colors_table: () bestIndex: 0 seed: 1153716950
10.22
nthreads: 1 colors: 5 vertices: 475 edges 1795 colors_table: () bestIndex: 0 seed: 1153716961
10.04
nthreads: 1 colors: 5 vertices: 475 edges 1795 colors_table: () bestIndex: 0 seed: 1153716972
10.19
nthreads: 1 colors: 5 vertices: 475 edges 1795 colors_table: () bestIndex: 0 seed: 1153716983
10.06
nthreads: 1 colors: 5 vertices: 475 edges 1795 colors_table: () bestIndex: 0 seed: 1153716994
10.19
nthreads: 1 colors: 5 vertices: 475 edges 1795 colors_table: () bestIndex: 0 seed: 1153717006
10.13
nthreads: 1 colors: 5 vertices: 475 edges 1795 colors_table: () bestIndex: 0 seed: 1153717017
10.17
nthreads: 1 colors: 5 vertices: 475 edges 1795 colors_table: () bestIndex: 0 seed: 1153717028
10.03
nthreads: 1 colors: 5 vertices: 475 edges 1795 colors_table: () bestIndex: 0 seed: 1153717039
10.20
nthreads: 1 colors: 5 vertices: 475 edges 1795 colors_table: () bestIndex: 0 seed: 1153717050
10.11
nthreads: 1 colors: 5 vertices: 475 edges 1795 colors_table: () bestIndex: 0 seed: 1153717061
10.16
nthreads: 1 colors: 5 vertices: 475 edges 1795 colors_table: () bestIndex: 0 seed: 1153717073
10.20
nthreads: 1 colors: 5 vertices: 475 edges 1795 colors_table: () bestIndex: 0 seed: 1153717084
10.13
nthreads: 1 colors: 5 vertices: 475 edges 1795 colors_table: () bestIndex: 0 seed: 1153717095
10.21
nthreads: 1 colors: 5 vertices: 475 edges 1795 colors_table: () bestIndex: 0 seed: 1153717106
10.05
nthreads: 1 colors: 5 vertices: 475 edges 1795 colors_table: () bestIndex: 0 seed: 1153717117
10.27
nthreads: 1 colors: 5 vertices: 475 edges 1795 colors_table: () bestIndex: 0 seed: 1153717128
10.07
nthreads: 1 colors: 5 vertices: 475 edges 1795 colors_table: () bestIndex: 0 seed: 1153717140
10.21
nthreads: 1 colors: 5 vertices: 475 edges 1795 colors_table: () bestIndex: 0 seed: 1153717151
10.01
nthreads: 1 colors: 5 vertices: 475 edges 1795 colors_table: () bestIndex: 0 seed: 1153717162
10.25
nthreads: 1 colors: 5 vertices: 475 edges 1795 colors_table: () bestIndex: 0 seed: 1153717173
10.06
nthreads: 1 colors: 5 vertices: 475 edges 1795 colors_table: () bestIndex: 0 seed: 1153717184
10.23
nthreads: 1 colors: 5 vertices: 475 edges 1795 colors_table: () bestIndex: 0 seed: 1153717195
10.07
nthreads: 1 colors: 5 vertices: 475 edges 1795 colors_table: () bestIndex: 0 seed: 1153717207
10.18
nthreads: 1 colors: 5 vertices: 475 edges 1795 colors_table: () bestIndex: 0 seed: 1153717218
10.18
nthreads: 1 colors: 5 vertices: 475 edges 1795 colors_table: () bestIndex: 0 seed: 1153717229
10.08
nthreads: 1 colors: 5 vertices: 475 edges 1795 colors_table: () bestIndex: 0 seed: 1153717240
10.17
nthreads: 1 colors: 5 vertices: 475 edges 1795 colors_table: () bestIndex: 0 seed: 1153717251
10.08
nthreads: 1 colors: 5 vertices: 475 edges 1795 colors_table: () bestIndex: 0 seed: 1153717262
10.17
nthreads: 1 colors: 5 vertices: 475 edges 1795 colors_table: () bestIndex: 0 seed: 1153717273
10.06
nthreads: 1 colors: 5 vertices: 475 edges 1795 colors_table: () bestIndex: 0 seed: 1153717285
10.17
nthreads: 1 colors: 5 vertices: 475 edges 1795 colors_table: () bestIndex: 0 seed: 1153717296
10.15
nthreads: 1 colors: 5 vertices: 475 edges 1795 colors_table: () bestIndex: 0 seed: 1153717307
10.19
nthreads: 1 colors: 5 vertices: 475 edges 1795 colors_table: () bestIndex: 0 seed: 1153717318
10.16
nthreads: 1 colors: 5 vertices: 475 edges 1795 colors_table: () bestIndex: 0 seed: 1153717329
10.19
nthreads: 1 colors: 5 vertices: 475 edges 1795 colors_table: () bestIndex: 0 seed: 1153717340
10.01
nthreads: 1 colors: 5 vertices: 475 edges 1795 colors_table: () bestIndex: 0 seed: 1153717352
10.12
