DSJC250.1.col.b n_loops: 100 n_threads: 1
Mon Dec 26 05:35:12 EST 2005 /home/thanhvu/nfs/Classic/1225_SameAsPATCHONLY_w_somechangestoprintSol/LogGCP100//1135593312/DSJC250.1.col.b_1135593312.log
Single d3a7a28dc135f0b36561db62108f957a /home/thanhvu/nfs/Classic/1225_SameAsPATCHONLY_w_somechangestoprintSol/a1.out
nthreads: 1 colors: 9 vertices: 250 edges 3218 colors_table: () bestIndex: 41 seed: 1135593312
3.39
nthreads: 1 colors: 9 vertices: 250 edges 3218 colors_table: () bestIndex: 41 seed: 1135593317
3.47
nthreads: 1 colors: 8 vertices: 250 edges 3218 colors_table: () bestIndex: 172 seed: 1135593321
4.74
nthreads: 1 colors: 8 vertices: 250 edges 3218 colors_table: () bestIndex: 722 seed: 1135593327
6.97
nthreads: 1 colors: 8 vertices: 250 edges 3218 colors_table: () bestIndex: 32 seed: 1135593335
4.09
nthreads: 1 colors: 8 vertices: 250 edges 3218 colors_table: () bestIndex: 373 seed: 1135593340
5.62
nthreads: 1 colors: 9 vertices: 250 edges 3218 colors_table: () bestIndex: 41 seed: 1135593347
3.38
nthreads: 1 colors: 9 vertices: 250 edges 3218 colors_table: () bestIndex: 41 seed: 1135593351
3.35
nthreads: 1 colors: 8 vertices: 250 edges 3218 colors_table: () bestIndex: 322 seed: 1135593356
5.38
nthreads: 1 colors: 9 vertices: 250 edges 3218 colors_table: () bestIndex: 41 seed: 1135593362
3.36
nthreads: 1 colors: 9 vertices: 250 edges 3218 colors_table: () bestIndex: 41 seed: 1135593366
3.40
nthreads: 1 colors: 8 vertices: 250 edges 3218 colors_table: () bestIndex: 788 seed: 1135593371
7.15
nthreads: 1 colors: 9 vertices: 250 edges 3218 colors_table: () bestIndex: 41 seed: 1135593379
3.47
nthreads: 1 colors: 9 vertices: 250 edges 3218 colors_table: () bestIndex: 41 seed: 1135593383
3.40
nthreads: 1 colors: 8 vertices: 250 edges 3218 colors_table: () bestIndex: 292 seed: 1135593388
5.26
nthreads: 1 colors: 8 vertices: 250 edges 3218 colors_table: () bestIndex: 687 seed: 1135593394
6.91
nthreads: 1 colors: 8 vertices: 250 edges 3218 colors_table: () bestIndex: 305 seed: 1135593402
5.31
nthreads: 1 colors: 8 vertices: 250 edges 3218 colors_table: () bestIndex: 599 seed: 1135593408
6.59
nthreads: 1 colors: 8 vertices: 250 edges 3218 colors_table: () bestIndex: 393 seed: 1135593416
5.72
nthreads: 1 colors: 9 vertices: 250 edges 3218 colors_table: () bestIndex: 41 seed: 1135593423
3.50
nthreads: 1 colors: 8 vertices: 250 edges 3218 colors_table: () bestIndex: 682 seed: 1135593427
6.78
nthreads: 1 colors: 9 vertices: 250 edges 3218 colors_table: () bestIndex: 41 seed: 1135593435
3.35
nthreads: 1 colors: 9 vertices: 250 edges 3218 colors_table: () bestIndex: 41 seed: 1135593439
3.42
nthreads: 1 colors: 9 vertices: 250 edges 3218 colors_table: () bestIndex: 41 seed: 1135593444
3.39
nthreads: 1 colors: 8 vertices: 250 edges 3218 colors_table: () bestIndex: 737 seed: 1135593448
7.17
nthreads: 1 colors: 9 vertices: 250 edges 3218 colors_table: () bestIndex: 41 seed: 1135593456
3.42
nthreads: 1 colors: 9 vertices: 250 edges 3218 colors_table: () bestIndex: 41 seed: 1135593461
3.40
nthreads: 1 colors: 9 vertices: 250 edges 3218 colors_table: () bestIndex: 41 seed: 1135593465
3.45
nthreads: 1 colors: 9 vertices: 250 edges 3218 colors_table: () bestIndex: 41 seed: 1135593470
3.36
nthreads: 1 colors: 9 vertices: 250 edges 3218 colors_table: () bestIndex: 41 seed: 1135593474
3.32
nthreads: 1 colors: 9 vertices: 250 edges 3218 colors_table: () bestIndex: 41 seed: 1135593479
3.42
nthreads: 1 colors: 8 vertices: 250 edges 3218 colors_table: () bestIndex: 77 seed: 1135593483
4.34
nthreads: 1 colors: 9 vertices: 250 edges 3218 colors_table: () bestIndex: 41 seed: 1135593488
3.33
nthreads: 1 colors: 9 vertices: 250 edges 3218 colors_table: () bestIndex: 41 seed: 1135593493
3.36
nthreads: 1 colors: 9 vertices: 250 edges 3218 colors_table: () bestIndex: 41 seed: 1135593497
3.35
nthreads: 1 colors: 9 vertices: 250 edges 3218 colors_table: () bestIndex: 41 seed: 1135593501
3.41
nthreads: 1 colors: 8 vertices: 250 edges 3218 colors_table: () bestIndex: 468 seed: 1135593506
6.02
nthreads: 1 colors: 9 vertices: 250 edges 3218 colors_table: () bestIndex: 41 seed: 1135593513
3.55
nthreads: 1 colors: 9 vertices: 250 edges 3218 colors_table: () bestIndex: 41 seed: 1135593517
3.47
nthreads: 1 colors: 9 vertices: 250 edges 3218 colors_table: () bestIndex: 41 seed: 1135593522
3.54
nthreads: 1 colors: 8 vertices: 250 edges 3218 colors_table: () bestIndex: 138 seed: 1135593527
4.62
nthreads: 1 colors: 8 vertices: 250 edges 3218 colors_table: () bestIndex: 261 seed: 1135593532
5.14
nthreads: 1 colors: 8 vertices: 250 edges 3218 colors_table: () bestIndex: 551 seed: 1135593538
6.31
nthreads: 1 colors: 8 vertices: 250 edges 3218 colors_table: () bestIndex: 413 seed: 1135593546
5.81
nthreads: 1 colors: 8 vertices: 250 edges 3218 colors_table: () bestIndex: 104 seed: 1135593552
4.49
nthreads: 1 colors: 8 vertices: 250 edges 3218 colors_table: () bestIndex: 445 seed: 1135593558
5.86
nthreads: 1 colors: 9 vertices: 250 edges 3218 colors_table: () bestIndex: 41 seed: 1135593565
3.39
nthreads: 1 colors: 9 vertices: 250 edges 3218 colors_table: () bestIndex: 41 seed: 1135593569
3.48
nthreads: 1 colors: 8 vertices: 250 edges 3218 colors_table: () bestIndex: 154 seed: 1135593574
4.63
nthreads: 1 colors: 9 vertices: 250 edges 3218 colors_table: () bestIndex: 41 seed: 1135593579
3.38
nthreads: 1 colors: 8 vertices: 250 edges 3218 colors_table: () bestIndex: 656 seed: 1135593584
6.86
nthreads: 1 colors: 8 vertices: 250 edges 3218 colors_table: () bestIndex: 50 seed: 1135593592
4.18
nthreads: 1 colors: 9 vertices: 250 edges 3218 colors_table: () bestIndex: 41 seed: 1135593597
3.41
nthreads: 1 colors: 9 vertices: 250 edges 3218 colors_table: () bestIndex: 41 seed: 1135593601
3.35
nthreads: 1 colors: 9 vertices: 250 edges 3218 colors_table: () bestIndex: 41 seed: 1135593606
3.41
nthreads: 1 colors: 8 vertices: 250 edges 3218 colors_table: () bestIndex: 236 seed: 1135593610
5.03
nthreads: 1 colors: 9 vertices: 250 edges 3218 colors_table: () bestIndex: 41 seed: 1135593616
3.45
nthreads: 1 colors: 9 vertices: 250 edges 3218 colors_table: () bestIndex: 41 seed: 1135593621
3.30
nthreads: 1 colors: 8 vertices: 250 edges 3218 colors_table: () bestIndex: 444 seed: 1135593625
5.89
nthreads: 1 colors: 9 vertices: 250 edges 3218 colors_table: () bestIndex: 41 seed: 1135593632
3.44
nthreads: 1 colors: 8 vertices: 250 edges 3218 colors_table: () bestIndex: 621 seed: 1135593636
6.61
nthreads: 1 colors: 8 vertices: 250 edges 3218 colors_table: () bestIndex: 227 seed: 1135593644
4.96
nthreads: 1 colors: 9 vertices: 250 edges 3218 colors_table: () bestIndex: 41 seed: 1135593650
3.34
nthreads: 1 colors: 9 vertices: 250 edges 3218 colors_table: () bestIndex: 41 seed: 1135593654
3.54
nthreads: 1 colors: 8 vertices: 250 edges 3218 colors_table: () bestIndex: 683 seed: 1135593659
6.93
nthreads: 1 colors: 8 vertices: 250 edges 3218 colors_table: () bestIndex: 420 seed: 1135593667
5.78
nthreads: 1 colors: 8 vertices: 250 edges 3218 colors_table: () bestIndex: 72 seed: 1135593674
4.33
nthreads: 1 colors: 8 vertices: 250 edges 3218 colors_table: () bestIndex: 465 seed: 1135593679
5.90
nthreads: 1 colors: 8 vertices: 250 edges 3218 colors_table: () bestIndex: 275 seed: 1135593686
5.22
nthreads: 1 colors: 9 vertices: 250 edges 3218 colors_table: () bestIndex: 41 seed: 1135593692
3.54
nthreads: 1 colors: 8 vertices: 250 edges 3218 colors_table: () bestIndex: 577 seed: 1135593697
6.43
nthreads: 1 colors: 9 vertices: 250 edges 3218 colors_table: () bestIndex: 41 seed: 1135593704
3.60
nthreads: 1 colors: 8 vertices: 250 edges 3218 colors_table: () bestIndex: 166 seed: 1135593709
4.62
nthreads: 1 colors: 9 vertices: 250 edges 3218 colors_table: () bestIndex: 41 seed: 1135593714
3.36
nthreads: 1 colors: 9 vertices: 250 edges 3218 colors_table: () bestIndex: 41 seed: 1135593719
3.48
nthreads: 1 colors: 9 vertices: 250 edges 3218 colors_table: () bestIndex: 41 seed: 1135593723
3.34
nthreads: 1 colors: 9 vertices: 250 edges 3218 colors_table: () bestIndex: 41 seed: 1135593728
3.34
nthreads: 1 colors: 8 vertices: 250 edges 3218 colors_table: () bestIndex: 274 seed: 1135593732
5.16
nthreads: 1 colors: 8 vertices: 250 edges 3218 colors_table: () bestIndex: 207 seed: 1135593738
4.91
nthreads: 1 colors: 9 vertices: 250 edges 3218 colors_table: () bestIndex: 41 seed: 1135593744
3.45
nthreads: 1 colors: 8 vertices: 250 edges 3218 colors_table: () bestIndex: 628 seed: 1135593749
6.59
nthreads: 1 colors: 9 vertices: 250 edges 3218 colors_table: () bestIndex: 41 seed: 1135593756
3.45
nthreads: 1 colors: 8 vertices: 250 edges 3218 colors_table: () bestIndex: 285 seed: 1135593761
5.23
nthreads: 1 colors: 9 vertices: 250 edges 3218 colors_table: () bestIndex: 41 seed: 1135593767
3.42
nthreads: 1 colors: 9 vertices: 250 edges 3218 colors_table: () bestIndex: 41 seed: 1135593771
3.45
nthreads: 1 colors: 8 vertices: 250 edges 3218 colors_table: () bestIndex: 629 seed: 1135593776
6.69
nthreads: 1 colors: 8 vertices: 250 edges 3218 colors_table: () bestIndex: 277 seed: 1135593784
5.13
nthreads: 1 colors: 8 vertices: 250 edges 3218 colors_table: () bestIndex: 199 seed: 1135593790
4.89
nthreads: 1 colors: 9 vertices: 250 edges 3218 colors_table: () bestIndex: 41 seed: 1135593796
3.37
nthreads: 1 colors: 9 vertices: 250 edges 3218 colors_table: () bestIndex: 41 seed: 1135593800
3.35
nthreads: 1 colors: 8 vertices: 250 edges 3218 colors_table: () bestIndex: 88 seed: 1135593804
4.35
nthreads: 1 colors: 8 vertices: 250 edges 3218 colors_table: () bestIndex: 460 seed: 1135593810
5.97
nthreads: 1 colors: 9 vertices: 250 edges 3218 colors_table: () bestIndex: 41 seed: 1135593817
3.33
nthreads: 1 colors: 8 vertices: 250 edges 3218 colors_table: () bestIndex: 164 seed: 1135593821
4.68
nthreads: 1 colors: 9 vertices: 250 edges 3218 colors_table: () bestIndex: 41 seed: 1135593827
3.46
nthreads: 1 colors: 8 vertices: 250 edges 3218 colors_table: () bestIndex: 227 seed: 1135593831
5.01
nthreads: 1 colors: 9 vertices: 250 edges 3218 colors_table: () bestIndex: 41 seed: 1135593837
3.36
nthreads: 1 colors: 8 vertices: 250 edges 3218 colors_table: () bestIndex: 648 seed: 1135593842
6.77
nthreads: 1 colors: 8 vertices: 250 edges 3218 colors_table: () bestIndex: 552 seed: 1135593849
6.37
nthreads: 1 colors: 9 vertices: 250 edges 3218 colors_table: () bestIndex: 41 seed: 1135593857
3.44
