le450_25c.col.b n_loops: 20 n_threads: 1
Sun Dec 25 04:06:41 EST 2005 /home/thanhvu/nfs/Classic/1225_SameAsPATCHONLY_w_somechangestoprintSol/LogGCP20//1135499733/le450_25c.col.b_1135501601.log
Single e3308cd38d8c5eb9b3fc1f01b7fcc13b /home/thanhvu/nfs/Classic/1225_SameAsPATCHONLY_w_somechangestoprintSol/a.out
nthreads: 1 colors: 26 vertices: 450 edges 17343 colors_table: () bestIndex: 375 seed: 1135501601
30.05
nthreads: 1 colors: 26 vertices: 450 edges 17343 colors_table: () bestIndex: 553 seed: 1135501632
33.21
nthreads: 1 colors: 26 vertices: 450 edges 17343 colors_table: () bestIndex: 416 seed: 1135501666
30.56
nthreads: 1 colors: 26 vertices: 450 edges 17343 colors_table: () bestIndex: 267 seed: 1135501698
28.01
nthreads: 1 colors: 26 vertices: 450 edges 17343 colors_table: () bestIndex: 751 seed: 1135501727
36.18
nthreads: 1 colors: 26 vertices: 450 edges 17343 colors_table: () bestIndex: 471 seed: 1135501764
31.73
nthreads: 1 colors: 26 vertices: 450 edges 17343 colors_table: () bestIndex: 939 seed: 1135501797
39.39
nthreads: 1 colors: 26 vertices: 450 edges 17343 colors_table: () bestIndex: 255 seed: 1135501837
28.20
nthreads: 1 colors: 26 vertices: 450 edges 17343 colors_table: () bestIndex: 374 seed: 1135501866
29.74
nthreads: 1 colors: 26 vertices: 450 edges 17343 colors_table: () bestIndex: 183 seed: 1135501897
27.00
nthreads: 1 colors: 26 vertices: 450 edges 17343 colors_table: () bestIndex: 455 seed: 1135501925
31.35
nthreads: 1 colors: 26 vertices: 450 edges 17343 colors_table: () bestIndex: 331 seed: 1135501958
29.46
nthreads: 1 colors: 26 vertices: 450 edges 17343 colors_table: () bestIndex: 394 seed: 1135501988
30.45
nthreads: 1 colors: 26 vertices: 450 edges 17343 colors_table: () bestIndex: 866 seed: 1135502020
38.07
nthreads: 1 colors: 26 vertices: 450 edges 17343 colors_table: () bestIndex: 675 seed: 1135502059
35.03
nthreads: 1 colors: 26 vertices: 450 edges 17343 colors_table: () bestIndex: 777 seed: 1135502095
36.21
nthreads: 1 colors: 26 vertices: 450 edges 17343 colors_table: () bestIndex: 321 seed: 1135502132
29.11
nthreads: 1 colors: 26 vertices: 450 edges 17343 colors_table: () bestIndex: 253 seed: 1135502162
27.77
nthreads: 1 colors: 26 vertices: 450 edges 17343 colors_table: () bestIndex: 268 seed: 1135502191
28.13
nthreads: 1 colors: 26 vertices: 450 edges 17343 colors_table: () bestIndex: 541 seed: 1135502220
33.04
