le450_5d.col.b n_loops: 20 n_threads: 1
Sun Dec 25 04:34:33 EST 2005 /home/thanhvu/nfs/Classic/1225_SameAsPATCHONLY_w_somechangestoprintSol/LogGCP20//1135499733/le450_5d.col.b_1135503273.log
Single e3308cd38d8c5eb9b3fc1f01b7fcc13b /home/thanhvu/nfs/Classic/1225_SameAsPATCHONLY_w_somechangestoprintSol/a.out
nthreads: 1 colors: 5 vertices: 450 edges 9757 colors_table: () bestIndex: 150 seed: 1135503273
18.08
nthreads: 1 colors: 5 vertices: 450 edges 9757 colors_table: () bestIndex: 102 seed: 1135503292
17.62
nthreads: 1 colors: 5 vertices: 450 edges 9757 colors_table: () bestIndex: 177 seed: 1135503310
18.19
nthreads: 1 colors: 5 vertices: 450 edges 9757 colors_table: () bestIndex: 41 seed: 1135503330
16.77
nthreads: 1 colors: 5 vertices: 450 edges 9757 colors_table: () bestIndex: 74 seed: 1135503347
18.73
nthreads: 1 colors: 5 vertices: 450 edges 9757 colors_table: () bestIndex: 90 seed: 1135503367
17.47
nthreads: 1 colors: 5 vertices: 450 edges 9757 colors_table: () bestIndex: 150 seed: 1135503386
19.13
nthreads: 1 colors: 5 vertices: 450 edges 9757 colors_table: () bestIndex: 59 seed: 1135503406
17.82
nthreads: 1 colors: 5 vertices: 450 edges 9757 colors_table: () bestIndex: 89 seed: 1135503425
18.46
nthreads: 1 colors: 5 vertices: 450 edges 9757 colors_table: () bestIndex: 45 seed: 1135503444
16.93
nthreads: 1 colors: 5 vertices: 450 edges 9757 colors_table: () bestIndex: 70 seed: 1135503462
18.39
nthreads: 1 colors: 5 vertices: 450 edges 9757 colors_table: () bestIndex: 58 seed: 1135503481
17.65
nthreads: 1 colors: 5 vertices: 450 edges 9757 colors_table: () bestIndex: 203 seed: 1135503500
18.72
nthreads: 1 colors: 5 vertices: 450 edges 9757 colors_table: () bestIndex: 129 seed: 1135503520
19.04
nthreads: 1 colors: 5 vertices: 450 edges 9757 colors_table: () bestIndex: 163 seed: 1135503540
18.29
nthreads: 1 colors: 5 vertices: 450 edges 9757 colors_table: () bestIndex: 48 seed: 1135503559
18.22
nthreads: 1 colors: 5 vertices: 450 edges 9757 colors_table: () bestIndex: 21 seed: 1135503578
18.01
nthreads: 1 colors: 5 vertices: 450 edges 9757 colors_table: () bestIndex: 111 seed: 1135503597
18.36
nthreads: 1 colors: 5 vertices: 450 edges 9757 colors_table: () bestIndex: 70 seed: 1135503617
17.89
nthreads: 1 colors: 5 vertices: 450 edges 9757 colors_table: () bestIndex: 51 seed: 1135503636
16.96
