DSJC250.9.col.b n_loops: 100 n_threads: 1
Sun Dec 25 14:59:43 EST 2005 /home/thanhvu/nfs/Classic/1225_SameAsPATCHONLY_w_somechangestoprintSol/LogGCP100//1135538896/DSJC250.9.col.b_1135540783.log
Single e3308cd38d8c5eb9b3fc1f01b7fcc13b /home/thanhvu/nfs/Classic/1225_SameAsPATCHONLY_w_somechangestoprintSol/a.out
nthreads: 1 colors: 73 vertices: 250 edges 27897 colors_table: () bestIndex: 304 seed: 1135540784
16.07
nthreads: 1 colors: 72 vertices: 250 edges 27897 colors_table: () bestIndex: 1022 seed: 1135540801
22.92
nthreads: 1 colors: 73 vertices: 250 edges 27897 colors_table: () bestIndex: 298 seed: 1135540825
15.99
nthreads: 1 colors: 72 vertices: 250 edges 27897 colors_table: () bestIndex: 355 seed: 1135540842
16.82
nthreads: 1 colors: 73 vertices: 250 edges 27897 colors_table: () bestIndex: 332 seed: 1135540859
16.53
nthreads: 1 colors: 73 vertices: 250 edges 27897 colors_table: () bestIndex: 262 seed: 1135540877
15.46
nthreads: 1 colors: 73 vertices: 250 edges 27897 colors_table: () bestIndex: 349 seed: 1135540893
16.81
nthreads: 1 colors: 72 vertices: 250 edges 27897 colors_table: () bestIndex: 387 seed: 1135540911
17.40
nthreads: 1 colors: 72 vertices: 250 edges 27897 colors_table: () bestIndex: 540 seed: 1135540930
19.66
nthreads: 1 colors: 72 vertices: 250 edges 27897 colors_table: () bestIndex: 618 seed: 1135540950
20.84
nthreads: 1 colors: 73 vertices: 250 edges 27897 colors_table: () bestIndex: 268 seed: 1135540972
15.57
nthreads: 1 colors: 72 vertices: 250 edges 27897 colors_table: () bestIndex: 687 seed: 1135540989
21.89
nthreads: 1 colors: 73 vertices: 250 edges 27897 colors_table: () bestIndex: 341 seed: 1135541012
16.67
nthreads: 1 colors: 73 vertices: 250 edges 27897 colors_table: () bestIndex: 376 seed: 1135541029
17.18
nthreads: 1 colors: 72 vertices: 250 edges 27897 colors_table: () bestIndex: 541 seed: 1135541048
19.75
nthreads: 1 colors: 72 vertices: 250 edges 27897 colors_table: () bestIndex: 556 seed: 1135541068
19.86
nthreads: 1 colors: 73 vertices: 250 edges 27897 colors_table: () bestIndex: 283 seed: 1135541089
15.85
nthreads: 1 colors: 73 vertices: 250 edges 27897 colors_table: () bestIndex: 299 seed: 1135541106
15.98
nthreads: 1 colors: 72 vertices: 250 edges 27897 colors_table: () bestIndex: 532 seed: 1135541123
19.48
nthreads: 1 colors: 73 vertices: 250 edges 27897 colors_table: () bestIndex: 273 seed: 1135541144
15.65
nthreads: 1 colors: 72 vertices: 250 edges 27897 colors_table: () bestIndex: 369 seed: 1135541160
17.14
nthreads: 1 colors: 73 vertices: 250 edges 27897 colors_table: () bestIndex: 271 seed: 1135541178
15.65
nthreads: 1 colors: 73 vertices: 250 edges 27897 colors_table: () bestIndex: 261 seed: 1135541195
15.48
nthreads: 1 colors: 73 vertices: 250 edges 27897 colors_table: () bestIndex: 270 seed: 1135541212
15.64
nthreads: 1 colors: 72 vertices: 250 edges 27897 colors_table: () bestIndex: 715 seed: 1135541228
22.39
nthreads: 1 colors: 72 vertices: 250 edges 27897 colors_table: () bestIndex: 523 seed: 1135541252
19.33
nthreads: 1 colors: 72 vertices: 250 edges 27897 colors_table: () bestIndex: 636 seed: 1135541272
21.14
nthreads: 1 colors: 72 vertices: 250 edges 27897 colors_table: () bestIndex: 667 seed: 1135541294
21.52
nthreads: 1 colors: 72 vertices: 250 edges 27897 colors_table: () bestIndex: 941 seed: 1135541317
22.77
nthreads: 1 colors: 72 vertices: 250 edges 27897 colors_table: () bestIndex: 454 seed: 1135541340
18.37
nthreads: 1 colors: 72 vertices: 250 edges 27897 colors_table: () bestIndex: 470 seed: 1135541360
18.64
nthreads: 1 colors: 73 vertices: 250 edges 27897 colors_table: () bestIndex: 264 seed: 1135541380
15.51
nthreads: 1 colors: 72 vertices: 250 edges 27897 colors_table: () bestIndex: 881 seed: 1135541396
22.62
nthreads: 1 colors: 72 vertices: 250 edges 27897 colors_table: () bestIndex: 382 seed: 1135541420
17.33
nthreads: 1 colors: 73 vertices: 250 edges 27897 colors_table: () bestIndex: 378 seed: 1135541438
17.27
nthreads: 1 colors: 72 vertices: 250 edges 27897 colors_table: () bestIndex: 1184 seed: 1135541456
22.89
nthreads: 1 colors: 72 vertices: 250 edges 27897 colors_table: () bestIndex: 279 seed: 1135541480
15.81
nthreads: 1 colors: 73 vertices: 250 edges 27897 colors_table: () bestIndex: 297 seed: 1135541497
15.98
nthreads: 1 colors: 72 vertices: 250 edges 27897 colors_table: () bestIndex: 728 seed: 1135541514
22.49
nthreads: 1 colors: 73 vertices: 250 edges 27897 colors_table: () bestIndex: 268 seed: 1135541538
15.57
nthreads: 1 colors: 72 vertices: 250 edges 27897 colors_table: () bestIndex: 663 seed: 1135541554
21.52
nthreads: 1 colors: 72 vertices: 250 edges 27897 colors_table: () bestIndex: 276 seed: 1135541577
15.77
nthreads: 1 colors: 72 vertices: 250 edges 27897 colors_table: () bestIndex: 815 seed: 1135541594
22.82
nthreads: 1 colors: 73 vertices: 250 edges 27897 colors_table: () bestIndex: 261 seed: 1135541617
15.46
nthreads: 1 colors: 73 vertices: 250 edges 27897 colors_table: () bestIndex: 261 seed: 1135541634
15.48
nthreads: 1 colors: 72 vertices: 250 edges 27897 colors_table: () bestIndex: 313 seed: 1135541650
16.24
nthreads: 1 colors: 73 vertices: 250 edges 27897 colors_table: () bestIndex: 265 seed: 1135541668
15.54
nthreads: 1 colors: 73 vertices: 250 edges 27897 colors_table: () bestIndex: 293 seed: 1135541684
15.97
nthreads: 1 colors: 72 vertices: 250 edges 27897 colors_table: () bestIndex: 676 seed: 1135541701
21.77
nthreads: 1 colors: 72 vertices: 250 edges 27897 colors_table: () bestIndex: 372 seed: 1135541724
17.15
nthreads: 1 colors: 73 vertices: 250 edges 27897 colors_table: () bestIndex: 422 seed: 1135541742
17.87
nthreads: 1 colors: 72 vertices: 250 edges 27897 colors_table: () bestIndex: 597 seed: 1135541761
20.62
nthreads: 1 colors: 73 vertices: 250 edges 27897 colors_table: () bestIndex: 261 seed: 1135541783
15.38
nthreads: 1 colors: 73 vertices: 250 edges 27897 colors_table: () bestIndex: 296 seed: 1135541799
15.97
nthreads: 1 colors: 72 vertices: 250 edges 27897 colors_table: () bestIndex: 665 seed: 1135541816
21.37
nthreads: 1 colors: 73 vertices: 250 edges 27897 colors_table: () bestIndex: 277 seed: 1135541838
15.72
nthreads: 1 colors: 72 vertices: 250 edges 27897 colors_table: () bestIndex: 285 seed: 1135541855
15.74
nthreads: 1 colors: 73 vertices: 250 edges 27897 colors_table: () bestIndex: 322 seed: 1135541872
16.12
nthreads: 1 colors: 72 vertices: 250 edges 27897 colors_table: () bestIndex: 867 seed: 1135541889
22.86
nthreads: 1 colors: 73 vertices: 250 edges 27897 colors_table: () bestIndex: 276 seed: 1135541913
15.68
nthreads: 1 colors: 72 vertices: 250 edges 27897 colors_table: () bestIndex: 551 seed: 1135541930
19.88
nthreads: 1 colors: 72 vertices: 250 edges 27897 colors_table: () bestIndex: 534 seed: 1135541951
19.60
nthreads: 1 colors: 72 vertices: 250 edges 27897 colors_table: () bestIndex: 686 seed: 1135541971
21.89
nthreads: 1 colors: 72 vertices: 250 edges 27897 colors_table: () bestIndex: 345 seed: 1135541994
16.78
nthreads: 1 colors: 72 vertices: 250 edges 27897 colors_table: () bestIndex: 574 seed: 1135542012
20.21
nthreads: 1 colors: 73 vertices: 250 edges 27897 colors_table: () bestIndex: 347 seed: 1135542033
16.77
nthreads: 1 colors: 72 vertices: 250 edges 27897 colors_table: () bestIndex: 989 seed: 1135542051
22.88
nthreads: 1 colors: 72 vertices: 250 edges 27897 colors_table: () bestIndex: 842 seed: 1135542075
22.88
nthreads: 1 colors: 73 vertices: 250 edges 27897 colors_table: () bestIndex: 391 seed: 1135542099
17.43
nthreads: 1 colors: 73 vertices: 250 edges 27897 colors_table: () bestIndex: 408 seed: 1135542117
17.74
nthreads: 1 colors: 72 vertices: 250 edges 27897 colors_table: () bestIndex: 730 seed: 1135542136
22.50
nthreads: 1 colors: 72 vertices: 250 edges 27897 colors_table: () bestIndex: 715 seed: 1135542159
22.35
nthreads: 1 colors: 72 vertices: 250 edges 27897 colors_table: () bestIndex: 800 seed: 1135542183
22.85
nthreads: 1 colors: 72 vertices: 250 edges 27897 colors_table: () bestIndex: 313 seed: 1135542207
16.27
nthreads: 1 colors: 72 vertices: 250 edges 27897 colors_table: () bestIndex: 692 seed: 1135542224
22.09
nthreads: 1 colors: 72 vertices: 250 edges 27897 colors_table: () bestIndex: 884 seed: 1135542247
22.88
nthreads: 1 colors: 72 vertices: 250 edges 27897 colors_table: () bestIndex: 681 seed: 1135542271
21.81
nthreads: 1 colors: 73 vertices: 250 edges 27897 colors_table: () bestIndex: 380 seed: 1135542294
17.21
nthreads: 1 colors: 72 vertices: 250 edges 27897 colors_table: () bestIndex: 468 seed: 1135542312
18.60
nthreads: 1 colors: 73 vertices: 250 edges 27897 colors_table: () bestIndex: 273 seed: 1135542332
15.62
nthreads: 1 colors: 72 vertices: 250 edges 27897 colors_table: () bestIndex: 815 seed: 1135542348
22.82
nthreads: 1 colors: 72 vertices: 250 edges 27897 colors_table: () bestIndex: 468 seed: 1135542372
18.64
nthreads: 1 colors: 73 vertices: 250 edges 27897 colors_table: () bestIndex: 292 seed: 1135542392
15.98
nthreads: 1 colors: 72 vertices: 250 edges 27897 colors_table: () bestIndex: 529 seed: 1135542409
19.46
nthreads: 1 colors: 72 vertices: 250 edges 27897 colors_table: () bestIndex: 903 seed: 1135542429
22.77
nthreads: 1 colors: 72 vertices: 250 edges 27897 colors_table: () bestIndex: 476 seed: 1135542453
18.74
nthreads: 1 colors: 72 vertices: 250 edges 27897 colors_table: () bestIndex: 328 seed: 1135542473
16.46
nthreads: 1 colors: 72 vertices: 250 edges 27897 colors_table: () bestIndex: 587 seed: 1135542490
20.18
nthreads: 1 colors: 72 vertices: 250 edges 27897 colors_table: () bestIndex: 537 seed: 1135542511
19.60
nthreads: 1 colors: 73 vertices: 250 edges 27897 colors_table: () bestIndex: 284 seed: 1135542532
15.78
nthreads: 1 colors: 72 vertices: 250 edges 27897 colors_table: () bestIndex: 592 seed: 1135542549
20.50
nthreads: 1 colors: 73 vertices: 250 edges 27897 colors_table: () bestIndex: 322 seed: 1135542570
16.40
nthreads: 1 colors: 73 vertices: 250 edges 27897 colors_table: () bestIndex: 265 seed: 1135542588
15.55
nthreads: 1 colors: 73 vertices: 250 edges 27897 colors_table: () bestIndex: 270 seed: 1135542604
15.62
nthreads: 1 colors: 73 vertices: 250 edges 27897 colors_table: () bestIndex: 348 seed: 1135542621
16.86
nthreads: 1 colors: 73 vertices: 250 edges 27897 colors_table: () bestIndex: 394 seed: 1135542639
17.38
nthreads: 1 colors: 72 vertices: 250 edges 27897 colors_table: () bestIndex: 627 seed: 1135542657
21.03
nthreads: 1 colors: 73 vertices: 250 edges 27897 colors_table: () bestIndex: 331 seed: 1135542679
16.49
nthreads: 1 colors: 72 vertices: 250 edges 27897 colors_table: () bestIndex: 428 seed: 1135542697
17.97
nthreads: 1 colors: 73 vertices: 250 edges 27897 colors_table: () bestIndex: 272 seed: 1135542716
15.65
