DSJR500.1c.col.b n_loops: 100 n_threads: 1
Sun Dec 25 15:32:13 EST 2005 /home/thanhvu/nfs/Classic/1225_SameAsPATCHONLY_w_somechangestoprintSol/LogGCP100//1135538896/DSJR500.1c.col.b_1135542733.log
Single e3308cd38d8c5eb9b3fc1f01b7fcc13b /home/thanhvu/nfs/Classic/1225_SameAsPATCHONLY_w_somechangestoprintSol/a.out
nthreads: 1 colors: 85 vertices: 500 edges 121275 colors_table: () bestIndex: 1030 seed: 1135542733
125.45
nthreads: 1 colors: 85 vertices: 500 edges 121275 colors_table: () bestIndex: 1427 seed: 1135542859
143.75
nthreads: 1 colors: 85 vertices: 500 edges 121275 colors_table: () bestIndex: 646 seed: 1135543004
106.95
nthreads: 1 colors: 85 vertices: 500 edges 121275 colors_table: () bestIndex: 452 seed: 1135543112
97.64
nthreads: 1 colors: 85 vertices: 500 edges 121275 colors_table: () bestIndex: 426 seed: 1135543211
96.19
nthreads: 1 colors: 85 vertices: 500 edges 121275 colors_table: () bestIndex: 1520 seed: 1135543308
149.71
nthreads: 1 colors: 85 vertices: 500 edges 121275 colors_table: () bestIndex: 2041 seed: 1135543458
150.36
nthreads: 1 colors: 85 vertices: 500 edges 121275 colors_table: () bestIndex: 578 seed: 1135543610
103.93
nthreads: 1 colors: 85 vertices: 500 edges 121275 colors_table: () bestIndex: 1449 seed: 1135543715
146.23
nthreads: 1 colors: 86 vertices: 500 edges 121275 colors_table: () bestIndex: 533 seed: 1135543862
100.84
nthreads: 1 colors: 85 vertices: 500 edges 121275 colors_table: () bestIndex: 489 seed: 1135543964
99.34
nthreads: 1 colors: 86 vertices: 500 edges 121275 colors_table: () bestIndex: 446 seed: 1135544064
96.13
nthreads: 1 colors: 85 vertices: 500 edges 121275 colors_table: () bestIndex: 1833 seed: 1135544161
149.53
nthreads: 1 colors: 85 vertices: 500 edges 121275 colors_table: () bestIndex: 1179 seed: 1135544312
133.19
nthreads: 1 colors: 85 vertices: 500 edges 121275 colors_table: () bestIndex: 938 seed: 1135544446
121.89
nthreads: 1 colors: 85 vertices: 500 edges 121275 colors_table: () bestIndex: 573 seed: 1135544569
103.42
nthreads: 1 colors: 85 vertices: 500 edges 121275 colors_table: () bestIndex: 471 seed: 1135544674
98.22
nthreads: 1 colors: 85 vertices: 500 edges 121275 colors_table: () bestIndex: 390 seed: 1135544773
94.34
nthreads: 1 colors: 85 vertices: 500 edges 121275 colors_table: () bestIndex: 520 seed: 1135544868
101.04
nthreads: 1 colors: 85 vertices: 500 edges 121275 colors_table: () bestIndex: 1536 seed: 1135544970
149.59
nthreads: 1 colors: 85 vertices: 500 edges 121275 colors_table: () bestIndex: 865 seed: 1135545121
117.44
nthreads: 1 colors: 85 vertices: 500 edges 121275 colors_table: () bestIndex: 426 seed: 1135545239
96.66
nthreads: 1 colors: 85 vertices: 500 edges 121275 colors_table: () bestIndex: 710 seed: 1135545337
110.65
nthreads: 1 colors: 85 vertices: 500 edges 121275 colors_table: () bestIndex: 636 seed: 1135545449
106.45
nthreads: 1 colors: 85 vertices: 500 edges 121275 colors_table: () bestIndex: 1042 seed: 1135545556
126.89
nthreads: 1 colors: 85 vertices: 500 edges 121275 colors_table: () bestIndex: 1533 seed: 1135545684
148.43
nthreads: 1 colors: 86 vertices: 500 edges 121275 colors_table: () bestIndex: 576 seed: 1135545833
100.56
nthreads: 1 colors: 86 vertices: 500 edges 121275 colors_table: () bestIndex: 401 seed: 1135545935
93.26
nthreads: 1 colors: 86 vertices: 500 edges 121275 colors_table: () bestIndex: 525 seed: 1135546029
100.97
nthreads: 1 colors: 85 vertices: 500 edges 121275 colors_table: () bestIndex: 923 seed: 1135546131
119.63
nthreads: 1 colors: 85 vertices: 500 edges 121275 colors_table: () bestIndex: 1005 seed: 1135546252
123.90
nthreads: 1 colors: 85 vertices: 500 edges 121275 colors_table: () bestIndex: 1102 seed: 1135546377
130.66
nthreads: 1 colors: 86 vertices: 500 edges 121275 colors_table: () bestIndex: 463 seed: 1135546509
98.12
nthreads: 1 colors: 85 vertices: 500 edges 121275 colors_table: () bestIndex: 701 seed: 1135546608
109.92
nthreads: 1 colors: 85 vertices: 500 edges 121275 colors_table: () bestIndex: 975 seed: 1135546719
123.95
nthreads: 1 colors: 85 vertices: 500 edges 121275 colors_table: () bestIndex: 951 seed: 1135546844
122.49
nthreads: 1 colors: 85 vertices: 500 edges 121275 colors_table: () bestIndex: 700 seed: 1135546967
109.29
nthreads: 1 colors: 85 vertices: 500 edges 121275 colors_table: () bestIndex: 1852 seed: 1135547077
149.01
nthreads: 1 colors: 85 vertices: 500 edges 121275 colors_table: () bestIndex: 381 seed: 1135547227
94.01
nthreads: 1 colors: 86 vertices: 500 edges 121275 colors_table: () bestIndex: 470 seed: 1135547322
98.44
nthreads: 1 colors: 85 vertices: 500 edges 121275 colors_table: () bestIndex: 612 seed: 1135547422
105.06
nthreads: 1 colors: 85 vertices: 500 edges 121275 colors_table: () bestIndex: 545 seed: 1135547528
102.11
nthreads: 1 colors: 85 vertices: 500 edges 121275 colors_table: () bestIndex: 1228 seed: 1135547631
135.77
nthreads: 1 colors: 85 vertices: 500 edges 121275 colors_table: () bestIndex: 473 seed: 1135547768
98.11
nthreads: 1 colors: 85 vertices: 500 edges 121275 colors_table: () bestIndex: 1326 seed: 1135547867
140.96
nthreads: 1 colors: 86 vertices: 500 edges 121275 colors_table: () bestIndex: 434 seed: 1135548009
94.36
nthreads: 1 colors: 85 vertices: 500 edges 121275 colors_table: () bestIndex: 652 seed: 1135548104
106.99
nthreads: 1 colors: 85 vertices: 500 edges 121275 colors_table: () bestIndex: 563 seed: 1135548212
102.41
nthreads: 1 colors: 85 vertices: 500 edges 121275 colors_table: () bestIndex: 462 seed: 1135548316
98.75
nthreads: 1 colors: 85 vertices: 500 edges 121275 colors_table: () bestIndex: 1248 seed: 1135548416
135.95
nthreads: 1 colors: 85 vertices: 500 edges 121275 colors_table: () bestIndex: 673 seed: 1135548553
108.18
nthreads: 1 colors: 86 vertices: 500 edges 121275 colors_table: () bestIndex: 464 seed: 1135548662
98.08
nthreads: 1 colors: 85 vertices: 500 edges 121275 colors_table: () bestIndex: 414 seed: 1135548761
95.74
nthreads: 1 colors: 85 vertices: 500 edges 121275 colors_table: () bestIndex: 381 seed: 1135548858
94.04
nthreads: 1 colors: 85 vertices: 500 edges 121275 colors_table: () bestIndex: 450 seed: 1135548953
97.85
nthreads: 1 colors: 85 vertices: 500 edges 121275 colors_table: () bestIndex: 494 seed: 1135549052
99.45
nthreads: 1 colors: 85 vertices: 500 edges 121275 colors_table: () bestIndex: 472 seed: 1135549152
98.44
nthreads: 1 colors: 85 vertices: 500 edges 121275 colors_table: () bestIndex: 1497 seed: 1135549252
149.84
nthreads: 1 colors: 85 vertices: 500 edges 121275 colors_table: () bestIndex: 848 seed: 1135549402
116.26
nthreads: 1 colors: 85 vertices: 500 edges 121275 colors_table: () bestIndex: 737 seed: 1135549520
111.24
nthreads: 1 colors: 85 vertices: 500 edges 121275 colors_table: () bestIndex: 1563 seed: 1135549632
149.39
nthreads: 1 colors: 85 vertices: 500 edges 121275 colors_table: () bestIndex: 1532 seed: 1135549782
147.27
nthreads: 1 colors: 85 vertices: 500 edges 121275 colors_table: () bestIndex: 1208 seed: 1135549931
135.24
nthreads: 1 colors: 85 vertices: 500 edges 121275 colors_table: () bestIndex: 608 seed: 1135550067
105.05
nthreads: 1 colors: 85 vertices: 500 edges 121275 colors_table: () bestIndex: 839 seed: 1135550173
116.46
nthreads: 1 colors: 85 vertices: 500 edges 121275 colors_table: () bestIndex: 1946 seed: 1135550290
150.19
nthreads: 1 colors: 86 vertices: 500 edges 121275 colors_table: () bestIndex: 412 seed: 1135550442
94.21
nthreads: 1 colors: 85 vertices: 500 edges 121275 colors_table: () bestIndex: 393 seed: 1135550537
95.16
nthreads: 1 colors: 85 vertices: 500 edges 121275 colors_table: () bestIndex: 600 seed: 1135550633
105.06
nthreads: 1 colors: 85 vertices: 500 edges 121275 colors_table: () bestIndex: 696 seed: 1135550739
109.43
nthreads: 1 colors: 85 vertices: 500 edges 121275 colors_table: () bestIndex: 1119 seed: 1135550850
129.47
nthreads: 1 colors: 85 vertices: 500 edges 121275 colors_table: () bestIndex: 1217 seed: 1135550980
134.86
nthreads: 1 colors: 85 vertices: 500 edges 121275 colors_table: () bestIndex: 812 seed: 1135551116
115.61
nthreads: 1 colors: 85 vertices: 500 edges 121275 colors_table: () bestIndex: 1203 seed: 1135551233
135.30
nthreads: 1 colors: 85 vertices: 500 edges 121275 colors_table: () bestIndex: 940 seed: 1135551369
121.01
nthreads: 1 colors: 85 vertices: 500 edges 121275 colors_table: () bestIndex: 1355 seed: 1135551491
141.03
nthreads: 1 colors: 86 vertices: 500 edges 121275 colors_table: () bestIndex: 429 seed: 1135551633
97.33
nthreads: 1 colors: 85 vertices: 500 edges 121275 colors_table: () bestIndex: 2191 seed: 1135551731
146.63
nthreads: 1 colors: 85 vertices: 500 edges 121275 colors_table: () bestIndex: 706 seed: 1135551879
109.74
nthreads: 1 colors: 85 vertices: 500 edges 121275 colors_table: () bestIndex: 409 seed: 1135551990
95.39
nthreads: 1 colors: 85 vertices: 500 edges 121275 colors_table: () bestIndex: 427 seed: 1135552086
96.28
nthreads: 1 colors: 85 vertices: 500 edges 121275 colors_table: () bestIndex: 381 seed: 1135552183
94.38
nthreads: 1 colors: 85 vertices: 500 edges 121275 colors_table: () bestIndex: 590 seed: 1135552279
104.54
nthreads: 1 colors: 85 vertices: 500 edges 121275 colors_table: () bestIndex: 946 seed: 1135552384
121.90
nthreads: 1 colors: 85 vertices: 500 edges 121275 colors_table: () bestIndex: 625 seed: 1135552507
105.89
nthreads: 1 colors: 85 vertices: 500 edges 121275 colors_table: () bestIndex: 957 seed: 1135552614
120.07
nthreads: 1 colors: 85 vertices: 500 edges 121275 colors_table: () bestIndex: 1039 seed: 1135552735
125.86
nthreads: 1 colors: 85 vertices: 500 edges 121275 colors_table: () bestIndex: 659 seed: 1135552862
107.64
nthreads: 1 colors: 85 vertices: 500 edges 121275 colors_table: () bestIndex: 451 seed: 1135552971
98.09
nthreads: 1 colors: 86 vertices: 500 edges 121275 colors_table: () bestIndex: 549 seed: 1135553070
101.94
nthreads: 1 colors: 86 vertices: 500 edges 121275 colors_table: () bestIndex: 488 seed: 1135553173
99.95
nthreads: 1 colors: 85 vertices: 500 edges 121275 colors_table: () bestIndex: 849 seed: 1135553274
118.04
nthreads: 1 colors: 85 vertices: 500 edges 121275 colors_table: () bestIndex: 673 seed: 1135553393
107.54
nthreads: 1 colors: 85 vertices: 500 edges 121275 colors_table: () bestIndex: 1281 seed: 1135553502
137.67
nthreads: 1 colors: 85 vertices: 500 edges 121275 colors_table: () bestIndex: 1306 seed: 1135553640
139.08
nthreads: 1 colors: 85 vertices: 500 edges 121275 colors_table: () bestIndex: 1683 seed: 1135553780
149.15
nthreads: 1 colors: 85 vertices: 500 edges 121275 colors_table: () bestIndex: 476 seed: 1135553930
98.80
nthreads: 1 colors: 85 vertices: 500 edges 121275 colors_table: () bestIndex: 488 seed: 1135554030
99.20
nthreads: 1 colors: 85 vertices: 500 edges 121275 colors_table: () bestIndex: 400 seed: 1135554131
96.02
nthreads: 1 colors: 85 vertices: 500 edges 121275 colors_table: () bestIndex: 382 seed: 1135554228
94.50
