DSJR500.5.col.b n_loops: 100 n_threads: 1
Sun Dec 25 18:45:23 EST 2005 /home/thanhvu/nfs/Classic/1225_SameAsPATCHONLY_w_somechangestoprintSol/LogGCP100//1135538896/DSJR500.5.col.b_1135554323.log
Single e3308cd38d8c5eb9b3fc1f01b7fcc13b /home/thanhvu/nfs/Classic/1225_SameAsPATCHONLY_w_somechangestoprintSol/a.out
nthreads: 1 colors: 129 vertices: 500 edges 58862 colors_table: () bestIndex: 1511 seed: 1135554323
130.13
nthreads: 1 colors: 130 vertices: 500 edges 58862 colors_table: () bestIndex: 763 seed: 1135554454
97.97
nthreads: 1 colors: 129 vertices: 500 edges 58862 colors_table: () bestIndex: 1966 seed: 1135554553
127.81
nthreads: 1 colors: 129 vertices: 500 edges 58862 colors_table: () bestIndex: 878 seed: 1135554682
103.58
nthreads: 1 colors: 128 vertices: 500 edges 58862 colors_table: () bestIndex: 2158 seed: 1135554787
130.38
nthreads: 1 colors: 130 vertices: 500 edges 58862 colors_table: () bestIndex: 816 seed: 1135554918
100.39
nthreads: 1 colors: 129 vertices: 500 edges 58862 colors_table: () bestIndex: 1359 seed: 1135555020
124.20
nthreads: 1 colors: 130 vertices: 500 edges 58862 colors_table: () bestIndex: 838 seed: 1135555145
101.19
nthreads: 1 colors: 130 vertices: 500 edges 58862 colors_table: () bestIndex: 850 seed: 1135555247
101.92
nthreads: 1 colors: 129 vertices: 500 edges 58862 colors_table: () bestIndex: 1667 seed: 1135555350
130.15
nthreads: 1 colors: 130 vertices: 500 edges 58862 colors_table: () bestIndex: 798 seed: 1135555481
100.06
nthreads: 1 colors: 128 vertices: 500 edges 58862 colors_table: () bestIndex: 1407 seed: 1135555582
126.33
nthreads: 1 colors: 129 vertices: 500 edges 58862 colors_table: () bestIndex: 721 seed: 1135555710
97.10
nthreads: 1 colors: 129 vertices: 500 edges 58862 colors_table: () bestIndex: 1103 seed: 1135555808
113.25
nthreads: 1 colors: 129 vertices: 500 edges 58862 colors_table: () bestIndex: 1215 seed: 1135555922
118.09
nthreads: 1 colors: 130 vertices: 500 edges 58862 colors_table: () bestIndex: 804 seed: 1135556041
99.91
nthreads: 1 colors: 129 vertices: 500 edges 58862 colors_table: () bestIndex: 1418 seed: 1135556142
126.85
nthreads: 1 colors: 129 vertices: 500 edges 58862 colors_table: () bestIndex: 1842 seed: 1135556270
129.96
nthreads: 1 colors: 129 vertices: 500 edges 58862 colors_table: () bestIndex: 1481 seed: 1135556401
129.46
nthreads: 1 colors: 129 vertices: 500 edges 58862 colors_table: () bestIndex: 1914 seed: 1135556531
130.07
nthreads: 1 colors: 129 vertices: 500 edges 58862 colors_table: () bestIndex: 1027 seed: 1135556662
110.08
nthreads: 1 colors: 129 vertices: 500 edges 58862 colors_table: () bestIndex: 1679 seed: 1135556773
129.84
nthreads: 1 colors: 129 vertices: 500 edges 58862 colors_table: () bestIndex: 1232 seed: 1135556904
118.78
nthreads: 1 colors: 129 vertices: 500 edges 58862 colors_table: () bestIndex: 1354 seed: 1135557024
123.81
nthreads: 1 colors: 129 vertices: 500 edges 58862 colors_table: () bestIndex: 2004 seed: 1135557149
130.06
nthreads: 1 colors: 129 vertices: 500 edges 58862 colors_table: () bestIndex: 1401 seed: 1135557280
126.16
nthreads: 1 colors: 129 vertices: 500 edges 58862 colors_table: () bestIndex: 1794 seed: 1135557407
129.97
nthreads: 1 colors: 130 vertices: 500 edges 58862 colors_table: () bestIndex: 1298 seed: 1135557538
120.55
nthreads: 1 colors: 129 vertices: 500 edges 58862 colors_table: () bestIndex: 1307 seed: 1135557660
121.74
nthreads: 1 colors: 128 vertices: 500 edges 58862 colors_table: () bestIndex: 2043 seed: 1135557783
130.36
nthreads: 1 colors: 128 vertices: 500 edges 58862 colors_table: () bestIndex: 2201 seed: 1135557914
130.25
nthreads: 1 colors: 129 vertices: 500 edges 58862 colors_table: () bestIndex: 1039 seed: 1135558045
110.55
nthreads: 1 colors: 130 vertices: 500 edges 58862 colors_table: () bestIndex: 743 seed: 1135558157
96.93
nthreads: 1 colors: 129 vertices: 500 edges 58862 colors_table: () bestIndex: 1386 seed: 1135558255
125.34
nthreads: 1 colors: 130 vertices: 500 edges 58862 colors_table: () bestIndex: 933 seed: 1135558381
105.19
nthreads: 1 colors: 129 vertices: 500 edges 58862 colors_table: () bestIndex: 1116 seed: 1135558487
113.64
nthreads: 1 colors: 130 vertices: 500 edges 58862 colors_table: () bestIndex: 756 seed: 1135558602
97.91
nthreads: 1 colors: 130 vertices: 500 edges 58862 colors_table: () bestIndex: 754 seed: 1135558701
97.41
nthreads: 1 colors: 128 vertices: 500 edges 58862 colors_table: () bestIndex: 2531 seed: 1135558799
129.88
nthreads: 1 colors: 129 vertices: 500 edges 58862 colors_table: () bestIndex: 1584 seed: 1135558930
130.17
nthreads: 1 colors: 129 vertices: 500 edges 58862 colors_table: () bestIndex: 1621 seed: 1135559061
130.07
nthreads: 1 colors: 130 vertices: 500 edges 58862 colors_table: () bestIndex: 997 seed: 1135559192
107.94
nthreads: 1 colors: 129 vertices: 500 edges 58862 colors_table: () bestIndex: 993 seed: 1135559301
108.53
nthreads: 1 colors: 129 vertices: 500 edges 58862 colors_table: () bestIndex: 1217 seed: 1135559411
118.24
nthreads: 1 colors: 130 vertices: 500 edges 58862 colors_table: () bestIndex: 803 seed: 1135559530
99.90
nthreads: 1 colors: 129 vertices: 500 edges 58862 colors_table: () bestIndex: 1439 seed: 1135559631
127.66
nthreads: 1 colors: 129 vertices: 500 edges 58862 colors_table: () bestIndex: 1717 seed: 1135559760
128.69
nthreads: 1 colors: 129 vertices: 500 edges 58862 colors_table: () bestIndex: 1691 seed: 1135559890
129.90
nthreads: 1 colors: 130 vertices: 500 edges 58862 colors_table: () bestIndex: 835 seed: 1135560021
101.30
nthreads: 1 colors: 129 vertices: 500 edges 58862 colors_table: () bestIndex: 832 seed: 1135560123
101.56
nthreads: 1 colors: 130 vertices: 500 edges 58862 colors_table: () bestIndex: 789 seed: 1135560225
99.49
nthreads: 1 colors: 130 vertices: 500 edges 58862 colors_table: () bestIndex: 873 seed: 1135560326
102.80
nthreads: 1 colors: 129 vertices: 500 edges 58862 colors_table: () bestIndex: 1122 seed: 1135560430
114.10
nthreads: 1 colors: 129 vertices: 500 edges 58862 colors_table: () bestIndex: 1559 seed: 1135560545
130.25
nthreads: 1 colors: 129 vertices: 500 edges 58862 colors_table: () bestIndex: 726 seed: 1135560676
97.52
nthreads: 1 colors: 129 vertices: 500 edges 58862 colors_table: () bestIndex: 2138 seed: 1135560775
130.01
nthreads: 1 colors: 129 vertices: 500 edges 58862 colors_table: () bestIndex: 1529 seed: 1135560906
130.33
nthreads: 1 colors: 129 vertices: 500 edges 58862 colors_table: () bestIndex: 1659 seed: 1135561037
130.07
nthreads: 1 colors: 129 vertices: 500 edges 58862 colors_table: () bestIndex: 838 seed: 1135561168
101.85
nthreads: 1 colors: 129 vertices: 500 edges 58862 colors_table: () bestIndex: 1310 seed: 1135561271
122.03
nthreads: 1 colors: 130 vertices: 500 edges 58862 colors_table: () bestIndex: 1079 seed: 1135561394
111.64
nthreads: 1 colors: 129 vertices: 500 edges 58862 colors_table: () bestIndex: 977 seed: 1135561507
107.64
nthreads: 1 colors: 129 vertices: 500 edges 58862 colors_table: () bestIndex: 1177 seed: 1135561615
116.63
nthreads: 1 colors: 129 vertices: 500 edges 58862 colors_table: () bestIndex: 2148 seed: 1135561733
130.04
nthreads: 1 colors: 129 vertices: 500 edges 58862 colors_table: () bestIndex: 2204 seed: 1135561864
129.88
nthreads: 1 colors: 130 vertices: 500 edges 58862 colors_table: () bestIndex: 750 seed: 1135561995
97.67
nthreads: 1 colors: 129 vertices: 500 edges 58862 colors_table: () bestIndex: 1554 seed: 1135562094
130.39
nthreads: 1 colors: 129 vertices: 500 edges 58862 colors_table: () bestIndex: 1753 seed: 1135562225
130.03
nthreads: 1 colors: 129 vertices: 500 edges 58862 colors_table: () bestIndex: 2004 seed: 1135562356
130.26
nthreads: 1 colors: 130 vertices: 500 edges 58862 colors_table: () bestIndex: 797 seed: 1135562487
99.51
nthreads: 1 colors: 129 vertices: 500 edges 58862 colors_table: () bestIndex: 1645 seed: 1135562588
130.14
nthreads: 1 colors: 129 vertices: 500 edges 58862 colors_table: () bestIndex: 1311 seed: 1135562719
122.04
nthreads: 1 colors: 129 vertices: 500 edges 58862 colors_table: () bestIndex: 1589 seed: 1135562842
130.26
nthreads: 1 colors: 129 vertices: 500 edges 58862 colors_table: () bestIndex: 789 seed: 1135562973
99.95
nthreads: 1 colors: 128 vertices: 500 edges 58862 colors_table: () bestIndex: 2589 seed: 1135563074
130.37
nthreads: 1 colors: 129 vertices: 500 edges 58862 colors_table: () bestIndex: 1110 seed: 1135563206
113.56
nthreads: 1 colors: 129 vertices: 500 edges 58862 colors_table: () bestIndex: 1098 seed: 1135563320
112.57
nthreads: 1 colors: 130 vertices: 500 edges 58862 colors_table: () bestIndex: 890 seed: 1135563434
101.95
nthreads: 1 colors: 129 vertices: 500 edges 58862 colors_table: () bestIndex: 1673 seed: 1135563537
130.24
nthreads: 1 colors: 129 vertices: 500 edges 58862 colors_table: () bestIndex: 1548 seed: 1135563668
130.07
nthreads: 1 colors: 129 vertices: 500 edges 58862 colors_table: () bestIndex: 1539 seed: 1135563799
130.15
nthreads: 1 colors: 129 vertices: 500 edges 58862 colors_table: () bestIndex: 2151 seed: 1135563930
129.84
nthreads: 1 colors: 129 vertices: 500 edges 58862 colors_table: () bestIndex: 1167 seed: 1135564061
116.06
nthreads: 1 colors: 129 vertices: 500 edges 58862 colors_table: () bestIndex: 883 seed: 1135564178
103.78
nthreads: 1 colors: 130 vertices: 500 edges 58862 colors_table: () bestIndex: 969 seed: 1135564283
106.81
nthreads: 1 colors: 129 vertices: 500 edges 58862 colors_table: () bestIndex: 1357 seed: 1135564391
124.31
nthreads: 1 colors: 129 vertices: 500 edges 58862 colors_table: () bestIndex: 979 seed: 1135564516
108.03
nthreads: 1 colors: 129 vertices: 500 edges 58862 colors_table: () bestIndex: 1189 seed: 1135564625
116.82
nthreads: 1 colors: 129 vertices: 500 edges 58862 colors_table: () bestIndex: 2029 seed: 1135564743
129.73
nthreads: 1 colors: 129 vertices: 500 edges 58862 colors_table: () bestIndex: 1864 seed: 1135564874
130.23
nthreads: 1 colors: 129 vertices: 500 edges 58862 colors_table: () bestIndex: 1799 seed: 1135565005
130.16
nthreads: 1 colors: 129 vertices: 500 edges 58862 colors_table: () bestIndex: 1166 seed: 1135565136
115.70
nthreads: 1 colors: 129 vertices: 500 edges 58862 colors_table: () bestIndex: 878 seed: 1135565253
103.63
nthreads: 1 colors: 129 vertices: 500 edges 58862 colors_table: () bestIndex: 2218 seed: 1135565358
129.92
nthreads: 1 colors: 129 vertices: 500 edges 58862 colors_table: () bestIndex: 721 seed: 1135565489
96.99
nthreads: 1 colors: 129 vertices: 500 edges 58862 colors_table: () bestIndex: 1452 seed: 1135565587
128.11
nthreads: 1 colors: 130 vertices: 500 edges 58862 colors_table: () bestIndex: 1052 seed: 1135565716
110.15
nthreads: 1 colors: 129 vertices: 500 edges 58862 colors_table: () bestIndex: 1504 seed: 1135565827
130.11
nthreads: 1 colors: 128 vertices: 500 edges 58862 colors_table: () bestIndex: 968 seed: 1135565958
107.58
nthreads: 1 colors: 129 vertices: 500 edges 58862 colors_table: () bestIndex: 1060 seed: 1135566067
111.43
