latin_square_10.col.b n_loops: 100 n_threads: 1
Sun Dec 25 03:07:41 EST 2005 /home/thanhvu/nfs/Classic/1225_SameAsPATCHONLY_w_somechangestoprintSol/LogGCP100//1135498061/latin_square_10.col.b_1135498061.log
Single e3308cd38d8c5eb9b3fc1f01b7fcc13b /home/thanhvu/nfs/Classic/1225_SameAsPATCHONLY_w_somechangestoprintSol/a.out
nthreads: 1 colors: 101 vertices: 900 edges 307350 colors_table: () bestIndex: 2566 seed: 1135498061
326.11
nthreads: 1 colors: 102 vertices: 900 edges 307350 colors_table: () bestIndex: 384 seed: 1135498388
155.35
nthreads: 1 colors: 101 vertices: 900 edges 307350 colors_table: () bestIndex: 2445 seed: 1135498544
324.61
nthreads: 1 colors: 101 vertices: 900 edges 307350 colors_table: () bestIndex: 2168 seed: 1135498870
303.39
nthreads: 1 colors: 102 vertices: 900 edges 307350 colors_table: () bestIndex: 359 seed: 1135499174
153.42
nthreads: 1 colors: 101 vertices: 900 edges 307350 colors_table: () bestIndex: 956 seed: 1135499329
198.84
nthreads: 1 colors: 102 vertices: 900 edges 307350 colors_table: () bestIndex: 1043 seed: 1135499529
208.91
nthreads: 1 colors: 101 vertices: 900 edges 307350 colors_table: () bestIndex: 2332 seed: 1135499738
313.07
nthreads: 1 colors: 102 vertices: 900 edges 307350 colors_table: () bestIndex: 759 seed: 1135500053
184.57
nthreads: 1 colors: 102 vertices: 900 edges 307350 colors_table: () bestIndex: 1931 seed: 1135500238
281.66
nthreads: 1 colors: 101 vertices: 900 edges 307350 colors_table: () bestIndex: 1748 seed: 1135500521
263.23
nthreads: 1 colors: 101 vertices: 900 edges 307350 colors_table: () bestIndex: 1292 seed: 1135500785
228.03
nthreads: 1 colors: 101 vertices: 900 edges 307350 colors_table: () bestIndex: 967 seed: 1135501014
201.93
nthreads: 1 colors: 101 vertices: 900 edges 307350 colors_table: () bestIndex: 2376 seed: 1135501217
316.50
nthreads: 1 colors: 102 vertices: 900 edges 307350 colors_table: () bestIndex: 779 seed: 1135501535
187.35
nthreads: 1 colors: 101 vertices: 900 edges 307350 colors_table: () bestIndex: 2293 seed: 1135501723
309.82
nthreads: 1 colors: 101 vertices: 900 edges 307350 colors_table: () bestIndex: 1843 seed: 1135502034
272.70
nthreads: 1 colors: 102 vertices: 900 edges 307350 colors_table: () bestIndex: 530 seed: 1135502308
167.16
nthreads: 1 colors: 101 vertices: 900 edges 307350 colors_table: () bestIndex: 924 seed: 1135502476
197.34
nthreads: 1 colors: 102 vertices: 900 edges 307350 colors_table: () bestIndex: 567 seed: 1135502674
170.08
nthreads: 1 colors: 102 vertices: 900 edges 307350 colors_table: () bestIndex: 276 seed: 1135502845
146.01
nthreads: 1 colors: 102 vertices: 900 edges 307350 colors_table: () bestIndex: 1090 seed: 1135502992
212.73
nthreads: 1 colors: 102 vertices: 900 edges 307350 colors_table: () bestIndex: 1267 seed: 1135503206
229.17
nthreads: 1 colors: 101 vertices: 900 edges 307350 colors_table: () bestIndex: 1932 seed: 1135503436
282.95
nthreads: 1 colors: 102 vertices: 900 edges 307350 colors_table: () bestIndex: 704 seed: 1135503720
181.85
nthreads: 1 colors: 103 vertices: 900 edges 307350 colors_table: () bestIndex: 1081 seed: 1135503903
214.23
nthreads: 1 colors: 102 vertices: 900 edges 307350 colors_table: () bestIndex: 714 seed: 1135504118
183.90
nthreads: 1 colors: 102 vertices: 900 edges 307350 colors_table: () bestIndex: 692 seed: 1135504303
180.44
nthreads: 1 colors: 102 vertices: 900 edges 307350 colors_table: () bestIndex: 1103 seed: 1135504485
215.07
nthreads: 1 colors: 102 vertices: 900 edges 307350 colors_table: () bestIndex: 1112 seed: 1135504701
216.90
nthreads: 1 colors: 102 vertices: 900 edges 307350 colors_table: () bestIndex: 919 seed: 1135504919
199.19
nthreads: 1 colors: 101 vertices: 900 edges 307350 colors_table: () bestIndex: 2541 seed: 1135505119
326.24
nthreads: 1 colors: 101 vertices: 900 edges 307350 colors_table: () bestIndex: 2165 seed: 1135505446
303.74
nthreads: 1 colors: 100 vertices: 900 edges 307350 colors_table: () bestIndex: 1100 seed: 1135505751
212.38
nthreads: 1 colors: 101 vertices: 900 edges 307350 colors_table: () bestIndex: 1510 seed: 1135505964
246.97
nthreads: 1 colors: 102 vertices: 900 edges 307350 colors_table: () bestIndex: 409 seed: 1135506212
157.70
nthreads: 1 colors: 102 vertices: 900 edges 307350 colors_table: () bestIndex: 1336 seed: 1135506371
233.09
nthreads: 1 colors: 101 vertices: 900 edges 307350 colors_table: () bestIndex: 859 seed: 1135506605
193.37
nthreads: 1 colors: 102 vertices: 900 edges 307350 colors_table: () bestIndex: 494 seed: 1135506799
161.19
nthreads: 1 colors: 101 vertices: 900 edges 307350 colors_table: () bestIndex: 1390 seed: 1135506962
235.46
nthreads: 1 colors: 102 vertices: 900 edges 307350 colors_table: () bestIndex: 1259 seed: 1135507198
228.15
nthreads: 1 colors: 101 vertices: 900 edges 307350 colors_table: () bestIndex: 1584 seed: 1135507427
254.02
nthreads: 1 colors: 102 vertices: 900 edges 307350 colors_table: () bestIndex: 1648 seed: 1135507682
256.84
nthreads: 1 colors: 102 vertices: 900 edges 307350 colors_table: () bestIndex: 1290 seed: 1135507940
229.84
nthreads: 1 colors: 101 vertices: 900 edges 307350 colors_table: () bestIndex: 1725 seed: 1135508171
266.67
nthreads: 1 colors: 102 vertices: 900 edges 307350 colors_table: () bestIndex: 1010 seed: 1135508439
207.50
nthreads: 1 colors: 102 vertices: 900 edges 307350 colors_table: () bestIndex: 517 seed: 1135508647
167.64
nthreads: 1 colors: 101 vertices: 900 edges 307350 colors_table: () bestIndex: 1600 seed: 1135508816
256.88
nthreads: 1 colors: 102 vertices: 900 edges 307350 colors_table: () bestIndex: 620 seed: 1135509074
175.54
nthreads: 1 colors: 101 vertices: 900 edges 307350 colors_table: () bestIndex: 2060 seed: 1135509250
294.44
nthreads: 1 colors: 102 vertices: 900 edges 307350 colors_table: () bestIndex: 314 seed: 1135509546
149.91
nthreads: 1 colors: 101 vertices: 900 edges 307350 colors_table: () bestIndex: 1730 seed: 1135509697
267.23
nthreads: 1 colors: 102 vertices: 900 edges 307350 colors_table: () bestIndex: 930 seed: 1135509965
201.38
nthreads: 1 colors: 102 vertices: 900 edges 307350 colors_table: () bestIndex: 429 seed: 1135510167
161.64
nthreads: 1 colors: 102 vertices: 900 edges 307350 colors_table: () bestIndex: 1219 seed: 1135510330
223.16
nthreads: 1 colors: 102 vertices: 900 edges 307350 colors_table: () bestIndex: 1509 seed: 1135510554
247.10
nthreads: 1 colors: 102 vertices: 900 edges 307350 colors_table: () bestIndex: 1154 seed: 1135510802
220.44
nthreads: 1 colors: 102 vertices: 900 edges 307350 colors_table: () bestIndex: 861 seed: 1135511024
196.68
nthreads: 1 colors: 101 vertices: 900 edges 307350 colors_table: () bestIndex: 1942 seed: 1135511222
284.37
nthreads: 1 colors: 102 vertices: 900 edges 307350 colors_table: () bestIndex: 572 seed: 1135511507
171.71
nthreads: 1 colors: 101 vertices: 900 edges 307350 colors_table: () bestIndex: 662 seed: 1135511680
176.93
nthreads: 1 colors: 102 vertices: 900 edges 307350 colors_table: () bestIndex: 1550 seed: 1135511858
252.68
nthreads: 1 colors: 102 vertices: 900 edges 307350 colors_table: () bestIndex: 1744 seed: 1135512111
269.32
nthreads: 1 colors: 101 vertices: 900 edges 307350 colors_table: () bestIndex: 1410 seed: 1135512382
239.12
nthreads: 1 colors: 101 vertices: 900 edges 307350 colors_table: () bestIndex: 1446 seed: 1135512622
243.31
nthreads: 1 colors: 102 vertices: 900 edges 307350 colors_table: () bestIndex: 1050 seed: 1135512866
210.85
nthreads: 1 colors: 102 vertices: 900 edges 307350 colors_table: () bestIndex: 421 seed: 1135513078
157.74
nthreads: 1 colors: 101 vertices: 900 edges 307350 colors_table: () bestIndex: 2630 seed: 1135513237
331.06
nthreads: 1 colors: 102 vertices: 900 edges 307350 colors_table: () bestIndex: 840 seed: 1135513569
193.56
nthreads: 1 colors: 102 vertices: 900 edges 307350 colors_table: () bestIndex: 1975 seed: 1135513763
288.37
nthreads: 1 colors: 101 vertices: 900 edges 307350 colors_table: () bestIndex: 787 seed: 1135514053
189.01
nthreads: 1 colors: 101 vertices: 900 edges 307350 colors_table: () bestIndex: 1804 seed: 1135514243
273.84
nthreads: 1 colors: 101 vertices: 900 edges 307350 colors_table: () bestIndex: 1018 seed: 1135514518
208.94
nthreads: 1 colors: 101 vertices: 900 edges 307350 colors_table: () bestIndex: 1038 seed: 1135514728
210.07
nthreads: 1 colors: 100 vertices: 900 edges 307350 colors_table: () bestIndex: 1974 seed: 1135514939
286.98
nthreads: 1 colors: 101 vertices: 900 edges 307350 colors_table: () bestIndex: 1177 seed: 1135515227
220.39
nthreads: 1 colors: 102 vertices: 900 edges 307350 colors_table: () bestIndex: 268 seed: 1135515448
147.26
nthreads: 1 colors: 102 vertices: 900 edges 307350 colors_table: () bestIndex: 1977 seed: 1135515596
288.63
nthreads: 1 colors: 101 vertices: 900 edges 307350 colors_table: () bestIndex: 2297 seed: 1135515886
314.25
nthreads: 1 colors: 101 vertices: 900 edges 307350 colors_table: () bestIndex: 2132 seed: 1135516201
300.50
nthreads: 1 colors: 101 vertices: 900 edges 307350 colors_table: () bestIndex: 1730 seed: 1135516503
267.26
nthreads: 1 colors: 101 vertices: 900 edges 307350 colors_table: () bestIndex: 1159 seed: 1135516771
219.79
nthreads: 1 colors: 101 vertices: 900 edges 307350 colors_table: () bestIndex: 1407 seed: 1135516992
240.94
nthreads: 1 colors: 102 vertices: 900 edges 307350 colors_table: () bestIndex: 1122 seed: 1135517234
216.80
nthreads: 1 colors: 102 vertices: 900 edges 307350 colors_table: () bestIndex: 1526 seed: 1135517452
250.86
nthreads: 1 colors: 102 vertices: 900 edges 307350 colors_table: () bestIndex: 642 seed: 1135517704
177.31
nthreads: 1 colors: 103 vertices: 900 edges 307350 colors_table: () bestIndex: 448 seed: 1135517882
161.02
nthreads: 1 colors: 102 vertices: 900 edges 307350 colors_table: () bestIndex: 687 seed: 1135518044
181.05
nthreads: 1 colors: 102 vertices: 900 edges 307350 colors_table: () bestIndex: 701 seed: 1135518226
182.90
nthreads: 1 colors: 101 vertices: 900 edges 307350 colors_table: () bestIndex: 1255 seed: 1135518410
227.36
nthreads: 1 colors: 101 vertices: 900 edges 307350 colors_table: () bestIndex: 1641 seed: 1135518638
258.62
nthreads: 1 colors: 102 vertices: 900 edges 307350 colors_table: () bestIndex: 1321 seed: 1135518898
233.78
nthreads: 1 colors: 102 vertices: 900 edges 307350 colors_table: () bestIndex: 730 seed: 1135519133
184.84
nthreads: 1 colors: 102 vertices: 900 edges 307350 colors_table: () bestIndex: 646 seed: 1135519319
177.14
nthreads: 1 colors: 102 vertices: 900 edges 307350 colors_table: () bestIndex: 672 seed: 1135519497
180.83
nthreads: 1 colors: 101 vertices: 900 edges 307350 colors_table: () bestIndex: 1444 seed: 1135519679
244.08
nthreads: 1 colors: 102 vertices: 900 edges 307350 colors_table: () bestIndex: 729 seed: 1135519924
184.12
nthreads: 1 colors: 102 vertices: 900 edges 307350 colors_table: () bestIndex: 831 seed: 1135520109
191.32
nthreads: 1 colors: 103 vertices: 900 edges 307350 colors_table: () bestIndex: 355 seed: 1135520301
154.33
nthreads: 1 colors: 102 vertices: 900 edges 307350 colors_table: () bestIndex: 768 seed: 1135520457
187.16
