queen13_13.col.b n_loops: 100 n_threads: 1
Sun Dec 25 09:32:36 EST 2005 /home/thanhvu/nfs/Classic/1225_SameAsPATCHONLY_w_somechangestoprintSol/LogGCP100//1135498061/queen13_13.col.b_1135521156.log
Single e3308cd38d8c5eb9b3fc1f01b7fcc13b /home/thanhvu/nfs/Classic/1225_SameAsPATCHONLY_w_somechangestoprintSol/a.out
nthreads: 1 colors: 15 vertices: 169 edges 3328 colors_table: () bestIndex: 41 seed: 1135521156
2.12
nthreads: 1 colors: 15 vertices: 169 edges 3328 colors_table: () bestIndex: 41 seed: 1135521159
2.15
nthreads: 1 colors: 14 vertices: 169 edges 3328 colors_table: () bestIndex: 267 seed: 1135521162
3.12
nthreads: 1 colors: 15 vertices: 169 edges 3328 colors_table: () bestIndex: 41 seed: 1135521167
2.14
nthreads: 1 colors: 15 vertices: 169 edges 3328 colors_table: () bestIndex: 41 seed: 1135521170
2.11
nthreads: 1 colors: 15 vertices: 169 edges 3328 colors_table: () bestIndex: 41 seed: 1135521173
2.15
nthreads: 1 colors: 15 vertices: 169 edges 3328 colors_table: () bestIndex: 41 seed: 1135521176
2.11
nthreads: 1 colors: 14 vertices: 169 edges 3328 colors_table: () bestIndex: 289 seed: 1135521179
3.20
nthreads: 1 colors: 14 vertices: 169 edges 3328 colors_table: () bestIndex: 409 seed: 1135521183
3.67
nthreads: 1 colors: 14 vertices: 169 edges 3328 colors_table: () bestIndex: 196 seed: 1135521188
2.81
nthreads: 1 colors: 15 vertices: 169 edges 3328 colors_table: () bestIndex: 41 seed: 1135521192
2.13
nthreads: 1 colors: 15 vertices: 169 edges 3328 colors_table: () bestIndex: 41 seed: 1135521195
2.12
nthreads: 1 colors: 15 vertices: 169 edges 3328 colors_table: () bestIndex: 41 seed: 1135521198
2.13
nthreads: 1 colors: 14 vertices: 169 edges 3328 colors_table: () bestIndex: 56 seed: 1135521201
2.27
nthreads: 1 colors: 14 vertices: 169 edges 3328 colors_table: () bestIndex: 75 seed: 1135521205
2.39
nthreads: 1 colors: 15 vertices: 169 edges 3328 colors_table: () bestIndex: 41 seed: 1135521208
2.12
nthreads: 1 colors: 14 vertices: 169 edges 3328 colors_table: () bestIndex: 515 seed: 1135521211
4.02
nthreads: 1 colors: 15 vertices: 169 edges 3328 colors_table: () bestIndex: 41 seed: 1135521216
2.13
nthreads: 1 colors: 15 vertices: 169 edges 3328 colors_table: () bestIndex: 41 seed: 1135521219
2.13
nthreads: 1 colors: 15 vertices: 169 edges 3328 colors_table: () bestIndex: 41 seed: 1135521222
2.14
nthreads: 1 colors: 15 vertices: 169 edges 3328 colors_table: () bestIndex: 41 seed: 1135521226
2.15
nthreads: 1 colors: 14 vertices: 169 edges 3328 colors_table: () bestIndex: 540 seed: 1135521229
4.05
nthreads: 1 colors: 15 vertices: 169 edges 3328 colors_table: () bestIndex: 41 seed: 1135521234
2.11
nthreads: 1 colors: 14 vertices: 169 edges 3328 colors_table: () bestIndex: 423 seed: 1135521237
3.72
nthreads: 1 colors: 15 vertices: 169 edges 3328 colors_table: () bestIndex: 41 seed: 1135521242
2.12
nthreads: 1 colors: 15 vertices: 169 edges 3328 colors_table: () bestIndex: 41 seed: 1135521245
2.14
nthreads: 1 colors: 15 vertices: 169 edges 3328 colors_table: () bestIndex: 41 seed: 1135521248
2.14
nthreads: 1 colors: 15 vertices: 169 edges 3328 colors_table: () bestIndex: 41 seed: 1135521251
2.14
nthreads: 1 colors: 15 vertices: 169 edges 3328 colors_table: () bestIndex: 41 seed: 1135521254
2.12
nthreads: 1 colors: 15 vertices: 169 edges 3328 colors_table: () bestIndex: 41 seed: 1135521257
2.13
nthreads: 1 colors: 15 vertices: 169 edges 3328 colors_table: () bestIndex: 41 seed: 1135521261
2.12
nthreads: 1 colors: 15 vertices: 169 edges 3328 colors_table: () bestIndex: 41 seed: 1135521264
2.13
nthreads: 1 colors: 14 vertices: 169 edges 3328 colors_table: () bestIndex: 344 seed: 1135521267
3.39
nthreads: 1 colors: 14 vertices: 169 edges 3328 colors_table: () bestIndex: 292 seed: 1135521271
3.21
nthreads: 1 colors: 15 vertices: 169 edges 3328 colors_table: () bestIndex: 41 seed: 1135521276
2.13
nthreads: 1 colors: 15 vertices: 169 edges 3328 colors_table: () bestIndex: 41 seed: 1135521279
2.14
nthreads: 1 colors: 15 vertices: 169 edges 3328 colors_table: () bestIndex: 41 seed: 1135521282
2.12
nthreads: 1 colors: 15 vertices: 169 edges 3328 colors_table: () bestIndex: 41 seed: 1135521285
2.17
nthreads: 1 colors: 15 vertices: 169 edges 3328 colors_table: () bestIndex: 42 seed: 1135521288
2.13
nthreads: 1 colors: 14 vertices: 169 edges 3328 colors_table: () bestIndex: 286 seed: 1135521291
3.17
nthreads: 1 colors: 14 vertices: 169 edges 3328 colors_table: () bestIndex: 170 seed: 1135521296
2.71
nthreads: 1 colors: 14 vertices: 169 edges 3328 colors_table: () bestIndex: 259 seed: 1135521299
3.08
nthreads: 1 colors: 14 vertices: 169 edges 3328 colors_table: () bestIndex: 127 seed: 1135521303
2.58
nthreads: 1 colors: 15 vertices: 169 edges 3328 colors_table: () bestIndex: 41 seed: 1135521307
2.13
nthreads: 1 colors: 14 vertices: 169 edges 3328 colors_table: () bestIndex: 472 seed: 1135521310
3.88
nthreads: 1 colors: 14 vertices: 169 edges 3328 colors_table: () bestIndex: 427 seed: 1135521315
3.73
nthreads: 1 colors: 15 vertices: 169 edges 3328 colors_table: () bestIndex: 41 seed: 1135521320
2.12
nthreads: 1 colors: 14 vertices: 169 edges 3328 colors_table: () bestIndex: 50 seed: 1135521323
2.28
nthreads: 1 colors: 14 vertices: 169 edges 3328 colors_table: () bestIndex: 229 seed: 1135521326
2.94
nthreads: 1 colors: 15 vertices: 169 edges 3328 colors_table: () bestIndex: 41 seed: 1135521330
2.14
nthreads: 1 colors: 15 vertices: 169 edges 3328 colors_table: () bestIndex: 41 seed: 1135521333
2.12
nthreads: 1 colors: 15 vertices: 169 edges 3328 colors_table: () bestIndex: 41 seed: 1135521336
2.14
nthreads: 1 colors: 14 vertices: 169 edges 3328 colors_table: () bestIndex: 59 seed: 1135521340
2.31
nthreads: 1 colors: 15 vertices: 169 edges 3328 colors_table: () bestIndex: 41 seed: 1135521343
2.13
nthreads: 1 colors: 15 vertices: 169 edges 3328 colors_table: () bestIndex: 41 seed: 1135521346
2.12
nthreads: 1 colors: 14 vertices: 169 edges 3328 colors_table: () bestIndex: 532 seed: 1135521349
4.05
nthreads: 1 colors: 15 vertices: 169 edges 3328 colors_table: () bestIndex: 41 seed: 1135521354
2.15
nthreads: 1 colors: 15 vertices: 169 edges 3328 colors_table: () bestIndex: 41 seed: 1135521358
2.17
nthreads: 1 colors: 15 vertices: 169 edges 3328 colors_table: () bestIndex: 41 seed: 1135521361
2.11
nthreads: 1 colors: 14 vertices: 169 edges 3328 colors_table: () bestIndex: 192 seed: 1135521364
2.86
nthreads: 1 colors: 14 vertices: 169 edges 3328 colors_table: () bestIndex: 241 seed: 1135521368
3.00
nthreads: 1 colors: 15 vertices: 169 edges 3328 colors_table: () bestIndex: 41 seed: 1135521372
2.11
nthreads: 1 colors: 15 vertices: 169 edges 3328 colors_table: () bestIndex: 42 seed: 1135521375
2.14
nthreads: 1 colors: 15 vertices: 169 edges 3328 colors_table: () bestIndex: 41 seed: 1135521378
2.13
nthreads: 1 colors: 15 vertices: 169 edges 3328 colors_table: () bestIndex: 41 seed: 1135521381
2.14
nthreads: 1 colors: 14 vertices: 169 edges 3328 colors_table: () bestIndex: 218 seed: 1135521384
2.96
nthreads: 1 colors: 14 vertices: 169 edges 3328 colors_table: () bestIndex: 260 seed: 1135521388
3.08
nthreads: 1 colors: 14 vertices: 169 edges 3328 colors_table: () bestIndex: 411 seed: 1135521392
3.62
nthreads: 1 colors: 15 vertices: 169 edges 3328 colors_table: () bestIndex: 41 seed: 1135521397
2.16
nthreads: 1 colors: 14 vertices: 169 edges 3328 colors_table: () bestIndex: 86 seed: 1135521400
2.43
nthreads: 1 colors: 14 vertices: 169 edges 3328 colors_table: () bestIndex: 154 seed: 1135521404
2.69
nthreads: 1 colors: 15 vertices: 169 edges 3328 colors_table: () bestIndex: 41 seed: 1135521407
2.12
nthreads: 1 colors: 15 vertices: 169 edges 3328 colors_table: () bestIndex: 41 seed: 1135521411
2.12
nthreads: 1 colors: 15 vertices: 169 edges 3328 colors_table: () bestIndex: 41 seed: 1135521414
2.15
nthreads: 1 colors: 15 vertices: 169 edges 3328 colors_table: () bestIndex: 41 seed: 1135521417
2.13
nthreads: 1 colors: 15 vertices: 169 edges 3328 colors_table: () bestIndex: 41 seed: 1135521420
2.13
nthreads: 1 colors: 15 vertices: 169 edges 3328 colors_table: () bestIndex: 41 seed: 1135521423
2.13
nthreads: 1 colors: 15 vertices: 169 edges 3328 colors_table: () bestIndex: 42 seed: 1135521426
2.15
nthreads: 1 colors: 14 vertices: 169 edges 3328 colors_table: () bestIndex: 548 seed: 1135521430
3.99
nthreads: 1 colors: 15 vertices: 169 edges 3328 colors_table: () bestIndex: 41 seed: 1135521435
2.12
nthreads: 1 colors: 15 vertices: 169 edges 3328 colors_table: () bestIndex: 41 seed: 1135521438
2.14
nthreads: 1 colors: 15 vertices: 169 edges 3328 colors_table: () bestIndex: 41 seed: 1135521441
2.12
nthreads: 1 colors: 15 vertices: 169 edges 3328 colors_table: () bestIndex: 41 seed: 1135521444
2.14
nthreads: 1 colors: 14 vertices: 169 edges 3328 colors_table: () bestIndex: 263 seed: 1135521447
3.10
nthreads: 1 colors: 15 vertices: 169 edges 3328 colors_table: () bestIndex: 41 seed: 1135521451
2.12
nthreads: 1 colors: 15 vertices: 169 edges 3328 colors_table: () bestIndex: 41 seed: 1135521454
2.13
nthreads: 1 colors: 15 vertices: 169 edges 3328 colors_table: () bestIndex: 41 seed: 1135521458
2.17
nthreads: 1 colors: 15 vertices: 169 edges 3328 colors_table: () bestIndex: 41 seed: 1135521461
2.12
nthreads: 1 colors: 15 vertices: 169 edges 3328 colors_table: () bestIndex: 41 seed: 1135521464
2.12
nthreads: 1 colors: 14 vertices: 169 edges 3328 colors_table: () bestIndex: 287 seed: 1135521467
3.18
nthreads: 1 colors: 15 vertices: 169 edges 3328 colors_table: () bestIndex: 41 seed: 1135521471
2.13
nthreads: 1 colors: 15 vertices: 169 edges 3328 colors_table: () bestIndex: 41 seed: 1135521474
2.18
nthreads: 1 colors: 14 vertices: 169 edges 3328 colors_table: () bestIndex: 185 seed: 1135521478
2.78
nthreads: 1 colors: 15 vertices: 169 edges 3328 colors_table: () bestIndex: 41 seed: 1135521481
2.11
nthreads: 1 colors: 15 vertices: 169 edges 3328 colors_table: () bestIndex: 41 seed: 1135521484
2.12
nthreads: 1 colors: 15 vertices: 169 edges 3328 colors_table: () bestIndex: 41 seed: 1135521488
2.15
nthreads: 1 colors: 14 vertices: 169 edges 3328 colors_table: () bestIndex: 193 seed: 1135521491
2.82
nthreads: 1 colors: 15 vertices: 169 edges 3328 colors_table: () bestIndex: 41 seed: 1135521495
2.13
nthreads: 1 colors: 14 vertices: 169 edges 3328 colors_table: () bestIndex: 83 seed: 1135521498
2.37
nthreads: 1 colors: 14 vertices: 169 edges 3328 colors_table: () bestIndex: 341 seed: 1135521501
3.33
