queen11_11.col.b n_loops: 100 n_threads: 1
Sun Dec 25 09:24:05 EST 2005 /home/thanhvu/nfs/Classic/1225_SameAsPATCHONLY_w_somechangestoprintSol/LogGCP100//1135498061/queen11_11.col.b_1135520645.log
Single e3308cd38d8c5eb9b3fc1f01b7fcc13b /home/thanhvu/nfs/Classic/1225_SameAsPATCHONLY_w_somechangestoprintSol/a.out
nthreads: 1 colors: 12 vertices: 121 edges 1980 colors_table: () bestIndex: 126 seed: 1135520645
1.28
nthreads: 1 colors: 13 vertices: 121 edges 1980 colors_table: () bestIndex: 41 seed: 1135520647
1.01
nthreads: 1 colors: 12 vertices: 121 edges 1980 colors_table: () bestIndex: 102 seed: 1135520649
1.24
nthreads: 1 colors: 13 vertices: 121 edges 1980 colors_table: () bestIndex: 41 seed: 1135520652
1.00
nthreads: 1 colors: 12 vertices: 121 edges 1980 colors_table: () bestIndex: 94 seed: 1135520654
1.20
nthreads: 1 colors: 12 vertices: 121 edges 1980 colors_table: () bestIndex: 332 seed: 1135520656
1.78
nthreads: 1 colors: 12 vertices: 121 edges 1980 colors_table: () bestIndex: 86 seed: 1135520659
1.19
nthreads: 1 colors: 12 vertices: 121 edges 1980 colors_table: () bestIndex: 157 seed: 1135520661
1.35
nthreads: 1 colors: 12 vertices: 121 edges 1980 colors_table: () bestIndex: 142 seed: 1135520663
1.31
nthreads: 1 colors: 13 vertices: 121 edges 1980 colors_table: () bestIndex: 41 seed: 1135520665
1.01
nthreads: 1 colors: 13 vertices: 121 edges 1980 colors_table: () bestIndex: 41 seed: 1135520667
1.01
nthreads: 1 colors: 12 vertices: 121 edges 1980 colors_table: () bestIndex: 269 seed: 1135520670
1.62
nthreads: 1 colors: 12 vertices: 121 edges 1980 colors_table: () bestIndex: 122 seed: 1135520672
1.27
nthreads: 1 colors: 12 vertices: 121 edges 1980 colors_table: () bestIndex: 170 seed: 1135520674
1.38
nthreads: 1 colors: 12 vertices: 121 edges 1980 colors_table: () bestIndex: 312 seed: 1135520677
1.76
nthreads: 1 colors: 12 vertices: 121 edges 1980 colors_table: () bestIndex: 398 seed: 1135520680
1.83
nthreads: 1 colors: 12 vertices: 121 edges 1980 colors_table: () bestIndex: 100 seed: 1135520682
1.22
nthreads: 1 colors: 12 vertices: 121 edges 1980 colors_table: () bestIndex: 205 seed: 1135520685
1.48
nthreads: 1 colors: 12 vertices: 121 edges 1980 colors_table: () bestIndex: 157 seed: 1135520687
1.36
nthreads: 1 colors: 13 vertices: 121 edges 1980 colors_table: () bestIndex: 41 seed: 1135520690
1.01
nthreads: 1 colors: 12 vertices: 121 edges 1980 colors_table: () bestIndex: 93 seed: 1135520692
1.19
nthreads: 1 colors: 12 vertices: 121 edges 1980 colors_table: () bestIndex: 300 seed: 1135520694
1.69
nthreads: 1 colors: 12 vertices: 121 edges 1980 colors_table: () bestIndex: 207 seed: 1135520697
1.49
nthreads: 1 colors: 12 vertices: 121 edges 1980 colors_table: () bestIndex: 119 seed: 1135520699
1.27
nthreads: 1 colors: 13 vertices: 121 edges 1980 colors_table: () bestIndex: 41 seed: 1135520701
1.01
nthreads: 1 colors: 12 vertices: 121 edges 1980 colors_table: () bestIndex: 278 seed: 1135520703
1.66
nthreads: 1 colors: 12 vertices: 121 edges 1980 colors_table: () bestIndex: 66 seed: 1135520706
1.13
nthreads: 1 colors: 12 vertices: 121 edges 1980 colors_table: () bestIndex: 355 seed: 1135520708
1.84
nthreads: 1 colors: 13 vertices: 121 edges 1980 colors_table: () bestIndex: 41 seed: 1135520711
1.01
nthreads: 1 colors: 12 vertices: 121 edges 1980 colors_table: () bestIndex: 159 seed: 1135520713
1.36
nthreads: 1 colors: 12 vertices: 121 edges 1980 colors_table: () bestIndex: 130 seed: 1135520715
1.28
nthreads: 1 colors: 12 vertices: 121 edges 1980 colors_table: () bestIndex: 181 seed: 1135520718
1.41
nthreads: 1 colors: 12 vertices: 121 edges 1980 colors_table: () bestIndex: 202 seed: 1135520720
1.48
nthreads: 1 colors: 13 vertices: 121 edges 1980 colors_table: () bestIndex: 41 seed: 1135520723
1.01
nthreads: 1 colors: 12 vertices: 121 edges 1980 colors_table: () bestIndex: 205 seed: 1135520725
1.48
nthreads: 1 colors: 12 vertices: 121 edges 1980 colors_table: () bestIndex: 189 seed: 1135520727
1.44
nthreads: 1 colors: 13 vertices: 121 edges 1980 colors_table: () bestIndex: 41 seed: 1135520730
1.01
nthreads: 1 colors: 12 vertices: 121 edges 1980 colors_table: () bestIndex: 75 seed: 1135520732
1.18
nthreads: 1 colors: 12 vertices: 121 edges 1980 colors_table: () bestIndex: 305 seed: 1135520734
1.71
nthreads: 1 colors: 12 vertices: 121 edges 1980 colors_table: () bestIndex: 388 seed: 1135520737
1.85
nthreads: 1 colors: 12 vertices: 121 edges 1980 colors_table: () bestIndex: 263 seed: 1135520739
1.61
nthreads: 1 colors: 13 vertices: 121 edges 1980 colors_table: () bestIndex: 41 seed: 1135520742
1.01
nthreads: 1 colors: 12 vertices: 121 edges 1980 colors_table: () bestIndex: 324 seed: 1135520744
1.75
nthreads: 1 colors: 13 vertices: 121 edges 1980 colors_table: () bestIndex: 41 seed: 1135520747
1.01
nthreads: 1 colors: 13 vertices: 121 edges 1980 colors_table: () bestIndex: 41 seed: 1135520749
1.01
nthreads: 1 colors: 13 vertices: 121 edges 1980 colors_table: () bestIndex: 41 seed: 1135520751
1.00
nthreads: 1 colors: 12 vertices: 121 edges 1980 colors_table: () bestIndex: 260 seed: 1135520753
1.62
nthreads: 1 colors: 12 vertices: 121 edges 1980 colors_table: () bestIndex: 289 seed: 1135520756
1.68
nthreads: 1 colors: 12 vertices: 121 edges 1980 colors_table: () bestIndex: 130 seed: 1135520758
1.29
nthreads: 1 colors: 12 vertices: 121 edges 1980 colors_table: () bestIndex: 248 seed: 1135520761
1.58
nthreads: 1 colors: 12 vertices: 121 edges 1980 colors_table: () bestIndex: 62 seed: 1135520763
1.13
nthreads: 1 colors: 12 vertices: 121 edges 1980 colors_table: () bestIndex: 60 seed: 1135520765
1.11
nthreads: 1 colors: 12 vertices: 121 edges 1980 colors_table: () bestIndex: 235 seed: 1135520768
1.55
nthreads: 1 colors: 13 vertices: 121 edges 1980 colors_table: () bestIndex: 41 seed: 1135520770
1.00
nthreads: 1 colors: 13 vertices: 121 edges 1980 colors_table: () bestIndex: 41 seed: 1135520772
1.01
nthreads: 1 colors: 12 vertices: 121 edges 1980 colors_table: () bestIndex: 125 seed: 1135520774
1.27
nthreads: 1 colors: 12 vertices: 121 edges 1980 colors_table: () bestIndex: 277 seed: 1135520776
1.65
nthreads: 1 colors: 12 vertices: 121 edges 1980 colors_table: () bestIndex: 148 seed: 1135520779
1.34
nthreads: 1 colors: 12 vertices: 121 edges 1980 colors_table: () bestIndex: 58 seed: 1135520782
1.11
nthreads: 1 colors: 12 vertices: 121 edges 1980 colors_table: () bestIndex: 51 seed: 1135520784
1.10
nthreads: 1 colors: 12 vertices: 121 edges 1980 colors_table: () bestIndex: 234 seed: 1135520786
1.54
nthreads: 1 colors: 13 vertices: 121 edges 1980 colors_table: () bestIndex: 41 seed: 1135520788
1.01
nthreads: 1 colors: 12 vertices: 121 edges 1980 colors_table: () bestIndex: 172 seed: 1135520790
1.39
nthreads: 1 colors: 12 vertices: 121 edges 1980 colors_table: () bestIndex: 314 seed: 1135520793
1.75
nthreads: 1 colors: 12 vertices: 121 edges 1980 colors_table: () bestIndex: 297 seed: 1135520796
1.69
nthreads: 1 colors: 12 vertices: 121 edges 1980 colors_table: () bestIndex: 59 seed: 1135520798
1.12
nthreads: 1 colors: 12 vertices: 121 edges 1980 colors_table: () bestIndex: 85 seed: 1135520800
1.18
nthreads: 1 colors: 12 vertices: 121 edges 1980 colors_table: () bestIndex: 386 seed: 1135520803
1.85
nthreads: 1 colors: 12 vertices: 121 edges 1980 colors_table: () bestIndex: 215 seed: 1135520805
1.51
nthreads: 1 colors: 12 vertices: 121 edges 1980 colors_table: () bestIndex: 87 seed: 1135520808
1.18
nthreads: 1 colors: 12 vertices: 121 edges 1980 colors_table: () bestIndex: 307 seed: 1135520810
1.72
nthreads: 1 colors: 13 vertices: 121 edges 1980 colors_table: () bestIndex: 41 seed: 1135520813
1.02
nthreads: 1 colors: 12 vertices: 121 edges 1980 colors_table: () bestIndex: 75 seed: 1135520815
1.16
nthreads: 1 colors: 12 vertices: 121 edges 1980 colors_table: () bestIndex: 248 seed: 1135520817
1.59
nthreads: 1 colors: 12 vertices: 121 edges 1980 colors_table: () bestIndex: 346 seed: 1135520820
1.83
nthreads: 1 colors: 12 vertices: 121 edges 1980 colors_table: () bestIndex: 89 seed: 1135520823
1.20
nthreads: 1 colors: 12 vertices: 121 edges 1980 colors_table: () bestIndex: 24 seed: 1135520825
1.03
nthreads: 1 colors: 12 vertices: 121 edges 1980 colors_table: () bestIndex: 145 seed: 1135520827
1.35
nthreads: 1 colors: 13 vertices: 121 edges 1980 colors_table: () bestIndex: 41 seed: 1135520829
1.01
nthreads: 1 colors: 12 vertices: 121 edges 1980 colors_table: () bestIndex: 165 seed: 1135520831
1.39
nthreads: 1 colors: 12 vertices: 121 edges 1980 colors_table: () bestIndex: 149 seed: 1135520834
1.33
nthreads: 1 colors: 12 vertices: 121 edges 1980 colors_table: () bestIndex: 139 seed: 1135520836
1.33
nthreads: 1 colors: 12 vertices: 121 edges 1980 colors_table: () bestIndex: 232 seed: 1135520838
1.55
nthreads: 1 colors: 12 vertices: 121 edges 1980 colors_table: () bestIndex: 336 seed: 1135520841
1.80
nthreads: 1 colors: 13 vertices: 121 edges 1980 colors_table: () bestIndex: 41 seed: 1135520844
1.02
nthreads: 1 colors: 12 vertices: 121 edges 1980 colors_table: () bestIndex: 70 seed: 1135520846
1.14
nthreads: 1 colors: 13 vertices: 121 edges 1980 colors_table: () bestIndex: 41 seed: 1135520848
1.02
nthreads: 1 colors: 13 vertices: 121 edges 1980 colors_table: () bestIndex: 41 seed: 1135520850
1.00
nthreads: 1 colors: 12 vertices: 121 edges 1980 colors_table: () bestIndex: 245 seed: 1135520852
1.58
nthreads: 1 colors: 12 vertices: 121 edges 1980 colors_table: () bestIndex: 165 seed: 1135520855
1.37
nthreads: 1 colors: 12 vertices: 121 edges 1980 colors_table: () bestIndex: 346 seed: 1135520857
1.81
nthreads: 1 colors: 12 vertices: 121 edges 1980 colors_table: () bestIndex: 209 seed: 1135520860
1.48
nthreads: 1 colors: 12 vertices: 121 edges 1980 colors_table: () bestIndex: 124 seed: 1135520862
1.26
nthreads: 1 colors: 12 vertices: 121 edges 1980 colors_table: () bestIndex: 353 seed: 1135520865
1.82
nthreads: 1 colors: 12 vertices: 121 edges 1980 colors_table: () bestIndex: 128 seed: 1135520867
1.26
nthreads: 1 colors: 12 vertices: 121 edges 1980 colors_table: () bestIndex: 89 seed: 1135520870
1.19
nthreads: 1 colors: 12 vertices: 121 edges 1980 colors_table: () bestIndex: 71 seed: 1135520872
1.13
nthreads: 1 colors: 12 vertices: 121 edges 1980 colors_table: () bestIndex: 320 seed: 1135520874
1.75
nthreads: 1 colors: 12 vertices: 121 edges 1980 colors_table: () bestIndex: 152 seed: 1135520877
1.34
nthreads: 1 colors: 12 vertices: 121 edges 1980 colors_table: () bestIndex: 153 seed: 1135520879
1.34
