DSJR500.5.col.b n_loops: 100 n_threads: 1
Mon Dec 26 09:53:37 EST 2005 /home/thanhvu/nfs/Classic/1225_SameAsPATCHONLY_w_somechangestoprintSol/LogGCP100//1135593312/DSJR500.5.col.b_1135608817.log
Single d3a7a28dc135f0b36561db62108f957a /home/thanhvu/nfs/Classic/1225_SameAsPATCHONLY_w_somechangestoprintSol/a1.out
nthreads: 1 colors: 129 vertices: 500 edges 58862 colors_table: () bestIndex: 1543 seed: 1135608817
129.72
nthreads: 1 colors: 130 vertices: 500 edges 58862 colors_table: () bestIndex: 742 seed: 1135608948
97.08
nthreads: 1 colors: 130 vertices: 500 edges 58862 colors_table: () bestIndex: 760 seed: 1135609046
97.88
nthreads: 1 colors: 129 vertices: 500 edges 58862 colors_table: () bestIndex: 969 seed: 1135609145
107.46
nthreads: 1 colors: 130 vertices: 500 edges 58862 colors_table: () bestIndex: 790 seed: 1135609253
98.83
nthreads: 1 colors: 129 vertices: 500 edges 58862 colors_table: () bestIndex: 1491 seed: 1135609353
129.39
nthreads: 1 colors: 129 vertices: 500 edges 58862 colors_table: () bestIndex: 1347 seed: 1135609484
123.39
nthreads: 1 colors: 130 vertices: 500 edges 58862 colors_table: () bestIndex: 935 seed: 1135609608
105.10
nthreads: 1 colors: 129 vertices: 500 edges 58862 colors_table: () bestIndex: 2346 seed: 1135609714
129.11
nthreads: 1 colors: 129 vertices: 500 edges 58862 colors_table: () bestIndex: 2294 seed: 1135609844
129.45
nthreads: 1 colors: 129 vertices: 500 edges 58862 colors_table: () bestIndex: 1881 seed: 1135609975
129.51
nthreads: 1 colors: 130 vertices: 500 edges 58862 colors_table: () bestIndex: 1361 seed: 1135610105
123.17
nthreads: 1 colors: 129 vertices: 500 edges 58862 colors_table: () bestIndex: 1392 seed: 1135610230
125.46
nthreads: 1 colors: 129 vertices: 500 edges 58862 colors_table: () bestIndex: 2083 seed: 1135610356
129.69
nthreads: 1 colors: 130 vertices: 500 edges 58862 colors_table: () bestIndex: 1225 seed: 1135610487
117.27
nthreads: 1 colors: 130 vertices: 500 edges 58862 colors_table: () bestIndex: 843 seed: 1135610605
101.35
nthreads: 1 colors: 129 vertices: 500 edges 58862 colors_table: () bestIndex: 1131 seed: 1135610707
114.10
nthreads: 1 colors: 129 vertices: 500 edges 58862 colors_table: () bestIndex: 986 seed: 1135610822
108.18
nthreads: 1 colors: 129 vertices: 500 edges 58862 colors_table: () bestIndex: 1729 seed: 1135610932
129.82
nthreads: 1 colors: 130 vertices: 500 edges 58862 colors_table: () bestIndex: 993 seed: 1135611063
107.52
nthreads: 1 colors: 129 vertices: 500 edges 58862 colors_table: () bestIndex: 1752 seed: 1135611171
129.84
nthreads: 1 colors: 129 vertices: 500 edges 58862 colors_table: () bestIndex: 890 seed: 1135611302
103.89
nthreads: 1 colors: 130 vertices: 500 edges 58862 colors_table: () bestIndex: 919 seed: 1135611407
104.48
nthreads: 1 colors: 129 vertices: 500 edges 58862 colors_table: () bestIndex: 1020 seed: 1135611512
109.26
nthreads: 1 colors: 130 vertices: 500 edges 58862 colors_table: () bestIndex: 892 seed: 1135611623
103.38
nthreads: 1 colors: 130 vertices: 500 edges 58862 colors_table: () bestIndex: 849 seed: 1135611727
101.56
nthreads: 1 colors: 129 vertices: 500 edges 58862 colors_table: () bestIndex: 1237 seed: 1135611830
118.68
nthreads: 1 colors: 129 vertices: 500 edges 58862 colors_table: () bestIndex: 1008 seed: 1135611949
108.80
nthreads: 1 colors: 130 vertices: 500 edges 58862 colors_table: () bestIndex: 774 seed: 1135612059
98.09
nthreads: 1 colors: 129 vertices: 500 edges 58862 colors_table: () bestIndex: 1518 seed: 1135612158
129.59
nthreads: 1 colors: 130 vertices: 500 edges 58862 colors_table: () bestIndex: 892 seed: 1135612289
103.20
nthreads: 1 colors: 129 vertices: 500 edges 58862 colors_table: () bestIndex: 1072 seed: 1135612393
111.66
nthreads: 1 colors: 129 vertices: 500 edges 58862 colors_table: () bestIndex: 1683 seed: 1135612506
129.96
nthreads: 1 colors: 129 vertices: 500 edges 58862 colors_table: () bestIndex: 816 seed: 1135612637
100.92
nthreads: 1 colors: 130 vertices: 500 edges 58862 colors_table: () bestIndex: 907 seed: 1135612739
104.16
nthreads: 1 colors: 129 vertices: 500 edges 58862 colors_table: () bestIndex: 817 seed: 1135612844
100.77
nthreads: 1 colors: 129 vertices: 500 edges 58862 colors_table: () bestIndex: 835 seed: 1135612946
101.31
nthreads: 1 colors: 129 vertices: 500 edges 58862 colors_table: () bestIndex: 1969 seed: 1135613048
129.86
nthreads: 1 colors: 129 vertices: 500 edges 58862 colors_table: () bestIndex: 1053 seed: 1135613179
110.61
nthreads: 1 colors: 129 vertices: 500 edges 58862 colors_table: () bestIndex: 1241 seed: 1135613290
118.96
nthreads: 1 colors: 129 vertices: 500 edges 58862 colors_table: () bestIndex: 805 seed: 1135613410
100.35
nthreads: 1 colors: 129 vertices: 500 edges 58862 colors_table: () bestIndex: 887 seed: 1135613512
103.72
nthreads: 1 colors: 130 vertices: 500 edges 58862 colors_table: () bestIndex: 789 seed: 1135613617
99.17
nthreads: 1 colors: 130 vertices: 500 edges 58862 colors_table: () bestIndex: 835 seed: 1135613717
101.02
nthreads: 1 colors: 129 vertices: 500 edges 58862 colors_table: () bestIndex: 1117 seed: 1135613819
113.56
nthreads: 1 colors: 129 vertices: 500 edges 58862 colors_table: () bestIndex: 1838 seed: 1135613933
129.68
nthreads: 1 colors: 129 vertices: 500 edges 58862 colors_table: () bestIndex: 2087 seed: 1135614064
129.51
nthreads: 1 colors: 129 vertices: 500 edges 58862 colors_table: () bestIndex: 1040 seed: 1135614195
110.14
nthreads: 1 colors: 129 vertices: 500 edges 58862 colors_table: () bestIndex: 1068 seed: 1135614306
111.59
nthreads: 1 colors: 129 vertices: 500 edges 58862 colors_table: () bestIndex: 1014 seed: 1135614418
108.88
nthreads: 1 colors: 129 vertices: 500 edges 58862 colors_table: () bestIndex: 1376 seed: 1135614528
124.51
nthreads: 1 colors: 129 vertices: 500 edges 58862 colors_table: () bestIndex: 1683 seed: 1135614654
129.81
nthreads: 1 colors: 129 vertices: 500 edges 58862 colors_table: () bestIndex: 1161 seed: 1135614785
115.16
nthreads: 1 colors: 129 vertices: 500 edges 58862 colors_table: () bestIndex: 735 seed: 1135614901
97.20
nthreads: 1 colors: 130 vertices: 500 edges 58862 colors_table: () bestIndex: 835 seed: 1135614999
100.97
nthreads: 1 colors: 129 vertices: 500 edges 58862 colors_table: () bestIndex: 1304 seed: 1135615101
121.45
nthreads: 1 colors: 129 vertices: 500 edges 58862 colors_table: () bestIndex: 848 seed: 1135615223
102.07
nthreads: 1 colors: 130 vertices: 500 edges 58862 colors_table: () bestIndex: 908 seed: 1135615327
103.92
nthreads: 1 colors: 129 vertices: 500 edges 58862 colors_table: () bestIndex: 1518 seed: 1135615432
129.93
nthreads: 1 colors: 130 vertices: 500 edges 58862 colors_table: () bestIndex: 1125 seed: 1135615562
112.97
nthreads: 1 colors: 129 vertices: 500 edges 58862 colors_table: () bestIndex: 1500 seed: 1135615676
129.92
nthreads: 1 colors: 130 vertices: 500 edges 58862 colors_table: () bestIndex: 827 seed: 1135615807
100.68
nthreads: 1 colors: 129 vertices: 500 edges 58862 colors_table: () bestIndex: 1009 seed: 1135615909
108.77
nthreads: 1 colors: 129 vertices: 500 edges 58862 colors_table: () bestIndex: 1406 seed: 1135616019
125.76
nthreads: 1 colors: 130 vertices: 500 edges 58862 colors_table: () bestIndex: 741 seed: 1135616146
96.93
nthreads: 1 colors: 129 vertices: 500 edges 58862 colors_table: () bestIndex: 1595 seed: 1135616244
128.73
nthreads: 1 colors: 129 vertices: 500 edges 58862 colors_table: () bestIndex: 2187 seed: 1135616373
129.71
nthreads: 1 colors: 129 vertices: 500 edges 58862 colors_table: () bestIndex: 1181 seed: 1135616504
116.30
nthreads: 1 colors: 128 vertices: 500 edges 58862 colors_table: () bestIndex: 1840 seed: 1135616621
130.29
nthreads: 1 colors: 129 vertices: 500 edges 58862 colors_table: () bestIndex: 872 seed: 1135616753
103.15
nthreads: 1 colors: 129 vertices: 500 edges 58862 colors_table: () bestIndex: 2135 seed: 1135616857
129.37
nthreads: 1 colors: 130 vertices: 500 edges 58862 colors_table: () bestIndex: 1010 seed: 1135616987
108.46
nthreads: 1 colors: 130 vertices: 500 edges 58862 colors_table: () bestIndex: 910 seed: 1135617097
104.27
nthreads: 1 colors: 129 vertices: 500 edges 58862 colors_table: () bestIndex: 1215 seed: 1135617202
117.81
nthreads: 1 colors: 129 vertices: 500 edges 58862 colors_table: () bestIndex: 1362 seed: 1135617321
123.68
nthreads: 1 colors: 129 vertices: 500 edges 58862 colors_table: () bestIndex: 1824 seed: 1135617446
129.69
nthreads: 1 colors: 129 vertices: 500 edges 58862 colors_table: () bestIndex: 1042 seed: 1135617576
110.21
nthreads: 1 colors: 129 vertices: 500 edges 58862 colors_table: () bestIndex: 2184 seed: 1135617688
129.16
nthreads: 1 colors: 130 vertices: 500 edges 58862 colors_table: () bestIndex: 821 seed: 1135617818
100.23
nthreads: 1 colors: 129 vertices: 500 edges 58862 colors_table: () bestIndex: 1717 seed: 1135617919
129.80
nthreads: 1 colors: 130 vertices: 500 edges 58862 colors_table: () bestIndex: 821 seed: 1135618050
100.12
nthreads: 1 colors: 129 vertices: 500 edges 58862 colors_table: () bestIndex: 1539 seed: 1135618151
129.79
nthreads: 1 colors: 129 vertices: 500 edges 58862 colors_table: () bestIndex: 1015 seed: 1135618282
109.16
nthreads: 1 colors: 129 vertices: 500 edges 58862 colors_table: () bestIndex: 1742 seed: 1135618392
129.98
nthreads: 1 colors: 129 vertices: 500 edges 58862 colors_table: () bestIndex: 1257 seed: 1135618523
119.63
nthreads: 1 colors: 129 vertices: 500 edges 58862 colors_table: () bestIndex: 955 seed: 1135618644
106.64
nthreads: 1 colors: 129 vertices: 500 edges 58862 colors_table: () bestIndex: 1404 seed: 1135618751
125.94
nthreads: 1 colors: 130 vertices: 500 edges 58862 colors_table: () bestIndex: 800 seed: 1135618878
99.26
nthreads: 1 colors: 130 vertices: 500 edges 58862 colors_table: () bestIndex: 786 seed: 1135618978
98.53
nthreads: 1 colors: 129 vertices: 500 edges 58862 colors_table: () bestIndex: 2494 seed: 1135619078
129.01
nthreads: 1 colors: 129 vertices: 500 edges 58862 colors_table: () bestIndex: 1308 seed: 1135619208
121.73
nthreads: 1 colors: 129 vertices: 500 edges 58862 colors_table: () bestIndex: 1111 seed: 1135619331
113.42
nthreads: 1 colors: 129 vertices: 500 edges 58862 colors_table: () bestIndex: 2254 seed: 1135619445
129.62
nthreads: 1 colors: 129 vertices: 500 edges 58862 colors_table: () bestIndex: 1125 seed: 1135619576
113.73
nthreads: 1 colors: 129 vertices: 500 edges 58862 colors_table: () bestIndex: 848 seed: 1135619691
102.37
nthreads: 1 colors: 129 vertices: 500 edges 58862 colors_table: () bestIndex: 1240 seed: 1135619794
118.91
nthreads: 1 colors: 129 vertices: 500 edges 58862 colors_table: () bestIndex: 1730 seed: 1135619914
130.11
nthreads: 1 colors: 129 vertices: 500 edges 58862 colors_table: () bestIndex: 1558 seed: 1135620045
129.92
nthreads: 1 colors: 129 vertices: 500 edges 58862 colors_table: () bestIndex: 1165 seed: 1135620176
115.79
nthreads: 1 colors: 129 vertices: 500 edges 58862 colors_table: () bestIndex: 1433 seed: 1135620293
127.22
