wap03a.col.b n_loops: 100 n_threads: 1
Sun Dec 25 06:51:46 EST 2005 /home/thanhvu/nfs/Classic/1225_SameAsPATCHONLY_w_somechangestoprintSol/LogGCP100//1135489520/wap03a.col.b_1135511506.log
Single e3308cd38d8c5eb9b3fc1f01b7fcc13b /home/thanhvu/nfs/Classic/1225_SameAsPATCHONLY_w_somechangestoprintSol/a.out
nthreads: 1 colors: 46 vertices: 4730 edges 286722 colors_table: () bestIndex: 556 seed: 1135511506
281.61
nthreads: 1 colors: 46 vertices: 4730 edges 286722 colors_table: () bestIndex: 586 seed: 1135511789
283.75
nthreads: 1 colors: 46 vertices: 4730 edges 286722 colors_table: () bestIndex: 840 seed: 1135512073
320.55
nthreads: 1 colors: 45 vertices: 4730 edges 286722 colors_table: () bestIndex: 2300 seed: 1135512395
525.77
nthreads: 1 colors: 46 vertices: 4730 edges 286722 colors_table: () bestIndex: 428 seed: 1135512922
265.78
nthreads: 1 colors: 46 vertices: 4730 edges 286722 colors_table: () bestIndex: 1151 seed: 1135513189
358.94
nthreads: 1 colors: 45 vertices: 4730 edges 286722 colors_table: () bestIndex: 1058 seed: 1135513549
362.93
nthreads: 1 colors: 46 vertices: 4730 edges 286722 colors_table: () bestIndex: 293 seed: 1135513913
243.45
nthreads: 1 colors: 46 vertices: 4730 edges 286722 colors_table: () bestIndex: 789 seed: 1135514157
309.75
nthreads: 1 colors: 46 vertices: 4730 edges 286722 colors_table: () bestIndex: 936 seed: 1135514468
329.09
nthreads: 1 colors: 46 vertices: 4730 edges 286722 colors_table: () bestIndex: 619 seed: 1135514798
292.39
nthreads: 1 colors: 46 vertices: 4730 edges 286722 colors_table: () bestIndex: 335 seed: 1135515091
250.70
nthreads: 1 colors: 46 vertices: 4730 edges 286722 colors_table: () bestIndex: 402 seed: 1135515343
266.54
nthreads: 1 colors: 46 vertices: 4730 edges 286722 colors_table: () bestIndex: 328 seed: 1135515611
256.72
nthreads: 1 colors: 46 vertices: 4730 edges 286722 colors_table: () bestIndex: 334 seed: 1135515868
251.36
nthreads: 1 colors: 46 vertices: 4730 edges 286722 colors_table: () bestIndex: 373 seed: 1135516121
259.58
nthreads: 1 colors: 47 vertices: 4730 edges 286722 colors_table: () bestIndex: 280 seed: 1135516381
238.26
nthreads: 1 colors: 47 vertices: 4730 edges 286722 colors_table: () bestIndex: 791 seed: 1135516621
305.30
nthreads: 1 colors: 46 vertices: 4730 edges 286722 colors_table: () bestIndex: 477 seed: 1135516927
270.66
nthreads: 1 colors: 45 vertices: 4730 edges 286722 colors_table: () bestIndex: 2003 seed: 1135517199
493.87
nthreads: 1 colors: 46 vertices: 4730 edges 286722 colors_table: () bestIndex: 1885 seed: 1135517693
459.38
nthreads: 1 colors: 45 vertices: 4730 edges 286722 colors_table: () bestIndex: 1626 seed: 1135518154
434.78
nthreads: 1 colors: 46 vertices: 4730 edges 286722 colors_table: () bestIndex: 360 seed: 1135518590
256.14
nthreads: 1 colors: 46 vertices: 4730 edges 286722 colors_table: () bestIndex: 1738 seed: 1135518847
436.03
nthreads: 1 colors: 46 vertices: 4730 edges 286722 colors_table: () bestIndex: 1294 seed: 1135519284
377.87
nthreads: 1 colors: 46 vertices: 4730 edges 286722 colors_table: () bestIndex: 699 seed: 1135519663
296.92
nthreads: 1 colors: 47 vertices: 4730 edges 286722 colors_table: () bestIndex: 284 seed: 1135519961
239.78
nthreads: 1 colors: 46 vertices: 4730 edges 286722 colors_table: () bestIndex: 1712 seed: 1135520202
438.44
nthreads: 1 colors: 46 vertices: 4730 edges 286722 colors_table: () bestIndex: 788 seed: 1135520641
314.41
nthreads: 1 colors: 46 vertices: 4730 edges 286722 colors_table: () bestIndex: 959 seed: 1135520956
337.30
nthreads: 1 colors: 46 vertices: 4730 edges 286722 colors_table: () bestIndex: 742 seed: 1135521295
307.42
nthreads: 1 colors: 47 vertices: 4730 edges 286722 colors_table: () bestIndex: 645 seed: 1135521603
287.20
nthreads: 1 colors: 46 vertices: 4730 edges 286722 colors_table: () bestIndex: 387 seed: 1135521891
257.03
nthreads: 1 colors: 47 vertices: 4730 edges 286722 colors_table: () bestIndex: 211 seed: 1135522149
231.61
nthreads: 1 colors: 46 vertices: 4730 edges 286722 colors_table: () bestIndex: 313 seed: 1135522382
257.36
nthreads: 1 colors: 46 vertices: 4730 edges 286722 colors_table: () bestIndex: 1396 seed: 1135522640
397.77
nthreads: 1 colors: 46 vertices: 4730 edges 286722 colors_table: () bestIndex: 1488 seed: 1135523039
401.62
nthreads: 1 colors: 45 vertices: 4730 edges 286722 colors_table: () bestIndex: 1703 seed: 1135523442
448.24
nthreads: 1 colors: 46 vertices: 4730 edges 286722 colors_table: () bestIndex: 360 seed: 1135523891
258.00
nthreads: 1 colors: 46 vertices: 4730 edges 286722 colors_table: () bestIndex: 474 seed: 1135524150
267.58
nthreads: 1 colors: 46 vertices: 4730 edges 286722 colors_table: () bestIndex: 1283 seed: 1135524419
381.45
nthreads: 1 colors: 46 vertices: 4730 edges 286722 colors_table: () bestIndex: 1453 seed: 1135524801
405.69
nthreads: 1 colors: 46 vertices: 4730 edges 286722 colors_table: () bestIndex: 1251 seed: 1135525208
373.37
nthreads: 1 colors: 47 vertices: 4730 edges 286722 colors_table: () bestIndex: 428 seed: 1135525582
261.87
nthreads: 1 colors: 46 vertices: 4730 edges 286722 colors_table: () bestIndex: 540 seed: 1135525845
282.52
nthreads: 1 colors: 46 vertices: 4730 edges 286722 colors_table: () bestIndex: 1339 seed: 1135526129
388.67
nthreads: 1 colors: 46 vertices: 4730 edges 286722 colors_table: () bestIndex: 1206 seed: 1135526518
369.49
nthreads: 1 colors: 46 vertices: 4730 edges 286722 colors_table: () bestIndex: 1233 seed: 1135526889
372.63
nthreads: 1 colors: 46 vertices: 4730 edges 286722 colors_table: () bestIndex: 360 seed: 1135527263
258.90
nthreads: 1 colors: 45 vertices: 4730 edges 286722 colors_table: () bestIndex: 1641 seed: 1135527523
440.70
nthreads: 1 colors: 45 vertices: 4730 edges 286722 colors_table: () bestIndex: 1935 seed: 1135527964
485.91
nthreads: 1 colors: 46 vertices: 4730 edges 286722 colors_table: () bestIndex: 403 seed: 1135528451
257.78
nthreads: 1 colors: 46 vertices: 4730 edges 286722 colors_table: () bestIndex: 1324 seed: 1135528710
387.30
nthreads: 1 colors: 45 vertices: 4730 edges 286722 colors_table: () bestIndex: 1810 seed: 1135529098
469.00
nthreads: 1 colors: 46 vertices: 4730 edges 286722 colors_table: () bestIndex: 315 seed: 1135529568
251.44
nthreads: 1 colors: 46 vertices: 4730 edges 286722 colors_table: () bestIndex: 730 seed: 1135529821
304.36
nthreads: 1 colors: 47 vertices: 4730 edges 286722 colors_table: () bestIndex: 909 seed: 1135530126
321.55
nthreads: 1 colors: 46 vertices: 4730 edges 286722 colors_table: () bestIndex: 542 seed: 1135530449
277.42
nthreads: 1 colors: 46 vertices: 4730 edges 286722 colors_table: () bestIndex: 357 seed: 1135530727
255.15
nthreads: 1 colors: 47 vertices: 4730 edges 286722 colors_table: () bestIndex: 935 seed: 1135530983
322.47
nthreads: 1 colors: 46 vertices: 4730 edges 286722 colors_table: () bestIndex: 344 seed: 1135531307
248.93
nthreads: 1 colors: 46 vertices: 4730 edges 286722 colors_table: () bestIndex: 645 seed: 1135531557
295.50
nthreads: 1 colors: 46 vertices: 4730 edges 286722 colors_table: () bestIndex: 384 seed: 1135531853
267.95
nthreads: 1 colors: 46 vertices: 4730 edges 286722 colors_table: () bestIndex: 479 seed: 1135532122
276.06
nthreads: 1 colors: 46 vertices: 4730 edges 286722 colors_table: () bestIndex: 648 seed: 1135532399
289.64
nthreads: 1 colors: 46 vertices: 4730 edges 286722 colors_table: () bestIndex: 640 seed: 1135532690
298.10
nthreads: 1 colors: 46 vertices: 4730 edges 286722 colors_table: () bestIndex: 544 seed: 1135532989
282.93
nthreads: 1 colors: 47 vertices: 4730 edges 286722 colors_table: () bestIndex: 536 seed: 1135533273
271.05
nthreads: 1 colors: 47 vertices: 4730 edges 286722 colors_table: () bestIndex: 594 seed: 1135533545
282.47
nthreads: 1 colors: 46 vertices: 4730 edges 286722 colors_table: () bestIndex: 681 seed: 1135533829
306.33
nthreads: 1 colors: 46 vertices: 4730 edges 286722 colors_table: () bestIndex: 1105 seed: 1135534136
355.39
nthreads: 1 colors: 46 vertices: 4730 edges 286722 colors_table: () bestIndex: 390 seed: 1135534492
260.81
nthreads: 1 colors: 46 vertices: 4730 edges 286722 colors_table: () bestIndex: 754 seed: 1135534754
312.76
nthreads: 1 colors: 46 vertices: 4730 edges 286722 colors_table: () bestIndex: 1719 seed: 1135535068
432.08
nthreads: 1 colors: 46 vertices: 4730 edges 286722 colors_table: () bestIndex: 1066 seed: 1135535501
352.59
nthreads: 1 colors: 47 vertices: 4730 edges 286722 colors_table: () bestIndex: 286 seed: 1135535855
242.60
nthreads: 1 colors: 46 vertices: 4730 edges 286722 colors_table: () bestIndex: 269 seed: 1135536098
239.26
nthreads: 1 colors: 46 vertices: 4730 edges 286722 colors_table: () bestIndex: 457 seed: 1135536339
271.18
nthreads: 1 colors: 46 vertices: 4730 edges 286722 colors_table: () bestIndex: 673 seed: 1135536611
301.88
nthreads: 1 colors: 46 vertices: 4730 edges 286722 colors_table: () bestIndex: 432 seed: 1135536914
267.81
nthreads: 1 colors: 46 vertices: 4730 edges 286722 colors_table: () bestIndex: 319 seed: 1135537183
250.87
nthreads: 1 colors: 46 vertices: 4730 edges 286722 colors_table: () bestIndex: 523 seed: 1135537434
274.03
nthreads: 1 colors: 46 vertices: 4730 edges 286722 colors_table: () bestIndex: 932 seed: 1135537710
327.20
nthreads: 1 colors: 47 vertices: 4730 edges 286722 colors_table: () bestIndex: 252 seed: 1135538038
234.83
nthreads: 1 colors: 46 vertices: 4730 edges 286722 colors_table: () bestIndex: 1036 seed: 1135538274
341.36
nthreads: 1 colors: 46 vertices: 4730 edges 286722 colors_table: () bestIndex: 455 seed: 1135538616
267.16
nthreads: 1 colors: 45 vertices: 4730 edges 286722 colors_table: () bestIndex: 2045 seed: 1135538884
501.68
nthreads: 1 colors: 46 vertices: 4730 edges 286722 colors_table: () bestIndex: 1345 seed: 1135539387
389.44
nthreads: 1 colors: 46 vertices: 4730 edges 286722 colors_table: () bestIndex: 1250 seed: 1135539777
366.75
nthreads: 1 colors: 46 vertices: 4730 edges 286722 colors_table: () bestIndex: 1108 seed: 1135540145
359.12
nthreads: 1 colors: 46 vertices: 4730 edges 286722 colors_table: () bestIndex: 424 seed: 1135540505
262.47
nthreads: 1 colors: 45 vertices: 4730 edges 286722 colors_table: () bestIndex: 1442 seed: 1135540769
413.50
nthreads: 1 colors: 46 vertices: 4730 edges 286722 colors_table: () bestIndex: 540 seed: 1135541183
284.87
nthreads: 1 colors: 46 vertices: 4730 edges 286722 colors_table: () bestIndex: 425 seed: 1135541469
267.66
nthreads: 1 colors: 46 vertices: 4730 edges 286722 colors_table: () bestIndex: 401 seed: 1135541738
264.61
nthreads: 1 colors: 46 vertices: 4730 edges 286722 colors_table: () bestIndex: 898 seed: 1135542003
323.40
nthreads: 1 colors: 46 vertices: 4730 edges 286722 colors_table: () bestIndex: 715 seed: 1135542328
306.52
nthreads: 1 colors: 45 vertices: 4730 edges 286722 colors_table: () bestIndex: 1313 seed: 1135542635
403.79
nthreads: 1 colors: 46 vertices: 4730 edges 286722 colors_table: () bestIndex: 1345 seed: 1135543040
388.60
nthreads: 1 colors: 45 vertices: 4730 edges 286722 colors_table: () bestIndex: 1598 seed: 1135543430
437.69
