wap07a.col.b n_loops: 100 n_threads: 1
Mon Dec 26 03:08:21 EST 2005 /home/thanhvu/nfs/Classic/1225_SameAsPATCHONLY_w_somechangestoprintSol/LogGCP100//1135489520/wap07a.col.b_1135584500.log
Single e3308cd38d8c5eb9b3fc1f01b7fcc13b /home/thanhvu/nfs/Classic/1225_SameAsPATCHONLY_w_somechangestoprintSol/a.out
nthreads: 1 colors: 43 vertices: 1809 edges 103368 colors_table: () bestIndex: 981 seed: 1135584501
130.57
nthreads: 1 colors: 43 vertices: 1809 edges 103368 colors_table: () bestIndex: 705 seed: 1135584632
119.00
nthreads: 1 colors: 43 vertices: 1809 edges 103368 colors_table: () bestIndex: 1061 seed: 1135584752
134.63
nthreads: 1 colors: 43 vertices: 1809 edges 103368 colors_table: () bestIndex: 828 seed: 1135584888
123.78
nthreads: 1 colors: 44 vertices: 1809 edges 103368 colors_table: () bestIndex: 317 seed: 1135585013
94.32
nthreads: 1 colors: 43 vertices: 1809 edges 103368 colors_table: () bestIndex: 1391 seed: 1135585108
153.54
nthreads: 1 colors: 43 vertices: 1809 edges 103368 colors_table: () bestIndex: 884 seed: 1135585263
126.39
nthreads: 1 colors: 43 vertices: 1809 edges 103368 colors_table: () bestIndex: 460 seed: 1135585390
105.24
nthreads: 1 colors: 43 vertices: 1809 edges 103368 colors_table: () bestIndex: 847 seed: 1135585496
124.25
nthreads: 1 colors: 44 vertices: 1809 edges 103368 colors_table: () bestIndex: 433 seed: 1135585621
101.14
nthreads: 1 colors: 43 vertices: 1809 edges 103368 colors_table: () bestIndex: 1554 seed: 1135585724
161.31
nthreads: 1 colors: 43 vertices: 1809 edges 103368 colors_table: () bestIndex: 1413 seed: 1135585886
154.28
nthreads: 1 colors: 43 vertices: 1809 edges 103368 colors_table: () bestIndex: 1691 seed: 1135586041
169.03
nthreads: 1 colors: 43 vertices: 1809 edges 103368 colors_table: () bestIndex: 947 seed: 1135586211
130.19
nthreads: 1 colors: 44 vertices: 1809 edges 103368 colors_table: () bestIndex: 422 seed: 1135586342
97.71
nthreads: 1 colors: 44 vertices: 1809 edges 103368 colors_table: () bestIndex: 310 seed: 1135586441
93.83
nthreads: 1 colors: 43 vertices: 1809 edges 103368 colors_table: () bestIndex: 609 seed: 1135586536
113.47
nthreads: 1 colors: 44 vertices: 1809 edges 103368 colors_table: () bestIndex: 715 seed: 1135586651
115.66
nthreads: 1 colors: 43 vertices: 1809 edges 103368 colors_table: () bestIndex: 1434 seed: 1135586767
154.73
nthreads: 1 colors: 44 vertices: 1809 edges 103368 colors_table: () bestIndex: 447 seed: 1135586923
102.87
nthreads: 1 colors: 43 vertices: 1809 edges 103368 colors_table: () bestIndex: 1322 seed: 1135587027
148.84
nthreads: 1 colors: 43 vertices: 1809 edges 103368 colors_table: () bestIndex: 1215 seed: 1135587177
143.95
nthreads: 1 colors: 43 vertices: 1809 edges 103368 colors_table: () bestIndex: 1323 seed: 1135587322
149.47
nthreads: 1 colors: 44 vertices: 1809 edges 103368 colors_table: () bestIndex: 497 seed: 1135587472
103.37
nthreads: 1 colors: 44 vertices: 1809 edges 103368 colors_table: () bestIndex: 429 seed: 1135587577
101.05
nthreads: 1 colors: 43 vertices: 1809 edges 103368 colors_table: () bestIndex: 910 seed: 1135587679
127.41
nthreads: 1 colors: 44 vertices: 1809 edges 103368 colors_table: () bestIndex: 370 seed: 1135587807
97.87
nthreads: 1 colors: 43 vertices: 1809 edges 103368 colors_table: () bestIndex: 1502 seed: 1135587906
158.19
nthreads: 1 colors: 44 vertices: 1809 edges 103368 colors_table: () bestIndex: 352 seed: 1135588065
95.58
nthreads: 1 colors: 44 vertices: 1809 edges 103368 colors_table: () bestIndex: 356 seed: 1135588162
97.40
nthreads: 1 colors: 43 vertices: 1809 edges 103368 colors_table: () bestIndex: 1637 seed: 1135588260
165.84
nthreads: 1 colors: 43 vertices: 1809 edges 103368 colors_table: () bestIndex: 1096 seed: 1135588427
138.08
nthreads: 1 colors: 43 vertices: 1809 edges 103368 colors_table: () bestIndex: 643 seed: 1135588566
112.88
nthreads: 1 colors: 43 vertices: 1809 edges 103368 colors_table: () bestIndex: 1454 seed: 1135588680
156.65
nthreads: 1 colors: 43 vertices: 1809 edges 103368 colors_table: () bestIndex: 1472 seed: 1135588838
158.23
nthreads: 1 colors: 43 vertices: 1809 edges 103368 colors_table: () bestIndex: 1006 seed: 1135588997
132.96
nthreads: 1 colors: 43 vertices: 1809 edges 103368 colors_table: () bestIndex: 1918 seed: 1135589131
177.94
nthreads: 1 colors: 43 vertices: 1809 edges 103368 colors_table: () bestIndex: 1781 seed: 1135589310
173.22
nthreads: 1 colors: 43 vertices: 1809 edges 103368 colors_table: () bestIndex: 1577 seed: 1135589484
162.77
nthreads: 1 colors: 43 vertices: 1809 edges 103368 colors_table: () bestIndex: 1811 seed: 1135589648
176.21
nthreads: 1 colors: 43 vertices: 1809 edges 103368 colors_table: () bestIndex: 1417 seed: 1135589825
154.33
nthreads: 1 colors: 43 vertices: 1809 edges 103368 colors_table: () bestIndex: 1409 seed: 1135589981
153.55
nthreads: 1 colors: 44 vertices: 1809 edges 103368 colors_table: () bestIndex: 490 seed: 1135590135
104.82
nthreads: 1 colors: 43 vertices: 1809 edges 103368 colors_table: () bestIndex: 1483 seed: 1135590241
157.44
nthreads: 1 colors: 44 vertices: 1809 edges 103368 colors_table: () bestIndex: 364 seed: 1135590399
98.83
nthreads: 1 colors: 43 vertices: 1809 edges 103368 colors_table: () bestIndex: 1618 seed: 1135590499
166.17
nthreads: 1 colors: 43 vertices: 1809 edges 103368 colors_table: () bestIndex: 938 seed: 1135590666
129.33
nthreads: 1 colors: 43 vertices: 1809 edges 103368 colors_table: () bestIndex: 1206 seed: 1135590797
143.74
nthreads: 1 colors: 44 vertices: 1809 edges 103368 colors_table: () bestIndex: 415 seed: 1135590942
101.90
nthreads: 1 colors: 44 vertices: 1809 edges 103368 colors_table: () bestIndex: 413 seed: 1135591044
99.54
nthreads: 1 colors: 43 vertices: 1809 edges 103368 colors_table: () bestIndex: 1370 seed: 1135591145
152.85
nthreads: 1 colors: 44 vertices: 1809 edges 103368 colors_table: () bestIndex: 304 seed: 1135591299
95.22
nthreads: 1 colors: 44 vertices: 1809 edges 103368 colors_table: () bestIndex: 338 seed: 1135591395
96.85
nthreads: 1 colors: 44 vertices: 1809 edges 103368 colors_table: () bestIndex: 280 seed: 1135591493
92.89
nthreads: 1 colors: 44 vertices: 1809 edges 103368 colors_table: () bestIndex: 343 seed: 1135591587
95.92
nthreads: 1 colors: 43 vertices: 1809 edges 103368 colors_table: () bestIndex: 1263 seed: 1135591684
147.09
nthreads: 1 colors: 43 vertices: 1809 edges 103368 colors_table: () bestIndex: 979 seed: 1135591832
131.99
nthreads: 1 colors: 44 vertices: 1809 edges 103368 colors_table: () bestIndex: 448 seed: 1135591965
102.77
nthreads: 1 colors: 43 vertices: 1809 edges 103368 colors_table: () bestIndex: 1426 seed: 1135592069
156.16
nthreads: 1 colors: 43 vertices: 1809 edges 103368 colors_table: () bestIndex: 608 seed: 1135592226
111.98
nthreads: 1 colors: 44 vertices: 1809 edges 103368 colors_table: () bestIndex: 397 seed: 1135592339
98.44
nthreads: 1 colors: 44 vertices: 1809 edges 103368 colors_table: () bestIndex: 456 seed: 1135592438
103.60
nthreads: 1 colors: 44 vertices: 1809 edges 103368 colors_table: () bestIndex: 484 seed: 1135592543
103.76
nthreads: 1 colors: 43 vertices: 1809 edges 103368 colors_table: () bestIndex: 682 seed: 1135592648
115.58
nthreads: 1 colors: 43 vertices: 1809 edges 103368 colors_table: () bestIndex: 1078 seed: 1135592764
136.76
nthreads: 1 colors: 43 vertices: 1809 edges 103368 colors_table: () bestIndex: 1611 seed: 1135592902
164.91
nthreads: 1 colors: 44 vertices: 1809 edges 103368 colors_table: () bestIndex: 451 seed: 1135593068
102.49
nthreads: 1 colors: 43 vertices: 1809 edges 103368 colors_table: () bestIndex: 1347 seed: 1135593172
152.25
nthreads: 1 colors: 44 vertices: 1809 edges 103368 colors_table: () bestIndex: 504 seed: 1135593325
103.97
nthreads: 1 colors: 44 vertices: 1809 edges 103368 colors_table: () bestIndex: 396 seed: 1135593430
99.28
nthreads: 1 colors: 43 vertices: 1809 edges 103368 colors_table: () bestIndex: 1086 seed: 1135593530
135.99
nthreads: 1 colors: 44 vertices: 1809 edges 103368 colors_table: () bestIndex: 450 seed: 1135593667
103.10
nthreads: 1 colors: 43 vertices: 1809 edges 103368 colors_table: () bestIndex: 698 seed: 1135593771
116.39
nthreads: 1 colors: 43 vertices: 1809 edges 103368 colors_table: () bestIndex: 1535 seed: 1135593889
159.37
nthreads: 1 colors: 44 vertices: 1809 edges 103368 colors_table: () bestIndex: 302 seed: 1135594049
94.12
nthreads: 1 colors: 44 vertices: 1809 edges 103368 colors_table: () bestIndex: 456 seed: 1135594144
102.80
nthreads: 1 colors: 43 vertices: 1809 edges 103368 colors_table: () bestIndex: 1051 seed: 1135594248
132.49
nthreads: 1 colors: 43 vertices: 1809 edges 103368 colors_table: () bestIndex: 1797 seed: 1135594382
174.00
nthreads: 1 colors: 44 vertices: 1809 edges 103368 colors_table: () bestIndex: 435 seed: 1135594557
102.09
nthreads: 1 colors: 43 vertices: 1809 edges 103368 colors_table: () bestIndex: 907 seed: 1135594660
129.36
nthreads: 1 colors: 43 vertices: 1809 edges 103368 colors_table: () bestIndex: 1593 seed: 1135594790
163.53
nthreads: 1 colors: 43 vertices: 1809 edges 103368 colors_table: () bestIndex: 1949 seed: 1135594955
182.76
nthreads: 1 colors: 44 vertices: 1809 edges 103368 colors_table: () bestIndex: 525 seed: 1135595138
106.44
nthreads: 1 colors: 44 vertices: 1809 edges 103368 colors_table: () bestIndex: 366 seed: 1135595246
97.76
nthreads: 1 colors: 44 vertices: 1809 edges 103368 colors_table: () bestIndex: 317 seed: 1135595345
94.62
nthreads: 1 colors: 44 vertices: 1809 edges 103368 colors_table: () bestIndex: 321 seed: 1135595440
96.48
nthreads: 1 colors: 43 vertices: 1809 edges 103368 colors_table: () bestIndex: 1546 seed: 1135595538
159.92
nthreads: 1 colors: 44 vertices: 1809 edges 103368 colors_table: () bestIndex: 391 seed: 1135595699
97.02
nthreads: 1 colors: 44 vertices: 1809 edges 103368 colors_table: () bestIndex: 428 seed: 1135595797
99.82
nthreads: 1 colors: 43 vertices: 1809 edges 103368 colors_table: () bestIndex: 959 seed: 1135595898
129.81
nthreads: 1 colors: 44 vertices: 1809 edges 103368 colors_table: () bestIndex: 438 seed: 1135596029
101.74
nthreads: 1 colors: 43 vertices: 1809 edges 103368 colors_table: () bestIndex: 1334 seed: 1135596131
150.80
nthreads: 1 colors: 43 vertices: 1809 edges 103368 colors_table: () bestIndex: 1064 seed: 1135596283
133.82
nthreads: 1 colors: 44 vertices: 1809 edges 103368 colors_table: () bestIndex: 427 seed: 1135596418
101.31
nthreads: 1 colors: 43 vertices: 1809 edges 103368 colors_table: () bestIndex: 769 seed: 1135596520
120.09
nthreads: 1 colors: 44 vertices: 1809 edges 103368 colors_table: () bestIndex: 358 seed: 1135596641
97.25
nthreads: 1 colors: 44 vertices: 1809 edges 103368 colors_table: () bestIndex: 417 seed: 1135596740
100.04
nthreads: 1 colors: 44 vertices: 1809 edges 103368 colors_table: () bestIndex: 346 seed: 1135596841
95.19
nthreads: 1 colors: 43 vertices: 1809 edges 103368 colors_table: () bestIndex: 2049 seed: 1135596937
185.74
nthreads: 1 colors: 44 vertices: 1809 edges 103368 colors_table: () bestIndex: 424 seed: 1135597124
98.98
