progNameS: a.out, progNameP: a.out
input: ../BinAll/test20/1/1-FullIns_3.col.b, output: log_dir/
loop: 100, numthreads: 1
Running ../BinAll/test20/1/1-FullIns_3.col.b for 100 times, logged to log_dir//1153369650/1-FullIns_3.col.b_1153369650.log
Single w/ #threads: 1

done -> log_dir//1153369650/1-FullIns_3.col.b_1153369650.log
progNameS: a.out, progNameP: a.out
input: ../BinAll/allParts/4/4-FullIns_3.col.b, output: log_dir/
loop: 100, numthreads: 1
Running ../BinAll/allParts/4/4-FullIns_3.col.b for 100 times, logged to log_dir//1153379749/4-FullIns_3.col.b_1153379749.log
Single w/ #threads: 1
progNameS: a.out, progNameP: a.out
input: ../BinAll/allParts/2/2-FullIns_3.col.b, output: log_dir/
loop: 100, numthreads: 1
Running ../BinAll/allParts/2/2-FullIns_3.col.b for 100 times, logged to log_dir//1153377950/2-FullIns_3.col.b_1153377950.log
Single w/ #threads: 1
progNameS: a.out, progNameP: a.out
input: ../BinAll/allParts/1/1-FullIns_3.col.b, output: log_dir/
loop: 100, numthreads: 1
Running ../BinAll/allParts/1/1-FullIns_3.col.b for 100 times, logged to log_dir//1153380885/1-FullIns_3.col.b_1153380886.log
Single w/ #threads: 1

done -> log_dir//1153371131/3-FullIns_3.col.b_1153371131.log

done -> log_dir//1153377950/2-FullIns_3.col.b_1153377950.log

done -> log_dir//1153380885/1-FullIns_3.col.b_1153380886.log

done -> log_dir//1153379749/4-FullIns_3.col.b_1153379749.log
progNameS: a.out, progNameP: a.out
input: ../BinAll/allParts/1/, output: log_dir/
loop: 100, numthreads: 1
Running ../BinAll/allParts/1//1-FullIns_3.col.b for 100 times, logged to log_dir//1153381089/1-FullIns_3.col.b_1153381089.log
Single w/ #threads: 1

done -> log_dir//1153381089/1-FullIns_3.col.b_1153381089.log

Running ../BinAll/allParts/1//1-FullIns_4.col.b for 100 times, logged to log_dir//1153381089/1-FullIns_4.col.b_1153381196.log
Single w/ #threads: 1
progNameS: a.out, progNameP: a.out
input: ../BinAll/allParts/2/, output: log_dir/
loop: 100, numthreads: 1
Running ../BinAll/allParts/2//2-FullIns_3.col.b for 100 times, logged to log_dir//1153378380/2-FullIns_3.col.b_1153378381.log
Single w/ #threads: 1
progNameS: a.out, progNameP: a.out
input: ../BinAll/allParts/1/, output: log_dir/
loop: 100, numthreads: 1
Running ../BinAll/allParts/1//1-FullIns_3.col.b for 100 times, logged to log_dir//1153381331/1-FullIns_3.col.b_1153381331.log
Single w/ #threads: 1

done -> log_dir//1153378380/2-FullIns_3.col.b_1153378381.log

Running ../BinAll/allParts/2//2-FullIns_4.col.b for 100 times, logged to log_dir//1153378380/2-FullIns_4.col.b_1153378488.log
Single w/ #threads: 1

done -> log_dir//1153381331/1-FullIns_3.col.b_1153381331.log

Running ../BinAll/allParts/1//1-FullIns_4.col.b for 100 times, logged to log_dir//1153381331/1-FullIns_4.col.b_1153381438.log
Single w/ #threads: 1

done -> log_dir//1153380225/4-FullIns_3.col.b_1153380225.log

Running ../BinAll/allParts/4//4-FullIns_4.col.b for 100 times, logged to log_dir//1153380225/4-FullIns_4.col.b_1153380383.log
Single w/ #threads: 1

done -> log_dir//1153381331/1-FullIns_4.col.b_1153381438.log

Running ../BinAll/allParts/1//1-FullIns_5.col.b for 100 times, logged to log_dir//1153381331/1-FullIns_5.col.b_1153381577.log
Single w/ #threads: 1

done -> log_dir//1153378380/2-FullIns_4.col.b_1153378488.log

Running ../BinAll/allParts/2//2-FullIns_5.col.b for 100 times, logged to log_dir//1153378380/2-FullIns_5.col.b_1153378799.log
Single w/ #threads: 1

done -> log_dir//1153381331/1-FullIns_5.col.b_1153381577.log

Running ../BinAll/allParts/1//1-Insertions_4.col.b for 100 times, logged to log_dir//1153381331/1-Insertions_4.col.b_1153382135.log
Single w/ #threads: 1
progNameS: a.out, progNameP: a.out
input: ../BinAll/allParts/1/1-Insertions_4.col.b, output: log_dir/
loop: 100, numthreads: 1
Running ../BinAll/allParts/1/1-Insertions_4.col.b for 100 times, logged to log_dir//1153382327/1-Insertions_4.col.b_1153382327.log
Single w/ #threads: 1
progNameS: a.out, progNameP: a.out
input: ../BinAll/allParts/1/1-Insertions_5.col.b, output: log_dir/
loop: 100, numthreads: 1
Running ../BinAll/allParts/1/1-Insertions_5.col.b for 100 times, logged to log_dir//1153382349/1-Insertions_5.col.b_1153382349.log
Single w/ #threads: 1
progNameS: a.out, progNameP: a.out
input: ../BinAll/allParts/1/1-FullIns_5.col.b, output: log_dir/
loop: 100, numthreads: 1
Running ../BinAll/allParts/1/1-FullIns_5.col.b for 100 times, logged to log_dir//1153382365/1-FullIns_5.col.b_1153382365.log
Single w/ #threads: 1

done -> log_dir//1153371616/3-FullIns_4.col.b_1153371742.log

Running ../BinAll/allParts/3//3-FullIns_5.col.b for 100 times, logged to log_dir//1153371616/3-FullIns_5.col.b_1153372783.log
Single w/ #threads: 1
progNameS: a.out, progNameP: a.out
input: ../BinAll/allParts/1/, output: log_dir/
loop: 100, numthreads: 1
Running ../BinAll/allParts/1//1-Insertions_4.col.b for 100 times, logged to log_dir//1153382539/1-Insertions_4.col.b_1153382539.log
Single w/ #threads: 1

done -> log_dir//1153382539/1-Insertions_4.col.b_1153382539.log

Running ../BinAll/allParts/1//1-Insertions_5.col.b for 100 times, logged to log_dir//1153382539/1-Insertions_5.col.b_1153382645.log
Single w/ #threads: 1

done -> log_dir//1153382539/1-Insertions_5.col.b_1153382645.log

Running ../BinAll/allParts/1//1-Insertions_6.col.b for 100 times, logged to log_dir//1153382539/1-Insertions_6.col.b_1153382751.log
Single w/ #threads: 1

done -> log_dir//1153382539/1-Insertions_6.col.b_1153382751.log

Running ../BinAll/allParts/1//5-FullIns_3.col.b for 100 times, logged to log_dir//1153382539/5-FullIns_3.col.b_1153382857.log
Single w/ #threads: 1

done -> log_dir//1153382539/5-FullIns_3.col.b_1153382857.log

Running ../BinAll/allParts/1//5-FullIns_4.col.b for 100 times, logged to log_dir//1153382539/5-FullIns_4.col.b_1153383069.log
Single w/ #threads: 1

done -> log_dir//1153380225/4-FullIns_4.col.b_1153380383.log

Running ../BinAll/allParts/4//4-FullIns_5.col.b for 100 times, logged to log_dir//1153380225/4-FullIns_5.col.b_1153382251.log
Single w/ #threads: 1

done -> log_dir//1153378380/2-FullIns_5.col.b_1153378799.log

Running ../BinAll/allParts/2//2-Insertions_3.col.b for 100 times, logged to log_dir//1153378380/2-Insertions_3.col.b_1153381186.log
Single w/ #threads: 1

done -> log_dir//1153378380/2-Insertions_3.col.b_1153381186.log

Running ../BinAll/allParts/2//2-Insertions_4.col.b for 100 times, logged to log_dir//1153378380/2-Insertions_4.col.b_1153381287.log
Single w/ #threads: 1

done -> log_dir//1153378380/2-Insertions_4.col.b_1153381287.log

Running ../BinAll/allParts/2//2-Insertions_5.col.b for 100 times, logged to log_dir//1153378380/2-Insertions_5.col.b_1153381389.log
Single w/ #threads: 1

done -> log_dir//1153378380/2-Insertions_5.col.b_1153381389.log

Running ../BinAll/allParts/2//DSJC1000.1.col.b for 100 times, logged to log_dir//1153378380/DSJC1000.1.col.b_1153381491.log
Single w/ #threads: 1

done -> log_dir//1153382539/5-FullIns_4.col.b_1153383069.log

Running ../BinAll/allParts/1//fpsol2.i.1.col.b for 100 times, logged to log_dir//1153382539/fpsol2.i.1.col.b_1153385786.log
Single w/ #threads: 1

done -> log_dir//1153371616/3-FullIns_5.col.b_1153372783.log

Running ../BinAll/allParts/3//3-Insertions_3.col.b for 100 times, logged to log_dir//1153371616/3-Insertions_3.col.b_1153378021.log
Single w/ #threads: 1

done -> log_dir//1153371616/3-Insertions_3.col.b_1153378021.log

Running ../BinAll/allParts/3//3-Insertions_4.col.b for 100 times, logged to log_dir//1153371616/3-Insertions_4.col.b_1153378127.log
Single w/ #threads: 1

done -> log_dir//1153371616/3-Insertions_4.col.b_1153378127.log

Running ../BinAll/allParts/3//3-Insertions_5.col.b for 100 times, logged to log_dir//1153371616/3-Insertions_5.col.b_1153378233.log
Single w/ #threads: 1

done -> log_dir//1153371616/3-Insertions_5.col.b_1153378233.log

Running ../BinAll/allParts/3//abb313GPIA.col.b for 100 times, logged to log_dir//1153371616/abb313GPIA.col.b_1153378339.log
Single w/ #threads: 1

done -> log_dir//1153378380/DSJC1000.1.col.b_1153381491.log

Running ../BinAll/allParts/2//DSJC1000.5.col.b for 100 times, logged to log_dir//1153378380/DSJC1000.5.col.b_1153386788.log
Single w/ #threads: 1

done -> log_dir//1153382539/fpsol2.i.1.col.b_1153385786.log

Running ../BinAll/allParts/1//fpsol2.i.2.col.b for 100 times, logged to log_dir//1153382539/fpsol2.i.2.col.b_1153391290.log
Single w/ #threads: 1

done -> log_dir//1153371616/abb313GPIA.col.b_1153378339.log

Running ../BinAll/allParts/3//anna.col.b for 100 times, logged to log_dir//1153371616/anna.col.b_1153383966.log
Single w/ #threads: 1

done -> log_dir//1153371616/anna.col.b_1153383966.log

Running ../BinAll/allParts/3//ash331GPIA.col.b for 100 times, logged to log_dir//1153371616/ash331GPIA.col.b_1153384195.log
Single w/ #threads: 1

done -> log_dir//1153371616/ash331GPIA.col.b_1153384195.log

Running ../BinAll/allParts/3//ash608GPIA.col.b for 100 times, logged to log_dir//1153371616/ash608GPIA.col.b_1153385873.log
Single w/ #threads: 1

done -> log_dir//1153382539/fpsol2.i.2.col.b_1153391290.log

Running ../BinAll/allParts/1//fpsol2.i.3.col.b for 100 times, logged to log_dir//1153382539/fpsol2.i.3.col.b_1153396047.log
Single w/ #threads: 1
reads: 1

done -> log_dir//1153380225/4-Insertions_3.col.b_1153394947.log

Running ../BinAll/allParts/4//4-Insertions_4.col.b for 100 times, logged to log_dir//1153380225/4-Insertions_4.col.b_1153395050.log
Single w/ #threads: 1

done -> log_dir//1153380225/4-Insertions_4.col.b_1153395050.log

Running ../BinAll/allParts/4//le450_15a.col.b for 100 times, logged to log_dir//1153380225/le450_15a.col.b_1153395152.log
Single w/ #threads: 1

done -> log_dir//1153371616/ash608GPIA.col.b_1153385873.log

Running ../BinAll/allParts/3//ash958GPIA.col.b for 100 times, logged to log_dir//1153371616/ash958GPIA.col.b_1153388439.log
Single w/ #threads: 1

done -> log_dir//1153380225/le450_15a.col.b_1153395152.log

Running ../BinAll/allParts/4//le450_15b.col.b for 100 times, logged to log_dir//1153380225/le450_15b.col.b_1153397575.log
Single w/ #threads: 1

done -> log_dir//1153382539/fpsol2.i.3.col.b_1153396047.log

Running ../BinAll/allParts/1//inithx.i.1.col.b for 100 times, logged to log_dir//1153382539/inithx.i.1.col.b_1153400323.log
Single w/ #threads: 1

done -> log_dir//1153380225/le450_15b.col.b_1153397575.log

Running ../BinAll/allParts/4//le450_15c.col.b for 100 times, logged to log_dir//1153380225/le450_15c.col.b_1153399867.log
Single w/ #threads: 1

done -> log_dir//1153371616/ash958GPIA.col.b_1153388439.log

Running ../BinAll/allParts/3//david.col.b for 100 times, logged to log_dir//1153371616/david.col.b_1153392463.log
Single w/ #threads: 1

done -> log_dir//1153371616/david.col.b_1153392463.log

Running ../BinAll/allParts/3//games120.col.b for 100 times, logged to log_dir//1153371616/games120.col.b_1153392611.log
Single w/ #threads: 1

done -> log_dir//1153371616/games120.col.b_1153392611.log

Running ../BinAll/allParts/3//homer.col.b for 100 times, logged to log_dir//1153371616/homer.col.b_1153392783.log
Single w/ #threads: 1

done -> log_dir//1153380225/le450_15c.col.b_1153399867.log

Running ../BinAll/allParts/4//le450_15d.col.b for 100 times, logged to log_dir//1153380225/le450_15d.col.b_1153403000.log
Single w/ #threads: 1

done -> log_dir//1153371616/homer.col.b_1153392783.log

Running ../BinAll/allParts/3//huck.col.b for 100 times, logged to log_dir//1153371616/huck.col.b_1153394631.log
Single w/ #threads: 1

done -> log_dir//1153371616/huck.col.b_1153394631.log

Running ../BinAll/allParts/3//jean.col.b for 100 times, logged to log_dir//1153371616/jean.col.b_1153394758.log
Single w/ #threads: 1

done -> log_dir//1153371616/jean.col.b_1153394758.log

Running ../BinAll/allParts/3//school1.col.b for 100 times, logged to log_dir//1153371616/school1.col.b_1153394892.log
Single w/ #threads: 1

done -> log_dir//1153371616/school1.col.b_1153394892.log

Running ../BinAll/allParts/3//school1_nsh.col.b for 100 times, logged to log_dir//1153371616/school1_nsh.col.b_1153397003.log
Single w/ #threads: 1

done -> log_dir//1153380225/le450_15d.col.b_1153403000.log

Running ../BinAll/allParts/4//le450_25a.col.b for 100 times, logged to log_dir//1153380225/le450_25a.col.b_1153406450.log
Single w/ #threads: 1

done -> log_dir//1153371616/school1_nsh.col.b_1153397003.log

Running ../BinAll/allParts/3//wap01a.col.b for 100 times, logged to log_dir//1153371616/wap01a.col.b_1153398477.log
Single w/ #threads: 1
ads: 1

done -> log_dir//1153378380/DSJC1000.5.col.b_1153386788.log

Running ../BinAll/allParts/2//DSJC1000.9.col.b for 100 times, logged to log_dir//1153378380/DSJC1000.9.col.b_1153406810.log
Single w/ #threads: 1

done -> log_dir//1153380225/le450_25a.col.b_1153406450.log

Running ../BinAll/allParts/4//le450_25b.col.b for 100 times, logged to log_dir//1153380225/le450_25b.col.b_1153408830.log
Single w/ #threads: 1

done -> log_dir//1153380225/le450_25b.col.b_1153408830.log

Running ../BinAll/allParts/4//le450_25c.col.b for 100 times, logged to log_dir//1153380225/le450_25c.col.b_1153411136.log
Single w/ #threads: 1

done -> log_dir//1153382539/inithx.i.2.col.b_1153408154.log

Running ../BinAll/allParts/1//inithx.i.3.col.b for 100 times, logged to log_dir//1153382539/inithx.i.3.col.b_1153414634.log
Single w/ #threads: 1

done -> log_dir//1153380225/le450_25c.col.b_1153411136.log

Running ../BinAll/allParts/4//le450_25d.col.b for 100 times, logged to log_dir//1153380225/le450_25d.col.b_1153414433.log
Single w/ #threads: 1

done -> log_dir//1153380225/le450_25d.col.b_1153414433.log

Running ../BinAll/allParts/4//le450_5a.col.b for 100 times, logged to log_dir//1153380225/le450_5a.col.b_1153417683.log
Single w/ #threads: 1

done -> log_dir//1153380225/le450_5a.col.b_1153417683.log

Running ../BinAll/allParts/4//le450_5b.col.b for 100 times, logged to log_dir//1153380225/le450_5b.col.b_1153419249.log
Single w/ #threads: 1

done -> log_dir//1153382539/inithx.i.3.col.b_1153414634.log

Running ../BinAll/allParts/1//mug100_1.col.b for 100 times, logged to log_dir//1153382539/mug100_1.col.b_1153421075.log
Single w/ #threads: 1

done -> log_dir//1153382539/mug100_1.col.b_1153421075.log

Running ../BinAll/allParts/1//mug100_25.col.b for 100 times, logged to log_dir//1153382539/mug100_25.col.b_1153421207.log
Single w/ #threads: 1

done -> log_dir//1153382539/mug100_25.col.b_1153421207.log

Running ../BinAll/allParts/1//mug88_1.col.b for 100 times, logged to log_dir//1153382539/mug88_1.col.b_1153421339.log
Single w/ #threads: 1

done -> log_dir//1153382539/mug88_1.col.b_1153421339.log

Running ../BinAll/allParts/1//mug88_25.col.b for 100 times, logged to log_dir//1153382539/mug88_25.col.b_1153421463.log
Single w/ #threads: 1

done -> log_dir//1153382539/mug88_25.col.b_1153421463.log

Done all!

done -> log_dir//1153371616/wap01a.col.b_1153398477.log

Running ../BinAll/allParts/3//wap02a.col.b for 100 times, logged to log_dir//1153371616/wap02a.col.b_1153411957.log
Single w/ #threads: 1

done -> log_dir//1153380225/le450_5b.col.b_1153419249.log

Running ../BinAll/allParts/4//le450_5c.col.b for 100 times, logged to log_dir//1153380225/le450_5c.col.b_1153420847.log
Single w/ #threads: 1

done -> log_dir//1153380225/le450_5c.col.b_1153420847.log

Running ../BinAll/allParts/4//le450_5d.col.b for 100 times, logged to log_dir//1153380225/le450_5d.col.b_1153422623.log
Single w/ #threads: 1

done -> log_dir//1153380225/le450_5d.col.b_1153422623.log

Running ../BinAll/allParts/4//miles1000.col.b for 100 times, logged to log_dir//1153380225/miles1000.col.b_1153424653.log
Single w/ #threads: 1

done -> log_dir//1153380225/miles1000.col.b_1153424653.log

Running ../BinAll/allParts/4//miles1500.col.b for 100 times, logged to log_dir//1153380225/miles1500.col.b_1153425007.log
Single w/ #threads: 1

done -> log_dir//1153380225/miles1500.col.b_1153425007.log

Running ../BinAll/allParts/4//miles250.col.b for 100 times, logged to log_dir//1153380225/miles250.col.b_1153425528.log
Single w/ #threads: 1

done -> log_dir//1153380225/miles250.col.b_1153425528.log

Running ../BinAll/allParts/4//miles500.col.b for 100 times, logged to log_dir//1153380225/miles500.col.b_1153425692.log
Single w/ #threads: 1

done -> log_dir//1153380225/miles500.col.b_1153425692.log

Running ../BinAll/allParts/4//miles750.col.b for 100 times, logged to log_dir//1153380225/miles750.col.b_1153425912.log
Single w/ #threads: 1
progNameS: a.out, progNameP: a.out
input: ../BinAll/allParts/1/, output: log_dir/
loop: 100, numthreads: 1
Running ../BinAll/allParts/1//qg.order100.col.b for 100 times, logged to log_dir//1153427218/qg.order100.col.b_1153427218.log
Single w/ #threads: 1

done -> log_dir//1153380225/miles750.col.b_1153425912.log

Running ../BinAll/allParts/4//mulsol.i.1.col.b for 100 times, logged to log_dir//1153380225/mulsol.i.1.col.b_1153426192.log
Single w/ #threads: 1

done -> log_dir//1153380225/mulsol.i.1.col.b_1153426192.log

Running ../BinAll/allParts/4//mulsol.i.2.col.b for 100 times, logged to log_dir//1153380225/mulsol.i.2.col.b_1153426910.log
Single w/ #threads: 1

done -> log_dir//1153380225/mulsol.i.2.col.b_1153426910.log

Running ../BinAll/allParts/4//mulsol.i.3.col.b for 100 times, logged to log_dir//1153380225/mulsol.i.3.col.b_1153427513.log
Single w/ #threads: 1

done -> log_dir//1153380225/mulsol.i.3.col.b_1153427513.log

Running ../BinAll/allParts/4//mulsol.i.4.col.b for 100 times, logged to log_dir//1153380225/mulsol.i.4.col.b_1153428095.log
Single w/ #threads: 1

done -> log_dir//1153380225/mulsol.i.4.col.b_1153428095.log

Running ../BinAll/allParts/4//mulsol.i.5.col.b for 100 times, logged to log_dir//1153380225/mulsol.i.5.col.b_1153428696.log
Single w/ #threads: 1

done -> log_dir//1153380225/mulsol.i.5.col.b_1153428696.log

Running ../BinAll/allParts/4//myciel3.col.b for 100 times, logged to log_dir//1153380225/myciel3.col.b_1153429293.log
Single w/ #threads: 1

done -> log_dir//1153380225/myciel3.col.b_1153429293.log

Running ../BinAll/allParts/4//myciel4.col.b for 100 times, logged to log_dir//1153380225/myciel4.col.b_1153429397.log
Single w/ #threads: 1

done -> log_dir//1153380225/myciel4.col.b_1153429397.log

Running ../BinAll/allParts/4//myciel5.col.b for 100 times, logged to log_dir//1153380225/myciel5.col.b_1153429500.log
Single w/ #threads: 1

done -> log_dir//1153380225/myciel5.col.b_1153429500.log

Running ../BinAll/allParts/4//myciel6.col.b for 100 times, logged to log_dir//1153380225/myciel6.col.b_1153429607.log
Single w/ #threads: 1

done -> log_dir//1153380225/myciel6.col.b_1153429607.log

Running ../BinAll/allParts/4//myciel7.col.b for 100 times, logged to log_dir//1153380225/myciel7.col.b_1153429752.log
Single w/ #threads: 1

done -> log_dir//1153380225/myciel7.col.b_1153429752.log

Running ../BinAll/allParts/4//queen10_10.col.b for 100 times, logged to log_dir//1153380225/queen10_10.col.b_1153430083.log
Single w/ #threads: 1

done -> log_dir//1153380225/queen10_10.col.b_1153430083.log

Running ../BinAll/allParts/4//queen14_14.col.b for 100 times, logged to log_dir//1153380225/queen14_14.col.b_1153430263.log
Single w/ #threads: 1

done -> log_dir//1153380225/queen14_14.col.b_1153430263.log

Running ../BinAll/allParts/4//queen15_15.col.b for 100 times, logged to log_dir//1153380225/queen15_15.col.b_1153430662.log
Single w/ #threads: 1

done -> log_dir//1153380225/queen15_15.col.b_1153430662.log

Running ../BinAll/allParts/4//queen5_5.col.b for 100 times, logged to log_dir//1153380225/queen5_5.col.b_1153431168.log
Single w/ #threads: 1

done -> log_dir//1153380225/queen5_5.col.b_1153431168.log

Running ../BinAll/allParts/4//queen6_6.col.b for 100 times, logged to log_dir//1153380225/queen6_6.col.b_1153431272.log
Single w/ #threads: 1

done -> log_dir//1153380225/queen6_6.col.b_1153431272.log

Running ../BinAll/allParts/4//queen7_7.col.b for 100 times, logged to log_dir//1153380225/queen7_7.col.b_1153431378.log
Single w/ #threads: 1

done -> log_dir//1153380225/queen7_7.col.b_1153431378.log

Running ../BinAll/allParts/4//queen8_12.col.b for 100 times, logged to log_dir//1153380225/queen8_12.col.b_1153431488.log
Single w/ #threads: 1

done -> log_dir//1153380225/queen8_12.col.b_1153431488.log

Running ../BinAll/allParts/4//queen8_8.col.b for 100 times, logged to log_dir//1153380225/queen8_8.col.b_1153431647.log
Single w/ #threads: 1

done -> log_dir//1153380225/queen8_8.col.b_1153431647.log

Running ../BinAll/allParts/4//queen9_9.col.b for 100 times, logged to log_dir//1153380225/queen9_9.col.b_1153431765.log
Single w/ #threads: 1

done -> log_dir//1153380225/queen9_9.col.b_1153431765.log

Done all!

done -> log_dir//1153371616/wap02a.col.b_1153411957.log

Running ../BinAll/allParts/3//wap03a.col.b for 100 times, logged to log_dir//1153371616/wap03a.col.b_1153424766.log
Single w/ #threads: 1

done -> log_dir//1153378380/DSJC1000.9.col.b_1153406810.log

Running ../BinAll/allParts/2//DSJC125.1.col.b for 100 times, logged to log_dir//1153378380/DSJC125.1.col.b_1153448589.log
Single w/ #threads: 1

done -> log_dir//1153378380/DSJC125.1.col.b_1153448589.log

Running ../BinAll/allParts/2//DSJC125.5.col.b for 100 times, logged to log_dir//1153378380/DSJC125.5.col.b_1153448774.log
Single w/ #threads: 1

done -> log_dir//1153378380/DSJC125.5.col.b_1153448774.log

Running ../BinAll/allParts/2//DSJC125.9.col.b for 100 times, logged to log_dir//1153378380/DSJC125.9.col.b_1153449051.log
Single w/ #threads: 1

done -> log_dir//1153378380/DSJC125.9.col.b_1153449051.log

Running ../BinAll/allParts/2//DSJC250.1.col.b for 100 times, logged to log_dir//1153378380/DSJC250.1.col.b_1153449414.log
Single w/ #threads: 1

done -> log_dir//1153378380/DSJC250.1.col.b_1153449414.log

Running ../BinAll/allParts/2//DSJC250.5.col.b for 100 times, logged to log_dir//1153378380/DSJC250.5.col.b_1153449994.log
Single w/ #threads: 1

done -> log_dir//1153378380/DSJC250.5.col.b_1153449994.log

Running ../BinAll/allParts/2//DSJC250.9.col.b for 100 times, logged to log_dir//1153378380/DSJC250.9.col.b_1153451322.log
Single w/ #threads: 1

done -> log_dir//1153378380/DSJC250.9.col.b_1153451322.log

Running ../BinAll/allParts/2//DSJC500.1.col.b for 100 times, logged to log_dir//1153378380/DSJC500.1.col.b_1153453259.log
Single w/ #threads: 1

done -> log_dir//1153378380/DSJC500.1.col.b_1153453259.log

Running ../BinAll/allParts/2//DSJC500.5.col.b for 100 times, logged to log_dir//1153378380/DSJC500.5.col.b_1153455559.log
Single w/ #threads: 1

done -> log_dir//1153378380/DSJC500.5.col.b_1153455559.log

Running ../BinAll/allParts/2//DSJC500.9.col.b for 100 times, logged to log_dir//1153378380/DSJC500.9.col.b_1153463655.log
Single w/ #threads: 1

done -> log_dir//1153371616/wap03a.col.b_1153424766.log

Running ../BinAll/allParts/3//wap04a.col.b for 100 times, logged to log_dir//1153371616/wap04a.col.b_1153457129.log
Single w/ #threads: 1

done -> log_dir//1153378380/DSJC500.9.col.b_1153463655.log

Running ../BinAll/allParts/2//DSJR500.1c.col.b for 100 times, logged to log_dir//1153378380/DSJR500.1c.col.b_1153476322.log
Single w/ #threads: 1

done -> log_dir//1153378380/DSJR500.1c.col.b_1153476322.log

Running ../BinAll/allParts/2//DSJR500.1.col.b for 100 times, logged to log_dir//1153378380/DSJR500.1.col.b_1153487668.log
Single w/ #threads: 1

done -> log_dir//1153378380/DSJR500.1.col.b_1153487668.log

Running ../BinAll/allParts/2//DSJR500.5.col.b for 100 times, logged to log_dir//1153378380/DSJR500.5.col.b_1153489168.log
Single w/ #threads: 1
progNameS: a.out, progNameP: a.out
input: ../BinAll/allParts/4/, output: log_dir/
loop: 100, numthreads: 1
Running ../BinAll/allParts/4//zeroin.i.1.col.b for 100 times, logged to log_dir//1153496623/zeroin.i.1.col.b_1153496623.log
Single w/ #threads: 1

done -> log_dir//1153496623/zeroin.i.1.col.b_1153496623.log

Running ../BinAll/allParts/4//zeroin.i.2.col.b for 100 times, logged to log_dir//1153496623/zeroin.i.2.col.b_1153497494.log
Single w/ #threads: 1

done -> log_dir//1153496623/zeroin.i.2.col.b_1153497494.log

Running ../BinAll/allParts/4//zeroin.i.3.col.b for 100 times, logged to log_dir//1153496623/zeroin.i.3.col.b_1153498315.log
Single w/ #threads: 1

done -> log_dir//1153496623/zeroin.i.3.col.b_1153498315.log

Done all!

done -> log_dir//1153427218/qg.order100.col.b_1153427218.log

Running ../BinAll/allParts/1//qg.order30.col.b for 100 times, logged to log_dir//1153427218/qg.order30.col.b_1153501253.log
Single w/ #threads: 1

done -> log_dir//1153378380/DSJR500.5.col.b_1153489168.log

Running ../BinAll/allParts/2//qg.order100.col.b for 100 times, logged to log_dir//1153378380/qg.order100.col.b_1153500716.log
Single w/ #threads: 1

done -> log_dir//1153378380/qg.order100.col.b_1153500716.log

Running ../BinAll/allParts/2//qg.order30.col.b for 100 times, logged to log_dir//1153378380/qg.order30.col.b_1153500818.log
Single w/ #threads: 1

done -> log_dir//1153378380/qg.order30.col.b_1153500818.log

Running ../BinAll/allParts/2//qg.order40.col.b for 100 times, logged to log_dir//1153378380/qg.order40.col.b_1153500920.log
Single w/ #threads: 1

done -> log_dir//1153378380/qg.order40.col.b_1153500920.log

Running ../BinAll/allParts/2//qg.order60.col.b for 100 times, logged to log_dir//1153378380/qg.order60.col.b_1153501021.log
Single w/ #threads: 1

done -> log_dir//1153378380/qg.order60.col.b_1153501021.log

Running ../BinAll/allParts/2//zeroin.i.1.col.b for 100 times, logged to log_dir//1153378380/zeroin.i.1.col.b_1153501123.log
Single w/ #threads: 1

done -> log_dir//1153371616/wap04a.col.b_1153457129.log

Running ../BinAll/allParts/3//wap05a.col.b for 100 times, logged to log_dir//1153371616/wap05a.col.b_1153494362.log
Single w/ #threads: 1

done -> log_dir//1153378380/zeroin.i.1.col.b_1153501123.log

Running ../BinAll/allParts/2//zeroin.i.2.col.b for 100 times, logged to log_dir//1153378380/zeroin.i.2.col.b_1153501225.log
Single w/ #threads: 1

done -> log_dir//1153378380/zeroin.i.2.col.b_1153501225.log

Running ../BinAll/allParts/2//zeroin.i.3.col.b for 100 times, logged to log_dir//1153378380/zeroin.i.3.col.b_1153501326.log
Single w/ #threads: 1

done -> log_dir//1153378380/zeroin.i.3.col.b_1153501326.log

Done all!

done -> log_dir//1153427218/qg.order30.col.b_1153501253.log

Running ../BinAll/allParts/1//qg.order40.col.b for 100 times, logged to log_dir//1153427218/qg.order40.col.b_1153506244.log
Single w/ #threads: 1

done -> log_dir//1153371616/wap05a.col.b_1153494362.log

Running ../BinAll/allParts/3//wap06a.col.b for 100 times, logged to log_dir//1153371616/wap06a.col.b_1153499508.log
Single w/ #threads: 1

done -> log_dir//1153427218/qg.order40.col.b_1153506244.log

Running ../BinAll/allParts/1//qg.order60.col.b for 100 times, logged to log_dir//1153427218/qg.order60.col.b_1153512135.log
Single w/ #threads: 1

done -> log_dir//1153371616/wap06a.col.b_1153499508.log

Running ../BinAll/allParts/3//wap07a.col.b for 100 times, logged to log_dir//1153371616/wap07a.col.b_1153505700.log
Single w/ #threads: 1

done -> log_dir//1153371616/wap07a.col.b_1153505700.log

Running ../BinAll/allParts/3//wap08a.col.b for 100 times, logged to log_dir//1153371616/wap08a.col.b_1153518644.log
Single w/ #threads: 1

done -> log_dir//1153427218/qg.order60.col.b_1153512135.log

Running ../BinAll/allParts/1//zeroin.i.1.col.b for 100 times, logged to log_dir//1153427218/zeroin.i.1.col.b_1153529633.log
Single w/ #threads: 1

done -> log_dir//1153427218/zeroin.i.1.col.b_1153529633.log

Running ../BinAll/allParts/1//zeroin.i.2.col.b for 100 times, logged to log_dir//1153427218/zeroin.i.2.col.b_1153529739.log
Single w/ #threads: 1

done -> log_dir//1153427218/zeroin.i.2.col.b_1153529739.log

Running ../BinAll/allParts/1//zeroin.i.3.col.b for 100 times, logged to log_dir//1153427218/zeroin.i.3.col.b_1153529845.log
Single w/ #threads: 1

done -> log_dir//1153427218/zeroin.i.3.col.b_1153529845.log

Done all!

done -> log_dir//1153371616/wap08a.col.b_1153518644.log

Running ../BinAll/allParts/3//will199GPIA.col.b for 100 times, logged to log_dir//1153371616/will199GPIA.col.b_1153532144.log
Single w/ #threads: 1

done -> log_dir//1153371616/will199GPIA.col.b_1153532144.log

Done all!
progNameS: a.out, progNameP: a.out
input: ../BinAll/allParts/1/, output: log_dir/
loop: 100, numthreads: 1
Running ../BinAll/allParts/1//1-Insertions_4.col.b for 100 times, logged to log_dir//1153717273/1-Insertions_4.col.b_1153717273.log
Single w/ #threads: 1
progNameS: a.out, progNameP: a.out
input: ../BinAll/allParts/4/, output: log_dir/
loop: 100, numthreads: 1
Running ../BinAll/allParts/4//qg.order100.col.b for 100 times, logged to log_dir//1153716204/qg.order100.col.b_1153716204.log
Single w/ #threads: 1
ds: 1

done -> log_dir//1153714366/2-Insertions_3.col.b_1153714366.log

Running ../BinAll/allParts/2//2-Insertions_4.col.b for 100 times, logged to log_dir//1153714366/2-Insertions_4.col.b_1153714469.log
Single w/ #threads: 1

done -> log_dir//1153707605/3-Insertions_3.col.b_1153707606.log

Running ../BinAll/allParts/3//3-Insertions_4.col.b for 100 times, logged to log_dir//1153707605/3-Insertions_4.col.b_1153707717.log
Single w/ #threads: 1

done -> log_dir//1153717273/1-Insertions_5.col.b_1153717390.log

Running ../BinAll/allParts/1//1-Insertions_6.col.b for 100 times, logged to log_dir//1153717273/1-Insertions_6.col.b_1153717495.log
Single w/ #threads: 1

done -> log_dir//1153714366/2-Insertions_4.col.b_1153714469.log

Running ../BinAll/allParts/2//2-Insertions_5.col.b for 100 times, logged to log_dir//1153714366/2-Insertions_5.col.b_1153714650.log
Single w/ #threads: 1

done -> log_dir//1153717273/1-Insertions_6.col.b_1153717495.log

Running ../BinAll/allParts/1//queen11_11.col.b for 100 times, logged to log_dir//1153717273/queen11_11.col.b_1153717601.log
Single w/ #threads: 1

done -> log_dir//1153717273/queen11_11.col.b_1153717601.log

Running ../BinAll/allParts/1//queen12_12.col.b for 100 times, logged to log_dir//1153717273/queen12_12.col.b_1153717835.log
Single w/ #threads: 1
#threads: 1

done -> log_dir//1153717273/queen12_12.col.b_1153717835.log

Running ../BinAll/allParts/1//queen13_13.col.b for 100 times, logged to log_dir//1153717273/queen13_13.col.b_1153718105.log
Single w/ #threads: 1

done -> log_dir//1153717273/queen13_13.col.b_1153718105.log

Running ../BinAll/allParts/1//queen16_16.col.b for 100 times, logged to log_dir//1153717273/queen16_16.col.b_1153718452.log
Single w/ #threads: 1

done -> log_dir//1153714366/2-Insertions_5.col.b_1153714650.log

Running ../BinAll/allParts/2//4-Insertions_3.col.b for 100 times, logged to log_dir//1153714366/4-Insertions_3.col.b_1153716132.log
Single w/ #threads: 1

done -> log_dir//1153717273/queen16_16.col.b_1153718452.log

Done all!

done -> log_dir//1153714366/4-Insertions_3.col.b_1153716132.log

Running ../BinAll/allParts/2//4-Insertions_4.col.b for 100 times, logged to log_dir//1153714366/4-Insertions_4.col.b_1153716247.log
Single w/ #threads: 1

done -> log_dir//1153714366/4-Insertions_4.col.b_1153716247.log

Running ../BinAll/allParts/2//latin_square_10.col.b for 100 times, logged to log_dir//1153714366/latin_square_10.col.b_1153717363.log
Single w/ #threads: 1

done -> log_dir//1153707605/3-Insertions_5.col.b_1153708135.log

Running ../BinAll/allParts/3//qg.order30.col.b for 100 times, logged to log_dir//1153707605/qg.order30.col.b_1153711060.log
Single w/ #threads: 1

done -> log_dir//1153707605/qg.order30.col.b_1153711060.log

Done all!
progNameS: a.out, progNameP: a.out
input: ../BinAll/allParts/1/, output: log_dir/
loop: 100, numthreads: 1
Running ../BinAll/allParts/1//latin_square_10.col.b for 100 times, logged to log_dir//1153732692/latin_square_10.col.b_1153732692.log
Single w/ #threads: 1

done -> log_dir//1153714366/latin_square_10.col.b_1153717363.log

Done all!

done -> log_dir//1153732692/latin_square_10.col.b_1153732692.log

Done all!

done -> log_dir//1153716204/qg.order100.col.b_1153716204.log

Done all!
progNameS: a.out, progNameP: a.out
input: /storage/Users/thanhvu/txn131/Color/Data/BinAll1/temp10/1-Insertions_4.col.b, output: log_dir/
loop: 100, numthreads: 1
Running /storage/Users/thanhvu/txn131/Color/Data/BinAll1/temp10/1-Insertions_4.col.b for 100 times, logged to log_dir//1153794203/1-Insertions_4.col.b_1153794203.log
Single w/ #threads: 1
progNameS: a.out, progNameP: a.out
input: /storage/Users/thanhvu/txn131/Color/Data/GraphColorInstances/GraphColorBin/1-Insertions_5.col.b, output: log_dir/
loop: 100, numthreads: 1
Running /storage/Users/thanhvu/txn131/Color/Data/GraphColorInstances/GraphColorBin/1-Insertions_5.col.b for 100 times, logged to log_dir//1153791368/1-Insertions_5.col.b_1153791368.log
Single w/ #threads: 1
progNameS: a.out, progNameP: a.out
input: /storage/Users/thanhvu/txn131/color/Data/BinAll/2/1-Insertions_5.col.b, output: log_dir/
loop: 100, numthreads: 1
Running /storage/Users/thanhvu/txn131/color/Data/BinAll/2/1-Insertions_5.col.b for 100 times, logged to log_dir//1153791396/1-Insertions_5.col.b_1153791396.log
Single w/ #threads: 1

done -> log_dir//1153794203/1-Insertions_4.col.b_1153794203.log

done -> log_dir//1153791396/1-Insertions_5.col.b_1153791396.log
progNameS: a.out, progNameP: a.out
input: /storage/Users/thanhvu/txn131/Color/Data/GraphColorInstances/GraphColorBin/1-Insertions_6.col.b, output: log_dir/
loop: 100, numthreads: 1
Running /storage/Users/thanhvu/txn131/Color/Data/GraphColorInstances/GraphColorBin/1-Insertions_6.col.b for 100 times, logged to log_dir//1153798317/1-Insertions_6.col.b_1153798317.log
Single w/ #threads: 1
progNameS: a.out, progNameP: a.out
input: /storage/Users/thanhvu/txn131/color/Data/BinAll/2/1-Insertions_6.col.b, output: log_dir/
loop: 100, numthreads: 1
Running /storage/Users/thanhvu/txn131/color/Data/BinAll/2/1-Insertions_6.col.b for 100 times, logged to log_dir//1153798340/1-Insertions_6.col.b_1153798340.log
Single w/ #threads: 1

done -> log_dir//1153798340/1-Insertions_6.col.b_1153798340.log
