miles250.col.b n_loops: 20 n_threads: 1
Sun Dec 25 00:49:32 EST 2005 /home/thanhvu/nfs/Classic/1225_SameAsPATCHONLY_w_somechangestoprintSol/LogGCP20//1135489596/miles250.col.b_1135489772.log
Single e3308cd38d8c5eb9b3fc1f01b7fcc13b /home/thanhvu/nfs/Classic/1225_SameAsPATCHONLY_w_somechangestoprintSol/a.out
nthreads: 1 colors: 8 vertices: 128 edges 387 colors_table: () bestIndex: 0 seed: 1135489773
0.63
nthreads: 1 colors: 8 vertices: 128 edges 387 colors_table: () bestIndex: 0 seed: 1135489774
0.62
nthreads: 1 colors: 8 vertices: 128 edges 387 colors_table: () bestIndex: 0 seed: 1135489776
0.62
nthreads: 1 colors: 8 vertices: 128 edges 387 colors_table: () bestIndex: 0 seed: 1135489777
0.62
nthreads: 1 colors: 8 vertices: 128 edges 387 colors_table: () bestIndex: 0 seed: 1135489779
0.62
nthreads: 1 colors: 8 vertices: 128 edges 387 colors_table: () bestIndex: 0 seed: 1135489781
0.62
nthreads: 1 colors: 8 vertices: 128 edges 387 colors_table: () bestIndex: 0 seed: 1135489782
0.62
nthreads: 1 colors: 8 vertices: 128 edges 387 colors_table: () bestIndex: 0 seed: 1135489784
0.63
nthreads: 1 colors: 8 vertices: 128 edges 387 colors_table: () bestIndex: 0 seed: 1135489786
0.62
nthreads: 1 colors: 8 vertices: 128 edges 387 colors_table: () bestIndex: 0 seed: 1135489787
0.63
nthreads: 1 colors: 8 vertices: 128 edges 387 colors_table: () bestIndex: 0 seed: 1135489789
0.62
nthreads: 1 colors: 8 vertices: 128 edges 387 colors_table: () bestIndex: 0 seed: 1135489791
0.63
nthreads: 1 colors: 8 vertices: 128 edges 387 colors_table: () bestIndex: 0 seed: 1135489792
0.62
nthreads: 1 colors: 8 vertices: 128 edges 387 colors_table: () bestIndex: 0 seed: 1135489794
0.62
nthreads: 1 colors: 8 vertices: 128 edges 387 colors_table: () bestIndex: 0 seed: 1135489796
0.62
nthreads: 1 colors: 8 vertices: 128 edges 387 colors_table: () bestIndex: 0 seed: 1135489797
0.62
nthreads: 1 colors: 8 vertices: 128 edges 387 colors_table: () bestIndex: 0 seed: 1135489799
0.71
nthreads: 1 colors: 8 vertices: 128 edges 387 colors_table: () bestIndex: 0 seed: 1135489801
0.65
nthreads: 1 colors: 8 vertices: 128 edges 387 colors_table: () bestIndex: 0 seed: 1135489802
0.62
nthreads: 1 colors: 8 vertices: 128 edges 387 colors_table: () bestIndex: 0 seed: 1135489804
0.62
