miles750.col.b n_loops: 20 n_threads: 1
Sun Dec 25 00:50:50 EST 2005 /home/thanhvu/nfs/Classic/1225_SameAsPATCHONLY_w_somechangestoprintSol/LogGCP20//1135489596/miles750.col.b_1135489850.log
Single e3308cd38d8c5eb9b3fc1f01b7fcc13b /home/thanhvu/nfs/Classic/1225_SameAsPATCHONLY_w_somechangestoprintSol/a.out
nthreads: 1 colors: 31 vertices: 128 edges 2113 colors_table: () bestIndex: 181 seed: 1135489850
1.80
nthreads: 1 colors: 31 vertices: 128 edges 2113 colors_table: () bestIndex: 181 seed: 1135489853
1.81
nthreads: 1 colors: 31 vertices: 128 edges 2113 colors_table: () bestIndex: 181 seed: 1135489856
1.80
nthreads: 1 colors: 31 vertices: 128 edges 2113 colors_table: () bestIndex: 181 seed: 1135489858
1.82
nthreads: 1 colors: 31 vertices: 128 edges 2113 colors_table: () bestIndex: 181 seed: 1135489861
1.81
nthreads: 1 colors: 31 vertices: 128 edges 2113 colors_table: () bestIndex: 181 seed: 1135489864
1.80
nthreads: 1 colors: 31 vertices: 128 edges 2113 colors_table: () bestIndex: 181 seed: 1135489867
1.81
nthreads: 1 colors: 31 vertices: 128 edges 2113 colors_table: () bestIndex: 181 seed: 1135489870
1.81
nthreads: 1 colors: 31 vertices: 128 edges 2113 colors_table: () bestIndex: 181 seed: 1135489873
1.80
nthreads: 1 colors: 31 vertices: 128 edges 2113 colors_table: () bestIndex: 181 seed: 1135489875
1.80
nthreads: 1 colors: 31 vertices: 128 edges 2113 colors_table: () bestIndex: 181 seed: 1135489878
1.80
nthreads: 1 colors: 31 vertices: 128 edges 2113 colors_table: () bestIndex: 181 seed: 1135489881
1.80
nthreads: 1 colors: 31 vertices: 128 edges 2113 colors_table: () bestIndex: 181 seed: 1135489884
1.82
nthreads: 1 colors: 31 vertices: 128 edges 2113 colors_table: () bestIndex: 181 seed: 1135489887
1.82
nthreads: 1 colors: 31 vertices: 128 edges 2113 colors_table: () bestIndex: 181 seed: 1135489890
1.80
nthreads: 1 colors: 31 vertices: 128 edges 2113 colors_table: () bestIndex: 181 seed: 1135489892
1.80
nthreads: 1 colors: 31 vertices: 128 edges 2113 colors_table: () bestIndex: 181 seed: 1135489895
1.81
nthreads: 1 colors: 31 vertices: 128 edges 2113 colors_table: () bestIndex: 181 seed: 1135489898
1.80
nthreads: 1 colors: 31 vertices: 128 edges 2113 colors_table: () bestIndex: 181 seed: 1135489901
1.80
nthreads: 1 colors: 31 vertices: 128 edges 2113 colors_table: () bestIndex: 181 seed: 1135489904
1.79
