miles500.col.b n_loops: 20 n_threads: 1
Sun Dec 25 00:50:06 EST 2005 /home/thanhvu/nfs/Classic/1225_SameAsPATCHONLY_w_somechangestoprintSol/LogGCP20//1135489596/miles500.col.b_1135489806.log
Single e3308cd38d8c5eb9b3fc1f01b7fcc13b /home/thanhvu/nfs/Classic/1225_SameAsPATCHONLY_w_somechangestoprintSol/a.out
nthreads: 1 colors: 20 vertices: 128 edges 1170 colors_table: () bestIndex: 0 seed: 1135489806
1.19
nthreads: 1 colors: 20 vertices: 128 edges 1170 colors_table: () bestIndex: 0 seed: 1135489808
1.19
nthreads: 1 colors: 20 vertices: 128 edges 1170 colors_table: () bestIndex: 0 seed: 1135489810
1.20
nthreads: 1 colors: 20 vertices: 128 edges 1170 colors_table: () bestIndex: 0 seed: 1135489812
1.19
nthreads: 1 colors: 20 vertices: 128 edges 1170 colors_table: () bestIndex: 0 seed: 1135489814
1.19
nthreads: 1 colors: 20 vertices: 128 edges 1170 colors_table: () bestIndex: 0 seed: 1135489817
1.19
nthreads: 1 colors: 20 vertices: 128 edges 1170 colors_table: () bestIndex: 0 seed: 1135489819
1.19
nthreads: 1 colors: 20 vertices: 128 edges 1170 colors_table: () bestIndex: 0 seed: 1135489821
1.19
nthreads: 1 colors: 20 vertices: 128 edges 1170 colors_table: () bestIndex: 0 seed: 1135489823
1.19
nthreads: 1 colors: 20 vertices: 128 edges 1170 colors_table: () bestIndex: 0 seed: 1135489826
1.19
nthreads: 1 colors: 20 vertices: 128 edges 1170 colors_table: () bestIndex: 0 seed: 1135489828
1.20
nthreads: 1 colors: 20 vertices: 128 edges 1170 colors_table: () bestIndex: 0 seed: 1135489830
1.20
nthreads: 1 colors: 20 vertices: 128 edges 1170 colors_table: () bestIndex: 0 seed: 1135489832
1.20
nthreads: 1 colors: 20 vertices: 128 edges 1170 colors_table: () bestIndex: 0 seed: 1135489834
1.19
nthreads: 1 colors: 20 vertices: 128 edges 1170 colors_table: () bestIndex: 0 seed: 1135489837
1.19
nthreads: 1 colors: 20 vertices: 128 edges 1170 colors_table: () bestIndex: 0 seed: 1135489839
1.19
nthreads: 1 colors: 20 vertices: 128 edges 1170 colors_table: () bestIndex: 0 seed: 1135489841
1.19
nthreads: 1 colors: 20 vertices: 128 edges 1170 colors_table: () bestIndex: 0 seed: 1135489843
1.19
nthreads: 1 colors: 20 vertices: 128 edges 1170 colors_table: () bestIndex: 0 seed: 1135489845
1.18
nthreads: 1 colors: 20 vertices: 128 edges 1170 colors_table: () bestIndex: 0 seed: 1135489848
1.19
