mug100_25.col.b n_loops: 20 n_threads: 1
Sun Dec 25 00:52:12 EST 2005 /home/thanhvu/nfs/Classic/1225_SameAsPATCHONLY_w_somechangestoprintSol/LogGCP20//1135489596/mug100_25.col.b_1135489932.log
Single e3308cd38d8c5eb9b3fc1f01b7fcc13b /home/thanhvu/nfs/Classic/1225_SameAsPATCHONLY_w_somechangestoprintSol/a.out
nthreads: 1 colors: 4 vertices: 100 edges 166 colors_table: () bestIndex: 0 seed: 1135489932
0.27
nthreads: 1 colors: 4 vertices: 100 edges 166 colors_table: () bestIndex: 0 seed: 1135489934
0.27
nthreads: 1 colors: 4 vertices: 100 edges 166 colors_table: () bestIndex: 0 seed: 1135489935
0.28
nthreads: 1 colors: 4 vertices: 100 edges 166 colors_table: () bestIndex: 0 seed: 1135489936
0.28
nthreads: 1 colors: 4 vertices: 100 edges 166 colors_table: () bestIndex: 0 seed: 1135489938
0.27
nthreads: 1 colors: 4 vertices: 100 edges 166 colors_table: () bestIndex: 0 seed: 1135489939
0.27
nthreads: 1 colors: 4 vertices: 100 edges 166 colors_table: () bestIndex: 0 seed: 1135489940
0.27
nthreads: 1 colors: 4 vertices: 100 edges 166 colors_table: () bestIndex: 0 seed: 1135489941
0.27
nthreads: 1 colors: 4 vertices: 100 edges 166 colors_table: () bestIndex: 0 seed: 1135489943
0.27
nthreads: 1 colors: 4 vertices: 100 edges 166 colors_table: () bestIndex: 0 seed: 1135489944
0.27
nthreads: 1 colors: 4 vertices: 100 edges 166 colors_table: () bestIndex: 0 seed: 1135489945
0.27
nthreads: 1 colors: 4 vertices: 100 edges 166 colors_table: () bestIndex: 0 seed: 1135489947
0.27
nthreads: 1 colors: 4 vertices: 100 edges 166 colors_table: () bestIndex: 0 seed: 1135489948
0.27
nthreads: 1 colors: 4 vertices: 100 edges 166 colors_table: () bestIndex: 0 seed: 1135489949
0.28
nthreads: 1 colors: 4 vertices: 100 edges 166 colors_table: () bestIndex: 0 seed: 1135489951
0.27
nthreads: 1 colors: 4 vertices: 100 edges 166 colors_table: () bestIndex: 0 seed: 1135489952
0.27
nthreads: 1 colors: 4 vertices: 100 edges 166 colors_table: () bestIndex: 0 seed: 1135489953
0.27
nthreads: 1 colors: 4 vertices: 100 edges 166 colors_table: () bestIndex: 0 seed: 1135489954
0.27
nthreads: 1 colors: 4 vertices: 100 edges 166 colors_table: () bestIndex: 0 seed: 1135489956
0.27
nthreads: 1 colors: 4 vertices: 100 edges 166 colors_table: () bestIndex: 0 seed: 1135489957
0.32
