mug88_25.col.b n_loops: 20 n_threads: 1
Sun Dec 25 00:53:03 EST 2005 /home/thanhvu/nfs/Classic/1225_SameAsPATCHONLY_w_somechangestoprintSol/LogGCP20//1135489596/mug88_25.col.b_1135489982.log
Single e3308cd38d8c5eb9b3fc1f01b7fcc13b /home/thanhvu/nfs/Classic/1225_SameAsPATCHONLY_w_somechangestoprintSol/a.out
nthreads: 1 colors: 4 vertices: 88 edges 146 colors_table: () bestIndex: 0 seed: 1135489983
0.18
nthreads: 1 colors: 4 vertices: 88 edges 146 colors_table: () bestIndex: 0 seed: 1135489984
0.19
nthreads: 1 colors: 4 vertices: 88 edges 146 colors_table: () bestIndex: 0 seed: 1135489985
0.19
nthreads: 1 colors: 4 vertices: 88 edges 146 colors_table: () bestIndex: 0 seed: 1135489986
0.20
nthreads: 1 colors: 4 vertices: 88 edges 146 colors_table: () bestIndex: 0 seed: 1135489987
0.20
nthreads: 1 colors: 4 vertices: 88 edges 146 colors_table: () bestIndex: 0 seed: 1135489989
0.19
nthreads: 1 colors: 4 vertices: 88 edges 146 colors_table: () bestIndex: 0 seed: 1135489990
0.19
nthreads: 1 colors: 4 vertices: 88 edges 146 colors_table: () bestIndex: 0 seed: 1135489991
0.19
nthreads: 1 colors: 4 vertices: 88 edges 146 colors_table: () bestIndex: 0 seed: 1135489992
0.19
nthreads: 1 colors: 4 vertices: 88 edges 146 colors_table: () bestIndex: 0 seed: 1135489993
0.18
nthreads: 1 colors: 4 vertices: 88 edges 146 colors_table: () bestIndex: 0 seed: 1135489995
0.18
nthreads: 1 colors: 4 vertices: 88 edges 146 colors_table: () bestIndex: 0 seed: 1135489996
0.18
nthreads: 1 colors: 4 vertices: 88 edges 146 colors_table: () bestIndex: 0 seed: 1135489997
0.18
nthreads: 1 colors: 4 vertices: 88 edges 146 colors_table: () bestIndex: 0 seed: 1135489998
0.18
nthreads: 1 colors: 4 vertices: 88 edges 146 colors_table: () bestIndex: 0 seed: 1135489999
0.19
nthreads: 1 colors: 4 vertices: 88 edges 146 colors_table: () bestIndex: 0 seed: 1135490001
0.19
nthreads: 1 colors: 4 vertices: 88 edges 146 colors_table: () bestIndex: 0 seed: 1135490002
0.19
nthreads: 1 colors: 4 vertices: 88 edges 146 colors_table: () bestIndex: 0 seed: 1135490003
0.18
nthreads: 1 colors: 4 vertices: 88 edges 146 colors_table: () bestIndex: 0 seed: 1135490004
0.18
nthreads: 1 colors: 4 vertices: 88 edges 146 colors_table: () bestIndex: 0 seed: 1135490005
0.18
