mulsol.i.1.col.b n_loops: 20 n_threads: 1
Sun Dec 25 00:53:27 EST 2005 /home/thanhvu/nfs/Classic/1225_SameAsPATCHONLY_w_somechangestoprintSol/LogGCP20//1135489596/mulsol.i.1.col.b_1135490007.log
Single e3308cd38d8c5eb9b3fc1f01b7fcc13b /home/thanhvu/nfs/Classic/1225_SameAsPATCHONLY_w_somechangestoprintSol/a.out
nthreads: 1 colors: 49 vertices: 197 edges 3925 colors_table: () bestIndex: 0 seed: 1135490007
5.98
nthreads: 1 colors: 49 vertices: 197 edges 3925 colors_table: () bestIndex: 0 seed: 1135490014
5.98
nthreads: 1 colors: 49 vertices: 197 edges 3925 colors_table: () bestIndex: 0 seed: 1135490021
5.97
nthreads: 1 colors: 49 vertices: 197 edges 3925 colors_table: () bestIndex: 0 seed: 1135490028
5.93
nthreads: 1 colors: 49 vertices: 197 edges 3925 colors_table: () bestIndex: 0 seed: 1135490035
5.94
nthreads: 1 colors: 49 vertices: 197 edges 3925 colors_table: () bestIndex: 0 seed: 1135490042
5.97
nthreads: 1 colors: 49 vertices: 197 edges 3925 colors_table: () bestIndex: 0 seed: 1135490049
5.94
nthreads: 1 colors: 49 vertices: 197 edges 3925 colors_table: () bestIndex: 0 seed: 1135490056
5.95
nthreads: 1 colors: 49 vertices: 197 edges 3925 colors_table: () bestIndex: 0 seed: 1135490063
5.93
nthreads: 1 colors: 49 vertices: 197 edges 3925 colors_table: () bestIndex: 0 seed: 1135490070
5.94
nthreads: 1 colors: 49 vertices: 197 edges 3925 colors_table: () bestIndex: 0 seed: 1135490076
5.94
nthreads: 1 colors: 49 vertices: 197 edges 3925 colors_table: () bestIndex: 0 seed: 1135490083
5.97
nthreads: 1 colors: 49 vertices: 197 edges 3925 colors_table: () bestIndex: 0 seed: 1135490090
5.98
nthreads: 1 colors: 49 vertices: 197 edges 3925 colors_table: () bestIndex: 0 seed: 1135490097
5.98
nthreads: 1 colors: 49 vertices: 197 edges 3925 colors_table: () bestIndex: 0 seed: 1135490104
5.98
nthreads: 1 colors: 49 vertices: 197 edges 3925 colors_table: () bestIndex: 0 seed: 1135490111
5.98
nthreads: 1 colors: 49 vertices: 197 edges 3925 colors_table: () bestIndex: 0 seed: 1135490118
5.97
nthreads: 1 colors: 49 vertices: 197 edges 3925 colors_table: () bestIndex: 0 seed: 1135490125
5.94
nthreads: 1 colors: 49 vertices: 197 edges 3925 colors_table: () bestIndex: 0 seed: 1135490132
5.95
nthreads: 1 colors: 49 vertices: 197 edges 3925 colors_table: () bestIndex: 0 seed: 1135490139
5.94
