mulsol.i.2.col.b n_loops: 20 n_threads: 1
Sun Dec 25 00:55:46 EST 2005 /home/thanhvu/nfs/Classic/1225_SameAsPATCHONLY_w_somechangestoprintSol/LogGCP20//1135489596/mulsol.i.2.col.b_1135490146.log
Single e3308cd38d8c5eb9b3fc1f01b7fcc13b /home/thanhvu/nfs/Classic/1225_SameAsPATCHONLY_w_somechangestoprintSol/a.out
nthreads: 1 colors: 31 vertices: 188 edges 3885 colors_table: () bestIndex: 0 seed: 1135490146
5.09
nthreads: 1 colors: 31 vertices: 188 edges 3885 colors_table: () bestIndex: 0 seed: 1135490152
5.08
nthreads: 1 colors: 31 vertices: 188 edges 3885 colors_table: () bestIndex: 0 seed: 1135490159
5.08
nthreads: 1 colors: 31 vertices: 188 edges 3885 colors_table: () bestIndex: 0 seed: 1135490165
5.05
nthreads: 1 colors: 31 vertices: 188 edges 3885 colors_table: () bestIndex: 0 seed: 1135490171
5.08
nthreads: 1 colors: 31 vertices: 188 edges 3885 colors_table: () bestIndex: 0 seed: 1135490177
5.08
nthreads: 1 colors: 31 vertices: 188 edges 3885 colors_table: () bestIndex: 0 seed: 1135490183
5.08
nthreads: 1 colors: 31 vertices: 188 edges 3885 colors_table: () bestIndex: 0 seed: 1135490189
4.96
nthreads: 1 colors: 31 vertices: 188 edges 3885 colors_table: () bestIndex: 0 seed: 1135490195
4.98
nthreads: 1 colors: 31 vertices: 188 edges 3885 colors_table: () bestIndex: 0 seed: 1135490201
4.97
nthreads: 1 colors: 31 vertices: 188 edges 3885 colors_table: () bestIndex: 0 seed: 1135490207
4.95
nthreads: 1 colors: 31 vertices: 188 edges 3885 colors_table: () bestIndex: 0 seed: 1135490213
5.08
nthreads: 1 colors: 31 vertices: 188 edges 3885 colors_table: () bestIndex: 0 seed: 1135490219
5.00
nthreads: 1 colors: 31 vertices: 188 edges 3885 colors_table: () bestIndex: 0 seed: 1135490225
5.07
nthreads: 1 colors: 31 vertices: 188 edges 3885 colors_table: () bestIndex: 0 seed: 1135490231
4.96
nthreads: 1 colors: 31 vertices: 188 edges 3885 colors_table: () bestIndex: 0 seed: 1135490237
4.96
nthreads: 1 colors: 31 vertices: 188 edges 3885 colors_table: () bestIndex: 0 seed: 1135490243
5.07
nthreads: 1 colors: 31 vertices: 188 edges 3885 colors_table: () bestIndex: 0 seed: 1135490249
4.96
nthreads: 1 colors: 31 vertices: 188 edges 3885 colors_table: () bestIndex: 0 seed: 1135490255
5.08
nthreads: 1 colors: 31 vertices: 188 edges 3885 colors_table: () bestIndex: 0 seed: 1135490261
4.97
