mulsol.i.4.col.b n_loops: 20 n_threads: 1
Sun Dec 25 00:59:45 EST 2005 /home/thanhvu/nfs/Classic/1225_SameAsPATCHONLY_w_somechangestoprintSol/LogGCP20//1135489596/mulsol.i.4.col.b_1135490385.log
Single e3308cd38d8c5eb9b3fc1f01b7fcc13b /home/thanhvu/nfs/Classic/1225_SameAsPATCHONLY_w_somechangestoprintSol/a.out
nthreads: 1 colors: 31 vertices: 185 edges 3946 colors_table: () bestIndex: 0 seed: 1135490385
5.05
nthreads: 1 colors: 31 vertices: 185 edges 3946 colors_table: () bestIndex: 0 seed: 1135490391
4.94
nthreads: 1 colors: 31 vertices: 185 edges 3946 colors_table: () bestIndex: 0 seed: 1135490397
4.99
nthreads: 1 colors: 31 vertices: 185 edges 3946 colors_table: () bestIndex: 0 seed: 1135490403
4.96
nthreads: 1 colors: 31 vertices: 185 edges 3946 colors_table: () bestIndex: 0 seed: 1135490409
5.08
nthreads: 1 colors: 31 vertices: 185 edges 3946 colors_table: () bestIndex: 0 seed: 1135490415
4.90
nthreads: 1 colors: 31 vertices: 185 edges 3946 colors_table: () bestIndex: 0 seed: 1135490421
4.94
nthreads: 1 colors: 31 vertices: 185 edges 3946 colors_table: () bestIndex: 0 seed: 1135490427
5.08
nthreads: 1 colors: 31 vertices: 185 edges 3946 colors_table: () bestIndex: 0 seed: 1135490433
4.92
nthreads: 1 colors: 31 vertices: 185 edges 3946 colors_table: () bestIndex: 0 seed: 1135490439
5.04
nthreads: 1 colors: 31 vertices: 185 edges 3946 colors_table: () bestIndex: 0 seed: 1135490445
5.04
nthreads: 1 colors: 31 vertices: 185 edges 3946 colors_table: () bestIndex: 0 seed: 1135490451
5.03
nthreads: 1 colors: 31 vertices: 185 edges 3946 colors_table: () bestIndex: 0 seed: 1135490457
4.99
nthreads: 1 colors: 31 vertices: 185 edges 3946 colors_table: () bestIndex: 0 seed: 1135490463
5.05
nthreads: 1 colors: 31 vertices: 185 edges 3946 colors_table: () bestIndex: 0 seed: 1135490469
4.97
nthreads: 1 colors: 31 vertices: 185 edges 3946 colors_table: () bestIndex: 0 seed: 1135490475
5.01
nthreads: 1 colors: 31 vertices: 185 edges 3946 colors_table: () bestIndex: 0 seed: 1135490481
4.93
nthreads: 1 colors: 31 vertices: 185 edges 3946 colors_table: () bestIndex: 0 seed: 1135490487
4.96
nthreads: 1 colors: 31 vertices: 185 edges 3946 colors_table: () bestIndex: 0 seed: 1135490493
5.03
nthreads: 1 colors: 31 vertices: 185 edges 3946 colors_table: () bestIndex: 0 seed: 1135490499
5.01
