mulsol.i.5.col.b n_loops: 20 n_threads: 1
Sun Dec 25 01:01:45 EST 2005 /home/thanhvu/nfs/Classic/1225_SameAsPATCHONLY_w_somechangestoprintSol/LogGCP20//1135489596/mulsol.i.5.col.b_1135490505.log
Single e3308cd38d8c5eb9b3fc1f01b7fcc13b /home/thanhvu/nfs/Classic/1225_SameAsPATCHONLY_w_somechangestoprintSol/a.out
nthreads: 1 colors: 31 vertices: 186 edges 3973 colors_table: () bestIndex: 0 seed: 1135490505
4.99
nthreads: 1 colors: 31 vertices: 186 edges 3973 colors_table: () bestIndex: 0 seed: 1135490511
4.98
nthreads: 1 colors: 31 vertices: 186 edges 3973 colors_table: () bestIndex: 0 seed: 1135490517
4.99
nthreads: 1 colors: 31 vertices: 186 edges 3973 colors_table: () bestIndex: 0 seed: 1135490523
5.08
nthreads: 1 colors: 31 vertices: 186 edges 3973 colors_table: () bestIndex: 0 seed: 1135490529
5.02
nthreads: 1 colors: 31 vertices: 186 edges 3973 colors_table: () bestIndex: 0 seed: 1135490535
5.13
nthreads: 1 colors: 31 vertices: 186 edges 3973 colors_table: () bestIndex: 0 seed: 1135490542
4.98
nthreads: 1 colors: 31 vertices: 186 edges 3973 colors_table: () bestIndex: 0 seed: 1135490548
5.09
nthreads: 1 colors: 31 vertices: 186 edges 3973 colors_table: () bestIndex: 0 seed: 1135490554
4.93
nthreads: 1 colors: 31 vertices: 186 edges 3973 colors_table: () bestIndex: 0 seed: 1135490560
5.07
nthreads: 1 colors: 31 vertices: 186 edges 3973 colors_table: () bestIndex: 0 seed: 1135490566
4.99
nthreads: 1 colors: 31 vertices: 186 edges 3973 colors_table: () bestIndex: 0 seed: 1135490572
4.99
nthreads: 1 colors: 31 vertices: 186 edges 3973 colors_table: () bestIndex: 0 seed: 1135490578
5.10
nthreads: 1 colors: 31 vertices: 186 edges 3973 colors_table: () bestIndex: 0 seed: 1135490584
4.99
nthreads: 1 colors: 31 vertices: 186 edges 3973 colors_table: () bestIndex: 0 seed: 1135490590
4.98
nthreads: 1 colors: 31 vertices: 186 edges 3973 colors_table: () bestIndex: 0 seed: 1135490596
5.07
nthreads: 1 colors: 31 vertices: 186 edges 3973 colors_table: () bestIndex: 0 seed: 1135490602
5.02
nthreads: 1 colors: 31 vertices: 186 edges 3973 colors_table: () bestIndex: 0 seed: 1135490608
4.98
nthreads: 1 colors: 31 vertices: 186 edges 3973 colors_table: () bestIndex: 0 seed: 1135490614
5.08
nthreads: 1 colors: 31 vertices: 186 edges 3973 colors_table: () bestIndex: 0 seed: 1135490620
5.07
