myciel3.col.b n_loops: 20 n_threads: 1
Sun Dec 25 01:03:46 EST 2005 /home/thanhvu/nfs/Classic/1225_SameAsPATCHONLY_w_somechangestoprintSol/LogGCP20//1135489596/myciel3.col.b_1135490626.log
Single e3308cd38d8c5eb9b3fc1f01b7fcc13b /home/thanhvu/nfs/Classic/1225_SameAsPATCHONLY_w_somechangestoprintSol/a.out
nthreads: 1 colors: 4 vertices: 11 edges 20 colors_table: () bestIndex: 0 seed: 1135490626
0.00
nthreads: 1 colors: 4 vertices: 11 edges 20 colors_table: () bestIndex: 0 seed: 1135490627
0.01
nthreads: 1 colors: 4 vertices: 11 edges 20 colors_table: () bestIndex: 0 seed: 1135490628
0.01
nthreads: 1 colors: 4 vertices: 11 edges 20 colors_table: () bestIndex: 0 seed: 1135490629
0.01
nthreads: 1 colors: 4 vertices: 11 edges 20 colors_table: () bestIndex: 0 seed: 1135490630
0.01
nthreads: 1 colors: 4 vertices: 11 edges 20 colors_table: () bestIndex: 0 seed: 1135490631
0.01
nthreads: 1 colors: 4 vertices: 11 edges 20 colors_table: () bestIndex: 0 seed: 1135490632
0.01
nthreads: 1 colors: 4 vertices: 11 edges 20 colors_table: () bestIndex: 0 seed: 1135490634
0.01
nthreads: 1 colors: 4 vertices: 11 edges 20 colors_table: () bestIndex: 0 seed: 1135490635
0.01
nthreads: 1 colors: 4 vertices: 11 edges 20 colors_table: () bestIndex: 0 seed: 1135490636
0.01
nthreads: 1 colors: 4 vertices: 11 edges 20 colors_table: () bestIndex: 0 seed: 1135490637
0.01
nthreads: 1 colors: 4 vertices: 11 edges 20 colors_table: () bestIndex: 0 seed: 1135490638
0.01
nthreads: 1 colors: 4 vertices: 11 edges 20 colors_table: () bestIndex: 0 seed: 1135490639
0.01
nthreads: 1 colors: 4 vertices: 11 edges 20 colors_table: () bestIndex: 0 seed: 1135490640
0.01
nthreads: 1 colors: 4 vertices: 11 edges 20 colors_table: () bestIndex: 0 seed: 1135490641
0.01
nthreads: 1 colors: 4 vertices: 11 edges 20 colors_table: () bestIndex: 0 seed: 1135490642
0.01
nthreads: 1 colors: 4 vertices: 11 edges 20 colors_table: () bestIndex: 0 seed: 1135490643
0.01
nthreads: 1 colors: 4 vertices: 11 edges 20 colors_table: () bestIndex: 0 seed: 1135490644
0.01
nthreads: 1 colors: 4 vertices: 11 edges 20 colors_table: () bestIndex: 0 seed: 1135490645
0.01
nthreads: 1 colors: 4 vertices: 11 edges 20 colors_table: () bestIndex: 0 seed: 1135490646
0.01
