myciel5.col.b n_loops: 20 n_threads: 1
Sun Dec 25 01:04:28 EST 2005 /home/thanhvu/nfs/Classic/1225_SameAsPATCHONLY_w_somechangestoprintSol/LogGCP20//1135489596/myciel5.col.b_1135490668.log
Single e3308cd38d8c5eb9b3fc1f01b7fcc13b /home/thanhvu/nfs/Classic/1225_SameAsPATCHONLY_w_somechangestoprintSol/a.out
nthreads: 1 colors: 6 vertices: 47 edges 236 colors_table: () bestIndex: 0 seed: 1135490668
0.06
nthreads: 1 colors: 6 vertices: 47 edges 236 colors_table: () bestIndex: 0 seed: 1135490669
0.05
nthreads: 1 colors: 6 vertices: 47 edges 236 colors_table: () bestIndex: 0 seed: 1135490670
0.05
nthreads: 1 colors: 6 vertices: 47 edges 236 colors_table: () bestIndex: 0 seed: 1135490671
0.05
nthreads: 1 colors: 6 vertices: 47 edges 236 colors_table: () bestIndex: 0 seed: 1135490672
0.05
nthreads: 1 colors: 6 vertices: 47 edges 236 colors_table: () bestIndex: 0 seed: 1135490673
0.05
nthreads: 1 colors: 6 vertices: 47 edges 236 colors_table: () bestIndex: 0 seed: 1135490674
0.05
nthreads: 1 colors: 6 vertices: 47 edges 236 colors_table: () bestIndex: 0 seed: 1135490675
0.05
nthreads: 1 colors: 6 vertices: 47 edges 236 colors_table: () bestIndex: 0 seed: 1135490676
0.05
nthreads: 1 colors: 6 vertices: 47 edges 236 colors_table: () bestIndex: 0 seed: 1135490677
0.05
nthreads: 1 colors: 6 vertices: 47 edges 236 colors_table: () bestIndex: 0 seed: 1135490678
0.05
nthreads: 1 colors: 6 vertices: 47 edges 236 colors_table: () bestIndex: 0 seed: 1135490680
0.05
nthreads: 1 colors: 6 vertices: 47 edges 236 colors_table: () bestIndex: 0 seed: 1135490681
0.05
nthreads: 1 colors: 6 vertices: 47 edges 236 colors_table: () bestIndex: 0 seed: 1135490682
0.05
nthreads: 1 colors: 6 vertices: 47 edges 236 colors_table: () bestIndex: 0 seed: 1135490683
0.05
nthreads: 1 colors: 6 vertices: 47 edges 236 colors_table: () bestIndex: 0 seed: 1135490684
0.05
nthreads: 1 colors: 6 vertices: 47 edges 236 colors_table: () bestIndex: 0 seed: 1135490685
0.05
nthreads: 1 colors: 6 vertices: 47 edges 236 colors_table: () bestIndex: 0 seed: 1135490686
0.05
nthreads: 1 colors: 6 vertices: 47 edges 236 colors_table: () bestIndex: 0 seed: 1135490687
0.05
nthreads: 1 colors: 6 vertices: 47 edges 236 colors_table: () bestIndex: 0 seed: 1135490688
0.05
