qg.order40.col.b n_loops: 20 n_threads: 1
Sun Dec 25 01:19:28 EST 2005 /home/thanhvu/nfs/Classic/1225_SameAsPATCHONLY_w_somechangestoprintSol/LogGCP20//1135489596/qg.order40.col.b_1135491568.log
Single e3308cd38d8c5eb9b3fc1f01b7fcc13b /home/thanhvu/nfs/Classic/1225_SameAsPATCHONLY_w_somechangestoprintSol/a.out
nthreads: 1 colors: 40 vertices: 1600 edges 62400 colors_table: () bestIndex: 7 seed: 1135491568
62.17
nthreads: 1 colors: 40 vertices: 1600 edges 62400 colors_table: () bestIndex: 5 seed: 1135491632
62.62
nthreads: 1 colors: 40 vertices: 1600 edges 62400 colors_table: () bestIndex: 4 seed: 1135491695
62.95
nthreads: 1 colors: 40 vertices: 1600 edges 62400 colors_table: () bestIndex: 5 seed: 1135491759
62.30
nthreads: 1 colors: 40 vertices: 1600 edges 62400 colors_table: () bestIndex: 5 seed: 1135491823
61.88
nthreads: 1 colors: 40 vertices: 1600 edges 62400 colors_table: () bestIndex: 5 seed: 1135491886
61.93
nthreads: 1 colors: 40 vertices: 1600 edges 62400 colors_table: () bestIndex: 5 seed: 1135491948
62.50
nthreads: 1 colors: 40 vertices: 1600 edges 62400 colors_table: () bestIndex: 6 seed: 1135492012
62.79
nthreads: 1 colors: 40 vertices: 1600 edges 62400 colors_table: () bestIndex: 4 seed: 1135492076
61.47
nthreads: 1 colors: 40 vertices: 1600 edges 62400 colors_table: () bestIndex: 6 seed: 1135492138
62.55
nthreads: 1 colors: 40 vertices: 1600 edges 62400 colors_table: () bestIndex: 5 seed: 1135492202
62.06
nthreads: 1 colors: 40 vertices: 1600 edges 62400 colors_table: () bestIndex: 6 seed: 1135492265
61.14
nthreads: 1 colors: 40 vertices: 1600 edges 62400 colors_table: () bestIndex: 5 seed: 1135492327
62.36
nthreads: 1 colors: 40 vertices: 1600 edges 62400 colors_table: () bestIndex: 5 seed: 1135492390
62.32
nthreads: 1 colors: 40 vertices: 1600 edges 62400 colors_table: () bestIndex: 4 seed: 1135492454
62.35
nthreads: 1 colors: 40 vertices: 1600 edges 62400 colors_table: () bestIndex: 5 seed: 1135492517
62.68
nthreads: 1 colors: 40 vertices: 1600 edges 62400 colors_table: () bestIndex: 4 seed: 1135492581
59.87
nthreads: 1 colors: 40 vertices: 1600 edges 62400 colors_table: () bestIndex: 6 seed: 1135492642
60.05
nthreads: 1 colors: 40 vertices: 1600 edges 62400 colors_table: () bestIndex: 5 seed: 1135492703
61.91
nthreads: 1 colors: 40 vertices: 1600 edges 62400 colors_table: () bestIndex: 4 seed: 1135492766
61.85
