queen9_9.col.b n_loops: 20 n_threads: 1
Sun Dec 25 02:46:40 EST 2005 /home/thanhvu/nfs/Classic/1225_SameAsPATCHONLY_w_somechangestoprintSol/LogGCP20//1135489596/queen9_9.col.b_1135496800.log
Single e3308cd38d8c5eb9b3fc1f01b7fcc13b /home/thanhvu/nfs/Classic/1225_SameAsPATCHONLY_w_somechangestoprintSol/a.out
nthreads: 1 colors: 10 vertices: 81 edges 1056 colors_table: () bestIndex: 23 seed: 1135496800
0.33
nthreads: 1 colors: 10 vertices: 81 edges 1056 colors_table: () bestIndex: 38 seed: 1135496802
0.34
nthreads: 1 colors: 10 vertices: 81 edges 1056 colors_table: () bestIndex: 29 seed: 1135496803
0.33
nthreads: 1 colors: 10 vertices: 81 edges 1056 colors_table: () bestIndex: 27 seed: 1135496805
0.32
nthreads: 1 colors: 10 vertices: 81 edges 1056 colors_table: () bestIndex: 46 seed: 1135496806
0.34
nthreads: 1 colors: 10 vertices: 81 edges 1056 colors_table: () bestIndex: 28 seed: 1135496807
0.33
nthreads: 1 colors: 10 vertices: 81 edges 1056 colors_table: () bestIndex: 22 seed: 1135496809
0.32
nthreads: 1 colors: 10 vertices: 81 edges 1056 colors_table: () bestIndex: 22 seed: 1135496810
0.32
nthreads: 1 colors: 10 vertices: 81 edges 1056 colors_table: () bestIndex: 38 seed: 1135496811
0.35
nthreads: 1 colors: 10 vertices: 81 edges 1056 colors_table: () bestIndex: 67 seed: 1135496813
0.37
nthreads: 1 colors: 10 vertices: 81 edges 1056 colors_table: () bestIndex: 25 seed: 1135496814
0.34
nthreads: 1 colors: 10 vertices: 81 edges 1056 colors_table: () bestIndex: 44 seed: 1135496815
0.35
nthreads: 1 colors: 10 vertices: 81 edges 1056 colors_table: () bestIndex: 40 seed: 1135496817
0.34
nthreads: 1 colors: 10 vertices: 81 edges 1056 colors_table: () bestIndex: 45 seed: 1135496818
0.35
nthreads: 1 colors: 10 vertices: 81 edges 1056 colors_table: () bestIndex: 36 seed: 1135496820
0.33
nthreads: 1 colors: 10 vertices: 81 edges 1056 colors_table: () bestIndex: 23 seed: 1135496821
0.32
nthreads: 1 colors: 10 vertices: 81 edges 1056 colors_table: () bestIndex: 27 seed: 1135496822
0.33
nthreads: 1 colors: 10 vertices: 81 edges 1056 colors_table: () bestIndex: 29 seed: 1135496824
0.32
nthreads: 1 colors: 10 vertices: 81 edges 1056 colors_table: () bestIndex: 29 seed: 1135496825
0.33
nthreads: 1 colors: 10 vertices: 81 edges 1056 colors_table: () bestIndex: 93 seed: 1135496826
0.41
