queen8_8.col.b n_loops: 20 n_threads: 1
Sun Dec 25 02:46:16 EST 2005 /home/thanhvu/nfs/Classic/1225_SameAsPATCHONLY_w_somechangestoprintSol/LogGCP20//1135489596/queen8_8.col.b_1135496776.log
Single e3308cd38d8c5eb9b3fc1f01b7fcc13b /home/thanhvu/nfs/Classic/1225_SameAsPATCHONLY_w_somechangestoprintSol/a.out
nthreads: 1 colors: 9 vertices: 64 edges 728 colors_table: () bestIndex: 34 seed: 1135496776
0.19
nthreads: 1 colors: 9 vertices: 64 edges 728 colors_table: () bestIndex: 37 seed: 1135496777
0.19
nthreads: 1 colors: 9 vertices: 64 edges 728 colors_table: () bestIndex: 16 seed: 1135496779
0.17
nthreads: 1 colors: 9 vertices: 64 edges 728 colors_table: () bestIndex: 29 seed: 1135496780
0.18
nthreads: 1 colors: 9 vertices: 64 edges 728 colors_table: () bestIndex: 7 seed: 1135496781
0.17
nthreads: 1 colors: 9 vertices: 64 edges 728 colors_table: () bestIndex: 24 seed: 1135496782
0.17
nthreads: 1 colors: 9 vertices: 64 edges 728 colors_table: () bestIndex: 147 seed: 1135496783
0.27
nthreads: 1 colors: 9 vertices: 64 edges 728 colors_table: () bestIndex: 50 seed: 1135496785
0.20
nthreads: 1 colors: 9 vertices: 64 edges 728 colors_table: () bestIndex: 15 seed: 1135496786
0.17
nthreads: 1 colors: 9 vertices: 64 edges 728 colors_table: () bestIndex: 41 seed: 1135496787
0.20
nthreads: 1 colors: 9 vertices: 64 edges 728 colors_table: () bestIndex: 59 seed: 1135496788
0.20
nthreads: 1 colors: 9 vertices: 64 edges 728 colors_table: () bestIndex: 14 seed: 1135496790
0.17
nthreads: 1 colors: 9 vertices: 64 edges 728 colors_table: () bestIndex: 28 seed: 1135496791
0.19
nthreads: 1 colors: 9 vertices: 64 edges 728 colors_table: () bestIndex: 16 seed: 1135496792
0.19
nthreads: 1 colors: 9 vertices: 64 edges 728 colors_table: () bestIndex: 4 seed: 1135496793
0.16
nthreads: 1 colors: 9 vertices: 64 edges 728 colors_table: () bestIndex: 10 seed: 1135496794
0.16
nthreads: 1 colors: 9 vertices: 64 edges 728 colors_table: () bestIndex: 6 seed: 1135496796
0.18
nthreads: 1 colors: 9 vertices: 64 edges 728 colors_table: () bestIndex: 18 seed: 1135496797
0.18
nthreads: 1 colors: 9 vertices: 64 edges 728 colors_table: () bestIndex: 26 seed: 1135496798
0.19
nthreads: 1 colors: 9 vertices: 64 edges 728 colors_table: () bestIndex: 13 seed: 1135496799
0.17
