miles1500.col.b n_loops: 20 n_threads: 1
Sun Dec 25 00:47:48 EST 2005 /home/thanhvu/nfs/Classic/1225_SameAsPATCHONLY_w_somechangestoprintSol/LogGCP20//1135489596/miles1500.col.b_1135489668.log
Single e3308cd38d8c5eb9b3fc1f01b7fcc13b /home/thanhvu/nfs/Classic/1225_SameAsPATCHONLY_w_somechangestoprintSol/a.out
nthreads: 1 colors: 73 vertices: 128 edges 5198 colors_table: () bestIndex: 0 seed: 1135489668
4.22
nthreads: 1 colors: 73 vertices: 128 edges 5198 colors_table: () bestIndex: 0 seed: 1135489673
4.21
nthreads: 1 colors: 73 vertices: 128 edges 5198 colors_table: () bestIndex: 0 seed: 1135489678
4.23
nthreads: 1 colors: 73 vertices: 128 edges 5198 colors_table: () bestIndex: 0 seed: 1135489683
4.21
nthreads: 1 colors: 73 vertices: 128 edges 5198 colors_table: () bestIndex: 0 seed: 1135489689
4.21
nthreads: 1 colors: 73 vertices: 128 edges 5198 colors_table: () bestIndex: 0 seed: 1135489694
4.22
nthreads: 1 colors: 73 vertices: 128 edges 5198 colors_table: () bestIndex: 0 seed: 1135489699
4.21
nthreads: 1 colors: 73 vertices: 128 edges 5198 colors_table: () bestIndex: 0 seed: 1135489704
4.22
nthreads: 1 colors: 73 vertices: 128 edges 5198 colors_table: () bestIndex: 0 seed: 1135489710
4.22
nthreads: 1 colors: 73 vertices: 128 edges 5198 colors_table: () bestIndex: 0 seed: 1135489715
4.24
nthreads: 1 colors: 73 vertices: 128 edges 5198 colors_table: () bestIndex: 0 seed: 1135489720
4.21
nthreads: 1 colors: 73 vertices: 128 edges 5198 colors_table: () bestIndex: 0 seed: 1135489725
4.26
nthreads: 1 colors: 73 vertices: 128 edges 5198 colors_table: () bestIndex: 0 seed: 1135489731
4.23
nthreads: 1 colors: 73 vertices: 128 edges 5198 colors_table: () bestIndex: 0 seed: 1135489736
4.22
nthreads: 1 colors: 73 vertices: 128 edges 5198 colors_table: () bestIndex: 0 seed: 1135489741
4.21
nthreads: 1 colors: 73 vertices: 128 edges 5198 colors_table: () bestIndex: 0 seed: 1135489746
4.21
nthreads: 1 colors: 73 vertices: 128 edges 5198 colors_table: () bestIndex: 0 seed: 1135489751
4.21
nthreads: 1 colors: 73 vertices: 128 edges 5198 colors_table: () bestIndex: 0 seed: 1135489757
4.24
nthreads: 1 colors: 73 vertices: 128 edges 5198 colors_table: () bestIndex: 0 seed: 1135489762
4.21
nthreads: 1 colors: 73 vertices: 128 edges 5198 colors_table: () bestIndex: 0 seed: 1135489767
4.22
