mug100_1.col.b n_loops: 20 n_threads: 1
Sun Dec 25 00:51:47 EST 2005 /home/thanhvu/nfs/Classic/1225_SameAsPATCHONLY_w_somechangestoprintSol/LogGCP20//1135489596/mug100_1.col.b_1135489906.log
Single e3308cd38d8c5eb9b3fc1f01b7fcc13b /home/thanhvu/nfs/Classic/1225_SameAsPATCHONLY_w_somechangestoprintSol/a.out
nthreads: 1 colors: 4 vertices: 100 edges 166 colors_table: () bestIndex: 0 seed: 1135489907
0.27
nthreads: 1 colors: 4 vertices: 100 edges 166 colors_table: () bestIndex: 0 seed: 1135489908
0.28
nthreads: 1 colors: 4 vertices: 100 edges 166 colors_table: () bestIndex: 0 seed: 1135489909
0.27
nthreads: 1 colors: 4 vertices: 100 edges 166 colors_table: () bestIndex: 0 seed: 1135489910
0.27
nthreads: 1 colors: 4 vertices: 100 edges 166 colors_table: () bestIndex: 0 seed: 1135489912
0.27
nthreads: 1 colors: 4 vertices: 100 edges 166 colors_table: () bestIndex: 0 seed: 1135489913
0.26
nthreads: 1 colors: 4 vertices: 100 edges 166 colors_table: () bestIndex: 0 seed: 1135489914
0.27
nthreads: 1 colors: 4 vertices: 100 edges 166 colors_table: () bestIndex: 0 seed: 1135489916
0.27
nthreads: 1 colors: 4 vertices: 100 edges 166 colors_table: () bestIndex: 0 seed: 1135489917
0.27
nthreads: 1 colors: 4 vertices: 100 edges 166 colors_table: () bestIndex: 0 seed: 1135489918
0.27
nthreads: 1 colors: 4 vertices: 100 edges 166 colors_table: () bestIndex: 0 seed: 1135489919
0.27
nthreads: 1 colors: 4 vertices: 100 edges 166 colors_table: () bestIndex: 0 seed: 1135489921
0.27
nthreads: 1 colors: 4 vertices: 100 edges 166 colors_table: () bestIndex: 0 seed: 1135489922
0.27
nthreads: 1 colors: 4 vertices: 100 edges 166 colors_table: () bestIndex: 0 seed: 1135489923
0.27
nthreads: 1 colors: 4 vertices: 100 edges 166 colors_table: () bestIndex: 0 seed: 1135489925
0.27
nthreads: 1 colors: 4 vertices: 100 edges 166 colors_table: () bestIndex: 0 seed: 1135489926
0.28
nthreads: 1 colors: 4 vertices: 100 edges 166 colors_table: () bestIndex: 0 seed: 1135489927
0.27
nthreads: 1 colors: 4 vertices: 100 edges 166 colors_table: () bestIndex: 0 seed: 1135489928
0.27
nthreads: 1 colors: 4 vertices: 100 edges 166 colors_table: () bestIndex: 0 seed: 1135489930
0.31
nthreads: 1 colors: 4 vertices: 100 edges 166 colors_table: () bestIndex: 0 seed: 1135489931
0.28
