mug88_1.col.b n_loops: 20 n_threads: 1
Sun Dec 25 00:52:38 EST 2005 /home/thanhvu/nfs/Classic/1225_SameAsPATCHONLY_w_somechangestoprintSol/LogGCP20//1135489596/mug88_1.col.b_1135489958.log
Single e3308cd38d8c5eb9b3fc1f01b7fcc13b /home/thanhvu/nfs/Classic/1225_SameAsPATCHONLY_w_somechangestoprintSol/a.out
nthreads: 1 colors: 4 vertices: 88 edges 146 colors_table: () bestIndex: 0 seed: 1135489958
0.19
nthreads: 1 colors: 4 vertices: 88 edges 146 colors_table: () bestIndex: 0 seed: 1135489960
0.18
nthreads: 1 colors: 4 vertices: 88 edges 146 colors_table: () bestIndex: 0 seed: 1135489961
0.18
nthreads: 1 colors: 4 vertices: 88 edges 146 colors_table: () bestIndex: 0 seed: 1135489962
0.19
nthreads: 1 colors: 4 vertices: 88 edges 146 colors_table: () bestIndex: 0 seed: 1135489963
0.19
nthreads: 1 colors: 4 vertices: 88 edges 146 colors_table: () bestIndex: 0 seed: 1135489964
0.19
nthreads: 1 colors: 4 vertices: 88 edges 146 colors_table: () bestIndex: 0 seed: 1135489966
0.19
nthreads: 1 colors: 4 vertices: 88 edges 146 colors_table: () bestIndex: 0 seed: 1135489967
0.18
nthreads: 1 colors: 4 vertices: 88 edges 146 colors_table: () bestIndex: 0 seed: 1135489968
0.18
nthreads: 1 colors: 4 vertices: 88 edges 146 colors_table: () bestIndex: 0 seed: 1135489969
0.19
nthreads: 1 colors: 4 vertices: 88 edges 146 colors_table: () bestIndex: 0 seed: 1135489970
0.19
nthreads: 1 colors: 4 vertices: 88 edges 146 colors_table: () bestIndex: 0 seed: 1135489972
0.19
nthreads: 1 colors: 4 vertices: 88 edges 146 colors_table: () bestIndex: 0 seed: 1135489973
0.19
nthreads: 1 colors: 4 vertices: 88 edges 146 colors_table: () bestIndex: 0 seed: 1135489974
0.18
nthreads: 1 colors: 4 vertices: 88 edges 146 colors_table: () bestIndex: 0 seed: 1135489975
0.18
nthreads: 1 colors: 4 vertices: 88 edges 146 colors_table: () bestIndex: 0 seed: 1135489976
0.19
nthreads: 1 colors: 4 vertices: 88 edges 146 colors_table: () bestIndex: 0 seed: 1135489978
0.19
nthreads: 1 colors: 4 vertices: 88 edges 146 colors_table: () bestIndex: 0 seed: 1135489979
0.18
nthreads: 1 colors: 4 vertices: 88 edges 146 colors_table: () bestIndex: 0 seed: 1135489980
0.18
nthreads: 1 colors: 4 vertices: 88 edges 146 colors_table: () bestIndex: 0 seed: 1135489981
0.18
