myciel4.col.b n_loops: 20 n_threads: 1
Sun Dec 25 01:04:07 EST 2005 /home/thanhvu/nfs/Classic/1225_SameAsPATCHONLY_w_somechangestoprintSol/LogGCP20//1135489596/myciel4.col.b_1135490647.log
Single e3308cd38d8c5eb9b3fc1f01b7fcc13b /home/thanhvu/nfs/Classic/1225_SameAsPATCHONLY_w_somechangestoprintSol/a.out
nthreads: 1 colors: 5 vertices: 23 edges 71 colors_table: () bestIndex: 0 seed: 1135490647
0.01
nthreads: 1 colors: 5 vertices: 23 edges 71 colors_table: () bestIndex: 0 seed: 1135490648
0.01
nthreads: 1 colors: 5 vertices: 23 edges 71 colors_table: () bestIndex: 0 seed: 1135490649
0.01
nthreads: 1 colors: 5 vertices: 23 edges 71 colors_table: () bestIndex: 0 seed: 1135490650
0.01
nthreads: 1 colors: 5 vertices: 23 edges 71 colors_table: () bestIndex: 0 seed: 1135490651
0.01
nthreads: 1 colors: 5 vertices: 23 edges 71 colors_table: () bestIndex: 0 seed: 1135490652
0.01
nthreads: 1 colors: 5 vertices: 23 edges 71 colors_table: () bestIndex: 0 seed: 1135490653
0.01
nthreads: 1 colors: 5 vertices: 23 edges 71 colors_table: () bestIndex: 0 seed: 1135490654
0.01
nthreads: 1 colors: 5 vertices: 23 edges 71 colors_table: () bestIndex: 0 seed: 1135490655
0.01
nthreads: 1 colors: 5 vertices: 23 edges 71 colors_table: () bestIndex: 0 seed: 1135490656
0.01
nthreads: 1 colors: 5 vertices: 23 edges 71 colors_table: () bestIndex: 0 seed: 1135490657
0.01
nthreads: 1 colors: 5 vertices: 23 edges 71 colors_table: () bestIndex: 0 seed: 1135490658
0.01
nthreads: 1 colors: 5 vertices: 23 edges 71 colors_table: () bestIndex: 0 seed: 1135490659
0.01
nthreads: 1 colors: 5 vertices: 23 edges 71 colors_table: () bestIndex: 0 seed: 1135490660
0.01
nthreads: 1 colors: 5 vertices: 23 edges 71 colors_table: () bestIndex: 0 seed: 1135490661
0.01
nthreads: 1 colors: 5 vertices: 23 edges 71 colors_table: () bestIndex: 0 seed: 1135490662
0.01
nthreads: 1 colors: 5 vertices: 23 edges 71 colors_table: () bestIndex: 0 seed: 1135490664
0.01
nthreads: 1 colors: 5 vertices: 23 edges 71 colors_table: () bestIndex: 0 seed: 1135490665
0.01
nthreads: 1 colors: 5 vertices: 23 edges 71 colors_table: () bestIndex: 0 seed: 1135490666
0.01
nthreads: 1 colors: 5 vertices: 23 edges 71 colors_table: () bestIndex: 0 seed: 1135490667
0.02
