myciel6.col.b n_loops: 20 n_threads: 1
Sun Dec 25 01:04:49 EST 2005 /home/thanhvu/nfs/Classic/1225_SameAsPATCHONLY_w_somechangestoprintSol/LogGCP20//1135489596/myciel6.col.b_1135490689.log
Single e3308cd38d8c5eb9b3fc1f01b7fcc13b /home/thanhvu/nfs/Classic/1225_SameAsPATCHONLY_w_somechangestoprintSol/a.out
nthreads: 1 colors: 7 vertices: 95 edges 755 colors_table: () bestIndex: 0 seed: 1135490689
0.44
nthreads: 1 colors: 7 vertices: 95 edges 755 colors_table: () bestIndex: 0 seed: 1135490691
0.43
nthreads: 1 colors: 7 vertices: 95 edges 755 colors_table: () bestIndex: 0 seed: 1135490692
0.43
nthreads: 1 colors: 7 vertices: 95 edges 755 colors_table: () bestIndex: 0 seed: 1135490694
0.43
nthreads: 1 colors: 7 vertices: 95 edges 755 colors_table: () bestIndex: 0 seed: 1135490695
0.43
nthreads: 1 colors: 7 vertices: 95 edges 755 colors_table: () bestIndex: 0 seed: 1135490697
0.44
nthreads: 1 colors: 7 vertices: 95 edges 755 colors_table: () bestIndex: 0 seed: 1135490698
0.43
nthreads: 1 colors: 7 vertices: 95 edges 755 colors_table: () bestIndex: 0 seed: 1135490699
0.43
nthreads: 1 colors: 7 vertices: 95 edges 755 colors_table: () bestIndex: 0 seed: 1135490701
0.43
nthreads: 1 colors: 7 vertices: 95 edges 755 colors_table: () bestIndex: 0 seed: 1135490702
0.44
nthreads: 1 colors: 7 vertices: 95 edges 755 colors_table: () bestIndex: 0 seed: 1135490704
0.43
nthreads: 1 colors: 7 vertices: 95 edges 755 colors_table: () bestIndex: 0 seed: 1135490705
0.43
nthreads: 1 colors: 7 vertices: 95 edges 755 colors_table: () bestIndex: 0 seed: 1135490707
0.43
nthreads: 1 colors: 7 vertices: 95 edges 755 colors_table: () bestIndex: 0 seed: 1135490708
0.43
nthreads: 1 colors: 7 vertices: 95 edges 755 colors_table: () bestIndex: 0 seed: 1135490710
0.43
nthreads: 1 colors: 7 vertices: 95 edges 755 colors_table: () bestIndex: 0 seed: 1135490711
0.43
nthreads: 1 colors: 7 vertices: 95 edges 755 colors_table: () bestIndex: 0 seed: 1135490712
0.45
nthreads: 1 colors: 7 vertices: 95 edges 755 colors_table: () bestIndex: 0 seed: 1135490714
0.43
nthreads: 1 colors: 7 vertices: 95 edges 755 colors_table: () bestIndex: 0 seed: 1135490715
0.44
nthreads: 1 colors: 7 vertices: 95 edges 755 colors_table: () bestIndex: 0 seed: 1135490717
0.43
