qg.order30.col.b n_loops: 20 n_threads: 1
Sun Dec 25 01:06:47 EST 2005 /home/thanhvu/nfs/Classic/1225_SameAsPATCHONLY_w_somechangestoprintSol/LogGCP20//1135489596/qg.order30.col.b_1135490806.log
Single e3308cd38d8c5eb9b3fc1f01b7fcc13b /home/thanhvu/nfs/Classic/1225_SameAsPATCHONLY_w_somechangestoprintSol/a.out
nthreads: 1 colors: 30 vertices: 900 edges 26100 colors_table: () bestIndex: 161 seed: 1135490807
36.62
nthreads: 1 colors: 30 vertices: 900 edges 26100 colors_table: () bestIndex: 161 seed: 1135490844
36.65
nthreads: 1 colors: 30 vertices: 900 edges 26100 colors_table: () bestIndex: 161 seed: 1135490882
36.76
nthreads: 1 colors: 30 vertices: 900 edges 26100 colors_table: () bestIndex: 161 seed: 1135490920
37.91
nthreads: 1 colors: 30 vertices: 900 edges 26100 colors_table: () bestIndex: 161 seed: 1135490959
36.68
nthreads: 1 colors: 30 vertices: 900 edges 26100 colors_table: () bestIndex: 162 seed: 1135490996
36.72
nthreads: 1 colors: 30 vertices: 900 edges 26100 colors_table: () bestIndex: 161 seed: 1135491034
37.93
nthreads: 1 colors: 30 vertices: 900 edges 26100 colors_table: () bestIndex: 161 seed: 1135491073
38.06
nthreads: 1 colors: 30 vertices: 900 edges 26100 colors_table: () bestIndex: 161 seed: 1135491112
37.64
nthreads: 1 colors: 30 vertices: 900 edges 26100 colors_table: () bestIndex: 161 seed: 1135491151
36.80
nthreads: 1 colors: 30 vertices: 900 edges 26100 colors_table: () bestIndex: 162 seed: 1135491189
36.57
nthreads: 1 colors: 30 vertices: 900 edges 26100 colors_table: () bestIndex: 161 seed: 1135491226
36.50
nthreads: 1 colors: 30 vertices: 900 edges 26100 colors_table: () bestIndex: 162 seed: 1135491264
36.52
nthreads: 1 colors: 30 vertices: 900 edges 26100 colors_table: () bestIndex: 162 seed: 1135491301
36.50
nthreads: 1 colors: 30 vertices: 900 edges 26100 colors_table: () bestIndex: 161 seed: 1135491339
36.49
nthreads: 1 colors: 30 vertices: 900 edges 26100 colors_table: () bestIndex: 161 seed: 1135491376
36.52
nthreads: 1 colors: 30 vertices: 900 edges 26100 colors_table: () bestIndex: 161 seed: 1135491414
36.57
nthreads: 1 colors: 30 vertices: 900 edges 26100 colors_table: () bestIndex: 162 seed: 1135491451
38.09
nthreads: 1 colors: 30 vertices: 900 edges 26100 colors_table: () bestIndex: 161 seed: 1135491490
39.30
nthreads: 1 colors: 30 vertices: 900 edges 26100 colors_table: () bestIndex: 162 seed: 1135491531
36.65
