queen7_7.col.b n_loops: 20 n_threads: 1
Sun Dec 25 02:45:22 EST 2005 /home/thanhvu/nfs/Classic/1225_SameAsPATCHONLY_w_somechangestoprintSol/LogGCP20//1135489596/queen7_7.col.b_1135496722.log
Single e3308cd38d8c5eb9b3fc1f01b7fcc13b /home/thanhvu/nfs/Classic/1225_SameAsPATCHONLY_w_somechangestoprintSol/a.out
nthreads: 1 colors: 7 vertices: 49 edges 476 colors_table: () bestIndex: 2 seed: 1135496722
0.07
nthreads: 1 colors: 7 vertices: 49 edges 476 colors_table: () bestIndex: 7 seed: 1135496723
0.07
nthreads: 1 colors: 7 vertices: 49 edges 476 colors_table: () bestIndex: 165 seed: 1135496724
0.11
nthreads: 1 colors: 7 vertices: 49 edges 476 colors_table: () bestIndex: 3 seed: 1135496725
0.06
nthreads: 1 colors: 7 vertices: 49 edges 476 colors_table: () bestIndex: 29 seed: 1135496727
0.07
nthreads: 1 colors: 7 vertices: 49 edges 476 colors_table: () bestIndex: 136 seed: 1135496728
0.11
nthreads: 1 colors: 8 vertices: 49 edges 476 colors_table: () bestIndex: 84 seed: 1135496729
0.09
nthreads: 1 colors: 7 vertices: 49 edges 476 colors_table: () bestIndex: 18 seed: 1135496730
0.07
nthreads: 1 colors: 7 vertices: 49 edges 476 colors_table: () bestIndex: 35 seed: 1135496731
0.07
nthreads: 1 colors: 7 vertices: 49 edges 476 colors_table: () bestIndex: 63 seed: 1135496732
0.08
nthreads: 1 colors: 7 vertices: 49 edges 476 colors_table: () bestIndex: 13 seed: 1135496733
0.07
nthreads: 1 colors: 7 vertices: 49 edges 476 colors_table: () bestIndex: 24 seed: 1135496734
0.07
nthreads: 1 colors: 7 vertices: 49 edges 476 colors_table: () bestIndex: 120 seed: 1135496735
0.11
nthreads: 1 colors: 7 vertices: 49 edges 476 colors_table: () bestIndex: 5 seed: 1135496736
0.07
nthreads: 1 colors: 7 vertices: 49 edges 476 colors_table: () bestIndex: 28 seed: 1135496738
0.07
nthreads: 1 colors: 7 vertices: 49 edges 476 colors_table: () bestIndex: 42 seed: 1135496739
0.08
nthreads: 1 colors: 7 vertices: 49 edges 476 colors_table: () bestIndex: 29 seed: 1135496740
0.08
nthreads: 1 colors: 7 vertices: 49 edges 476 colors_table: () bestIndex: 58 seed: 1135496741
0.08
nthreads: 1 colors: 7 vertices: 49 edges 476 colors_table: () bestIndex: 44 seed: 1135496742
0.08
nthreads: 1 colors: 8 vertices: 49 edges 476 colors_table: () bestIndex: 63 seed: 1135496743
0.09
