queen6_6.col.b n_loops: 20 n_threads: 1
Sun Dec 25 02:45:01 EST 2005 /home/thanhvu/nfs/Classic/1225_SameAsPATCHONLY_w_somechangestoprintSol/LogGCP20//1135489596/queen6_6.col.b_1135496701.log
Single e3308cd38d8c5eb9b3fc1f01b7fcc13b /home/thanhvu/nfs/Classic/1225_SameAsPATCHONLY_w_somechangestoprintSol/a.out
nthreads: 1 colors: 7 vertices: 36 edges 290 colors_table: () bestIndex: 42 seed: 1135496701
0.03
nthreads: 1 colors: 7 vertices: 36 edges 290 colors_table: () bestIndex: 117 seed: 1135496702
0.05
nthreads: 1 colors: 7 vertices: 36 edges 290 colors_table: () bestIndex: 66 seed: 1135496703
0.04
nthreads: 1 colors: 7 vertices: 36 edges 290 colors_table: () bestIndex: 67 seed: 1135496704
0.04
nthreads: 1 colors: 8 vertices: 36 edges 290 colors_table: () bestIndex: 0 seed: 1135496705
0.04
nthreads: 1 colors: 7 vertices: 36 edges 290 colors_table: () bestIndex: 62 seed: 1135496706
0.04
nthreads: 1 colors: 7 vertices: 36 edges 290 colors_table: () bestIndex: 64 seed: 1135496707
0.04
nthreads: 1 colors: 8 vertices: 36 edges 290 colors_table: () bestIndex: 0 seed: 1135496708
0.04
nthreads: 1 colors: 7 vertices: 36 edges 290 colors_table: () bestIndex: 93 seed: 1135496709
0.05
nthreads: 1 colors: 7 vertices: 36 edges 290 colors_table: () bestIndex: 49 seed: 1135496710
0.04
nthreads: 1 colors: 7 vertices: 36 edges 290 colors_table: () bestIndex: 83 seed: 1135496711
0.05
nthreads: 1 colors: 7 vertices: 36 edges 290 colors_table: () bestIndex: 56 seed: 1135496712
0.05
nthreads: 1 colors: 8 vertices: 36 edges 290 colors_table: () bestIndex: 0 seed: 1135496714
0.04
nthreads: 1 colors: 8 vertices: 36 edges 290 colors_table: () bestIndex: 0 seed: 1135496715
0.04
nthreads: 1 colors: 7 vertices: 36 edges 290 colors_table: () bestIndex: 43 seed: 1135496716
0.04
nthreads: 1 colors: 7 vertices: 36 edges 290 colors_table: () bestIndex: 52 seed: 1135496717
0.04
nthreads: 1 colors: 7 vertices: 36 edges 290 colors_table: () bestIndex: 45 seed: 1135496718
0.04
nthreads: 1 colors: 7 vertices: 36 edges 290 colors_table: () bestIndex: 71 seed: 1135496719
0.04
nthreads: 1 colors: 7 vertices: 36 edges 290 colors_table: () bestIndex: 41 seed: 1135496720
0.04
nthreads: 1 colors: 7 vertices: 36 edges 290 colors_table: () bestIndex: 75 seed: 1135496721
0.07
