queen8_12.col.b n_loops: 20 n_threads: 1
Sun Dec 25 02:45:44 EST 2005 /home/thanhvu/nfs/Classic/1225_SameAsPATCHONLY_w_somechangestoprintSol/LogGCP20//1135489596/queen8_12.col.b_1135496744.log
Single e3308cd38d8c5eb9b3fc1f01b7fcc13b /home/thanhvu/nfs/Classic/1225_SameAsPATCHONLY_w_somechangestoprintSol/a.out
nthreads: 1 colors: 12 vertices: 96 edges 1368 colors_table: () bestIndex: 22 seed: 1135496744
0.59
nthreads: 1 colors: 12 vertices: 96 edges 1368 colors_table: () bestIndex: 23 seed: 1135496746
0.58
nthreads: 1 colors: 12 vertices: 96 edges 1368 colors_table: () bestIndex: 23 seed: 1135496747
0.58
nthreads: 1 colors: 12 vertices: 96 edges 1368 colors_table: () bestIndex: 21 seed: 1135496749
0.56
nthreads: 1 colors: 12 vertices: 96 edges 1368 colors_table: () bestIndex: 22 seed: 1135496751
0.58
nthreads: 1 colors: 12 vertices: 96 edges 1368 colors_table: () bestIndex: 21 seed: 1135496752
0.57
nthreads: 1 colors: 12 vertices: 96 edges 1368 colors_table: () bestIndex: 21 seed: 1135496754
0.57
nthreads: 1 colors: 12 vertices: 96 edges 1368 colors_table: () bestIndex: 21 seed: 1135496755
0.57
nthreads: 1 colors: 12 vertices: 96 edges 1368 colors_table: () bestIndex: 21 seed: 1135496757
0.57
nthreads: 1 colors: 12 vertices: 96 edges 1368 colors_table: () bestIndex: 22 seed: 1135496759
0.57
nthreads: 1 colors: 12 vertices: 96 edges 1368 colors_table: () bestIndex: 21 seed: 1135496760
0.59
nthreads: 1 colors: 12 vertices: 96 edges 1368 colors_table: () bestIndex: 21 seed: 1135496762
0.57
nthreads: 1 colors: 12 vertices: 96 edges 1368 colors_table: () bestIndex: 21 seed: 1135496763
0.57
nthreads: 1 colors: 12 vertices: 96 edges 1368 colors_table: () bestIndex: 21 seed: 1135496765
0.58
nthreads: 1 colors: 12 vertices: 96 edges 1368 colors_table: () bestIndex: 21 seed: 1135496767
0.59
nthreads: 1 colors: 12 vertices: 96 edges 1368 colors_table: () bestIndex: 21 seed: 1135496768
0.58
nthreads: 1 colors: 12 vertices: 96 edges 1368 colors_table: () bestIndex: 21 seed: 1135496770
0.57
nthreads: 1 colors: 12 vertices: 96 edges 1368 colors_table: () bestIndex: 21 seed: 1135496771
0.60
nthreads: 1 colors: 12 vertices: 96 edges 1368 colors_table: () bestIndex: 22 seed: 1135496773
0.59
nthreads: 1 colors: 12 vertices: 96 edges 1368 colors_table: () bestIndex: 22 seed: 1135496775
0.57
