DSJC1000.5.col.b n_loops: 100 n_threads: 1
Sun Dec 25 03:34:28 EST 2005 /home/thanhvu/nfs/Classic/1225_SameAsPATCHONLY_w_somechangestoprintSol/LogGCP100//1135499668/DSJC1000.5.col.b_1135499668.log
Single e3308cd38d8c5eb9b3fc1f01b7fcc13b /home/thanhvu/nfs/Classic/1225_SameAsPATCHONLY_w_somechangestoprintSol/a.out
nthreads: 1 colors: 91 vertices: 1000 edges 249826 colors_table: () bestIndex: 2398 seed: 1135499668
277.66
nthreads: 1 colors: 92 vertices: 1000 edges 249826 colors_table: () bestIndex: 1119 seed: 1135499947
188.33
nthreads: 1 colors: 92 vertices: 1000 edges 249826 colors_table: () bestIndex: 1675 seed: 1135500136
225.66
nthreads: 1 colors: 91 vertices: 1000 edges 249826 colors_table: () bestIndex: 2193 seed: 1135500363
264.82
nthreads: 1 colors: 91 vertices: 1000 edges 249826 colors_table: () bestIndex: 1140 seed: 1135500628
189.22
nthreads: 1 colors: 91 vertices: 1000 edges 249826 colors_table: () bestIndex: 2611 seed: 1135500819
288.04
nthreads: 1 colors: 92 vertices: 1000 edges 249826 colors_table: () bestIndex: 766 seed: 1135501108
163.86
nthreads: 1 colors: 93 vertices: 1000 edges 249826 colors_table: () bestIndex: 507 seed: 1135501273
143.75
nthreads: 1 colors: 92 vertices: 1000 edges 249826 colors_table: () bestIndex: 816 seed: 1135501417
166.90
nthreads: 1 colors: 92 vertices: 1000 edges 249826 colors_table: () bestIndex: 1117 seed: 1135501585
188.96
nthreads: 1 colors: 92 vertices: 1000 edges 249826 colors_table: () bestIndex: 1033 seed: 1135501775
183.03
nthreads: 1 colors: 92 vertices: 1000 edges 249826 colors_table: () bestIndex: 1321 seed: 1135501959
201.89
nthreads: 1 colors: 91 vertices: 1000 edges 249826 colors_table: () bestIndex: 1813 seed: 1135502162
236.24
nthreads: 1 colors: 92 vertices: 1000 edges 249826 colors_table: () bestIndex: 754 seed: 1135502399
161.06
nthreads: 1 colors: 92 vertices: 1000 edges 249826 colors_table: () bestIndex: 1641 seed: 1135502562
224.62
nthreads: 1 colors: 92 vertices: 1000 edges 249826 colors_table: () bestIndex: 1786 seed: 1135502787
232.12
nthreads: 1 colors: 92 vertices: 1000 edges 249826 colors_table: () bestIndex: 979 seed: 1135503020
179.40
nthreads: 1 colors: 93 vertices: 1000 edges 249826 colors_table: () bestIndex: 398 seed: 1135503201
136.05
nthreads: 1 colors: 92 vertices: 1000 edges 249826 colors_table: () bestIndex: 1045 seed: 1135503338
182.67
nthreads: 1 colors: 91 vertices: 1000 edges 249826 colors_table: () bestIndex: 2987 seed: 1135503521
285.34
nthreads: 1 colors: 92 vertices: 1000 edges 249826 colors_table: () bestIndex: 711 seed: 1135503808
157.84
nthreads: 1 colors: 92 vertices: 1000 edges 249826 colors_table: () bestIndex: 816 seed: 1135503967
165.87
nthreads: 1 colors: 92 vertices: 1000 edges 249826 colors_table: () bestIndex: 1501 seed: 1135504133
216.65
nthreads: 1 colors: 91 vertices: 1000 edges 249826 colors_table: () bestIndex: 1561 seed: 1135504351
217.26
nthreads: 1 colors: 92 vertices: 1000 edges 249826 colors_table: () bestIndex: 477 seed: 1135504569
143.54
nthreads: 1 colors: 91 vertices: 1000 edges 249826 colors_table: () bestIndex: 1407 seed: 1135504714
206.50
nthreads: 1 colors: 91 vertices: 1000 edges 249826 colors_table: () bestIndex: 1101 seed: 1135504921
187.34
nthreads: 1 colors: 92 vertices: 1000 edges 249826 colors_table: () bestIndex: 1475 seed: 1135505110
212.33
nthreads: 1 colors: 92 vertices: 1000 edges 249826 colors_table: () bestIndex: 1559 seed: 1135505323
220.84
nthreads: 1 colors: 91 vertices: 1000 edges 249826 colors_table: () bestIndex: 2042 seed: 1135505545
256.39
nthreads: 1 colors: 91 vertices: 1000 edges 249826 colors_table: () bestIndex: 1874 seed: 1135505802
240.63
nthreads: 1 colors: 92 vertices: 1000 edges 249826 colors_table: () bestIndex: 1026 seed: 1135506044
183.60
nthreads: 1 colors: 92 vertices: 1000 edges 249826 colors_table: () bestIndex: 824 seed: 1135506229
165.08
nthreads: 1 colors: 92 vertices: 1000 edges 249826 colors_table: () bestIndex: 721 seed: 1135506395
157.88
nthreads: 1 colors: 92 vertices: 1000 edges 249826 colors_table: () bestIndex: 759 seed: 1135506554
160.57
nthreads: 1 colors: 92 vertices: 1000 edges 249826 colors_table: () bestIndex: 1279 seed: 1135506715
196.30
nthreads: 1 colors: 92 vertices: 1000 edges 249826 colors_table: () bestIndex: 1617 seed: 1135506913
220.75
nthreads: 1 colors: 93 vertices: 1000 edges 249826 colors_table: () bestIndex: 656 seed: 1135507134
154.29
nthreads: 1 colors: 91 vertices: 1000 edges 249826 colors_table: () bestIndex: 1660 seed: 1135507290
225.79
nthreads: 1 colors: 93 vertices: 1000 edges 249826 colors_table: () bestIndex: 546 seed: 1135507516
145.15
nthreads: 1 colors: 93 vertices: 1000 edges 249826 colors_table: () bestIndex: 414 seed: 1135507663
136.23
nthreads: 1 colors: 92 vertices: 1000 edges 249826 colors_table: () bestIndex: 710 seed: 1135507800
159.89
nthreads: 1 colors: 92 vertices: 1000 edges 249826 colors_table: () bestIndex: 1568 seed: 1135507961
218.18
nthreads: 1 colors: 92 vertices: 1000 edges 249826 colors_table: () bestIndex: 1432 seed: 1135508180
208.40
nthreads: 1 colors: 91 vertices: 1000 edges 249826 colors_table: () bestIndex: 1736 seed: 1135508389
229.71
nthreads: 1 colors: 93 vertices: 1000 edges 249826 colors_table: () bestIndex: 440 seed: 1135508620
139.11
nthreads: 1 colors: 92 vertices: 1000 edges 249826 colors_table: () bestIndex: 760 seed: 1135508760
163.80
nthreads: 1 colors: 92 vertices: 1000 edges 249826 colors_table: () bestIndex: 1221 seed: 1135508925
194.17
nthreads: 1 colors: 93 vertices: 1000 edges 249826 colors_table: () bestIndex: 624 seed: 1135509120
153.65
nthreads: 1 colors: 91 vertices: 1000 edges 249826 colors_table: () bestIndex: 2308 seed: 1135509275
270.23
nthreads: 1 colors: 91 vertices: 1000 edges 249826 colors_table: () bestIndex: 1746 seed: 1135509546
232.87
nthreads: 1 colors: 92 vertices: 1000 edges 249826 colors_table: () bestIndex: 982 seed: 1135509780
177.50
nthreads: 1 colors: 91 vertices: 1000 edges 249826 colors_table: () bestIndex: 1541 seed: 1135509958
217.52
nthreads: 1 colors: 92 vertices: 1000 edges 249826 colors_table: () bestIndex: 1045 seed: 1135510177
183.74
nthreads: 1 colors: 93 vertices: 1000 edges 249826 colors_table: () bestIndex: 748 seed: 1135510362
161.71
nthreads: 1 colors: 91 vertices: 1000 edges 249826 colors_table: () bestIndex: 2560 seed: 1135510524
288.39
nthreads: 1 colors: 92 vertices: 1000 edges 249826 colors_table: () bestIndex: 927 seed: 1135510814
174.96
nthreads: 1 colors: 92 vertices: 1000 edges 249826 colors_table: () bestIndex: 939 seed: 1135510990
176.09
nthreads: 1 colors: 92 vertices: 1000 edges 249826 colors_table: () bestIndex: 1256 seed: 1135511167
196.34
nthreads: 1 colors: 92 vertices: 1000 edges 249826 colors_table: () bestIndex: 953 seed: 1135511364
178.04
nthreads: 1 colors: 91 vertices: 1000 edges 249826 colors_table: () bestIndex: 1901 seed: 1135511543
243.01
nthreads: 1 colors: 92 vertices: 1000 edges 249826 colors_table: () bestIndex: 841 seed: 1135511787
168.82
nthreads: 1 colors: 92 vertices: 1000 edges 249826 colors_table: () bestIndex: 1713 seed: 1135511957
228.97
nthreads: 1 colors: 92 vertices: 1000 edges 249826 colors_table: () bestIndex: 882 seed: 1135512187
172.28
nthreads: 1 colors: 92 vertices: 1000 edges 249826 colors_table: () bestIndex: 1630 seed: 1135512360
223.18
nthreads: 1 colors: 92 vertices: 1000 edges 249826 colors_table: () bestIndex: 849 seed: 1135512585
169.64
nthreads: 1 colors: 92 vertices: 1000 edges 249826 colors_table: () bestIndex: 1291 seed: 1135512755
199.16
nthreads: 1 colors: 92 vertices: 1000 edges 249826 colors_table: () bestIndex: 1770 seed: 1135512955
236.15
nthreads: 1 colors: 92 vertices: 1000 edges 249826 colors_table: () bestIndex: 640 seed: 1135513193
153.68
nthreads: 1 colors: 92 vertices: 1000 edges 249826 colors_table: () bestIndex: 933 seed: 1135513347
174.01
nthreads: 1 colors: 92 vertices: 1000 edges 249826 colors_table: () bestIndex: 663 seed: 1135513522
157.84
nthreads: 1 colors: 93 vertices: 1000 edges 249826 colors_table: () bestIndex: 404 seed: 1135513681
136.11
nthreads: 1 colors: 92 vertices: 1000 edges 249826 colors_table: () bestIndex: 1886 seed: 1135513818
242.21
nthreads: 1 colors: 92 vertices: 1000 edges 249826 colors_table: () bestIndex: 728 seed: 1135514061
161.30
nthreads: 1 colors: 93 vertices: 1000 edges 249826 colors_table: () bestIndex: 520 seed: 1135514224
145.71
nthreads: 1 colors: 92 vertices: 1000 edges 249826 colors_table: () bestIndex: 969 seed: 1135514371
178.88
nthreads: 1 colors: 91 vertices: 1000 edges 249826 colors_table: () bestIndex: 1358 seed: 1135514550
203.51
nthreads: 1 colors: 92 vertices: 1000 edges 249826 colors_table: () bestIndex: 461 seed: 1135514755
143.44
nthreads: 1 colors: 92 vertices: 1000 edges 249826 colors_table: () bestIndex: 972 seed: 1135514899
177.08
nthreads: 1 colors: 92 vertices: 1000 edges 249826 colors_table: () bestIndex: 754 seed: 1135515077
164.08
nthreads: 1 colors: 92 vertices: 1000 edges 249826 colors_table: () bestIndex: 1428 seed: 1135515243
209.72
nthreads: 1 colors: 92 vertices: 1000 edges 249826 colors_table: () bestIndex: 1850 seed: 1135515453
242.01
nthreads: 1 colors: 92 vertices: 1000 edges 249826 colors_table: () bestIndex: 880 seed: 1135515696
168.70
nthreads: 1 colors: 91 vertices: 1000 edges 249826 colors_table: () bestIndex: 1805 seed: 1135515866
239.65
nthreads: 1 colors: 91 vertices: 1000 edges 249826 colors_table: () bestIndex: 2223 seed: 1135516107
264.22
nthreads: 1 colors: 91 vertices: 1000 edges 249826 colors_table: () bestIndex: 1188 seed: 1135516372
194.90
nthreads: 1 colors: 93 vertices: 1000 edges 249826 colors_table: () bestIndex: 582 seed: 1135516568
149.10
nthreads: 1 colors: 92 vertices: 1000 edges 249826 colors_table: () bestIndex: 924 seed: 1135516718
174.68
nthreads: 1 colors: 92 vertices: 1000 edges 249826 colors_table: () bestIndex: 744 seed: 1135516894
162.36
nthreads: 1 colors: 91 vertices: 1000 edges 249826 colors_table: () bestIndex: 1354 seed: 1135517057
203.20
nthreads: 1 colors: 92 vertices: 1000 edges 249826 colors_table: () bestIndex: 1181 seed: 1135517261
194.48
nthreads: 1 colors: 92 vertices: 1000 edges 249826 colors_table: () bestIndex: 698 seed: 1135517457
158.74
nthreads: 1 colors: 92 vertices: 1000 edges 249826 colors_table: () bestIndex: 1219 seed: 1135517616
195.07
nthreads: 1 colors: 92 vertices: 1000 edges 249826 colors_table: () bestIndex: 1646 seed: 1135517813
226.41
nthreads: 1 colors: 92 vertices: 1000 edges 249826 colors_table: () bestIndex: 849 seed: 1135518040
170.17
nthreads: 1 colors: 92 vertices: 1000 edges 249826 colors_table: () bestIndex: 530 seed: 1135518211
145.99
nthreads: 1 colors: 91 vertices: 1000 edges 249826 colors_table: () bestIndex: 1166 seed: 1135518358
192.66
nthreads: 1 colors: 93 vertices: 1000 edges 249826 colors_table: () bestIndex: 258 seed: 1135518552
129.26
nthreads: 1 colors: 92 vertices: 1000 edges 249826 colors_table: () bestIndex: 610 seed: 1135518682
149.84
nthreads: 1 colors: 92 vertices: 1000 edges 249826 colors_table: () bestIndex: 791 seed: 1135518833
165.81
