latin_square_10.col.b n_loops: 100 n_threads: 1
Mon Jul 24 01:02:43 EDT 2006 /home/thanhvu/nfs/Classic/1225_SameAsPATCHONLY_w_somechangestoprintSol/log_dir//1153714366/latin_square_10.col.b_1153717363.log
Single cedf232c677ebdd3c298dee92578679f /home/thanhvu/nfs/Classic/1225_SameAsPATCHONLY_w_somechangestoprintSol/a.out
nthreads: 1 colors: 101 vertices: 900 edges 307350 colors_table: () bestIndex: 2033 seed: 1153717363
289.34
nthreads: 1 colors: 102 vertices: 900 edges 307350 colors_table: () bestIndex: 1230 seed: 1153717653
223.84
nthreads: 1 colors: 102 vertices: 900 edges 307350 colors_table: () bestIndex: 1874 seed: 1153717878
276.11
nthreads: 1 colors: 101 vertices: 900 edges 307350 colors_table: () bestIndex: 1827 seed: 1153718155
273.04
nthreads: 1 colors: 102 vertices: 900 edges 307350 colors_table: () bestIndex: 1654 seed: 1153718429
257.25
nthreads: 1 colors: 102 vertices: 900 edges 307350 colors_table: () bestIndex: 681 seed: 1153718687
179.26
nthreads: 1 colors: 102 vertices: 900 edges 307350 colors_table: () bestIndex: 629 seed: 1153718868
174.44
nthreads: 1 colors: 102 vertices: 900 edges 307350 colors_table: () bestIndex: 1898 seed: 1153719043
280.58
nthreads: 1 colors: 101 vertices: 900 edges 307350 colors_table: () bestIndex: 1581 seed: 1153719325
251.56
nthreads: 1 colors: 101 vertices: 900 edges 307350 colors_table: () bestIndex: 1923 seed: 1153719577
278.56
nthreads: 1 colors: 102 vertices: 900 edges 307350 colors_table: () bestIndex: 555 seed: 1153719857
169.84
nthreads: 1 colors: 102 vertices: 900 edges 307350 colors_table: () bestIndex: 617 seed: 1153720028
173.94
nthreads: 1 colors: 102 vertices: 900 edges 307350 colors_table: () bestIndex: 1219 seed: 1153720203
223.02
nthreads: 1 colors: 101 vertices: 900 edges 307350 colors_table: () bestIndex: 1045 seed: 1153720427
209.95
nthreads: 1 colors: 103 vertices: 900 edges 307350 colors_table: () bestIndex: 257 seed: 1153720638
144.21
nthreads: 1 colors: 102 vertices: 900 edges 307350 colors_table: () bestIndex: 1140 seed: 1153720783
215.39
nthreads: 1 colors: 101 vertices: 900 edges 307350 colors_table: () bestIndex: 1557 seed: 1153720999
251.42
nthreads: 1 colors: 101 vertices: 900 edges 307350 colors_table: () bestIndex: 1161 seed: 1153721252
218.43
nthreads: 1 colors: 103 vertices: 900 edges 307350 colors_table: () bestIndex: 345 seed: 1153721471
152.35
nthreads: 1 colors: 101 vertices: 900 edges 307350 colors_table: () bestIndex: 1357 seed: 1153721624
235.74
nthreads: 1 colors: 102 vertices: 900 edges 307350 colors_table: () bestIndex: 824 seed: 1153721861
190.29
nthreads: 1 colors: 102 vertices: 900 edges 307350 colors_table: () bestIndex: 1152 seed: 1153722052
216.75
nthreads: 1 colors: 102 vertices: 900 edges 307350 colors_table: () bestIndex: 1190 seed: 1153722270
220.18
nthreads: 1 colors: 103 vertices: 900 edges 307350 colors_table: () bestIndex: 258 seed: 1153722491
145.07
nthreads: 1 colors: 103 vertices: 900 edges 307350 colors_table: () bestIndex: 164 seed: 1153722638
136.31
nthreads: 1 colors: 101 vertices: 900 edges 307350 colors_table: () bestIndex: 3264 seed: 1153722775
328.04
nthreads: 1 colors: 102 vertices: 900 edges 307350 colors_table: () bestIndex: 1235 seed: 1153723104
224.34
nthreads: 1 colors: 102 vertices: 900 edges 307350 colors_table: () bestIndex: 691 seed: 1153723329
180.72
nthreads: 1 colors: 101 vertices: 900 edges 307350 colors_table: () bestIndex: 1354 seed: 1153723511
234.55
nthreads: 1 colors: 101 vertices: 900 edges 307350 colors_table: () bestIndex: 2083 seed: 1153723747
294.85
nthreads: 1 colors: 102 vertices: 900 edges 307350 colors_table: () bestIndex: 686 seed: 1153724042
178.85
nthreads: 1 colors: 104 vertices: 900 edges 307350 colors_table: () bestIndex: 144 seed: 1153724222
128.31
nthreads: 1 colors: 101 vertices: 900 edges 307350 colors_table: () bestIndex: 3149 seed: 1153724352
326.89
nthreads: 1 colors: 101 vertices: 900 edges 307350 colors_table: () bestIndex: 2727 seed: 1153724679
328.06
nthreads: 1 colors: 101 vertices: 900 edges 307350 colors_table: () bestIndex: 247 seed: 1153725009
143.81
nthreads: 1 colors: 102 vertices: 900 edges 307350 colors_table: () bestIndex: 403 seed: 1153725153
156.62
nthreads: 1 colors: 102 vertices: 900 edges 307350 colors_table: () bestIndex: 1021 seed: 1153725311
206.76
nthreads: 1 colors: 102 vertices: 900 edges 307350 colors_table: () bestIndex: 670 seed: 1153725519
177.22
nthreads: 1 colors: 101 vertices: 900 edges 307350 colors_table: () bestIndex: 1164 seed: 1153725697
217.72
nthreads: 1 colors: 102 vertices: 900 edges 307350 colors_table: () bestIndex: 645 seed: 1153725916
176.42
nthreads: 1 colors: 101 vertices: 900 edges 307350 colors_table: () bestIndex: 1613 seed: 1153726093
255.00
nthreads: 1 colors: 101 vertices: 900 edges 307350 colors_table: () bestIndex: 1023 seed: 1153726349
207.50
nthreads: 1 colors: 103 vertices: 900 edges 307350 colors_table: () bestIndex: 383 seed: 1153726558
155.41
nthreads: 1 colors: 101 vertices: 900 edges 307350 colors_table: () bestIndex: 3047 seed: 1153726714
328.21
nthreads: 1 colors: 101 vertices: 900 edges 307350 colors_table: () bestIndex: 1607 seed: 1153727043
254.40
nthreads: 1 colors: 102 vertices: 900 edges 307350 colors_table: () bestIndex: 1211 seed: 1153727299
222.57
nthreads: 1 colors: 103 vertices: 900 edges 307350 colors_table: () bestIndex: 365 seed: 1153727522
152.73
nthreads: 1 colors: 101 vertices: 900 edges 307350 colors_table: () bestIndex: 803 seed: 1153727676
189.15
nthreads: 1 colors: 101 vertices: 900 edges 307350 colors_table: () bestIndex: 458 seed: 1153727866
160.00
nthreads: 1 colors: 101 vertices: 900 edges 307350 colors_table: () bestIndex: 1121 seed: 1153728027
215.62
nthreads: 1 colors: 102 vertices: 900 edges 307350 colors_table: () bestIndex: 1673 seed: 1153728244
259.39
nthreads: 1 colors: 102 vertices: 900 edges 307350 colors_table: () bestIndex: 829 seed: 1153728504
192.20
nthreads: 1 colors: 102 vertices: 900 edges 307350 colors_table: () bestIndex: 1753 seed: 1153728698
268.00
nthreads: 1 colors: 102 vertices: 900 edges 307350 colors_table: () bestIndex: 926 seed: 1153728967
199.75
nthreads: 1 colors: 101 vertices: 900 edges 307350 colors_table: () bestIndex: 1319 seed: 1153729167
231.64
nthreads: 1 colors: 101 vertices: 900 edges 307350 colors_table: () bestIndex: 2163 seed: 1153729400
301.71
nthreads: 1 colors: 102 vertices: 900 edges 307350 colors_table: () bestIndex: 417 seed: 1153729703
157.75
Command exited with non-zero status 10
0.00
Command exited with non-zero status 10
0.00
Command exited with non-zero status 10
0.00
Command exited with non-zero status 10
0.00
Command exited with non-zero status 10
0.00
Command exited with non-zero status 10
0.00
Command exited with non-zero status 10
0.00
Command exited with non-zero status 10
0.00
Command exited with non-zero status 10
0.00
Command exited with non-zero status 10
0.00
Command exited with non-zero status 10
0.00
Command exited with non-zero status 10
0.00
Command exited with non-zero status 10
0.00
Command exited with non-zero status 10
0.00
Command exited with non-zero status 10
0.00
Command exited with non-zero status 10
0.00
Command exited with non-zero status 10
0.00
Command exited with non-zero status 10
0.00
Command exited with non-zero status 10
0.00
Command exited with non-zero status 10
0.00
Command exited with non-zero status 10
0.00
Command exited with non-zero status 10
0.00
Command exited with non-zero status 10
0.00
Command exited with non-zero status 10
0.00
Command exited with non-zero status 10
0.00
Command exited with non-zero status 10
0.00
Command exited with non-zero status 10
0.00
Command exited with non-zero status 10
0.00
Command exited with non-zero status 10
0.00
Command exited with non-zero status 10
0.00
Command exited with non-zero status 10
0.00
Command exited with non-zero status 10
0.00
Command exited with non-zero status 10
0.00
Command exited with non-zero status 10
0.00
Command exited with non-zero status 10
0.00
Command exited with non-zero status 10
0.00
Command exited with non-zero status 10
0.00
Command exited with non-zero status 10
0.00
Command exited with non-zero status 10
0.00
Command exited with non-zero status 10
0.00
Command exited with non-zero status 10
0.00
Command exited with non-zero status 10
0.00
Command exited with non-zero status 10
0.00
