le450_5c.col.b n_loops: 20 n_threads: 1
Sun Dec 25 04:28:28 EST 2005 /home/thanhvu/nfs/Classic/1225_SameAsPATCHONLY_w_somechangestoprintSol/LogGCP20//1135499733/le450_5c.col.b_1135502908.log
Single e3308cd38d8c5eb9b3fc1f01b7fcc13b /home/thanhvu/nfs/Classic/1225_SameAsPATCHONLY_w_somechangestoprintSol/a.out
nthreads: 1 colors: 5 vertices: 450 edges 9803 colors_table: () bestIndex: 0 seed: 1135502908
17.73
nthreads: 1 colors: 5 vertices: 450 edges 9803 colors_table: () bestIndex: 0 seed: 1135502926
16.59
nthreads: 1 colors: 5 vertices: 450 edges 9803 colors_table: () bestIndex: 0 seed: 1135502944
17.33
nthreads: 1 colors: 5 vertices: 450 edges 9803 colors_table: () bestIndex: 0 seed: 1135502962
18.07
nthreads: 1 colors: 5 vertices: 450 edges 9803 colors_table: () bestIndex: 0 seed: 1135502981
16.59
nthreads: 1 colors: 5 vertices: 450 edges 9803 colors_table: () bestIndex: 0 seed: 1135502999
17.39
nthreads: 1 colors: 5 vertices: 450 edges 9803 colors_table: () bestIndex: 0 seed: 1135503017
16.57
nthreads: 1 colors: 5 vertices: 450 edges 9803 colors_table: () bestIndex: 0 seed: 1135503035
17.59
nthreads: 1 colors: 5 vertices: 450 edges 9803 colors_table: () bestIndex: 0 seed: 1135503053
17.07
nthreads: 1 colors: 5 vertices: 450 edges 9803 colors_table: () bestIndex: 0 seed: 1135503072
17.62
nthreads: 1 colors: 5 vertices: 450 edges 9803 colors_table: () bestIndex: 0 seed: 1135503090
17.84
nthreads: 1 colors: 5 vertices: 450 edges 9803 colors_table: () bestIndex: 0 seed: 1135503109
17.31
nthreads: 1 colors: 5 vertices: 450 edges 9803 colors_table: () bestIndex: 0 seed: 1135503127
17.91
nthreads: 1 colors: 5 vertices: 450 edges 9803 colors_table: () bestIndex: 0 seed: 1135503146
16.58
nthreads: 1 colors: 5 vertices: 450 edges 9803 colors_table: () bestIndex: 0 seed: 1135503164
18.04
nthreads: 1 colors: 5 vertices: 450 edges 9803 colors_table: () bestIndex: 0 seed: 1135503183
17.56
nthreads: 1 colors: 5 vertices: 450 edges 9803 colors_table: () bestIndex: 0 seed: 1135503201
17.46
nthreads: 1 colors: 5 vertices: 450 edges 9803 colors_table: () bestIndex: 0 seed: 1135503220
16.50
nthreads: 1 colors: 5 vertices: 450 edges 9803 colors_table: () bestIndex: 0 seed: 1135503237
16.55
nthreads: 1 colors: 5 vertices: 450 edges 9803 colors_table: () bestIndex: 0 seed: 1135503255
16.55
