le450_15a.col.b n_loops: 20 n_threads: 1
Sun Dec 25 03:35:33 EST 2005 /home/thanhvu/nfs/Classic/1225_SameAsPATCHONLY_w_somechangestoprintSol/LogGCP20//1135499733/le450_15a.col.b_1135499733.log
Single e3308cd38d8c5eb9b3fc1f01b7fcc13b /home/thanhvu/nfs/Classic/1225_SameAsPATCHONLY_w_somechangestoprintSol/a.out
nthreads: 1 colors: 15 vertices: 450 edges 8168 colors_table: () bestIndex: 284 seed: 1135499733
22.44
nthreads: 1 colors: 15 vertices: 450 edges 8168 colors_table: () bestIndex: 222 seed: 1135499757
21.73
nthreads: 1 colors: 15 vertices: 450 edges 8168 colors_table: () bestIndex: 374 seed: 1135499780
23.61
nthreads: 1 colors: 15 vertices: 450 edges 8168 colors_table: () bestIndex: 310 seed: 1135499804
22.79
nthreads: 1 colors: 15 vertices: 450 edges 8168 colors_table: () bestIndex: 242 seed: 1135499828
21.75
nthreads: 1 colors: 15 vertices: 450 edges 8168 colors_table: () bestIndex: 148 seed: 1135499851
20.70
nthreads: 1 colors: 15 vertices: 450 edges 8168 colors_table: () bestIndex: 196 seed: 1135499873
21.34
nthreads: 1 colors: 15 vertices: 450 edges 8168 colors_table: () bestIndex: 246 seed: 1135499895
21.97
nthreads: 1 colors: 15 vertices: 450 edges 8168 colors_table: () bestIndex: 130 seed: 1135499918
20.66
nthreads: 1 colors: 15 vertices: 450 edges 8168 colors_table: () bestIndex: 280 seed: 1135499940
22.40
nthreads: 1 colors: 15 vertices: 450 edges 8168 colors_table: () bestIndex: 300 seed: 1135499963
22.88
nthreads: 1 colors: 15 vertices: 450 edges 8168 colors_table: () bestIndex: 220 seed: 1135499987
21.56
nthreads: 1 colors: 15 vertices: 450 edges 8168 colors_table: () bestIndex: 341 seed: 1135500009
23.02
nthreads: 1 colors: 15 vertices: 450 edges 8168 colors_table: () bestIndex: 234 seed: 1135500033
21.82
nthreads: 1 colors: 15 vertices: 450 edges 8168 colors_table: () bestIndex: 360 seed: 1135500056
23.54
nthreads: 1 colors: 15 vertices: 450 edges 8168 colors_table: () bestIndex: 540 seed: 1135500081
25.45
nthreads: 1 colors: 15 vertices: 450 edges 8168 colors_table: () bestIndex: 558 seed: 1135500107
25.76
nthreads: 1 colors: 15 vertices: 450 edges 8168 colors_table: () bestIndex: 211 seed: 1135500134
21.52
nthreads: 1 colors: 15 vertices: 450 edges 8168 colors_table: () bestIndex: 555 seed: 1135500157
25.63
nthreads: 1 colors: 15 vertices: 450 edges 8168 colors_table: () bestIndex: 243 seed: 1135500183
21.81
