le450_25a.col.b n_loops: 20 n_threads: 1
Sun Dec 25 03:51:07 EST 2005 /home/thanhvu/nfs/Classic/1225_SameAsPATCHONLY_w_somechangestoprintSol/LogGCP20//1135499733/le450_25a.col.b_1135500667.log
Single e3308cd38d8c5eb9b3fc1f01b7fcc13b /home/thanhvu/nfs/Classic/1225_SameAsPATCHONLY_w_somechangestoprintSol/a.out
nthreads: 1 colors: 25 vertices: 450 edges 8260 colors_table: () bestIndex: 0 seed: 1135500667
22.78
nthreads: 1 colors: 25 vertices: 450 edges 8260 colors_table: () bestIndex: 0 seed: 1135500691
22.60
nthreads: 1 colors: 25 vertices: 450 edges 8260 colors_table: () bestIndex: 0 seed: 1135500714
22.63
nthreads: 1 colors: 25 vertices: 450 edges 8260 colors_table: () bestIndex: 0 seed: 1135500738
22.65
nthreads: 1 colors: 25 vertices: 450 edges 8260 colors_table: () bestIndex: 0 seed: 1135500762
22.77
nthreads: 1 colors: 25 vertices: 450 edges 8260 colors_table: () bestIndex: 0 seed: 1135500785
22.71
nthreads: 1 colors: 25 vertices: 450 edges 8260 colors_table: () bestIndex: 0 seed: 1135500809
22.67
nthreads: 1 colors: 25 vertices: 450 edges 8260 colors_table: () bestIndex: 0 seed: 1135500833
22.62
nthreads: 1 colors: 25 vertices: 450 edges 8260 colors_table: () bestIndex: 0 seed: 1135500856
22.71
nthreads: 1 colors: 25 vertices: 450 edges 8260 colors_table: () bestIndex: 0 seed: 1135500880
22.76
nthreads: 1 colors: 25 vertices: 450 edges 8260 colors_table: () bestIndex: 0 seed: 1135500904
22.69
nthreads: 1 colors: 25 vertices: 450 edges 8260 colors_table: () bestIndex: 0 seed: 1135500928
22.77
nthreads: 1 colors: 25 vertices: 450 edges 8260 colors_table: () bestIndex: 0 seed: 1135500951
22.69
nthreads: 1 colors: 25 vertices: 450 edges 8260 colors_table: () bestIndex: 0 seed: 1135500975
22.76
nthreads: 1 colors: 25 vertices: 450 edges 8260 colors_table: () bestIndex: 0 seed: 1135500999
22.93
nthreads: 1 colors: 25 vertices: 450 edges 8260 colors_table: () bestIndex: 0 seed: 1135501023
22.71
nthreads: 1 colors: 25 vertices: 450 edges 8260 colors_table: () bestIndex: 0 seed: 1135501046
22.75
nthreads: 1 colors: 25 vertices: 450 edges 8260 colors_table: () bestIndex: 0 seed: 1135501070
22.89
nthreads: 1 colors: 25 vertices: 450 edges 8260 colors_table: () bestIndex: 0 seed: 1135501094
22.80
nthreads: 1 colors: 25 vertices: 450 edges 8260 colors_table: () bestIndex: 0 seed: 1135501118
22.83
