1-FullIns_5.col.b n_loops: 20 n_threads: 1
Sun Dec 25 03:38:16 EST 2005 /home/thanhvu/nfs/Classic/1225_SameAsPATCHONLY_w_somechangestoprintSol/LogGCP20//1135499848/1-FullIns_5.col.b_1135499896.log
Single e3308cd38d8c5eb9b3fc1f01b7fcc13b /home/thanhvu/nfs/Classic/1225_SameAsPATCHONLY_w_somechangestoprintSol/a.out
nthreads: 1 colors: 6 vertices: 282 edges 3247 colors_table: () bestIndex: 0 seed: 1135499896
4.48
nthreads: 1 colors: 6 vertices: 282 edges 3247 colors_table: () bestIndex: 0 seed: 1135499902
4.47
nthreads: 1 colors: 6 vertices: 282 edges 3247 colors_table: () bestIndex: 0 seed: 1135499907
4.44
nthreads: 1 colors: 6 vertices: 282 edges 3247 colors_table: () bestIndex: 0 seed: 1135499913
4.53
nthreads: 1 colors: 6 vertices: 282 edges 3247 colors_table: () bestIndex: 0 seed: 1135499918
4.53
nthreads: 1 colors: 6 vertices: 282 edges 3247 colors_table: () bestIndex: 0 seed: 1135499924
4.47
nthreads: 1 colors: 6 vertices: 282 edges 3247 colors_table: () bestIndex: 0 seed: 1135499929
4.47
nthreads: 1 colors: 6 vertices: 282 edges 3247 colors_table: () bestIndex: 0 seed: 1135499935
4.46
nthreads: 1 colors: 6 vertices: 282 edges 3247 colors_table: () bestIndex: 0 seed: 1135499940
4.41
nthreads: 1 colors: 6 vertices: 282 edges 3247 colors_table: () bestIndex: 0 seed: 1135499946
4.56
nthreads: 1 colors: 6 vertices: 282 edges 3247 colors_table: () bestIndex: 0 seed: 1135499951
4.38
nthreads: 1 colors: 6 vertices: 282 edges 3247 colors_table: () bestIndex: 0 seed: 1135499956
4.45
nthreads: 1 colors: 6 vertices: 282 edges 3247 colors_table: () bestIndex: 0 seed: 1135499962
4.41
nthreads: 1 colors: 6 vertices: 282 edges 3247 colors_table: () bestIndex: 0 seed: 1135499967
4.44
nthreads: 1 colors: 6 vertices: 282 edges 3247 colors_table: () bestIndex: 0 seed: 1135499973
4.42
nthreads: 1 colors: 6 vertices: 282 edges 3247 colors_table: () bestIndex: 0 seed: 1135499978
4.50
nthreads: 1 colors: 6 vertices: 282 edges 3247 colors_table: () bestIndex: 0 seed: 1135499984
4.54
nthreads: 1 colors: 6 vertices: 282 edges 3247 colors_table: () bestIndex: 0 seed: 1135499989
4.49
nthreads: 1 colors: 6 vertices: 282 edges 3247 colors_table: () bestIndex: 0 seed: 1135499995
4.48
nthreads: 1 colors: 6 vertices: 282 edges 3247 colors_table: () bestIndex: 0 seed: 1135500000
4.53
