1-FullIns_4.col.b n_loops: 20 n_threads: 1
Sun Dec 25 03:37:49 EST 2005 /home/thanhvu/nfs/Classic/1225_SameAsPATCHONLY_w_somechangestoprintSol/LogGCP20//1135499848/1-FullIns_4.col.b_1135499869.log
Single e3308cd38d8c5eb9b3fc1f01b7fcc13b /home/thanhvu/nfs/Classic/1225_SameAsPATCHONLY_w_somechangestoprintSol/a.out
nthreads: 1 colors: 5 vertices: 93 edges 593 colors_table: () bestIndex: 0 seed: 1135499869
0.35
nthreads: 1 colors: 5 vertices: 93 edges 593 colors_table: () bestIndex: 0 seed: 1135499870
0.34
nthreads: 1 colors: 5 vertices: 93 edges 593 colors_table: () bestIndex: 0 seed: 1135499871
0.34
nthreads: 1 colors: 5 vertices: 93 edges 593 colors_table: () bestIndex: 0 seed: 1135499873
0.34
nthreads: 1 colors: 5 vertices: 93 edges 593 colors_table: () bestIndex: 0 seed: 1135499874
0.34
nthreads: 1 colors: 5 vertices: 93 edges 593 colors_table: () bestIndex: 0 seed: 1135499876
0.34
nthreads: 1 colors: 5 vertices: 93 edges 593 colors_table: () bestIndex: 0 seed: 1135499877
0.34
nthreads: 1 colors: 5 vertices: 93 edges 593 colors_table: () bestIndex: 0 seed: 1135499878
0.34
nthreads: 1 colors: 5 vertices: 93 edges 593 colors_table: () bestIndex: 0 seed: 1135499880
0.34
nthreads: 1 colors: 5 vertices: 93 edges 593 colors_table: () bestIndex: 0 seed: 1135499881
0.34
nthreads: 1 colors: 5 vertices: 93 edges 593 colors_table: () bestIndex: 0 seed: 1135499882
0.34
nthreads: 1 colors: 5 vertices: 93 edges 593 colors_table: () bestIndex: 0 seed: 1135499884
0.37
nthreads: 1 colors: 5 vertices: 93 edges 593 colors_table: () bestIndex: 0 seed: 1135499885
0.35
nthreads: 1 colors: 5 vertices: 93 edges 593 colors_table: () bestIndex: 0 seed: 1135499886
0.36
nthreads: 1 colors: 5 vertices: 93 edges 593 colors_table: () bestIndex: 0 seed: 1135499888
0.34
nthreads: 1 colors: 5 vertices: 93 edges 593 colors_table: () bestIndex: 0 seed: 1135499889
0.35
nthreads: 1 colors: 5 vertices: 93 edges 593 colors_table: () bestIndex: 0 seed: 1135499891
0.35
nthreads: 1 colors: 5 vertices: 93 edges 593 colors_table: () bestIndex: 0 seed: 1135499892
0.33
nthreads: 1 colors: 5 vertices: 93 edges 593 colors_table: () bestIndex: 0 seed: 1135499893
0.34
nthreads: 1 colors: 5 vertices: 93 edges 593 colors_table: () bestIndex: 0 seed: 1135499895
0.34
