3-FullIns_3.col.b n_loops: 20 n_threads: 1
Sun Dec 25 03:51:27 EST 2005 /home/thanhvu/nfs/Classic/1225_SameAsPATCHONLY_w_somechangestoprintSol/LogGCP20//1135499848/3-FullIns_3.col.b_1135500687.log
Single e3308cd38d8c5eb9b3fc1f01b7fcc13b /home/thanhvu/nfs/Classic/1225_SameAsPATCHONLY_w_somechangestoprintSol/a.out
nthreads: 1 colors: 6 vertices: 80 edges 346 colors_table: () bestIndex: 0 seed: 1135500687
0.21
nthreads: 1 colors: 6 vertices: 80 edges 346 colors_table: () bestIndex: 0 seed: 1135500688
0.22
nthreads: 1 colors: 6 vertices: 80 edges 346 colors_table: () bestIndex: 0 seed: 1135500689
0.22
nthreads: 1 colors: 6 vertices: 80 edges 346 colors_table: () bestIndex: 0 seed: 1135500690
0.21
nthreads: 1 colors: 6 vertices: 80 edges 346 colors_table: () bestIndex: 0 seed: 1135500692
0.22
nthreads: 1 colors: 6 vertices: 80 edges 346 colors_table: () bestIndex: 0 seed: 1135500693
0.22
nthreads: 1 colors: 6 vertices: 80 edges 346 colors_table: () bestIndex: 0 seed: 1135500694
0.21
nthreads: 1 colors: 6 vertices: 80 edges 346 colors_table: () bestIndex: 0 seed: 1135500695
0.21
nthreads: 1 colors: 6 vertices: 80 edges 346 colors_table: () bestIndex: 0 seed: 1135500697
0.22
nthreads: 1 colors: 6 vertices: 80 edges 346 colors_table: () bestIndex: 0 seed: 1135500698
0.22
nthreads: 1 colors: 6 vertices: 80 edges 346 colors_table: () bestIndex: 0 seed: 1135500699
0.22
nthreads: 1 colors: 6 vertices: 80 edges 346 colors_table: () bestIndex: 0 seed: 1135500700
0.21
nthreads: 1 colors: 6 vertices: 80 edges 346 colors_table: () bestIndex: 0 seed: 1135500701
0.21
nthreads: 1 colors: 6 vertices: 80 edges 346 colors_table: () bestIndex: 0 seed: 1135500703
0.21
nthreads: 1 colors: 6 vertices: 80 edges 346 colors_table: () bestIndex: 0 seed: 1135500704
0.22
nthreads: 1 colors: 6 vertices: 80 edges 346 colors_table: () bestIndex: 0 seed: 1135500705
0.22
nthreads: 1 colors: 6 vertices: 80 edges 346 colors_table: () bestIndex: 0 seed: 1135500706
0.21
nthreads: 1 colors: 6 vertices: 80 edges 346 colors_table: () bestIndex: 0 seed: 1135500708
0.21
nthreads: 1 colors: 6 vertices: 80 edges 346 colors_table: () bestIndex: 0 seed: 1135500709
0.22
nthreads: 1 colors: 6 vertices: 80 edges 346 colors_table: () bestIndex: 0 seed: 1135500710
0.21
