3-FullIns_4.col.b n_loops: 20 n_threads: 1
Sun Dec 25 03:51:51 EST 2005 /home/thanhvu/nfs/Classic/1225_SameAsPATCHONLY_w_somechangestoprintSol/LogGCP20//1135499848/3-FullIns_4.col.b_1135500711.log
Single e3308cd38d8c5eb9b3fc1f01b7fcc13b /home/thanhvu/nfs/Classic/1225_SameAsPATCHONLY_w_somechangestoprintSol/a.out
nthreads: 1 colors: 7 vertices: 405 edges 3524 colors_table: () bestIndex: 0 seed: 1135500711
9.21
nthreads: 1 colors: 7 vertices: 405 edges 3524 colors_table: () bestIndex: 0 seed: 1135500722
9.22
nthreads: 1 colors: 7 vertices: 405 edges 3524 colors_table: () bestIndex: 0 seed: 1135500732
9.21
nthreads: 1 colors: 7 vertices: 405 edges 3524 colors_table: () bestIndex: 0 seed: 1135500742
9.20
nthreads: 1 colors: 7 vertices: 405 edges 3524 colors_table: () bestIndex: 0 seed: 1135500752
9.24
nthreads: 1 colors: 7 vertices: 405 edges 3524 colors_table: () bestIndex: 0 seed: 1135500763
9.19
nthreads: 1 colors: 7 vertices: 405 edges 3524 colors_table: () bestIndex: 0 seed: 1135500773
9.21
nthreads: 1 colors: 7 vertices: 405 edges 3524 colors_table: () bestIndex: 0 seed: 1135500783
9.42
nthreads: 1 colors: 7 vertices: 405 edges 3524 colors_table: () bestIndex: 0 seed: 1135500793
9.32
nthreads: 1 colors: 7 vertices: 405 edges 3524 colors_table: () bestIndex: 0 seed: 1135500804
9.32
nthreads: 1 colors: 7 vertices: 405 edges 3524 colors_table: () bestIndex: 0 seed: 1135500814
9.45
nthreads: 1 colors: 7 vertices: 405 edges 3524 colors_table: () bestIndex: 0 seed: 1135500825
9.36
nthreads: 1 colors: 7 vertices: 405 edges 3524 colors_table: () bestIndex: 0 seed: 1135500835
9.35
nthreads: 1 colors: 7 vertices: 405 edges 3524 colors_table: () bestIndex: 0 seed: 1135500845
9.40
nthreads: 1 colors: 7 vertices: 405 edges 3524 colors_table: () bestIndex: 0 seed: 1135500856
9.41
nthreads: 1 colors: 7 vertices: 405 edges 3524 colors_table: () bestIndex: 0 seed: 1135500866
9.33
nthreads: 1 colors: 7 vertices: 405 edges 3524 colors_table: () bestIndex: 0 seed: 1135500877
9.48
nthreads: 1 colors: 7 vertices: 405 edges 3524 colors_table: () bestIndex: 0 seed: 1135500887
9.37
nthreads: 1 colors: 7 vertices: 405 edges 3524 colors_table: () bestIndex: 0 seed: 1135500897
9.24
nthreads: 1 colors: 7 vertices: 405 edges 3524 colors_table: () bestIndex: 0 seed: 1135500908
9.21
