3-Insertions_4.col.b n_loops: 20 n_threads: 1
Sun Dec 25 04:13:01 EST 2005 /home/thanhvu/nfs/Classic/1225_SameAsPATCHONLY_w_somechangestoprintSol/LogGCP20//1135499848/3-Insertions_4.col.b_1135501980.log
Single e3308cd38d8c5eb9b3fc1f01b7fcc13b /home/thanhvu/nfs/Classic/1225_SameAsPATCHONLY_w_somechangestoprintSol/a.out
Command exited with non-zero status 10
0.00
Command exited with non-zero status 10
0.00
Command exited with non-zero status 10
0.00
Command exited with non-zero status 10
0.00
Command exited with non-zero status 10
0.00
Command exited with non-zero status 10
0.00
Command exited with non-zero status 10
0.00
Command exited with non-zero status 10
0.00
Command exited with non-zero status 10
0.00
Command exited with non-zero status 10
0.00
Command exited with non-zero status 10
0.00
Command exited with non-zero status 10
0.00
Command exited with non-zero status 10
0.00
Command exited with non-zero status 10
0.00
Command exited with non-zero status 10
0.00
Command exited with non-zero status 10
0.00
Command exited with non-zero status 10
0.00
Command exited with non-zero status 10
0.00
Command exited with non-zero status 10
0.00
Command exited with non-zero status 10
0.00
