anna.col.b n_loops: 20 n_threads: 1
Sun Dec 25 05:13:13 EST 2005 /home/thanhvu/nfs/Classic/1225_SameAsPATCHONLY_w_somechangestoprintSol/LogGCP20//1135499848/anna.col.b_1135505593.log
Single e3308cd38d8c5eb9b3fc1f01b7fcc13b /home/thanhvu/nfs/Classic/1225_SameAsPATCHONLY_w_somechangestoprintSol/a.out
nthreads: 1 colors: 11 vertices: 138 edges 493 colors_table: () bestIndex: 0 seed: 1135505593
1.25
nthreads: 1 colors: 11 vertices: 138 edges 493 colors_table: () bestIndex: 0 seed: 1135505595
1.24
nthreads: 1 colors: 11 vertices: 138 edges 493 colors_table: () bestIndex: 0 seed: 1135505597
1.26
nthreads: 1 colors: 11 vertices: 138 edges 493 colors_table: () bestIndex: 0 seed: 1135505600
1.25
nthreads: 1 colors: 11 vertices: 138 edges 493 colors_table: () bestIndex: 0 seed: 1135505602
1.26
nthreads: 1 colors: 11 vertices: 138 edges 493 colors_table: () bestIndex: 0 seed: 1135505604
1.25
nthreads: 1 colors: 11 vertices: 138 edges 493 colors_table: () bestIndex: 0 seed: 1135505606
1.25
nthreads: 1 colors: 11 vertices: 138 edges 493 colors_table: () bestIndex: 0 seed: 1135505609
1.25
nthreads: 1 colors: 11 vertices: 138 edges 493 colors_table: () bestIndex: 0 seed: 1135505611
1.25
nthreads: 1 colors: 11 vertices: 138 edges 493 colors_table: () bestIndex: 0 seed: 1135505613
1.27
nthreads: 1 colors: 11 vertices: 138 edges 493 colors_table: () bestIndex: 0 seed: 1135505616
1.24
nthreads: 1 colors: 11 vertices: 138 edges 493 colors_table: () bestIndex: 0 seed: 1135505618
1.24
nthreads: 1 colors: 11 vertices: 138 edges 493 colors_table: () bestIndex: 0 seed: 1135505620
1.25
nthreads: 1 colors: 11 vertices: 138 edges 493 colors_table: () bestIndex: 0 seed: 1135505622
1.25
nthreads: 1 colors: 11 vertices: 138 edges 493 colors_table: () bestIndex: 0 seed: 1135505625
1.25
nthreads: 1 colors: 11 vertices: 138 edges 493 colors_table: () bestIndex: 0 seed: 1135505627
1.25
nthreads: 1 colors: 11 vertices: 138 edges 493 colors_table: () bestIndex: 0 seed: 1135505629
1.27
nthreads: 1 colors: 11 vertices: 138 edges 493 colors_table: () bestIndex: 0 seed: 1135505631
1.25
nthreads: 1 colors: 11 vertices: 138 edges 493 colors_table: () bestIndex: 0 seed: 1135505634
1.27
nthreads: 1 colors: 11 vertices: 138 edges 493 colors_table: () bestIndex: 0 seed: 1135505636
1.27
