david.col.b n_loops: 20 n_threads: 1
Sun Dec 25 05:19:24 EST 2005 /home/thanhvu/nfs/Classic/1225_SameAsPATCHONLY_w_somechangestoprintSol/LogGCP20//1135499848/david.col.b_1135505964.log
Single e3308cd38d8c5eb9b3fc1f01b7fcc13b /home/thanhvu/nfs/Classic/1225_SameAsPATCHONLY_w_somechangestoprintSol/a.out
nthreads: 1 colors: 11 vertices: 87 edges 406 colors_table: () bestIndex: 0 seed: 1135505964
0.42
nthreads: 1 colors: 11 vertices: 87 edges 406 colors_table: () bestIndex: 0 seed: 1135505966
0.42
nthreads: 1 colors: 11 vertices: 87 edges 406 colors_table: () bestIndex: 0 seed: 1135505967
0.43
nthreads: 1 colors: 11 vertices: 87 edges 406 colors_table: () bestIndex: 0 seed: 1135505969
0.43
nthreads: 1 colors: 11 vertices: 87 edges 406 colors_table: () bestIndex: 0 seed: 1135505970
0.43
nthreads: 1 colors: 11 vertices: 87 edges 406 colors_table: () bestIndex: 0 seed: 1135505972
0.43
nthreads: 1 colors: 11 vertices: 87 edges 406 colors_table: () bestIndex: 0 seed: 1135505973
0.42
nthreads: 1 colors: 11 vertices: 87 edges 406 colors_table: () bestIndex: 0 seed: 1135505975
0.42
nthreads: 1 colors: 11 vertices: 87 edges 406 colors_table: () bestIndex: 0 seed: 1135505976
0.43
nthreads: 1 colors: 11 vertices: 87 edges 406 colors_table: () bestIndex: 0 seed: 1135505977
0.43
nthreads: 1 colors: 11 vertices: 87 edges 406 colors_table: () bestIndex: 0 seed: 1135505979
0.43
nthreads: 1 colors: 11 vertices: 87 edges 406 colors_table: () bestIndex: 0 seed: 1135505980
0.43
nthreads: 1 colors: 11 vertices: 87 edges 406 colors_table: () bestIndex: 0 seed: 1135505982
0.43
nthreads: 1 colors: 11 vertices: 87 edges 406 colors_table: () bestIndex: 0 seed: 1135505983
0.43
nthreads: 1 colors: 11 vertices: 87 edges 406 colors_table: () bestIndex: 0 seed: 1135505985
0.43
nthreads: 1 colors: 11 vertices: 87 edges 406 colors_table: () bestIndex: 0 seed: 1135505986
0.42
nthreads: 1 colors: 11 vertices: 87 edges 406 colors_table: () bestIndex: 0 seed: 1135505988
0.43
nthreads: 1 colors: 11 vertices: 87 edges 406 colors_table: () bestIndex: 0 seed: 1135505989
0.43
nthreads: 1 colors: 11 vertices: 87 edges 406 colors_table: () bestIndex: 0 seed: 1135505990
0.43
nthreads: 1 colors: 11 vertices: 87 edges 406 colors_table: () bestIndex: 0 seed: 1135505992
0.43
