DSJC500.1.col.b n_loops: 20 n_threads: 1
Sun Dec 25 05:21:07 EST 2005 /home/thanhvu/nfs/Classic/1225_SameAsPATCHONLY_w_somechangestoprintSol/LogGCP20//1135499848/DSJC500.1.col.b_1135506067.log
Single e3308cd38d8c5eb9b3fc1f01b7fcc13b /home/thanhvu/nfs/Classic/1225_SameAsPATCHONLY_w_somechangestoprintSol/a.out
nthreads: 1 colors: 13 vertices: 500 edges 12458 colors_table: () bestIndex: 42 seed: 1135506067
25.05
nthreads: 1 colors: 13 vertices: 500 edges 12458 colors_table: () bestIndex: 42 seed: 1135506093
24.05
nthreads: 1 colors: 13 vertices: 500 edges 12458 colors_table: () bestIndex: 50 seed: 1135506118
25.27
nthreads: 1 colors: 13 vertices: 500 edges 12458 colors_table: () bestIndex: 48 seed: 1135506145
25.70
nthreads: 1 colors: 13 vertices: 500 edges 12458 colors_table: () bestIndex: 67 seed: 1135506171
25.24
nthreads: 1 colors: 13 vertices: 500 edges 12458 colors_table: () bestIndex: 50 seed: 1135506198
24.47
nthreads: 1 colors: 13 vertices: 500 edges 12458 colors_table: () bestIndex: 50 seed: 1135506223
25.10
nthreads: 1 colors: 13 vertices: 500 edges 12458 colors_table: () bestIndex: 65 seed: 1135506249
24.84
nthreads: 1 colors: 13 vertices: 500 edges 12458 colors_table: () bestIndex: 41 seed: 1135506275
24.65
nthreads: 1 colors: 13 vertices: 500 edges 12458 colors_table: () bestIndex: 53 seed: 1135506301
24.52
nthreads: 1 colors: 13 vertices: 500 edges 12458 colors_table: () bestIndex: 45 seed: 1135506326
24.64
nthreads: 1 colors: 13 vertices: 500 edges 12458 colors_table: () bestIndex: 83 seed: 1135506352
25.10
nthreads: 1 colors: 13 vertices: 500 edges 12458 colors_table: () bestIndex: 63 seed: 1135506378
24.80
nthreads: 1 colors: 13 vertices: 500 edges 12458 colors_table: () bestIndex: 42 seed: 1135506404
23.34
nthreads: 1 colors: 13 vertices: 500 edges 12458 colors_table: () bestIndex: 74 seed: 1135506428
24.38
nthreads: 1 colors: 13 vertices: 500 edges 12458 colors_table: () bestIndex: 58 seed: 1135506454
25.10
nthreads: 1 colors: 13 vertices: 500 edges 12458 colors_table: () bestIndex: 42 seed: 1135506480
24.50
nthreads: 1 colors: 13 vertices: 500 edges 12458 colors_table: () bestIndex: 45 seed: 1135506505
24.84
nthreads: 1 colors: 13 vertices: 500 edges 12458 colors_table: () bestIndex: 42 seed: 1135506531
24.63
nthreads: 1 colors: 13 vertices: 500 edges 12458 colors_table: () bestIndex: 48 seed: 1135506557
25.71
