DSJR500.1.col.b n_loops: 20 n_threads: 1
Sun Dec 25 05:29:44 EST 2005 /home/thanhvu/nfs/Classic/1225_SameAsPATCHONLY_w_somechangestoprintSol/LogGCP20//1135499848/DSJR500.1.col.b_1135506584.log
Single e3308cd38d8c5eb9b3fc1f01b7fcc13b /home/thanhvu/nfs/Classic/1225_SameAsPATCHONLY_w_somechangestoprintSol/a.out
nthreads: 1 colors: 12 vertices: 500 edges 3555 colors_table: () bestIndex: 61 seed: 1135506584
13.95
nthreads: 1 colors: 12 vertices: 500 edges 3555 colors_table: () bestIndex: 61 seed: 1135506599
13.96
nthreads: 1 colors: 12 vertices: 500 edges 3555 colors_table: () bestIndex: 61 seed: 1135506614
13.97
nthreads: 1 colors: 12 vertices: 500 edges 3555 colors_table: () bestIndex: 61 seed: 1135506629
14.32
nthreads: 1 colors: 12 vertices: 500 edges 3555 colors_table: () bestIndex: 61 seed: 1135506644
13.98
nthreads: 1 colors: 12 vertices: 500 edges 3555 colors_table: () bestIndex: 61 seed: 1135506659
14.38
nthreads: 1 colors: 12 vertices: 500 edges 3555 colors_table: () bestIndex: 61 seed: 1135506674
14.67
nthreads: 1 colors: 12 vertices: 500 edges 3555 colors_table: () bestIndex: 61 seed: 1135506690
14.36
nthreads: 1 colors: 12 vertices: 500 edges 3555 colors_table: () bestIndex: 61 seed: 1135506705
14.36
nthreads: 1 colors: 12 vertices: 500 edges 3555 colors_table: () bestIndex: 61 seed: 1135506721
14.26
nthreads: 1 colors: 12 vertices: 500 edges 3555 colors_table: () bestIndex: 61 seed: 1135506736
14.62
nthreads: 1 colors: 12 vertices: 500 edges 3555 colors_table: () bestIndex: 61 seed: 1135506752
14.30
nthreads: 1 colors: 12 vertices: 500 edges 3555 colors_table: () bestIndex: 61 seed: 1135506767
14.35
nthreads: 1 colors: 12 vertices: 500 edges 3555 colors_table: () bestIndex: 61 seed: 1135506782
14.24
nthreads: 1 colors: 12 vertices: 500 edges 3555 colors_table: () bestIndex: 61 seed: 1135506798
14.02
nthreads: 1 colors: 12 vertices: 500 edges 3555 colors_table: () bestIndex: 61 seed: 1135506813
14.52
nthreads: 1 colors: 12 vertices: 500 edges 3555 colors_table: () bestIndex: 62 seed: 1135506828
14.00
nthreads: 1 colors: 12 vertices: 500 edges 3555 colors_table: () bestIndex: 61 seed: 1135506843
14.05
nthreads: 1 colors: 12 vertices: 500 edges 3555 colors_table: () bestIndex: 61 seed: 1135506858
13.94
nthreads: 1 colors: 12 vertices: 500 edges 3555 colors_table: () bestIndex: 61 seed: 1135506873
14.39
