homer.col.b n_loops: 20 n_threads: 1
Sun Dec 25 06:24:06 EST 2005 /home/thanhvu/nfs/Classic/1225_SameAsPATCHONLY_w_somechangestoprintSol/LogGCP20//1135499848/homer.col.b_1135509845.log
Single e3308cd38d8c5eb9b3fc1f01b7fcc13b /home/thanhvu/nfs/Classic/1225_SameAsPATCHONLY_w_somechangestoprintSol/a.out
nthreads: 1 colors: 13 vertices: 561 edges 1628 colors_table: () bestIndex: 0 seed: 1135509846
17.59
nthreads: 1 colors: 13 vertices: 561 edges 1628 colors_table: () bestIndex: 0 seed: 1135509864
17.32
nthreads: 1 colors: 13 vertices: 561 edges 1628 colors_table: () bestIndex: 0 seed: 1135509882
17.30
nthreads: 1 colors: 13 vertices: 561 edges 1628 colors_table: () bestIndex: 0 seed: 1135509901
17.72
nthreads: 1 colors: 13 vertices: 561 edges 1628 colors_table: () bestIndex: 0 seed: 1135509920
17.55
nthreads: 1 colors: 13 vertices: 561 edges 1628 colors_table: () bestIndex: 0 seed: 1135509938
17.31
nthreads: 1 colors: 13 vertices: 561 edges 1628 colors_table: () bestIndex: 0 seed: 1135509956
17.38
nthreads: 1 colors: 13 vertices: 561 edges 1628 colors_table: () bestIndex: 0 seed: 1135509975
17.69
nthreads: 1 colors: 13 vertices: 561 edges 1628 colors_table: () bestIndex: 0 seed: 1135509994
17.64
nthreads: 1 colors: 13 vertices: 561 edges 1628 colors_table: () bestIndex: 0 seed: 1135510012
17.72
nthreads: 1 colors: 13 vertices: 561 edges 1628 colors_table: () bestIndex: 0 seed: 1135510031
17.52
nthreads: 1 colors: 13 vertices: 561 edges 1628 colors_table: () bestIndex: 0 seed: 1135510050
17.47
nthreads: 1 colors: 13 vertices: 561 edges 1628 colors_table: () bestIndex: 0 seed: 1135510068
17.37
nthreads: 1 colors: 13 vertices: 561 edges 1628 colors_table: () bestIndex: 0 seed: 1135510086
17.35
nthreads: 1 colors: 13 vertices: 561 edges 1628 colors_table: () bestIndex: 0 seed: 1135510105
17.62
nthreads: 1 colors: 13 vertices: 561 edges 1628 colors_table: () bestIndex: 0 seed: 1135510123
17.60
nthreads: 1 colors: 13 vertices: 561 edges 1628 colors_table: () bestIndex: 0 seed: 1135510142
17.60
nthreads: 1 colors: 13 vertices: 561 edges 1628 colors_table: () bestIndex: 0 seed: 1135510161
17.44
nthreads: 1 colors: 13 vertices: 561 edges 1628 colors_table: () bestIndex: 0 seed: 1135510179
17.36
nthreads: 1 colors: 13 vertices: 561 edges 1628 colors_table: () bestIndex: 0 seed: 1135510197
17.53
