jean.col.b n_loops: 20 n_threads: 1
Sun Dec 25 06:30:41 EST 2005 /home/thanhvu/nfs/Classic/1225_SameAsPATCHONLY_w_somechangestoprintSol/LogGCP20//1135499848/jean.col.b_1135510241.log
Single e3308cd38d8c5eb9b3fc1f01b7fcc13b /home/thanhvu/nfs/Classic/1225_SameAsPATCHONLY_w_somechangestoprintSol/a.out
nthreads: 1 colors: 10 vertices: 80 edges 254 colors_table: () bestIndex: 0 seed: 1135510241
0.28
nthreads: 1 colors: 10 vertices: 80 edges 254 colors_table: () bestIndex: 0 seed: 1135510242
0.28
nthreads: 1 colors: 10 vertices: 80 edges 254 colors_table: () bestIndex: 0 seed: 1135510244
0.28
nthreads: 1 colors: 10 vertices: 80 edges 254 colors_table: () bestIndex: 0 seed: 1135510245
0.28
nthreads: 1 colors: 10 vertices: 80 edges 254 colors_table: () bestIndex: 0 seed: 1135510246
0.28
nthreads: 1 colors: 10 vertices: 80 edges 254 colors_table: () bestIndex: 0 seed: 1135510248
0.28
nthreads: 1 colors: 10 vertices: 80 edges 254 colors_table: () bestIndex: 0 seed: 1135510249
0.28
nthreads: 1 colors: 10 vertices: 80 edges 254 colors_table: () bestIndex: 0 seed: 1135510250
0.28
nthreads: 1 colors: 10 vertices: 80 edges 254 colors_table: () bestIndex: 0 seed: 1135510251
0.28
nthreads: 1 colors: 10 vertices: 80 edges 254 colors_table: () bestIndex: 0 seed: 1135510253
0.28
nthreads: 1 colors: 10 vertices: 80 edges 254 colors_table: () bestIndex: 0 seed: 1135510254
0.28
nthreads: 1 colors: 10 vertices: 80 edges 254 colors_table: () bestIndex: 0 seed: 1135510255
0.28
nthreads: 1 colors: 10 vertices: 80 edges 254 colors_table: () bestIndex: 0 seed: 1135510257
0.28
nthreads: 1 colors: 10 vertices: 80 edges 254 colors_table: () bestIndex: 0 seed: 1135510258
0.28
nthreads: 1 colors: 10 vertices: 80 edges 254 colors_table: () bestIndex: 0 seed: 1135510259
0.28
nthreads: 1 colors: 10 vertices: 80 edges 254 colors_table: () bestIndex: 0 seed: 1135510260
0.28
nthreads: 1 colors: 10 vertices: 80 edges 254 colors_table: () bestIndex: 0 seed: 1135510262
0.28
nthreads: 1 colors: 10 vertices: 80 edges 254 colors_table: () bestIndex: 0 seed: 1135510263
0.28
nthreads: 1 colors: 10 vertices: 80 edges 254 colors_table: () bestIndex: 0 seed: 1135510264
0.28
nthreads: 1 colors: 10 vertices: 80 edges 254 colors_table: () bestIndex: 0 seed: 1135510266
0.28
