1-Insertions_4.col.b n_loops: 100 n_threads: 1
Mon Jul 24 22:23:23 EDT 2006 /home/thanhvu/nfs/Classic/1225_SameAsPATCHONLY_w_somechangestoprintSol/log_dir//1153794203/1-Insertions_4.col.b_1153794203.log
Single cedf232c677ebdd3c298dee92578679f /home/thanhvu/nfs/Classic/1225_SameAsPATCHONLY_w_somechangestoprintSol/a.out
nthreads: 1 colors: 5 vertices: 67 edges 232 colors_table: () bestIndex: 0 seed: 1153794203
0.12
nthreads: 1 colors: 5 vertices: 67 edges 232 colors_table: () bestIndex: 0 seed: 1153794205
0.12
nthreads: 1 colors: 5 vertices: 67 edges 232 colors_table: () bestIndex: 0 seed: 1153794206
0.12
nthreads: 1 colors: 5 vertices: 67 edges 232 colors_table: () bestIndex: 0 seed: 1153794207
0.14
nthreads: 1 colors: 5 vertices: 67 edges 232 colors_table: () bestIndex: 0 seed: 1153794208
0.12
nthreads: 1 colors: 5 vertices: 67 edges 232 colors_table: () bestIndex: 0 seed: 1153794209
0.12
nthreads: 1 colors: 5 vertices: 67 edges 232 colors_table: () bestIndex: 0 seed: 1153794210
0.12
nthreads: 1 colors: 5 vertices: 67 edges 232 colors_table: () bestIndex: 0 seed: 1153794211
0.12
nthreads: 1 colors: 5 vertices: 67 edges 232 colors_table: () bestIndex: 0 seed: 1153794213
0.12
nthreads: 1 colors: 5 vertices: 67 edges 232 colors_table: () bestIndex: 0 seed: 1153794214
0.12
nthreads: 1 colors: 5 vertices: 67 edges 232 colors_table: () bestIndex: 0 seed: 1153794215
0.12
nthreads: 1 colors: 5 vertices: 67 edges 232 colors_table: () bestIndex: 0 seed: 1153794216
0.12
nthreads: 1 colors: 5 vertices: 67 edges 232 colors_table: () bestIndex: 0 seed: 1153794217
0.12
nthreads: 1 colors: 5 vertices: 67 edges 232 colors_table: () bestIndex: 0 seed: 1153794218
0.12
nthreads: 1 colors: 5 vertices: 67 edges 232 colors_table: () bestIndex: 0 seed: 1153794220
0.12
nthreads: 1 colors: 5 vertices: 67 edges 232 colors_table: () bestIndex: 0 seed: 1153794221
0.12
nthreads: 1 colors: 5 vertices: 67 edges 232 colors_table: () bestIndex: 0 seed: 1153794222
0.12
nthreads: 1 colors: 5 vertices: 67 edges 232 colors_table: () bestIndex: 0 seed: 1153794223
0.12
nthreads: 1 colors: 5 vertices: 67 edges 232 colors_table: () bestIndex: 0 seed: 1153794224
0.12
nthreads: 1 colors: 5 vertices: 67 edges 232 colors_table: () bestIndex: 0 seed: 1153794225
0.12
nthreads: 1 colors: 5 vertices: 67 edges 232 colors_table: () bestIndex: 0 seed: 1153794227
0.12
nthreads: 1 colors: 5 vertices: 67 edges 232 colors_table: () bestIndex: 0 seed: 1153794228
0.12
nthreads: 1 colors: 5 vertices: 67 edges 232 colors_table: () bestIndex: 0 seed: 1153794229
0.12
nthreads: 1 colors: 5 vertices: 67 edges 232 colors_table: () bestIndex: 0 seed: 1153794230
0.12
nthreads: 1 colors: 5 vertices: 67 edges 232 colors_table: () bestIndex: 0 seed: 1153794231
0.12
nthreads: 1 colors: 5 vertices: 67 edges 232 colors_table: () bestIndex: 0 seed: 1153794232
0.12
nthreads: 1 colors: 5 vertices: 67 edges 232 colors_table: () bestIndex: 0 seed: 1153794234
0.12
nthreads: 1 colors: 5 vertices: 67 edges 232 colors_table: () bestIndex: 0 seed: 1153794235
0.12
nthreads: 1 colors: 5 vertices: 67 edges 232 colors_table: () bestIndex: 0 seed: 1153794236
0.12
nthreads: 1 colors: 5 vertices: 67 edges 232 colors_table: () bestIndex: 0 seed: 1153794237
0.14
nthreads: 1 colors: 5 vertices: 67 edges 232 colors_table: () bestIndex: 0 seed: 1153794238
0.12
nthreads: 1 colors: 5 vertices: 67 edges 232 colors_table: () bestIndex: 0 seed: 1153794239
0.12
nthreads: 1 colors: 5 vertices: 67 edges 232 colors_table: () bestIndex: 0 seed: 1153794241
0.12
nthreads: 1 colors: 5 vertices: 67 edges 232 colors_table: () bestIndex: 0 seed: 1153794242
0.12
nthreads: 1 colors: 5 vertices: 67 edges 232 colors_table: () bestIndex: 0 seed: 1153794243
0.12
nthreads: 1 colors: 5 vertices: 67 edges 232 colors_table: () bestIndex: 0 seed: 1153794244
0.12
nthreads: 1 colors: 5 vertices: 67 edges 232 colors_table: () bestIndex: 0 seed: 1153794245
0.12
nthreads: 1 colors: 5 vertices: 67 edges 232 colors_table: () bestIndex: 0 seed: 1153794246
0.12
nthreads: 1 colors: 5 vertices: 67 edges 232 colors_table: () bestIndex: 0 seed: 1153794248
0.14
nthreads: 1 colors: 5 vertices: 67 edges 232 colors_table: () bestIndex: 0 seed: 1153794249
0.12
nthreads: 1 colors: 5 vertices: 67 edges 232 colors_table: () bestIndex: 0 seed: 1153794250
0.12
nthreads: 1 colors: 5 vertices: 67 edges 232 colors_table: () bestIndex: 0 seed: 1153794251
0.12
nthreads: 1 colors: 5 vertices: 67 edges 232 colors_table: () bestIndex: 0 seed: 1153794252
0.12
nthreads: 1 colors: 5 vertices: 67 edges 232 colors_table: () bestIndex: 0 seed: 1153794253
0.12
nthreads: 1 colors: 5 vertices: 67 edges 232 colors_table: () bestIndex: 0 seed: 1153794255
0.12
nthreads: 1 colors: 5 vertices: 67 edges 232 colors_table: () bestIndex: 0 seed: 1153794256
0.12
nthreads: 1 colors: 5 vertices: 67 edges 232 colors_table: () bestIndex: 0 seed: 1153794257
0.12
nthreads: 1 colors: 5 vertices: 67 edges 232 colors_table: () bestIndex: 0 seed: 1153794258
0.12
nthreads: 1 colors: 5 vertices: 67 edges 232 colors_table: () bestIndex: 0 seed: 1153794259
0.12
nthreads: 1 colors: 5 vertices: 67 edges 232 colors_table: () bestIndex: 0 seed: 1153794260
0.12
nthreads: 1 colors: 5 vertices: 67 edges 232 colors_table: () bestIndex: 0 seed: 1153794261
0.12
nthreads: 1 colors: 5 vertices: 67 edges 232 colors_table: () bestIndex: 0 seed: 1153794263
0.12
nthreads: 1 colors: 5 vertices: 67 edges 232 colors_table: () bestIndex: 0 seed: 1153794264
0.13
nthreads: 1 colors: 5 vertices: 67 edges 232 colors_table: () bestIndex: 0 seed: 1153794265
0.12
nthreads: 1 colors: 5 vertices: 67 edges 232 colors_table: () bestIndex: 0 seed: 1153794266
0.12
nthreads: 1 colors: 5 vertices: 67 edges 232 colors_table: () bestIndex: 0 seed: 1153794267
0.12
nthreads: 1 colors: 5 vertices: 67 edges 232 colors_table: () bestIndex: 0 seed: 1153794268
0.12
nthreads: 1 colors: 5 vertices: 67 edges 232 colors_table: () bestIndex: 0 seed: 1153794270
0.12
nthreads: 1 colors: 5 vertices: 67 edges 232 colors_table: () bestIndex: 0 seed: 1153794271
0.12
nthreads: 1 colors: 5 vertices: 67 edges 232 colors_table: () bestIndex: 0 seed: 1153794272
0.12
nthreads: 1 colors: 5 vertices: 67 edges 232 colors_table: () bestIndex: 0 seed: 1153794273
0.12
nthreads: 1 colors: 5 vertices: 67 edges 232 colors_table: () bestIndex: 0 seed: 1153794274
0.12
nthreads: 1 colors: 5 vertices: 67 edges 232 colors_table: () bestIndex: 0 seed: 1153794275
0.12
nthreads: 1 colors: 5 vertices: 67 edges 232 colors_table: () bestIndex: 0 seed: 1153794277
0.12
nthreads: 1 colors: 5 vertices: 67 edges 232 colors_table: () bestIndex: 0 seed: 1153794278
0.12
nthreads: 1 colors: 5 vertices: 67 edges 232 colors_table: () bestIndex: 0 seed: 1153794279
0.12
nthreads: 1 colors: 5 vertices: 67 edges 232 colors_table: () bestIndex: 0 seed: 1153794280
0.12
nthreads: 1 colors: 5 vertices: 67 edges 232 colors_table: () bestIndex: 0 seed: 1153794281
0.12
nthreads: 1 colors: 5 vertices: 67 edges 232 colors_table: () bestIndex: 0 seed: 1153794282
0.12
nthreads: 1 colors: 5 vertices: 67 edges 232 colors_table: () bestIndex: 0 seed: 1153794284
0.12
nthreads: 1 colors: 5 vertices: 67 edges 232 colors_table: () bestIndex: 0 seed: 1153794285
0.12
nthreads: 1 colors: 5 vertices: 67 edges 232 colors_table: () bestIndex: 0 seed: 1153794286
0.12
nthreads: 1 colors: 5 vertices: 67 edges 232 colors_table: () bestIndex: 0 seed: 1153794287
0.12
nthreads: 1 colors: 5 vertices: 67 edges 232 colors_table: () bestIndex: 0 seed: 1153794288
0.12
nthreads: 1 colors: 5 vertices: 67 edges 232 colors_table: () bestIndex: 0 seed: 1153794289
0.12
nthreads: 1 colors: 5 vertices: 67 edges 232 colors_table: () bestIndex: 0 seed: 1153794291
0.12
nthreads: 1 colors: 5 vertices: 67 edges 232 colors_table: () bestIndex: 0 seed: 1153794292
0.13
nthreads: 1 colors: 5 vertices: 67 edges 232 colors_table: () bestIndex: 0 seed: 1153794293
0.12
nthreads: 1 colors: 5 vertices: 67 edges 232 colors_table: () bestIndex: 0 seed: 1153794294
0.12
nthreads: 1 colors: 5 vertices: 67 edges 232 colors_table: () bestIndex: 0 seed: 1153794295
0.12
nthreads: 1 colors: 5 vertices: 67 edges 232 colors_table: () bestIndex: 0 seed: 1153794296
0.12
nthreads: 1 colors: 5 vertices: 67 edges 232 colors_table: () bestIndex: 0 seed: 1153794298
0.13
nthreads: 1 colors: 5 vertices: 67 edges 232 colors_table: () bestIndex: 0 seed: 1153794299
0.12
nthreads: 1 colors: 5 vertices: 67 edges 232 colors_table: () bestIndex: 0 seed: 1153794300
0.12
nthreads: 1 colors: 5 vertices: 67 edges 232 colors_table: () bestIndex: 0 seed: 1153794301
0.12
nthreads: 1 colors: 5 vertices: 67 edges 232 colors_table: () bestIndex: 0 seed: 1153794302
0.12
nthreads: 1 colors: 5 vertices: 67 edges 232 colors_table: () bestIndex: 0 seed: 1153794303
0.12
nthreads: 1 colors: 5 vertices: 67 edges 232 colors_table: () bestIndex: 0 seed: 1153794304
0.13
nthreads: 1 colors: 5 vertices: 67 edges 232 colors_table: () bestIndex: 0 seed: 1153794306
0.12
nthreads: 1 colors: 5 vertices: 67 edges 232 colors_table: () bestIndex: 0 seed: 1153794307
0.12
nthreads: 1 colors: 5 vertices: 67 edges 232 colors_table: () bestIndex: 0 seed: 1153794308
0.12
nthreads: 1 colors: 5 vertices: 67 edges 232 colors_table: () bestIndex: 0 seed: 1153794309
0.12
nthreads: 1 colors: 5 vertices: 67 edges 232 colors_table: () bestIndex: 0 seed: 1153794310
0.12
nthreads: 1 colors: 5 vertices: 67 edges 232 colors_table: () bestIndex: 0 seed: 1153794311
0.12
nthreads: 1 colors: 5 vertices: 67 edges 232 colors_table: () bestIndex: 0 seed: 1153794313
0.12
nthreads: 1 colors: 5 vertices: 67 edges 232 colors_table: () bestIndex: 0 seed: 1153794314
0.12
nthreads: 1 colors: 5 vertices: 67 edges 232 colors_table: () bestIndex: 0 seed: 1153794315
0.12
nthreads: 1 colors: 5 vertices: 67 edges 232 colors_table: () bestIndex: 0 seed: 1153794316
0.12
nthreads: 1 colors: 5 vertices: 67 edges 232 colors_table: () bestIndex: 0 seed: 1153794317
0.12
nthreads: 1 colors: 5 vertices: 67 edges 232 colors_table: () bestIndex: 0 seed: 1153794318
0.12
