1-Insertions_5.col.b n_loops: 100 n_threads: 1
Mon Jul 24 01:03:10 EDT 2006 /home/thanhvu/nfs/Classic/1225_SameAsPATCHONLY_w_somechangestoprintSol/log_dir//1153717273/1-Insertions_5.col.b_1153717390.log
Single cedf232c677ebdd3c298dee92578679f /home/thanhvu/nfs/Classic/1225_SameAsPATCHONLY_w_somechangestoprintSol/a.out
Command exited with non-zero status 10
0.05
Command exited with non-zero status 10
0.01
Command exited with non-zero status 10
0.01
Command exited with non-zero status 10
0.01
Command exited with non-zero status 10
0.01
Command exited with non-zero status 10
0.01
Command exited with non-zero status 10
0.01
Command exited with non-zero status 10
0.01
Command exited with non-zero status 10
0.01
Command exited with non-zero status 10
0.01
Command exited with non-zero status 10
0.01
Command exited with non-zero status 10
0.01
Command exited with non-zero status 10
0.01
Command exited with non-zero status 10
0.01
Command exited with non-zero status 10
0.01
Command exited with non-zero status 10
0.01
Command exited with non-zero status 10
0.01
Command exited with non-zero status 10
0.01
Command exited with non-zero status 10
0.01
Command exited with non-zero status 10
0.01
Command exited with non-zero status 10
0.01
Command exited with non-zero status 10
0.01
Command exited with non-zero status 10
0.01
Command exited with non-zero status 10
0.01
Command exited with non-zero status 10
0.01
Command exited with non-zero status 10
0.01
Command exited with non-zero status 10
0.01
Command exited with non-zero status 10
0.01
Command exited with non-zero status 10
0.01
Command exited with non-zero status 10
0.01
Command exited with non-zero status 10
0.01
Command exited with non-zero status 10
0.01
Command exited with non-zero status 10
0.01
Command exited with non-zero status 10
0.01
Command exited with non-zero status 10
0.01
Command exited with non-zero status 10
0.01
Command exited with non-zero status 10
0.01
Command exited with non-zero status 10
0.01
Command exited with non-zero status 10
0.01
Command exited with non-zero status 10
0.01
Command exited with non-zero status 10
0.01
Command exited with non-zero status 10
0.01
Command exited with non-zero status 10
0.01
Command exited with non-zero status 10
0.01
Command exited with non-zero status 10
0.01
Command exited with non-zero status 10
0.01
Command exited with non-zero status 10
0.01
Command exited with non-zero status 10
0.01
Command exited with non-zero status 10
0.01
Command exited with non-zero status 10
0.01
Command exited with non-zero status 10
0.01
Command exited with non-zero status 10
0.01
Command exited with non-zero status 10
0.01
Command exited with non-zero status 10
0.01
Command exited with non-zero status 10
0.01
Command exited with non-zero status 10
0.01
Command exited with non-zero status 10
0.01
Command exited with non-zero status 10
0.01
Command exited with non-zero status 10
0.01
Command exited with non-zero status 10
0.01
Command exited with non-zero status 10
0.01
Command exited with non-zero status 10
0.01
Command exited with non-zero status 10
0.01
Command exited with non-zero status 10
0.01
Command exited with non-zero status 10
0.01
Command exited with non-zero status 10
0.01
Command exited with non-zero status 10
0.01
Command exited with non-zero status 10
0.01
Command exited with non-zero status 10
0.01
Command exited with non-zero status 10
0.01
Command exited with non-zero status 10
0.01
Command exited with non-zero status 10
0.01
Command exited with non-zero status 10
0.01
Command exited with non-zero status 10
0.01
Command exited with non-zero status 10
0.01
Command exited with non-zero status 10
0.01
Command exited with non-zero status 10
0.01
Command exited with non-zero status 10
0.01
Command exited with non-zero status 10
0.01
Command exited with non-zero status 10
0.01
Command exited with non-zero status 10
0.01
Command exited with non-zero status 10
0.01
Command exited with non-zero status 10
0.01
Command exited with non-zero status 10
0.01
Command exited with non-zero status 10
0.01
Command exited with non-zero status 10
0.01
Command exited with non-zero status 10
0.01
Command exited with non-zero status 10
0.01
Command exited with non-zero status 10
0.01
Command exited with non-zero status 10
0.01
Command exited with non-zero status 10
0.01
Command exited with non-zero status 10
0.01
Command exited with non-zero status 10
0.01
Command exited with non-zero status 10
0.01
Command exited with non-zero status 10
0.01
Command exited with non-zero status 10
0.01
Command exited with non-zero status 10
0.01
Command exited with non-zero status 10
0.01
Command exited with non-zero status 10
0.01
Command exited with non-zero status 10
0.01
