1-FullIns_3.col.b n_loops: 20 n_threads: 1
Sun Dec 25 03:37:28 EST 2005 /home/thanhvu/nfs/Classic/1225_SameAsPATCHONLY_w_somechangestoprintSol/LogGCP20//1135499848/1-FullIns_3.col.b_1135499848.log
Single e3308cd38d8c5eb9b3fc1f01b7fcc13b /home/thanhvu/nfs/Classic/1225_SameAsPATCHONLY_w_somechangestoprintSol/a.out
nthreads: 1 colors: 4 vertices: 30 edges 100 colors_table: () bestIndex: 0 seed: 1135499848
0.02
nthreads: 1 colors: 4 vertices: 30 edges 100 colors_table: () bestIndex: 0 seed: 1135499849
0.02
nthreads: 1 colors: 4 vertices: 30 edges 100 colors_table: () bestIndex: 0 seed: 1135499850
0.02
nthreads: 1 colors: 4 vertices: 30 edges 100 colors_table: () bestIndex: 0 seed: 1135499851
0.02
nthreads: 1 colors: 4 vertices: 30 edges 100 colors_table: () bestIndex: 0 seed: 1135499852
0.02
nthreads: 1 colors: 4 vertices: 30 edges 100 colors_table: () bestIndex: 0 seed: 1135499853
0.02
nthreads: 1 colors: 4 vertices: 30 edges 100 colors_table: () bestIndex: 0 seed: 1135499854
0.02
nthreads: 1 colors: 4 vertices: 30 edges 100 colors_table: () bestIndex: 0 seed: 1135499855
0.02
nthreads: 1 colors: 4 vertices: 30 edges 100 colors_table: () bestIndex: 0 seed: 1135499856
0.02
nthreads: 1 colors: 4 vertices: 30 edges 100 colors_table: () bestIndex: 0 seed: 1135499857
0.02
nthreads: 1 colors: 4 vertices: 30 edges 100 colors_table: () bestIndex: 0 seed: 1135499858
0.02
nthreads: 1 colors: 4 vertices: 30 edges 100 colors_table: () bestIndex: 0 seed: 1135499859
0.02
nthreads: 1 colors: 4 vertices: 30 edges 100 colors_table: () bestIndex: 0 seed: 1135499860
0.02
nthreads: 1 colors: 4 vertices: 30 edges 100 colors_table: () bestIndex: 0 seed: 1135499861
0.02
nthreads: 1 colors: 4 vertices: 30 edges 100 colors_table: () bestIndex: 0 seed: 1135499862
0.02
nthreads: 1 colors: 4 vertices: 30 edges 100 colors_table: () bestIndex: 0 seed: 1135499863
0.02
nthreads: 1 colors: 4 vertices: 30 edges 100 colors_table: () bestIndex: 0 seed: 1135499864
0.02
nthreads: 1 colors: 4 vertices: 30 edges 100 colors_table: () bestIndex: 0 seed: 1135499866
0.02
nthreads: 1 colors: 4 vertices: 30 edges 100 colors_table: () bestIndex: 0 seed: 1135499867
0.02
nthreads: 1 colors: 4 vertices: 30 edges 100 colors_table: () bestIndex: 0 seed: 1135499868
0.02
