2-FullIns_3.col.b n_loops: 20 n_threads: 1
Sun Dec 25 03:41:08 EST 2005 /home/thanhvu/nfs/Classic/1225_SameAsPATCHONLY_w_somechangestoprintSol/LogGCP20//1135499848/2-FullIns_3.col.b_1135500068.log
Single e3308cd38d8c5eb9b3fc1f01b7fcc13b /home/thanhvu/nfs/Classic/1225_SameAsPATCHONLY_w_somechangestoprintSol/a.out
nthreads: 1 colors: 5 vertices: 52 edges 201 colors_table: () bestIndex: 0 seed: 1135500068
0.14
nthreads: 1 colors: 5 vertices: 52 edges 201 colors_table: () bestIndex: 0 seed: 1135500069
0.07
nthreads: 1 colors: 5 vertices: 52 edges 201 colors_table: () bestIndex: 0 seed: 1135500070
0.06
nthreads: 1 colors: 5 vertices: 52 edges 201 colors_table: () bestIndex: 0 seed: 1135500071
0.06
nthreads: 1 colors: 5 vertices: 52 edges 201 colors_table: () bestIndex: 0 seed: 1135500072
0.06
nthreads: 1 colors: 5 vertices: 52 edges 201 colors_table: () bestIndex: 0 seed: 1135500073
0.06
nthreads: 1 colors: 5 vertices: 52 edges 201 colors_table: () bestIndex: 0 seed: 1135500074
0.07
nthreads: 1 colors: 5 vertices: 52 edges 201 colors_table: () bestIndex: 0 seed: 1135500075
0.06
nthreads: 1 colors: 5 vertices: 52 edges 201 colors_table: () bestIndex: 0 seed: 1135500077
0.06
nthreads: 1 colors: 5 vertices: 52 edges 201 colors_table: () bestIndex: 0 seed: 1135500078
0.06
nthreads: 1 colors: 5 vertices: 52 edges 201 colors_table: () bestIndex: 0 seed: 1135500079
0.07
nthreads: 1 colors: 5 vertices: 52 edges 201 colors_table: () bestIndex: 0 seed: 1135500080
0.06
nthreads: 1 colors: 5 vertices: 52 edges 201 colors_table: () bestIndex: 0 seed: 1135500081
0.07
nthreads: 1 colors: 5 vertices: 52 edges 201 colors_table: () bestIndex: 0 seed: 1135500082
0.06
nthreads: 1 colors: 5 vertices: 52 edges 201 colors_table: () bestIndex: 0 seed: 1135500083
0.06
nthreads: 1 colors: 5 vertices: 52 edges 201 colors_table: () bestIndex: 0 seed: 1135500084
0.06
nthreads: 1 colors: 5 vertices: 52 edges 201 colors_table: () bestIndex: 0 seed: 1135500085
0.07
nthreads: 1 colors: 5 vertices: 52 edges 201 colors_table: () bestIndex: 0 seed: 1135500086
0.06
nthreads: 1 colors: 5 vertices: 52 edges 201 colors_table: () bestIndex: 0 seed: 1135500087
0.07
nthreads: 1 colors: 5 vertices: 52 edges 201 colors_table: () bestIndex: 0 seed: 1135500088
0.06
