2-Insertions_5.col.b n_loops: 20 n_threads: 1
Sun Dec 25 03:51:06 EST 2005 /home/thanhvu/nfs/Classic/1225_SameAsPATCHONLY_w_somechangestoprintSol/LogGCP20//1135499848/2-Insertions_5.col.b_1135500666.log
Single e3308cd38d8c5eb9b3fc1f01b7fcc13b /home/thanhvu/nfs/Classic/1225_SameAsPATCHONLY_w_somechangestoprintSol/a.out
Command exited with non-zero status 10
0.00
Command exited with non-zero status 10
0.00
Command exited with non-zero status 10
0.00
Command exited with non-zero status 10
0.00
Command exited with non-zero status 10
0.00
Command exited with non-zero status 10
0.00
Command exited with non-zero status 10
0.00
Command exited with non-zero status 10
0.00
Command exited with non-zero status 10
0.00
Command exited with non-zero status 10
0.00
Command exited with non-zero status 10
0.00
Command exited with non-zero status 10
0.00
Command exited with non-zero status 10
0.00
Command exited with non-zero status 10
0.00
Command exited with non-zero status 10
0.00
Command exited with non-zero status 10
0.00
Command exited with non-zero status 10
0.00
Command exited with non-zero status 10
0.00
Command exited with non-zero status 10
0.00
Command exited with non-zero status 10
0.00
