3-FullIns_5.col.b n_loops: 20 n_threads: 1
Sun Dec 25 03:55:18 EST 2005 /home/thanhvu/nfs/Classic/1225_SameAsPATCHONLY_w_somechangestoprintSol/LogGCP20//1135499848/3-FullIns_5.col.b_1135500918.log
Single e3308cd38d8c5eb9b3fc1f01b7fcc13b /home/thanhvu/nfs/Classic/1225_SameAsPATCHONLY_w_somechangestoprintSol/a.out
nthreads: 1 colors: 8 vertices: 2030 edges 33751 colors_table: () bestIndex: 0 seed: 1135500918
50.97
nthreads: 1 colors: 8 vertices: 2030 edges 33751 colors_table: () bestIndex: 0 seed: 1135500970
51.12
nthreads: 1 colors: 8 vertices: 2030 edges 33751 colors_table: () bestIndex: 0 seed: 1135501022
51.11
nthreads: 1 colors: 8 vertices: 2030 edges 33751 colors_table: () bestIndex: 0 seed: 1135501074
50.99
nthreads: 1 colors: 8 vertices: 2030 edges 33751 colors_table: () bestIndex: 0 seed: 1135501126
50.77
nthreads: 1 colors: 8 vertices: 2030 edges 33751 colors_table: () bestIndex: 0 seed: 1135501178
50.78
nthreads: 1 colors: 8 vertices: 2030 edges 33751 colors_table: () bestIndex: 0 seed: 1135501230
51.39
nthreads: 1 colors: 8 vertices: 2030 edges 33751 colors_table: () bestIndex: 0 seed: 1135501282
51.23
nthreads: 1 colors: 8 vertices: 2030 edges 33751 colors_table: () bestIndex: 0 seed: 1135501335
51.12
nthreads: 1 colors: 8 vertices: 2030 edges 33751 colors_table: () bestIndex: 0 seed: 1135501387
51.22
nthreads: 1 colors: 8 vertices: 2030 edges 33751 colors_table: () bestIndex: 0 seed: 1135501439
51.21
nthreads: 1 colors: 8 vertices: 2030 edges 33751 colors_table: () bestIndex: 0 seed: 1135501491
51.24
nthreads: 1 colors: 8 vertices: 2030 edges 33751 colors_table: () bestIndex: 0 seed: 1135501543
51.03
nthreads: 1 colors: 8 vertices: 2030 edges 33751 colors_table: () bestIndex: 0 seed: 1135501596
51.08
nthreads: 1 colors: 8 vertices: 2030 edges 33751 colors_table: () bestIndex: 0 seed: 1135501648
51.05
nthreads: 1 colors: 8 vertices: 2030 edges 33751 colors_table: () bestIndex: 0 seed: 1135501700
51.30
nthreads: 1 colors: 8 vertices: 2030 edges 33751 colors_table: () bestIndex: 0 seed: 1135501752
50.97
nthreads: 1 colors: 8 vertices: 2030 edges 33751 colors_table: () bestIndex: 0 seed: 1135501804
50.94
nthreads: 1 colors: 8 vertices: 2030 edges 33751 colors_table: () bestIndex: 0 seed: 1135501856
50.82
nthreads: 1 colors: 8 vertices: 2030 edges 33751 colors_table: () bestIndex: 0 seed: 1135501908
51.12
