4-FullIns_3.col.b n_loops: 20 n_threads: 1
Sun Dec 25 04:13:42 EST 2005 /home/thanhvu/nfs/Classic/1225_SameAsPATCHONLY_w_somechangestoprintSol/LogGCP20//1135499848/4-FullIns_3.col.b_1135502022.log
Single e3308cd38d8c5eb9b3fc1f01b7fcc13b /home/thanhvu/nfs/Classic/1225_SameAsPATCHONLY_w_somechangestoprintSol/a.out
nthreads: 1 colors: 7 vertices: 114 edges 541 colors_table: () bestIndex: 0 seed: 1135502022
0.58
nthreads: 1 colors: 7 vertices: 114 edges 541 colors_table: () bestIndex: 0 seed: 1135502023
0.59
nthreads: 1 colors: 7 vertices: 114 edges 541 colors_table: () bestIndex: 0 seed: 1135502025
0.58
nthreads: 1 colors: 7 vertices: 114 edges 541 colors_table: () bestIndex: 0 seed: 1135502027
0.58
nthreads: 1 colors: 7 vertices: 114 edges 541 colors_table: () bestIndex: 0 seed: 1135502028
0.57
nthreads: 1 colors: 7 vertices: 114 edges 541 colors_table: () bestIndex: 0 seed: 1135502030
0.59
nthreads: 1 colors: 7 vertices: 114 edges 541 colors_table: () bestIndex: 0 seed: 1135502031
0.59
nthreads: 1 colors: 7 vertices: 114 edges 541 colors_table: () bestIndex: 0 seed: 1135502033
0.58
nthreads: 1 colors: 7 vertices: 114 edges 541 colors_table: () bestIndex: 0 seed: 1135502035
0.57
nthreads: 1 colors: 7 vertices: 114 edges 541 colors_table: () bestIndex: 0 seed: 1135502036
0.58
nthreads: 1 colors: 7 vertices: 114 edges 541 colors_table: () bestIndex: 0 seed: 1135502038
0.58
nthreads: 1 colors: 7 vertices: 114 edges 541 colors_table: () bestIndex: 0 seed: 1135502039
0.57
nthreads: 1 colors: 7 vertices: 114 edges 541 colors_table: () bestIndex: 0 seed: 1135502041
0.57
nthreads: 1 colors: 7 vertices: 114 edges 541 colors_table: () bestIndex: 0 seed: 1135502043
0.58
nthreads: 1 colors: 7 vertices: 114 edges 541 colors_table: () bestIndex: 0 seed: 1135502044
0.57
nthreads: 1 colors: 7 vertices: 114 edges 541 colors_table: () bestIndex: 0 seed: 1135502046
0.57
nthreads: 1 colors: 7 vertices: 114 edges 541 colors_table: () bestIndex: 0 seed: 1135502047
0.60
nthreads: 1 colors: 7 vertices: 114 edges 541 colors_table: () bestIndex: 0 seed: 1135502049
0.58
nthreads: 1 colors: 7 vertices: 114 edges 541 colors_table: () bestIndex: 0 seed: 1135502051
0.58
nthreads: 1 colors: 7 vertices: 114 edges 541 colors_table: () bestIndex: 0 seed: 1135502052
0.57
