fpsol2.i.3.col.b n_loops: 20 n_threads: 1
Sun Dec 25 06:09:09 EST 2005 /home/thanhvu/nfs/Classic/1225_SameAsPATCHONLY_w_somechangestoprintSol/LogGCP20//1135499848/fpsol2.i.3.col.b_1135508949.log
Single e3308cd38d8c5eb9b3fc1f01b7fcc13b /home/thanhvu/nfs/Classic/1225_SameAsPATCHONLY_w_somechangestoprintSol/a.out
nthreads: 1 colors: 30 vertices: 425 edges 8688 colors_table: () bestIndex: 0 seed: 1135508949
41.66
nthreads: 1 colors: 30 vertices: 425 edges 8688 colors_table: () bestIndex: 0 seed: 1135508992
42.27
nthreads: 1 colors: 30 vertices: 425 edges 8688 colors_table: () bestIndex: 0 seed: 1135509035
42.55
nthreads: 1 colors: 30 vertices: 425 edges 8688 colors_table: () bestIndex: 0 seed: 1135509078
41.75
nthreads: 1 colors: 30 vertices: 425 edges 8688 colors_table: () bestIndex: 0 seed: 1135509121
41.77
nthreads: 1 colors: 30 vertices: 425 edges 8688 colors_table: () bestIndex: 0 seed: 1135509164
42.59
nthreads: 1 colors: 30 vertices: 425 edges 8688 colors_table: () bestIndex: 0 seed: 1135509208
42.57
nthreads: 1 colors: 30 vertices: 425 edges 8688 colors_table: () bestIndex: 0 seed: 1135509251
42.51
nthreads: 1 colors: 30 vertices: 425 edges 8688 colors_table: () bestIndex: 0 seed: 1135509295
42.56
nthreads: 1 colors: 30 vertices: 425 edges 8688 colors_table: () bestIndex: 0 seed: 1135509338
42.62
nthreads: 1 colors: 30 vertices: 425 edges 8688 colors_table: () bestIndex: 0 seed: 1135509382
42.58
nthreads: 1 colors: 30 vertices: 425 edges 8688 colors_table: () bestIndex: 0 seed: 1135509426
42.04
nthreads: 1 colors: 30 vertices: 425 edges 8688 colors_table: () bestIndex: 0 seed: 1135509469
41.74
nthreads: 1 colors: 30 vertices: 425 edges 8688 colors_table: () bestIndex: 0 seed: 1135509511
41.95
nthreads: 1 colors: 30 vertices: 425 edges 8688 colors_table: () bestIndex: 0 seed: 1135509554
42.42
nthreads: 1 colors: 30 vertices: 425 edges 8688 colors_table: () bestIndex: 0 seed: 1135509598
41.72
nthreads: 1 colors: 30 vertices: 425 edges 8688 colors_table: () bestIndex: 0 seed: 1135509641
41.64
nthreads: 1 colors: 30 vertices: 425 edges 8688 colors_table: () bestIndex: 0 seed: 1135509683
41.51
nthreads: 1 colors: 30 vertices: 425 edges 8688 colors_table: () bestIndex: 0 seed: 1135509726
42.53
nthreads: 1 colors: 30 vertices: 425 edges 8688 colors_table: () bestIndex: 0 seed: 1135509769
41.79
