fpsol2.i.1.col.b n_loops: 20 n_threads: 1
Sun Dec 25 05:34:49 EST 2005 /home/thanhvu/nfs/Classic/1225_SameAsPATCHONLY_w_somechangestoprintSol/LogGCP20//1135499848/fpsol2.i.1.col.b_1135506889.log
Single e3308cd38d8c5eb9b3fc1f01b7fcc13b /home/thanhvu/nfs/Classic/1225_SameAsPATCHONLY_w_somechangestoprintSol/a.out
nthreads: 1 colors: 65 vertices: 496 edges 11654 colors_table: () bestIndex: 0 seed: 1135506889
53.71
nthreads: 1 colors: 65 vertices: 496 edges 11654 colors_table: () bestIndex: 0 seed: 1135506944
53.78
nthreads: 1 colors: 65 vertices: 496 edges 11654 colors_table: () bestIndex: 0 seed: 1135506998
53.15
nthreads: 1 colors: 65 vertices: 496 edges 11654 colors_table: () bestIndex: 0 seed: 1135507053
53.32
nthreads: 1 colors: 65 vertices: 496 edges 11654 colors_table: () bestIndex: 0 seed: 1135507107
55.31
nthreads: 1 colors: 65 vertices: 496 edges 11654 colors_table: () bestIndex: 0 seed: 1135507163
54.86
nthreads: 1 colors: 65 vertices: 496 edges 11654 colors_table: () bestIndex: 0 seed: 1135507219
54.15
nthreads: 1 colors: 65 vertices: 496 edges 11654 colors_table: () bestIndex: 0 seed: 1135507274
55.44
nthreads: 1 colors: 65 vertices: 496 edges 11654 colors_table: () bestIndex: 0 seed: 1135507331
53.11
nthreads: 1 colors: 65 vertices: 496 edges 11654 colors_table: () bestIndex: 0 seed: 1135507385
56.23
nthreads: 1 colors: 65 vertices: 496 edges 11654 colors_table: () bestIndex: 0 seed: 1135507442
53.78
nthreads: 1 colors: 65 vertices: 496 edges 11654 colors_table: () bestIndex: 0 seed: 1135507497
55.68
nthreads: 1 colors: 65 vertices: 496 edges 11654 colors_table: () bestIndex: 0 seed: 1135507554
53.40
nthreads: 1 colors: 65 vertices: 496 edges 11654 colors_table: () bestIndex: 0 seed: 1135507608
53.32
nthreads: 1 colors: 65 vertices: 496 edges 11654 colors_table: () bestIndex: 0 seed: 1135507662
53.79
nthreads: 1 colors: 65 vertices: 496 edges 11654 colors_table: () bestIndex: 0 seed: 1135507717
53.26
nthreads: 1 colors: 65 vertices: 496 edges 11654 colors_table: () bestIndex: 0 seed: 1135507771
53.73
nthreads: 1 colors: 65 vertices: 496 edges 11654 colors_table: () bestIndex: 0 seed: 1135507826
53.14
nthreads: 1 colors: 65 vertices: 496 edges 11654 colors_table: () bestIndex: 0 seed: 1135507880
53.64
nthreads: 1 colors: 65 vertices: 496 edges 11654 colors_table: () bestIndex: 0 seed: 1135507935
53.25
