games120.col.b n_loops: 20 n_threads: 1
Sun Dec 25 06:23:32 EST 2005 /home/thanhvu/nfs/Classic/1225_SameAsPATCHONLY_w_somechangestoprintSol/LogGCP20//1135499848/games120.col.b_1135509812.log
Single e3308cd38d8c5eb9b3fc1f01b7fcc13b /home/thanhvu/nfs/Classic/1225_SameAsPATCHONLY_w_somechangestoprintSol/a.out
nthreads: 1 colors: 9 vertices: 120 edges 638 colors_table: () bestIndex: 0 seed: 1135509812
0.65
nthreads: 1 colors: 9 vertices: 120 edges 638 colors_table: () bestIndex: 0 seed: 1135509814
0.65
nthreads: 1 colors: 9 vertices: 120 edges 638 colors_table: () bestIndex: 0 seed: 1135509815
0.65
nthreads: 1 colors: 9 vertices: 120 edges 638 colors_table: () bestIndex: 0 seed: 1135509817
0.64
nthreads: 1 colors: 9 vertices: 120 edges 638 colors_table: () bestIndex: 0 seed: 1135509819
0.64
nthreads: 1 colors: 9 vertices: 120 edges 638 colors_table: () bestIndex: 0 seed: 1135509820
0.64
nthreads: 1 colors: 9 vertices: 120 edges 638 colors_table: () bestIndex: 0 seed: 1135509822
0.64
nthreads: 1 colors: 9 vertices: 120 edges 638 colors_table: () bestIndex: 0 seed: 1135509824
0.64
nthreads: 1 colors: 9 vertices: 120 edges 638 colors_table: () bestIndex: 0 seed: 1135509825
0.64
nthreads: 1 colors: 9 vertices: 120 edges 638 colors_table: () bestIndex: 0 seed: 1135509827
0.64
nthreads: 1 colors: 9 vertices: 120 edges 638 colors_table: () bestIndex: 0 seed: 1135509829
0.65
nthreads: 1 colors: 9 vertices: 120 edges 638 colors_table: () bestIndex: 0 seed: 1135509830
0.64
nthreads: 1 colors: 9 vertices: 120 edges 638 colors_table: () bestIndex: 0 seed: 1135509832
0.64
nthreads: 1 colors: 9 vertices: 120 edges 638 colors_table: () bestIndex: 0 seed: 1135509834
0.64
nthreads: 1 colors: 9 vertices: 120 edges 638 colors_table: () bestIndex: 0 seed: 1135509835
0.64
nthreads: 1 colors: 9 vertices: 120 edges 638 colors_table: () bestIndex: 0 seed: 1135509837
0.65
nthreads: 1 colors: 9 vertices: 120 edges 638 colors_table: () bestIndex: 0 seed: 1135509839
0.64
nthreads: 1 colors: 9 vertices: 120 edges 638 colors_table: () bestIndex: 0 seed: 1135509840
0.65
nthreads: 1 colors: 9 vertices: 120 edges 638 colors_table: () bestIndex: 0 seed: 1135509842
0.65
nthreads: 1 colors: 9 vertices: 120 edges 638 colors_table: () bestIndex: 0 seed: 1135509844
0.65
