huck.col.b n_loops: 20 n_threads: 1
Sun Dec 25 06:30:16 EST 2005 /home/thanhvu/nfs/Classic/1225_SameAsPATCHONLY_w_somechangestoprintSol/LogGCP20//1135499848/huck.col.b_1135510216.log
Single e3308cd38d8c5eb9b3fc1f01b7fcc13b /home/thanhvu/nfs/Classic/1225_SameAsPATCHONLY_w_somechangestoprintSol/a.out
nthreads: 1 colors: 11 vertices: 74 edges 301 colors_table: () bestIndex: 0 seed: 1135510216
0.22
nthreads: 1 colors: 11 vertices: 74 edges 301 colors_table: () bestIndex: 0 seed: 1135510217
0.22
nthreads: 1 colors: 11 vertices: 74 edges 301 colors_table: () bestIndex: 0 seed: 1135510219
0.22
nthreads: 1 colors: 11 vertices: 74 edges 301 colors_table: () bestIndex: 0 seed: 1135510220
0.22
nthreads: 1 colors: 11 vertices: 74 edges 301 colors_table: () bestIndex: 0 seed: 1135510221
0.22
nthreads: 1 colors: 11 vertices: 74 edges 301 colors_table: () bestIndex: 0 seed: 1135510222
0.22
nthreads: 1 colors: 11 vertices: 74 edges 301 colors_table: () bestIndex: 0 seed: 1135510224
0.22
nthreads: 1 colors: 11 vertices: 74 edges 301 colors_table: () bestIndex: 0 seed: 1135510225
0.22
nthreads: 1 colors: 11 vertices: 74 edges 301 colors_table: () bestIndex: 0 seed: 1135510226
0.22
nthreads: 1 colors: 11 vertices: 74 edges 301 colors_table: () bestIndex: 0 seed: 1135510227
0.22
nthreads: 1 colors: 11 vertices: 74 edges 301 colors_table: () bestIndex: 0 seed: 1135510229
0.22
nthreads: 1 colors: 11 vertices: 74 edges 301 colors_table: () bestIndex: 0 seed: 1135510230
0.22
nthreads: 1 colors: 11 vertices: 74 edges 301 colors_table: () bestIndex: 0 seed: 1135510231
0.22
nthreads: 1 colors: 11 vertices: 74 edges 301 colors_table: () bestIndex: 0 seed: 1135510232
0.22
nthreads: 1 colors: 11 vertices: 74 edges 301 colors_table: () bestIndex: 0 seed: 1135510233
0.22
nthreads: 1 colors: 11 vertices: 74 edges 301 colors_table: () bestIndex: 0 seed: 1135510235
0.22
nthreads: 1 colors: 11 vertices: 74 edges 301 colors_table: () bestIndex: 0 seed: 1135510236
0.22
nthreads: 1 colors: 11 vertices: 74 edges 301 colors_table: () bestIndex: 0 seed: 1135510237
0.22
nthreads: 1 colors: 11 vertices: 74 edges 301 colors_table: () bestIndex: 0 seed: 1135510238
0.22
nthreads: 1 colors: 11 vertices: 74 edges 301 colors_table: () bestIndex: 0 seed: 1135510240
0.22
