DSJC250.5.col.b n_loops: 100 n_threads: 1
Sun Dec 25 14:37:27 EST 2005 /home/thanhvu/nfs/Classic/1225_SameAsPATCHONLY_w_somechangestoprintSol/LogGCP100//1135538896/DSJC250.5.col.b_1135539446.log
Single e3308cd38d8c5eb9b3fc1f01b7fcc13b /home/thanhvu/nfs/Classic/1225_SameAsPATCHONLY_w_somechangestoprintSol/a.out
nthreads: 1 colors: 29 vertices: 250 edges 15668 colors_table: () bestIndex: 300 seed: 1135539447
11.41
nthreads: 1 colors: 30 vertices: 250 edges 15668 colors_table: () bestIndex: 104 seed: 1135539459
9.28
nthreads: 1 colors: 29 vertices: 250 edges 15668 colors_table: () bestIndex: 548 seed: 1135539469
14.03
nthreads: 1 colors: 29 vertices: 250 edges 15668 colors_table: () bestIndex: 644 seed: 1135539484
15.12
nthreads: 1 colors: 29 vertices: 250 edges 15668 colors_table: () bestIndex: 957 seed: 1135539500
16.13
nthreads: 1 colors: 29 vertices: 250 edges 15668 colors_table: () bestIndex: 373 seed: 1135539518
12.05
nthreads: 1 colors: 30 vertices: 250 edges 15668 colors_table: () bestIndex: 139 seed: 1135539531
9.64
nthreads: 1 colors: 29 vertices: 250 edges 15668 colors_table: () bestIndex: 322 seed: 1135539541
11.61
nthreads: 1 colors: 29 vertices: 250 edges 15668 colors_table: () bestIndex: 362 seed: 1135539554
11.96
nthreads: 1 colors: 29 vertices: 250 edges 15668 colors_table: () bestIndex: 403 seed: 1135539567
12.52
nthreads: 1 colors: 29 vertices: 250 edges 15668 colors_table: () bestIndex: 539 seed: 1135539581
13.84
nthreads: 1 colors: 30 vertices: 250 edges 15668 colors_table: () bestIndex: 123 seed: 1135539595
9.53
nthreads: 1 colors: 29 vertices: 250 edges 15668 colors_table: () bestIndex: 812 seed: 1135539606
16.12
nthreads: 1 colors: 29 vertices: 250 edges 15668 colors_table: () bestIndex: 473 seed: 1135539623
13.28
nthreads: 1 colors: 29 vertices: 250 edges 15668 colors_table: () bestIndex: 253 seed: 1135539637
10.99
nthreads: 1 colors: 29 vertices: 250 edges 15668 colors_table: () bestIndex: 642 seed: 1135539649
14.92
nthreads: 1 colors: 29 vertices: 250 edges 15668 colors_table: () bestIndex: 327 seed: 1135539665
11.60
nthreads: 1 colors: 29 vertices: 250 edges 15668 colors_table: () bestIndex: 820 seed: 1135539678
16.31
nthreads: 1 colors: 29 vertices: 250 edges 15668 colors_table: () bestIndex: 354 seed: 1135539695
11.97
nthreads: 1 colors: 29 vertices: 250 edges 15668 colors_table: () bestIndex: 512 seed: 1135539708
13.51
nthreads: 1 colors: 29 vertices: 250 edges 15668 colors_table: () bestIndex: 549 seed: 1135539723
14.05
nthreads: 1 colors: 29 vertices: 250 edges 15668 colors_table: () bestIndex: 204 seed: 1135539738
10.44
nthreads: 1 colors: 29 vertices: 250 edges 15668 colors_table: () bestIndex: 363 seed: 1135539749
12.15
nthreads: 1 colors: 30 vertices: 250 edges 15668 colors_table: () bestIndex: 101 seed: 1135539762
9.19
nthreads: 1 colors: 29 vertices: 250 edges 15668 colors_table: () bestIndex: 145 seed: 1135539773
9.75
nthreads: 1 colors: 29 vertices: 250 edges 15668 colors_table: () bestIndex: 209 seed: 1135539783
10.24
nthreads: 1 colors: 29 vertices: 250 edges 15668 colors_table: () bestIndex: 269 seed: 1135539795
11.08
nthreads: 1 colors: 29 vertices: 250 edges 15668 colors_table: () bestIndex: 428 seed: 1135539807
12.81
nthreads: 1 colors: 30 vertices: 250 edges 15668 colors_table: () bestIndex: 112 seed: 1135539821
9.24
nthreads: 1 colors: 29 vertices: 250 edges 15668 colors_table: () bestIndex: 351 seed: 1135539831
12.09
nthreads: 1 colors: 29 vertices: 250 edges 15668 colors_table: () bestIndex: 404 seed: 1135539844
12.40
nthreads: 1 colors: 30 vertices: 250 edges 15668 colors_table: () bestIndex: 103 seed: 1135539857
9.18
nthreads: 1 colors: 29 vertices: 250 edges 15668 colors_table: () bestIndex: 166 seed: 1135539868
9.90
nthreads: 1 colors: 29 vertices: 250 edges 15668 colors_table: () bestIndex: 279 seed: 1135539879
11.05
nthreads: 1 colors: 29 vertices: 250 edges 15668 colors_table: () bestIndex: 560 seed: 1135539891
14.27
nthreads: 1 colors: 29 vertices: 250 edges 15668 colors_table: () bestIndex: 326 seed: 1135539906
11.64
nthreads: 1 colors: 29 vertices: 250 edges 15668 colors_table: () bestIndex: 381 seed: 1135539919
12.16
nthreads: 1 colors: 29 vertices: 250 edges 15668 colors_table: () bestIndex: 414 seed: 1135539932
12.71
nthreads: 1 colors: 29 vertices: 250 edges 15668 colors_table: () bestIndex: 607 seed: 1135539945
14.74
nthreads: 1 colors: 29 vertices: 250 edges 15668 colors_table: () bestIndex: 214 seed: 1135539961
10.29
nthreads: 1 colors: 29 vertices: 250 edges 15668 colors_table: () bestIndex: 299 seed: 1135539973
11.52
nthreads: 1 colors: 29 vertices: 250 edges 15668 colors_table: () bestIndex: 722 seed: 1135539985
16.05
nthreads: 1 colors: 29 vertices: 250 edges 15668 colors_table: () bestIndex: 443 seed: 1135540002
13.05
nthreads: 1 colors: 29 vertices: 250 edges 15668 colors_table: () bestIndex: 771 seed: 1135540016
16.17
nthreads: 1 colors: 30 vertices: 250 edges 15668 colors_table: () bestIndex: 119 seed: 1135540033
9.42
nthreads: 1 colors: 29 vertices: 250 edges 15668 colors_table: () bestIndex: 461 seed: 1135540044
13.12
nthreads: 1 colors: 29 vertices: 250 edges 15668 colors_table: () bestIndex: 691 seed: 1135540058
15.64
nthreads: 1 colors: 29 vertices: 250 edges 15668 colors_table: () bestIndex: 676 seed: 1135540075
15.20
nthreads: 1 colors: 30 vertices: 250 edges 15668 colors_table: () bestIndex: 101 seed: 1135540091
9.03
nthreads: 1 colors: 29 vertices: 250 edges 15668 colors_table: () bestIndex: 299 seed: 1135540101
11.37
nthreads: 1 colors: 29 vertices: 250 edges 15668 colors_table: () bestIndex: 100 seed: 1135540113
9.28
nthreads: 1 colors: 29 vertices: 250 edges 15668 colors_table: () bestIndex: 397 seed: 1135540124
12.40
nthreads: 1 colors: 29 vertices: 250 edges 15668 colors_table: () bestIndex: 320 seed: 1135540137
11.67
nthreads: 1 colors: 29 vertices: 250 edges 15668 colors_table: () bestIndex: 239 seed: 1135540150
10.87
nthreads: 1 colors: 29 vertices: 250 edges 15668 colors_table: () bestIndex: 323 seed: 1135540162
11.72
nthreads: 1 colors: 28 vertices: 250 edges 15668 colors_table: () bestIndex: 687 seed: 1135540174
15.49
nthreads: 1 colors: 29 vertices: 250 edges 15668 colors_table: () bestIndex: 415 seed: 1135540191
12.55
nthreads: 1 colors: 29 vertices: 250 edges 15668 colors_table: () bestIndex: 656 seed: 1135540204
15.11
nthreads: 1 colors: 29 vertices: 250 edges 15668 colors_table: () bestIndex: 365 seed: 1135540221
12.07
nthreads: 1 colors: 29 vertices: 250 edges 15668 colors_table: () bestIndex: 416 seed: 1135540234
12.68
nthreads: 1 colors: 29 vertices: 250 edges 15668 colors_table: () bestIndex: 400 seed: 1135540247
12.53
nthreads: 1 colors: 29 vertices: 250 edges 15668 colors_table: () bestIndex: 689 seed: 1135540261
15.53
nthreads: 1 colors: 29 vertices: 250 edges 15668 colors_table: () bestIndex: 411 seed: 1135540277
12.70
nthreads: 1 colors: 29 vertices: 250 edges 15668 colors_table: () bestIndex: 317 seed: 1135540291
11.70
nthreads: 1 colors: 28 vertices: 250 edges 15668 colors_table: () bestIndex: 865 seed: 1135540304
16.12
nthreads: 1 colors: 29 vertices: 250 edges 15668 colors_table: () bestIndex: 332 seed: 1135540321
11.53
nthreads: 1 colors: 29 vertices: 250 edges 15668 colors_table: () bestIndex: 241 seed: 1135540334
10.79
nthreads: 1 colors: 29 vertices: 250 edges 15668 colors_table: () bestIndex: 499 seed: 1135540345
13.53
nthreads: 1 colors: 30 vertices: 250 edges 15668 colors_table: () bestIndex: 107 seed: 1135540360
9.21
nthreads: 1 colors: 29 vertices: 250 edges 15668 colors_table: () bestIndex: 915 seed: 1135540370
16.13
nthreads: 1 colors: 29 vertices: 250 edges 15668 colors_table: () bestIndex: 406 seed: 1135540387
12.54
nthreads: 1 colors: 30 vertices: 250 edges 15668 colors_table: () bestIndex: 113 seed: 1135540401
9.29
nthreads: 1 colors: 29 vertices: 250 edges 15668 colors_table: () bestIndex: 215 seed: 1135540411
10.59
nthreads: 1 colors: 29 vertices: 250 edges 15668 colors_table: () bestIndex: 186 seed: 1135540423
10.21
nthreads: 1 colors: 29 vertices: 250 edges 15668 colors_table: () bestIndex: 387 seed: 1135540434
12.36
nthreads: 1 colors: 29 vertices: 250 edges 15668 colors_table: () bestIndex: 232 seed: 1135540447
10.70
nthreads: 1 colors: 29 vertices: 250 edges 15668 colors_table: () bestIndex: 212 seed: 1135540459
10.55
nthreads: 1 colors: 29 vertices: 250 edges 15668 colors_table: () bestIndex: 470 seed: 1135540471
13.15
nthreads: 1 colors: 29 vertices: 250 edges 15668 colors_table: () bestIndex: 311 seed: 1135540485
11.50
nthreads: 1 colors: 29 vertices: 250 edges 15668 colors_table: () bestIndex: 375 seed: 1135540497
12.07
nthreads: 1 colors: 29 vertices: 250 edges 15668 colors_table: () bestIndex: 587 seed: 1135540510
14.52
nthreads: 1 colors: 29 vertices: 250 edges 15668 colors_table: () bestIndex: 346 seed: 1135540526
11.88
nthreads: 1 colors: 29 vertices: 250 edges 15668 colors_table: () bestIndex: 302 seed: 1135540539
11.43
nthreads: 1 colors: 29 vertices: 250 edges 15668 colors_table: () bestIndex: 789 seed: 1135540551
16.21
nthreads: 1 colors: 29 vertices: 250 edges 15668 colors_table: () bestIndex: 253 seed: 1135540569
10.91
nthreads: 1 colors: 30 vertices: 250 edges 15668 colors_table: () bestIndex: 190 seed: 1135540580
10.11
nthreads: 1 colors: 29 vertices: 250 edges 15668 colors_table: () bestIndex: 471 seed: 1135540592
13.32
nthreads: 1 colors: 29 vertices: 250 edges 15668 colors_table: () bestIndex: 122 seed: 1135540606
9.61
nthreads: 1 colors: 29 vertices: 250 edges 15668 colors_table: () bestIndex: 562 seed: 1135540617
14.30
nthreads: 1 colors: 29 vertices: 250 edges 15668 colors_table: () bestIndex: 504 seed: 1135540632
13.52
nthreads: 1 colors: 29 vertices: 250 edges 15668 colors_table: () bestIndex: 691 seed: 1135540646
15.59
nthreads: 1 colors: 29 vertices: 250 edges 15668 colors_table: () bestIndex: 641 seed: 1135540663
15.15
nthreads: 1 colors: 29 vertices: 250 edges 15668 colors_table: () bestIndex: 285 seed: 1135540679
11.22
nthreads: 1 colors: 30 vertices: 250 edges 15668 colors_table: () bestIndex: 101 seed: 1135540691
9.23
nthreads: 1 colors: 29 vertices: 250 edges 15668 colors_table: () bestIndex: 662 seed: 1135540702
15.25
nthreads: 1 colors: 29 vertices: 250 edges 15668 colors_table: () bestIndex: 453 seed: 1135540718
13.01
nthreads: 1 colors: 29 vertices: 250 edges 15668 colors_table: () bestIndex: 527 seed: 1135540732
13.81
nthreads: 1 colors: 29 vertices: 250 edges 15668 colors_table: () bestIndex: 323 seed: 1135540747
11.71
nthreads: 1 colors: 29 vertices: 250 edges 15668 colors_table: () bestIndex: 417 seed: 1135540760
12.64
nthreads: 1 colors: 30 vertices: 250 edges 15668 colors_table: () bestIndex: 101 seed: 1135540773
9.17
